cpu-bind=MASK - n2cn0940, task  0  0 [518230]: mask |--------|--------||--------|--------||--------|--------||--------|--------||||--------|--------||--------|--------||-BBBB---|--------||--------|--------|  set
started at Thu Mar 16 14:48:02 CET 2023
Timecheck 780773.418771422
Set parameter TokenServer to value "license3.uni-paderborn.de"
Warning: Gurobi version mismatch between Python 10.0.1 and C library 10.0.0
Timecheck 780773.527476224
Timecheck 780773.527701154
Timecheck 780773.527738165
Timecheck 780773.527765435


####################################################################################################
Solve scenario sce_5_26_3 with cyclic vessel operation
####################################################################################################
Data preprocessing, load /upb/departments/pc2/groups/hpc-prf-winf4/dwetzel/SILSRP/inst_final/sce_5_26_3
and create additional sets and parameters
	|- Read vessel information, number of vessels:	12
	|- Read node information, number of nodes:		557
	|- Read arc information
		|- Number of sailing arcs:			3267
		|- Number of transshipment arcs:	1079
	|- Read container information
		|- Number of demands:		1704
		|- Number of empties (+/-):	260/226
	|- Create additional sets and parameters

Data preprocessing took 	00:00:01.234
####################################################################################################
Create linear model
	|- Create variables, took	00:00:01.861
	|- Create objective, took	00:00:01.186
	|- Create constraints, took	00:00:04.750

Creating model took	00:00:07.797
####################################################################################################
####################################################################################################
Solve optimization model

Set parameter TimeLimit to value 86400
Set parameter Threads to value 4
Gurobi Optimizer version 10.0.0 build v10.0.0rc2 (linux64)

CPU model: AMD EPYC 7763 64-Core Processor, instruction set [SSE2|AVX|AVX2]
Thread count: 128 physical cores, 128 logical processors, using up to 4 threads

Optimize a model with 84353 rows, 436071 columns and 1348701 nonzeros
Model fingerprint: 0xb6e006e9
Coefficient statistics:
  Matrix range     [1e+00, 9e+02]
  Objective range  [1e+00, 1e+00]
  Bounds range     [1e+00, 3e+02]
  RHS range        [1e+00, 2e+07]
Presolve removed 77738 rows and 413361 columns
Presolve time: 0.45s
Presolved: 6615 rows, 23060 columns, 61631 nonzeros

Concurrent LP optimizer: dual simplex and barrier
Showing barrier log only...

Ordering time: 0.01s

Barrier statistics:
 AA' NZ     : 4.073e+04
 Factor NZ  : 1.884e+05 (roughly 14 MB of memory)
 Factor Ops : 1.626e+07 (less than 1 second per iteration)
 Threads    : 3

                  Objective                Residual
Iter       Primal          Dual         Primal    Dual     Compl     Time
   0   3.47453368e+09 -2.27741105e+09  3.28e+05 7.87e+02  3.03e+06     0s
   1   1.56839045e+09 -1.78736587e+09  1.39e+05 2.22e+02  1.30e+06     0s
   2   1.92419631e+08 -1.30612530e+09  1.13e+04 5.36e+00  1.32e+05     0s

Barrier performed 2 iterations in 0.49 seconds (0.45 work units)
Barrier solve interrupted - model solved by another algorithm


Solved with dual simplex
Extra simplex iterations after uncrush: 3
Iteration    Objective       Primal Inf.    Dual Inf.      Time
    3314    3.8228095e+07   0.000000e+00   0.000000e+00      1s

Solved in 3314 iterations and 0.68 seconds (0.58 work units)
Optimal objective  3.822809500e+07

Solving took 	00:00:00.818
####################################################################################################
####################################################################################################
####################################################################################################
Found optimal solution
####################################################################################################
Description                          Value
----------------------------  ------------
Objective (min)               38,228,095.0
Cost sailing                  18,495,059.0
Cost port visits              15,953,337.0
Cost transshipment (demands)   3,477,393.0
Cost transshipment (empties)     771,871.0
Penalty delayed demands        3,358,599.0
Revenue Empties                3,828,164.0
####################################################################################################
Export solution
####################################################################################################
Overall time 	00:00:10.364

real	0m14.790s
user	0m10.870s
sys	0m0.865s
finished at Thu Mar 16 14:48:17 CET 2023
