cpu-bind=MASK - n2cn0940, task  0  0 [518253]: mask |--------|--------||--------|--------||--------|--------||--------|--------||||--------|--------||--------|--------||-----BBB|B-------||--------|--------|  set
started at Thu Mar 16 14:48:02 CET 2023
Timecheck 780773.418788142
Set parameter TokenServer to value "license3.uni-paderborn.de"
Warning: Gurobi version mismatch between Python 10.0.1 and C library 10.0.0
Timecheck 780773.527477733
Timecheck 780773.527702034
Timecheck 780773.527737705
Timecheck 780773.527763235


####################################################################################################
Solve scenario sce_6_26_1 with cyclic vessel operation
####################################################################################################
Data preprocessing, load /upb/departments/pc2/groups/hpc-prf-winf4/dwetzel/SILSRP/inst_final/sce_6_26_1
and create additional sets and parameters
	|- Read vessel information, number of vessels:	17
	|- Read node information, number of nodes:		848
	|- Read arc information
		|- Number of sailing arcs:			9152
		|- Number of transshipment arcs:	1583
	|- Read container information
		|- Number of demands:		4505
		|- Number of empties (+/-):	437/371
	|- Create additional sets and parameters

Data preprocessing took 	00:00:07.499
####################################################################################################
Create linear model
	|- Create variables, took	00:00:16.961
	|- Create objective, took	00:00:08.713
	|- Create constraints, took	00:00:28.142

Creating model took	00:00:53.861
####################################################################################################
####################################################################################################
Solve optimization model

Set parameter TimeLimit to value 86400
Set parameter Threads to value 4
Gurobi Optimizer version 10.0.0 build v10.0.0rc2 (linux64)

CPU model: AMD EPYC 7763 64-Core Processor, instruction set [SSE2|AVX|AVX2]
Thread count: 128 physical cores, 128 logical processors, using up to 4 threads

Optimize a model with 408037 rows, 3573966 columns and 10935273 nonzeros
Model fingerprint: 0x447db60a
Coefficient statistics:
  Matrix range     [1e+00, 1e+03]
  Objective range  [1e+00, 1e+00]
  Bounds range     [1e+00, 5e+02]
  RHS range        [1e+00, 3e+07]
Presolve removed 372022 rows and 3456043 columns
Presolve time: 3.52s
Presolved: 36015 rows, 118484 columns, 341288 nonzeros

Concurrent LP optimizer: dual simplex and barrier
Showing barrier log only...

Ordering time: 0.12s

Barrier statistics:
 AA' NZ     : 2.504e+05
 Factor NZ  : 1.105e+06 (roughly 70 MB of memory)
 Factor Ops : 8.434e+07 (less than 1 second per iteration)
 Threads    : 3

                  Objective                Residual
Iter       Primal          Dual         Primal    Dual     Compl     Time
   0   2.09692018e+10 -7.68863408e+09  1.05e+06 9.96e+02  4.28e+06     4s
   1   8.50403937e+09 -5.97703484e+09  4.20e+05 2.12e+02  1.73e+06     4s
   2   1.09403526e+09 -4.47874728e+09  4.84e+04 6.79e+00  2.15e+05     4s
   3   2.59949162e+08 -2.60149436e+09  7.22e+03 1.41e+00  3.88e+04     4s

Barrier performed 3 iterations in 3.89 seconds (3.51 work units)
Barrier solve interrupted - model solved by another algorithm


Solved with dual simplex
Extra simplex iterations after uncrush: 17
Iteration    Objective       Primal Inf.    Dual Inf.      Time
   15020    6.5373615e+07   0.000000e+00   0.000000e+00      5s

Solved in 15020 iterations and 5.36 seconds (4.93 work units)
Optimal objective  6.537361500e+07

Solving took 	00:00:06.324
####################################################################################################
####################################################################################################
####################################################################################################
Found optimal solution
####################################################################################################
Description                          Value
----------------------------  ------------
Objective (min)               65,373,615.0
Cost sailing                  27,246,210.0
Cost port visits              28,842,976.0
Cost transshipment (demands)   7,236,048.0
Cost transshipment (empties)     558,841.0
Penalty delayed demands        6,394,230.0
Revenue Empties                4,904,690.0
####################################################################################################
Export solution
####################################################################################################
Overall time 	00:01:10.696

real	1m15.245s
user	1m10.744s
sys	0m2.394s
finished at Thu Mar 16 14:49:17 CET 2023
