cpu-bind=MASK - n2cn0940, task  0  0 [518252]: mask |--------|--------||--------|--------||--------|--------||--------|--------||||--------|--------||-BBBB---|--------||--------|--------||--------|--------|  set
started at Thu Mar 16 14:48:02 CET 2023
Timecheck 780773.418160739
Set parameter TokenServer to value "license3.uni-paderborn.de"
Warning: Gurobi version mismatch between Python 10.0.1 and C library 10.0.0
Timecheck 780778.516461802
Timecheck 780778.516708623
Timecheck 780778.516739893
Timecheck 780778.516760323


####################################################################################################
Solve scenario sce_4_26_2 with cyclic vessel operation
####################################################################################################
Data preprocessing, load /upb/departments/pc2/groups/hpc-prf-winf4/dwetzel/SILSRP/inst_final/sce_4_26_2
and create additional sets and parameters
	|- Read vessel information, number of vessels:	11
	|- Read node information, number of nodes:		610
	|- Read arc information
		|- Number of sailing arcs:			4126
		|- Number of transshipment arcs:	803
	|- Read container information
		|- Number of demands:		2847
		|- Number of empties (+/-):	309/278
	|- Create additional sets and parameters

Data preprocessing took 	00:00:02.695
####################################################################################################
Create linear model
	|- Create variables, took	00:00:04.909
	|- Create objective, took	00:00:02.785
	|- Create constraints, took	00:00:11.413

Creating model took	00:00:19.108
####################################################################################################
####################################################################################################
Solve optimization model

Set parameter TimeLimit to value 86400
Set parameter Threads to value 4
Gurobi Optimizer version 10.0.0 build v10.0.0rc2 (linux64)

CPU model: AMD EPYC 7763 64-Core Processor, instruction set [SSE2|AVX|AVX2]
Thread count: 128 physical cores, 128 logical processors, using up to 4 threads

Optimize a model with 186945 rows, 1100085 columns and 3377917 nonzeros
Model fingerprint: 0x1e10957f
Coefficient statistics:
  Matrix range     [1e+00, 9e+02]
  Objective range  [1e+00, 1e+00]
  Bounds range     [1e+00, 5e+02]
  RHS range        [1e+00, 2e+07]
Presolve removed 170243 rows and 1049391 columns
Presolve time: 1.07s
Presolved: 16702 rows, 51115 columns, 167586 nonzeros

Concurrent LP optimizer: dual simplex and barrier
Showing barrier log only...

Ordering time: 0.05s

Barrier statistics:
 AA' NZ     : 1.251e+05
 Factor NZ  : 4.823e+05 (roughly 30 MB of memory)
 Factor Ops : 2.617e+07 (less than 1 second per iteration)
 Threads    : 3

                  Objective                Residual
Iter       Primal          Dual         Primal    Dual     Compl     Time
   0   9.14401035e+09 -5.07310744e+09  6.95e+05 9.96e+02  4.29e+06     1s
   1   2.95933130e+09 -3.68881070e+09  2.20e+05 2.48e+02  1.38e+06     1s
   2   3.53085721e+08 -2.61623503e+09  2.10e+04 9.41e+00  1.55e+05     1s
   3   9.53173273e+07 -1.24623254e+09  1.79e+03 4.29e-01  2.45e+04     1s

Barrier performed 3 iterations in 1.22 seconds (1.16 work units)
Barrier solve interrupted - model solved by another algorithm


Solved with dual simplex
Extra simplex iterations after uncrush: 11
Iteration    Objective       Primal Inf.    Dual Inf.      Time
    7346    3.9534574e+07   0.000000e+00   0.000000e+00      2s

Solved in 7346 iterations and 1.70 seconds (1.56 work units)
Optimal objective  3.953457400e+07

Solving took 	00:00:02.020
####################################################################################################
####################################################################################################
####################################################################################################
Found optimal solution
####################################################################################################
Description                          Value
----------------------------  ------------
Objective (min)               39,534,574.0
Cost sailing                  18,839,826.0
Cost port visits              12,171,068.0
Cost transshipment (demands)   5,783,791.0
Cost transshipment (empties)     390,828.0
Penalty delayed demands        5,710,140.0
Revenue Empties                3,361,079.0
####################################################################################################
Export solution
####################################################################################################
Overall time 	00:00:25.022

real	0m34.481s
user	0m26.204s
sys	0m1.196s
finished at Thu Mar 16 14:48:37 CET 2023
