cpu-bind=MASK - n2cn0940, task  0  0 [518164]: mask |--------|--------||--------|--------||--------|--------||--------|--------||||-----BBB|B-------||--------|--------||--------|--------||--------|--------|  set
started at Thu Mar 16 14:48:02 CET 2023
Timecheck 780773.41836615
Set parameter TokenServer to value "license3.uni-paderborn.de"
Warning: Gurobi version mismatch between Python 10.0.1 and C library 10.0.0
Timecheck 780773.527470373
Timecheck 780773.527710365
Timecheck 780773.527752525
Timecheck 780773.527782775


####################################################################################################
Solve scenario sce_3_26_2 with cyclic vessel operation
####################################################################################################
Data preprocessing, load /upb/departments/pc2/groups/hpc-prf-winf4/dwetzel/SILSRP/inst_final/sce_3_26_2
and create additional sets and parameters
	|- Read vessel information, number of vessels:	5
	|- Read node information, number of nodes:		292
	|- Read arc information
		|- Number of sailing arcs:			895
		|- Number of transshipment arcs:	428
	|- Read container information
		|- Number of demands:		361
		|- Number of empties (+/-):	97/115
	|- Create additional sets and parameters

Data preprocessing took 	00:00:00.193
####################################################################################################
Create linear model
	|- Create variables, took	00:00:00.062
	|- Create objective, took	00:00:00.077
	|- Create constraints, took	00:00:00.324

Creating model took	00:00:00.465
####################################################################################################
####################################################################################################
Solve optimization model

Set parameter TimeLimit to value 86400
Set parameter Threads to value 4
Gurobi Optimizer version 10.0.0 build v10.0.0rc2 (linux64)

CPU model: AMD EPYC 7763 64-Core Processor, instruction set [SSE2|AVX|AVX2]
Thread count: 128 physical cores, 128 logical processors, using up to 4 threads

Optimize a model with 8022 rows, 19214 columns and 62313 nonzeros
Model fingerprint: 0x57cf39e4
Coefficient statistics:
  Matrix range     [1e+00, 7e+02]
  Objective range  [1e+00, 1e+00]
  Bounds range     [2e+00, 7e+02]
  RHS range        [2e+00, 8e+06]
Presolve removed 7106 rows and 17184 columns
Presolve time: 0.02s
Presolved: 916 rows, 2185 columns, 5539 nonzeros

Concurrent LP optimizer: dual simplex and barrier
Showing barrier log only...

Ordering time: 0.00s

Barrier performed 0 iterations in 0.04 seconds (0.02 work units)
Barrier solve interrupted - model solved by another algorithm


Solved with dual simplex
Extra simplex iterations after uncrush: 1
Iteration    Objective       Primal Inf.    Dual Inf.      Time
     410    1.2049503e+07   0.000000e+00   0.000000e+00      0s

Solved in 410 iterations and 0.05 seconds (0.03 work units)
Optimal objective  1.204950333e+07

Solving took 	00:00:00.064
####################################################################################################
####################################################################################################
####################################################################################################
Found optimal solution
####################################################################################################
Description                           Value
----------------------------  -------------
Objective (min)               12,049,503.33
Cost sailing                    5,358,611.0
Cost port visits                7,619,586.0
Cost transshipment (demands)      192,844.0
Cost transshipment (empties)      712,370.0
Penalty delayed demands           259,187.0
Revenue Empties                2,093,094.67
####################################################################################################
Export solution
####################################################################################################
Overall time 	00:00:00.782

real	0m5.219s
user	0m0.879s
sys	0m0.569s
finished at Thu Mar 16 14:48:07 CET 2023
