cpu-bind=MASK - n2lcn0155, task  0  0 [967525]: mask |--------|--------||--------|--------||--------|--------||--------|--------||||--------|-------B||BBB-----|--------||--------|--------||--------|--------|  set
started at Thu Mar 16 14:56:07 CET 2023
Timecheck 3888566.434583394
Set parameter TokenServer to value "license3.uni-paderborn.de"
Warning: Gurobi version mismatch between Python 10.0.1 and C library 10.0.0
Timecheck 3888566.493186252
Timecheck 3888566.49353156
Timecheck 3888566.49356933
Timecheck 3888566.49359444


####################################################################################################
Solve scenario sce_4_26_1 with free vessel operation using the arc flow model
Vessels cannot omit ports, Demands cannot be rejected
####################################################################################################
Data preprocessing, load /upb/departments/pc2/groups/hpc-prf-winf4/dwetzel/SILSRP/inst_final/sce_4_26_1
and create additional sets and parameters
	|- Read vessel information, number of vessels:	9
	|- Read node information, number of nodes:		475
	|- Read arc information
		|- Number of sailing arcs:			1976
		|- Number of transshipment arcs:	700
	|- Read container information
		|- Number of demands:		1726
		|- Number of empties (+/-):	244/203
	|- Create additional sets and parameters

Data preprocessing took 	00:00:00.797
####################################################################################################
Create linear model
Set parameter Threads to value 4
	|- Create variables, took	00:00:01.093
	|- Create objective, took	00:00:00.903
	|- Create constraints, took	00:00:03.672
	|- Load CVO start

Creating model took	00:00:05.701
####################################################################################################
Fix start solution

Set parameter TimeLimit to value 8.6394208072544076e+04
Gurobi Optimizer version 10.0.0 build v10.0.0rc2 (linux64)

CPU model: AMD EPYC 7763 64-Core Processor, instruction set [SSE2|AVX|AVX2]
Thread count: 128 physical cores, 128 logical processors, using up to 4 threads

Optimize a model with 77702 rows, 282978 columns and 929585 nonzeros
Model fingerprint: 0x824201c0
Variable types: 263003 continuous, 19975 integer (19975 binary)
Coefficient statistics:
  Matrix range     [1e+00, 5e+05]
  Objective range  [1e+00, 1e+00]
  Bounds range     [1e+00, 3e+02]
  RHS range        [1e+00, 1e+08]
Presolve removed 72613 rows and 271920 columns
Presolve time: 0.54s
Presolved: 5089 rows, 11058 columns, 35801 nonzeros
Variable types: 11058 continuous, 0 integer (0 binary)

Root relaxation: objective 3.663754e+07, 2270 iterations, 0.02 seconds (0.01 work units)

    Nodes    |    Current Node    |     Objective Bounds      |     Work
 Expl Unexpl |  Obj  Depth IntInf | Incumbent    BestBd   Gap | It/Node Time

*    0     0               0    3.663754e+07 3.6638e+07  0.00%     -    0s

Explored 1 nodes (2270 simplex iterations) in 0.70 seconds (0.72 work units)
Thread count was 4 (of 128 available processors)

Solution count 1: 3.66375e+07 

Optimal solution found (tolerance 1.00e-04)
Best objective 3.663754450000e+07, best bound 3.663754450000e+07, gap 0.0000%

Fixing start solution took	00:00:06.530
####################################################################################################
####################################################################################################
Solve optimization model

Set parameter TimeLimit to value 8.6393470162601210e+04
Gurobi Optimizer version 10.0.0 build v10.0.0rc2 (linux64)

CPU model: AMD EPYC 7763 64-Core Processor, instruction set [SSE2|AVX|AVX2]
Thread count: 128 physical cores, 128 logical processors, using up to 4 threads

Optimize a model with 77228 rows, 282978 columns and 929111 nonzeros
Model fingerprint: 0xbf071d08
Variable types: 263003 continuous, 19975 integer (19975 binary)
Coefficient statistics:
  Matrix range     [1e+00, 5e+05]
  Objective range  [1e+00, 1e+00]
  Bounds range     [1e+00, 3e+02]
  RHS range        [1e+00, 1e+08]

Loaded MIP start from previous solve with objective 3.66375e+07

Presolve removed 13866 rows and 24533 columns
Presolve time: 4.12s
Presolved: 63362 rows, 258445 columns, 745790 nonzeros
Variable types: 242714 continuous, 15731 integer (15731 binary)
Deterministic concurrent LP optimizer: primal simplex, dual simplex, and barrier
Showing barrier log only...

Root barrier log...

Ordering time: 1.30s

Barrier statistics:
 AA' NZ     : 6.884e+05
 Factor NZ  : 7.900e+06 (roughly 200 MB of memory)
 Factor Ops : 2.635e+09 (less than 1 second per iteration)
 Threads    : 2

                  Objective                Residual
Iter       Primal          Dual         Primal    Dual     Compl     Time
   0   1.56149920e+15 -4.26586076e+13  1.63e+09 5.36e+03  3.40e+11     6s
   1   3.78618402e+14 -1.22697617e+13  3.84e+08 1.37e+03  8.29e+10     7s
   2   4.25538421e+13 -3.15970088e+12  4.22e+07 1.93e-10  9.33e+09     7s
   3   5.43888533e+12 -7.79490062e+11  5.37e+06 2.40e-10  1.20e+09     7s
   4   7.88817605e+11 -2.23011890e+11  7.75e+05 2.33e-10  1.75e+08     7s
   5   1.33098766e+11 -8.19634803e+10  1.30e+05 2.15e-10  2.98e+07     7s
   6   2.95572492e+10 -5.01048746e+10  2.88e+04 2.40e-10  6.70e+06     8s
   7   5.54958187e+09 -3.49272019e+10  5.30e+03 2.26e-10  1.28e+06     8s
   8   1.40673728e+09 -2.63585928e+10  1.24e+03 2.36e-10  3.26e+05     8s
   9   5.32502682e+08 -1.52884788e+10  3.99e+02 9.86e-10  1.09e+05     8s
  10   2.38615567e+08 -8.88266282e+09  1.10e+02 2.49e-10  4.06e+04     8s
  11   1.39561083e+08 -5.17238149e+09  4.57e+01 2.57e-10  1.90e+04     9s
  12   9.69159229e+07 -2.76710367e+09  2.28e+01 7.94e-09  9.42e+03     9s
  13   8.35536000e+07 -1.96709514e+09  1.61e+01 2.23e-08  6.56e+03     9s
  14   6.73090629e+07 -1.30233069e+09  8.53e+00 5.35e-08  3.93e+03     9s
  15   5.84290364e+07 -5.51570007e+08  4.83e+00 2.43e-08  1.83e+03     9s
  16   4.73911582e+07 -2.91593232e+08  1.45e+00 5.10e-08  8.35e+02    10s
  17   4.36134069e+07 -1.53751853e+08  7.60e-01 1.90e-08  4.74e+02    10s
  18   4.05293928e+07 -4.84488524e+07  4.22e-01 4.06e-09  2.24e+02    10s
  19   3.71507481e+07 -8.11326314e+06  1.98e-01 2.56e-08  1.13e+02    10s
  20   3.55807418e+07  6.99789359e+06  1.33e-01 2.80e-08  7.29e+01    10s
  21   3.43505092e+07  1.40567276e+07  9.44e-02 3.59e-09  5.19e+01    11s
  22   3.28826497e+07  2.09727775e+07  5.73e-02 3.21e-09  3.09e+01    11s
  23   3.16057271e+07  2.48155898e+07  3.36e-02 1.50e-07  1.78e+01    11s
  24   3.09969566e+07  2.61064623e+07  2.22e-02 7.10e-08  1.26e+01    11s
  25   3.05984605e+07  2.72569214e+07  1.56e-02 1.23e-07  8.71e+00    11s
  26   3.01835865e+07  2.78494302e+07  9.26e-03 1.29e-07  5.86e+00    12s
  27   2.98653689e+07  2.88637461e+07  4.66e-03 1.09e-07  2.64e+00    12s
  28   2.97230727e+07  2.90863044e+07  2.76e-03 5.03e-08  1.65e+00    12s
  29   2.96736368e+07  2.92328382e+07  2.14e-03 6.83e-08  1.19e+00    12s
  30   2.95849817e+07  2.93473084e+07  1.01e-03 2.01e-09  6.21e-01    12s
  31   2.95351662e+07  2.94254423e+07  4.20e-04 4.19e-09  2.80e-01    13s
  32   2.95060932e+07  2.94581687e+07  8.73e-05 4.39e-09  1.07e-01    13s
  33   2.94998627e+07  2.94860735e+07  2.37e-05 1.36e-07  3.07e-02    13s
  34   2.94980376e+07  2.94944784e+07  5.98e-06 1.32e-07  7.94e-03    13s
  35   2.94976490e+07  2.94955637e+07  2.33e-06 5.09e-08  4.45e-03    13s
  36   2.94974964e+07  2.94965950e+07  1.14e-06 1.46e-07  1.92e-03    14s
  37   2.94974527e+07  2.94970148e+07  3.90e-06 3.87e-08  9.55e-04    14s
  38   2.94974296e+07  2.94971538e+07  2.50e-06 2.65e-08  6.04e-04    14s
  39   2.94974046e+07  2.94973058e+07  1.02e-06 4.77e-08  2.21e-04    14s
  40   2.94973882e+07  2.94973826e+07  1.22e-06 2.90e-08  1.33e-05    14s
  41   2.94973868e+07  2.94973868e+07  3.34e-09 1.47e-07  1.39e-08    15s
  42   2.94973868e+07  2.94973868e+07  2.30e-09 1.18e-07  4.40e-10    15s

Barrier solved model in 42 iterations and 14.78 seconds (15.29 work units)
Optimal objective 2.94973868e+07


Root crossover log...

   53996 DPushes remaining with DInf 5.6513964e-06                15s
    5273 DPushes remaining with DInf 1.1141237e-06                15s
       0 DPushes remaining with DInf 0.0000000e+00                15s

    2580 PPushes remaining with PInf 0.0000000e+00                15s
       0 PPushes remaining with PInf 0.0000000e+00                16s

  Push phase complete: Pinf 0.0000000e+00, Dinf 1.0310527e-05     16s


Root simplex log...

Iteration    Objective       Primal Inf.    Dual Inf.      Time
   54988    2.9497387e+07   0.000000e+00   1.143413e-06     16s
   55710    2.9497387e+07   2.742613e+03   0.000000e+00     21s
   55987    2.9497387e+07   0.000000e+00   0.000000e+00     23s
Concurrent spin time: 2.25s (can be avoided by choosing Method=3)

Solved with barrier
   55987    2.9497387e+07   0.000000e+00   0.000000e+00     25s

Root relaxation: objective 2.949739e+07, 55987 iterations, 20.80 seconds (18.85 work units)

    Nodes    |    Current Node    |     Objective Bounds      |     Work
 Expl Unexpl |  Obj  Depth IntInf | Incumbent    BestBd   Gap | It/Node Time

     0     0 2.9497e+07    0 2596 3.6638e+07 2.9497e+07  19.5%     -   26s
     0     0 2.9892e+07    0 2442 3.6638e+07 2.9892e+07  18.4%     -  255s
     0     0 2.9892e+07    0 2497 3.6638e+07 2.9892e+07  18.4%     -  289s
     0     0 2.9894e+07    0 2522 3.6638e+07 2.9894e+07  18.4%     -  382s
     0     0 2.9894e+07    0 2561 3.6638e+07 2.9894e+07  18.4%     -  387s
     0     0 2.9908e+07    0 2546 3.6638e+07 2.9908e+07  18.4%     -  392s
     0     0 2.9908e+07    0 2579 3.6638e+07 2.9908e+07  18.4%     -  429s
     0     0 2.9944e+07    0 2409 3.6638e+07 2.9944e+07  18.3%     -  789s
     0     0 2.9944e+07    0 2429 3.6638e+07 2.9944e+07  18.3%     -  843s
     0     0 2.9946e+07    0 2433 3.6638e+07 2.9946e+07  18.3%     -  945s
     0     0 2.9946e+07    0 2430 3.6638e+07 2.9946e+07  18.3%     -  950s
     0     0 2.9946e+07    0 2403 3.6638e+07 2.9946e+07  18.3%     - 1019s
     0     0 2.9946e+07    0 2412 3.6638e+07 2.9946e+07  18.3%     - 1025s
     0     0 3.0142e+07    0 2619 3.6638e+07 3.0142e+07  17.7%     - 1956s
     0     0 3.0142e+07    0 2626 3.6638e+07 3.0142e+07  17.7%     - 1958s
     0     0 3.0142e+07    0 2636 3.6638e+07 3.0142e+07  17.7%     - 1961s
     0     0 3.0142e+07    0 2627 3.6638e+07 3.0142e+07  17.7%     - 1961s
     0     0 3.0142e+07    0 2625 3.6638e+07 3.0142e+07  17.7%     - 1961s
     0     0 3.0142e+07    0 2603 3.6638e+07 3.0142e+07  17.7%     - 1971s
     0     0 3.0194e+07    0 2680 3.6638e+07 3.0194e+07  17.6%     - 2284s
     0     0 3.0194e+07    0 2666 3.6638e+07 3.0194e+07  17.6%     - 2298s
     0     0 3.0206e+07    0 2649 3.6638e+07 3.0206e+07  17.6%     - 2433s
     0     0 3.0206e+07    0 2661 3.6638e+07 3.0206e+07  17.6%     - 2485s
     0     0 3.0207e+07    0 2719 3.6638e+07 3.0207e+07  17.6%     - 2541s
     0     0 3.0208e+07    0 2700 3.6638e+07 3.0208e+07  17.5%     - 2560s
     0     0 3.0208e+07    0 2659 3.6638e+07 3.0208e+07  17.5%     - 2578s
     0     0 3.0209e+07    0 2746 3.6638e+07 3.0209e+07  17.5%     - 2646s
     0     0 3.0209e+07    0 2688 3.6638e+07 3.0209e+07  17.5%     - 2675s
     0     0 3.0209e+07    0 2763 3.6638e+07 3.0209e+07  17.5%     - 2881s
     0     0 3.0209e+07    0 2698 3.6638e+07 3.0209e+07  17.5%     - 2914s
     0     0 3.0292e+07    0 2644 3.6638e+07 3.0292e+07  17.3%     - 3496s
     0     0 3.0292e+07    0 1692 3.6638e+07 3.0292e+07  17.3%     - 3714s
     0     0 3.0292e+07    0 1882 3.6638e+07 3.0292e+07  17.3%     - 3856s
     0     0 3.0292e+07    0 1994 3.6638e+07 3.0292e+07  17.3%     - 4073s
     0     0 3.0309e+07    0 1943 3.6638e+07 3.0309e+07  17.3%     - 4231s
     0     0 3.0320e+07    0 1955 3.6638e+07 3.0320e+07  17.2%     - 4336s
     0     0 3.0323e+07    0 1963 3.6638e+07 3.0323e+07  17.2%     - 4411s
     0     0 3.0323e+07    0 1949 3.6638e+07 3.0323e+07  17.2%     - 4416s
     0     0 3.0324e+07    0 1921 3.6638e+07 3.0324e+07  17.2%     - 4455s
     0     0 3.0324e+07    0 1940 3.6638e+07 3.0324e+07  17.2%     - 4498s
     0     0 3.0324e+07    0 1954 3.6638e+07 3.0324e+07  17.2%     - 4529s
     0     0 3.0325e+07    0 1925 3.6638e+07 3.0325e+07  17.2%     - 4659s
     0     0 3.0325e+07    0 1971 3.6638e+07 3.0325e+07  17.2%     - 4668s
     0     0 3.0367e+07    0 1974 3.6638e+07 3.0367e+07  17.1%     - 5000s
     0     0 3.0367e+07    0 1985 3.6638e+07 3.0367e+07  17.1%     - 5002s
     0     0 3.0416e+07    0 2036 3.6638e+07 3.0416e+07  17.0%     - 5418s
     0     0 3.0416e+07    0 2026 3.6638e+07 3.0416e+07  17.0%     - 5421s
     0     0 3.0438e+07    0 2064 3.6638e+07 3.0438e+07  16.9%     - 5681s
     0     0 3.0438e+07    0 2031 3.6638e+07 3.0438e+07  16.9%     - 5730s
     0     0 3.0445e+07    0 2059 3.6638e+07 3.0445e+07  16.9%     - 5988s
     0     0 3.0449e+07    0 2031 3.6638e+07 3.0449e+07  16.9%     - 6116s
     0     0 3.0449e+07    0 2034 3.6638e+07 3.0449e+07  16.9%     - 6122s
     0     0 3.0450e+07    0 2088 3.6638e+07 3.0450e+07  16.9%     - 6210s
     0     0 3.0451e+07    0 2080 3.6638e+07 3.0451e+07  16.9%     - 6240s
     0     0 3.0451e+07    0 2087 3.6638e+07 3.0451e+07  16.9%     - 6290s
     0     0 3.0451e+07    0 2134 3.6638e+07 3.0451e+07  16.9%     - 6454s
     0     0 3.0488e+07    0 2062 3.6638e+07 3.0488e+07  16.8%     - 6648s
     0     0 3.0488e+07    0 2046 3.6638e+07 3.0488e+07  16.8%     - 6658s
     0     0 3.0505e+07    0 2026 3.6638e+07 3.0505e+07  16.7%     - 6839s
     0     0 3.0505e+07    0 1986 3.6638e+07 3.0505e+07  16.7%     - 6841s
     0     0 3.0513e+07    0 2078 3.6638e+07 3.0513e+07  16.7%     - 6964s
     0     0 3.0516e+07    0 2038 3.6638e+07 3.0516e+07  16.7%     - 7056s
     0     0 3.0518e+07    0 2041 3.6638e+07 3.0518e+07  16.7%     - 7104s
     0     0 3.0520e+07    0 2037 3.6638e+07 3.0520e+07  16.7%     - 7152s
     0     0 3.0520e+07    0 2063 3.6638e+07 3.0520e+07  16.7%     - 7176s
     0     0 3.0520e+07    0 2062 3.6638e+07 3.0520e+07  16.7%     - 7187s
     0     0 3.0534e+07    0 1978 3.6638e+07 3.0534e+07  16.7%     - 7399s
     0     0 3.0539e+07    0 2055 3.6638e+07 3.0539e+07  16.6%     - 7511s
     0     0 3.0542e+07    0 2054 3.6638e+07 3.0542e+07  16.6%     - 7593s
     0     0 3.0544e+07    0 2052 3.6638e+07 3.0544e+07  16.6%     - 7669s
     0     0 3.0545e+07    0 2089 3.6638e+07 3.0545e+07  16.6%     - 7740s
     0     0 3.0546e+07    0 2069 3.6638e+07 3.0546e+07  16.6%     - 7788s
     0     0 3.0546e+07    0 2109 3.6638e+07 3.0546e+07  16.6%     - 7820s
     0     0 3.0547e+07    0 2070 3.6638e+07 3.0547e+07  16.6%     - 7842s
     0     0 3.0547e+07    0 2093 3.6638e+07 3.0547e+07  16.6%     - 7855s
     0     0 3.0556e+07    0 2023 3.6638e+07 3.0556e+07  16.6%     - 7976s
     0     0 3.0559e+07    0 2086 3.6638e+07 3.0559e+07  16.6%     - 8104s
     0     0 3.0559e+07    0 2084 3.6638e+07 3.0559e+07  16.6%     - 8160s
     0     0 3.0561e+07    0 2021 3.6638e+07 3.0561e+07  16.6%     - 8239s
     0     0 3.0561e+07    0 2034 3.6638e+07 3.0561e+07  16.6%     - 8297s
     0     0 3.0562e+07    0 2051 3.6638e+07 3.0562e+07  16.6%     - 8419s
     0     0 3.0563e+07    0 2099 3.6638e+07 3.0563e+07  16.6%     - 8463s
     0     0 3.0563e+07    0 2052 3.6638e+07 3.0563e+07  16.6%     - 8492s
     0     0 3.0563e+07    0 2048 3.6638e+07 3.0563e+07  16.6%     - 8557s
     0     0 3.0567e+07    0 2025 3.6638e+07 3.0567e+07  16.6%     - 8696s
     0     0 3.0569e+07    0 2035 3.6638e+07 3.0569e+07  16.6%     - 8771s
     0     0 3.0569e+07    0 2015 3.6638e+07 3.0569e+07  16.6%     - 8817s
     0     0 3.0569e+07    0 2027 3.6638e+07 3.0569e+07  16.6%     - 8956s
     0     0 3.0570e+07    0 2043 3.6638e+07 3.0570e+07  16.6%     - 8982s
     0     0 3.0570e+07    0 2057 3.6638e+07 3.0570e+07  16.6%     - 9034s
     0     0 3.0572e+07    0 2031 3.6638e+07 3.0572e+07  16.6%     - 9180s
     0     0 3.0572e+07    0 2043 3.6638e+07 3.0572e+07  16.6%     - 9186s
     0     0 3.0573e+07    0 2051 3.6638e+07 3.0573e+07  16.6%     - 9260s
     0     0 3.0573e+07    0 2025 3.6638e+07 3.0573e+07  16.6%     - 9313s
     0     0 3.0573e+07    0 2039 3.6638e+07 3.0573e+07  16.6%     - 9392s
     0     0 3.0574e+07    0 2027 3.6638e+07 3.0574e+07  16.6%     - 9472s
     0     0 3.0574e+07    0 2022 3.6638e+07 3.0574e+07  16.6%     - 9512s
     0     0 3.0576e+07    0 2034 3.6638e+07 3.0576e+07  16.5%     - 9604s
     0     0 3.0577e+07    0 2036 3.6638e+07 3.0577e+07  16.5%     - 9664s
     0     0 3.0577e+07    0 2064 3.6638e+07 3.0577e+07  16.5%     - 9728s
     0     0 3.0577e+07    0 2005 3.6638e+07 3.0577e+07  16.5%     - 9795s
     0     0 3.0577e+07    0 2032 3.6638e+07 3.0577e+07  16.5%     - 9847s
     0     0 3.0577e+07    0 2026 3.6638e+07 3.0577e+07  16.5%     - 9938s
     0     0 3.0583e+07    0 2047 3.6638e+07 3.0583e+07  16.5%     - 10076s
     0     0 3.0583e+07    0 2059 3.6638e+07 3.0583e+07  16.5%     - 10078s
     0     0 3.0584e+07    0 2069 3.6638e+07 3.0584e+07  16.5%     - 10167s
     0     0 3.0585e+07    0 2073 3.6638e+07 3.0585e+07  16.5%     - 10200s
     0     0 3.0585e+07    0 2010 3.6638e+07 3.0585e+07  16.5%     - 10223s
     0     0 3.0585e+07    0 2047 3.6638e+07 3.0585e+07  16.5%     - 10244s
     0     0 3.0587e+07    0 2052 3.6638e+07 3.0587e+07  16.5%     - 10333s
     0     0 3.0587e+07    0 2100 3.6638e+07 3.0587e+07  16.5%     - 10400s
     0     0 3.0587e+07    0 2010 3.6638e+07 3.0587e+07  16.5%     - 10426s
     0     0 3.0588e+07    0 2019 3.6638e+07 3.0588e+07  16.5%     - 10488s
     0     0 3.0588e+07    0 2046 3.6638e+07 3.0588e+07  16.5%     - 10510s
     0     0 3.0590e+07    0 2003 3.6638e+07 3.0590e+07  16.5%     - 10632s
     0     0 3.0590e+07    0 2003 3.6638e+07 3.0590e+07  16.5%     - 10633s
     0     2 3.0590e+07    0 2002 3.6638e+07 3.0590e+07  16.5%     - 11199s
     1     5 3.0590e+07    1 2008 3.6638e+07 3.0590e+07  16.5%  87.0 11215s
     3     8 3.0600e+07    2 1993 3.6638e+07 3.0590e+07  16.5% 26812 11680s
     7    12 3.0617e+07    3 1971 3.6638e+07 3.0597e+07  16.5% 47165 12302s
    11    16 3.0608e+07    3 2047 3.6638e+07 3.0597e+07  16.5% 58725 12914s
    15    20 3.0623e+07    4 1988 3.6638e+07 3.0599e+07  16.5% 60045 13109s
    19    24 3.0625e+07    4 2034 3.6638e+07 3.0599e+07  16.5% 65611 13341s
    23    29 3.0623e+07    5 1988 3.6638e+07 3.0599e+07  16.5% 63735 13788s
    28    33 3.0711e+07    6 1942 3.6638e+07 3.0599e+07  16.5% 59357 14088s
    32    38 3.0630e+07    7 1928 3.6638e+07 3.0599e+07  16.5% 60482 14643s
    37    42 3.0660e+07    7 1980 3.6638e+07 3.0599e+07  16.5% 57177 15657s
    41    46 3.0638e+07    8 1921 3.6638e+07 3.0599e+07  16.5% 58180 16297s
    45    50 3.0650e+07    8 1934 3.6638e+07 3.0599e+07  16.5% 57964 17491s
    49    56 3.0645e+07    9 1893 3.6638e+07 3.0599e+07  16.5% 57270 18337s
    55    61 3.0646e+07   10 1851 3.6638e+07 3.0599e+07  16.5% 54062 18971s
    60    65 3.0653e+07   11 1910 3.6638e+07 3.0599e+07  16.5% 52963 19917s
    64    70 3.0667e+07   12 1866 3.6638e+07 3.0599e+07  16.5% 54107 20680s
    69    74 3.0672e+07   12 1823 3.6638e+07 3.0599e+07  16.5% 53243 21832s
    73    79 3.0669e+07   13 1852 3.6638e+07 3.0599e+07  16.5% 54330 23503s
    80    86 3.0697e+07   15 1890 3.6638e+07 3.0599e+07  16.5% 54153 24649s
    89    89 3.0752e+07   17 1801 3.6638e+07 3.0599e+07  16.5% 53446 25882s
    94    92 3.0800e+07   17 1751 3.6638e+07 3.0599e+07  16.5% 53734 26844s
    99    99 3.0766e+07   18 1828 3.6638e+07 3.0599e+07  16.5% 55892 27739s
   106    99 infeasible   17      3.6638e+07 3.0599e+07  16.5% 53794 27740s
   110   104 3.0828e+07   21 1812 3.6638e+07 3.0599e+07  16.5% 52757 28671s
   115   111 3.0841e+07   23 1798 3.6638e+07 3.0599e+07  16.5% 53042 31068s
   124   117 3.0876e+07   24 1802 3.6638e+07 3.0599e+07  16.5% 54327 32370s
H  126   117                    3.659538e+07 3.0599e+07  16.4% 53820 32371s
   132   123 3.0891e+07   25 1742 3.6595e+07 3.0599e+07  16.4% 53630 34862s
   140   130 3.0929e+07   27 1654 3.6595e+07 3.0599e+07  16.4% 56739 37267s
   147   136 3.1182e+07   28 1671 3.6595e+07 3.0599e+07  16.4% 58704 38729s
   153   148 3.1182e+07   29 1642 3.6595e+07 3.0599e+07  16.4% 58747 41349s
H  164   148                    3.659095e+07 3.0599e+07  16.4% 55360 41349s
H  171   148                    3.658709e+07 3.0599e+07  16.4% 55430 41349s
   175   156 infeasible   33      3.6587e+07 3.0599e+07  16.4% 54910 42831s
   193   167 3.1972e+07   37 1382 3.6587e+07 3.0599e+07  16.4% 53125 44156s
H  200   167                    3.657996e+07 3.0599e+07  16.4% 52055 44157s
   206   181 3.1987e+07   40 1466 3.6580e+07 3.0599e+07  16.4% 52566 46373s
   220   193 3.1890e+07   40 1433 3.6580e+07 3.0599e+07  16.4% 52004 47789s
   238   210 3.1950e+07   44 1384 3.6580e+07 3.0599e+07  16.4% 50662 49009s
H  255   227                    3.654549e+07 3.0599e+07  16.3% 49566 50677s
   272   237 3.2427e+07   50 1295 3.6545e+07 3.0599e+07  16.3% 49213 52111s
   298   249 3.2059e+07   53 1321 3.6545e+07 3.0599e+07  16.3% 47270 56507s
   316   271 3.2174e+07   57 1224 3.6545e+07 3.0599e+07  16.3% 49256 58259s
   348   294 3.2215e+07   66 1244 3.6545e+07 3.0599e+07  16.3% 47651 59264s
   377   320 3.2332e+07   69 1196 3.6545e+07 3.0599e+07  16.3% 45753 60390s
   405   343 3.2391e+07   74 1146 3.6545e+07 3.0599e+07  16.3% 44174 61722s
   434   354 3.2586e+07   77 1079 3.6545e+07 3.0599e+07  16.3% 43260 63261s
   457   371 infeasible   82      3.6545e+07 3.0599e+07  16.3% 43064 65512s
   490   395 3.3247e+07   87  979 3.6545e+07 3.0599e+07  16.3% 42348 66961s
   530   415 3.0633e+07    5 1847 3.6545e+07 3.0599e+07  16.3% 40761 68764s
   562   471 3.0661e+07    8 1884 3.6545e+07 3.0599e+07  16.3% 40089 70389s
H  622   519                    3.607929e+07 3.0599e+07  15.2% 37597 72246s
   674   578 3.0689e+07   18 1781 3.6079e+07 3.0599e+07  15.2% 36153 74241s
H  689   578                    3.587604e+07 3.0599e+07  14.7% 35837 74241s
   741   644 3.0692e+07   20 1773 3.5876e+07 3.0599e+07  14.7% 34198 76355s
H  764   644                    3.575816e+07 3.0599e+07  14.4% 33520 76355s
H  810   644                    3.566215e+07 3.0599e+07  14.2% 32293 76355s
   821   696 3.0763e+07   23 1769 3.5662e+07 3.0599e+07  14.2% 32147 78186s
   907   714 3.0773e+07   24 1755 3.5662e+07 3.0599e+07  14.2% 30315 79894s
   954   749 3.0824e+07   23 1765 3.5662e+07 3.0599e+07  14.2% 29990 84278s
H  962   749                    3.564314e+07 3.0599e+07  14.2% 30002 84278s
   989   774 3.0893e+07   25 1712 3.5643e+07 3.0599e+07  14.2% 30069 86393s

Cutting planes:
  Gomory: 1
  Implied bound: 2094
  Clique: 3
  MIR: 2195
  Flow cover: 311
  Flow path: 18
  Zero half: 68
  RLT: 733
  Relax-and-lift: 3328

Explored 1018 nodes (32368564 simplex iterations) in 86393.67 seconds (93584.43 work units)
Thread count was 4 (of 128 available processors)

Solution count 9: 3.56431e+07 3.56431e+07 3.56621e+07 ... 3.66375e+07

Time limit reached
Best objective 3.564314099998e+07, best bound 3.059873032575e+07, gap 14.1525%

Solving took 	23:59:53.676
####################################################################################################
####################################################################################################
####################################################################################################
Reached timelimit, but could find a feasible solution
####################################################################################################
Description                          Value
----------------------------  ------------
Objective (min)               35,643,141.0
Cost sailing                  11,800,255.0
Cost port visits              20,614,043.0
Cost transshipment (demands)   3,414,473.0
Cost transshipment (empties)     660,368.0
Penalty delayed demands        2,292,400.0
Revenue Empties                3,138,398.0
Penalty rejected demands               0.0
Rejected demands (%)                   0.0
Omitted ports (%)                      0.0
Gap (%)                              14.15
####################################################################################################
Export solution
####################################################################################################
Overall time 	1-00:00:01.469

real	1440m2.728s
user	3754m10.379s
sys	0m25.895s
finished at Fri Mar 17 14:56:10 CET 2023
