cpu-bind=MASK - n2lcn0107, task  0  0 [1654532]: mask |--------|--------||--------|--------||BBBB----|--------||--------|--------||||--------|--------||--------|--------||--------|--------||--------|--------|  set
started at Thu Mar 16 14:56:08 CET 2023
Timecheck 9868352.157813936
Set parameter TokenServer to value "license3.uni-paderborn.de"
Warning: Gurobi version mismatch between Python 10.0.1 and C library 10.0.0
Timecheck 9868352.238045093
Timecheck 9868352.238327133
Timecheck 9868352.238371192
Timecheck 9868352.23840538


####################################################################################################
Solve scenario sce_5_26_1 with free vessel operation using the arc flow model
Vessels cannot omit ports, Demands cannot be rejected
####################################################################################################
Data preprocessing, load /upb/departments/pc2/groups/hpc-prf-winf4/dwetzel/SILSRP/inst_final/sce_5_26_1
and create additional sets and parameters
	|- Read vessel information, number of vessels:	10
	|- Read node information, number of nodes:		554
	|- Read arc information
		|- Number of sailing arcs:			3104
		|- Number of transshipment arcs:	977
	|- Read container information
		|- Number of demands:		1239
		|- Number of empties (+/-):	227/251
	|- Create additional sets and parameters

Data preprocessing took 	00:00:00.761
####################################################################################################
Create linear model
Set parameter Threads to value 4
	|- Create variables, took	00:00:01.181
	|- Create objective, took	00:00:00.906
	|- Create constraints, took	00:00:03.314
	|- Load CVO start

Creating model took	00:00:05.431
####################################################################################################
Fix start solution

Set parameter TimeLimit to value 8.6394478461859748e+04
Gurobi Optimizer version 10.0.0 build v10.0.0rc2 (linux64)

CPU model: AMD EPYC 7763 64-Core Processor, instruction set [SSE2|AVX|AVX2]
Thread count: 128 physical cores, 128 logical processors, using up to 4 threads

Optimize a model with 64198 rows, 290244 columns and 994047 nonzeros
Model fingerprint: 0x8c5e854f
Variable types: 257422 continuous, 32822 integer (32822 binary)
Coefficient statistics:
  Matrix range     [1e+00, 3e+05]
  Objective range  [1e+00, 1e+00]
  Bounds range     [1e+00, 3e+02]
  RHS range        [1e+00, 9e+07]
Presolve removed 58417 rows and 277042 columns
Presolve time: 0.61s
Presolved: 5781 rows, 13202 columns, 42508 nonzeros
Variable types: 13202 continuous, 0 integer (0 binary)

Root relaxation: objective 4.268323e+07, 2759 iterations, 0.02 seconds (0.02 work units)

    Nodes    |    Current Node    |     Objective Bounds      |     Work
 Expl Unexpl |  Obj  Depth IntInf | Incumbent    BestBd   Gap | It/Node Time

*    0     0               0    4.268323e+07 4.2683e+07  0.00%     -    0s

Explored 1 nodes (2759 simplex iterations) in 0.80 seconds (0.75 work units)
Thread count was 4 (of 128 available processors)

Solution count 1: 4.26832e+07 

Optimal solution found (tolerance 1.00e-04)
Best objective 4.268323400000e+07, best bound 4.268323400000e+07, gap 0.0000%

Fixing start solution took	00:00:06.355
####################################################################################################
####################################################################################################
Solve optimization model

Set parameter TimeLimit to value 8.6393645033551380e+04
Gurobi Optimizer version 10.0.0 build v10.0.0rc2 (linux64)

CPU model: AMD EPYC 7763 64-Core Processor, instruction set [SSE2|AVX|AVX2]
Thread count: 128 physical cores, 128 logical processors, using up to 4 threads

Optimize a model with 63645 rows, 290244 columns and 993494 nonzeros
Model fingerprint: 0x9d8cdd5c
Variable types: 257422 continuous, 32822 integer (32822 binary)
Coefficient statistics:
  Matrix range     [1e+00, 3e+05]
  Objective range  [1e+00, 1e+00]
  Bounds range     [1e+00, 3e+02]
  RHS range        [1e+00, 9e+07]

MIP start from previous solve produced solution with objective 4.26832e+07 (0.60s)
Loaded MIP start from previous solve with objective 4.26832e+07

Presolve removed 9839 rows and 21452 columns
Presolve time: 4.63s
Presolved: 53806 rows, 268792 columns, 787395 nonzeros
Variable types: 241131 continuous, 27661 integer (27661 binary)
Deterministic concurrent LP optimizer: primal simplex, dual simplex, and barrier
Showing barrier log only...

Root barrier log...

Ordering time: 3.24s

Barrier statistics:
 AA' NZ     : 7.283e+05
 Factor NZ  : 1.233e+07 (roughly 230 MB of memory)
 Factor Ops : 9.080e+09 (less than 1 second per iteration)
 Threads    : 2

                  Objective                Residual
Iter       Primal          Dual         Primal    Dual     Compl     Time
   0   3.33624310e+16 -1.26244031e+15  2.09e+10 3.37e+03  7.82e+12    10s
   1   1.04176895e+16 -3.17954946e+14  6.46e+09 7.43e+03  2.47e+12    10s
   2   7.80063486e+14 -6.54132170e+13  4.82e+08 5.04e+02  1.85e+11    10s
   3   9.82295438e+13 -2.73338046e+13  6.05e+07 1.17e+01  2.35e+10    11s
   4   1.14362578e+13 -4.70814363e+12  7.02e+06 2.91e-10  2.75e+09    11s
   5   1.70649968e+12 -6.85639639e+11  1.04e+06 3.20e-10  4.12e+08    11s
   6   2.89316040e+11 -3.00759450e+11  1.77e+05 3.49e-10  7.08e+07    12s
   7   4.46680578e+10 -1.47841426e+11  2.71e+04 3.93e-10  1.11e+07    12s
   8   6.61561844e+09 -9.73378190e+10  3.94e+03 4.66e-10  1.76e+06    13s
   9   2.12030448e+09 -6.78584471e+10  1.18e+03 9.31e-10  5.69e+05    13s
  10   8.07938666e+08 -3.50865604e+10  3.95e+02 9.90e-10  1.89e+05    13s
  11   3.81902413e+08 -1.92572330e+10  1.53e+02 6.98e-10  7.69e+04    14s
  12   1.97419210e+08 -1.24645553e+10  5.88e+01 3.49e-10  3.76e+04    14s
  13   1.40720187e+08 -5.97934880e+09  3.22e+01 1.28e-09  1.82e+04    14s
  14   1.04295283e+08 -3.72604663e+09  1.63e+01 2.79e-09  1.03e+04    15s
  15   8.25413334e+07 -2.39659782e+09  8.10e+00 2.74e-09  6.11e+03    15s
  16   6.94812629e+07 -1.20051235e+09  4.10e+00 4.19e-09  3.04e+03    15s
  17   6.30354027e+07 -6.86041710e+08  2.52e+00 6.05e-09  1.77e+03    16s
  18   5.40064751e+07 -2.24844450e+08  8.36e-01 6.46e-09  6.29e+02    16s
  19   4.76186019e+07 -9.13613131e+07  2.92e-01 2.68e-09  2.97e+02    16s
  20   4.27865452e+07 -2.87107163e+07  1.20e-01 1.02e-08  1.49e+02    17s
  21   4.00093519e+07 -4.55335162e+06  7.06e-02 1.12e-08  9.28e+01    17s
  22   3.76082546e+07  5.41231774e+06  4.40e-02 5.59e-09  6.62e+01    17s
  23   3.57354331e+07  1.37726719e+07  2.77e-02 5.59e-09  4.49e+01    18s
  24   3.39692363e+07  2.03655153e+07  1.62e-02 2.33e-09  2.77e+01    18s
  25   3.23010152e+07  2.23261746e+07  7.60e-03 2.33e-09  1.97e+01    18s
  26   3.14717843e+07  2.47489695e+07  4.14e-03 4.19e-09  1.31e+01    19s
  27   3.10615880e+07  2.66300756e+07  2.77e-03 6.34e-09  8.68e+00    19s
  28   3.07796710e+07  2.78764360e+07  1.91e-03 2.33e-08  5.72e+00    19s
  29   3.05095609e+07  2.86253323e+07  1.14e-03 7.89e-09  3.70e+00    20s
  30   3.03380950e+07  2.91738076e+07  6.93e-04 6.29e-09  2.29e+00    20s
  31   3.01477572e+07  2.94541793e+07  2.21e-04 1.49e-08  1.33e+00    21s
  32   3.01077178e+07  2.97406162e+07  1.25e-04 1.93e-08  7.11e-01    21s
  33   3.00680692e+07  2.98829597e+07  5.14e-05 1.83e-08  3.56e-01    21s
  34   3.00513872e+07  2.99688934e+07  2.09e-05 4.77e-08  1.59e-01    22s
  35   3.00476909e+07  2.99861590e+07  1.56e-05 4.93e-08  1.19e-01    22s
  36   3.00424198e+07  3.00198309e+07  7.05e-06 3.10e-08  4.40e-02    22s
  37   3.00405446e+07  3.00238639e+07  4.20e-06 4.23e-08  3.21e-02    23s
  38   3.00394837e+07  3.00320458e+07  2.79e-06 3.53e-08  1.45e-02    23s
  39   3.00389424e+07  3.00340681e+07  1.78e-06 3.75e-08  9.53e-03    23s
  40   3.00386170e+07  3.00364792e+07  2.55e-06 3.64e-08  4.32e-03    24s
  41   3.00382808e+07  3.00374637e+07  1.33e-06 3.62e-08  1.70e-03    24s
  42   3.00379999e+07  3.00378779e+07  1.59e-06 2.43e-08  2.75e-04    25s
  43   3.00379249e+07  3.00379134e+07  7.16e-08 2.56e-08  2.39e-05    25s
  44   3.00379210e+07  3.00379194e+07  7.22e-09 3.04e-08  3.26e-06    25s
  45   3.00379208e+07  3.00379206e+07  2.03e-07 2.74e-08  3.68e-07    26s
  46   3.00379208e+07  3.00379208e+07  8.50e-09 1.60e-04  9.17e-10    26s

Barrier solved model in 46 iterations and 26.29 seconds (27.16 work units)
Optimal objective 3.00379208e+07


Root crossover log...

   44881 DPushes remaining with DInf 0.0000000e+00                26s
       0 DPushes remaining with DInf 0.0000000e+00                27s

    3126 PPushes remaining with PInf 0.0000000e+00                27s
       0 PPushes remaining with PInf 0.0000000e+00                28s

  Push phase complete: Pinf 0.0000000e+00, Dinf 1.2587454e-05     28s


Root simplex log...

Iteration    Objective       Primal Inf.    Dual Inf.      Time
   46922    3.0037921e+07   0.000000e+00   1.026667e-06     28s
   47059    3.0037921e+07   0.000000e+00   0.000000e+00     28s
Concurrent spin time: 6.10s (can be avoided by choosing Method=3)

Solved with barrier
   47467    3.0037921e+07   0.000000e+00   0.000000e+00     35s
Extra simplex iterations after uncrush: 408

Root relaxation: objective 3.003792e+07, 47467 iterations, 29.20 seconds (25.59 work units)
Total elapsed time = 35.61s

    Nodes    |    Current Node    |     Objective Bounds      |     Work
 Expl Unexpl |  Obj  Depth IntInf | Incumbent    BestBd   Gap | It/Node Time

     0     0 3.0038e+07    0 3788 4.2683e+07 3.0038e+07  29.6%     -   44s
     0     0 3.0038e+07    0 3260 4.2683e+07 3.0038e+07  29.6%     - 1076s
     0     0 3.0038e+07    0 3424 4.2683e+07 3.0038e+07  29.6%     - 1210s
     0     0 3.0038e+07    0 3476 4.2683e+07 3.0038e+07  29.6%     - 1231s
     0     0 3.0038e+07    0 3528 4.2683e+07 3.0038e+07  29.6%     - 1250s
     0     0 3.0053e+07    0 3472 4.2683e+07 3.0053e+07  29.6%     - 1380s
     0     0 3.0057e+07    0 3420 4.2683e+07 3.0057e+07  29.6%     - 1850s
     0     0 3.0057e+07    0 3465 4.2683e+07 3.0057e+07  29.6%     - 1868s
     0     0 3.0057e+07    0 3466 4.2683e+07 3.0057e+07  29.6%     - 1870s
     0     0 3.0059e+07    0 3460 4.2683e+07 3.0059e+07  29.6%     - 1901s
     0     0 3.0060e+07    0 3488 4.2683e+07 3.0060e+07  29.6%     - 1961s
H    0     0                    4.256379e+07 3.0060e+07  29.4%     - 1962s
     0     0 3.0650e+07    0 3589 4.2564e+07 3.0650e+07  28.0%     - 4581s
     0     0 3.0654e+07    0 3609 4.2564e+07 3.0654e+07  28.0%     - 4878s
     0     0 3.0654e+07    0 3625 4.2564e+07 3.0654e+07  28.0%     - 4943s
     0     0 3.0654e+07    0 3667 4.2564e+07 3.0654e+07  28.0%     - 4973s
     0     0 3.0654e+07    0 3630 4.2564e+07 3.0654e+07  28.0%     - 5138s
     0     0 3.0655e+07    0 3660 4.2564e+07 3.0655e+07  28.0%     - 5164s
     0     0 3.0656e+07    0 3626 4.2564e+07 3.0656e+07  28.0%     - 5232s
     0     0 3.0656e+07    0 3585 4.2564e+07 3.0656e+07  28.0%     - 5238s
     0     0 3.0727e+07    0 3579 4.2564e+07 3.0727e+07  27.8%     - 6045s
     0     0 3.0727e+07    0 3598 4.2564e+07 3.0727e+07  27.8%     - 6243s
     0     0 3.0727e+07    0 3633 4.2564e+07 3.0727e+07  27.8%     - 6246s
     0     0 3.0727e+07    0 3631 4.2564e+07 3.0727e+07  27.8%     - 6281s
     0     0 3.0727e+07    0 3602 4.2564e+07 3.0727e+07  27.8%     - 6337s
     0     0 3.0731e+07    0 3684 4.2564e+07 3.0731e+07  27.8%     - 6533s
     0     0 3.0731e+07    0 3670 4.2564e+07 3.0731e+07  27.8%     - 6748s
     0     0 3.0731e+07    0 3651 4.2564e+07 3.0731e+07  27.8%     - 6861s
     0     0 3.0731e+07    0 3645 4.2564e+07 3.0731e+07  27.8%     - 7088s
     0     0 3.0731e+07    0 3663 4.2564e+07 3.0731e+07  27.8%     - 7282s
     0     0 3.0732e+07    0 3708 4.2564e+07 3.0732e+07  27.8%     - 7520s
     0     0 3.0732e+07    0 3617 4.2564e+07 3.0732e+07  27.8%     - 7693s
     0     0 3.0732e+07    0 3654 4.2564e+07 3.0732e+07  27.8%     - 7854s
     0     0 3.0732e+07    0 3695 4.2564e+07 3.0732e+07  27.8%     - 8031s
     0     0 3.0733e+07    0 3682 4.2564e+07 3.0733e+07  27.8%     - 8484s
     0     0 3.0733e+07    0 3674 4.2564e+07 3.0733e+07  27.8%     - 8663s
     0     0 3.0733e+07    0 3669 4.2564e+07 3.0733e+07  27.8%     - 8670s
     0     0 3.0733e+07    0 3698 4.2564e+07 3.0733e+07  27.8%     - 8853s
     0     0 3.1020e+07    0 3657 4.2564e+07 3.1020e+07  27.1%     - 11226s
     0     0 3.1020e+07    0 3700 4.2564e+07 3.1020e+07  27.1%     - 11251s
     0     0 3.1120e+07    0 3783 4.2564e+07 3.1120e+07  26.9%     - 13557s
     0     0 3.1120e+07    0 3836 4.2564e+07 3.1120e+07  26.9%     - 13629s
     0     0 3.1139e+07    0 3788 4.2564e+07 3.1139e+07  26.8%     - 14566s
     0     0 3.1139e+07    0 3741 4.2564e+07 3.1139e+07  26.8%     - 14929s
     0     0 3.1146e+07    0 3707 4.2564e+07 3.1146e+07  26.8%     - 15661s
     0     0 3.1146e+07    0 3864 4.2564e+07 3.1146e+07  26.8%     - 15800s
     0     0 3.1147e+07    0 3791 4.2564e+07 3.1147e+07  26.8%     - 16270s
     0     0 3.1147e+07    0 3805 4.2564e+07 3.1147e+07  26.8%     - 16440s
     0     0 3.1147e+07    0 3803 4.2564e+07 3.1147e+07  26.8%     - 16935s
     0     0 3.1147e+07    0 3837 4.2564e+07 3.1147e+07  26.8%     - 17050s
     0     0 3.1147e+07    0 3810 4.2564e+07 3.1147e+07  26.8%     - 17568s
     0     0 3.1147e+07    0 3872 4.2564e+07 3.1147e+07  26.8%     - 17648s
     0     0 3.1274e+07    0 3820 4.2564e+07 3.1274e+07  26.5%     - 20509s
     0     0 3.1274e+07    0 3880 4.2564e+07 3.1274e+07  26.5%     - 20609s
     0     0 3.1344e+07    0 3877 4.2564e+07 3.1344e+07  26.4%     - 23623s
     0     0 3.1344e+07    0 3811 4.2564e+07 3.1344e+07  26.4%     - 23753s
     0     0 3.1368e+07    0 3801 4.2564e+07 3.1368e+07  26.3%     - 25969s
     0     0 3.1368e+07    0 3904 4.2564e+07 3.1368e+07  26.3%     - 26232s
     0     0 3.1373e+07    0 3863 4.2564e+07 3.1373e+07  26.3%     - 27336s
     0     0 3.1373e+07    0 3940 4.2564e+07 3.1373e+07  26.3%     - 27423s
     0     0 3.1375e+07    0 3900 4.2564e+07 3.1375e+07  26.3%     - 28380s
     0     0 3.1375e+07    0 3917 4.2564e+07 3.1375e+07  26.3%     - 28722s
     0     0 3.1376e+07    0 3960 4.2564e+07 3.1376e+07  26.3%     - 29375s
     0     0 3.1376e+07    0 3909 4.2564e+07 3.1376e+07  26.3%     - 29915s
     0     0 3.1376e+07    0 3937 4.2564e+07 3.1376e+07  26.3%     - 30640s
     0     0 3.1376e+07    0 3943 4.2564e+07 3.1376e+07  26.3%     - 30884s
     0     0 3.1475e+07    0 3860 4.2564e+07 3.1475e+07  26.1%     - 33568s
     0     0 3.1475e+07    0 3852 4.2564e+07 3.1475e+07  26.1%     - 36960s
H    0     0                    4.204055e+07 3.1475e+07  25.1%     - 39933s
     0     0 3.1503e+07    0 3739 4.2041e+07 3.1503e+07  25.1%     - 45892s
     0     0 3.1503e+07    0 3853 4.2041e+07 3.1503e+07  25.1%     - 46183s
     0     0 3.1503e+07    0 3930 4.2041e+07 3.1503e+07  25.1%     - 46286s
     0     0 3.1503e+07    0 3855 4.2041e+07 3.1503e+07  25.1%     - 46587s
     0     0 3.1503e+07    0 3897 4.2041e+07 3.1503e+07  25.1%     - 46845s
     0     0 3.1513e+07    0 3882 4.2041e+07 3.1513e+07  25.0%     - 49748s
     0     0 3.1513e+07    0 3913 4.2041e+07 3.1513e+07  25.0%     - 50720s
     0     0 3.1516e+07    0 3997 4.2041e+07 3.1516e+07  25.0%     - 51636s
     0     0 3.1516e+07    0 3890 4.2041e+07 3.1516e+07  25.0%     - 52007s
     0     0 3.1518e+07    0 3947 4.2041e+07 3.1518e+07  25.0%     - 53287s
     0     0 3.1518e+07    0 3908 4.2041e+07 3.1518e+07  25.0%     - 53909s
     0     0 3.1519e+07    0 4037 4.2041e+07 3.1519e+07  25.0%     - 54530s
     0     0 3.1519e+07    0 4090 4.2041e+07 3.1519e+07  25.0%     - 54623s
     0     0 3.1520e+07    0 3980 4.2041e+07 3.1520e+07  25.0%     - 55051s
     0     0 3.1520e+07    0 3955 4.2041e+07 3.1520e+07  25.0%     - 55259s
     0     0 3.1520e+07    0 4012 4.2041e+07 3.1520e+07  25.0%     - 55858s
     0     0 3.1520e+07    0 3953 4.2041e+07 3.1520e+07  25.0%     - 59193s
     0     0 3.1521e+07    0 4057 4.2041e+07 3.1521e+07  25.0%     - 59912s
     0     0 3.1521e+07    0 3969 4.2041e+07 3.1521e+07  25.0%     - 60144s
     0     0 3.1566e+07    0 3923 4.2041e+07 3.1566e+07  24.9%     - 73662s
     0     0 3.1566e+07    0 3975 4.2041e+07 3.1566e+07  24.9%     - 73835s
     0     0 3.1591e+07    0 3930 4.2041e+07 3.1591e+07  24.9%     - 76262s
     0     0 3.1591e+07    0 3935 4.2041e+07 3.1591e+07  24.9%     - 76613s
     0     0 3.1591e+07    0 4000 4.2041e+07 3.1591e+07  24.9%     - 77316s
     0     0 3.1591e+07    0 3969 4.2041e+07 3.1591e+07  24.9%     - 77702s
     0     0 3.1591e+07    0 4042 4.2041e+07 3.1591e+07  24.9%     - 78136s
     0     0 3.1592e+07    0 4000 4.2041e+07 3.1592e+07  24.9%     - 78571s
     0     0 3.1592e+07    0 4027 4.2041e+07 3.1592e+07  24.9%     - 79007s
     0     0 3.1599e+07    0 3838 4.2041e+07 3.1599e+07  24.8%     - 82722s
     0     0 3.1599e+07    0 4060 4.2041e+07 3.1599e+07  24.8%     - 82954s
     0     0 3.1602e+07    0 3951 4.2041e+07 3.1602e+07  24.8%     - 85087s
     0     0 3.1602e+07    0 4117 4.2041e+07 3.1602e+07  24.8%     - 85128s
     0     0 3.1602e+07    0 4157 4.2041e+07 3.1602e+07  24.8%     - 85217s
     0     0 3.1602e+07    0 4040 4.2041e+07 3.1602e+07  24.8%     - 85464s
     0     0 3.1602e+07    0 4004 4.2041e+07 3.1602e+07  24.8%     - 85833s
     0     0          -    0      4.2041e+07 3.1602e+07  24.8%     - 86393s

Cutting planes:
  Lift-and-project: 12
  Cover: 1
  Implied bound: 1060
  Clique: 1
  MIR: 1691
  Flow cover: 94
  Flow path: 35
  RLT: 839
  Relax-and-lift: 1104

Explored 1 nodes (7866165 simplex iterations) in 86393.84 seconds (76058.48 work units)
Thread count was 4 (of 128 available processors)

Solution count 3: 4.20406e+07 4.25638e+07 4.26832e+07 

Time limit reached
Best objective 4.204055099978e+07, best bound 3.160229107188e+07, gap 24.8290%

Solving took 	23:59:53.849
####################################################################################################
####################################################################################################
####################################################################################################
Reached timelimit, but could find a feasible solution
####################################################################################################
Description                          Value
----------------------------  ------------
Objective (min)               42,040,551.0
Cost sailing                  15,796,870.0
Cost port visits              22,304,267.0
Cost transshipment (demands)   3,943,718.0
Cost transshipment (empties)   1,260,656.0
Penalty delayed demands        2,879,569.0
Revenue Empties                4,144,529.0
Penalty rejected demands               0.0
Rejected demands (%)                   0.0
Omitted ports (%)                      0.0
Gap (%)                              24.83
####################################################################################################
Export solution
####################################################################################################
Overall time 	1-00:00:01.387

real	1440m3.880s
user	1439m48.292s
sys	0m27.281s
finished at Fri Mar 17 14:56:12 CET 2023
