cpu-bind=MASK - n2lcn0107, task  0  0 [1654530]: mask |--------|--------||--------|--------||--------|--------||--------|--------||||--------|--------||--------|--------||--------|--------||--------|----BBBB|  set
started at Thu Mar 16 14:56:08 CET 2023
Timecheck 9868352.160082398
Set parameter TokenServer to value "license3.uni-paderborn.de"
Warning: Gurobi version mismatch between Python 10.0.1 and C library 10.0.0
Timecheck 9868352.238052333
Timecheck 9868352.23834642
Timecheck 9868352.238394031
Timecheck 9868352.238427792


####################################################################################################
Solve scenario sce_4_26_3 with free vessel operation using the arc flow model
Vessels cannot omit ports, Demands cannot be rejected
####################################################################################################
Data preprocessing, load /upb/departments/pc2/groups/hpc-prf-winf4/dwetzel/SILSRP/inst_final/sce_4_26_3
and create additional sets and parameters
	|- Read vessel information, number of vessels:	6
	|- Read node information, number of nodes:		397
	|- Read arc information
		|- Number of sailing arcs:			1631
		|- Number of transshipment arcs:	578
	|- Read container information
		|- Number of demands:		657
		|- Number of empties (+/-):	158/165
	|- Create additional sets and parameters

Data preprocessing took 	00:00:00.308
####################################################################################################
Create linear model
Set parameter Threads to value 4
	|- Create variables, took	00:00:00.342
	|- Create objective, took	00:00:00.362
	|- Create constraints, took	00:00:01.298
	|- Load CVO start

Creating model took	00:00:02.027
####################################################################################################
Fix start solution

Set parameter TimeLimit to value 8.6397938674105331e+04
Gurobi Optimizer version 10.0.0 build v10.0.0rc2 (linux64)

CPU model: AMD EPYC 7763 64-Core Processor, instruction set [SSE2|AVX|AVX2]
Thread count: 128 physical cores, 128 logical processors, using up to 4 threads

Optimize a model with 26877 rows, 91436 columns and 316203 nonzeros
Model fingerprint: 0x2fb0b551
Variable types: 80603 continuous, 10833 integer (10833 binary)
Coefficient statistics:
  Matrix range     [1e+00, 3e+05]
  Objective range  [1e+00, 1e+00]
  Bounds range     [1e+00, 4e+02]
  RHS range        [1e+00, 3e+07]
Presolve removed 25118 rows and 88533 columns
Presolve time: 0.17s
Presolved: 1759 rows, 2903 columns, 9962 nonzeros
Variable types: 2903 continuous, 0 integer (0 binary)

Root relaxation: objective 1.632001e+07, 941 iterations, 0.01 seconds (0.00 work units)

    Nodes    |    Current Node    |     Objective Bounds      |     Work
 Expl Unexpl |  Obj  Depth IntInf | Incumbent    BestBd   Gap | It/Node Time

*    0     0               0    1.632001e+07 1.6320e+07  0.00%     -    0s

Explored 1 nodes (941 simplex iterations) in 0.25 seconds (0.21 work units)
Thread count was 4 (of 128 available processors)

Solution count 1: 1.632e+07 

Optimal solution found (tolerance 1.00e-04)
Best objective 1.632001000000e+07, best bound 1.632001000000e+07, gap 0.0000%

Fixing start solution took	00:00:02.335
####################################################################################################
####################################################################################################
Solve optimization model

Set parameter TimeLimit to value 8.6397665294820443e+04
Gurobi Optimizer version 10.0.0 build v10.0.0rc2 (linux64)

CPU model: AMD EPYC 7763 64-Core Processor, instruction set [SSE2|AVX|AVX2]
Thread count: 128 physical cores, 128 logical processors, using up to 4 threads

Optimize a model with 26481 rows, 91436 columns and 315807 nonzeros
Model fingerprint: 0x9ce22188
Variable types: 80603 continuous, 10833 integer (10833 binary)
Coefficient statistics:
  Matrix range     [1e+00, 3e+05]
  Objective range  [1e+00, 1e+00]
  Bounds range     [1e+00, 4e+02]
  RHS range        [1e+00, 3e+07]

MIP start from previous solve produced solution with objective 1.632e+07 (0.15s)
Loaded MIP start from previous solve with objective 1.632e+07

Presolve removed 4205 rows and 5512 columns
Presolve time: 0.88s
Presolved: 22276 rows, 85924 columns, 255712 nonzeros
Variable types: 76712 continuous, 9212 integer (9212 binary)
Deterministic concurrent LP optimizer: primal and dual simplex
Showing first log only...


Root simplex log...

Iteration    Objective       Primal Inf.    Dual Inf.      Time
   37099    1.9835180e+07   8.232604e+01   9.841799e+09      5s
Concurrent spin time: 0.00s

Solved with dual simplex

Root simplex log...

Iteration    Objective       Primal Inf.    Dual Inf.      Time
   45398    1.2887488e+07   0.000000e+00   0.000000e+00      9s

Root relaxation: objective 1.288749e+07, 45398 iterations, 8.08 seconds (7.19 work units)
Total elapsed time = 10.17s

    Nodes    |    Current Node    |     Objective Bounds      |     Work
 Expl Unexpl |  Obj  Depth IntInf | Incumbent    BestBd   Gap | It/Node Time

     0     0 1.2887e+07    0 1829 1.6320e+07 1.2887e+07  21.0%     -   11s
     0     0 1.2953e+07    0 2036 1.6320e+07 1.2953e+07  20.6%     -   39s
     0     0 1.2958e+07    0 2101 1.6320e+07 1.2958e+07  20.6%     -   47s
     0     0 1.2960e+07    0 2123 1.6320e+07 1.2960e+07  20.6%     -   50s
     0     0 1.2960e+07    0 2140 1.6320e+07 1.2960e+07  20.6%     -   51s
     0     0 1.2960e+07    0 2149 1.6320e+07 1.2960e+07  20.6%     -   51s
     0     0 1.2960e+07    0 2149 1.6320e+07 1.2960e+07  20.6%     -   51s
     0     0 1.3010e+07    0 2097 1.6320e+07 1.3010e+07  20.3%     -  102s
     0     0 1.3016e+07    0 2055 1.6320e+07 1.3016e+07  20.2%     -  127s
     0     0 1.3016e+07    0 2083 1.6320e+07 1.3016e+07  20.2%     -  143s
H    0     0                    1.629609e+07 1.3020e+07  20.1%     -  168s
H    0     0                    1.600464e+07 1.3020e+07  18.6%     -  168s
H    0     0                    1.560754e+07 1.3020e+07  16.6%     -  168s
     0     0 1.3020e+07    0 2097 1.5608e+07 1.3020e+07  16.6%     -  188s
     0     0 1.3022e+07    0 2112 1.5608e+07 1.3022e+07  16.6%     -  196s
     0     0 1.3022e+07    0 2104 1.5608e+07 1.3022e+07  16.6%     -  205s
     0     0 1.3022e+07    0 2086 1.5608e+07 1.3022e+07  16.6%     -  209s
     0     0 1.3022e+07    0 2075 1.5608e+07 1.3022e+07  16.6%     -  210s
     0     0 1.3048e+07    0 2160 1.5608e+07 1.3048e+07  16.4%     -  284s
H    0     0                    1.555240e+07 1.3054e+07  16.1%     -  322s
H    0     0                    1.554205e+07 1.3054e+07  16.0%     -  322s
     0     0 1.3054e+07    0 2173 1.5542e+07 1.3054e+07  16.0%     -  322s
     0     0 1.3056e+07    0 2113 1.5542e+07 1.3056e+07  16.0%     -  340s
     0     0 1.3056e+07    0 2133 1.5542e+07 1.3056e+07  16.0%     -  351s
     0     0 1.3056e+07    0 2131 1.5542e+07 1.3056e+07  16.0%     -  355s
     0     0 1.3056e+07    0 2119 1.5542e+07 1.3056e+07  16.0%     -  356s
H    0     0                    1.540628e+07 1.3068e+07  15.2%     -  413s
     0     0 1.3068e+07    0 2068 1.5406e+07 1.3068e+07  15.2%     -  414s
     0     0 1.3072e+07    0 2085 1.5406e+07 1.3072e+07  15.2%     -  448s
H    0     0                    1.535662e+07 1.3072e+07  14.9%     -  458s
     0     0 1.3072e+07    0 2147 1.5357e+07 1.3072e+07  14.9%     -  459s
     0     0 1.3072e+07    0 2087 1.5357e+07 1.3072e+07  14.9%     -  464s
     0     0 1.3073e+07    0 2104 1.5357e+07 1.3073e+07  14.9%     -  469s
     0     0 1.3073e+07    0 2110 1.5357e+07 1.3073e+07  14.9%     -  471s
H    0     0                    1.520321e+07 1.3080e+07  14.0%     -  507s
     0     0 1.3080e+07    0 2021 1.5203e+07 1.3080e+07  14.0%     - 1062s
H    0     0                    1.512044e+07 1.3081e+07  13.5%     - 1090s
H    0     0                    1.511636e+07 1.3081e+07  13.5%     - 1090s
H    0     0                    1.501662e+07 1.3081e+07  12.9%     - 1090s
H    0     0                    1.496913e+07 1.3081e+07  12.6%     - 1090s
H    0     0                    1.495479e+07 1.3081e+07  12.5%     - 1090s
H    0     0                    1.495468e+07 1.3081e+07  12.5%     - 1090s
     0     0 1.3081e+07    0 2071 1.4955e+07 1.3081e+07  12.5%     - 1091s
     0     0 1.3081e+07    0 2066 1.4955e+07 1.3081e+07  12.5%     - 1097s
     0     0 1.3081e+07    0 2081 1.4955e+07 1.3081e+07  12.5%     - 1098s
     0     0 1.3081e+07    0 2017 1.4955e+07 1.3081e+07  12.5%     - 1102s
     0     0 1.3081e+07    0 2077 1.4955e+07 1.3081e+07  12.5%     - 1103s
H    0     0                    1.495349e+07 1.3084e+07  12.5%     - 1122s
     0     0 1.3084e+07    0 1945 1.4953e+07 1.3084e+07  12.5%     - 1122s
     0     0 1.3084e+07    0 1995 1.4953e+07 1.3084e+07  12.5%     - 1132s
     0     0 1.3084e+07    0 1996 1.4953e+07 1.3084e+07  12.5%     - 1140s
     0     0 1.3085e+07    0 2055 1.4953e+07 1.3085e+07  12.5%     - 1146s
H    0     0                    1.494305e+07 1.3085e+07  12.4%     - 1148s
     0     0 1.3085e+07    0 1986 1.4943e+07 1.3085e+07  12.4%     - 1148s
     0     0 1.3088e+07    0 1878 1.4943e+07 1.3088e+07  12.4%     - 1184s
H    0     0                    1.490983e+07 1.3089e+07  12.2%     - 1215s
H    0     0                    1.478501e+07 1.3089e+07  11.5%     - 1216s
     0     0 1.3089e+07    0 1959 1.4785e+07 1.3089e+07  11.5%     - 1216s
     0     0 1.3089e+07    0 1966 1.4785e+07 1.3089e+07  11.5%     - 1228s
     0     0 1.3089e+07    0 1939 1.4785e+07 1.3089e+07  11.5%     - 1228s
     0     0 1.3089e+07    0 1938 1.4785e+07 1.3089e+07  11.5%     - 1236s
     0     0 1.3089e+07    0 1963 1.4785e+07 1.3089e+07  11.5%     - 1237s
     0     0 1.3089e+07    0 1994 1.4785e+07 1.3089e+07  11.5%     - 1246s
     0     0 1.3090e+07    0 1967 1.4785e+07 1.3090e+07  11.5%     - 1250s
     0     0 1.3090e+07    0 1966 1.4785e+07 1.3090e+07  11.5%     - 1252s
     0     0 1.3090e+07    0 1981 1.4785e+07 1.3090e+07  11.5%     - 1255s
     0     0 1.3090e+07    0 1932 1.4785e+07 1.3090e+07  11.5%     - 1259s
     0     0 1.3091e+07    0 1970 1.4785e+07 1.3091e+07  11.5%     - 1293s
     0     0 1.3092e+07    0 1910 1.4785e+07 1.3092e+07  11.5%     - 1307s
     0     0 1.3092e+07    0 1959 1.4785e+07 1.3092e+07  11.5%     - 1310s
H    0     0                    1.477553e+07 1.3092e+07  11.4%     - 1326s
     0     0 1.3092e+07    0 1909 1.4776e+07 1.3092e+07  11.4%     - 1326s
     0     0 1.3092e+07    0 1912 1.4776e+07 1.3092e+07  11.4%     - 1335s
     0     0 1.3092e+07    0 1919 1.4776e+07 1.3092e+07  11.4%     - 1338s
     0     0 1.3094e+07    0 1928 1.4776e+07 1.3094e+07  11.4%     - 1353s
H    0     0                    1.475985e+07 1.3094e+07  11.3%     - 1362s
     0     0 1.3094e+07    0 1869 1.4760e+07 1.3094e+07  11.3%     - 1362s
     0     0 1.3094e+07    0 1908 1.4760e+07 1.3094e+07  11.3%     - 1364s
     0     0 1.3094e+07    0 1898 1.4760e+07 1.3094e+07  11.3%     - 1366s
     0     0 1.3094e+07    0 1902 1.4760e+07 1.3094e+07  11.3%     - 1368s
     0     0 1.3094e+07    0 1925 1.4760e+07 1.3094e+07  11.3%     - 1371s
     0     0 1.3094e+07    0 1921 1.4760e+07 1.3094e+07  11.3%     - 1375s
     0     0 1.3094e+07    0 1872 1.4760e+07 1.3094e+07  11.3%     - 1382s
     0     0 1.3094e+07    0 1854 1.4760e+07 1.3094e+07  11.3%     - 1391s
     0     2 1.3094e+07    0 1852 1.4760e+07 1.3094e+07  11.3%     - 1399s
     1     4 1.3094e+07    1 1880 1.4760e+07 1.3094e+07  11.3%  4255 1417s
     3     8 1.3095e+07    2 1904 1.4760e+07 1.3094e+07  11.3%  5107 1466s
     7    12 1.3097e+07    3 1861 1.4760e+07 1.3095e+07  11.3%  6208 1482s
    11    16 1.3097e+07    4 1931 1.4760e+07 1.3095e+07  11.3%  5595 1516s
    15    20 1.3097e+07    5 1909 1.4760e+07 1.3095e+07  11.3%  4825 1634s
    19    24 1.3097e+07    6 1892 1.4760e+07 1.3095e+07  11.3%  8601 1658s
    23    30 1.3102e+07    7 1887 1.4760e+07 1.3095e+07  11.3%  8467 1707s
    29    36 1.3105e+07    8 1893 1.4760e+07 1.3095e+07  11.3%  8289 1737s
    35    42 1.3104e+07    8 1854 1.4760e+07 1.3095e+07  11.3%  7837 1776s
    41    46 1.3115e+07    9 1850 1.4760e+07 1.3095e+07  11.3%  7829 1826s
    45    52 1.3118e+07   10 1890 1.4760e+07 1.3095e+07  11.3%  8118 1846s
    51    57 1.3118e+07   11 1817 1.4760e+07 1.3095e+07  11.3%  7605 1874s
    56    65 1.3120e+07   12 1868 1.4760e+07 1.3095e+07  11.3%  7492 1909s
    64    73 1.3122e+07   13 1838 1.4760e+07 1.3095e+07  11.3%  6933 1931s
    72    79 1.3151e+07   14 1821 1.4760e+07 1.3095e+07  11.3%  6722 1996s
    78    85 1.3124e+07   14 1822 1.4760e+07 1.3095e+07  11.3%  6560 2033s
    84    92 1.3125e+07   15 1830 1.4760e+07 1.3095e+07  11.3%  6521 2069s
    91    97 1.3132e+07   16 1699 1.4760e+07 1.3095e+07  11.3%  6576 2136s
    96   105 1.3128e+07   16 1789 1.4760e+07 1.3095e+07  11.3%  6720 2264s
H   98   105                    1.471976e+07 1.3095e+07  11.0%  6603 2264s
   104   121 1.3128e+07   17 1776 1.4720e+07 1.3095e+07  11.0%  7722 2301s
   120   135 1.3128e+07   23 1730 1.4720e+07 1.3095e+07  11.0%  6926 2341s
   134   153 1.3130e+07   27 1679 1.4720e+07 1.3095e+07  11.0%  6434 2416s
   152   174 1.3132e+07   31 1688 1.4720e+07 1.3095e+07  11.0%  5937 2461s
   173   188 1.3132e+07   39 1692 1.4720e+07 1.3095e+07  11.0%  5378 2505s
H  174   188                    1.471834e+07 1.3095e+07  11.0%  5347 2505s
   187   198 1.3134e+07   43 1615 1.4718e+07 1.3095e+07  11.0%  5154 2580s
   197   227 1.3134e+07   45 1608 1.4718e+07 1.3095e+07  11.0%  4969 2636s
   226   251 1.3144e+07   51 1587 1.4718e+07 1.3095e+07  11.0%  4527 2707s
   250   269 1.3141e+07   53 1564 1.4718e+07 1.3095e+07  11.0%  4256 2761s
   268   281 1.3141e+07   54 1641 1.4718e+07 1.3095e+07  11.0%  4119 2829s
H  273   281                    1.470618e+07 1.3095e+07  11.0%  4077 2829s
   280   293 1.3153e+07   57 1588 1.4706e+07 1.3095e+07  11.0%  4123 2888s
   292   309 1.3153e+07   58 1604 1.4706e+07 1.3095e+07  11.0%  4081 2943s
H  308   318                    1.462190e+07 1.3095e+07  10.4%  4000 3027s
   317   328 1.3167e+07   63 1489 1.4622e+07 1.3095e+07  10.4%  4079 3101s
   327   342 1.3187e+07   65 1512 1.4622e+07 1.3095e+07  10.4%  4112 3171s
H  341   359                    1.458759e+07 1.3095e+07  10.2%  4070 3251s
   358   391 1.3174e+07   78 1461 1.4588e+07 1.3095e+07  10.2%  4050 3324s
   390   402 1.3199e+07   89 1371 1.4588e+07 1.3095e+07  10.2%  3878 3409s
   401   412 infeasible   90      1.4588e+07 1.3095e+07  10.2%  3936 3495s
   415   424 1.3215e+07   92 1418 1.4588e+07 1.3095e+07  10.2%  3984 3583s
H  427   440                    1.455775e+07 1.3095e+07  10.0%  4027 3661s
   443   462 1.3237e+07   97 1307 1.4558e+07 1.3095e+07  10.0%  4037 3745s
   465   485 1.3270e+07  102 1298 1.4558e+07 1.3095e+07  10.0%  4019 3841s
H  466   485                    1.449801e+07 1.3095e+07  9.68%  4010 3841s
H  484   485                    1.444879e+07 1.3095e+07  9.37%  3959 3841s
   488   514 1.3259e+07  104 1261 1.4449e+07 1.3095e+07  9.37%  3955 3929s
   517   550 1.3294e+07  107 1276 1.4449e+07 1.3095e+07  9.37%  3874 4024s
H  535   550                    1.444459e+07 1.3095e+07  9.34%  3806 4025s
   553   572 1.3334e+07  116 1170 1.4445e+07 1.3095e+07  9.34%  3775 4134s
   575   590 1.3330e+07  118 1178 1.4445e+07 1.3095e+07  9.34%  3782 4240s
H  580   590                    1.441502e+07 1.3095e+07  9.16%  3776 4240s
   595   630 1.3318e+07  121 1178 1.4415e+07 1.3095e+07  9.16%  3794 4337s
H  641   656                    1.420600e+07 1.3095e+07  7.82%  3662 4443s
   669   714 1.3326e+07  139 1106 1.4206e+07 1.3095e+07  7.82%  3615 4510s
H  707   714                    1.414438e+07 1.3095e+07  7.42%  3495 4510s
H  729   721                    1.405610e+07 1.3095e+07  6.84%  3461 4808s
H  730   721                    1.402716e+07 1.3095e+07  6.65%  3463 4808s
H  735   721                    1.387186e+07 1.3095e+07  5.60%  3468 4808s
H  736   767                    1.382201e+07 1.3095e+07  5.26%  3463 4942s
   784   776 1.3380e+07  163 1106 1.3822e+07 1.3095e+07  5.26%  3485 5164s
H  792   776                    1.381395e+07 1.3095e+07  5.21%  3484 5164s
   793   825 1.3389e+07  164 1096 1.3814e+07 1.3095e+07  5.21%  3484 5274s
   848   882 1.3452e+07  166 1057 1.3814e+07 1.3095e+07  5.21%  3457 5391s
H  872   882                    1.381105e+07 1.3095e+07  5.19%  3427 5391s
H  913   914                    1.380034e+07 1.3095e+07  5.11%  3377 5528s
   947   964 1.3600e+07  177  811 1.3800e+07 1.3095e+07  5.11%  3349 5670s
H  952   964                    1.379809e+07 1.3095e+07  5.10%  3338 5670s
H 1006   964                    1.375627e+07 1.3095e+07  4.81%  3235 5670s
  1013   999 1.3679e+07  194  668 1.3756e+07 1.3097e+07  4.79%  3254 5798s
  1054  1035 1.3124e+07    6 1679 1.3756e+07 1.3097e+07  4.79%  3265 5926s
  1093  1036 1.3330e+07  119 1854 1.3756e+07 1.3097e+07  4.79%  3246 6479s
  1095  1037 1.3142e+07   44 1678 1.3756e+07 1.3097e+07  4.79%  3240 6495s
  1096  1038 1.3134e+07   43 1984 1.3756e+07 1.3097e+07  4.79%  3238 6524s
  1097  1039 1.3638e+07  263 1952 1.3756e+07 1.3097e+07  4.79%  3235 6554s
  1098  1039 1.3308e+07  118 2048 1.3756e+07 1.3097e+07  4.79%  3232 6592s
  1099  1040 1.3167e+07   64 1981 1.3756e+07 1.3097e+07  4.79%  3229 6637s
  1100  1041 1.3249e+07   92 1995 1.3756e+07 1.3097e+07  4.79%  3226 6664s
  1101  1041 1.3291e+07  114 1968 1.3756e+07 1.3097e+07  4.79%  3223 6685s
  1102  1042 1.3145e+07   61 1903 1.3756e+07 1.3097e+07  4.79%  3220 6718s
  1103  1043 1.3125e+07    8 1902 1.3756e+07 1.3097e+07  4.79%  3217 6742s
  1104  1043 1.3229e+07   29 1871 1.3756e+07 1.3097e+07  4.79%  3214 6765s
  1105  1044 1.3340e+07  140 1804 1.3756e+07 1.3097e+07  4.79%  3211 6780s
  1106  1045 1.3135e+07   39 1814 1.3756e+07 1.3097e+07  4.79%  3208 6792s
  1107  1045 1.3116e+07   15 1820 1.3756e+07 1.3097e+07  4.79%  3205 6803s
  1108  1046 1.3593e+07  249 1808 1.3756e+07 1.3097e+07  4.79%  3202 6809s
  1109  1047 1.3319e+07  136 1826 1.3756e+07 1.3097e+07  4.79%  3200 6813s
  1110  1047 1.3323e+07  122 1779 1.3756e+07 1.3098e+07  4.78%  3197 6848s
  1111  1048 1.3157e+07   15 1863 1.3756e+07 1.3099e+07  4.78%  3194 6870s
  1112  1049 1.3399e+07  173 1856 1.3756e+07 1.3100e+07  4.77%  3191 6879s
  1113  1049 1.3417e+07  165 1810 1.3756e+07 1.3100e+07  4.77%  3188 6885s
  1114  1050 1.3374e+07  161 1746 1.3756e+07 1.3100e+07  4.77%  3185 6892s
  1115  1051 1.3721e+07  206 1839 1.3756e+07 1.3100e+07  4.77%  3182 6896s
  1116  1051 1.3176e+07   84 1860 1.3756e+07 1.3100e+07  4.77%  3179 6900s
  1118  1053 1.3101e+07    6 1741 1.3756e+07 1.3101e+07  4.77%  3174 6930s
  1119  1053 1.3247e+07   44 1714 1.3756e+07 1.3101e+07  4.76%  3171 6938s
  1120  1054 1.3289e+07  127 1859 1.3756e+07 1.3101e+07  4.76%  3168 6945s
  1121  1055 1.3134e+07   30 1852 1.3756e+07 1.3101e+07  4.76%  3165 6950s
  1124  1057 1.3451e+07  198 1857 1.3756e+07 1.3101e+07  4.76%  3157 6956s
  1125  1057 1.3140e+07   15 1788 1.3756e+07 1.3102e+07  4.76%  3154 6977s
  1126  1058 1.3297e+07  102 1733 1.3756e+07 1.3102e+07  4.76%  3151 6984s
  1127  1059 1.3464e+07  199 1745 1.3756e+07 1.3102e+07  4.76%  3148 6986s
  1129  1060 1.3107e+07    7 1689 1.3756e+07 1.3102e+07  4.75%  3143 6992s
  1130  1061 1.3203e+07   25 1720 1.3756e+07 1.3102e+07  4.75%  3140 7002s
  1131  1061 1.3124e+07    7 1754 1.3756e+07 1.3102e+07  4.75%  3137 7006s
  1133  1063 1.3258e+07   74 1784 1.3756e+07 1.3103e+07  4.75%  3132 7012s
  1134  1063 1.3462e+07  158 1765 1.3756e+07 1.3103e+07  4.75%  3129 7024s
  1135  1064 1.3365e+07  141 1736 1.3756e+07 1.3103e+07  4.75%  3126 7029s
  1136  1065 1.3247e+07   54 1741 1.3756e+07 1.3103e+07  4.75%  3124 7031s
  1138  1066 1.3277e+07  106 1763 1.3756e+07 1.3103e+07  4.75%  3118 7036s
  1140  1067 1.3248e+07   53 1747 1.3756e+07 1.3103e+07  4.75%  3113 7041s
  1141  1068 1.3165e+07   75 1772 1.3756e+07 1.3103e+07  4.75%  3110 7050s
  1143  1069 1.3288e+07  112 1777 1.3756e+07 1.3103e+07  4.75%  3104 7060s
  1144  1070 1.3649e+07  267 1760 1.3756e+07 1.3103e+07  4.75%  3102 7067s
  1145  1071 1.3320e+07  128 1821 1.3756e+07 1.3103e+07  4.75%  3099 7070s
  1147  1072 1.3592e+07  243 1720 1.3756e+07 1.3103e+07  4.75%  3094 7075s
  1148  1073 1.3593e+07  251 1722 1.3756e+07 1.3103e+07  4.75%  3091 7080s
  1149  1073 1.3187e+07   20 1746 1.3756e+07 1.3103e+07  4.75%  3088 7085s
  1151  1075 1.3111e+07   10 1732 1.3756e+07 1.3103e+07  4.75%  3083 7090s
  1152  1075 1.3195e+07   54 1714 1.3756e+07 1.3103e+07  4.75%  3080 7100s
  1154  1077 1.3227e+07   30 1786 1.3756e+07 1.3103e+07  4.75%  3075 7108s
  1155  1077 1.3213e+07   28 1805 1.3756e+07 1.3104e+07  4.74%  3072 7116s
  1157  1079 1.3169e+07   67 1814 1.3756e+07 1.3104e+07  4.74%  3067 7121s
  1158  1079 1.3128e+07   20 1798 1.3756e+07 1.3104e+07  4.74%  3064 7131s
  1159  1080 1.3261e+07   97 1807 1.3756e+07 1.3104e+07  4.74%  3062 7135s
  1160  1081 1.3227e+07   30 1808 1.3756e+07 1.3104e+07  4.74%  3059 7144s
  1161  1081 1.3134e+07   28 1805 1.3756e+07 1.3104e+07  4.74%  3056 7271s
  1162  1082 1.3222e+07   90 1805 1.3756e+07 1.3104e+07  4.74%  3054 7284s
  1163  1086 1.3107e+07   15 1803 1.3756e+07 1.3104e+07  4.74%  3296 7339s
  1165  1089 1.3111e+07   16 1730 1.3756e+07 1.3107e+07  4.72%  3310 7390s
  1169  1092 1.3114e+07   17 1741 1.3756e+07 1.3111e+07  4.69%  3325 7408s
  1173  1094 1.3117e+07   17 1740 1.3756e+07 1.3114e+07  4.67%  3332 7491s
  1177  1097 1.3119e+07   18 1738 1.3756e+07 1.3114e+07  4.67%  3383 7498s
  1181  1100 1.3124e+07   18 1729 1.3756e+07 1.3114e+07  4.67%  3380 7509s
  1185  1104 1.3119e+07   19 1728 1.3756e+07 1.3114e+07  4.67%  3378 7541s
  1191  1107 1.3119e+07   20 1661 1.3756e+07 1.3114e+07  4.67%  3379 7575s
  1196  1110 1.3139e+07   20 1711 1.3756e+07 1.3114e+07  4.67%  3412 7603s
  1200  1113 1.3125e+07   21 1655 1.3756e+07 1.3114e+07  4.67%  3421 7633s
  1205  1118 1.3127e+07   21 1761 1.3756e+07 1.3114e+07  4.67%  3440 7671s
  1211  1122 1.3127e+07   22 1704 1.3756e+07 1.3114e+07  4.67%  3440 7696s
  1217  1127 1.3133e+07   22 1638 1.3756e+07 1.3114e+07  4.67%  3449 7718s
  1224  1128 1.3144e+07   23 1666 1.3756e+07 1.3114e+07  4.67%  3451 7744s
  1228  1132 1.3131e+07   23 1626 1.3756e+07 1.3114e+07  4.67%  3475 7778s
  1233  1134 1.3160e+07   24 1728 1.3756e+07 1.3114e+07  4.67%  3632 8018s
  1237  1140 1.3144e+07   24 1740 1.3756e+07 1.3114e+07  4.67%  3642 8041s
  1244  1145 1.3147e+07   25 1677 1.3756e+07 1.3114e+07  4.67%  3637 8093s
  1251  1149 1.3165e+07   25 1668 1.3756e+07 1.3114e+07  4.67%  3654 8138s
  1258  1160 1.3154e+07   26 1648 1.3756e+07 1.3114e+07  4.67%  3674 8158s
  1271  1166 1.3152e+07   26 1664 1.3756e+07 1.3114e+07  4.67%  3655 8199s
  1281  1172 1.3157e+07   27 1676 1.3756e+07 1.3114e+07  4.67%  3657 8278s
  1291  1176 1.3159e+07   28 1623 1.3756e+07 1.3114e+07  4.67%  3670 8345s
  1298  1179 1.3175e+07   28 1650 1.3756e+07 1.3114e+07  4.67%  3702 8392s
  1305  1186 1.3168e+07   29 1682 1.3756e+07 1.3114e+07  4.67%  3715 8450s
  1315  1190 1.3174e+07   30 1621 1.3756e+07 1.3114e+07  4.67%  3738 8512s
  1322  1194 1.3179e+07   30 1583 1.3756e+07 1.3114e+07  4.67%  3768 8561s
  1328  1206 1.3174e+07   31 1602 1.3756e+07 1.3114e+07  4.67%  3777 8623s
  1342  1209 1.3211e+07   33 1617 1.3756e+07 1.3114e+07  4.67%  3793 8713s
  1354  1212 1.3258e+07   35 1561 1.3756e+07 1.3114e+07  4.67%  3841 8784s
  1361  1219 1.3216e+07   35 1657 1.3756e+07 1.3114e+07  4.67%  3860 8881s
  1370  1225 1.3219e+07   37 1528 1.3756e+07 1.3114e+07  4.67%  3896 8988s
  1379  1233 1.3219e+07   38 1555 1.3756e+07 1.3114e+07  4.67%  3936 9060s
  1390  1239 1.3221e+07   40 1497 1.3756e+07 1.3114e+07  4.67%  3963 9139s
  1400  1242 1.3265e+07   41 1539 1.3756e+07 1.3114e+07  4.67%  4022 9226s
  1406  1258 1.3262e+07   42 1488 1.3756e+07 1.3114e+07  4.67%  4057 9300s
  1424  1264 1.3288e+07   45 1541 1.3756e+07 1.3114e+07  4.67%  4064 9437s
  1436  1272 1.3268e+07   47 1469 1.3756e+07 1.3114e+07  4.67%  4112 9538s
  1448  1285 1.3269e+07   48 1449 1.3756e+07 1.3114e+07  4.67%  4143 9669s
  1465  1291 1.3271e+07   49 1466 1.3756e+07 1.3114e+07  4.67%  4201 9766s
  1477  1304 1.3273e+07   50 1415 1.3756e+07 1.3114e+07  4.67%  4240 9873s
  1494  1314 1.3282e+07   51 1445 1.3756e+07 1.3114e+07  4.67%  4266 9973s
  1510  1333 1.3282e+07   52 1429 1.3756e+07 1.3114e+07  4.67%  4303 10093s
  1534  1352 1.3284e+07   53 1371 1.3756e+07 1.3114e+07  4.67%  4321 10200s
  1561  1377 1.3285e+07   54 1406 1.3756e+07 1.3114e+07  4.67%  4309 10422s
  1595  1386 1.3312e+07   55 1445 1.3756e+07 1.3114e+07  4.67%  4295 10549s
  1617  1415 1.3303e+07   56 1460 1.3756e+07 1.3114e+07  4.67%  4311 10687s
  1656  1430 1.3303e+07   58 1407 1.3756e+07 1.3114e+07  4.67%  4280 10833s
  1684  1469 1.3296e+07   60 1457 1.3756e+07 1.3114e+07  4.67%  4272 10979s
  1732  1479 1.3329e+07   62 1353 1.3756e+07 1.3114e+07  4.67%  4243 11075s
H 1745  1419                    1.375565e+07 1.3114e+07  4.66%  4245 11075s
  1758  1453 1.3314e+07   64 1504 1.3756e+07 1.3114e+07  4.66%  4233 11349s
H 1761  1400                    1.373113e+07 1.3114e+07  4.49%  4240 11349s
  1799  1467 1.3317e+07   66 1350 1.3731e+07 1.3114e+07  4.49%  4222 11434s
  1878  1515 1.3330e+07   68 1423 1.3731e+07 1.3114e+07  4.49%  4127 11508s
H 1887  1462                    1.372746e+07 1.3114e+07  4.47%  4124 11508s
  1953  1535 1.3330e+07   70 1403 1.3727e+07 1.3114e+07  4.47%  4039 11625s
  2048  1590 1.3344e+07   74 1325 1.3727e+07 1.3114e+07  4.47%  3939 11721s
H 2070  1535                    1.372425e+07 1.3114e+07  4.45%  3926 11721s
H 2097  1481                    1.370645e+07 1.3114e+07  4.32%  3899 11721s
H 2134  1509                    1.369309e+07 1.3114e+07  4.23%  3836 11981s
  2222  1636 1.3352e+07   77 1361 1.3693e+07 1.3114e+07  4.23%  3725 12063s
  2378  1730 1.3368e+07   81 1418 1.3693e+07 1.3114e+07  4.23%  3552 12142s
  2535  1798 1.3372e+07   88 1353 1.3693e+07 1.3114e+07  4.23%  3406 12274s
  2708  1864 1.3375e+07   98 1239 1.3693e+07 1.3114e+07  4.23%  3266 12365s
  2867  1896 1.3390e+07  112 1161 1.3693e+07 1.3114e+07  4.23%  3163 12480s
  2977  1903 1.3423e+07  118 1092 1.3693e+07 1.3114e+07  4.23%  3119 12578s
  3021  1954 1.3424e+07  129 1109 1.3693e+07 1.3114e+07  4.23%  3128 12675s
H 3043  1906                    1.369274e+07 1.3114e+07  4.23%  3119 12675s
  3087  1997 1.3470e+07  140 1027 1.3693e+07 1.3114e+07  4.23%  3117 12789s
  3195  2113 1.3542e+07  161  857 1.3693e+07 1.3114e+07  4.23%  3064 12900s
  3352  2222 1.3502e+07  192  801 1.3693e+07 1.3114e+07  4.23%  2993 13006s
  3587  2279 1.3118e+07   19 1790 1.3693e+07 1.3114e+07  4.23%  2853 13126s
  3692  2423 1.3136e+07   26 1776 1.3693e+07 1.3114e+07  4.23%  2827 13246s
  3836  2570 1.3193e+07   36 1689 1.3693e+07 1.3114e+07  4.23%  2770 13373s
  3995  2641 1.3252e+07   40 1583 1.3693e+07 1.3114e+07  4.23%  2718 13515s
H 4155  2649                    1.369224e+07 1.3114e+07  4.22%  2677 13762s
H 4161  2648                    1.369095e+07 1.3114e+07  4.21%  2681 13762s
  4163  2700 1.3337e+07   52 1583 1.3691e+07 1.3114e+07  4.21%  2681 13909s
H 4223  2749                    1.369021e+07 1.3114e+07  4.21%  2696 14057s
H 4250  2743                    1.368877e+07 1.3114e+07  4.20%  2704 14057s
  4273  2800 1.3615e+07   87 1291 1.3689e+07 1.3118e+07  4.17%  2716 14249s
  4341  2841 1.3121e+07   19 1684 1.3689e+07 1.3118e+07  4.17%  2720 14405s
  4382  2893 1.3152e+07   25 1641 1.3689e+07 1.3118e+07  4.17%  2747 14600s
  4434  2986 1.3242e+07   49 1498 1.3689e+07 1.3118e+07  4.17%  2754 14761s
  4527  3126 1.3325e+07   96 1118 1.3689e+07 1.3119e+07  4.16%  2754 14937s
  4678  3237 1.3143e+07   25 1696 1.3689e+07 1.3119e+07  4.16%  2732 15115s
  4805  3434 1.3270e+07   38 1515 1.3689e+07 1.3119e+07  4.16%  2728 15292s
  5002  3678 1.3384e+07   49 1494 1.3689e+07 1.3119e+07  4.16%  2691 15497s
  5333  3733 1.3456e+07   68 1358 1.3689e+07 1.3124e+07  4.13%  2593 16236s
  5394  3844 1.3137e+07   20 1562 1.3689e+07 1.3124e+07  4.13%  2613 16441s
  5505  4005 1.3157e+07   25 1395 1.3689e+07 1.3124e+07  4.13%  2610 16673s
  5686  4055 1.3187e+07   34 1431 1.3689e+07 1.3124e+07  4.13%  2589 16916s
  5748  4165 1.3198e+07   41 1334 1.3689e+07 1.3124e+07  4.13%  2617 17157s
  5858  4264 1.3219e+07   48 1361 1.3689e+07 1.3124e+07  4.13%  2627 17404s
  5988  4348 1.3242e+07   60 1389 1.3689e+07 1.3124e+07  4.13%  2630 17652s
  6072  4618 1.3300e+07   75 1175 1.3689e+07 1.3124e+07  4.13%  2648 17918s
  6367  4861 1.3492e+07  141  781 1.3689e+07 1.3124e+07  4.12%  2603 18188s
  6642  5049 1.3180e+07   25 1624 1.3689e+07 1.3124e+07  4.12%  2570 18463s
  6880  5091 1.3447e+07   46 1263 1.3689e+07 1.3124e+07  4.12%  2555 19014s
  6924  5148 1.3560e+07   56 1345 1.3689e+07 1.3124e+07  4.12%  2566 19284s
  7009  5217 infeasible   69      1.3689e+07 1.3125e+07  4.12%  2571 19607s
  7090  5393 1.3230e+07   35 1454 1.3689e+07 1.3125e+07  4.12%  2582 20001s
  7295  5571 1.3567e+07   66 1183 1.3689e+07 1.3127e+07  4.11%  2580 20342s
  7518  5715 1.3190e+07   40 1613 1.3689e+07 1.3127e+07  4.11%  2574 20710s
  7696  5929 1.3381e+07   91 1395 1.3689e+07 1.3127e+07  4.10%  2581 21066s
  7937  6088 1.3145e+07   26 1614 1.3689e+07 1.3127e+07  4.10%  2572 21430s
  8112  6202 1.3184e+07   42 1518 1.3689e+07 1.3127e+07  4.10%  2587 21746s
H 8113  6198                    1.368650e+07 1.3127e+07  4.09%  2587 21746s
  8228  6417 1.3198e+07   52 1519 1.3686e+07 1.3127e+07  4.09%  2599 22125s
  8472  6736 1.3237e+07   70 1425 1.3686e+07 1.3127e+07  4.09%  2597 22515s
  8833  7058 1.3279e+07  107 1200 1.3686e+07 1.3127e+07  4.09%  2562 22946s
  9205  7301 1.3436e+07  210  741 1.3686e+07 1.3130e+07  4.07%  2541 23372s
  9465  7578 1.3214e+07   47 1510 1.3686e+07 1.3130e+07  4.07%  2546 23761s
  9764  7975 1.3196e+07   42 1546 1.3686e+07 1.3131e+07  4.06%  2513 24231s
 10192  8247 1.3142e+07   23 1646 1.3686e+07 1.3131e+07  4.06%  2488 24691s
 10509  8554 1.3260e+07   41 1561 1.3686e+07 1.3131e+07  4.06%  2475 25419s
 10877  8820 1.3213e+07   43 1515 1.3686e+07 1.3131e+07  4.06%  2498 26483s
 11258  9268 1.3146e+07   23 1638 1.3686e+07 1.3131e+07  4.06%  2523 27264s
 11714  9746 1.3386e+07   59 1287 1.3686e+07 1.3131e+07  4.06%  2542 28582s
 12221 10183 1.3542e+07  105 1069 1.3686e+07 1.3132e+07  4.05%  2506 29467s
H12747 10429                    1.366936e+07 1.3132e+07  3.93%  2504 30323s
 13226 10893 1.3159e+07   26 1763 1.3669e+07 1.3133e+07  3.93%  2514 31139s
 13765 11365 1.3203e+07   33 1500 1.3669e+07 1.3133e+07  3.92%  2511 31938s
 14301 11663 1.3183e+07   33 1505 1.3669e+07 1.3134e+07  3.92%  2506 32965s
 14670 12008 1.3237e+07   49 1500 1.3669e+07 1.3134e+07  3.91%  2534 33735s
 15053 12440 1.3186e+07   32 1580 1.3669e+07 1.3135e+07  3.91%  2549 34518s
 15543 12849 1.3336e+07   63 1545 1.3669e+07 1.3135e+07  3.91%  2549 35293s
 16032 13092 1.3388e+07   53 1450 1.3669e+07 1.3135e+07  3.91%  2549 36049s
 16317 13511 1.3258e+07   44 1458 1.3669e+07 1.3136e+07  3.90%  2576 36820s
 16760 14172 1.3396e+07   58 1277 1.3669e+07 1.3136e+07  3.90%  2592 37595s
 17506 14586 1.3394e+07   52 1347 1.3669e+07 1.3136e+07  3.90%  2567 38357s
 18050 14991 1.3501e+07   85 1415 1.3669e+07 1.3136e+07  3.90%  2561 39104s
 18558 15348 1.3650e+07   77 1358 1.3669e+07 1.3137e+07  3.90%  2555 39876s
 18986 15738 1.3223e+07   39 1550 1.3669e+07 1.3137e+07  3.89%  2563 40612s
 19441 16169 1.3213e+07   34 1464 1.3669e+07 1.3137e+07  3.89%  2565 41448s
 19896 16662 1.3363e+07   72 1239 1.3669e+07 1.3137e+07  3.89%  2564 42165s
 20510 16855 1.3355e+07   56 1301 1.3669e+07 1.3138e+07  3.89%  2552 42871s
 20770 16856 1.3319e+07   53 1854 1.3669e+07 1.3138e+07  3.89%  2573 50610s
 20772 16857 1.3429e+07   93 1715 1.3669e+07 1.3138e+07  3.89%  2573 50626s
 20773 16858 1.3474e+07  202 1951 1.3669e+07 1.3138e+07  3.89%  2573 50664s
 20774 16859 1.3454e+07   98 1996 1.3669e+07 1.3138e+07  3.89%  2573 50720s
 20775 16859 1.3442e+07   82 2061 1.3669e+07 1.3138e+07  3.89%  2573 50772s
 20776 16860 1.3543e+07  128 2054 1.3669e+07 1.3138e+07  3.89%  2572 50814s
 20777 16861 1.3196e+07   32 2023 1.3669e+07 1.3138e+07  3.89%  2572 50853s
 20778 16861 1.3497e+07   89 1952 1.3669e+07 1.3138e+07  3.89%  2572 50893s
 20779 16862 1.3420e+07   89 1926 1.3669e+07 1.3138e+07  3.89%  2572 50927s
 20780 16863 1.3419e+07  140 1921 1.3669e+07 1.3138e+07  3.89%  2572 50949s
 20781 16863 1.3301e+07   67 1953 1.3669e+07 1.3138e+07  3.89%  2572 50975s
 20782 16864 1.3621e+07  188 1959 1.3669e+07 1.3138e+07  3.89%  2572 51009s
 20783 16865 1.3451e+07  112 1955 1.3669e+07 1.3138e+07  3.89%  2572 51023s
 20784 16865 1.3384e+07  120 1923 1.3669e+07 1.3138e+07  3.89%  2572 51039s
 20785 16866 1.3464e+07   75 1904 1.3669e+07 1.3138e+07  3.89%  2571 51049s
 20786 16867 1.3270e+07   45 1934 1.3669e+07 1.3138e+07  3.89%  2571 51060s
 20787 16867 1.3460e+07   61 1909 1.3669e+07 1.3138e+07  3.89%  2571 51068s
 20788 16868 1.3397e+07  103 1829 1.3669e+07 1.3138e+07  3.89%  2571 51073s
 20789 16869 1.3608e+07  106 1884 1.3669e+07 1.3138e+07  3.89%  2571 51081s
 20791 16870 1.3198e+07   40 1886 1.3669e+07 1.3138e+07  3.89%  2571 51088s
 20792 16871 1.3174e+07   29 1809 1.3669e+07 1.3138e+07  3.89%  2571 51193s
 20793 16871 1.3637e+07  203 1799 1.3669e+07 1.3138e+07  3.89%  2570 51197s
 20794 16872 1.3277e+07   61 1724 1.3669e+07 1.3138e+07  3.89%  2570 51246s
 20795 16873 1.3350e+07  130 1740 1.3669e+07 1.3138e+07  3.89%  2570 51346s
 20796 16873 1.3618e+07  112 1785 1.3669e+07 1.3138e+07  3.89%  2570 51354s
 20797 16874 1.3288e+07   55 1785 1.3669e+07 1.3138e+07  3.89%  2570 51357s
 20798 16875 1.3251e+07   45 1774 1.3669e+07 1.3138e+07  3.89%  2570 51361s
 20800 16876 1.3277e+07   55 1815 1.3669e+07 1.3138e+07  3.89%  2570 51410s
 20801 16877 1.3310e+07  106 1817 1.3669e+07 1.3138e+07  3.89%  2569 51518s
 20803 16878 1.3310e+07   72 1827 1.3669e+07 1.3138e+07  3.89%  2569 51522s
 20804 16879 1.3516e+07  162 1843 1.3669e+07 1.3138e+07  3.89%  2569 51567s
 20805 16879 1.3195e+07   38 1920 1.3669e+07 1.3138e+07  3.89%  2569 51677s
 20806 16880 1.3552e+07  141 1863 1.3669e+07 1.3138e+07  3.89%  2569 51682s
 20807 16881 1.3339e+07   55 1905 1.3669e+07 1.3138e+07  3.89%  2569 51686s
 20809 16882 1.3278e+07   44 1893 1.3669e+07 1.3138e+07  3.89%  2568 51739s
 20810 16883 1.3431e+07  107 1806 1.3669e+07 1.3138e+07  3.89%  2568 51842s
 20811 16883 1.3262e+07   40 1908 1.3669e+07 1.3138e+07  3.89%  2568 51848s
 20812 16884 1.3190e+07   30 1910 1.3669e+07 1.3138e+07  3.89%  2568 51850s
 20814 16885 1.3436e+07  111 1938 1.3669e+07 1.3138e+07  3.89%  2568 51908s
 20815 16886 1.3216e+07   50 1907 1.3669e+07 1.3138e+07  3.89%  2568 51961s
 20816 16887 1.3293e+07   63 1918 1.3669e+07 1.3138e+07  3.89%  2568 51965s
 20817 16887 1.3394e+07  114 1904 1.3669e+07 1.3138e+07  3.89%  2567 52014s
 20818 16888 1.3513e+07  126 1881 1.3669e+07 1.3138e+07  3.89%  2567 52065s
 20820 16889 1.3537e+07  167 1886 1.3669e+07 1.3138e+07  3.89%  2567 52118s
 20821 16890 1.3597e+07  121 1931 1.3669e+07 1.3138e+07  3.89%  2567 52169s
 20822 16891 1.3380e+07   86 1907 1.3669e+07 1.3138e+07  3.89%  2567 52221s
 20823 16891 1.3305e+07   48 1939 1.3669e+07 1.3138e+07  3.89%  2567 52278s
 20824 16892 1.3340e+07   56 1876 1.3669e+07 1.3138e+07  3.89%  2567 52327s
 20825 16893 1.3621e+07  141 1911 1.3669e+07 1.3138e+07  3.89%  2566 52378s
 20826 16893 1.3171e+07   30 1910 1.3669e+07 1.3138e+07  3.89%  2566 52427s
 20827 16894 1.3273e+07   56 1883 1.3669e+07 1.3138e+07  3.89%  2566 52479s
 20828 16895 1.3364e+07   87 1908 1.3669e+07 1.3138e+07  3.89%  2566 52483s
 20830 16896 1.3355e+07   78 1913 1.3669e+07 1.3138e+07  3.89%  2566 52535s
 20831 16897 1.3240e+07   59 1890 1.3669e+07 1.3138e+07  3.89%  2566 52585s
 20832 16897 1.3202e+07   38 1894 1.3669e+07 1.3138e+07  3.89%  2566 52630s
 20833 16898 1.3196e+07   42 1882 1.3669e+07 1.3138e+07  3.89%  2565 52677s
 20834 16899 1.3507e+07  166 1871 1.3669e+07 1.3138e+07  3.89%  2565 52721s
 20835 16899 1.3613e+07   89 1858 1.3669e+07 1.3138e+07  3.89%  2565 52779s
 20836 16900 1.3260e+07   61 1910 1.3669e+07 1.3138e+07  3.89%  2565 52856s
 20837 16901 1.3157e+07   22 1857 1.3669e+07 1.3138e+07  3.89%  2565 52917s
 20839 16902 1.3443e+07   94 1877 1.3669e+07 1.3138e+07  3.89%  2565 52983s
 20840 16903 1.3441e+07  100 1885 1.3669e+07 1.3138e+07  3.89%  2565 53029s
 20841 16903 1.3346e+07  214 1891 1.3669e+07 1.3138e+07  3.89%  2564 53075s
 20842 16904 1.3261e+07   54 1893 1.3669e+07 1.3138e+07  3.89%  2564 53128s
 20843 16905 1.3558e+07  200 1897 1.3669e+07 1.3138e+07  3.89%  2564 53130s
 20844 16905 1.3268e+07   79 1937 1.3669e+07 1.3138e+07  3.89%  2564 53175s
 20845 16906 1.3310e+07   72 1929 1.3669e+07 1.3138e+07  3.89%  2564 53225s
 20846 16907 1.3242e+07   67 1934 1.3669e+07 1.3138e+07  3.89%  2564 53271s
 20847 16907 1.3499e+07  239 1948 1.3669e+07 1.3138e+07  3.89%  2564 53321s
 20848 16908 1.3600e+07  147 1942 1.3669e+07 1.3138e+07  3.89%  2564 53370s
 20849 16909 1.3422e+07   90 1921 1.3669e+07 1.3138e+07  3.89%  2563 53421s
 20851 16910 1.3377e+07   48 1910 1.3669e+07 1.3138e+07  3.89%  2563 53477s
 20852 16911 1.3583e+07   92 1939 1.3669e+07 1.3138e+07  3.89%  2563 53530s
 20854 16912 1.3460e+07  125 1935 1.3669e+07 1.3138e+07  3.89%  2563 53579s
 20855 16913 1.3365e+07   53 1960 1.3669e+07 1.3138e+07  3.89%  2563 53636s
 20856 16913 1.3290e+07   60 1943 1.3669e+07 1.3138e+07  3.89%  2563 53682s
 20857 16914 1.3569e+07   94 1916 1.3669e+07 1.3138e+07  3.89%  2563 53741s
 20858 16915 1.3630e+07  336 1918 1.3669e+07 1.3138e+07  3.89%  2562 53793s
 20859 16915 1.3629e+07  129 1908 1.3669e+07 1.3138e+07  3.89%  2562 53846s
 20860 16916 1.3440e+07  202 1914 1.3669e+07 1.3138e+07  3.89%  2562 53897s
 20861 16917 1.3641e+07   92 1902 1.3669e+07 1.3138e+07  3.89%  2562 53946s
 20862 16917 1.3484e+07   83 1927 1.3669e+07 1.3138e+07  3.89%  2562 53993s
 20863 16918 1.3571e+07  100 1940 1.3669e+07 1.3138e+07  3.89%  2562 54049s
 20864 16919 1.3259e+07   45 1899 1.3669e+07 1.3138e+07  3.89%  2562 54095s
 20865 16919 1.3190e+07   32 1929 1.3669e+07 1.3138e+07  3.89%  2562 54150s
 20867 16921 1.3557e+07  100 1914 1.3669e+07 1.3138e+07  3.89%  2561 54198s
 20868 16921 1.3583e+07  171 1914 1.3669e+07 1.3138e+07  3.89%  2561 54250s
 20869 16922 1.3628e+07   84 1964 1.3669e+07 1.3138e+07  3.89%  2561 54304s
 20870 16923 1.3319e+07   53 1941 1.3669e+07 1.3138e+07  3.89%  2561 54356s
 20871 16923 1.3223e+07   44 1993 1.3669e+07 1.3138e+07  3.89%  2561 54406s
 20872 16924 1.3429e+07   93 1955 1.3669e+07 1.3138e+07  3.89%  2561 54455s
 20873 16925 1.3474e+07  202 1934 1.3669e+07 1.3138e+07  3.89%  2561 54503s
 20874 16925 1.3454e+07   98 1980 1.3669e+07 1.3138e+07  3.89%  2560 54552s
 20875 16926 1.3442e+07   82 1986 1.3669e+07 1.3138e+07  3.89%  2560 54600s
 20876 16927 1.3543e+07  128 2020 1.3669e+07 1.3138e+07  3.89%  2560 54648s
 20877 16927 1.3196e+07   32 2037 1.3669e+07 1.3138e+07  3.89%  2560 54696s
 20878 16928 1.3497e+07   89 1992 1.3669e+07 1.3138e+07  3.89%  2560 54749s
 20879 16929 1.3420e+07   89 1972 1.3669e+07 1.3138e+07  3.89%  2560 54795s
 20880 16929 1.3419e+07  140 1970 1.3669e+07 1.3138e+07  3.89%  2560 54844s
 20881 16930 1.3301e+07   67 1994 1.3669e+07 1.3138e+07  3.89%  2560 54892s
 20882 16931 1.3621e+07  188 2009 1.3669e+07 1.3138e+07  3.89%  2559 54937s
 20883 16931 1.3451e+07  112 1998 1.3669e+07 1.3138e+07  3.89%  2559 54986s
 20884 16932 1.3384e+07  120 2000 1.3669e+07 1.3138e+07  3.89%  2559 55039s
 20885 16933 1.3464e+07   75 1966 1.3669e+07 1.3138e+07  3.89%  2559 55086s
 20886 16933 1.3270e+07   45 1997 1.3669e+07 1.3138e+07  3.89%  2559 55139s
 20887 16934 1.3460e+07   61 2002 1.3669e+07 1.3138e+07  3.89%  2559 55187s
 20888 16935 1.3397e+07  103 1950 1.3669e+07 1.3138e+07  3.89%  2559 55242s
 20889 16935 1.3608e+07  106 1983 1.3669e+07 1.3138e+07  3.89%  2559 55292s
 20890 16936 1.3274e+07   64 1966 1.3669e+07 1.3138e+07  3.89%  2558 55340s
 20891 16937 1.3198e+07   40 1974 1.3669e+07 1.3138e+07  3.89%  2558 55386s
 20892 16937 1.3174e+07   29 1982 1.3669e+07 1.3138e+07  3.89%  2558 55440s
 20893 16938 1.3637e+07  203 1959 1.3669e+07 1.3138e+07  3.89%  2558 55488s
 20894 16939 1.3277e+07   61 1946 1.3669e+07 1.3138e+07  3.89%  2558 55536s
 20895 16939 1.3350e+07  130 1947 1.3669e+07 1.3138e+07  3.89%  2558 55585s
 20896 16940 1.3618e+07  112 1953 1.3669e+07 1.3138e+07  3.89%  2558 55630s
 20897 16941 1.3288e+07   55 1949 1.3669e+07 1.3138e+07  3.89%  2558 55675s
 20898 16941 1.3251e+07   45 1952 1.3669e+07 1.3138e+07  3.89%  2557 55726s
 20899 16942 1.3667e+07   99 1935 1.3669e+07 1.3138e+07  3.89%  2557 55777s
 20900 16943 1.3277e+07   55 1956 1.3669e+07 1.3138e+07  3.89%  2557 55823s
 20901 16943 1.3310e+07  106 1953 1.3669e+07 1.3138e+07  3.89%  2557 55869s
 20902 16944 1.3302e+07  119 1901 1.3669e+07 1.3138e+07  3.89%  2557 55924s
 20903 16945 1.3310e+07   72 1950 1.3669e+07 1.3138e+07  3.89%  2557 55972s
 20904 16945 1.3516e+07  162 1960 1.3669e+07 1.3138e+07  3.89%  2557 56023s
 20905 16946 1.3195e+07   38 1933 1.3669e+07 1.3138e+07  3.89%  2557 56075s
 20906 16947 1.3552e+07  141 1939 1.3669e+07 1.3138e+07  3.89%  2556 56126s
 20907 16947 1.3339e+07   55 1954 1.3669e+07 1.3138e+07  3.89%  2556 56169s
 20908 16948 1.3364e+07   60 1972 1.3669e+07 1.3138e+07  3.89%  2556 56258s
 20909 16949 1.3278e+07   44 1962 1.3669e+07 1.3138e+07  3.89%  2556 56302s
 20910 16949 1.3431e+07  107 1950 1.3669e+07 1.3138e+07  3.89%  2556 56347s
 20911 16950 1.3262e+07   40 1945 1.3669e+07 1.3138e+07  3.89%  2556 56390s
 20912 16951 1.3190e+07   30 1954 1.3669e+07 1.3138e+07  3.89%  2556 56431s
 20913 16951 1.3322e+07   76 1950 1.3669e+07 1.3138e+07  3.89%  2556 56476s
 20914 16952 1.3436e+07  111 1971 1.3669e+07 1.3138e+07  3.89%  2556 56520s
 20915 16953 1.3216e+07   50 1971 1.3669e+07 1.3138e+07  3.89%  2555 56595s
 20916 16953 1.3293e+07   63 1971 1.3669e+07 1.3138e+07  3.89%  2555 56628s
 20917 16957 1.3138e+07   25 1918 1.3669e+07 1.3138e+07  3.89%  2572 56656s
 20919 16960 1.3138e+07   26 1862 1.3669e+07 1.3138e+07  3.89%  2572 56732s
 20923 16963 1.3138e+07   27 1861 1.3669e+07 1.3138e+07  3.89%  2574 56761s
 20927 16966 1.3138e+07   27 1799 1.3669e+07 1.3138e+07  3.89%  2576 56832s
 20931 16968 1.3138e+07   28 1810 1.3669e+07 1.3138e+07  3.89%  2578 56897s
 20935 16971 1.3138e+07   28 1754 1.3669e+07 1.3138e+07  3.89%  2578 56931s
 20939 16977 1.3138e+07   29 1829 1.3669e+07 1.3138e+07  3.89%  2579 56971s
 20946 16981 1.3138e+07   30 1820 1.3669e+07 1.3138e+07  3.89%  2579 57004s
 20953 16985 1.3138e+07   31 1813 1.3669e+07 1.3138e+07  3.89%  2580 57039s
 20959 16988 1.3139e+07   31 1789 1.3669e+07 1.3138e+07  3.89%  2580 57076s
 20964 16991 1.3152e+07   32 1681 1.3669e+07 1.3138e+07  3.89%  2582 57139s
 20969 16997 1.3138e+07   32 1735 1.3669e+07 1.3138e+07  3.89%  2583 57170s
 20976 17000 1.3149e+07   33 1746 1.3669e+07 1.3138e+07  3.89%  2582 57195s
 20982 17005 1.3138e+07   33 1707 1.3669e+07 1.3138e+07  3.89%  2583 57226s
 20989 17010 1.3188e+07   34 1628 1.3669e+07 1.3138e+07  3.89%  2585 57318s
 20996 17018 1.3145e+07   35 1661 1.3669e+07 1.3138e+07  3.89%  2586 57364s
 21006 17022 1.3142e+07   35 1691 1.3669e+07 1.3138e+07  3.89%  2587 57441s
 21014 17028 1.3142e+07   36 1692 1.3669e+07 1.3138e+07  3.89%  2588 57484s
 21024 17032 1.3152e+07   37 1687 1.3669e+07 1.3138e+07  3.89%  2588 57521s
 21032 17041 1.3144e+07   38 1693 1.3669e+07 1.3138e+07  3.89%  2588 57600s
 21045 17041 1.3147e+07   39 1609 1.3669e+07 1.3138e+07  3.89%  2589 57635s
 21050 17047 1.3147e+07   40 1642 1.3669e+07 1.3138e+07  3.89%  2590 57721s
 21057 17053 1.3182e+07   41 1603 1.3669e+07 1.3138e+07  3.89%  2592 57766s
 21066 17063 1.3147e+07   41 1636 1.3669e+07 1.3138e+07  3.89%  2593 57821s
 21079 17063 1.3155e+07   42 1585 1.3669e+07 1.3138e+07  3.89%  2596 57889s
 21083 17068 1.3156e+07   43 1586 1.3669e+07 1.3138e+07  3.89%  2598 57983s
 21089 17073 1.3157e+07   44 1599 1.3669e+07 1.3138e+07  3.89%  2600 58069s
 21096 17077 1.3160e+07   45 1498 1.3669e+07 1.3138e+07  3.89%  2602 58148s
 21103 17084 1.3166e+07   46 1535 1.3669e+07 1.3138e+07  3.89%  2604 58206s
 21112 17089 1.3163e+07   48 1532 1.3669e+07 1.3138e+07  3.89%  2605 58296s
 21120 17100 1.3197e+07   49 1491 1.3669e+07 1.3138e+07  3.89%  2606 58356s
 21134 17114 1.3167e+07   50 1522 1.3669e+07 1.3138e+07  3.89%  2607 58423s
 21152 17129 1.3189e+07   52 1430 1.3669e+07 1.3138e+07  3.89%  2609 58494s
 21173 17144 1.3192e+07   55 1501 1.3669e+07 1.3138e+07  3.89%  2612 58577s
 21199 17155 1.3225e+07   57 1418 1.3669e+07 1.3138e+07  3.89%  2613 58647s
 21219 17169 1.3246e+07   58 1295 1.3669e+07 1.3138e+07  3.89%  2615 58740s
 21242 17178 1.3287e+07   63 1320 1.3669e+07 1.3138e+07  3.89%  2617 58855s
 21258 17203 1.3339e+07   65 1271 1.3669e+07 1.3138e+07  3.89%  2618 58929s
 21289 17205 1.3426e+07   69 1279 1.3669e+07 1.3138e+07  3.89%  2620 59206s
 21301 17221 1.3475e+07   70 1248 1.3669e+07 1.3138e+07  3.89%  2623 59290s
 21325 17232 1.3489e+07   72 1121 1.3669e+07 1.3138e+07  3.89%  2625 59383s
 21344 17255 1.3494e+07   74 1069 1.3669e+07 1.3138e+07  3.89%  2627 59592s
 21375 17257 1.3576e+07   78  916 1.3669e+07 1.3138e+07  3.89%  2633 59746s
 21391 17295 1.3570e+07   79  890 1.3669e+07 1.3138e+07  3.89%  2635 59881s
 21442 17310 1.3622e+07   85  850 1.3669e+07 1.3138e+07  3.89%  2637 59984s
 21458 17305 1.3594e+07   95  921 1.3669e+07 1.3138e+07  3.89%  2638 59985s
 21486 17336     cutoff   93      1.3669e+07 1.3138e+07  3.89%  2641 60117s
 21533 17367 1.3138e+07   32 1758 1.3669e+07 1.3138e+07  3.89%  2643 60211s
 21587 17383 1.3145e+07   36 1700 1.3669e+07 1.3138e+07  3.89%  2645 60314s
 21628 17399 1.3159e+07   38 1839 1.3669e+07 1.3138e+07  3.89%  2647 60481s
 21687 17397 1.3179e+07   41 1692 1.3669e+07 1.3138e+07  3.89%  2650 60573s
H21706 16532                    1.366078e+07 1.3138e+07  3.83%  2652 60573s
 21721 16553 1.3176e+07   40 1588 1.3661e+07 1.3138e+07  3.83%  2653 60829s
H21726 15744                    1.366078e+07 1.3138e+07  3.83%  2653 60829s
 21747 15773 1.3191e+07   51 1423 1.3661e+07 1.3138e+07  3.83%  2656 61005s
H21757 14998                    1.365398e+07 1.3138e+07  3.78%  2655 61005s
 21783 15014 1.3211e+07   56 1337 1.3654e+07 1.3138e+07  3.78%  2656 61087s
 21808 15066 1.3225e+07   57 1413 1.3654e+07 1.3138e+07  3.78%  2659 61170s
 21873 15097 1.3245e+07   62 1266 1.3654e+07 1.3138e+07  3.78%  2660 61279s
 21945 15114 1.3248e+07   68 1431 1.3654e+07 1.3138e+07  3.78%  2660 61383s
 21986 15170 1.3268e+07   71 1410 1.3654e+07 1.3138e+07  3.78%  2664 61487s
 22075 15179 1.3290e+07   86 1309 1.3654e+07 1.3138e+07  3.78%  2662 61639s
 22092 15173 1.3650e+07  138  656 1.3654e+07 1.3138e+07  3.78%  2662 61640s
 22131 15206 1.3303e+07   98 1322 1.3654e+07 1.3138e+07  3.78%  2666 61752s
 22178 15244 1.3344e+07  108 1327 1.3654e+07 1.3138e+07  3.78%  2671 61867s
 22238 15261 1.3351e+07  119 1214 1.3654e+07 1.3138e+07  3.78%  2674 62008s
 22284 15302 1.3361e+07  131 1287 1.3654e+07 1.3138e+07  3.78%  2678 62139s
 22341 15326 1.3374e+07  144 1219 1.3654e+07 1.3138e+07  3.78%  2682 62269s
 22384 15360 1.3429e+07  155 1146 1.3654e+07 1.3138e+07  3.78%  2686 62482s
 22438 15428 1.3497e+07  169 1087 1.3654e+07 1.3138e+07  3.78%  2686 62638s
 22564 15416 1.3138e+07   29 1840 1.3654e+07 1.3138e+07  3.78%  2685 62807s
 22616 15449 1.3152e+07   35 1716 1.3654e+07 1.3138e+07  3.78%  2692 62957s
 22668 15504 1.3226e+07   47 1685 1.3654e+07 1.3138e+07  3.78%  2700 63132s
 22752 15556 1.3287e+07   65 1397 1.3654e+07 1.3138e+07  3.78%  2704 63758s
 22852 15613 1.3369e+07   83 1282 1.3654e+07 1.3138e+07  3.78%  2702 63912s
 22942 15675 1.3612e+07  134  855 1.3654e+07 1.3138e+07  3.78%  2701 64152s
 23050 15719 1.3176e+07   39 1717 1.3654e+07 1.3138e+07  3.78%  2704 64406s
 23138 15792 1.3402e+07   62 1384 1.3654e+07 1.3138e+07  3.78%  2711 64622s
 23268 15809 1.3159e+07   37 1836 1.3654e+07 1.3138e+07  3.78%  2714 64836s
 23329 15906 1.3204e+07   54 1759 1.3654e+07 1.3138e+07  3.78%  2724 65057s
 23447 16033 1.3338e+07   87 1530 1.3654e+07 1.3138e+07  3.78%  2728 65354s
 23648 16056 1.3564e+07  128 1302 1.3654e+07 1.3138e+07  3.78%  2729 65600s
 23772 16121 1.3178e+07   37 1575 1.3654e+07 1.3138e+07  3.78%  2737 65945s
 23892 16198 1.3255e+07   55 1324 1.3654e+07 1.3138e+07  3.78%  2745 66263s
 24040 16242 1.3177e+07   42 1589 1.3654e+07 1.3138e+07  3.78%  2750 66523s
 24149 16322 1.3302e+07   56 1423 1.3654e+07 1.3138e+07  3.78%  2757 66824s
 24291 16374 1.3555e+07   89 1176 1.3654e+07 1.3138e+07  3.78%  2762 67125s
 24422 16432 1.3174e+07   37 1665 1.3654e+07 1.3138e+07  3.78%  2772 67457s
 24540 16399 1.3237e+07   60 1326 1.3654e+07 1.3138e+07  3.78%  2783 67902s
 24547 16534 1.3237e+07   61 1329 1.3654e+07 1.3138e+07  3.78%  2784 68217s
 24696 16646 1.3389e+07   86 1068 1.3654e+07 1.3138e+07  3.78%  2793 68544s
 24914 16692 1.3171e+07   38 1723 1.3654e+07 1.3138e+07  3.78%  2802 68963s
 25051 16783 1.3226e+07   53 1583 1.3654e+07 1.3138e+07  3.78%  2805 69420s
 25222 16854 1.3154e+07   37 1684 1.3654e+07 1.3138e+07  3.78%  2814 69813s
 25363 16956 1.3411e+07   64 1515 1.3654e+07 1.3139e+07  3.77%  2828 70208s
 25545 17038 1.3206e+07   41 1599 1.3654e+07 1.3139e+07  3.77%  2837 70568s
 25699 17173 1.3393e+07   75 1233 1.3654e+07 1.3139e+07  3.77%  2843 70985s
 25933 17285 1.3251e+07   53 1499 1.3654e+07 1.3140e+07  3.77%  2848 71452s
 26151 17392 1.3156e+07   33 1703 1.3654e+07 1.3140e+07  3.77%  2856 71915s
 26349 17514 1.3303e+07   49 1409 1.3654e+07 1.3140e+07  3.77%  2867 72376s
 26575 17664 1.3188e+07   38 1560 1.3654e+07 1.3140e+07  3.76%  2880 72872s
 26839 17724 1.3446e+07  127 1164 1.3654e+07 1.3140e+07  3.76%  2884 73461s
 27005 17857 1.3448e+07  128 1148 1.3654e+07 1.3141e+07  3.76%  2883 74016s
 27234 18044 1.3251e+07   53 1423 1.3654e+07 1.3141e+07  3.75%  2895 74602s
H27390 17257                    1.365180e+07 1.3142e+07  3.74%  2897 74602s
 27542 17563 1.3191e+07   44 1595 1.3652e+07 1.3142e+07  3.74%  2898 75196s
H27947 16998                    1.365118e+07 1.3142e+07  3.73%  2901 75805s
H28086 16253                    1.363632e+07 1.3142e+07  3.63%  2899 75805s
H28105 15620                    1.363558e+07 1.3142e+07  3.62%  2902 75805s
 28269 15823 1.3169e+07   35 1688 1.3636e+07 1.3142e+07  3.62%  2909 76476s
 28589 16035 1.3155e+07   32 1851 1.3636e+07 1.3142e+07  3.62%  2920 77210s
 28944 16314 1.3348e+07   77 1675 1.3636e+07 1.3143e+07  3.61%  2927 77898s
H29397 15705                    1.363479e+07 1.3143e+07  3.61%  2933 78517s
 29606 15987 1.3159e+07   33 1716 1.3635e+07 1.3143e+07  3.61%  2939 79351s
 30019 16300 1.3278e+07   51 1496 1.3635e+07 1.3144e+07  3.60%  2950 80333s
 30556 16423 1.3163e+07   34 1688 1.3635e+07 1.3144e+07  3.60%  2953 81415s
H30640 15817                    1.363375e+07 1.3144e+07  3.59%  2957 81415s
 30896 16013 1.3206e+07   47 1785 1.3634e+07 1.3144e+07  3.59%  2960 82364s
H31247 15325                    1.362860e+07 1.3144e+07  3.56%  2976 82371s
 31248 15326 1.3246e+07   48 1854 1.3629e+07 1.3144e+07  3.56%  2975 83928s
 31250 15327 1.3272e+07   76 1757 1.3629e+07 1.3144e+07  3.56%  2975 83944s
 31251 15328 1.3523e+07  102 1989 1.3629e+07 1.3144e+07  3.56%  2975 83975s
 31252 15329 1.3404e+07   62 2018 1.3629e+07 1.3144e+07  3.56%  2975 84016s
 31253 15329 1.3329e+07   78 1949 1.3629e+07 1.3144e+07  3.56%  2975 84054s
 31254 15330 1.3403e+07   90 1953 1.3629e+07 1.3144e+07  3.56%  2975 84093s
 31255 15331 1.3246e+07   62 1996 1.3629e+07 1.3144e+07  3.56%  2975 84128s
 31256 15331 1.3164e+07   32 2009 1.3629e+07 1.3144e+07  3.56%  2975 84162s
 31257 15332 1.3195e+07   46 1894 1.3629e+07 1.3144e+07  3.56%  2975 84197s
 31258 15333 1.3200e+07   40 1945 1.3629e+07 1.3144e+07  3.56%  2975 84218s
 31259 15333 1.3220e+07   45 1901 1.3629e+07 1.3144e+07  3.56%  2974 84236s
 31260 15334 1.3219e+07   52 1908 1.3629e+07 1.3144e+07  3.56%  2974 84254s
 31261 15335 1.3487e+07  102 1908 1.3629e+07 1.3144e+07  3.56%  2974 84272s
 31262 15335 1.3311e+07   54 1923 1.3629e+07 1.3144e+07  3.56%  2974 84287s
 31263 15336 1.3189e+07   43 1956 1.3629e+07 1.3144e+07  3.56%  2974 84299s
 31264 15337 1.3414e+07   64 1893 1.3629e+07 1.3144e+07  3.56%  2974 84309s
 31265 15337 1.3446e+07  109 1863 1.3629e+07 1.3144e+07  3.56%  2974 84318s
 31266 15338 1.3539e+07  103 1805 1.3629e+07 1.3144e+07  3.56%  2974 84322s
 31267 15339 1.3274e+07   50 1884 1.3629e+07 1.3144e+07  3.56%  2974 84325s
 31269 15340 1.3452e+07   58 1946 1.3629e+07 1.3144e+07  3.56%  2973 84333s
 31270 15341 1.3462e+07  108 1930 1.3629e+07 1.3144e+07  3.56%  2973 84440s
 31271 15341 1.3349e+07   96 1915 1.3629e+07 1.3144e+07  3.56%  2973 84449s
 31272 15342 1.3498e+07  139 1894 1.3629e+07 1.3144e+07  3.56%  2973 84454s
 31273 15343 1.3272e+07   76 1901 1.3629e+07 1.3144e+07  3.56%  2973 84459s
 31274 15343 1.3210e+07   45 1951 1.3629e+07 1.3144e+07  3.56%  2973 84462s
 31275 15344 1.3477e+07  122 1883 1.3629e+07 1.3144e+07  3.56%  2973 84508s
 31276 15345 1.3217e+07   53 1867 1.3629e+07 1.3144e+07  3.56%  2973 84611s
 31278 15346 1.3211e+07   48 1862 1.3629e+07 1.3144e+07  3.56%  2973 84657s
 31279 15347 1.3577e+07   79 1852 1.3629e+07 1.3144e+07  3.56%  2973 84757s
 31281 15348 1.3239e+07   55 1817 1.3629e+07 1.3144e+07  3.56%  2972 84760s
 31282 15349 1.3331e+07   94 1855 1.3629e+07 1.3144e+07  3.56%  2972 84806s
 31283 15349 1.3183e+07   34 1858 1.3629e+07 1.3144e+07  3.56%  2972 84902s
 31284 15350 1.3578e+07  106 1896 1.3629e+07 1.3144e+07  3.56%  2972 84944s
 31285 15351 1.3444e+07   98 1915 1.3629e+07 1.3144e+07  3.56%  2972 85048s
 31286 15351 1.3276e+07   63 1911 1.3629e+07 1.3144e+07  3.56%  2972 85050s
 31287 15352 1.3516e+07   74 1919 1.3629e+07 1.3144e+07  3.56%  2972 85094s
 31288 15353 1.3215e+07   51 1895 1.3629e+07 1.3144e+07  3.56%  2972 85145s
 31289 15353 1.3262e+07   82 1918 1.3629e+07 1.3144e+07  3.56%  2972 85196s
 31290 15354 1.3266e+07   55 1908 1.3629e+07 1.3144e+07  3.56%  2971 85243s
 31291 15355 1.3221e+07   49 1925 1.3629e+07 1.3144e+07  3.56%  2971 85293s
 31292 15355 1.3317e+07   65 1911 1.3629e+07 1.3144e+07  3.56%  2971 85342s
 31293 15356 1.3148e+07   35 1889 1.3629e+07 1.3144e+07  3.56%  2971 85345s
 31294 15357 1.3208e+07   57 1910 1.3629e+07 1.3144e+07  3.56%  2971 85411s
 31295 15357 1.3622e+07  143 1953 1.3629e+07 1.3144e+07  3.56%  2971 85459s
 31296 15358 1.3478e+07   99 1938 1.3629e+07 1.3144e+07  3.56%  2971 85508s
 31297 15359 1.3426e+07   99 1928 1.3629e+07 1.3144e+07  3.56%  2971 85552s
 31298 15359 1.3182e+07   42 1920 1.3629e+07 1.3144e+07  3.56%  2971 85600s
 31299 15360 1.3457e+07  123 1896 1.3629e+07 1.3144e+07  3.56%  2971 85652s
 31300 15361 1.3491e+07  117 1890 1.3629e+07 1.3144e+07  3.56%  2971 85700s
 31301 15361 1.3356e+07   92 1925 1.3629e+07 1.3144e+07  3.56%  2970 85799s
 31302 15362 1.3423e+07   76 1944 1.3629e+07 1.3144e+07  3.56%  2970 85844s
 31303 15363 1.3334e+07   81 1918 1.3629e+07 1.3144e+07  3.56%  2970 85892s
 31304 15363 1.3284e+07   63 1942 1.3629e+07 1.3144e+07  3.56%  2970 85940s
 31305 15364 1.3258e+07   54 1863 1.3629e+07 1.3144e+07  3.56%  2970 85994s
 31306 15365 1.3510e+07   80 1928 1.3629e+07 1.3144e+07  3.56%  2970 85997s
 31307 15365 1.3509e+07   77 1880 1.3629e+07 1.3144e+07  3.56%  2970 86055s
 31308 15366 1.3488e+07   71 1874 1.3629e+07 1.3144e+07  3.56%  2970 86111s
 31309 15367 1.3507e+07   71 1825 1.3629e+07 1.3144e+07  3.56%  2970 86165s
 31310 15367 1.3376e+07   94 1913 1.3629e+07 1.3144e+07  3.56%  2970 86211s
 31311 15368 1.3622e+07  160 1868 1.3629e+07 1.3144e+07  3.56%  2969 86257s
 31312 15369 1.3262e+07   49 1898 1.3629e+07 1.3144e+07  3.56%  2969 86314s
 31313 15369 1.3299e+07   82 1852 1.3629e+07 1.3144e+07  3.56%  2969 86316s
 31314 15370 1.3313e+07   50 1878 1.3629e+07 1.3144e+07  3.56%  2969 86322s
 31315 15371 1.3223e+07   51 1888 1.3629e+07 1.3144e+07  3.56%  2969 86366s

Cutting planes:
  Gomory: 12
  Cover: 1
  Implied bound: 803
  Projected implied bound: 79
  Clique: 1
  MIR: 623
  Flow cover: 1355
  Flow path: 2
  Inf proof: 1
  Zero half: 18
  RLT: 218
  Relax-and-lift: 998

Explored 31315 nodes (93734663 simplex iterations) in 86397.86 seconds (105846.22 work units)
Thread count was 4 (of 128 available processors)

Solution count 10: 1.36286e+07 1.36348e+07 1.36512e+07 ... 1.36927e+07

Time limit reached
Best objective 1.362860200000e+07, best bound 1.314401272222e+07, gap 3.5557%

Solving took 	23:59:57.864
####################################################################################################
####################################################################################################
####################################################################################################
Reached timelimit, but could find a feasible solution
####################################################################################################
Description                          Value
----------------------------  ------------
Objective (min)               13,628,602.0
Cost sailing                   6,078,648.0
Cost port visits              10,124,756.0
Cost transshipment (demands)      65,552.0
Cost transshipment (empties)       4,101.0
Penalty delayed demands          250,682.0
Revenue Empties                2,895,137.0
Penalty rejected demands               0.0
Rejected demands (%)                   0.0
Omitted ports (%)                      0.0
Gap (%)                               3.56
####################################################################################################
Export solution
####################################################################################################
Overall time 	00:00:00.785

real	1440m3.344s
user	4474m48.476s
sys	1m0.718s
finished at Fri Mar 17 14:56:11 CET 2023
