cpu-bind=MASK - n2lcn0155, task  0  0 [967527]: mask |--------|--------||--------|--------||--------|--------||--------|--------||||---BBBB-|--------||--------|--------||--------|--------||--------|--------|  set
started at Thu Mar 16 14:56:07 CET 2023
Timecheck 3888566.434750963
Set parameter TokenServer to value "license3.uni-paderborn.de"
Warning: Gurobi version mismatch between Python 10.0.1 and C library 10.0.0
Timecheck 3888566.493180272
Timecheck 3888566.49355505
Timecheck 3888566.49359767
Timecheck 3888566.49362346


####################################################################################################
Solve scenario sce_3_26_1 with free vessel operation using the arc flow model
Vessels cannot omit ports, Demands cannot be rejected
####################################################################################################
Data preprocessing, load /upb/departments/pc2/groups/hpc-prf-winf4/dwetzel/SILSRP/inst_final/sce_3_26_1
and create additional sets and parameters
	|- Read vessel information, number of vessels:	5
	|- Read node information, number of nodes:		369
	|- Read arc information
		|- Number of sailing arcs:			1499
		|- Number of transshipment arcs:	497
	|- Read container information
		|- Number of demands:		605
		|- Number of empties (+/-):	152/140
	|- Create additional sets and parameters

Data preprocessing took 	00:00:00.258
####################################################################################################
Create linear model
Set parameter Threads to value 4
	|- Create variables, took	00:00:00.296
	|- Create objective, took	00:00:00.242
	|- Create constraints, took	00:00:01.072
	|- Load CVO start

Creating model took	00:00:01.624
####################################################################################################
Fix start solution

Set parameter TimeLimit to value 8.6398346929747146e+04
Gurobi Optimizer version 10.0.0 build v10.0.0rc2 (linux64)

CPU model: AMD EPYC 7763 64-Core Processor, instruction set [SSE2|AVX|AVX2]
Thread count: 128 physical cores, 128 logical processors, using up to 4 threads

Optimize a model with 24350 rows, 80428 columns and 273988 nonzeros
Model fingerprint: 0x352c77ef
Variable types: 71965 continuous, 8463 integer (8463 binary)
Coefficient statistics:
  Matrix range     [1e+00, 3e+05]
  Objective range  [1e+00, 1e+00]
  Bounds range     [1e+00, 3e+02]
  RHS range        [1e+00, 3e+07]
Presolve removed 22777 rows and 78012 columns
Presolve time: 0.13s
Presolved: 1573 rows, 2416 columns, 8625 nonzeros
Variable types: 2416 continuous, 0 integer (0 binary)

Root relaxation: objective 2.274280e+07, 889 iterations, 0.00 seconds (0.00 work units)

    Nodes    |    Current Node    |     Objective Bounds      |     Work
 Expl Unexpl |  Obj  Depth IntInf | Incumbent    BestBd   Gap | It/Node Time

*    0     0               0    2.274280e+07 2.2743e+07  0.00%     -    0s

Explored 1 nodes (889 simplex iterations) in 0.19 seconds (0.19 work units)
Thread count was 4 (of 128 available processors)

Solution count 1: 2.27428e+07 

Optimal solution found (tolerance 1.00e-04)
Best objective 2.274280166667e+07, best bound 2.274280166667e+07, gap 0.0000%

Fixing start solution took	00:00:01.858
####################################################################################################
####################################################################################################
Solve optimization model

Set parameter TimeLimit to value 8.6398141745711211e+04
Gurobi Optimizer version 10.0.0 build v10.0.0rc2 (linux64)

CPU model: AMD EPYC 7763 64-Core Processor, instruction set [SSE2|AVX|AVX2]
Thread count: 128 physical cores, 128 logical processors, using up to 4 threads

Optimize a model with 23982 rows, 80428 columns and 273620 nonzeros
Model fingerprint: 0xffa3e3e9
Variable types: 71965 continuous, 8463 integer (8463 binary)
Coefficient statistics:
  Matrix range     [1e+00, 3e+05]
  Objective range  [1e+00, 1e+00]
  Bounds range     [1e+00, 3e+02]
  RHS range        [1e+00, 3e+07]

MIP start from previous solve produced solution with objective 2.27428e+07 (0.14s)
Loaded MIP start from previous solve with objective 2.27428e+07

Presolve removed 4839 rows and 6650 columns
Presolve time: 0.81s
Presolved: 19143 rows, 73778 columns, 219317 nonzeros
Variable types: 66910 continuous, 6868 integer (6868 binary)
Deterministic concurrent LP optimizer: primal and dual simplex
Showing first log only...


Root simplex log...

Iteration    Objective       Primal Inf.    Dual Inf.      Time
   41511    1.4953557e+06   3.464229e+01   8.637415e+08      5s
Concurrent spin time: 0.00s

Solved with dual simplex

Root simplex log...

Iteration    Objective       Primal Inf.    Dual Inf.      Time
   51869    1.7264394e+07   0.000000e+00   0.000000e+00      8s

Root relaxation: objective 1.726439e+07, 51869 iterations, 6.76 seconds (6.22 work units)

    Nodes    |    Current Node    |     Objective Bounds      |     Work
 Expl Unexpl |  Obj  Depth IntInf | Incumbent    BestBd   Gap | It/Node Time

     0     0 1.7264e+07    0 1370 2.2743e+07 1.7264e+07  24.1%     -    8s
     0     0 1.7451e+07    0 1457 2.2743e+07 1.7451e+07  23.3%     -   30s
     0     0 1.7457e+07    0 1523 2.2743e+07 1.7457e+07  23.2%     -   38s
     0     0 1.7457e+07    0 1456 2.2743e+07 1.7457e+07  23.2%     -   42s
     0     0 1.7458e+07    0 1495 2.2743e+07 1.7458e+07  23.2%     -   42s
     0     0 1.7458e+07    0 1493 2.2743e+07 1.7458e+07  23.2%     -   43s
     0     0 1.7458e+07    0 1494 2.2743e+07 1.7458e+07  23.2%     -   43s
     0     0 1.7458e+07    0 1494 2.2743e+07 1.7458e+07  23.2%     -   43s
H    0     0                    2.242203e+07 1.7532e+07  21.8%     -   82s
H    0     0                    2.241867e+07 1.7532e+07  21.8%     -   82s
     0     0 1.7532e+07    0 1571 2.2419e+07 1.7532e+07  21.8%     -   82s
     0     0 1.7545e+07    0 1586 2.2419e+07 1.7545e+07  21.7%     -  105s
     0     0 1.7545e+07    0 1556 2.2419e+07 1.7545e+07  21.7%     -  105s
     0     0 1.7547e+07    0 1569 2.2419e+07 1.7547e+07  21.7%     -  113s
     0     0 1.7547e+07    0 1561 2.2419e+07 1.7547e+07  21.7%     -  114s
     0     0 1.7547e+07    0 1561 2.2419e+07 1.7547e+07  21.7%     -  117s
     0     0 1.7547e+07    0 1561 2.2419e+07 1.7547e+07  21.7%     -  123s
     0     0 1.7548e+07    0 1593 2.2419e+07 1.7548e+07  21.7%     -  137s
     0     0 1.7548e+07    0 1557 2.2419e+07 1.7548e+07  21.7%     -  138s
     0     0 1.7588e+07    0 1507 2.2419e+07 1.7588e+07  21.5%     -  182s
     0     0 1.7596e+07    0 1551 2.2419e+07 1.7596e+07  21.5%     -  200s
     0     0 1.7600e+07    0 1549 2.2419e+07 1.7600e+07  21.5%     -  209s
H    0     0                    2.238575e+07 1.7603e+07  21.4%     -  216s
     0     0 1.7603e+07    0 1565 2.2386e+07 1.7603e+07  21.4%     -  216s
     0     0 1.7604e+07    0 1546 2.2386e+07 1.7604e+07  21.4%     -  222s
     0     0 1.7604e+07    0 1590 2.2386e+07 1.7604e+07  21.4%     -  224s
H    0     0                    2.237731e+07 1.7621e+07  21.3%     -  253s
     0     0 1.7621e+07    0 1513 2.2377e+07 1.7621e+07  21.3%     -  253s
H    0     0                    2.235159e+07 1.7625e+07  21.1%     -  269s
H    0     0                    2.223523e+07 1.7625e+07  20.7%     -  269s
     0     0 1.7625e+07    0 1516 2.2235e+07 1.7625e+07  20.7%     -  269s
     0     0 1.7629e+07    0 1526 2.2235e+07 1.7629e+07  20.7%     -  279s
     0     0 1.7629e+07    0 1556 2.2235e+07 1.7629e+07  20.7%     -  283s
     0     0 1.7630e+07    0 1525 2.2235e+07 1.7630e+07  20.7%     -  286s
     0     0 1.7630e+07    0 1533 2.2235e+07 1.7630e+07  20.7%     -  287s
     0     0 1.7637e+07    0 1456 2.2235e+07 1.7637e+07  20.7%     -  303s
     0     0 1.7640e+07    0 1539 2.2235e+07 1.7640e+07  20.7%     -  311s
     0     0 1.7641e+07    0 1524 2.2235e+07 1.7641e+07  20.7%     -  317s
     0     0 1.7641e+07    0 1525 2.2235e+07 1.7641e+07  20.7%     -  321s
     0     0 1.7641e+07    0 1517 2.2235e+07 1.7641e+07  20.7%     -  325s
     0     0 1.7641e+07    0 1496 2.2235e+07 1.7641e+07  20.7%     -  326s
     0     0 1.7641e+07    0 1492 2.2235e+07 1.7641e+07  20.7%     -  327s
     0     0 1.7645e+07    0 1549 2.2235e+07 1.7645e+07  20.6%     -  337s
     0     0 1.7645e+07    0 1544 2.2235e+07 1.7645e+07  20.6%     -  338s
H    0     0                    2.210220e+07 1.7647e+07  20.2%     -  348s
     0     0 1.7647e+07    0 1529 2.2102e+07 1.7647e+07  20.2%     -  348s
H    0     0                    2.201439e+07 1.7647e+07  19.8%     -  353s
     0     0 1.7647e+07    0 1554 2.2014e+07 1.7647e+07  19.8%     -  353s
H    0     0                    2.196916e+07 1.7648e+07  19.7%     -  357s
     0     0 1.7648e+07    0 1557 2.1969e+07 1.7648e+07  19.7%     -  357s
     0     0 1.7648e+07    0 1600 2.1969e+07 1.7648e+07  19.7%     -  359s
     0     0 1.7648e+07    0 1548 2.1969e+07 1.7648e+07  19.7%     -  360s
     0     0 1.7650e+07    0 1531 2.1969e+07 1.7650e+07  19.7%     -  375s
     0     0 1.7651e+07    0 1553 2.1969e+07 1.7651e+07  19.7%     -  384s
     0     0 1.7652e+07    0 1578 2.1969e+07 1.7652e+07  19.7%     -  388s
     0     0 1.7652e+07    0 1577 2.1969e+07 1.7652e+07  19.7%     -  390s
     0     0 1.7652e+07    0 1574 2.1969e+07 1.7652e+07  19.7%     -  391s
H    0     0                    2.188140e+07 1.7664e+07  19.3%     -  408s
     0     0 1.7664e+07    0 1541 2.1881e+07 1.7664e+07  19.3%     -  408s
     0     0 1.7665e+07    0 1545 2.1881e+07 1.7665e+07  19.3%     -  415s
     0     0 1.7666e+07    0 1541 2.1881e+07 1.7666e+07  19.3%     -  418s
H    0     0                    2.166035e+07 1.7666e+07  18.4%     -  424s
     0     0 1.7666e+07    0 1528 2.1660e+07 1.7666e+07  18.4%     -  424s
     0     0 1.7666e+07    0 1552 2.1660e+07 1.7666e+07  18.4%     -  425s
     0     0 1.7668e+07    0 1512 2.1660e+07 1.7668e+07  18.4%     -  432s
     0     0 1.7668e+07    0 1510 2.1660e+07 1.7668e+07  18.4%     -  436s
     0     0 1.7668e+07    0 1550 2.1660e+07 1.7668e+07  18.4%     -  437s
     0     0 1.7669e+07    0 1531 2.1660e+07 1.7669e+07  18.4%     -  443s
     0     0 1.7670e+07    0 1525 2.1660e+07 1.7670e+07  18.4%     -  449s
H    0     0                    2.160330e+07 1.7670e+07  18.2%     -  452s
     0     0 1.7670e+07    0 1539 2.1603e+07 1.7670e+07  18.2%     -  452s
     0     0 1.7670e+07    0 1589 2.1603e+07 1.7670e+07  18.2%     -  452s
     0     0 1.7671e+07    0 1580 2.1603e+07 1.7671e+07  18.2%     -  459s
H    0     0                    2.159797e+07 1.7672e+07  18.2%     -  462s
     0     0 1.7672e+07    0 1528 2.1598e+07 1.7672e+07  18.2%     -  462s
H    0     0                    2.158606e+07 1.7672e+07  18.1%     -  464s
     0     0 1.7672e+07    0 1544 2.1586e+07 1.7672e+07  18.1%     -  464s
     0     0 1.7675e+07    0 1539 2.1586e+07 1.7675e+07  18.1%     -  471s
     0     0 1.7675e+07    0 1541 2.1586e+07 1.7675e+07  18.1%     -  475s
H    0     0                    2.145248e+07 1.7675e+07  17.6%     -  477s
     0     0 1.7675e+07    0 1542 2.1452e+07 1.7675e+07  17.6%     -  477s
     0     0 1.7676e+07    0 1541 2.1452e+07 1.7676e+07  17.6%     -  481s
     0     0 1.7676e+07    0 1524 2.1452e+07 1.7676e+07  17.6%     -  485s
     0     0 1.7676e+07    0 1521 2.1452e+07 1.7676e+07  17.6%     -  487s
     0     0 1.7677e+07    0 1541 2.1452e+07 1.7677e+07  17.6%     -  491s
     0     0 1.7677e+07    0 1480 2.1452e+07 1.7677e+07  17.6%     -  493s
     0     0 1.7677e+07    0 1515 2.1452e+07 1.7677e+07  17.6%     -  493s
H    0     0                    2.139543e+07 1.7677e+07  17.4%     -  497s
     0     0 1.7677e+07    0 1528 2.1395e+07 1.7677e+07  17.4%     -  497s
     0     0 1.7677e+07    0 1518 2.1395e+07 1.7677e+07  17.4%     -  499s
     0     0 1.7678e+07    0 1536 2.1395e+07 1.7678e+07  17.4%     -  501s
     0     0 1.7678e+07    0 1531 2.1395e+07 1.7678e+07  17.4%     -  501s
H    0     0                    2.137801e+07 1.7678e+07  17.3%     -  502s
H    0     0                    2.137182e+07 1.7678e+07  17.3%     -  507s
     0     2 1.7678e+07    0 1531 2.1372e+07 1.7678e+07  17.3%     -  508s
     3     8 1.7678e+07    2 1542 2.1372e+07 1.7678e+07  17.3%   153  510s
     7    12 1.7678e+07    3 1529 2.1372e+07 1.7678e+07  17.3%   303  522s
    11    16 1.7678e+07    3 1539 2.1372e+07 1.7678e+07  17.3%  1305  537s
    15    20 1.7678e+07    4 1535 2.1372e+07 1.7678e+07  17.3%  2571  551s
    19    24 1.7678e+07    4 1506 2.1372e+07 1.7678e+07  17.3%  2781  571s
    23    29 1.7680e+07    5 1452 2.1372e+07 1.7678e+07  17.3%  2890  583s
    28    35 1.7682e+07    5 1396 2.1372e+07 1.7678e+07  17.3%  2891  590s
    34    39 1.7740e+07    6 1437 2.1372e+07 1.7678e+07  17.3%  2658  603s
    38    43 1.7733e+07    6 1420 2.1372e+07 1.7678e+07  17.3%  3248  629s
    42    47 1.7733e+07    7 1418 2.1372e+07 1.7678e+07  17.3%  3793  657s
    46    51 1.7740e+07    8 1392 2.1372e+07 1.7678e+07  17.3%  5513  736s
    50    55 1.7738e+07    8 1446 2.1372e+07 1.7678e+07  17.3%  5501  753s
    54    59 1.7739e+07    9 1461 2.1372e+07 1.7678e+07  17.3%  5476  784s
    58    63 1.7770e+07    9 1382 2.1372e+07 1.7678e+07  17.3%  5401  799s
    64    69 1.7739e+07   10 1451 2.1372e+07 1.7678e+07  17.3%  5144  816s
    70    75 1.7744e+07   13 1348 2.1372e+07 1.7678e+07  17.3%  5007  834s
    76    81 1.7753e+07   13 1387 2.1372e+07 1.7678e+07  17.3%  5013  853s
    82    87 1.7744e+07   14 1356 2.1372e+07 1.7678e+07  17.3%  4919  865s
    88    95 1.7754e+07   15 1338 2.1372e+07 1.7678e+07  17.3%  4825  884s
    96    99 1.7766e+07   17 1322 2.1372e+07 1.7678e+07  17.3%  4821  902s
   100   108 1.7776e+07   17 1296 2.1372e+07 1.7678e+07  17.3%  4873  921s
   109   115 1.7767e+07   18 1357 2.1372e+07 1.7678e+07  17.3%  4681  938s
   116   123 1.7779e+07   22 1309 2.1372e+07 1.7678e+07  17.3%  4651  961s
   124   129 1.7780e+07   24 1240 2.1372e+07 1.7678e+07  17.3%  4618 1000s
   130   136 1.7825e+07   25 1222 2.1372e+07 1.7678e+07  17.3%  4933 1030s
   137   147 1.7792e+07   26 1219 2.1372e+07 1.7678e+07  17.3%  4929 1062s
   148   155 1.7839e+07   27 1219 2.1372e+07 1.7678e+07  17.3%  5020 1091s
   156   156 1.7804e+07   28 1251 2.1372e+07 1.7678e+07  17.3%  5069 1119s
   161   165 1.7804e+07   29 1251 2.1372e+07 1.7678e+07  17.3%  5070 1149s
   170   170 1.7826e+07   30 1243 2.1372e+07 1.7678e+07  17.3%  5132 1185s
   175   178 1.7821e+07   31 1191 2.1372e+07 1.7678e+07  17.3%  5221 1214s
   185   186 1.7829e+07   32 1216 2.1372e+07 1.7678e+07  17.3%  5249 1245s
H  186   186                    2.128337e+07 1.7678e+07  16.9%  5221 1245s
   195   194 1.7899e+07   35 1157 2.1283e+07 1.7678e+07  16.9%  5246 1277s
   203   212 1.7845e+07   36 1150 2.1283e+07 1.7678e+07  16.9%  5232 1309s
   221   219 1.7990e+07   38 1156 2.1283e+07 1.7678e+07  16.9%  5116 1347s
H  226   219                    2.116349e+07 1.7678e+07  16.5%  5187 1347s
   228   227 1.7846e+07   39 1213 2.1163e+07 1.7678e+07  16.5%  5208 1381s
   236   242 1.7873e+07   40 1201 2.1163e+07 1.7678e+07  16.5%  5325 1436s
   251   259 1.7890e+07   41 1195 2.1163e+07 1.7678e+07  16.5%  5379 1462s
H  252   259                    2.111285e+07 1.7678e+07  16.3%  5358 1462s
H  255   259                    2.102974e+07 1.7678e+07  15.9%  5319 1462s
   270   288 1.7894e+07   43 1115 2.1030e+07 1.7678e+07  15.9%  5166 1508s
H  305   302                    2.101431e+07 1.7678e+07  15.9%  4796 1557s
H  318   302                    2.099778e+07 1.7678e+07  15.8%  4820 1557s
   325   316 1.7929e+07   52 1130 2.0998e+07 1.7678e+07  15.8%  4821 1599s
   339   332 1.7933e+07   58 1147 2.0998e+07 1.7678e+07  15.8%  4844 1648s
H  355   340                    2.097794e+07 1.7678e+07  15.7%  4840 1705s
H  359   340                    2.072528e+07 1.7678e+07  14.7%  4966 1705s
   365   366 1.7953e+07   65 1104 2.0725e+07 1.7678e+07  14.7%  5030 1759s
H  393   378                    2.064448e+07 1.7678e+07  14.4%  4912 1826s
   413   395 1.8058e+07   77  955 2.0644e+07 1.7678e+07  14.4%  4930 1879s
   434   413 infeasible   81      2.0644e+07 1.7678e+07  14.4%  4954 1948s
H  437   413                    2.063765e+07 1.7678e+07  14.3%  4924 1948s
   456   430 1.8197e+07   86  910 2.0638e+07 1.7678e+07  14.3%  4928 2026s
   483   450 1.8298e+07   91  844 2.0638e+07 1.7678e+07  14.3%  4866 2115s
H  489   450                    2.040287e+07 1.7678e+07  13.4%  4848 2115s
H  501   450                    2.011145e+07 1.7678e+07  12.1%  4813 2115s
   507   474 1.8284e+07   95  864 2.0111e+07 1.7678e+07  12.1%  4809 2167s
H  531   502                    2.004118e+07 1.7678e+07  11.8%  4779 2225s
H  536   502                    1.999510e+07 1.7678e+07  11.6%  4779 2225s
   563   523 1.8431e+07  101  759 1.9995e+07 1.7678e+07  11.6%  4708 2290s
H  588   544                    1.996727e+07 1.7678e+07  11.5%  4663 2352s
H  594   544                    1.991383e+07 1.7678e+07  11.2%  4659 2352s
H  600   544                    1.980581e+07 1.7678e+07  10.7%  4662 2352s
   611   567 1.8462e+07  107  698 1.9806e+07 1.7678e+07  10.7%  4659 2411s
H  638   587                    1.978002e+07 1.7678e+07  10.6%  4651 2480s
H  654   587                    1.958516e+07 1.7678e+07  9.74%  4614 2480s
   662   641 1.8993e+07  121  540 1.9585e+07 1.7678e+07  9.74%  4669 2581s
   724   679 infeasible  147      1.9585e+07 1.7678e+07  9.74%  4426 2642s
H  761   679                    1.954949e+07 1.7678e+07  9.57%  4240 2642s
   778   717 1.7839e+07   29 1229 1.9549e+07 1.7678e+07  9.57%  4266 2724s
H  785   717                    1.953665e+07 1.7678e+07  9.52%  4240 2724s
   822   747 infeasible   41      1.9537e+07 1.7678e+07  9.52%  4215 2798s
H  826   747                    1.952189e+07 1.7678e+07  9.45%  4221 2798s
H  826   747                    1.951467e+07 1.7678e+07  9.41%  4221 2798s
H  829   747                    1.947845e+07 1.7678e+07  9.24%  4219 2798s
   862   806 1.7700e+07    8 1374 1.9478e+07 1.7678e+07  9.24%  4186 2878s
H  910   800                    1.943020e+07 1.7678e+07  9.02%  4094 2878s
H  911   797                    1.940007e+07 1.7678e+07  8.88%  4092 2878s
H  939   808                    1.934499e+07 1.7678e+07  8.62%  3998 2985s
H  960   797                    1.920515e+07 1.7678e+07  7.95%  4023 2985s
   961   839 1.8686e+07   20  947 1.9205e+07 1.7678e+07  7.95%  4039 3119s
  1015   875 1.8937e+07   27  810 1.9205e+07 1.7680e+07  7.94%  3979 3203s
  1076   876 1.8220e+07   65 1531 1.9205e+07 1.7680e+07  7.94%  3917 3327s
  1078   877 1.7888e+07   31 1331 1.9205e+07 1.7680e+07  7.94%  3910 3337s
  1079   878 1.7705e+07   10 1374 1.9205e+07 1.7680e+07  7.94%  3906 3364s
  1080   879 1.8169e+07   58 1433 1.9205e+07 1.7680e+07  7.94%  3902 3388s
  1081   879 1.7839e+07   28 1405 1.9205e+07 1.7680e+07  7.94%  3899 3413s
  1082   880 1.8311e+07   64 1398 1.9205e+07 1.7680e+07  7.94%  3895 3435s
  1083   881 1.8069e+07   49 1425 1.9205e+07 1.7680e+07  7.94%  3892 3446s
  1084   881 1.8250e+07   53 1378 1.9205e+07 1.7680e+07  7.94%  3888 3455s
  1086   883 1.8059e+07   53 1427 1.9205e+07 1.7680e+07  7.94%  3881 3464s
  1087   883 1.8298e+07   92 1440 1.9205e+07 1.7680e+07  7.94%  3877 3466s
  1091   886 1.7855e+07   20 1446 1.9205e+07 1.7680e+07  7.94%  3863 3470s
  1094   888 1.7777e+07   23 1374 1.9205e+07 1.7713e+07  7.77%  3852 3489s
  1095   889 1.8079e+07   41 1443 1.9205e+07 1.7715e+07  7.76%  3849 3499s
  1096   889 1.8251e+07   54 1446 1.9205e+07 1.7716e+07  7.75%  3845 3502s
  1097   890 1.7785e+07   23 1425 1.9205e+07 1.7716e+07  7.75%  3842 3506s
  1101   893 1.8270e+07   54 1449 1.9205e+07 1.7716e+07  7.75%  3828 3511s
  1102   893 1.8324e+07   58 1472 1.9205e+07 1.7719e+07  7.74%  3824 3521s
  1104   895 1.8885e+07  118 1469 1.9205e+07 1.7719e+07  7.74%  3818 3526s
  1107   897 1.7777e+07   23 1438 1.9205e+07 1.7719e+07  7.74%  3807 3530s
  1108   897 1.7748e+07    6 1427 1.9205e+07 1.7722e+07  7.72%  3804 3540s
  1110   899 1.7833e+07   25 1459 1.9205e+07 1.7723e+07  7.72%  3797 3547s
  1111   899 1.8156e+07   53 1458 1.9205e+07 1.7723e+07  7.72%  3793 3550s
  1114   901 1.7739e+07   11 1430 1.9205e+07 1.7729e+07  7.69%  3783 3563s
  1115   902 1.8096e+07   57 1447 1.9205e+07 1.7730e+07  7.68%  3780 3570s
  1117   903 1.7949e+07   35 1442 1.9205e+07 1.7731e+07  7.68%  3773 3575s
  1120   905 1.8025e+07   42 1449 1.9205e+07 1.7731e+07  7.68%  3763 3580s
  1121   906 1.8725e+07   23 1403 1.9205e+07 1.7736e+07  7.65%  3760 3600s
  1122   907 1.7738e+07    6 1412 1.9205e+07 1.7738e+07  7.64%  3756 3606s
  1124   908 1.8494e+07   70 1441 1.9205e+07 1.7739e+07  7.64%  3750 3611s
  1129   911 1.7967e+07   49 1435 1.9205e+07 1.7739e+07  7.64%  3733 3616s
  1130   912 1.7741e+07    9 1394 1.9205e+07 1.7741e+07  7.62%  3730 3631s
  1131   913 1.8074e+07   52 1421 1.9205e+07 1.7742e+07  7.62%  3726 3641s
  1132   913 1.7956e+07   35 1432 1.9205e+07 1.7743e+07  7.62%  3723 3646s
  1134   915 1.8090e+07   44 1439 1.9205e+07 1.7743e+07  7.61%  3717 3651s
  1137   917 1.7743e+07    7 1436 1.9205e+07 1.7743e+07  7.61%  3707 3657s
  1138   917 1.8335e+07   61 1355 1.9205e+07 1.7747e+07  7.59%  3703 3671s
  1139   918 1.8131e+07   83 1395 1.9205e+07 1.7748e+07  7.59%  3700 3676s
  1140   919 1.8809e+07   74 1409 1.9205e+07 1.7748e+07  7.59%  3697 3681s
  1143   921 1.7927e+07   52 1428 1.9205e+07 1.7749e+07  7.58%  3687 3686s
  1145   922 1.7883e+07   23 1404 1.9205e+07 1.7750e+07  7.57%  3681 3703s
  1146   923 1.8308e+07   59 1410 1.9205e+07 1.7751e+07  7.57%  3678 3705s
  1151   926 1.7841e+07   23 1440 1.9205e+07 1.7751e+07  7.57%  3662 3711s
  1152   927 1.8431e+07  102 1469 1.9205e+07 1.7753e+07  7.56%  3658 3721s
  1154   928 1.7753e+07    8 1446 1.9205e+07 1.7753e+07  7.56%  3652 3726s
  1155   929 1.8165e+07   56 1366 1.9205e+07 1.7756e+07  7.55%  3649 3733s
  1156   929 1.7923e+07   26 1373 1.9205e+07 1.7756e+07  7.54%  3646 3736s
  1159   931 1.9107e+07  137 1406 1.9205e+07 1.7757e+07  7.54%  3636 3740s
  1161   933 1.7757e+07   13 1394 1.9205e+07 1.7757e+07  7.54%  3630 3747s
  1162   933 1.8287e+07   54 1392 1.9205e+07 1.7757e+07  7.54%  3627 3750s
  1164   935 1.8179e+07   52 1394 1.9205e+07 1.7757e+07  7.54%  3621 3755s
  1165   935 1.7757e+07   14 1396 1.9205e+07 1.7757e+07  7.54%  3618 3760s
  1168   937 1.7794e+07   15 1394 1.9205e+07 1.7757e+07  7.54%  3608 3767s
  1170   939 1.7940e+07   33 1434 1.9205e+07 1.7757e+07  7.54%  3602 3771s
  1172   940 1.8231e+07   54 1444 1.9205e+07 1.7757e+07  7.54%  3596 3775s
  1176   943 1.8220e+07   65 1447 1.9205e+07 1.7757e+07  7.54%  3584 3780s
  1180   945 1.8169e+07   58 1424 1.9205e+07 1.7757e+07  7.54%  3572 3787s
  1185   950 1.8054e+07   48 1290 1.9205e+07 1.7757e+07  7.54%  3784 3797s
  1186   951 1.8059e+07   53 1384 1.9205e+07 1.7757e+07  7.54%  3781 3818s
  1187   952 1.8298e+07   92 1415 1.9205e+07 1.7757e+07  7.54%  3778 3841s
  1188   952 1.8165e+07   56 1414 1.9205e+07 1.7757e+07  7.54%  3775 3865s
  1189   953 1.8156e+07   55 1400 1.9205e+07 1.7757e+07  7.54%  3772 3882s
  1190   954 1.8169e+07   58 1430 1.9205e+07 1.7757e+07  7.54%  3769 3899s
  1191   954 1.7855e+07   20 1361 1.9205e+07 1.7757e+07  7.54%  3765 3912s
  1192   955 1.8528e+07   72 1402 1.9205e+07 1.7757e+07  7.54%  3762 3922s
  1193   956 1.7766e+07   15 1418 1.9205e+07 1.7757e+07  7.54%  3759 3931s
  1194   956 1.7777e+07   23 1401 1.9205e+07 1.7757e+07  7.54%  3756 3938s
  1195   957 1.8079e+07   41 1378 1.9205e+07 1.7757e+07  7.54%  3753 3942s
  1196   958 1.8251e+07   54 1376 1.9205e+07 1.7757e+07  7.54%  3750 3945s
  1200   960 1.8431e+07  102 1395 1.9205e+07 1.7757e+07  7.54%  3737 3950s
  1204   963 1.8885e+07  118 1379 1.9205e+07 1.7758e+07  7.54%  3725 3963s
  1205   964 1.7989e+07   41 1394 1.9205e+07 1.7758e+07  7.54%  3722 3965s
  1207   965 1.7777e+07   23 1396 1.9205e+07 1.7759e+07  7.53%  3715 3979s
  1208   966 1.7760e+07    6 1361 1.9205e+07 1.7760e+07  7.53%  3712 3983s
  1209   966 1.9068e+07   97 1398 1.9205e+07 1.7760e+07  7.52%  3709 3985s
  1212   968 1.7766e+07   16 1402 1.9205e+07 1.7760e+07  7.52%  3700 3990s
  1213   969 1.8895e+07   27 1374 1.9205e+07 1.7761e+07  7.52%  3697 3998s
  1215   970 1.8096e+07   57 1396 1.9205e+07 1.7762e+07  7.52%  3691 4002s
  1216   971 1.7839e+07   31 1399 1.9205e+07 1.7762e+07  7.52%  3688 4006s
  1218   972 1.8068e+07   32 1397 1.9205e+07 1.7762e+07  7.51%  3682 4015s
  1220   974 1.8025e+07   42 1405 1.9205e+07 1.7762e+07  7.51%  3676 4025s
  1223   976 1.7762e+07   18 1427 1.9205e+07 1.7762e+07  7.51%  3667 4031s
  1224   976 1.8494e+07   70 1386 1.9205e+07 1.7762e+07  7.51%  3664 4038s
  1226   978 1.7833e+07   29 1385 1.9205e+07 1.7762e+07  7.51%  3658 4041s
  1229   980 1.7967e+07   49 1363 1.9205e+07 1.7762e+07  7.51%  3649 4048s
  1230   980 1.7762e+07    9 1392 1.9205e+07 1.7762e+07  7.51%  3646 4051s
  1231   981 1.8074e+07   52 1418 1.9205e+07 1.7762e+07  7.51%  3643 4055s
  1233   982 1.7894e+07   29 1409 1.9205e+07 1.7763e+07  7.51%  3637 4061s
  1236   984 1.7763e+07   11 1377 1.9205e+07 1.7763e+07  7.51%  3628 4069s
  1237   985 1.7763e+07    7 1396 1.9205e+07 1.7763e+07  7.51%  3625 4072s
  1238   986 1.8335e+07   61 1376 1.9205e+07 1.7763e+07  7.51%  3622 4076s
  1240   987 1.8809e+07   74 1409 1.9205e+07 1.7763e+07  7.51%  3617 4085s
  1243   989 1.7927e+07   52 1432 1.9205e+07 1.7763e+07  7.51%  3608 4094s
  1244   990 1.7883e+07   30 1439 1.9205e+07 1.7763e+07  7.51%  3605 4097s
  1245   990 1.7883e+07   23 1363 1.9205e+07 1.7764e+07  7.50%  3602 4107s
  1247   992 1.8505e+07  108 1408 1.9205e+07 1.7764e+07  7.50%  3596 4111s
  1248   992 1.8156e+07   53 1432 1.9205e+07 1.7764e+07  7.50%  3593 4115s
  1252   995 1.8431e+07  102 1428 1.9205e+07 1.7765e+07  7.50%  3582 4120s
  1255   997 1.8165e+07   56 1426 1.9205e+07 1.7765e+07  7.50%  3573 4125s
  1257   998 1.8504e+07  108 1428 1.9205e+07 1.7765e+07  7.50%  3568 4130s
  1262  1002 1.8287e+07   54 1394 1.9205e+07 1.7765e+07  7.50%  3554 4136s
  1263  1002 1.7804e+07   18 1390 1.9205e+07 1.7765e+07  7.50%  3551 4144s
  1264  1003 1.8179e+07   52 1390 1.9205e+07 1.7765e+07  7.50%  3548 4154s
  1265  1007 1.7766e+07   21 1341 1.9205e+07 1.7765e+07  7.50%  3702 4177s
  1267  1010 1.7772e+07   22 1351 1.9205e+07 1.7766e+07  7.49%  3703 4191s
  1271  1013 1.7865e+07   23 1326 1.9205e+07 1.7772e+07  7.46%  3710 4207s
  1275  1015 1.7773e+07   23 1370 1.9205e+07 1.7773e+07  7.46%  3713 4213s
  1279  1018 1.7776e+07   24 1326 1.9205e+07 1.7773e+07  7.46%  3714 4229s
  1283  1021 1.7811e+07   24 1392 1.9205e+07 1.7776e+07  7.44%  3710 4240s
  1287  1023 1.7778e+07   25 1323 1.9205e+07 1.7776e+07  7.44%  3708 4262s
  1291  1026 1.7777e+07   25 1297 1.9205e+07 1.7777e+07  7.43%  3722 4276s
  1295  1029 1.7778e+07   26 1318 1.9205e+07 1.7777e+07  7.43%  3726 4290s
  1299  1033 1.7782e+07   26 1315 1.9205e+07 1.7778e+07  7.43%  3736 4304s
  1305  1036 1.7798e+07   27 1274 1.9205e+07 1.7778e+07  7.43%  3739 4324s
  1310  1041 1.7912e+07   27 1260 1.9205e+07 1.7778e+07  7.43%  3749 4349s
  1316  1045 1.7803e+07   28 1273 1.9205e+07 1.7778e+07  7.43%  3752 4367s
  1322  1049 1.7932e+07   28 1227 1.9205e+07 1.7778e+07  7.43%  3757 4381s
  1328  1054 1.7804e+07   29 1281 1.9205e+07 1.7778e+07  7.43%  3753 4403s
  1335  1053 1.7834e+07   30 1253 1.9205e+07 1.7778e+07  7.43%  3758 4423s
  1339  1057 1.7862e+07   30 1193 1.9205e+07 1.7778e+07  7.43%  3773 4445s
  1344  1060 1.7872e+07   31 1239 1.9205e+07 1.7778e+07  7.43%  3789 4480s
  1349  1064 1.7854e+07   31 1174 1.9205e+07 1.7778e+07  7.43%  3810 4508s
  1354  1066 1.7890e+07   32 1169 1.9205e+07 1.7778e+07  7.43%  3841 4562s
  1358  1069 1.7883e+07   32 1212 1.9205e+07 1.7778e+07  7.43%  3856 4595s
  1362  1071 1.7914e+07   33 1206 1.9205e+07 1.7778e+07  7.43%  3876 4618s
  1366  1078 1.7884e+07   33 1153 1.9205e+07 1.7778e+07  7.43%  3884 4651s
  1374  1083 1.7996e+07   34 1090 1.9205e+07 1.7778e+07  7.43%  3922 4693s
  1382  1086 1.7911e+07   35 1139 1.9205e+07 1.7778e+07  7.43%  3927 4725s
  1389  1093 1.7939e+07   36 1074 1.9205e+07 1.7778e+07  7.43%  3946 4764s
  1399  1094 1.7972e+07   38 1077 1.9205e+07 1.7778e+07  7.43%  3961 4793s
  1403  1104 1.7916e+07   38 1146 1.9205e+07 1.7778e+07  7.43%  3966 4832s
  1414  1113 1.7927e+07   40 1067 1.9205e+07 1.7778e+07  7.43%  3974 4866s
  1427  1119 1.7931e+07   42 1109 1.9205e+07 1.7778e+07  7.43%  3981 4893s
  1437  1124 1.7939e+07   43 1121 1.9205e+07 1.7778e+07  7.43%  3995 4923s
  1448  1132 1.7941e+07   44 1122 1.9205e+07 1.7778e+07  7.43%  3997 4950s
  1461  1138 1.7950e+07   45 1119 1.9205e+07 1.7778e+07  7.43%  4000 4997s
  1472  1152 1.7965e+07   46 1098 1.9205e+07 1.7778e+07  7.43%  4021 5027s
  1491  1157 1.8002e+07   48 1058 1.9205e+07 1.7778e+07  7.43%  4008 5068s
  1503  1166 1.7980e+07   49 1076 1.9205e+07 1.7778e+07  7.43%  4014 5108s
  1516  1182 1.8028e+07   51 1095 1.9205e+07 1.7778e+07  7.43%  4027 5155s
  1536  1188 1.8116e+07   53 1053 1.9205e+07 1.7778e+07  7.43%  4030 5197s
H 1545  1133                    1.919588e+07 1.7778e+07  7.39%  4038 5197s
  1549  1147 1.8152e+07   54 1046 1.9196e+07 1.7778e+07  7.39%  4045 5254s
  1564  1153 1.8198e+07   56 1029 1.9196e+07 1.7778e+07  7.39%  4074 5298s
  1575  1161 1.8239e+07   57 1002 1.9196e+07 1.7778e+07  7.39%  4106 5338s
H 1581  1110                    1.917072e+07 1.7778e+07  7.27%  4112 5338s
  1587  1125 1.8243e+07   58 1026 1.9171e+07 1.7778e+07  7.27%  4134 5385s
  1606  1132 1.8251e+07   59 1013 1.9171e+07 1.7778e+07  7.27%  4146 5428s
  1621  1145 1.8259e+07   60  994 1.9171e+07 1.7778e+07  7.27%  4168 5473s
  1641  1157 1.8266e+07   63 1001 1.9171e+07 1.7778e+07  7.27%  4181 5517s
  1660  1173 1.8307e+07   65  913 1.9171e+07 1.7778e+07  7.27%  4202 5570s
  1682  1193 1.8285e+07   67  885 1.9171e+07 1.7778e+07  7.27%  4221 5615s
H 1685  1146                    1.906400e+07 1.7778e+07  6.75%  4228 5615s
  1709  1177 1.8305e+07   69  898 1.9064e+07 1.7778e+07  6.75%  4227 5672s
  1750  1213 1.8383e+07   71  873 1.9064e+07 1.7778e+07  6.75%  4229 5726s
  1802  1249 1.8390e+07   74  881 1.9064e+07 1.7778e+07  6.75%  4196 5773s
  1863  1296 1.8596e+07   78  850 1.9064e+07 1.7778e+07  6.75%  4154 5822s
  1935  1319 1.8527e+07   82  826 1.9064e+07 1.7778e+07  6.75%  4078 5885s
  2004  1315 1.8601e+07   85  791 1.9064e+07 1.7778e+07  6.75%  3997 5945s
H 2022  1263                    1.906104e+07 1.7778e+07  6.73%  3985 5946s
  2045  1300 1.8646e+07   89  680 1.9061e+07 1.7778e+07  6.73%  3959 6000s
H 2050  1252                    1.902986e+07 1.7778e+07  6.58%  3952 6000s
  2113  1258 infeasible   45      1.9030e+07 1.7778e+07  6.58%  3899 6089s
H 2137  1205                    1.896025e+07 1.7778e+07  6.24%  3899 6089s
  2144  1241 1.7803e+07   29 1292 1.8960e+07 1.7778e+07  6.24%  3915 6205s
  2204  1246 1.7942e+07   34 1248 1.8960e+07 1.7778e+07  6.24%  3885 6283s
  2235  1276 1.8002e+07   39 1141 1.8960e+07 1.7778e+07  6.24%  3900 6353s
  2288  1328 1.8275e+07   54 1028 1.8960e+07 1.7778e+07  6.24%  3879 6442s
  2369  1365 1.8605e+07   81  737 1.8960e+07 1.7780e+07  6.22%  3819 6542s
  2459  1361 1.8023e+07   29 1216 1.8960e+07 1.7788e+07  6.19%  3765 6684s
  2521  1414 1.8059e+07   32 1189 1.8960e+07 1.7788e+07  6.19%  3755 6761s
H 2535  1353                    1.889744e+07 1.7788e+07  5.87%  3759 6761s
  2595  1383 1.8126e+07   41 1031 1.8897e+07 1.7788e+07  5.87%  3717 6856s
  2661  1415 1.8258e+07   53  835 1.8897e+07 1.7788e+07  5.87%  3706 6941s
H 2686  1369                    1.888883e+07 1.7788e+07  5.83%  3701 6941s
  2735  1426 1.8612e+07   60  653 1.8889e+07 1.7788e+07  5.83%  3702 7037s
  2836  1439 1.7828e+07   28 1225 1.8889e+07 1.7788e+07  5.83%  3659 7157s
H 2850  1378                    1.882562e+07 1.7788e+07  5.51%  3655 7157s
  2917  1399 1.7956e+07   33 1214 1.8826e+07 1.7788e+07  5.51%  3611 7267s
  2976  1450 infeasible   47      1.8826e+07 1.7788e+07  5.51%  3604 7395s
  3051  1463 1.8636e+07   68  813 1.8826e+07 1.7792e+07  5.49%  3586 7575s
  3115  1517 1.7805e+07   30 1260 1.8826e+07 1.7799e+07  5.45%  3588 7722s
  3213  1556 1.7828e+07   32 1245 1.8826e+07 1.7799e+07  5.45%  3546 7875s
  3257  1605 1.7855e+07   40 1193 1.8826e+07 1.7799e+07  5.45%  3585 8031s
  3306  1675 1.7911e+07   45 1117 1.8826e+07 1.7799e+07  5.45%  3613 8269s
  3382  1747 1.8029e+07   54 1065 1.8826e+07 1.7799e+07  5.45%  3621 8419s
  3438  1747 1.8065e+07   57 1062 1.8826e+07 1.7799e+07  5.45%  3604 8420s
  3462  1831 infeasible   60      1.8826e+07 1.7799e+07  5.45%  3610 8594s
  3568  1977 1.8609e+07   73  785 1.8826e+07 1.7804e+07  5.43%  3593 8771s
  3745  2041 1.7911e+07   28 1273 1.8826e+07 1.7804e+07  5.43%  3510 8965s
  3849  2108 1.8061e+07   52 1092 1.8826e+07 1.7808e+07  5.41%  3501 9331s
  3948  2182 1.7843e+07   29 1273 1.8826e+07 1.7808e+07  5.41%  3472 9552s
  4045  2344 1.8076e+07   54 1071 1.8826e+07 1.7808e+07  5.40%  3478 9768s
  4228  2463 1.7897e+07   29 1244 1.8826e+07 1.7809e+07  5.40%  3431 9996s
  4365  2556 1.8104e+07   67 1123 1.8826e+07 1.7810e+07  5.39%  3417 10218s
  4489  2673 1.7910e+07   33 1189 1.8826e+07 1.7812e+07  5.39%  3414 10457s
  4631  2803 1.8572e+07   62 1007 1.8826e+07 1.7812e+07  5.38%  3415 10701s
  4834  2884 infeasible   32      1.8826e+07 1.7815e+07  5.37%  3388 10956s
  4927  2998 1.8087e+07   50 1076 1.8826e+07 1.7815e+07  5.37%  3424 11297s
  5067  3111 1.8002e+07   28 1219 1.8826e+07 1.7815e+07  5.37%  3412 11596s
  5202  3275 1.8029e+07   44 1069 1.8826e+07 1.7815e+07  5.37%  3443 12006s
  5428  3396 1.7833e+07   35 1208 1.8826e+07 1.7815e+07  5.37%  3434 12714s
  5569  3547 1.7833e+07   36 1248 1.8826e+07 1.7815e+07  5.37%  3423 13004s
  5802  3725 1.8218e+07   82  818 1.8826e+07 1.7818e+07  5.35%  3400 13308s
  6044  3836 1.8030e+07   45 1082 1.8826e+07 1.7819e+07  5.35%  3378 13601s
  6266  3973 1.8011e+07   31 1289 1.8826e+07 1.7821e+07  5.34%  3384 13915s
  6460  4124 1.8026e+07   49 1049 1.8826e+07 1.7822e+07  5.33%  3398 14286s
  6666  4278 1.7982e+07   49 1077 1.8826e+07 1.7824e+07  5.32%  3406 14641s
  6860  4421 1.7916e+07   41 1070 1.8826e+07 1.7824e+07  5.32%  3419 14987s
  7005  4692 1.8130e+07   67  801 1.8826e+07 1.7825e+07  5.31%  3447 15511s
  7344  4927 1.8322e+07   70  875 1.8826e+07 1.7827e+07  5.30%  3419 15920s
  7645  5090 1.8763e+07   83  716 1.8826e+07 1.7830e+07  5.29%  3401 16350s
  7864  5193 1.8129e+07   57 1066 1.8826e+07 1.7831e+07  5.28%  3425 16726s
  8007  5407 1.7987e+07   37 1116 1.8826e+07 1.7831e+07  5.28%  3425 17256s
  8337  5652 1.8126e+07   48 1079 1.8826e+07 1.7831e+07  5.28%  3414 17755s
  8669  5866 1.8120e+07   41 1140 1.8826e+07 1.7832e+07  5.28%  3414 18270s
  8937  6106 1.8751e+07   73  773 1.8826e+07 1.7833e+07  5.27%  3437 18792s
  9259  6357 1.8054e+07   48 1191 1.8826e+07 1.7833e+07  5.27%  3427 19351s
  9595  6656 1.7881e+07   30 1172 1.8826e+07 1.7835e+07  5.26%  3435 19908s
  9967  6883 1.7862e+07   32 1273 1.8826e+07 1.7837e+07  5.25%  3435 20482s
 10229  6884 1.8749e+07   85 1531 1.8826e+07 1.7837e+07  5.25%  3451 20994s
 10231  6885 1.8372e+07   72 1277 1.8826e+07 1.7837e+07  5.25%  3450 21007s
 10232  6886 1.8028e+07   36 1396 1.8826e+07 1.7837e+07  5.25%  3450 21053s
 10233  6887 1.8093e+07   33 1466 1.8826e+07 1.7837e+07  5.25%  3449 21089s
 10234  6887 1.7959e+07   33 1430 1.8826e+07 1.7837e+07  5.25%  3449 21119s
 10235  6888 1.8169e+07   64 1408 1.8826e+07 1.7837e+07  5.25%  3449 21138s
 10236  6889 1.8043e+07   55 1408 1.8826e+07 1.7837e+07  5.25%  3448 21157s
 10237  6889 1.8600e+07   88 1445 1.8826e+07 1.7837e+07  5.25%  3448 21173s
 10238  6890 1.8382e+07   54 1450 1.8826e+07 1.7837e+07  5.25%  3448 21186s
 10239  6891 1.7979e+07   49 1403 1.8826e+07 1.7837e+07  5.25%  3447 21193s
 10240  6891 1.8480e+07   65 1378 1.8826e+07 1.7837e+07  5.25%  3447 21204s
 10241  6892 1.7909e+07   27 1385 1.8826e+07 1.7837e+07  5.25%  3447 21212s
 10242  6893 1.8411e+07   59 1381 1.8826e+07 1.7837e+07  5.25%  3446 21215s
 10244  6894 1.8716e+07   83 1365 1.8826e+07 1.7837e+07  5.25%  3446 21223s
 10245  6895 1.7846e+07   29 1365 1.8826e+07 1.7837e+07  5.25%  3445 21226s
 10247  6896 1.8322e+07   63 1348 1.8826e+07 1.7837e+07  5.25%  3445 21230s
 10249  6897 1.8030e+07   34 1326 1.8826e+07 1.7837e+07  5.25%  3444 21247s
 10250  6898 1.8265e+07   56 1403 1.8826e+07 1.7837e+07  5.25%  3444 21250s
 10255  6901 1.8034e+07   30 1380 1.8826e+07 1.7837e+07  5.25%  3442 21256s
 10256  6902 1.8244e+07   67 1363 1.8826e+07 1.7837e+07  5.25%  3442 21270s
 10257  6903 1.8068e+07   55 1375 1.8826e+07 1.7837e+07  5.25%  3441 21275s
 10261  6905 1.8578e+07   69 1401 1.8826e+07 1.7837e+07  5.25%  3440 21282s
 10262  6906 1.8719e+07  110 1399 1.8826e+07 1.7837e+07  5.25%  3440 21289s
 10263  6907 1.8328e+07   84 1409 1.8826e+07 1.7837e+07  5.25%  3439 21291s
 10265  6908 1.7912e+07   38 1378 1.8826e+07 1.7837e+07  5.25%  3439 21308s
 10266  6909 1.8362e+07   77 1388 1.8826e+07 1.7837e+07  5.25%  3438 21310s
 10269  6911 1.8555e+07  117 1384 1.8826e+07 1.7837e+07  5.25%  3437 21322s
 10271  6912 1.8616e+07  106 1406 1.8826e+07 1.7837e+07  5.25%  3437 21325s
 10274  6914 1.7950e+07   43 1405 1.8826e+07 1.7837e+07  5.25%  3436 21342s
 10275  6915 1.7855e+07   36 1392 1.8826e+07 1.7837e+07  5.25%  3435 21345s
 10277  6916 1.7951e+07   41 1368 1.8826e+07 1.7837e+07  5.25%  3435 21352s
 10279  6917 1.8191e+07   52 1374 1.8826e+07 1.7837e+07  5.25%  3434 21361s
 10281  6919 1.8358e+07   62 1374 1.8826e+07 1.7837e+07  5.25%  3433 21375s
 10283  6920 1.7894e+07   38 1380 1.8826e+07 1.7837e+07  5.25%  3433 21382s
 10286  6922 1.8253e+07   72 1366 1.8826e+07 1.7837e+07  5.25%  3432 21387s
 10287  6923 1.8227e+07   66 1383 1.8826e+07 1.7837e+07  5.25%  3431 21393s
 10289  6924 1.8287e+07   63 1371 1.8826e+07 1.7837e+07  5.25%  3431 21397s
 10290  6925 1.8726e+07  104 1346 1.8826e+07 1.7837e+07  5.25%  3430 21406s
 10292  6926 1.7894e+07   36 1378 1.8826e+07 1.7837e+07  5.25%  3430 21410s
 10293  6927 1.8042e+07   52 1339 1.8826e+07 1.7837e+07  5.25%  3429 21420s
 10296  6929 1.8329e+07   68 1384 1.8826e+07 1.7837e+07  5.25%  3428 21426s
 10297  6929 1.8698e+07  104 1392 1.8826e+07 1.7837e+07  5.25%  3428 21439s
 10298  6930 1.8197e+07   48 1382 1.8826e+07 1.7837e+07  5.25%  3428 21444s
 10299  6931 1.8107e+07   61 1379 1.8826e+07 1.7837e+07  5.25%  3427 21448s
 10300  6931 1.7862e+07   33 1365 1.8826e+07 1.7837e+07  5.25%  3427 21452s
 10301  6932 1.8688e+07  125 1411 1.8826e+07 1.7837e+07  5.25%  3427 21457s
 10302  6933 1.8119e+07   57 1415 1.8826e+07 1.7837e+07  5.25%  3426 21460s
 10304  6934 1.8073e+07   51 1437 1.8826e+07 1.7837e+07  5.25%  3426 21465s
 10305  6935 1.8612e+07   78 1425 1.8826e+07 1.7837e+07  5.25%  3425 21473s
 10306  6935 1.8022e+07   41 1417 1.8826e+07 1.7837e+07  5.25%  3425 21476s
 10309  6937 1.8109e+07   43 1400 1.8826e+07 1.7837e+07  5.25%  3424 21483s
 10311  6939 1.7992e+07   52 1412 1.8826e+07 1.7837e+07  5.25%  3423 21488s
 10313  6940 1.8126e+07   52 1417 1.8826e+07 1.7837e+07  5.25%  3423 21493s
 10314  6941 1.8796e+07  129 1417 1.8826e+07 1.7837e+07  5.25%  3422 21495s
 10317  6943 1.8152e+07   62 1408 1.8826e+07 1.7837e+07  5.25%  3421 21500s
 10320  6945 1.8026e+07   50 1397 1.8826e+07 1.7837e+07  5.25%  3420 21505s
 10323  6947 1.7980e+07   49 1432 1.8826e+07 1.7837e+07  5.25%  3419 21511s
 10325  6948 1.7897e+07   37 1432 1.8826e+07 1.7837e+07  5.25%  3419 21544s
 10326  6952 1.7837e+07   35 1411 1.8826e+07 1.7837e+07  5.25%  3442 21582s
 10328  6955 1.7837e+07   36 1350 1.8826e+07 1.7837e+07  5.25%  3443 21651s
 10332  6958 1.7837e+07   37 1331 1.8826e+07 1.7837e+07  5.25%  3446 21676s
 10336  6960 1.7837e+07   37 1383 1.8826e+07 1.7837e+07  5.25%  3449 21746s
 10340  6963 1.7837e+07   38 1339 1.8826e+07 1.7837e+07  5.25%  3453 21779s
 10344  6966 1.7837e+07   38 1369 1.8826e+07 1.7837e+07  5.25%  3456 21819s
 10348  6969 1.7837e+07   39 1303 1.8826e+07 1.7837e+07  5.25%  3461 21846s
 10353  6973 1.7837e+07   39 1283 1.8826e+07 1.7837e+07  5.25%  3464 21889s
 10358  6975 1.7837e+07   40 1260 1.8826e+07 1.7837e+07  5.25%  3465 21929s
 10362  6978 1.7837e+07   40 1266 1.8826e+07 1.7837e+07  5.25%  3468 21966s
 10366  6980 1.7837e+07   41 1289 1.8826e+07 1.7837e+07  5.25%  3473 22001s
 10370  6984 1.7837e+07   41 1286 1.8826e+07 1.7837e+07  5.25%  3478 22025s
 10375  6987 1.7870e+07   42 1274 1.8826e+07 1.7837e+07  5.25%  3480 22134s
 10382  6990 1.7843e+07   42 1250 1.8826e+07 1.7837e+07  5.25%  3489 22181s
 10389  6994 1.7845e+07   43 1240 1.8826e+07 1.7837e+07  5.25%  3495 22224s
 10395  6999 1.7878e+07   43 1227 1.8826e+07 1.7837e+07  5.25%  3498 22260s
 10402  7003 1.7846e+07   44 1208 1.8826e+07 1.7837e+07  5.25%  3498 22308s
 10411  7009 1.7845e+07   46 1282 1.8826e+07 1.7837e+07  5.25%  3500 22358s
 10420  7010 1.7845e+07   47 1264 1.8826e+07 1.7837e+07  5.25%  3505 22411s
 10430  7011 1.7854e+07   48 1212 1.8826e+07 1.7837e+07  5.25%  3509 22777s
 10436  7013 1.7858e+07   48 1223 1.8826e+07 1.7837e+07  5.25%  3529 22830s
 10444  7014 1.7861e+07   49 1214 1.8826e+07 1.7837e+07  5.25%  3532 22932s
 10448  7020 1.7882e+07   49 1179 1.8826e+07 1.7837e+07  5.25%  3547 22974s
 10455  7028 1.7861e+07   50 1213 1.8826e+07 1.7837e+07  5.25%  3550 23067s
 10465  7034 1.7875e+07   51 1193 1.8826e+07 1.7837e+07  5.25%  3560 23117s
 10475  7044 1.7915e+07   52 1192 1.8826e+07 1.7837e+07  5.25%  3564 23170s
 10488  7051 infeasible   54      1.8826e+07 1.7837e+07  5.25%  3569 23220s
 10501  7058 1.7939e+07   56 1115 1.8826e+07 1.7837e+07  5.25%  3575 23276s
 10513  7065 1.7956e+07   57 1143 1.8826e+07 1.7837e+07  5.25%  3580 23328s
 10526  7070 1.7976e+07   58 1104 1.8826e+07 1.7837e+07  5.25%  3584 23386s
 10539  7083 1.7986e+07   61 1106 1.8826e+07 1.7837e+07  5.25%  3591 23445s
 10560  7097 1.7987e+07   63 1057 1.8826e+07 1.7837e+07  5.25%  3594 23508s
 10585  7107 1.7989e+07   65 1055 1.8826e+07 1.7837e+07  5.25%  3595 23574s
 10608  7121 1.8020e+07   67 1071 1.8826e+07 1.7837e+07  5.25%  3599 23632s
 10631  7135 1.8035e+07   69 1025 1.8826e+07 1.7837e+07  5.25%  3601 23694s
 10655  7144 1.8101e+07   71 1035 1.8826e+07 1.7837e+07  5.25%  3605 23758s
 10682  7150 1.8145e+07   72  983 1.8826e+07 1.7837e+07  5.25%  3607 23855s
 10728  7162 1.7837e+07   39 1245 1.8826e+07 1.7837e+07  5.25%  3605 23928s
 10757  7166 1.7885e+07   42 1214 1.8826e+07 1.7837e+07  5.25%  3608 24041s
 10785  7179 1.7931e+07   46 1175 1.8826e+07 1.7837e+07  5.25%  3615 24108s
 10811  7193 1.7989e+07   50 1099 1.8826e+07 1.7837e+07  5.25%  3620 24180s
 10838  7227 1.8088e+07   53 1025 1.8826e+07 1.7837e+07  5.25%  3626 24254s
 10888  7260 1.8109e+07   57  975 1.8826e+07 1.7837e+07  5.25%  3622 24328s
 10950  7285 1.8177e+07   64  842 1.8826e+07 1.7837e+07  5.25%  3617 24471s
 11017  7294 1.8272e+07   70  777 1.8826e+07 1.7837e+07  5.25%  3612 24547s
 11051  7331 1.8429e+07   77  736 1.8826e+07 1.7837e+07  5.25%  3614 24631s
 11099  7380 1.8523e+07   88  678 1.8826e+07 1.7837e+07  5.25%  3613 24720s
 11175  7371 1.8701e+07  114  334 1.8826e+07 1.7837e+07  5.25%  3604 24839s
 11223  7391 1.7850e+07   43 1264 1.8826e+07 1.7837e+07  5.25%  3606 24962s
 11265  7418 1.7884e+07   47 1227 1.8826e+07 1.7837e+07  5.25%  3609 25059s
 11338  7421 1.7915e+07   52 1207 1.8826e+07 1.7837e+07  5.25%  3602 25217s
 11370  7458 1.8013e+07   59 1137 1.8826e+07 1.7837e+07  5.25%  3603 25323s
 11417  7486 1.8123e+07   63 1057 1.8826e+07 1.7837e+07  5.25%  3607 25527s
 11464  7525 1.8254e+07   66  964 1.8826e+07 1.7837e+07  5.25%  3604 25718s
 11541  7539 1.8245e+07   70  937 1.8826e+07 1.7837e+07  5.25%  3596 25872s
 11613  7585 1.8300e+07   76  945 1.8826e+07 1.7837e+07  5.25%  3598 25995s
 11687  7663 1.8565e+07   88  728 1.8826e+07 1.7837e+07  5.25%  3597 26141s
 11807  7667 infeasible  104      1.8826e+07 1.7837e+07  5.25%  3583 26339s
 11858  7650 1.8506e+07   76  815 1.8826e+07 1.7837e+07  5.25%  3580 26340s
 11887  7681 1.7870e+07   45 1201 1.8826e+07 1.7837e+07  5.25%  3584 26528s
 11936  7724 infeasible   50      1.8826e+07 1.7837e+07  5.25%  3591 26709s
 11947  7720 1.8318e+07   60  961 1.8826e+07 1.7837e+07  5.25%  3591 26710s
 12007  7771 1.8002e+07   59 1011 1.8826e+07 1.7837e+07  5.25%  3589 26855s
 12078  7811 1.8475e+07   85  788 1.8826e+07 1.7837e+07  5.25%  3592 27029s
 12165  7822 1.7865e+07   43 1205 1.8826e+07 1.7837e+07  5.25%  3592 27191s
 12213  7892 1.8089e+07   52 1114 1.8826e+07 1.7837e+07  5.25%  3600 27354s
H12230  7537                    1.882562e+07 1.7837e+07  5.25%  3601 27354s
 12303  7553 1.8747e+07   69  799 1.8826e+07 1.7837e+07  5.25%  3598 27566s
 12388  7582 infeasible   45      1.8826e+07 1.7837e+07  5.25%  3602 27748s
 12452  7625 1.8269e+07   62  983 1.8826e+07 1.7837e+07  5.25%  3614 27966s
 12553  7638 1.7853e+07   40 1213 1.8826e+07 1.7837e+07  5.25%  3617 28218s
 12612  7628 1.7857e+07   40 1267 1.8826e+07 1.7837e+07  5.25%  3625 28618s
 12621  7768 1.7887e+07   41 1238 1.8826e+07 1.7837e+07  5.25%  3628 28844s
 12781  7841 1.7988e+07   54  999 1.8826e+07 1.7837e+07  5.25%  3622 29132s
 12948  7909 1.8149e+07   66  864 1.8826e+07 1.7837e+07  5.25%  3619 29373s
 13091  7940 1.8502e+07  110  450 1.8826e+07 1.7837e+07  5.25%  3610 29778s
 13197  8043 1.7998e+07   46 1052 1.8826e+07 1.7837e+07  5.25%  3603 30151s
 13415  8099 1.7864e+07   43 1327 1.8826e+07 1.7837e+07  5.25%  3596 30449s
 13576  8164 1.8408e+07   77  922 1.8826e+07 1.7837e+07  5.25%  3595 30765s
 13743  8264 1.8086e+07   57 1118 1.8826e+07 1.7837e+07  5.25%  3597 31081s
 13935  8306 1.7971e+07   48 1146 1.8826e+07 1.7837e+07  5.25%  3590 31440s
 14092  8337 1.8745e+07   82  678 1.8826e+07 1.7837e+07  5.25%  3589 31749s
 14260  8439 1.8071e+07   62  988 1.8826e+07 1.7837e+07  5.25%  3596 32163s
 14443  8492 1.8450e+07   58  940 1.8826e+07 1.7837e+07  5.25%  3599 32638s
 14612  8636 1.8176e+07   52 1092 1.8826e+07 1.7837e+07  5.25%  3615 32984s
 14849  8704     cutoff   75      1.8826e+07 1.7837e+07  5.25%  3615 33549s
 15067  8849 1.8562e+07   77  713 1.8826e+07 1.7841e+07  5.23%  3615 34025s
 15346  8896 infeasible   72      1.8826e+07 1.7842e+07  5.23%  3604 34451s
 15548  8996 1.7909e+07   51 1108 1.8826e+07 1.7843e+07  5.22%  3612 34891s
 15773  9138 1.7935e+07   47 1157 1.8826e+07 1.7845e+07  5.21%  3618 35366s
 16029  9286 1.8379e+07   89  638 1.8826e+07 1.7845e+07  5.21%  3619 35842s
 16335  9360 1.8724e+07   77  729 1.8826e+07 1.7846e+07  5.20%  3610 36354s
 16589  9438 1.8016e+07   49 1148 1.8826e+07 1.7847e+07  5.20%  3618 36928s
 16811  9639 1.8609e+07   77  670 1.8826e+07 1.7848e+07  5.19%  3635 37475s
 17192  9757 1.7905e+07   48 1147 1.8826e+07 1.7850e+07  5.18%  3623 38018s
 17488 10007 1.8080e+07   56 1064 1.8826e+07 1.7851e+07  5.18%  3626 38709s
 17940  9994 1.7908e+07   44 1165 1.8826e+07 1.7852e+07  5.17%  3613 39568s
 18119 10213 1.7989e+07   57 1045 1.8826e+07 1.7853e+07  5.16%  3634 40186s
 18508 10386 1.7968e+07   53 1169 1.8826e+07 1.7854e+07  5.16%  3630 40831s
 18881 10534 1.7898e+07   47 1264 1.8826e+07 1.7855e+07  5.15%  3628 41611s
 19240 10731 1.7944e+07   43 1249 1.8826e+07 1.7857e+07  5.14%  3627 42463s
 19658 10903 1.8049e+07   64 1055 1.8826e+07 1.7858e+07  5.14%  3630 43290s
 20067 11037 infeasible   77      1.8826e+07 1.7859e+07  5.14%  3630 44116s
 20426 11165 1.8456e+07   78  670 1.8826e+07 1.7860e+07  5.13%  3642 44964s
 20852 11406 1.7928e+07   52 1180 1.8826e+07 1.7862e+07  5.12%  3648 45699s
 20971 11366 1.8210e+07   57  985 1.8826e+07 1.7862e+07  5.12%  3644 45700s
 21386 11505 1.8194e+07   55 1016 1.8826e+07 1.7863e+07  5.11%  3632 46420s
 21757 11656 1.8147e+07   48 1222 1.8826e+07 1.7864e+07  5.11%  3635 47032s
 22153 11834 1.7926e+07   45 1239 1.8826e+07 1.7865e+07  5.10%  3638 47668s
 22529 11982 1.8287e+07   68  853 1.8826e+07 1.7865e+07  5.10%  3649 48344s
 22931 12136 1.7977e+07   53 1195 1.8826e+07 1.7866e+07  5.10%  3641 48983s
 23348 12410 1.8017e+07   54 1116 1.8826e+07 1.7868e+07  5.09%  3640 49703s
 23878 12515 1.7901e+07   44 1251 1.8826e+07 1.7870e+07  5.08%  3637 50381s
 24254 12794 1.7950e+07   47 1145 1.8826e+07 1.7870e+07  5.08%  3643 51066s
 24763 12965 1.8038e+07   52 1091 1.8826e+07 1.7871e+07  5.07%  3641 51733s
 25240 12870 1.8511e+07   75  862 1.8826e+07 1.7872e+07  5.07%  3644 52236s
 25324 13215 1.8002e+07   48 1087 1.8826e+07 1.7872e+07  5.07%  3643 52876s
 25808 13384 1.8175e+07   55  990 1.8826e+07 1.7873e+07  5.06%  3644 53598s
 26263 13719 1.8002e+07   47 1225 1.8826e+07 1.7874e+07  5.05%  3650 54281s
 26898 13802 infeasible   50      1.8826e+07 1.7875e+07  5.05%  3635 54882s
 27283 13824 1.8120e+07   65  859 1.8826e+07 1.7875e+07  5.05%  3640 55773s
 27483 14041 1.7948e+07   49 1202 1.8826e+07 1.7875e+07  5.05%  3630 56459s
 27925 14271 1.7891e+07   49 1263 1.8826e+07 1.7876e+07  5.04%  3633 57153s
 28428 14394 1.8105e+07   51 1192 1.8826e+07 1.7877e+07  5.04%  3633 58016s
 28784 14711 1.8518e+07   78  871 1.8826e+07 1.7877e+07  5.04%  3630 58815s
 29349 14817 1.8134e+07   63 1088 1.8826e+07 1.7878e+07  5.04%  3627 59460s
 29777 15077 1.7988e+07   52 1177 1.8826e+07 1.7878e+07  5.03%  3636 60110s
 30288 15091 1.8668e+07   57  936 1.8826e+07 1.7878e+07  5.03%  3632 60817s
 30468 15151 1.7948e+07   48 1241 1.8826e+07 1.7879e+07  5.03%  3642 61512s
 30528 15531 1.8321e+07   63 1040 1.8826e+07 1.7879e+07  5.03%  3641 62577s
 31010 15954 1.8195e+07   58 1029 1.8826e+07 1.7879e+07  5.03%  3648 63231s
 31580 15955 1.8679e+07   70 1531 1.8826e+07 1.7880e+07  5.02%  3641 66003s
 31582 15956 1.8370e+07   76  928 1.8826e+07 1.7880e+07  5.02%  3640 66005s
 31583 15957 1.8768e+07   78 1016 1.8826e+07 1.7880e+07  5.02%  3640 66014s
 31584 15958 1.7920e+07   50 1021 1.8826e+07 1.7880e+07  5.02%  3640 66026s
 31585 15958 1.8036e+07   53 1002 1.8826e+07 1.7880e+07  5.02%  3640 66036s
 31586 15959 1.8400e+07   77 1024 1.8826e+07 1.7880e+07  5.02%  3640 66046s
 31587 15960 1.7888e+07   44 1001 1.8826e+07 1.7880e+07  5.02%  3640 66057s
 31588 15960 1.8474e+07   87  982 1.8826e+07 1.7880e+07  5.02%  3640 66066s
 31589 15961 1.8246e+07   69  982 1.8826e+07 1.7880e+07  5.02%  3640 66073s
 31590 15962 1.8165e+07   63 1005 1.8826e+07 1.7880e+07  5.02%  3640 66078s
 31591 15962 1.8017e+07   56 1002 1.8826e+07 1.7880e+07  5.02%  3639 66084s
 31592 15963 1.8324e+07   66 1005 1.8826e+07 1.7880e+07  5.02%  3639 66088s
 31593 15964 1.7934e+07   52  996 1.8826e+07 1.7880e+07  5.02%  3639 66090s
 31600 15968 1.8569e+07   67  987 1.8826e+07 1.7880e+07  5.02%  3638 66095s
 31602 15970 1.8149e+07   64  956 1.8826e+07 1.7880e+07  5.02%  3638 66140s
 31605 15972 1.7909e+07   46  997 1.8826e+07 1.7880e+07  5.02%  3638 66145s
 31608 15974 1.8211e+07   73  986 1.8826e+07 1.7880e+07  5.02%  3637 66161s
 31609 15974 1.8535e+07   94  939 1.8826e+07 1.7880e+07  5.02%  3637 66183s
 31610 15975 1.8340e+07   59  979 1.8826e+07 1.7880e+07  5.02%  3637 66185s
 31615 15978 1.8423e+07   58  985 1.8826e+07 1.7880e+07  5.02%  3637 66204s
 31616 15979 1.8412e+07   60  918 1.8826e+07 1.7880e+07  5.02%  3637 66255s
 31623 15984 1.8277e+07   70  950 1.8826e+07 1.7880e+07  5.02%  3636 66273s
 31624 15984 1.8363e+07   64  930 1.8826e+07 1.7880e+07  5.02%  3636 66292s
 31625 15985 1.8534e+07   64  975 1.8826e+07 1.7880e+07  5.02%  3636 66296s
 31628 15987 1.8138e+07   59  971 1.8826e+07 1.7880e+07  5.02%  3635 66300s
 31631 15989 1.8135e+07   51  963 1.8826e+07 1.7880e+07  5.02%  3635 66317s
 31632 15990 1.7927e+07   55  979 1.8826e+07 1.7880e+07  5.02%  3635 66336s
 31636 15992 1.8169e+07   53  989 1.8826e+07 1.7880e+07  5.02%  3634 66353s
 31637 15993 1.8156e+07   57  914 1.8826e+07 1.7880e+07  5.02%  3634 66369s
 31638 15994 1.7952e+07   52  980 1.8826e+07 1.7880e+07  5.02%  3634 66385s
 31639 15994 1.8010e+07   55  962 1.8826e+07 1.7880e+07  5.02%  3634 66404s
 31641 15996 1.7942e+07   51  971 1.8826e+07 1.7880e+07  5.02%  3634 66421s
 31642 15996 1.8283e+07   71  946 1.8826e+07 1.7880e+07  5.02%  3634 66444s
 31643 15997 1.7942e+07   48 1014 1.8826e+07 1.7880e+07  5.02%  3633 66446s
 31647 16000 1.8263e+07   62 1018 1.8826e+07 1.7880e+07  5.02%  3633 66450s
 31648 16000 1.8508e+07   78  998 1.8826e+07 1.7880e+07  5.02%  3633 66466s
 31649 16001 1.8291e+07   80  974 1.8826e+07 1.7880e+07  5.02%  3633 66485s
 31651 16002 1.8076e+07   55  995 1.8826e+07 1.7880e+07  5.02%  3633 66502s
 31652 16003 1.8108e+07   59  986 1.8826e+07 1.7880e+07  5.02%  3632 66521s
 31655 16005 1.8707e+07   89 1029 1.8826e+07 1.7880e+07  5.02%  3632 66538s
 31656 16006 1.8571e+07   87  990 1.8826e+07 1.7880e+07  5.02%  3632 66555s
 31657 16006 1.7891e+07   50 1007 1.8826e+07 1.7880e+07  5.02%  3632 66571s
 31658 16007 1.8328e+07   70  986 1.8826e+07 1.7880e+07  5.02%  3632 66590s
 31659 16008 1.8376e+07   82 1020 1.8826e+07 1.7880e+07  5.02%  3632 66606s
 31660 16008 1.7895e+07   46  947 1.8826e+07 1.7880e+07  5.02%  3631 66639s
 31661 16009 1.8419e+07   65 1006 1.8826e+07 1.7880e+07  5.02%  3631 66655s
 31662 16010 1.8183e+07   62  997 1.8826e+07 1.7880e+07  5.02%  3631 66671s
 31663 16010 1.8440e+07   63  999 1.8826e+07 1.7880e+07  5.02%  3631 66686s
 31664 16011 1.8136e+07   58  996 1.8826e+07 1.7880e+07  5.02%  3631 66702s
 31665 16012 1.7893e+07   47  981 1.8826e+07 1.7880e+07  5.02%  3631 66717s
 31666 16012 1.8569e+07   67  989 1.8826e+07 1.7880e+07  5.02%  3631 66734s
 31667 16013 1.8680e+07   86 1027 1.8826e+07 1.7880e+07  5.02%  3631 66750s
 31668 16014 1.7893e+07   49  972 1.8826e+07 1.7880e+07  5.02%  3631 66769s
 31669 16014 1.8409e+07   75 1005 1.8826e+07 1.7880e+07  5.02%  3630 66785s
 31670 16015 1.7909e+07   53  976 1.8826e+07 1.7880e+07  5.02%  3630 66803s
 31672 16016 1.7994e+07   50 1005 1.8826e+07 1.7880e+07  5.02%  3630 66805s
 31674 16018 1.8053e+07   61 1017 1.8826e+07 1.7880e+07  5.02%  3630 66822s
 31675 16018 1.8029e+07   57 1005 1.8826e+07 1.7880e+07  5.02%  3630 66840s
 31676 16019 1.8679e+07   70 1019 1.8826e+07 1.7880e+07  5.02%  3630 66856s
 31677 16020 1.8096e+07   60 1014 1.8826e+07 1.7880e+07  5.02%  3630 66873s
 31678 16020 1.8181e+07   60 1027 1.8826e+07 1.7880e+07  5.02%  3629 66889s
 31679 16021 1.7894e+07   41 1003 1.8826e+07 1.7880e+07  5.02%  3629 66906s
 31680 16022 1.8679e+07   70 1014 1.8826e+07 1.7880e+07  5.02%  3629 66923s
 31681 16022 1.8025e+07   59 1002 1.8826e+07 1.7880e+07  5.02%  3629 66939s
 31682 16023 1.8370e+07   76 1016 1.8826e+07 1.7880e+07  5.02%  3629 66955s
 31683 16024 1.8768e+07   78 1027 1.8826e+07 1.7880e+07  5.02%  3629 66973s
 31684 16024 1.7920e+07   50 1014 1.8826e+07 1.7880e+07  5.02%  3629 66989s
 31685 16025 1.8036e+07   53 1008 1.8826e+07 1.7880e+07  5.02%  3629 67007s
 31686 16026 1.8400e+07   77 1027 1.8826e+07 1.7880e+07  5.02%  3629 67022s
 31687 16026 1.7888e+07   44  989 1.8826e+07 1.7880e+07  5.02%  3628 67039s
 31688 16027 1.8474e+07   87 1035 1.8826e+07 1.7880e+07  5.02%  3628 67054s
 31689 16028 1.8246e+07   69 1006 1.8826e+07 1.7880e+07  5.02%  3628 67071s
 31690 16028 1.8165e+07   63 1037 1.8826e+07 1.7880e+07  5.02%  3628 67086s
 31691 16029 1.8017e+07   56 1026 1.8826e+07 1.7880e+07  5.02%  3628 67103s
 31692 16030 1.8324e+07   66 1037 1.8826e+07 1.7880e+07  5.02%  3628 67118s
 31693 16030 1.7934e+07   52 1009 1.8826e+07 1.7880e+07  5.02%  3628 67135s
 31694 16031 1.8208e+07   71 1035 1.8826e+07 1.7880e+07  5.02%  3628 67151s
 31695 16032 1.8294e+07   56  999 1.8826e+07 1.7880e+07  5.02%  3627 67169s
 31696 16032 1.8290e+07   73 1019 1.8826e+07 1.7880e+07  5.02%  3627 67170s
 31697 16033 1.8068e+07   47 1043 1.8826e+07 1.7880e+07  5.02%  3627 67185s
 31698 16034 1.8317e+07   61  994 1.8826e+07 1.7880e+07  5.02%  3627 67202s
 31699 16034 1.8102e+07   51 1031 1.8826e+07 1.7880e+07  5.02%  3627 67217s
 31700 16035 1.8569e+07   67 1036 1.8826e+07 1.7880e+07  5.02%  3627 67234s
 31702 16036 1.8149e+07   64 1032 1.8826e+07 1.7880e+07  5.02%  3627 67249s
 31703 16037 1.7986e+07   58  986 1.8826e+07 1.7880e+07  5.02%  3627 67267s
 31704 16038 1.8230e+07   68 1010 1.8826e+07 1.7880e+07  5.02%  3626 67283s
 31705 16038 1.7909e+07   46  964 1.8826e+07 1.7880e+07  5.02%  3626 67299s
 31706 16039 1.7913e+07   53  984 1.8826e+07 1.7880e+07  5.02%  3626 67315s
 31707 16040 1.8595e+07   76 1000 1.8826e+07 1.7880e+07  5.02%  3626 67331s
 31708 16040 1.8211e+07   73 1007 1.8826e+07 1.7880e+07  5.02%  3626 67346s
 31709 16041 1.8535e+07   94  996 1.8826e+07 1.7880e+07  5.02%  3626 67363s
 31710 16042 1.8340e+07   59 1001 1.8826e+07 1.7880e+07  5.02%  3626 67380s
 31711 16042 1.8230e+07   68  973 1.8826e+07 1.7880e+07  5.02%  3626 67399s
 31712 16043 1.8157e+07   70  994 1.8826e+07 1.7880e+07  5.02%  3626 67400s
 31713 16044 1.8119e+07   60 1018 1.8826e+07 1.7880e+07  5.02%  3625 67416s
 31714 16044 1.8077e+07   57 1004 1.8826e+07 1.7880e+07  5.02%  3625 67434s
 31715 16045 1.8423e+07   58 1022 1.8826e+07 1.7880e+07  5.02%  3625 67435s
 31718 16047 1.8503e+07   71 1038 1.8826e+07 1.7880e+07  5.02%  3625 67453s
 31719 16048 1.8608e+07  105 1003 1.8826e+07 1.7880e+07  5.02%  3625 67470s
 31721 16049 1.7948e+07   50 1032 1.8826e+07 1.7880e+07  5.02%  3625 67487s
 31722 16050 1.7895e+07   49  986 1.8826e+07 1.7880e+07  5.02%  3624 67504s
 31723 16050 1.8277e+07   70 1022 1.8826e+07 1.7880e+07  5.02%  3624 67520s
 31724 16051 1.8363e+07   64  997 1.8826e+07 1.7880e+07  5.02%  3624 67537s
 31727 16053 1.8176e+07   60 1010 1.8826e+07 1.7880e+07  5.02%  3624 67555s
 31728 16054 1.8138e+07   59  997 1.8826e+07 1.7880e+07  5.02%  3624 67571s
 31729 16054 1.8575e+07   84 1011 1.8826e+07 1.7880e+07  5.02%  3624 67587s
 31730 16055 1.8231e+07   76 1015 1.8826e+07 1.7880e+07  5.02%  3623 67604s
 31731 16056 1.8135e+07   51 1027 1.8826e+07 1.7880e+07  5.02%  3623 67620s
 31732 16056 1.7927e+07   55 1014 1.8826e+07 1.7880e+07  5.02%  3623 67637s
 31733 16057 1.8409e+07   69 1042 1.8826e+07 1.7880e+07  5.02%  3623 67652s
 31734 16058 1.8156e+07   51 1009 1.8826e+07 1.7880e+07  5.02%  3623 67669s
 31735 16058 1.8008e+07   52 1031 1.8826e+07 1.7880e+07  5.02%  3623 67684s
 31736 16059 1.8169e+07   53 1018 1.8826e+07 1.7880e+07  5.02%  3623 67702s
 31737 16060 1.8156e+07   57 1038 1.8826e+07 1.7880e+07  5.02%  3623 67718s
 31738 16060 1.7952e+07   52 1009 1.8826e+07 1.7880e+07  5.02%  3623 67733s
 31739 16061 1.8010e+07   55 1036 1.8826e+07 1.7880e+07  5.02%  3622 67749s
 31740 16062 1.8036e+07   49  981 1.8826e+07 1.7880e+07  5.02%  3622 67768s
 31741 16062 1.7942e+07   51 1019 1.8826e+07 1.7880e+07  5.02%  3622 67784s
 31742 16063 1.8283e+07   71  982 1.8826e+07 1.7880e+07  5.02%  3622 67799s
 31743 16064 1.7942e+07   48 1018 1.8826e+07 1.7880e+07  5.02%  3622 67814s
 31744 16064 1.7947e+07   47  957 1.8826e+07 1.7880e+07  5.02%  3622 67831s
 31745 16065 1.8777e+07   73 1014 1.8826e+07 1.7880e+07  5.02%  3622 67845s
 31746 16066 1.8294e+07   59 1000 1.8826e+07 1.7880e+07  5.02%  3622 67862s
 31747 16066 1.8263e+07   62 1028 1.8826e+07 1.7880e+07  5.02%  3622 67877s
 31748 16067 1.8508e+07   78 1029 1.8826e+07 1.7880e+07  5.02%  3621 67892s
 31749 16068 1.8291e+07   80 1021 1.8826e+07 1.7880e+07  5.02%  3621 67910s
 31750 16068 1.7974e+07   47 1021 1.8826e+07 1.7880e+07  5.02%  3621 67926s
 31751 16072 1.7880e+07   49  939 1.8826e+07 1.7880e+07  5.02%  3630 67943s
 31753 16075 1.7880e+07   50  982 1.8826e+07 1.7880e+07  5.02%  3630 67960s
 31757 16078 1.7880e+07   51  985 1.8826e+07 1.7880e+07  5.02%  3631 67971s
 31761 16081 1.7880e+07   51  967 1.8826e+07 1.7880e+07  5.02%  3632 67981s
 31765 16083 1.7880e+07   52  963 1.8826e+07 1.7880e+07  5.02%  3633 67988s
 31769 16086 1.7880e+07   52  952 1.8826e+07 1.7880e+07  5.02%  3634 68000s
 31773 16089 1.7880e+07   53  936 1.8826e+07 1.7880e+07  5.02%  3634 68005s
 31777 16092 1.7880e+07   53  993 1.8826e+07 1.7880e+07  5.02%  3634 68015s
 31786 16097 1.7880e+07   54  942 1.8826e+07 1.7880e+07  5.02%  3635 68026s
 31790 16100 1.7880e+07   55  958 1.8826e+07 1.7880e+07  5.02%  3635 68035s
 31794 16104 1.7880e+07   55  953 1.8826e+07 1.7880e+07  5.02%  3635 68043s
 31799 16108 1.7880e+07   56  936 1.8826e+07 1.7880e+07  5.02%  3635 68050s
 31805 16110 1.7880e+07   57  933 1.8826e+07 1.7880e+07  5.02%  3636 68293s
 31809 16113 1.7881e+07   57  916 1.8826e+07 1.7880e+07  5.02%  3636 68683s
 31813 16119 1.7880e+07   58  949 1.8826e+07 1.7880e+07  5.02%  3637 68695s
 31821 16122 1.7880e+07   59  915 1.8826e+07 1.7880e+07  5.02%  3638 68705s
 31826 16127 1.7880e+07   59  912 1.8826e+07 1.7880e+07  5.02%  3638 68722s
 31833 16133 1.7880e+07   60  899 1.8826e+07 1.7880e+07  5.02%  3639 68736s
 31841 16139 1.7895e+07   61  869 1.8826e+07 1.7880e+07  5.02%  3640 68751s
 31850 16143 1.7885e+07   61  879 1.8826e+07 1.7880e+07  5.02%  3641 68762s
 31859 16149 1.7922e+07   62  875 1.8826e+07 1.7880e+07  5.02%  3642 68774s
 31868 16156 1.7900e+07   63  884 1.8826e+07 1.7880e+07  5.02%  3642 68784s
 31878 16166 1.7921e+07   64  882 1.8826e+07 1.7880e+07  5.02%  3642 68798s
 31893 16172 1.7913e+07   65  848 1.8826e+07 1.7880e+07  5.02%  3643 68818s
 31904 16175 1.8016e+07   66  826 1.8826e+07 1.7880e+07  5.02%  3644 68833s
 31911 16197 1.7916e+07   66  850 1.8826e+07 1.7880e+07  5.02%  3644 68846s
 31935 16208 1.8016e+07   68  835 1.8826e+07 1.7880e+07  5.02%  3643 68862s
 31954 16222 1.7931e+07   70  832 1.8826e+07 1.7880e+07  5.02%  3643 68878s
 31975 16234 1.7960e+07   72  821 1.8826e+07 1.7880e+07  5.02%  3643 68893s
 32000 16248 1.7963e+07   74  819 1.8826e+07 1.7880e+07  5.02%  3642 68911s
 32024 16264 1.7975e+07   76  812 1.8826e+07 1.7880e+07  5.02%  3641 68926s
 32050 16272 1.7977e+07   77  806 1.8826e+07 1.7880e+07  5.02%  3640 68952s
 32081 16285 1.8365e+07   79  748 1.8826e+07 1.7880e+07  5.02%  3640 68974s
 32106 16289 1.8237e+07   80  682 1.8826e+07 1.7880e+07  5.02%  3640 69005s
 32131 16296 1.8293e+07   81  682 1.8826e+07 1.7880e+07  5.02%  3639 69028s
 32147 16313 1.8205e+07   83  732 1.8826e+07 1.7880e+07  5.02%  3640 69050s
 32171 16326 1.8268e+07   86  679 1.8826e+07 1.7880e+07  5.02%  3640 69068s
 32192 16346 1.8276e+07   88  672 1.8826e+07 1.7880e+07  5.02%  3640 69098s
 32219 16363 1.8309e+07   92  595 1.8826e+07 1.7880e+07  5.02%  3640 69119s
 32253 16374 1.8700e+07   96  572 1.8826e+07 1.7880e+07  5.02%  3639 69147s
 32279 16389 1.8582e+07  100  488 1.8826e+07 1.7880e+07  5.02%  3639 69176s
 32306 16408 1.8616e+07  106  494 1.8826e+07 1.7880e+07  5.02%  3639 69211s
 32350 16437 1.7880e+07   52  906 1.8826e+07 1.7880e+07  5.02%  3638 69236s
 32396 16459 1.7941e+07   54  806 1.8826e+07 1.7880e+07  5.02%  3636 69266s
 32452 16453 1.8008e+07   59  785 1.8826e+07 1.7880e+07  5.02%  3634 69296s
 32469 16484 1.8146e+07   68  762 1.8826e+07 1.7880e+07  5.02%  3634 69326s
 32533 16493 1.8213e+07   76  651 1.8826e+07 1.7880e+07  5.02%  3631 69350s
 32581 16509 1.8429e+07   96  473 1.8826e+07 1.7880e+07  5.02%  3629 69396s
 32624 16520 1.7940e+07   53  885 1.8826e+07 1.7880e+07  5.02%  3629 69427s
 32661 16540 1.8063e+07   61  788 1.8826e+07 1.7880e+07  5.02%  3628 69458s
 32693 16579 1.8199e+07   72  716 1.8826e+07 1.7880e+07  5.02%  3629 69487s
 32745 16608 1.8300e+07   82  655 1.8826e+07 1.7880e+07  5.02%  3628 69522s
 32814 16628 1.7893e+07   53  902 1.8826e+07 1.7880e+07  5.02%  3626 69553s
 32857 16677 1.8032e+07   60  778 1.8826e+07 1.7880e+07  5.02%  3626 69590s
 32941 16699 1.8136e+07   69  743 1.8826e+07 1.7880e+07  5.02%  3622 69631s
 32998 16705 1.8755e+07   87  581 1.8826e+07 1.7880e+07  5.02%  3620 69669s
 33039 16733 1.7880e+07   55  926 1.8826e+07 1.7880e+07  5.02%  3622 69734s
 33084 16763 1.8058e+07   63  858 1.8826e+07 1.7880e+07  5.02%  3623 69788s
 33157 16772 1.8100e+07   70  797 1.8826e+07 1.7880e+07  5.02%  3621 69832s
 33193 16840 1.8166e+07   79  758 1.8826e+07 1.7880e+07  5.02%  3622 69871s
 33273 16883 1.8310e+07   97  666 1.8826e+07 1.7880e+07  5.02%  3618 69936s
 33377 16885 1.7880e+07   54  907 1.8826e+07 1.7880e+07  5.02%  3614 69979s
 33423 16920 1.8204e+07   64  818 1.8826e+07 1.7880e+07  5.02%  3616 70030s
 33496 16953 1.8583e+07   83  699 1.8826e+07 1.7880e+07  5.02%  3614 70087s
 33590 16949 1.7880e+07   56  936 1.8826e+07 1.7880e+07  5.02%  3611 70152s
 33617 17000 1.7901e+07   58  900 1.8826e+07 1.7880e+07  5.02%  3612 70214s
 33686 17054 1.7999e+07   71  785 1.8826e+07 1.7880e+07  5.02%  3612 70275s
 33772 17081 infeasible   99      1.8826e+07 1.7880e+07  5.02%  3611 70336s
 33844 17131 1.8186e+07   66  764 1.8826e+07 1.7880e+07  5.02%  3611 70420s
 33961 17152 1.8700e+07   94  555 1.8826e+07 1.7880e+07  5.02%  3608 70500s
 34045 17210 1.7885e+07   62  886 1.8826e+07 1.7880e+07  5.02%  3608 70577s
 34139 17255 1.8441e+07   77  688 1.8826e+07 1.7880e+07  5.02%  3607 70643s
 34231 17389 1.7893e+07   57  931 1.8826e+07 1.7880e+07  5.02%  3607 70730s
 34430 17386 1.7962e+07   66  817 1.8826e+07 1.7880e+07  5.02%  3598 70810s
 34509 17432 1.8019e+07   72  795 1.8826e+07 1.7880e+07  5.02%  3600 70897s
 34611 17479 1.8462e+07   83  675 1.8826e+07 1.7880e+07  5.02%  3601 70985s
 34726 17528 1.7933e+07   61  830 1.8826e+07 1.7880e+07  5.02%  3601 71068s
 34835 17631 1.8264e+07   73  673 1.8826e+07 1.7880e+07  5.02%  3601 71152s
 34989 17651 1.8687e+07   89  480 1.8826e+07 1.7880e+07  5.02%  3597 71242s
 35087 17746 1.7926e+07   60  901 1.8826e+07 1.7880e+07  5.02%  3600 71343s
 35254 17759 1.8320e+07   88  690 1.8826e+07 1.7880e+07  5.02%  3596 71451s
 35360 17838 1.7943e+07   62  935 1.8826e+07 1.7880e+07  5.02%  3599 71584s
 35437 17812 1.8161e+07   63  843 1.8826e+07 1.7880e+07  5.02%  3597 71585s
 35509 17878 1.8274e+07   95  749 1.8826e+07 1.7880e+07  5.02%  3597 71690s
 35618 18008 1.8066e+07   64  804 1.8826e+07 1.7880e+07  5.02%  3601 71814s
 35843 18049 1.7994e+07   57  892 1.8826e+07 1.7880e+07  5.02%  3596 71940s
 36000 18139 1.7908e+07   56  943 1.8826e+07 1.7880e+07  5.02%  3594 72065s
 36157 18265 1.8260e+07   89  734 1.8826e+07 1.7880e+07  5.02%  3593 72195s
 36402 18375 1.8143e+07   70  819 1.8826e+07 1.7880e+07  5.02%  3584 72327s
 36626 18423 1.7904e+07   56  920 1.8826e+07 1.7880e+07  5.02%  3576 72465s
 36799 18504 1.7914e+07   58  914 1.8826e+07 1.7880e+07  5.02%  3578 72609s
 36940 18740 1.8118e+07   76  796 1.8826e+07 1.7880e+07  5.02%  3581 72781s
 37307 18709     cutoff  108      1.8826e+07 1.7880e+07  5.02%  3566 72960s
 37423 18831 1.8075e+07   66  841 1.8826e+07 1.7880e+07  5.02%  3566 73157s
 37667 18922 1.7955e+07   60  845 1.8826e+07 1.7880e+07  5.02%  3565 73336s
 37875 19080 1.8217e+07   84  716 1.8826e+07 1.7880e+07  5.02%  3565 73525s
 38145 19170 1.7917e+07   60  917 1.8826e+07 1.7880e+07  5.02%  3557 73716s
 38345 19172 1.8122e+07   76  754 1.8826e+07 1.7880e+07  5.02%  3563 73900s
 38417 19466 1.8230e+07   82  659 1.8826e+07 1.7880e+07  5.02%  3565 74099s
 38731 19361 1.8402e+07   86  641 1.8826e+07 1.7880e+07  5.02%  3557 74100s
 38823 19590 1.7933e+07   55  880 1.8826e+07 1.7880e+07  5.02%  3555 74300s
 39148 19690 1.8183e+07   79  846 1.8826e+07 1.7880e+07  5.02%  3549 74489s
 39440 19941 1.7905e+07   59  928 1.8826e+07 1.7880e+07  5.02%  3548 74687s
 39867 20087 1.8200e+07   74  786 1.8826e+07 1.7880e+07  5.02%  3540 74907s
 40240 20211 1.8614e+07  106  432 1.8826e+07 1.7880e+07  5.02%  3535 75198s
 40532 20406 1.8464e+07   76  798 1.8826e+07 1.7880e+07  5.02%  3527 75429s
 40949 20483 1.7984e+07   59  831 1.8826e+07 1.7880e+07  5.02%  3525 75674s
 41306 20743 1.8598e+07   80  758 1.8826e+07 1.7880e+07  5.02%  3532 75934s
 41802 20976 1.7926e+07   58  841 1.8826e+07 1.7880e+07  5.02%  3526 76223s
 42295 21221 1.7923e+07   61  905 1.8826e+07 1.7880e+07  5.02%  3529 76476s
 42830 21207 1.8111e+07   77  817 1.8826e+07 1.7880e+07  5.02%  3520 76703s
 43039 21488 1.7976e+07   62  897 1.8826e+07 1.7880e+07  5.02%  3516 77162s
 43471 21755 1.8241e+07   91  695 1.8826e+07 1.7880e+07  5.02%  3514 77803s
 43987 21886 1.8064e+07   65  901 1.8826e+07 1.7880e+07  5.02%  3506 78463s
 44393 22053 1.7970e+07   60  825 1.8826e+07 1.7880e+07  5.02%  3505 79086s
 44781 22223 1.7973e+07   56  892 1.8826e+07 1.7881e+07  5.02%  3504 79747s
 45183 22483 1.8394e+07   75  796 1.8826e+07 1.7881e+07  5.02%  3505 80377s
 45716 22634 1.7972e+07   78  847 1.8826e+07 1.7882e+07  5.01%  3497 81002s
 46181 22742 1.8166e+07   62  875 1.8826e+07 1.7884e+07  5.00%  3493 81610s
 46557 22966 1.7898e+07   64  876 1.8826e+07 1.7885e+07  4.99%  3494 82236s
 47008 23161 1.8257e+07   76  770 1.8826e+07 1.7885e+07  4.99%  3490 82841s
 47437 23387 1.8221e+07   82  855 1.8826e+07 1.7887e+07  4.98%  3484 83323s
 47942 23500 1.7988e+07   63  798 1.8826e+07 1.7889e+07  4.97%  3476 83670s
 48288 23750 1.8264e+07   69  774 1.8826e+07 1.7889e+07  4.97%  3475 83915s
 48776 23880 1.8208e+07   77  796 1.8826e+07 1.7890e+07  4.97%  3468 84152s
 49173 24121 1.8020e+07   64  824 1.8826e+07 1.7891e+07  4.97%  3465 84396s
 49669 24278 1.8402e+07   72  745 1.8826e+07 1.7892e+07  4.96%  3458 84636s
 50131 24426 1.7922e+07   60  853 1.8826e+07 1.7893e+07  4.96%  3454 84874s
 50527 24640 1.8013e+07   65  872 1.8826e+07 1.7894e+07  4.95%  3455 85455s
 50935 24813 1.8340e+07   85  700 1.8826e+07 1.7894e+07  4.95%  3452 85704s
 51353 25035 1.8095e+07   64  929 1.8826e+07 1.7895e+07  4.94%  3454 85945s
 51825 25142 1.7918e+07   62  938 1.8826e+07 1.7895e+07  4.94%  3450 86184s
 51891 25120 1.8207e+07   74  792 1.8826e+07 1.7896e+07  4.94%  3450 86185s
 52147 25379 1.7970e+07   65  824 1.8826e+07 1.7896e+07  4.94%  3450 86398s

Cutting planes:
  Gomory: 43
  Cover: 71
  Implied bound: 1104
  Projected implied bound: 79
  Clique: 3
  MIR: 1217
  Flow cover: 4261
  Flow path: 1
  Inf proof: 29
  Zero half: 103
  Mod-K: 1
  RLT: 418
  Relax-and-lift: 1295

Explored 52578 nodes (181548144 simplex iterations) in 86398.26 seconds (121916.17 work units)
Thread count was 4 (of 128 available processors)

Solution count 10: 1.88256e+07 1.88888e+07 1.88974e+07 ... 1.92052e+07

Time limit reached
Best objective 1.882561799276e+07, best bound 1.789611024266e+07, gap 4.9375%

Solving took 	23:59:58.258
####################################################################################################
####################################################################################################
####################################################################################################
Reached timelimit, but could find a feasible solution
####################################################################################################
Description                           Value
----------------------------  -------------
Objective (min)               18,825,617.99
Cost sailing                    6,077,382.0
Cost port visits               13,654,226.0
Cost transshipment (demands)      373,298.0
Cost transshipment (empties)      67,375.99
Penalty delayed demands           567,324.0
Revenue Empties                 1,913,988.0
Penalty rejected demands                0.0
Rejected demands (%)                    0.0
Omitted ports (%)                       0.0
Gap (%)                                4.94
####################################################################################################
Export solution
####################################################################################################
Overall time 	00:00:00.577

real	1440m1.850s
user	4985m15.781s
sys	1m52.370s
finished at Fri Mar 17 14:56:09 CET 2023
