cpu-bind=MASK - n2lcn0155, task  0  0 [967528]: mask |--------|--------||--------|--------||--------|--------||--------|--------||||-------B|BBB-----||--------|--------||--------|--------||--------|--------|  set
started at Thu Mar 16 14:56:07 CET 2023
Timecheck 3888566.434586734
Set parameter TokenServer to value "license3.uni-paderborn.de"
Warning: Gurobi version mismatch between Python 10.0.1 and C library 10.0.0
Timecheck 3888566.493183272
Timecheck 3888566.493431291
Timecheck 3888566.493463311
Timecheck 3888566.493483821


####################################################################################################
Solve scenario sce_3_26_2 with free vessel operation using the arc flow model
Vessels cannot omit ports, Demands cannot be rejected
####################################################################################################
Data preprocessing, load /upb/departments/pc2/groups/hpc-prf-winf4/dwetzel/SILSRP/inst_final/sce_3_26_2
and create additional sets and parameters
	|- Read vessel information, number of vessels:	5
	|- Read node information, number of nodes:		292
	|- Read arc information
		|- Number of sailing arcs:			895
		|- Number of transshipment arcs:	428
	|- Read container information
		|- Number of demands:		361
		|- Number of empties (+/-):	97/115
	|- Create additional sets and parameters

Data preprocessing took 	00:00:00.116
####################################################################################################
Create linear model
Set parameter Threads to value 4
	|- Create variables, took	00:00:00.073
	|- Create objective, took	00:00:00.089
	|- Create constraints, took	00:00:00.376
	|- Load CVO start

Creating model took	00:00:00.552
####################################################################################################
Fix start solution

Set parameter TimeLimit to value 8.6399437018443365e+04
Gurobi Optimizer version 10.0.0 build v10.0.0rc2 (linux64)

CPU model: AMD EPYC 7763 64-Core Processor, instruction set [SSE2|AVX|AVX2]
Thread count: 128 physical cores, 128 logical processors, using up to 4 threads

Optimize a model with 10682 rows, 24337 columns and 91326 nonzeros
Model fingerprint: 0x62ae6fe0
Variable types: 19215 continuous, 5122 integer (5122 binary)
Coefficient statistics:
  Matrix range     [1e+00, 6e+05]
  Objective range  [1e+00, 1e+00]
  Bounds range     [1e+00, 7e+02]
  RHS range        [1e+00, 4e+07]
Presolve removed 9857 rows and 23178 columns
Presolve time: 0.05s
Presolved: 825 rows, 1159 columns, 4171 nonzeros
Variable types: 1159 continuous, 0 integer (0 binary)

Root relaxation: objective 1.204950e+07, 466 iterations, 0.01 seconds (0.00 work units)

    Nodes    |    Current Node    |     Objective Bounds      |     Work
 Expl Unexpl |  Obj  Depth IntInf | Incumbent    BestBd   Gap | It/Node Time

*    0     0               0    1.204950e+07 1.2050e+07  0.00%     -    0s

Explored 1 nodes (466 simplex iterations) in 0.09 seconds (0.05 work units)
Thread count was 4 (of 128 available processors)

Solution count 1: 1.20495e+07 

Optimal solution found (tolerance 1.00e-04)
Best objective 1.204950333333e+07, best bound 1.204950333333e+07, gap 0.0000%

Fixing start solution took	00:00:00.667
####################################################################################################
####################################################################################################
Solve optimization model

Set parameter TimeLimit to value 86399.3332999642
Gurobi Optimizer version 10.0.0 build v10.0.0rc2 (linux64)

CPU model: AMD EPYC 7763 64-Core Processor, instruction set [SSE2|AVX|AVX2]
Thread count: 128 physical cores, 128 logical processors, using up to 4 threads

Optimize a model with 10391 rows, 24337 columns and 91035 nonzeros
Model fingerprint: 0xbc82cf27
Variable types: 19215 continuous, 5122 integer (5122 binary)
Coefficient statistics:
  Matrix range     [1e+00, 6e+05]
  Objective range  [1e+00, 1e+00]
  Bounds range     [1e+00, 7e+02]
  RHS range        [1e+00, 4e+07]

MIP start from previous solve produced solution with objective 1.20495e+07 (0.04s)
Loaded MIP start from previous solve with objective 1.20495e+07

Presolve removed 5973 rows and 13396 columns
Presolve time: 0.42s
Presolved: 4418 rows, 10941 columns, 35514 nonzeros
Variable types: 8683 continuous, 2258 integer (2258 binary)

Root relaxation: objective 1.040360e+07, 6455 iterations, 0.34 seconds (0.34 work units)

    Nodes    |    Current Node    |     Objective Bounds      |     Work
 Expl Unexpl |  Obj  Depth IntInf | Incumbent    BestBd   Gap | It/Node Time

     0     0 1.0404e+07    0  615 1.2050e+07 1.0404e+07  13.7%     -    0s
     0     0 1.0486e+07    0  725 1.2050e+07 1.0486e+07  13.0%     -    1s
     0     0 1.0499e+07    0  757 1.2050e+07 1.0499e+07  12.9%     -    1s
     0     0 1.0500e+07    0  760 1.2050e+07 1.0500e+07  12.9%     -    1s
     0     0 1.0500e+07    0  751 1.2050e+07 1.0500e+07  12.9%     -    1s
     0     0 1.0521e+07    0  730 1.2050e+07 1.0521e+07  12.7%     -    2s
     0     0 1.0530e+07    0  706 1.2050e+07 1.0530e+07  12.6%     -    2s
     0     0 1.0538e+07    0  763 1.2050e+07 1.0538e+07  12.5%     -    2s
     0     0 1.0539e+07    0  741 1.2050e+07 1.0539e+07  12.5%     -    2s
     0     0 1.0539e+07    0  741 1.2050e+07 1.0539e+07  12.5%     -    2s
     0     0 1.0540e+07    0  741 1.2050e+07 1.0540e+07  12.5%     -    3s
     0     0 1.0540e+07    0  707 1.2050e+07 1.0540e+07  12.5%     -    3s
     0     0 1.0541e+07    0  724 1.2050e+07 1.0541e+07  12.5%     -    3s
     0     0 1.0541e+07    0  740 1.2050e+07 1.0541e+07  12.5%     -    3s
     0     0 1.0541e+07    0  724 1.2050e+07 1.0541e+07  12.5%     -    3s
     0     0 1.0541e+07    0  724 1.2050e+07 1.0541e+07  12.5%     -    3s
     0     0 1.0680e+07    0  713 1.2050e+07 1.0680e+07  11.4%     -    5s
     0     0 1.0696e+07    0  725 1.2050e+07 1.0696e+07  11.2%     -    5s
     0     0 1.0701e+07    0  766 1.2050e+07 1.0701e+07  11.2%     -    5s
     0     0 1.0703e+07    0  713 1.2050e+07 1.0703e+07  11.2%     -    5s
     0     0 1.0703e+07    0  731 1.2050e+07 1.0703e+07  11.2%     -    5s
     0     0 1.0703e+07    0  741 1.2050e+07 1.0703e+07  11.2%     -    5s
     0     0 1.0704e+07    0  727 1.2050e+07 1.0704e+07  11.2%     -    5s
     0     0 1.0737e+07    0  737 1.2050e+07 1.0737e+07  10.9%     -    6s
     0     0 1.0753e+07    0  743 1.2050e+07 1.0753e+07  10.8%     -    7s
     0     0 1.0756e+07    0  694 1.2050e+07 1.0756e+07  10.7%     -    7s
     0     0 1.0756e+07    0  733 1.2050e+07 1.0756e+07  10.7%     -    7s
     0     0 1.0756e+07    0  714 1.2050e+07 1.0756e+07  10.7%     -    7s
     0     0 1.0756e+07    0  713 1.2050e+07 1.0756e+07  10.7%     -    7s
     0     0 1.0814e+07    0  701 1.2050e+07 1.0814e+07  10.3%     -    8s
     0     0 1.0819e+07    0  707 1.2050e+07 1.0819e+07  10.2%     -    9s
     0     0 1.0824e+07    0  694 1.2050e+07 1.0824e+07  10.2%     -    9s
     0     0 1.0825e+07    0  741 1.2050e+07 1.0825e+07  10.2%     -    9s
     0     0 1.0825e+07    0  734 1.2050e+07 1.0825e+07  10.2%     -    9s
     0     0 1.0825e+07    0  737 1.2050e+07 1.0825e+07  10.2%     -    9s
H    0     0                    1.197390e+07 1.0825e+07  9.59%     -    9s
H    0     0                    1.195803e+07 1.0838e+07  9.37%     -   10s
     0     0 1.0838e+07    0  660 1.1958e+07 1.0838e+07  9.37%     -   10s
H    0     0                    1.195632e+07 1.0844e+07  9.30%     -   10s
     0     0 1.0844e+07    0  682 1.1956e+07 1.0844e+07  9.30%     -   10s
     0     0 1.0845e+07    0  683 1.1956e+07 1.0845e+07  9.29%     -   11s
     0     0 1.0845e+07    0  673 1.1956e+07 1.0845e+07  9.29%     -   11s
     0     0 1.0846e+07    0  658 1.1956e+07 1.0846e+07  9.29%     -   11s
     0     0 1.0846e+07    0  678 1.1956e+07 1.0846e+07  9.28%     -   11s
     0     0 1.0846e+07    0  684 1.1956e+07 1.0846e+07  9.28%     -   11s
     0     0 1.0852e+07    0  630 1.1956e+07 1.0852e+07  9.24%     -   12s
     0     0 1.0855e+07    0  661 1.1956e+07 1.0855e+07  9.21%     -   12s
     0     0 1.0855e+07    0  571 1.1956e+07 1.0855e+07  9.21%     -   12s
     0     0 1.0857e+07    0  566 1.1956e+07 1.0857e+07  9.20%     -   12s
     0     0 1.0857e+07    0  567 1.1956e+07 1.0857e+07  9.20%     -   12s
     0     0 1.0857e+07    0  589 1.1956e+07 1.0857e+07  9.19%     -   12s
H    0     0                    1.193784e+07 1.0858e+07  9.05%     -   12s
     0     0 1.0858e+07    0  578 1.1938e+07 1.0858e+07  9.05%     -   12s
     0     0 1.0858e+07    0  578 1.1938e+07 1.0858e+07  9.05%     -   12s
     0     0 1.0858e+07    0  591 1.1938e+07 1.0858e+07  9.05%     -   13s
     0     0 1.0858e+07    0  576 1.1938e+07 1.0858e+07  9.05%     -   13s
H    0     0                    1.178555e+07 1.0858e+07  7.87%     -   13s
H    0     0                    1.121878e+07 1.0858e+07  3.22%     -   13s
     0     2 1.0858e+07    0  570 1.1219e+07 1.0858e+07  3.22%     -   14s
    11    16 1.0874e+07    3  659 1.1219e+07 1.0867e+07  3.13%   520   15s
H   29    32                    1.121411e+07 1.0868e+07  3.09%   471   15s
   159   164 1.0953e+07   27  407 1.1214e+07 1.0868e+07  3.09%   428   20s
H  194   190                    1.115081e+07 1.0868e+07  2.54%   407   20s
*  198   190              36    1.106311e+07 1.0868e+07  1.77%   401   20s
   300   252 1.1029e+07   23  333 1.1063e+07 1.0874e+07  1.71%   420   25s
H  397   302                    1.105903e+07 1.0874e+07  1.68%   387   26s
   508   365 1.0933e+07   10  525 1.1059e+07 1.0878e+07  1.63%   390   30s
H  513   346                    1.103436e+07 1.0878e+07  1.41%   392   30s
   657   448 infeasible   25      1.1034e+07 1.0880e+07  1.40%   408   35s
H  702   460                    1.103283e+07 1.0881e+07  1.37%   396   35s
H  724   467                    1.103212e+07 1.0881e+07  1.37%   404   36s
   812   523 1.0890e+07    8  495 1.1032e+07 1.0881e+07  1.37%   408   40s
*  985   605              25    1.102275e+07 1.0881e+07  1.28%   396   43s
*  996   577              27    1.101363e+07 1.0881e+07  1.20%   392   43s
  1027   578 1.0945e+07   14  576 1.1014e+07 1.0881e+07  1.20%   387   45s
  1059   599 1.0896e+07   12  263 1.1014e+07 1.0891e+07  1.12%   375   50s
  1229   699 1.0927e+07   34  205 1.1014e+07 1.0893e+07  1.10%   386   55s
* 1558   714              37    1.101074e+07 1.0894e+07  1.06%   348   58s
H 1577   640                    1.097589e+07 1.0894e+07  0.75%   346   59s
  1633   660     cutoff   31      1.0976e+07 1.0894e+07  0.75%   341   60s
  1981   713 1.0940e+07   27  244 1.0976e+07 1.0897e+07  0.72%   320   65s
  2709   792 1.0923e+07   24  292 1.0976e+07 1.0900e+07  0.69%   282   70s
  3370  1051 1.0905e+07   30  303 1.0976e+07 1.0904e+07  0.66%   262   75s
  4112  1386 1.0965e+07   31  203 1.0976e+07 1.0906e+07  0.64%   248   80s
  5006  1705 1.0958e+07   31  241 1.0976e+07 1.0908e+07  0.62%   235   85s
  6040  1998     cutoff   53      1.0976e+07 1.0910e+07  0.60%   224   91s
  6814  2216 1.0925e+07   22  241 1.0976e+07 1.0912e+07  0.58%   221   96s
  7425  2352 1.0929e+07   26  239 1.0976e+07 1.0914e+07  0.57%   219  102s
H 7518  2352                    1.097589e+07 1.0914e+07  0.57%   218  102s
  7910  2592 1.0966e+07   25  189 1.0976e+07 1.0914e+07  0.56%   216  105s
  8565  2754 1.0928e+07   19  269 1.0976e+07 1.0916e+07  0.55%   214  110s
  9551  3092 1.0948e+07   31  177 1.0976e+07 1.0917e+07  0.53%   212  116s
 10541  3342 1.0971e+07   28  258 1.0976e+07 1.0919e+07  0.52%   209  122s
 11028  3435     cutoff   36      1.0976e+07 1.0920e+07  0.51%   208  126s
 11985  3682 1.0960e+07   41  178 1.0976e+07 1.0921e+07  0.50%   206  132s
 13044  3830 1.0937e+07   34  230 1.0976e+07 1.0923e+07  0.48%   205  137s
 13496  3912 1.0945e+07   33  256 1.0976e+07 1.0924e+07  0.47%   204  140s
 14561  4154 1.0975e+07   34  275 1.0976e+07 1.0925e+07  0.46%   202  145s
 15664  4308 1.0958e+07   30  164 1.0976e+07 1.0926e+07  0.45%   200  151s
 16671  4486 1.0944e+07   40  281 1.0976e+07 1.0928e+07  0.44%   200  156s
 17758  4592 1.0975e+07   35  191 1.0976e+07 1.0929e+07  0.43%   198  161s
 18798  4714 1.0965e+07   39  246 1.0976e+07 1.0930e+07  0.42%   197  166s
 19901  4851 1.0942e+07   34  258 1.0976e+07 1.0931e+07  0.41%   196  172s
 20492  4854 1.0966e+07   34  253 1.0976e+07 1.0932e+07  0.40%   196  175s
 21019  4886 1.0944e+07   44  576 1.0976e+07 1.0932e+07  0.40%   195  201s
 21037  4898 1.0943e+07   30  330 1.0976e+07 1.0932e+07  0.40%   195  206s
 21043  4902 1.0967e+07   26  342 1.0976e+07 1.0932e+07  0.40%   195  210s
 21054  4909 1.0942e+07   39  344 1.0976e+07 1.0932e+07  0.40%   195  215s
 21062  4915 1.0957e+07   29  344 1.0976e+07 1.0932e+07  0.40%   195  220s
 21149  4930 1.0965e+07   38  212 1.0976e+07 1.0932e+07  0.40%   197  225s
 21326  4929 1.0949e+07   32  254 1.0976e+07 1.0932e+07  0.40%   198  230s
 21530  4901 1.0946e+07   30  243 1.0976e+07 1.0932e+07  0.40%   198  235s
 21762  4868 1.0955e+07   34  230 1.0976e+07 1.0936e+07  0.36%   199  240s
 21983  4819 1.0956e+07   34  195 1.0976e+07 1.0938e+07  0.34%   200  245s
 22273  4770 1.0944e+07   33  297 1.0976e+07 1.0942e+07  0.31%   201  250s
 22939  4608     cutoff   38      1.0976e+07 1.0947e+07  0.26%   201  255s
 23496  4434     cutoff   37      1.0976e+07 1.0951e+07  0.23%   202  260s
 24017  4224 1.0961e+07   36  218 1.0976e+07 1.0955e+07  0.19%   203  265s
 24664  3742     cutoff   39      1.0976e+07 1.0963e+07  0.12%   204  270s

Cutting planes:
  Gomory: 37
  Cover: 49
  Implied bound: 185
  Projected implied bound: 9
  MIR: 232
  StrongCG: 1
  Flow cover: 402
  Flow path: 3
  Zero half: 25
  RLT: 46
  Relax-and-lift: 217

Explored 25005 nodes (5145068 simplex iterations) in 270.42 seconds (396.05 work units)
Thread count was 4 (of 128 available processors)

Solution count 10: 1.09759e+07 1.10107e+07 1.10136e+07 ... 1.12141e+07

Optimal solution found (tolerance 1.00e-04)
Warning: max constraint violation (1.0000e-06) exceeds tolerance
Best objective 1.097588733121e+07, best bound 1.097588733121e+07, gap 0.0000%

Solving took 	00:04:30.421
####################################################################################################
####################################################################################################
####################################################################################################
Found optimal solution
####################################################################################################
Description                           Value
----------------------------  -------------
Objective (min)               10,975,887.33
Cost sailing                    5,213,831.0
Cost port visits                7,619,586.0
Cost transshipment (demands)      118,644.0
Cost transshipment (empties)      212,146.0
Penalty delayed demands           169,281.0
Revenue Empties                2,357,600.67
Penalty rejected demands                0.0
Rejected demands (%)                    0.0
Omitted ports (%)                       0.0
Gap (%)                                 0.0
####################################################################################################
Export solution
####################################################################################################
Overall time 	00:04:31.285

real	4m32.499s
user	16m27.199s
sys	0m6.856s
finished at Thu Mar 16 15:00:40 CET 2023
