cpu-bind=MASK - n2lcn0122, task  0  0 [3441462]: mask |--------|--------||--------|--------||--------|------BB||BB------|--------||||--------|--------||--------|--------||--------|--------||--------|--------|  set
started at Thu Mar 16 14:56:07 CET 2023
Timecheck 9938708.299243785
Set parameter TokenServer to value "license3.uni-paderborn.de"
Warning: Gurobi version mismatch between Python 10.0.1 and C library 10.0.0
Timecheck 9938708.34390584
Timecheck 9938708.34466724
Timecheck 9938708.344728488
Timecheck 9938708.34475796


####################################################################################################
Solve scenario sce_6_26_1 with free vessel operation using the arc flow model
Vessels cannot omit ports, Demands cannot be rejected
####################################################################################################
Data preprocessing, load /upb/departments/pc2/groups/hpc-prf-winf4/dwetzel/SILSRP/inst_final/sce_6_26_1
and create additional sets and parameters
	|- Read vessel information, number of vessels:	17
	|- Read node information, number of nodes:		848
	|- Read arc information
		|- Number of sailing arcs:			9152
		|- Number of transshipment arcs:	1583
	|- Read container information
		|- Number of demands:		4505
		|- Number of empties (+/-):	437/371
	|- Create additional sets and parameters

Data preprocessing took 	00:00:08.710
####################################################################################################
Create linear model
Set parameter Threads to value 4
	|- Create variables, took	00:00:22.512
	|- Create objective, took	00:00:12.629
	|- Create constraints, took	00:00:48.071
	|- Load CVO start

Creating model took	00:01:23.266
####################################################################################################
Fix start solution

Set parameter TimeLimit to value 8.6315636455742642e+04
Gurobi Optimizer version 10.0.0 build v10.0.0rc2 (linux64)

CPU model: AMD EPYC 7763 64-Core Processor, instruction set [SSE2|AVX|AVX2]
Thread count: 128 physical cores, 128 logical processors, using up to 4 threads

Optimize a model with 429177 rows, 3734886 columns and 11887588 nonzeros
Model fingerprint: 0xf5f8c8e1
Variable types: 3573967 continuous, 160919 integer (160919 binary)
Coefficient statistics:
  Matrix range     [1e+00, 4e+05]
  Objective range  [1e+00, 1e+00]
  Bounds range     [1e+00, 5e+02]
  RHS range        [1e+00, 2e+08]
Presolve removed 353305 rows and 3529362 columns (presolve time = 5s) ...
Presolve removed 391215 rows and 3636739 columns (presolve time = 10s) ...
Presolve removed 391215 rows and 3636739 columns
Presolve time: 10.23s
Presolved: 37962 rows, 98147 columns, 282199 nonzeros
Variable types: 98147 continuous, 0 integer (0 binary)
Deterministic concurrent LP optimizer: primal and dual simplex
Showing first log only...


Root simplex log...

Iteration    Objective       Primal Inf.    Dual Inf.      Time
       0    6.5960754e+07   1.354725e+04   1.538033e+10     13s
   53266    6.6514889e+07   0.000000e+00   5.180614e+06     13s
Concurrent spin time: 0.09s

Solved with dual simplex

Root simplex log...

Iteration    Objective       Primal Inf.    Dual Inf.      Time
   13904    6.5373615e+07   0.000000e+00   0.000000e+00     13s

Root relaxation: objective 6.537362e+07, 13904 iterations, 0.68 seconds (0.69 work units)

    Nodes    |    Current Node    |     Objective Bounds      |     Work
 Expl Unexpl |  Obj  Depth IntInf | Incumbent    BestBd   Gap | It/Node Time

*    0     0               0    6.537362e+07 6.5374e+07  0.00%     -   13s

Explored 1 nodes (13904 simplex iterations) in 13.57 seconds (10.08 work units)
Thread count was 4 (of 128 available processors)

Solution count 1: 6.53736e+07 

Optimal solution found (tolerance 1.00e-04)
Best objective 6.537361500000e+07, best bound 6.537361500000e+07, gap 0.0000%

Fixing start solution took	00:01:38.094
####################################################################################################
####################################################################################################
Solve optimization model

Set parameter TimeLimit to value 8.6301906278187409e+04
Gurobi Optimizer version 10.0.0 build v10.0.0rc2 (linux64)

CPU model: AMD EPYC 7763 64-Core Processor, instruction set [SSE2|AVX|AVX2]
Thread count: 128 physical cores, 128 logical processors, using up to 4 threads

Optimize a model with 428330 rows, 3734886 columns and 11886741 nonzeros
Model fingerprint: 0xa75c273b
Variable types: 3573967 continuous, 160919 integer (160919 binary)
Coefficient statistics:
  Matrix range     [1e+00, 4e+05]
  Objective range  [1e+00, 1e+00]
  Bounds range     [1e+00, 5e+02]
  RHS range        [1e+00, 2e+08]

Loaded MIP start from previous solve with objective 6.53736e+07

Presolve removed 17659 rows and 23167 columns (presolve time = 5s) ...
Presolve removed 22766 rows and 37047 columns (presolve time = 10s) ...
Presolve removed 23808 rows and 39838 columns (presolve time = 15s) ...
Presolve removed 24132 rows and 41101 columns (presolve time = 20s) ...
Presolve removed 35906 rows and 135870 columns (presolve time = 25s) ...
Presolve removed 35909 rows and 135870 columns (presolve time = 30s) ...
Presolve removed 35909 rows and 135870 columns (presolve time = 35s) ...
Presolve removed 35909 rows and 135870 columns (presolve time = 40s) ...
Presolve removed 35909 rows and 135870 columns (presolve time = 45s) ...
Presolve removed 35909 rows and 135870 columns (presolve time = 50s) ...
Presolve removed 35909 rows and 135870 columns (presolve time = 55s) ...
Presolve removed 35909 rows and 135870 columns (presolve time = 60s) ...
Presolve removed 37312 rows and 166261 columns (presolve time = 65s) ...
Presolve removed 38621 rows and 169487 columns (presolve time = 70s) ...
Presolve removed 38621 rows and 169487 columns (presolve time = 75s) ...
Presolve removed 38621 rows and 169487 columns (presolve time = 80s) ...
Presolve removed 38621 rows and 169487 columns (presolve time = 87s) ...
Presolve removed 40843 rows and 202517 columns (presolve time = 90s) ...
Presolve removed 41208 rows and 203969 columns (presolve time = 95s) ...
Presolve removed 41208 rows and 203969 columns (presolve time = 100s) ...
Presolve removed 41208 rows and 203969 columns (presolve time = 105s) ...
Presolve removed 41208 rows and 203969 columns (presolve time = 110s) ...
Presolve removed 41208 rows and 203969 columns (presolve time = 115s) ...
Presolve removed 41208 rows and 203969 columns (presolve time = 120s) ...
Presolve removed 41208 rows and 203969 columns (presolve time = 125s) ...
Presolve removed 41208 rows and 203969 columns (presolve time = 130s) ...
Presolve removed 41208 rows and 203969 columns (presolve time = 135s) ...
Presolve removed 41208 rows and 203969 columns (presolve time = 140s) ...
Presolve removed 41208 rows and 203969 columns (presolve time = 145s) ...
Presolve removed 41208 rows and 203969 columns (presolve time = 150s) ...
Presolve removed 41208 rows and 203969 columns (presolve time = 158s) ...
Presolve removed 41401 rows and 204668 columns (presolve time = 160s) ...
Presolve removed 41401 rows and 204668 columns
Presolve time: 160.24s
Presolved: 386929 rows, 3530218 columns, 10243682 nonzeros
Variable types: 3387919 continuous, 142299 integer (142298 binary)
Deterministic concurrent LP optimizer: primal simplex, dual simplex, and barrier
Showing barrier log only...

Root barrier log...

Elapsed ordering time = 5s
Elapsed ordering time = 10s
Elapsed ordering time = 15s
Elapsed ordering time = 20s
Elapsed ordering time = 25s
Elapsed ordering time = 30s
Elapsed ordering time = 35s
Elapsed ordering time = 40s
Elapsed ordering time = 45s
Elapsed ordering time = 50s
Elapsed ordering time = 55s
Elapsed ordering time = 60s
Elapsed ordering time = 65s
Elapsed ordering time = 70s
Elapsed ordering time = 75s
Elapsed ordering time = 80s
Elapsed ordering time = 85s
Elapsed ordering time = 90s
Elapsed ordering time = 95s
Elapsed ordering time = 100s
Elapsed ordering time = 105s
Elapsed ordering time = 110s
Elapsed ordering time = 115s
Elapsed ordering time = 120s
Elapsed ordering time = 125s
Elapsed ordering time = 130s
Elapsed ordering time = 135s
Elapsed ordering time = 140s
Elapsed ordering time = 145s
Elapsed ordering time = 150s
Elapsed ordering time = 155s
Elapsed ordering time = 160s
Elapsed ordering time = 165s
Elapsed ordering time = 170s
Elapsed ordering time = 175s
Elapsed ordering time = 180s
Elapsed ordering time = 185s
Elapsed ordering time = 190s
Elapsed ordering time = 195s
Elapsed ordering time = 200s
Elapsed ordering time = 205s
Elapsed ordering time = 210s
Elapsed ordering time = 215s
Elapsed ordering time = 220s
Elapsed ordering time = 225s
Elapsed ordering time = 230s
Elapsed ordering time = 235s
Elapsed ordering time = 240s
Elapsed ordering time = 245s
Ordering time: 248.19s

Barrier statistics:
 AA' NZ     : 9.626e+06
 Factor NZ  : 3.259e+08 (roughly 4.0 GB of memory)
 Factor Ops : 9.635e+11 (roughly 16 seconds per iteration)
 Threads    : 2

                  Objective                Residual
Iter       Primal          Dual         Primal    Dual     Compl     Time
   0   1.43059794e+17 -2.89653992e+15  6.53e+10 7.58e+03  1.19e+13   472s
   1   2.58162885e+16 -8.26405356e+14  1.18e+10 8.05e+03  2.21e+12   497s
   2   2.34008782e+15 -1.76315188e+14  1.07e+09 9.18e+02  2.01e+11   534s
   3   3.82136416e+14 -4.70515405e+13  1.74e+08 4.58e+01  3.30e+10   564s
   4   5.12053633e+13 -1.05504583e+13  2.33e+07 1.16e-09  4.47e+09   591s
   5   6.69721134e+12 -3.87688068e+12  3.04e+06 1.00e-09  5.89e+08   631s
   6   1.25865750e+12 -1.93221232e+12  5.70e+05 2.28e-09  1.11e+08   658s
   7   1.28423161e+11 -1.13162784e+12  5.79e+04 1.51e-09  1.15e+07   692s
   8   2.34351115e+10 -9.28766994e+11  1.04e+04 1.03e-09  2.15e+06   730s
   9   2.33008116e+09 -6.41275619e+11  8.52e+02 2.08e-09  2.51e+05   764s
  10   1.02313863e+09 -2.95189524e+11  3.06e+02 1.28e-09  8.89e+04   800s
  11   5.25505490e+08 -1.85141655e+11  1.20e+02 1.40e-09  4.34e+04   828s
  12   3.06232293e+08 -1.14390836e+11  5.10e+01 1.58e-09  2.31e+04   857s
  13   1.75663576e+08 -4.33849769e+10  1.42e+01 2.54e-08  8.17e+03   900s
  14   1.27231164e+08 -1.10589526e+10  2.72e+00 9.95e-09  1.92e+03   936s
  15   1.05475614e+08 -2.70351902e+09  5.15e-01 1.09e-07  4.35e+02   979s
  16   8.99125170e+07 -6.55020967e+08  1.06e-01 3.81e-08  1.09e+02  1024s
  17   7.75713206e+07 -3.36601873e+08  4.02e-02 5.93e-08  5.94e+01  1057s
  18   7.27806074e+07 -1.93993223e+08  2.53e-02 4.82e-08  3.82e+01  1085s
  19   7.06562211e+07 -1.30713070e+08  2.12e-02 4.31e-08  2.88e+01  1115s
  20   6.54933303e+07 -6.86777203e+07  1.32e-02 4.82e-08  1.91e+01  1149s
  21   6.29463321e+07 -4.35798993e+07  1.07e-02 4.29e-08  1.52e+01  1185s
  22   6.00545286e+07 -2.18452174e+07  7.84e-03 3.87e-08  1.17e+01  1218s
  23   5.79008188e+07 -5.12183972e+06  6.12e-03 4.58e-08  8.98e+00  1255s
  24   5.57484750e+07  7.24523076e+06  4.52e-03 4.34e-08  6.91e+00  1283s
  25   5.34266484e+07  1.92800261e+07  3.13e-03 4.12e-08  4.86e+00  1317s
  26   5.19002299e+07  2.62301037e+07  2.36e-03 4.55e-08  3.66e+00  1343s
  27   5.09327151e+07  3.10780663e+07  1.93e-03 4.59e-08  2.83e+00  1382s
  28   5.00791918e+07  3.40142561e+07  1.58e-03 4.26e-08  2.29e+00  1413s
  29   4.93939761e+07  3.61823659e+07  1.32e-03 4.97e-08  1.88e+00  1446s
  30   4.84514591e+07  3.77585104e+07  9.71e-04 4.84e-08  1.52e+00  1469s
  31   4.79020973e+07  3.95791408e+07  7.92e-04 5.69e-08  1.19e+00  1495s
  32   4.73626843e+07  4.08036679e+07  6.28e-04 5.20e-08  9.34e-01  1535s
  33   4.67037698e+07  4.18834516e+07  4.44e-04 4.97e-08  6.86e-01  1561s
  34   4.62644465e+07  4.24233597e+07  3.34e-04 5.24e-08  5.47e-01  1586s
  35   4.60197192e+07  4.29802436e+07  2.75e-04 5.32e-08  4.33e-01  1618s
  36   4.56482792e+07  4.32477090e+07  1.90e-04 4.95e-08  3.42e-01  1641s
  37   4.54509733e+07  4.35754987e+07  1.48e-04 3.88e-08  2.67e-01  1671s
  38   4.52551253e+07  4.38667219e+07  1.09e-04 4.54e-08  1.98e-01  1706s
  39   4.51053846e+07  4.40333042e+07  8.10e-05 4.35e-08  1.53e-01  1730s
  40   4.49576977e+07  4.42575080e+07  5.50e-05 3.46e-08  9.96e-02  1756s
  41   4.48558606e+07  4.43662304e+07  3.74e-05 4.67e-08  6.97e-02  1794s
  42   4.47636267e+07  4.44489211e+07  2.17e-05 4.05e-08  4.48e-02  1818s
  43   4.47473629e+07  4.44573527e+07  1.90e-05 4.73e-08  4.12e-02  1844s
  44   4.47143866e+07  4.44998460e+07  1.36e-05 4.83e-08  3.05e-02  1886s
  45   4.46759782e+07  4.45512196e+07  7.23e-06 4.33e-08  1.77e-02  1913s
  46   4.46519330e+07  4.45879634e+07  3.40e-06 4.50e-08  9.09e-03  1946s
  47   4.46398309e+07  4.46210460e+07  4.11e-06 2.94e-08  2.68e-03  1981s
  48   4.46304397e+07  4.46265989e+07  5.15e-07 2.74e-08  5.46e-04  2011s
  49   4.46293152e+07  4.46285829e+07  1.13e-07 3.02e-08  1.04e-04  2066s
  50   4.46290493e+07  4.46289216e+07  2.69e-08 2.95e-08  1.82e-05  2094s
  51   4.46289729e+07  4.46289620e+07  7.57e-09 4.35e-08  1.55e-06  2125s
  52   4.46289703e+07  4.46289695e+07  1.97e-07 2.71e-08  1.24e-07  2167s
  53   4.46289696e+07  4.46289696e+07  5.45e-08 2.79e-08  3.67e-10  2196s

Barrier solved model in 53 iterations and 2196.19 seconds (1534.82 work units)
Optimal objective 4.46289696e+07


Root crossover log...

  360570 DPushes remaining with DInf 2.2784847e-04              2197s
   81596 DPushes remaining with DInf 1.3454061e-05              2205s
   10976 DPushes remaining with DInf 0.0000000e+00              2210s
    4051 DPushes remaining with DInf 0.0000000e+00              2231s

   15708 PPushes remaining with PInf 0.0000000e+00              2231s
   14496 PPushes remaining with PInf 0.0000000e+00              2238s
    7081 PPushes remaining with PInf 0.0000000e+00              2240s
    2373 PPushes remaining with PInf 0.0000000e+00              2245s
       0 PPushes remaining with PInf 0.0000000e+00              2248s

  Push phase complete: Pinf 0.0000000e+00, Dinf 3.3845093e-07   2248s


Root simplex log...

Iteration    Objective       Primal Inf.    Dual Inf.      Time
  372123    4.4628970e+07   0.000000e+00   0.000000e+00   2249s
Waiting for other threads to finish...        2312s
Waiting for other threads to finish...        2376s
Waiting for other threads to finish...        2439s
Waiting for other threads to finish...        2502s
Waiting for other threads to finish...        2566s
Waiting for other threads to finish...        2629s
Waiting for other threads to finish...        2693s
Waiting for other threads to finish...        2757s
Waiting for other threads to finish...        2820s
Concurrent spin time: 600.95s (can be avoided by choosing Method=3)

Solved with barrier
  372123    4.4628970e+07   0.000000e+00   0.000000e+00   2851s

Root relaxation: objective 4.462897e+07, 372123 iterations, 2687.74 seconds (1523.87 work units)
Total elapsed time = 2889.73s
Total elapsed time = 2934.53s
Total elapsed time = 2946.71s

    Nodes    |    Current Node    |     Objective Bounds      |     Work
 Expl Unexpl |  Obj  Depth IntInf | Incumbent    BestBd   Gap | It/Node Time

     0     0 4.4629e+07    0 8908 6.5374e+07 4.4629e+07  31.7%     - 2956s
     0     0          -    0      6.5374e+07 4.4629e+07  31.7%     - 86302s

Cutting planes:
  Implied bound: 929
  Clique: 1
  MIR: 2051
  Flow cover: 55
  Flow path: 28
  Zero half: 2
  RLT: 47
  Relax-and-lift: 153

Explored 1 nodes (1132946 simplex iterations) in 86302.32 seconds (52138.41 work units)
Thread count was 4 (of 128 available processors)

Solution count 1: 6.53736e+07 

Time limit reached
Best objective 6.537361500000e+07, best bound 4.462896958388e+07, gap 31.7324%

Solving took 	23:58:22.364
####################################################################################################
####################################################################################################
####################################################################################################
Reached timelimit, but could find a feasible solution
####################################################################################################
Description                          Value
----------------------------  ------------
Objective (min)               65,373,615.0
Cost sailing                  27,246,210.0
Cost port visits              28,842,976.0
Cost transshipment (demands)   7,236,048.0
Cost transshipment (empties)     558,841.0
Penalty delayed demands        6,394,230.0
Revenue Empties                4,904,690.0
Penalty rejected demands               0.0
Rejected demands (%)                   0.0
Omitted ports (%)                      0.0
Gap (%)                              31.73
####################################################################################################
Export solution
####################################################################################################
Overall time 	1-00:00:12.953

real	1440m14.180s
user	1537m2.526s
sys	1m20.795s
finished at Fri Mar 17 14:56:22 CET 2023
