cpu-bind=MASK - n2lcn0155, task  0  0 [967526]: mask |--------|--------||--------|--------||--------|--------||--------|--------||||--------|---BBBB-||--------|--------||--------|--------||--------|--------|  set
started at Thu Mar 16 14:56:07 CET 2023
Timecheck 3888566.434599494
Set parameter TokenServer to value "license3.uni-paderborn.de"
Warning: Gurobi version mismatch between Python 10.0.1 and C library 10.0.0
Timecheck 3888566.493184352
Timecheck 3888566.493428471
Timecheck 3888566.493461571
Timecheck 3888566.49348263


####################################################################################################
Solve scenario sce_3_26_3 with free vessel operation using the arc flow model
Vessels cannot omit ports, Demands cannot be rejected
####################################################################################################
Data preprocessing, load /upb/departments/pc2/groups/hpc-prf-winf4/dwetzel/SILSRP/inst_final/sce_3_26_3
and create additional sets and parameters
	|- Read vessel information, number of vessels:	10
	|- Read node information, number of nodes:		373
	|- Read arc information
		|- Number of sailing arcs:			1531
		|- Number of transshipment arcs:	724
	|- Read container information
		|- Number of demands:		740
		|- Number of empties (+/-):	159/156
	|- Create additional sets and parameters

Data preprocessing took 	00:00:00.242
####################################################################################################
Create linear model
Set parameter Threads to value 4
	|- Create variables, took	00:00:00.293
	|- Create objective, took	00:00:00.254
	|- Create constraints, took	00:00:01.102
	|- Load CVO start

Creating model took	00:00:01.663
####################################################################################################
Fix start solution

Set parameter TimeLimit to value 8.6398308590629138e+04
Gurobi Optimizer version 10.0.0 build v10.0.0rc2 (linux64)

CPU model: AMD EPYC 7763 64-Core Processor, instruction set [SSE2|AVX|AVX2]
Thread count: 128 physical cores, 128 logical processors, using up to 4 threads

Optimize a model with 25242 rows, 83492 columns and 307312 nonzeros
Model fingerprint: 0xd9c0a225
Variable types: 67080 continuous, 16412 integer (16412 binary)
Coefficient statistics:
  Matrix range     [1e+00, 1e+06]
  Objective range  [1e+00, 1e+00]
  Bounds range     [1e+00, 2e+03]
  RHS range        [1e+00, 2e+08]
Presolve removed 23122 rows and 78849 columns
Presolve time: 0.16s
Presolved: 2120 rows, 4643 columns, 14308 nonzeros
Variable types: 4643 continuous, 0 integer (0 binary)

Root relaxation: objective 2.424449e+07, 1049 iterations, 0.01 seconds (0.01 work units)

    Nodes    |    Current Node    |     Objective Bounds      |     Work
 Expl Unexpl |  Obj  Depth IntInf | Incumbent    BestBd   Gap | It/Node Time

*    0     0               0    2.424449e+07 2.4244e+07  0.00%     -    0s

Explored 1 nodes (1049 simplex iterations) in 0.22 seconds (0.22 work units)
Thread count was 4 (of 128 available processors)

Solution count 1: 2.42445e+07 

Optimal solution found (tolerance 1.00e-04)
Best objective 2.424448633333e+07, best bound 2.424448633333e+07, gap 0.0000%

Fixing start solution took	00:00:01.917
####################################################################################################
####################################################################################################
Solve optimization model

Set parameter TimeLimit to value 86398.0826766151
Gurobi Optimizer version 10.0.0 build v10.0.0rc2 (linux64)

CPU model: AMD EPYC 7763 64-Core Processor, instruction set [SSE2|AVX|AVX2]
Thread count: 128 physical cores, 128 logical processors, using up to 4 threads

Optimize a model with 24870 rows, 83492 columns and 306940 nonzeros
Model fingerprint: 0xcec3c1c1
Variable types: 67080 continuous, 16412 integer (16412 binary)
Coefficient statistics:
  Matrix range     [1e+00, 1e+06]
  Objective range  [1e+00, 1e+00]
  Bounds range     [1e+00, 2e+03]
  RHS range        [1e+00, 2e+08]

MIP start from previous solve produced solution with objective 2.42445e+07 (0.16s)
MIP start from previous solve produced solution with objective 2.42445e+07 (0.17s)
Loaded MIP start from previous solve with objective 2.42445e+07

Presolve removed 6233 rows and 10506 columns
Presolve time: 0.93s
Presolved: 18637 rows, 72986 columns, 216936 nonzeros
Variable types: 59511 continuous, 13475 integer (13475 binary)
Deterministic concurrent LP optimizer: primal and dual simplex
Showing first log only...


Root simplex log...

Iteration    Objective       Primal Inf.    Dual Inf.      Time
   38906    2.9377524e+06   5.642303e+02   1.808618e+10      5s
   65833    2.7358771e+06   8.253172e+01   2.613574e+09     10s
   84452    2.6399475e+06   1.698254e+01   7.519445e+08     15s
  101222    2.6015749e+06   2.149332e-01   3.295281e+08     20s
  101745    1.9352380e+07   0.000000e+00   8.814515e+07     20s
  119908    1.6725256e+07   0.000000e+00   8.908334e+07     25s
  137383    1.5603906e+07   0.000000e+00   9.385266e+07     30s
  154830    1.5026337e+07   0.000000e+00   1.211674e+07     35s
  173303    1.4549023e+07   0.000000e+00   5.350946e+06     40s
  191735    1.4256982e+07   0.000000e+00   5.410243e+06     45s
  209672    1.4079116e+07   0.000000e+00   2.266379e+06     50s
Concurrent spin time: 0.00s

Solved with dual simplex

Root simplex log...

Iteration    Objective       Primal Inf.    Dual Inf.      Time
  100871    1.3808147e+07   0.000000e+00   0.000000e+00     54s

Root relaxation: objective 1.380815e+07, 100871 iterations, 53.35 seconds (51.38 work units)
Total elapsed time = 55.17s

    Nodes    |    Current Node    |     Objective Bounds      |     Work
 Expl Unexpl |  Obj  Depth IntInf | Incumbent    BestBd   Gap | It/Node Time

     0     0 1.3808e+07    0 2662 2.4244e+07 1.3808e+07  43.0%     -   56s
     0     0 1.3808e+07    0 2663 2.4244e+07 1.3808e+07  43.0%     -   56s
     0     0 1.3808e+07    0 2666 2.4244e+07 1.3808e+07  43.0%     -   56s
     0     0 1.3808e+07    0 2666 2.4244e+07 1.3808e+07  43.0%     -   56s
     0     0 1.3808e+07    0 2701 2.4244e+07 1.3808e+07  43.0%     -   57s
     0     0 1.3811e+07    0 2703 2.4244e+07 1.3811e+07  43.0%     -   59s
     0     0 1.3811e+07    0 2702 2.4244e+07 1.3811e+07  43.0%     -   59s
     0     0 1.3814e+07    0 2693 2.4244e+07 1.3814e+07  43.0%     -   62s
     0     0 1.3814e+07    0 2693 2.4244e+07 1.3814e+07  43.0%     -   62s
     0     0 1.3814e+07    0 2709 2.4244e+07 1.3814e+07  43.0%     -   64s
     0     0 1.3814e+07    0 2710 2.4244e+07 1.3814e+07  43.0%     -   64s
     0     0 1.4483e+07    0 2572 2.4244e+07 1.4483e+07  40.3%     -  148s
     0     0 1.4556e+07    0 2665 2.4244e+07 1.4556e+07  40.0%     -  201s
     0     0 1.4559e+07    0 2671 2.4244e+07 1.4559e+07  39.9%     -  210s
     0     0 1.4559e+07    0 2708 2.4244e+07 1.4559e+07  39.9%     -  211s
     0     0 1.4767e+07    0 2791 2.4244e+07 1.4767e+07  39.1%     -  298s
H    0     0                    2.271545e+07 1.4887e+07  34.5%     -  402s
     0     0 1.4887e+07    0 2754 2.2715e+07 1.4887e+07  34.5%     -  410s
     0     0 1.4923e+07    0 2790 2.2715e+07 1.4923e+07  34.3%     -  468s
     0     0 1.4923e+07    0 2777 2.2715e+07 1.4923e+07  34.3%     -  481s
     0     0 1.4937e+07    0 2803 2.2715e+07 1.4937e+07  34.2%     -  547s
     0     0 1.4937e+07    0 2820 2.2715e+07 1.4937e+07  34.2%     -  563s
     0     0 1.4939e+07    0 2794 2.2715e+07 1.4939e+07  34.2%     -  570s
     0     0 1.4939e+07    0 2761 2.2715e+07 1.4939e+07  34.2%     -  574s
     0     0 1.4939e+07    0 2812 2.2715e+07 1.4939e+07  34.2%     -  578s
     0     0 1.5147e+07    0 2781 2.2715e+07 1.5147e+07  33.3%     -  696s
     0     0 1.5213e+07    0 2823 2.2715e+07 1.5213e+07  33.0%     -  780s
     0     0 1.5225e+07    0 2821 2.2715e+07 1.5225e+07  33.0%     -  808s
     0     0 1.5225e+07    0 2846 2.2715e+07 1.5225e+07  33.0%     -  827s
     0     0 1.5232e+07    0 2880 2.2715e+07 1.5232e+07  32.9%     -  847s
     0     0 1.5238e+07    0 2812 2.2715e+07 1.5238e+07  32.9%     -  872s
     0     0 1.5238e+07    0 2815 2.2715e+07 1.5238e+07  32.9%     -  872s
     0     0 1.5240e+07    0 2850 2.2715e+07 1.5240e+07  32.9%     -  886s
     0     0 1.5240e+07    0 2844 2.2715e+07 1.5240e+07  32.9%     -  886s
     0     0 1.5240e+07    0 2829 2.2715e+07 1.5240e+07  32.9%     -  891s
     0     0 1.5240e+07    0 2852 2.2715e+07 1.5240e+07  32.9%     -  891s
     0     0 1.5359e+07    0 2737 2.2715e+07 1.5359e+07  32.4%     - 1031s
     0     0 1.5359e+07    0 2745 2.2715e+07 1.5359e+07  32.4%     - 1060s
     0     0 1.5391e+07    0 2789 2.2715e+07 1.5391e+07  32.2%     - 1142s
     0     0 1.5391e+07    0 2726 2.2715e+07 1.5391e+07  32.2%     - 1176s
     0     0 1.5398e+07    0 2753 2.2715e+07 1.5398e+07  32.2%     - 1272s
     0     0 1.5401e+07    0 2761 2.2715e+07 1.5401e+07  32.2%     - 1297s
     0     0 1.5401e+07    0 2769 2.2715e+07 1.5401e+07  32.2%     - 1309s
     0     0 1.5401e+07    0 2727 2.2715e+07 1.5401e+07  32.2%     - 1348s
     0     0 1.5462e+07    0 2736 2.2715e+07 1.5462e+07  31.9%     - 1495s
     0     0 1.5480e+07    0 2762 2.2715e+07 1.5480e+07  31.9%     - 1577s
     0     0 1.5480e+07    0 2750 2.2715e+07 1.5480e+07  31.9%     - 1616s
     0     0 1.5487e+07    0 2725 2.2715e+07 1.5487e+07  31.8%     - 1889s
     0     0 1.5489e+07    0 2716 2.2715e+07 1.5489e+07  31.8%     - 1933s
     0     0 1.5489e+07    0 2772 2.2715e+07 1.5489e+07  31.8%     - 1943s
     0     0 1.5490e+07    0 2766 2.2715e+07 1.5490e+07  31.8%     - 1976s
     0     0 1.5525e+07    0 2750 2.2715e+07 1.5525e+07  31.7%     - 2177s
     0     0 1.5539e+07    0 2709 2.2715e+07 1.5539e+07  31.6%     - 2317s
     0     0 1.5539e+07    0 2734 2.2715e+07 1.5539e+07  31.6%     - 2321s
     0     0 1.5543e+07    0 2747 2.2715e+07 1.5543e+07  31.6%     - 2489s
     0     0 1.5543e+07    0 2692 2.2715e+07 1.5543e+07  31.6%     - 2521s
     0     0 1.5545e+07    0 2760 2.2715e+07 1.5545e+07  31.6%     - 2567s
     0     0 1.5545e+07    0 2780 2.2715e+07 1.5545e+07  31.6%     - 2579s
     0     0 1.5566e+07    0 2729 2.2715e+07 1.5566e+07  31.5%     - 2686s
     0     0 1.5571e+07    0 2728 2.2715e+07 1.5571e+07  31.4%     - 2738s
     0     0 1.5574e+07    0 2731 2.2715e+07 1.5574e+07  31.4%     - 2773s
     0     0 1.5574e+07    0 2709 2.2715e+07 1.5574e+07  31.4%     - 2813s
     0     0 1.5575e+07    0 2684 2.2715e+07 1.5575e+07  31.4%     - 2830s
     0     0 1.5575e+07    0 2696 2.2715e+07 1.5575e+07  31.4%     - 2831s
     0     0 1.5575e+07    0 2743 2.2715e+07 1.5575e+07  31.4%     - 2847s
     0     0 1.5575e+07    0 2698 2.2715e+07 1.5575e+07  31.4%     - 2887s
     0     0 1.5588e+07    0 2767 2.2715e+07 1.5588e+07  31.4%     - 2965s
     0     0 1.5591e+07    0 2757 2.2715e+07 1.5591e+07  31.4%     - 3002s
     0     0 1.5591e+07    0 2761 2.2715e+07 1.5591e+07  31.4%     - 3002s
     0     0 1.5592e+07    0 2705 2.2715e+07 1.5592e+07  31.4%     - 3023s
     0     0 1.5592e+07    0 2695 2.2715e+07 1.5592e+07  31.4%     - 3079s
     0     0 1.5593e+07    0 2726 2.2715e+07 1.5593e+07  31.4%     - 3092s
     0     0 1.5605e+07    0 2673 2.2715e+07 1.5605e+07  31.3%     - 3160s
     0     0 1.5608e+07    0 2696 2.2715e+07 1.5608e+07  31.3%     - 3197s
     0     0 1.5608e+07    0 2627 2.2715e+07 1.5608e+07  31.3%     - 3265s
     0     0 1.5608e+07    0 2658 2.2715e+07 1.5608e+07  31.3%     - 3283s
     0     0 1.5608e+07    0 2653 2.2715e+07 1.5608e+07  31.3%     - 3322s
     0     0 1.5616e+07    0 2578 2.2715e+07 1.5616e+07  31.3%     - 3416s
     0     0 1.5616e+07    0 2575 2.2715e+07 1.5616e+07  31.3%     - 3417s
     0     2 1.5616e+07    0 2575 2.2715e+07 1.5616e+07  31.3%     - 3496s
     1     4 1.5626e+07    1 2581 2.2715e+07 1.5616e+07  31.3% 19608 3573s
     3     8 1.5670e+07    2 2629 2.2715e+07 1.5626e+07  31.2% 38484 3836s
     7    12 1.5684e+07    3 2585 2.2715e+07 1.5638e+07  31.2% 44908 3985s
    11    16 1.5890e+07    3 2579 2.2715e+07 1.5638e+07  31.2% 46297 4307s
    15    20 1.5696e+07    4 2583 2.2715e+07 1.5654e+07  31.1% 50253 4355s
    19    24 1.5841e+07    4 2492 2.2715e+07 1.5655e+07  31.1% 50977 4416s
    23    28 1.5721e+07    5 2634 2.2715e+07 1.5659e+07  31.1% 48914 4624s
    27    33 1.5719e+07    5 2512 2.2715e+07 1.5659e+07  31.1% 47194 4680s
    32    37 1.5769e+07    6 2454 2.2715e+07 1.5660e+07  31.1% 44267 4840s
    36    41 1.5798e+07    6 2547 2.2715e+07 1.5660e+07  31.1% 43828 5001s
    40    50 1.5775e+07    7 2478 2.2715e+07 1.5660e+07  31.1% 43091 5068s
    49    55 1.5851e+07    8 2434 2.2715e+07 1.5660e+07  31.1% 38419 5191s
    54    63 1.5801e+07    8 2363 2.2715e+07 1.5660e+07  31.1% 37274 5296s
    62    67 1.5837e+07    9 2303 2.2715e+07 1.5660e+07  31.1% 34683 5635s
    66    76 1.5893e+07   10 2322 2.2715e+07 1.5660e+07  31.1% 35865 5850s
    75    81 infeasible   11      2.2715e+07 1.5660e+07  31.1% 33293 6111s
    82    93 1.5871e+07   12 2243 2.2715e+07 1.5660e+07  31.1% 32485 6259s
    94   101 1.5886e+07   14 2206 2.2715e+07 1.5660e+07  31.1% 30034 6398s
   102   105 1.5956e+07   15 2224 2.2715e+07 1.5660e+07  31.1% 29239 6634s
   106   113 1.6158e+07   16 2198 2.2715e+07 1.5660e+07  31.1% 29509 6768s
   114   123 1.6027e+07   17 2187 2.2715e+07 1.5660e+07  31.1% 28532 6937s
   124   133 1.6037e+07   19 2186 2.2715e+07 1.5660e+07  31.1% 27493 7068s
   134   141 1.6141e+07   21 2247 2.2715e+07 1.5660e+07  31.1% 26579 7396s
   142   146 1.6184e+07   22 2163 2.2715e+07 1.5660e+07  31.1% 27186 7575s
   147   159 1.6194e+07   22 2155 2.2715e+07 1.5660e+07  31.1% 27070 7739s
   160   167 1.6195e+07   24 2165 2.2715e+07 1.5660e+07  31.1% 26095 8089s
   168   184 1.6208e+07   25 2132 2.2715e+07 1.5660e+07  31.1% 26416 8337s
   185   199 1.6264e+07   28 2143 2.2715e+07 1.5660e+07  31.1% 25255 8671s
   200   208 1.6527e+07   30 2104 2.2715e+07 1.5660e+07  31.1% 25072 9021s
   211   216 1.6314e+07   30 2076 2.2715e+07 1.5660e+07  31.1% 24767 9320s
   221   228 1.6381e+07   32 2093 2.2715e+07 1.5660e+07  31.1% 24876 9557s
   239   245 1.6392e+07   35 2005 2.2715e+07 1.5660e+07  31.1% 23976 9816s
   258   266 1.6625e+07   39 1956 2.2715e+07 1.5660e+07  31.1% 23327 10054s
H  265   266                    2.252000e+07 1.5660e+07  30.5% 22890 10054s
   279   280 1.6437e+07   44 1973 2.2520e+07 1.5660e+07  30.5% 22526 10313s
   293   298 1.6513e+07   45 1903 2.2520e+07 1.5660e+07  30.5% 22249 10580s
   313   314 1.6531e+07   50 1885 2.2520e+07 1.5660e+07  30.5% 21815 10929s
   329   319 1.6590e+07   52 1920 2.2520e+07 1.5660e+07  30.5% 21804 11152s
   342   333 1.6914e+07   54 1765 2.2520e+07 1.5660e+07  30.5% 22066 11487s
   358   348 1.6619e+07   57 1922 2.2520e+07 1.5660e+07  30.5% 22647 11876s
   375   363 1.6736e+07   59 1822 2.2520e+07 1.5660e+07  30.5% 22631 12302s
   390   383 1.6727e+07   63 1904 2.2520e+07 1.5660e+07  30.5% 22367 13871s
   416   404 1.6749e+07   66 1780 2.2520e+07 1.5660e+07  30.5% 22344 14590s
   439   424 infeasible   67      2.2520e+07 1.5660e+07  30.5% 22440 14963s
   461   446 1.6897e+07   70 1651 2.2520e+07 1.5660e+07  30.5% 22500 15843s
H  483   463                    2.229121e+07 1.5660e+07  29.7% 22233 16773s
H  494   463                    2.207195e+07 1.5660e+07  29.0% 22303 16773s
H  496   463                    2.197108e+07 1.5660e+07  28.7% 22534 16773s
   500   486 1.7061e+07   75 1681 2.1971e+07 1.5660e+07  28.7% 22712 17578s
H  523   500                    2.183199e+07 1.5660e+07  28.3% 22490 18350s
H  524   500                    2.084215e+07 1.5660e+07  24.9% 22459 18351s
   537   524 1.6967e+07   84 1692 2.0842e+07 1.5660e+07  24.9% 22635 19057s
   563   545 1.7322e+07   90 1664 2.0842e+07 1.5660e+07  24.9% 22692 19739s
   584   576 1.7116e+07   91 1564 2.0842e+07 1.5660e+07  24.9% 22434 20680s
   619   609 1.7335e+07   93 1604 2.0842e+07 1.5660e+07  24.9% 22119 21629s
   656   641 1.7794e+07   95 1528 2.0842e+07 1.5660e+07  24.9% 21670 23230s
H  667   641                    2.062934e+07 1.5660e+07  24.1% 21899 23230s
   688   687 1.7532e+07   99 1365 2.0629e+07 1.5660e+07  24.1% 21672 24177s
   734   731 1.7731e+07  108 1394 2.0629e+07 1.5660e+07  24.1% 21231 25067s
   780   746 1.8004e+07  116 1242 2.0629e+07 1.5660e+07  24.1% 20953 27217s
   795   801 1.8060e+07  117 1245 2.0629e+07 1.5660e+07  24.1% 21046 29319s
H  821   801                    2.052912e+07 1.5660e+07  23.7% 20623 29319s
H  860   814                    2.039858e+07 1.5660e+07  23.2% 20511 31778s
H  860   814                    2.036685e+07 1.5660e+07  23.1% 20511 31778s
   873   882 1.8301e+07  136 1203 2.0367e+07 1.5660e+07  23.1% 20583 33217s
H  882   882                    2.035772e+07 1.5660e+07  23.1% 20452 33217s
H  898   882                    2.034837e+07 1.5660e+07  23.0% 20174 33217s
H  952   882                    2.016298e+07 1.5660e+07  22.3% 19904 33217s
   953   961 1.8483e+07  154 1174 2.0163e+07 1.5660e+07  22.3% 19899 34687s
H  978   961                    2.014490e+07 1.5660e+07  22.3% 19599 34687s
H 1030   961                    2.005768e+07 1.5660e+07  21.9% 19220 34687s
  1046  1066 1.9008e+07  171  928 2.0058e+07 1.5660e+07  21.9% 19031 36241s
  1178  1096 1.9896e+07  202  618 2.0058e+07 1.5666e+07  21.9% 17755 37625s
  1253  1151 1.5887e+07   16 2265 2.0058e+07 1.5666e+07  21.9% 17619 38613s
H 1310  1148                    1.999983e+07 1.5666e+07  21.7% 18218 38696s
  1311  1149 1.5777e+07   13 2575 2.0000e+07 1.5666e+07  21.7% 18204 39282s
  1313  1150 1.8454e+07  145 2599 2.0000e+07 1.5666e+07  21.7% 18176 39365s
  1314  1151 1.8997e+07  182 2566 2.0000e+07 1.5666e+07  21.7% 18162 39431s
  1315  1152 1.6333e+07   37 2614 2.0000e+07 1.5666e+07  21.7% 18148 39529s
  1316  1152 1.8870e+07  154 2669 2.0000e+07 1.5666e+07  21.7% 18135 39671s
  1317  1153 1.6354e+07   33 2621 2.0000e+07 1.5666e+07  21.7% 18121 39796s
  1318  1154 1.6162e+07   24 2588 2.0000e+07 1.5666e+07  21.7% 18107 39903s
  1319  1154 1.5890e+07    4 2531 2.0000e+07 1.5666e+07  21.7% 18093 39993s
  1320  1155 1.6522e+07   48 2690 2.0000e+07 1.5666e+07  21.7% 18080 40087s
  1321  1156 1.7443e+07  118 2634 2.0000e+07 1.5666e+07  21.7% 18066 40170s
  1322  1156 1.6141e+07   44 2630 2.0000e+07 1.5666e+07  21.7% 18052 40258s
  1323  1157 1.6421e+07   38 2595 2.0000e+07 1.5666e+07  21.7% 18039 40325s
  1324  1158 1.6749e+07   65 2571 2.0000e+07 1.5666e+07  21.7% 18025 40382s
  1325  1158 1.6707e+07   67 2618 2.0000e+07 1.5666e+07  21.7% 18011 40425s
  1326  1159 1.6946e+07   77 2570 2.0000e+07 1.5666e+07  21.7% 17998 40454s
  1327  1160 1.6451e+07   44 2636 2.0000e+07 1.5666e+07  21.7% 17984 40475s
  1328  1160 1.6981e+07  101 2638 2.0000e+07 1.5666e+07  21.7% 17971 40498s
  1329  1161 1.8121e+07  126 2684 2.0000e+07 1.5666e+07  21.7% 17957 40525s
  1330  1162 1.9527e+07  198 2639 2.0000e+07 1.5666e+07  21.7% 17944 40543s
  1331  1162 1.6207e+07   81 2619 2.0000e+07 1.5666e+07  21.7% 17930 40679s
  1332  1163 1.8622e+07  151 2579 2.0000e+07 1.5666e+07  21.7% 17917 40758s
  1333  1164 1.5900e+07   19 2595 2.0000e+07 1.5670e+07  21.7% 17903 40804s
  1334  1164 1.6518e+07   38 2571 2.0000e+07 1.5671e+07  21.6% 17890 40830s
  1335  1165 1.6491e+07   52 2541 2.0000e+07 1.5671e+07  21.6% 17876 40922s
  1336  1166 1.6404e+07   38 2503 2.0000e+07 1.5672e+07  21.6% 17863 40935s
  1337  1166 1.9091e+07  163 2543 2.0000e+07 1.5672e+07  21.6% 17850 40952s
  1338  1167 1.6044e+07   19 2424 2.0000e+07 1.5680e+07  21.6% 17836 41028s
  1339  1168 1.6889e+07   79 2435 2.0000e+07 1.5683e+07  21.6% 17823 41117s
  1340  1168 1.9119e+07  174 2429 2.0000e+07 1.5684e+07  21.6% 17810 41165s
  1341  1169 1.6575e+07   64 2494 2.0000e+07 1.5684e+07  21.6% 17796 41179s
  1342  1170 1.7006e+07   80 2446 2.0000e+07 1.5685e+07  21.6% 17783 41193s
  1343  1170 1.5905e+07   11 2464 2.0000e+07 1.5687e+07  21.6% 17770 41242s
  1344  1171 1.8969e+07  191 2489 2.0000e+07 1.5687e+07  21.6% 17757 41262s
  1345  1172 1.6258e+07   54 2490 2.0000e+07 1.5688e+07  21.6% 17744 41279s
  1346  1172 1.6736e+07   60 2472 2.0000e+07 1.5688e+07  21.6% 17730 41300s
  1347  1173 1.8569e+07  147 2500 2.0000e+07 1.5688e+07  21.6% 17717 41314s
  1348  1174 1.9350e+07  185 2392 2.0000e+07 1.5690e+07  21.6% 17704 41362s
  1349  1174 1.6744e+07   65 2487 2.0000e+07 1.5690e+07  21.5% 17691 41383s
  1350  1175 1.7160e+07  128 2509 2.0000e+07 1.5691e+07  21.5% 17678 41400s
  1351  1176 1.6247e+07   34 2433 2.0000e+07 1.5691e+07  21.5% 17665 41479s
  1352  1176 1.8612e+07  159 2456 2.0000e+07 1.5693e+07  21.5% 17652 41524s
  1353  1177 1.6112e+07   15 2456 2.0000e+07 1.5693e+07  21.5% 17639 41539s
  1354  1178 1.6430e+07   45 2465 2.0000e+07 1.5694e+07  21.5% 17626 41554s
  1355  1178 1.8754e+07  176 2459 2.0000e+07 1.5695e+07  21.5% 17613 41599s
  1356  1179 1.6322e+07   40 2497 2.0000e+07 1.5695e+07  21.5% 17600 41624s
  1357  1180 1.6965e+07   86 2532 2.0000e+07 1.5696e+07  21.5% 17587 41644s
  1358  1180 1.6175e+07   68 2487 2.0000e+07 1.5696e+07  21.5% 17574 41666s
  1359  1181 1.8454e+07  145 2447 2.0000e+07 1.5697e+07  21.5% 17561 41705s
  1360  1182 1.6718e+07   53 2499 2.0000e+07 1.5697e+07  21.5% 17548 41722s
  1361  1182 1.8641e+07  166 2494 2.0000e+07 1.5698e+07  21.5% 17535 41775s
  1362  1183 1.5864e+07   14 2419 2.0000e+07 1.5698e+07  21.5% 17522 41862s
  1363  1184 1.6096e+07   39 2515 2.0000e+07 1.5699e+07  21.5% 17509 41889s
  1364  1184 1.8870e+07  154 2459 2.0000e+07 1.5699e+07  21.5% 17496 41926s
  1365  1185 1.8486e+07  156 2458 2.0000e+07 1.5699e+07  21.5% 17484 41991s
  1366  1186 1.6391e+07   42 2458 2.0000e+07 1.5699e+07  21.5% 17471 42113s
  1367  1189 1.5717e+07   14 2451 2.0000e+07 1.5699e+07  21.5% 18201 42298s
  1369  1193 1.5772e+07   15 2452 2.0000e+07 1.5717e+07  21.4% 18236 42620s
  1373  1195 1.5798e+07   16 2543 2.0000e+07 1.5750e+07  21.2% 18333 42838s
  1377  1198 1.5808e+07   16 2340 2.0000e+07 1.5750e+07  21.2% 18433 43035s
  1381  1201 1.5811e+07   17 2386 2.0000e+07 1.5750e+07  21.2% 18555 43165s
  1385  1203 1.5995e+07   17 2455 2.0000e+07 1.5750e+07  21.2% 18693 43811s
  1389  1206 1.5812e+07   18 2399 2.0000e+07 1.5750e+07  21.2% 18715 43900s
  1393  1210 1.5849e+07   18 2334 2.0000e+07 1.5750e+07  21.2% 18765 44241s
  1398  1213 1.5812e+07   19 2319 2.0000e+07 1.5750e+07  21.2% 18772 44608s
  1403  1216 1.5830e+07   20 2346 2.0000e+07 1.5750e+07  21.2% 18843 44851s
  1408  1220 1.5832e+07   20 2358 2.0000e+07 1.5750e+07  21.2% 18910 45139s
  1413  1223 1.5848e+07   21 2329 2.0000e+07 1.5750e+07  21.2% 18930 45375s
  1418  1226 1.5846e+07   21 2389 2.0000e+07 1.5750e+07  21.2% 19016 45598s
  1423  1231 1.5857e+07   22 2241 2.0000e+07 1.5750e+07  21.2% 19092 45724s
  1429  1235 1.5888e+07   22 2360 2.0000e+07 1.5750e+07  21.2% 19157 45998s
  1435  1238 1.5909e+07   23 2263 2.0000e+07 1.5750e+07  21.2% 19212 46367s
  1440  1242 1.5901e+07   23 2374 2.0000e+07 1.5750e+07  21.2% 19222 46754s
  1446  1247 1.6000e+07   24 2422 2.0000e+07 1.5750e+07  21.2% 19407 47146s
  1453  1252 1.5929e+07   25 2256 2.0000e+07 1.5750e+07  21.2% 19451 47443s
  1460  1256 1.5933e+07   26 2231 2.0000e+07 1.5750e+07  21.2% 19494 48138s
  1467  1262 1.6032e+07   27 2118 2.0000e+07 1.5750e+07  21.2% 19649 48443s
  1475  1264 1.6439e+07   28 2032 2.0000e+07 1.5750e+07  21.2% 19734 48910s
  1482  1269 1.6317e+07   29 2107 2.0000e+07 1.5750e+07  21.2% 19804 49270s
  1489  1272 1.6073e+07   29 2069 2.0000e+07 1.5750e+07  21.2% 19841 49614s
  1494  1280 1.6188e+07   30 2156 2.0000e+07 1.5750e+07  21.2% 19940 49945s
  1504  1290 1.6219e+07   31 2103 2.0000e+07 1.5750e+07  21.2% 20014 50522s
  1517  1296 1.6321e+07   33 2187 2.0000e+07 1.5750e+07  21.2% 20136 50896s
  1528  1305 1.6343e+07   34 2136 2.0000e+07 1.5750e+07  21.2% 20217 51300s
  1540  1316 1.6441e+07   35 2083 2.0000e+07 1.5750e+07  21.2% 20295 51708s
  1555  1323 1.6385e+07   36 2118 2.0000e+07 1.5750e+07  21.2% 20333 52175s
  1567  1332 1.6431e+07   37 2101 2.0000e+07 1.5750e+07  21.2% 20437 52594s
  1580  1336 1.6433e+07   38 2129 2.0000e+07 1.5750e+07  21.2% 20496 53030s
  1589  1347 1.6441e+07   39 2126 2.0000e+07 1.5750e+07  21.2% 20619 53502s
  1603  1360 1.6494e+07   40 2017 2.0000e+07 1.5750e+07  21.2% 20743 54141s
  1620  1371 1.6478e+07   42 2055 2.0000e+07 1.5750e+07  21.2% 20837 54680s
  1637  1381 1.6589e+07   43 2038 2.0000e+07 1.5750e+07  21.2% 20913 55243s
  1653  1394 1.6570e+07   45 1969 2.0000e+07 1.5750e+07  21.2% 20991 55905s
  1671  1407 1.6592e+07   47 2063 2.0000e+07 1.5750e+07  21.2% 21083 56643s
  1690  1423 1.6943e+07   49 1994 2.0000e+07 1.5750e+07  21.2% 21209 57310s
H 1710  1355                    1.998967e+07 1.5750e+07  21.2% 21228 57310s
  1712  1375 1.6896e+07   51 1959 1.9990e+07 1.5750e+07  21.2% 21258 58005s
  1733  1393 1.6896e+07   53 1948 1.9990e+07 1.5750e+07  21.2% 21337 58738s
H 1743  1333                    1.993427e+07 1.5750e+07  21.0% 21348 58738s
  1758  1351 1.7014e+07   56 1846 1.9934e+07 1.5750e+07  21.0% 21442 59426s
  1781  1366 1.6968e+07   58 1899 1.9934e+07 1.5750e+07  21.0% 21490 60156s
  1806  1384 1.7063e+07   61 1832 1.9934e+07 1.5750e+07  21.0% 21557 60831s
  1832  1409 1.7062e+07   63 1949 1.9934e+07 1.5750e+07  21.0% 21614 61578s
  1866  1433 1.7063e+07   67 1916 1.9934e+07 1.5750e+07  21.0% 21624 62379s
  1903  1461 1.7069e+07   71 1858 1.9934e+07 1.5750e+07  21.0% 21616 63217s
  1947  1482 1.7097e+07   74 1888 1.9934e+07 1.5750e+07  21.0% 21539 63990s
  1987  1515 1.7100e+07   77 1945 1.9934e+07 1.5750e+07  21.0% 21524 64923s
  2033  1557 1.7147e+07   80 1822 1.9934e+07 1.5750e+07  21.0% 21458 65944s
  2091  1602 1.7170e+07   84 1793 1.9934e+07 1.5750e+07  21.0% 21312 67133s
  2155  1630 1.7175e+07   90 1816 1.9934e+07 1.5750e+07  21.0% 21158 68088s
  2204  1655 1.7207e+07   94 1761 1.9934e+07 1.5750e+07  21.0% 21064 70010s
  2246  1726 1.7181e+07   98 1822 1.9934e+07 1.5750e+07  21.0% 21018 71306s
  2331  1790 1.7251e+07  105 1856 1.9934e+07 1.5750e+07  21.0% 20798 72495s
  2427  1873 1.7308e+07  109 1736 1.9934e+07 1.5750e+07  21.0% 20448 73566s
H 2494  1797                    1.974641e+07 1.5750e+07  20.2% 20260 73566s
  2548  1796 1.7309e+07  112 1758 1.9746e+07 1.5750e+07  20.2% 19929 74793s
H 2564  1738                    1.973779e+07 1.5750e+07  20.2% 19915 74793s
  2565  1869 1.7323e+07  119 1695 1.9738e+07 1.5750e+07  20.2% 19909 75929s
  2700  1947 1.7410e+07  124 1672 1.9738e+07 1.5750e+07  20.2% 19379 77228s
H 2864  1948                    1.973245e+07 1.5750e+07  20.2% 18695 77936s
  2980  2039 1.7338e+07  140 1690 1.9732e+07 1.5750e+07  20.2% 18456 78749s
H 3010  1983                    1.971276e+07 1.5750e+07  20.1% 18427 78749s
  3113  2071 1.7368e+07  147 1695 1.9713e+07 1.5750e+07  20.1% 18142 79725s
H 3155  1987                    1.956241e+07 1.5750e+07  19.5% 18120 79725s
  3244  2070 1.7386e+07  153 1691 1.9562e+07 1.5750e+07  19.5% 17814 80826s
  3397  2042 1.7395e+07  160 1704 1.9562e+07 1.5750e+07  19.5% 17380 82578s
H 3439  1947                    1.943618e+07 1.5750e+07  19.0% 17232 82578s
  3447  2039 1.7404e+07  160 1622 1.9436e+07 1.5750e+07  19.0% 17264 83666s
  3545  2101 1.7747e+07  171 1625 1.9436e+07 1.5750e+07  19.0% 17191 85403s
  3640  2176 1.7482e+07  178 1701 1.9436e+07 1.5750e+07  19.0% 17198 86398s

Cutting planes:
  Gomory: 6
  Implied bound: 861
  Projected implied bound: 122
  MIR: 1622
  Flow cover: 946
  Flow path: 5
  RLT: 640
  Relax-and-lift: 1771

Explored 3754 nodes (65255809 simplex iterations) in 86398.10 seconds (97613.34 work units)
Thread count was 4 (of 128 available processors)

Solution count 10: 1.94362e+07 1.94362e+07 1.95624e+07 ... 1.99998e+07

Time limit reached
Best objective 1.943618399214e+07, best bound 1.575045830410e+07, gap 18.9632%

Solving took 	23:59:58.101
####################################################################################################
####################################################################################################
####################################################################################################
Reached timelimit, but could find a feasible solution
####################################################################################################
Description                           Value
----------------------------  -------------
Objective (min)               19,436,183.99
Cost sailing                  15,278,586.03
Cost port visits               8,301,840.99
Cost transshipment (demands)   1,022,843.97
Cost transshipment (empties)      396,162.0
Penalty delayed demands         2,206,404.0
Revenue Empties                 7,769,653.0
Penalty rejected demands                0.0
Rejected demands (%)                    0.0
Omitted ports (%)                       0.0
Gap (%)                               18.96
####################################################################################################
Export solution
####################################################################################################
Overall time 	00:00:00.489

real	1440m1.752s
user	3961m44.851s
sys	0m44.565s
finished at Fri Mar 17 14:56:09 CET 2023
