cpu-bind=MASK - n2lcn0107, task  0  0 [1670964]: mask |----BBBB|--------||--------|--------||--------|--------||--------|--------||||--------|--------||--------|--------||--------|--------||--------|--------|  set
started at Fri Mar 17 12:18:50 CET 2023
Timecheck 9945313.536852276
Set parameter TokenServer to value "license3.uni-paderborn.de"
Warning: Gurobi version mismatch between Python 10.0.1 and C library 10.0.0
Timecheck 9945313.553393008
Timecheck 9945313.553603029
Timecheck 9945313.553634258
Timecheck 9945313.553656967


####################################################################################################
Solve scenario sce_3_26_2 with free vessel operation using the arc flow model
Vessels can omit ports, Demands cannot be rejected
####################################################################################################
Data preprocessing, load /upb/departments/pc2/groups/hpc-prf-winf4/dwetzel/SILSRP/inst_final/sce_3_26_2
and create additional sets and parameters
	|- Read vessel information, number of vessels:	5
	|- Read node information, number of nodes:		292
	|- Read arc information
		|- Number of sailing arcs:			895
		|- Number of transshipment arcs:	428
	|- Read container information
		|- Number of demands:		361
		|- Number of empties (+/-):	97/115
	|- Create additional sets and parameters

Data preprocessing took 	00:00:00.132
####################################################################################################
Create linear model
Set parameter Threads to value 4
	|- Create variables, took	00:00:00.075
	|- Create objective, took	00:00:00.080
	|- Create constraints, took	00:00:00.379
	|- Load heuristic start

Creating model took	00:00:00.559
####################################################################################################
Fix start solution

Set parameter TimeLimit to value 8.6371260103726760e+04
Gurobi Optimizer version 10.0.0 build v10.0.0rc2 (linux64)

CPU model: AMD EPYC 7763 64-Core Processor, instruction set [SSE2|AVX|AVX2]
Thread count: 128 physical cores, 128 logical processors, using up to 4 threads

Optimize a model with 9982 rows, 24337 columns and 90626 nonzeros
Model fingerprint: 0xff7600bb
Variable types: 19215 continuous, 5122 integer (5122 binary)
Coefficient statistics:
  Matrix range     [1e+00, 6e+06]
  Objective range  [1e+00, 1e+00]
  Bounds range     [1e+00, 7e+02]
  RHS range        [1e+00, 4e+08]
Found heuristic solution: objective 4.026206e+08
Presolve removed 9236 rows and 23062 columns
Presolve time: 0.05s
Presolved: 746 rows, 1275 columns, 3943 nonzeros
Found heuristic solution: objective 5.074895e+07
Variable types: 1019 continuous, 256 integer (255 binary)

Root relaxation: objective 9.286395e+06, 290 iterations, 0.00 seconds (0.00 work units)

    Nodes    |    Current Node    |     Objective Bounds      |     Work
 Expl Unexpl |  Obj  Depth IntInf | Incumbent    BestBd   Gap | It/Node Time

*    0     0               0    9286395.0000 9286395.00  0.00%     -    0s

Explored 1 nodes (290 simplex iterations) in 0.06 seconds (0.05 work units)
Thread count was 4 (of 128 available processors)

Solution count 3: 9.2864e+06 5.0749e+07 4.02621e+08 

Optimal solution found (tolerance 1.00e-04)
Best objective 9.286395000000e+06, best bound 9.286395000000e+06, gap 0.0000%

Fixing start solution took	00:00:00.644
####################################################################################################
####################################################################################################
Solve optimization model

Set parameter TimeLimit to value 8.6371185262424871e+04
Gurobi Optimizer version 10.0.0 build v10.0.0rc2 (linux64)

CPU model: AMD EPYC 7763 64-Core Processor, instruction set [SSE2|AVX|AVX2]
Thread count: 128 physical cores, 128 logical processors, using up to 4 threads

Optimize a model with 9744 rows, 24337 columns and 90388 nonzeros
Model fingerprint: 0xe54ff087
Variable types: 19215 continuous, 5122 integer (5122 binary)
Coefficient statistics:
  Matrix range     [1e+00, 6e+06]
  Objective range  [1e+00, 1e+00]
  Bounds range     [1e+00, 7e+02]
  RHS range        [1e+00, 4e+08]

MIP start from previous solve produced solution with objective 9.2864e+06 (0.04s)
Loaded MIP start from previous solve with objective 9.2864e+06

Presolve removed 2009 rows and 2059 columns
Presolve time: 0.16s
Presolved: 7735 rows, 22278 columns, 69611 nonzeros
Variable types: 17807 continuous, 4471 integer (4471 binary)

Root relaxation: objective 7.175159e+06, 23178 iterations, 3.18 seconds (3.04 work units)

    Nodes    |    Current Node    |     Objective Bounds      |     Work
 Expl Unexpl |  Obj  Depth IntInf | Incumbent    BestBd   Gap | It/Node Time

     0     0 7175159.36    0  978 9286395.00 7175159.36  22.7%     -    3s
     0     0 7175499.57    0 1012 9286395.00 7175499.57  22.7%     -    3s
     0     0 7175499.57    0 1011 9286395.00 7175499.57  22.7%     -    3s
     0     0 7175970.73    0 1031 9286395.00 7175970.73  22.7%     -    3s
     0     0 7670947.30    0 1150 9286395.00 7670947.30  17.4%     -   11s
     0     0 7670947.30    0 1149 9286395.00 7670947.30  17.4%     -   11s
     0     0 7670947.30    0 1150 9286395.00 7670947.30  17.4%     -   11s
     0     0 7707738.07    0 1142 9286395.00 7707738.07  17.0%     -   13s
     0     0 7712082.97    0 1180 9286395.00 7712082.97  17.0%     -   15s
     0     0 7712082.97    0 1178 9286395.00 7712082.97  17.0%     -   16s
     0     0 7712082.97    0 1186 9286395.00 7712082.97  17.0%     -   16s
H    0     0                    9246000.0000 7883983.62  14.7%     -   32s
H    0     0                    9160596.0000 7883983.62  13.9%     -   32s
     0     0 7883983.62    0 1198 9160596.00 7883983.62  13.9%     -   34s
     0     0 7883983.62    0 1198 9160596.00 7883983.62  13.9%     -   34s
     0     0 7883983.62    0 1200 9160596.00 7883983.62  13.9%     -   34s
     0     0 7883983.62    0 1203 9160596.00 7883983.62  13.9%     -   34s
     0     0 7884077.51    0 1214 9160596.00 7884077.51  13.9%     -   35s
     0     0 7935316.15    0 1273 9160596.00 7935316.15  13.4%     -   48s
H    0     0                    9120619.0000 7946428.71  12.9%     -   56s
     0     0 7946428.71    0 1290 9120619.00 7946428.71  12.9%     -   56s
     0     0 7948027.79    0 1285 9120619.00 7948027.79  12.9%     -   59s
     0     0 7948549.60    0 1286 9120619.00 7948549.60  12.9%     -   60s
     0     0 7948639.07    0 1278 9120619.00 7948639.07  12.8%     -   62s
     0     0 7948639.07    0 1278 9120619.00 7948639.07  12.8%     -   66s
     0     0 8027316.82    0 1274 9120619.00 8027316.82  12.0%     -   83s
     0     0 8027316.82    0 1252 9120619.00 8027316.82  12.0%     -   88s
     0     0 8027316.82    0 1252 9120619.00 8027316.82  12.0%     -   88s
     0     0 8027319.02    0 1241 9120619.00 8027319.02  12.0%     -   88s
     0     0 8051707.50    0 1262 9120619.00 8051707.50  11.7%     -   99s
     0     0 8066046.61    0 1282 9120619.00 8066046.61  11.6%     -  108s
     0     0 8069545.71    0 1285 9120619.00 8069545.71  11.5%     -  114s
     0     0 8070821.72    0 1299 9120619.00 8070821.72  11.5%     -  119s
     0     0 8070821.72    0 1296 9120619.00 8070821.72  11.5%     -  125s
     0     0 8071121.99    0 1316 9120619.00 8071121.99  11.5%     -  128s
     0     0 8071121.99    0 1303 9120619.00 8071121.99  11.5%     -  133s
     0     0 8129872.60    0 1287 9120619.00 8129872.60  10.9%     -  158s
     0     0 8129872.60    0 1289 9120619.00 8129872.60  10.9%     -  158s
     0     0 8130160.41    0 1297 9120619.00 8130160.41  10.9%     -  159s
     0     0 8130160.41    0 1300 9120619.00 8130160.41  10.9%     -  159s
     0     0 8132475.27    0 1274 9120619.00 8132475.27  10.8%     -  162s
     0     0 8161336.08    0 1272 9120619.00 8161336.08  10.5%     -  179s
     0     0 8167744.87    0 1284 9120619.00 8167744.87  10.4%     -  190s
     0     0 8170051.53    0 1290 9120619.00 8170051.53  10.4%     -  195s
     0     0 8171384.60    0 1320 9120619.00 8171384.60  10.4%     -  199s
     0     0 8171853.50    0 1317 9120619.00 8171853.50  10.4%     -  202s
     0     0 8171936.97    0 1303 9120619.00 8171936.97  10.4%     -  203s
     0     0 8192626.74    0 1223 9120619.00 8192626.74  10.2%     -  217s
     0     0 8206454.84    0 1255 9120619.00 8206454.84  10.0%     -  231s
     0     0 8214035.37    0 1309 9120619.00 8214035.37  9.94%     -  238s
     0     0 8216148.73    0 1257 9120619.00 8216148.73  9.92%     -  243s
     0     0 8216740.92    0 1246 9120619.00 8216740.92  9.91%     -  246s
     0     0 8216740.92    0 1211 9120619.00 8216740.92  9.91%     -  253s
     0     0 8217601.18    0 1251 9120619.00 8217601.18  9.90%     -  257s
     0     0 8218061.37    0 1232 9120619.00 8218061.37  9.90%     -  259s
     0     0 8242977.81    0 1233 9120619.00 8242977.81  9.62%     -  272s
     0     0 8242977.81    0 1230 9120619.00 8242977.81  9.62%     -  276s
     0     0 8247329.40    0 1214 9120619.00 8247329.40  9.57%     -  284s
     0     0 8249286.78    0 1259 9120619.00 8249286.78  9.55%     -  291s
     0     0 8250278.96    0 1303 9120619.00 8250278.96  9.54%     -  296s
     0     0 8250564.41    0 1298 9120619.00 8250564.41  9.54%     -  299s
     0     0 8258650.83    0 1281 9120619.00 8258650.83  9.45%     -  314s
     0     0 8258650.83    0 1293 9120619.00 8258650.83  9.45%     -  323s
     0     0 8265273.88    0 1290 9120619.00 8265273.88  9.38%     -  336s
     0     0 8270257.84    0 1282 9120619.00 8270257.84  9.32%     -  343s
     0     0 8270257.84    0 1256 9120619.00 8270257.84  9.32%     -  348s
     0     0 8276510.94    0 1248 9120619.00 8276510.94  9.25%     -  358s
     0     0 8278105.72    0 1249 9120619.00 8278105.72  9.24%     -  362s
     0     0 8279139.67    0 1257 9120619.00 8279139.67  9.23%     -  367s
     0     0 8279402.21    0 1289 9120619.00 8279402.21  9.22%     -  370s
     0     0 8290835.51    0 1239 9120619.00 8290835.51  9.10%     -  391s
     0     0 8299059.32    0 1216 9120619.00 8299059.32  9.01%     -  402s
     0     0 8299059.32    0 1239 9120619.00 8299059.32  9.01%     -  402s
     0     0 8301036.09    0 1248 9120619.00 8301036.09  8.99%     -  406s
     0     0 8302230.08    0 1264 9120619.00 8302230.08  8.97%     -  409s
     0     0 8302230.08    0 1259 9120619.00 8302230.08  8.97%     -  413s
     0     0 8302838.15    0 1261 9120619.00 8302838.15  8.97%     -  415s
     0     0 8302838.15    0 1235 9120619.00 8302838.15  8.97%     -  421s
     0     0 8315128.12    0 1216 9120619.00 8315128.12  8.83%     -  447s
     0     0 8317908.07    0 1262 9120619.00 8317908.07  8.80%     -  452s
     0     0 8319732.83    0 1269 9120619.00 8319732.83  8.78%     -  459s
     0     0 8320211.45    0 1240 9120619.00 8320211.45  8.78%     -  462s
     0     0 8324415.20    0 1161 9120619.00 8324415.20  8.73%     -  470s
     0     0 8326449.90    0 1163 9120619.00 8326449.90  8.71%     -  475s
     0     0 8328195.75    0 1209 9120619.00 8328195.75  8.69%     -  479s
     0     0 8328195.75    0 1185 9120619.00 8328195.75  8.69%     -  486s
     0     0 8328620.17    0 1156 9120619.00 8328620.17  8.68%     -  489s
     0     0 8330598.73    0 1185 9120619.00 8330598.73  8.66%     -  497s
     0     0 8330598.73    0 1185 9120619.00 8330598.73  8.66%     -  497s
     0     2 8330604.89    0 1176 9120619.00 8330604.89  8.66%     -  527s
     3     8 8332120.20    2 1163 9120619.00 8330604.89  8.66%  2377  551s
     7    12 8369042.14    3 1168 9120619.00 8332121.49  8.65%  8994  576s
    11    16 8341851.76    3 1224 9120619.00 8332121.52  8.65% 11345  591s
    15    20 8351028.50    4 1229 9120619.00 8341399.76  8.54% 11108  598s
    19    24 8357450.75    4 1138 9120619.00 8341530.51  8.54% 10342  604s
    23    28 8358318.70    5 1148 9120619.00 8350090.61  8.45%  9486  613s
    27    32 8367637.51    5 1224 9120619.00 8350091.08  8.45%  8758  627s
    31    36 8369405.46    6 1182 9120619.00 8357082.00  8.37%  7967  637s
    35    43 8358389.66    6 1139 9120619.00 8357082.00  8.37%  7698  653s
    42    49 8359164.31    7 1081 9120619.00 8357082.00  8.37%  7539  678s
    48    58 8361792.33    8 1093 9120619.00 8357082.00  8.37%  7265  688s
    57    66 8385946.78    9 1116 9120619.00 8357082.00  8.37%  6514  696s
    65    70 8383844.77   10 1118 9120619.00 8357082.00  8.37%  6075  722s
    69    78 8395100.31   11 1078 9120619.00 8357082.00  8.37%  6209  735s
    77    85 8399686.55   13 1070 9120619.00 8357082.00  8.37%  5828  758s
    84    95 8432258.86   16 1061 9120619.00 8357082.00  8.37%  5820  767s
    94   104 8413566.74   17 1111 9120619.00 8357082.00  8.37%  5456  778s
   103   114 8420950.47   18 1107 9120619.00 8357082.00  8.37%  5189  786s
   113   124 8474194.35   20 1082 9120619.00 8357082.00  8.37%  4948  814s
   123   139 8426519.16   22 1055 9120619.00 8357082.00  8.37%  4831  821s
   138   149 8477014.42   25 1028 9120619.00 8357082.00  8.37%  4483  842s
   148   167 8479581.08   26 1055 9120619.00 8357082.00  8.37%  4384  856s
   166   179 8449984.04   31  999 9120619.00 8357082.00  8.37%  4060  865s
   178   191 8456306.90   33 1061 9120619.00 8357082.00  8.37%  3935  876s
   190   203 8670964.11   34  999 9120619.00 8357082.00  8.37%  3885  886s
   202   214 8496966.18   37  989 9120619.00 8357082.00  8.37%  3784  899s
   213   228 8468087.84   39  996 9120619.00 8357082.00  8.37%  3710  911s
   227   246 8620224.11   41  987 9120619.00 8357082.00  8.37%  3631  924s
   245   266 8520999.64   44  992 9120619.00 8357082.00  8.37%  3496  939s
   265   285 8500868.29   46 1036 9120619.00 8357082.00  8.37%  3365  957s
   284   294 8526343.58   50 1021 9120619.00 8357082.00  8.37%  3291  974s
   293   309 8563633.49   51 1012 9120619.00 8357082.00  8.37%  3267  990s
   312   340 8551605.37   56  990 9120619.00 8357082.00  8.37%  3182 1012s
   343   387 8708704.59   60  966 9120619.00 8357082.00  8.37%  3021 1024s
   390   426 8775076.24   64  905 9120619.00 8357082.00  8.37%  2763 1041s
   430   470 8738377.84   71  929 9120619.00 8357082.00  8.37%  2610 1056s
   476   501 8732242.53   75  905 9120619.00 8357082.00  8.37%  2432 1077s
   509   528 8732286.82   89  881 9120619.00 8357082.00  8.37%  2352 1097s
   540   562 8736932.44  106  792 9120619.00 8357082.00  8.37%  2304 1115s
   580   584 8804653.03  112  766 9120619.00 8357082.00  8.37%  2255 1136s
   602   624 8760573.18  114  768 9120619.00 8357082.00  8.37%  2330 1154s
   642   662 infeasible  122      9120619.00 8357082.00  8.37%  2300 1175s
   684   672 8762922.17  127  727 9120619.00 8357082.00  8.37%  2251 1198s
   696   757 8762922.17  128  733 9120619.00 8357082.00  8.37%  2261 1213s
   781   826 8763894.95  155  724 9120619.00 8357082.00  8.37%  2090 1230s
   850   846 8786051.89  169  718 9120619.00 8357082.00  8.37%  1989 1268s
   874   898 8867198.26  172  716 9120619.00 8357082.00  8.37%  1961 1287s
   928   927 8878890.34  192  723 9120619.00 8357082.00  8.37%  1913 1328s
   959   943 8878890.34  193  709 9120619.00 8357082.00  8.37%  1883 1360s
   982  1029 9116787.19  197  718 9120619.00 8357082.00  8.37%  1879 1382s
  1084  1082 8551645.83   20  996 9120619.00 8357082.00  8.37%  1780 1456s
  1139  1115 8577160.66   25  973 9120619.00 8357082.00  8.37%  1821 1476s
  1172  1151 8621284.26   28  962 9120619.00 8357082.00  8.37%  1891 1501s
  1213  1201 8601638.86   35  937 9120619.00 8357082.00  8.37%  1948 1539s
  1275  1257 8741059.37   48  880 9120619.00 8357082.00  8.37%  1966 1565s
  1333  1297 8713118.28   63  816 9120619.00 8357082.00  8.37%  1980 1666s
  1373  1338 8675182.84   66  878 9120619.00 8357082.00  8.37%  2115 1718s
  1414  1391 8677655.98   80  848 9120619.00 8357082.00  8.37%  2105 1761s
  1479  1460 8702420.52   82  854 9120619.00 8357082.00  8.37%  2119 1810s
  1556  1520 8736913.45   86  851 9120619.00 8357082.00  8.37%  2088 1850s
  1636  1549 infeasible   88      9120619.00 8357501.33  8.37%  2066 1903s
  1672  1550 8963170.75   79 1185 9120619.00 8357501.33  8.37%  2108 1996s
  1674  1551 9082233.34   89  995 9120619.00 8357501.33  8.37%  2106 2006s
  1675  1552 8496745.64   16 1158 9120619.00 8357501.33  8.37%  2104 2019s
  1676  1553 8366436.49    6 1216 9120619.00 8357501.33  8.37%  2103 2030s
  1677  1553 8566225.97   16 1197 9120619.00 8357501.33  8.37%  2102 2050s
  1678  1554 8724135.96  260 1231 9120619.00 8357501.33  8.37%  2101 2075s
  1679  1555 9117374.98  221 1264 9120619.00 8357501.33  8.37%  2099 2089s
  1680  1555 8696863.80  153 1218 9120619.00 8357501.33  8.37%  2098 2102s
  1681  1556 8657081.73  263 1218 9120619.00 8357501.33  8.37%  2097 2118s
  1682  1557 8463715.64   22 1209 9120619.00 8357501.33  8.37%  2096 2136s
  1683  1557 8654397.55   43 1225 9120619.00 8357501.33  8.37%  2094 2148s
  1684  1558 8760599.05  121 1213 9120619.00 8357501.33  8.37%  2093 2157s
  1685  1559 8700278.87   83 1225 9120619.00 8357501.33  8.37%  2092 2164s
  1686  1559 8481983.16   52 1232 9120619.00 8357501.33  8.37%  2091 2170s
  1687  1560 8779991.03  364 1225 9120619.00 8357501.33  8.37%  2090 2176s
  1688  1561 8395939.44   10 1197 9120619.00 8357501.33  8.37%  2088 2181s
  1690  1562 8518816.50    4 1201 9120619.00 8357501.33  8.37%  2086 2186s
  1692  1563 8692254.34  140 1189 9120619.00 8357501.33  8.37%  2083 2192s
  1693  1564 8719323.49  252 1168 9120619.00 8358285.54  8.36%  2082 2215s
  1694  1565 8861639.15   43 1156 9120619.00 8362943.36  8.31%  2081 2223s
  1695  1565 8602468.97   42 1121 9120619.00 8364160.72  8.29%  2080 2226s
  1697  1567 8695510.31  164 1181 9120619.00 8365297.82  8.28%  2077 2231s
  1699  1568 8764358.28   34 1175 9120619.00 8365560.04  8.28%  2075 2236s
  1700  1569 8696922.59  147 1170 9120619.00 8372359.19  8.20%  2074 2245s
  1701  1569 8645500.12  196 1165 9120619.00 8375128.22  8.17%  2072 2251s
  1702  1570 8959581.82   92 1162 9120619.00 8376334.43  8.16%  2071 2258s
  1703  1571 8763084.32  144 1162 9120619.00 8376635.76  8.16%  2070 2261s
  1705  1572 8418206.79   30 1170 9120619.00 8381683.18  8.10%  2067 2281s
  1706  1573 8656988.22  138 1140 9120619.00 8384240.27  8.07%  2066 2287s
  1707  1573 8646929.03  230 1147 9120619.00 8384638.49  8.07%  2065 2290s
  1710  1575 9117103.43  232 1097 9120619.00 8385977.91  8.05%  2061 2300s
  1712  1577 8406166.52   27 1088 9120619.00 8386571.55  8.05%  2059 2305s
  1714  1578 8465377.43   37 1094 9120619.00 8387079.21  8.04%  2057 2311s
  1716  1579 8964960.63   84 1074 9120619.00 8387265.03  8.04%  2054 2317s
  1717  1580 8708174.82   60 1103 9120619.00 8387307.27  8.04%  2053 2320s
  1720  1582 8871552.58   63 1164 9120619.00 8387516.32  8.04%  2049 2327s
  1721  1583 8397869.51   23 1114 9120619.00 8387592.00  8.04%  2048 2330s
  1723  1584 8645206.19  207 1101 9120619.00 8387631.09  8.04%  2046 2342s
  1724  1585 8642877.93  194 1101 9120619.00 8387631.09  8.04%  2045 2350s
  1725  1588 8413915.80   14 1148 9120619.00 8387646.65  8.04%  2274 2361s
  1727  1592 8434435.67   15 1122 9120619.00 8395199.46  7.95%  2278 2383s
  1731  1594 8437563.86   16 1127 9120619.00 8396897.24  7.94%  2282 2391s
  1735  1597 8441181.41   16 1039 9120619.00 8396898.82  7.93%  2291 2399s
  1739  1600 8444340.76   17 1132 9120619.00 8400653.00  7.89%  2303 2404s
  1743  1602 8509138.24   17 1084 9120619.00 8400653.00  7.89%  2322 2411s
  1747  1606 8444340.76   18 1135 9120619.00 8409569.91  7.80%  2326 2423s
  1752  1608 8498850.14   18 1109 9120619.00 8409569.91  7.80%  2339 2426s
  1757  1613 8487029.01   19 1118 9120619.00 8409569.91  7.80%  2340 2433s
  1763  1616 8450644.32   19 1172 9120619.00 8409569.91  7.80%  2349 2442s
  1768  1620 8570959.01   20 1127 9120619.00 8409569.91  7.80%  2361 2454s
  1774  1626 8495131.69   20 1079 9120619.00 8409569.91  7.80%  2370 2461s
  1782  1629 8495131.69   21 1077 9120619.00 8409569.91  7.80%  2368 2475s
  1788  1632 8544686.29   22 1092 9120619.00 8409569.91  7.80%  2386 2480s
  1793  1637 8537516.85   23 1062 9120619.00 8409569.91  7.80%  2393 2490s
  1799  1642 8505773.59   23 1088 9120619.00 8409569.91  7.80%  2403 2495s
  1806  1643 8528212.87   24 1106 9120619.00 8409569.91  7.80%  2411 2508s
  1810  1651 8515644.13   25 1124 9120619.00 8409569.91  7.80%  2422 2514s
  1819  1656 8519392.90   26 1092 9120619.00 8409569.91  7.80%  2428 2521s
  1827  1663 8519392.90   27 1091 9120619.00 8409569.91  7.80%  2431 2528s
  1837  1666 8519392.90   28 1082 9120619.00 8409569.91  7.80%  2435 2538s
  1843  1674 8519392.90   29 1090 9120619.00 8409569.91  7.80%  2451 2545s
  1853  1677 8524156.55   30 1077 9120619.00 8409569.91  7.80%  2455 2560s
  1859  1685 8524156.55   31 1067 9120619.00 8409569.91  7.80%  2469 2581s
  1869  1695 8524156.55   32 1059 9120619.00 8409569.91  7.80%  2481 2595s
  1883  1702 8524226.76   33 1049 9120619.00 8409569.91  7.80%  2487 2611s
  1894  1710 8527222.08   34 1050 9120619.00 8409569.91  7.80%  2494 2619s
  1906  1724 8527222.08   35 1079 9120619.00 8409569.91  7.80%  2499 2634s
  1924  1722 8531052.19   37 1076 9120619.00 8409569.91  7.80%  2512 2651s
  1932  1729 8531957.68   38 1043 9120619.00 8409569.91  7.80%  2533 2662s
  1946  1735 8553796.72   39 1043 9120619.00 8409569.91  7.80%  2547 2678s
  1956  1747 8553796.72   41 1023 9120619.00 8409569.91  7.80%  2563 2693s
  1972  1758 8553797.45   42 1020 9120619.00 8409569.91  7.80%  2569 2713s
  1988  1771 8563521.42   43 1052 9120619.00 8409569.91  7.80%  2584 2742s
  2006  1779 8577668.04   44 1001 9120619.00 8409569.91  7.80%  2599 2763s
  2020  1789 8586664.64   46  999 9120619.00 8409569.91  7.80%  2622 2777s
  2035  1798 8597098.64   47 1032 9120619.00 8409569.91  7.80%  2632 2798s
  2049  1805 8614749.90   48 1039 9120619.00 8409569.91  7.80%  2652 2812s
  2061  1821 8616632.98   49 1021 9120619.00 8409569.91  7.80%  2667 2836s
  2081  1825 8619877.53   51  957 9120619.00 8409569.91  7.80%  2690 2855s
  2097  1838 8642712.10   52 1003 9120619.00 8409569.91  7.80%  2718 2877s
  2120  1844 8645554.12   56  998 9120619.00 8409569.91  7.80%  2724 2903s
  2135  1854 8647240.25   58  993 9120619.00 8409569.91  7.80%  2751 2927s
  2150  1875 8706546.86   59  969 9120619.00 8409569.91  7.80%  2781 2947s
  2178  1887 8647457.37   62 1023 9120619.00 8409569.91  7.80%  2791 2972s
  2206  1911 8647994.66   64  985 9120619.00 8409569.91  7.80%  2808 2995s
  2241  1926 8648022.57   66  960 9120619.00 8409569.91  7.80%  2818 3032s
  2274  1942 8648455.81   69  964 9120619.00 8409569.91  7.80%  2836 3055s
  2301  1950 8657103.20   72  986 9120619.00 8409569.91  7.80%  2855 3152s
  2318  1997 8665347.61   76  946 9120619.00 8409569.91  7.80%  2868 3193s
  2372  1991 8665686.95   79  929 9120619.00 8409569.91  7.80%  2865 3345s
  2384  2037 8665686.95   81  944 9120619.00 8409569.91  7.80%  2874 3404s
  2434  2069 8665686.95   87  955 9120619.00 8409569.91  7.80%  2874 3468s
  2483  2084 8669919.74   92  935 9120619.00 8409569.91  7.80%  2888 3524s
  2514  2106 8697513.30   98  968 9120619.00 8409569.91  7.80%  2927 3570s
  2551  2148 8698830.73  101  962 9120619.00 8409569.91  7.80%  2936 3617s
  2605  2165 9061822.83  104  952 9120619.00 8409569.91  7.80%  2921 3691s
  2643  2200 8703709.41  110  931 9120619.00 8409569.91  7.80%  2959 3748s
  2697  2217 8881359.80  118  920 9120619.00 8409569.91  7.80%  2983 3808s
  2734  2243 8844281.12  123  939 9120619.00 8409569.91  7.80%  3016 3873s
  2776  2260 8951051.04  128  869 9120619.00 8409569.91  7.80%  3055 3944s
  2809  2286 8851194.51  134  899 9120619.00 8409569.91  7.80%  3078 4020s
  2854  2316 8871886.67  140  885 9120619.00 8409569.91  7.80%  3117 4101s
  2918  2317 8876879.19  146  946 9120619.00 8409569.91  7.80%  3146 4188s
  2973  2370 8877828.87  151  921 9120619.00 8409569.91  7.80%  3186 4276s
  3055  2378 8878275.52  156  942 9120619.00 8409569.91  7.80%  3188 4592s
H 3101  2242                    8990387.0000 8409569.91  6.46%  3208 4592s
  3114  2220     cutoff  164      8990387.00 8409872.61  6.46%  3224 4893s
H 3128  2101                    8945966.0000 8409872.61  5.99%  3226 4893s
  3146  2144 8487550.87   27 1033 8945966.00 8409872.61  5.99%  3231 4946s
  3203  2181 8561971.10   41  998 8945966.00 8409872.61  5.99%  3253 5015s
  3275  2190 8729961.25   51  965 8945966.00 8409872.61  5.99%  3288 5080s
  3358  2206     cutoff   68      8945966.00 8418770.08  5.89%  3317 5151s
  3436  2260 8497913.03   22 1051 8945966.00 8418770.08  5.89%  3345 5213s
  3538  2277 8546973.87   28 1028 8945966.00 8418770.08  5.89%  3352 5289s
  3619  2291 8595962.96   45 1020 8945966.00 8418770.08  5.89%  3391 5376s
  3694  2328 8677798.53   51  965 8945966.00 8418770.08  5.89%  3434 5507s
  3782  2373 8753482.14   68  971 8945966.00 8418770.08  5.89%  3471 5652s
  3898  2380 8791427.03   75  885 8945966.00 8418770.08  5.89%  3481 5739s
  3984  2417 infeasible   90      8945966.00 8428769.26  5.78%  3519 5853s
  4062  2493 8504557.76   25 1066 8945966.00 8428769.26  5.78%  3535 5941s
  4182  2551 8544552.74   34 1062 8945966.00 8428769.26  5.78%  3543 6032s
  4288  2596 8559661.87   42 1014 8945966.00 8428769.26  5.78%  3551 6188s
  4394  2653 8583038.87   54  961 8945966.00 8428769.26  5.78%  3583 6288s
  4514  2680 8591174.77   65  948 8945966.00 8428769.26  5.78%  3604 6395s
  4604  2711 8605108.10   75  899 8945966.00 8428769.26  5.78%  3653 6512s
  4697  2762 8700751.80   88  826 8945966.00 8428769.26  5.78%  3701 6632s
  4810  2821 8752403.43  105  816 8945966.00 8428769.26  5.78%  3741 6753s
  4935  2858 8868483.78  117  786 8945966.00 8435646.54  5.70%  3767 6872s
  5078  2907 8493745.37   28 1072 8945966.00 8435688.34  5.70%  3790 6994s
  5190  3011 8625643.70   40 1045 8945966.00 8435688.34  5.70%  3833 7121s
  5342  3074 8729258.76   51 1025 8945966.00 8435812.12  5.70%  3852 7260s
  5506  3174 8460272.25   23 1026 8945966.00 8435812.12  5.70%  3881 7398s
  5696  3215 8643152.69   38  901 8945966.00 8435812.12  5.70%  3893 7539s
  5854  3277 8855138.69   56  851 8945966.00 8441761.83  5.64%  3928 7697s
  6007  3371 8525909.15   19 1041 8945966.00 8442514.72  5.63%  3969 7846s
  6152  3552 8700107.77   34  931 8945966.00 8442514.72  5.63%  3998 8030s
  6363  3825 8839197.80   58  884 8945966.00 8442826.66  5.62%  4013 8198s
  6661  4057 8887923.34   24 1024 8945966.00 8443169.06  5.62%  3981 8379s
  6954  4195 8551774.74   31  990 8945966.00 8443488.00  5.62%  3960 8551s
  7127  4373 8614127.57   31 1026 8945966.00 8444017.20  5.61%  3989 8759s
  7357  4541 8506720.56   55  949 8945966.00 8444734.87  5.60%  4016 8962s
  7583  4727 8882015.27   78  762 8945966.00 8445412.34  5.60%  4052 9182s
  7856  4864     cutoff   61      8945966.00 8448411.45  5.56%  4065 9393s
  8095  4985 8648295.66   46 1052 8945966.00 8449159.33  5.55%  4084 10437s
  8258  5118 8521918.20   31  970 8945966.00 8449353.48  5.55%  4099 10668s
  8404  5372 8848605.50   58  731 8945966.00 8449715.44  5.55%  4119 10918s
  8699  5580 8935646.57   97  634 8945966.00 8449715.44  5.55%  4145 11268s
  8953  5774 8788870.83   40 1028 8945966.00 8450061.62  5.54%  4193 11542s
  9186  5923 8594010.35   25 1016 8945966.00 8450151.09  5.54%  4240 12050s
  9407  6335 8534881.00   34  971 8945966.00 8450604.03  5.54%  4299 12346s
  9897  6551     cutoff   52      8945966.00 8453847.37  5.50%  4250 12655s
 10198  6793 8683409.02   46  970 8945966.00 8455578.85  5.48%  4271 12958s
 10515  7266 8620250.64   69  957 8945966.00 8456089.35  5.48%  4299 13299s
 11041  7440 8861789.98  154  605 8945966.00 8456298.33  5.47%  4289 13550s
 11389  7585 8541487.71   22 1063 8945966.00 8456578.26  5.47%  4296 13820s
 11639  7838 8751534.21   45  992 8945966.00 8458121.53  5.45%  4328 14217s
 11970  8069 8936224.08   49  971 8945966.00 8459129.10  5.44%  4349 14588s
 12294  8354 8721366.15   87  876 8945966.00 8459535.98  5.44%  4373 15018s
 12703  8745 8885764.97   38  992 8945966.00 8462275.66  5.41%  4383 15360s
 13212  9113 8769015.96   33  950 8945966.00 8464785.84  5.38%  4358 15779s
 13684  9638 8637163.63   53  813 8945966.00 8465298.19  5.37%  4340 16245s
 14261 10041 8744980.94   63  736 8945966.00 8465872.88  5.37%  4283 16592s
 14734 10363 8610300.44   42 1003 8945966.00 8466186.40  5.36%  4264 16884s
 15159 10496 8922186.39   68  810 8945966.00 8467057.17  5.35%  4249 17189s
 15413 10715     cutoff   44      8945966.00 8469105.73  5.33%  4282 17508s
 15719 11061 8659938.52   36 1029 8945966.00 8470480.06  5.32%  4304 18006s
 16107 11065     cutoff  103      8945966.00 8470480.06  5.32%  4306 18351s
 16119 11337 8929277.34  105  911 8945966.00 8470590.36  5.31%  4308 18748s
 16514 11546     cutoff   68      8945966.00 8471809.56  5.30%  4306 19074s
 16802 11804 8591800.03   34  937 8945966.00 8473816.17  5.28%  4331 19394s
 17147 12014 8862049.51   33  815 8945966.00 8474630.48  5.27%  4345 19714s
 17477 12225 8943098.31   45  919 8945966.00 8474961.55  5.26%  4364 20049s
 17562 12225 8513391.05   30  965 8945966.00 8475098.49  5.26%  4370 20050s
 17792 12490 8610955.19   26 1009 8945966.00 8475397.25  5.26%  4386 20379s
 18152 12653 8597607.94   50  981 8945966.00 8475992.94  5.25%  4403 20733s
 18471 12865 8555383.24   26 1087 8945966.00 8477172.70  5.24%  4430 21076s
 18813 13065     cutoff   46      8945966.00 8478253.24  5.23%  4448 21420s
 19137 13323 8588017.34   27 1010 8945966.00 8478970.97  5.22%  4467 21765s
 19527 13550 8551281.64   20 1089 8945966.00 8480379.50  5.20%  4475 22105s
 19844 13792     cutoff   32      8945966.00 8480808.26  5.20%  4497 22457s
 20212 14039 infeasible   57      8945966.00 8481398.31  5.19%  4517 22795s
 20551 14308 8506562.25   26 1089 8945966.00 8482354.61  5.18%  4530 23148s
 20947 14309 8637163.63   54 1185 8945966.00 8482741.20  5.18%  4537 24571s
 20949 14310 8498085.45   42  957 8945966.00 8482741.20  5.18%  4536 24579s
 20950 14311 8716319.90  129 1211 8945966.00 8482741.20  5.18%  4536 24600s
 20951 14312 8615345.58   68 1289 8945966.00 8482741.20  5.18%  4536 24625s
 20952 14312 8919910.51   64 1246 8945966.00 8482741.20  5.18%  4536 24662s
 20953 14313 8747823.40   54 1233 8945966.00 8482741.20  5.18%  4536 24686s
 20954 14314 8520694.55   34 1261 8945966.00 8482741.20  5.18%  4535 24714s
 20955 14314 8610402.54   55 1269 8945966.00 8482741.20  5.18%  4535 24741s
 20956 14315 8820370.20  171 1236 8945966.00 8482741.20  5.18%  4535 24765s
 20957 14316 8926121.52   41 1175 8945966.00 8482741.20  5.18%  4535 24780s
 20958 14316 8884056.41   56 1212 8945966.00 8482741.20  5.18%  4535 24795s
 20959 14317 8842198.80  221 1118 8945966.00 8482741.20  5.18%  4534 24805s
 20960 14318 8565557.18   30 1199 8945966.00 8482741.20  5.18%  4534 24811s
 20962 14319 8673764.01   72 1141 8945966.00 8482741.20  5.18%  4534 24815s
 20965 14321 8741186.65   70 1057 8945966.00 8482741.20  5.18%  4533 24849s
 20966 14322 8881391.00   48 1069 8945966.00 8482741.20  5.18%  4533 24852s
 20968 14323 8805082.89  178 1088 8945966.00 8482741.20  5.18%  4532 24868s
 20969 14324 8935301.87  127 1056 8945966.00 8482741.20  5.18%  4532 24882s
 20970 14324 8665275.93   82 1070 8945966.00 8482741.20  5.18%  4532 24894s
 20971 14325 8933267.70   92 1058 8945966.00 8482741.20  5.18%  4532 24922s
 20972 14326 8622215.66   57 1046 8945966.00 8482741.20  5.18%  4532 24938s
 20973 14326 8857614.62  323 1089 8945966.00 8482741.20  5.18%  4531 24964s
 20974 14327 8609117.15   40 1101 8945966.00 8482741.20  5.18%  4531 24979s
 20975 14328 8633823.79   36 1086 8945966.00 8482741.20  5.18%  4531 24995s
 20976 14328 8829383.38   47 1123 8945966.00 8482741.20  5.18%  4531 25010s
 20977 14329 8501274.40   25 1058 8945966.00 8482741.20  5.18%  4530 25038s
 20978 14330 8559774.63   38 1062 8945966.00 8482741.20  5.18%  4530 25052s
 20979 14330 8857357.07  297 1077 8945966.00 8482741.20  5.18%  4530 25079s
 20980 14331 8812404.56  136 1062 8945966.00 8482741.20  5.18%  4530 25091s
 20981 14332 8869867.79   69 1090 8945966.00 8482741.20  5.18%  4530 25121s
 20983 14333 8670100.24   69 1095 8945966.00 8482741.20  5.18%  4529 25137s
 20984 14334 8885357.66   87 1084 8945966.00 8482741.20  5.18%  4529 25166s
 20985 14334 8691160.75  108 1106 8945966.00 8482741.20  5.18%  4529 25178s
 20986 14335 8497129.74   19 1079 8945966.00 8482741.20  5.18%  4528 25206s
 20988 14336 8539670.93   24 1087 8945966.00 8482741.20  5.18%  4528 25220s
 20989 14337 8496103.39   25 1058 8945966.00 8482741.20  5.18%  4528 25232s
 20990 14338 8689361.89  144 1064 8945966.00 8482741.20  5.18%  4528 25244s
 20991 14338 8826714.70   78 1113 8945966.00 8482741.20  5.18%  4527 25287s
 20993 14340 8777231.08  145 1127 8945966.00 8482741.20  5.18%  4527 25300s
 20994 14340 8656627.50   46 1062 8945966.00 8482741.20  5.18%  4527 25329s
 20995 14341 8724590.76   57 1063 8945966.00 8482741.20  5.18%  4527 25341s
 20996 14342 8866088.67  227 1065 8945966.00 8482741.20  5.18%  4526 25355s
 20999 14344 8719759.13   99 1113 8945966.00 8482741.20  5.18%  4526 25373s
 21000 14344 8634084.09   37 1147 8945966.00 8482741.20  5.18%  4525 25390s
 21001 14345 8516786.99   24 1159 8945966.00 8482741.20  5.18%  4525 25401s
 21002 14346 8680917.93   80 1149 8945966.00 8482741.20  5.18%  4525 25415s
 21003 14346 8754130.19   39 1090 8945966.00 8482741.20  5.18%  4525 25428s
 21004 14347 8556190.94   31 1113 8945966.00 8482741.20  5.18%  4525 25444s
 21005 14348 8841423.09  100 1122 8945966.00 8482741.20  5.18%  4524 25457s
 21006 14348 8924381.01   76 1140 8945966.00 8482741.20  5.18%  4524 25469s
 21007 14349 8670148.87   40 1149 8945966.00 8482741.20  5.18%  4524 25481s
 21008 14350 8653868.26   30 1125 8945966.00 8482741.20  5.18%  4524 25495s
 21009 14350 8687948.12   72 1139 8945966.00 8482741.20  5.18%  4524 25510s
 21010 14351 8567434.73   29 1135 8945966.00 8482741.20  5.18%  4523 25524s
 21011 14352 8842055.37   67 1150 8945966.00 8482741.20  5.18%  4523 25536s
 21012 14352 8886319.66   64 1138 8945966.00 8482741.20  5.18%  4523 25548s
 21013 14353 8808939.12   83 1117 8945966.00 8482741.20  5.18%  4523 25561s
 21014 14354 8866189.43  157 1118 8945966.00 8482741.20  5.18%  4522 25575s
 21015 14354 8883364.42   60 1089 8945966.00 8482741.20  5.18%  4522 25589s
 21016 14355 8718115.79   51 1069 8945966.00 8482741.20  5.18%  4522 25602s
 21017 14356 8570684.15   34 1086 8945966.00 8482741.20  5.18%  4522 25614s
 21018 14356 8880372.84  302 1098 8945966.00 8482741.20  5.18%  4522 25628s
 21019 14357 8636327.84   53 1105 8945966.00 8482741.20  5.18%  4521 25641s
 21020 14358 8662412.28  147 1106 8945966.00 8482741.20  5.18%  4521 25657s
 21021 14358 8892077.64   65 1108 8945966.00 8482741.20  5.18%  4521 25668s
 21022 14359 8652654.69   53 1089 8945966.00 8482741.20  5.18%  4521 25680s
 21023 14360 8882494.40   61 1093 8945966.00 8482741.20  5.18%  4521 25693s
 21024 14360 8708145.50   46 1083 8945966.00 8482741.20  5.18%  4520 25706s
 21025 14361 8570618.87   43 1116 8945966.00 8482741.20  5.18%  4520 25721s
 21026 14362 8822729.07  120 1096 8945966.00 8482741.20  5.18%  4520 25745s
 21027 14362 8751281.57   50 1093 8945966.00 8482741.20  5.18%  4520 25764s
 21028 14363 8560304.77   30 1093 8945966.00 8482741.20  5.18%  4519 25775s
 21029 14367 8482741.20   23 1068 8945966.00 8482741.20  5.18%  4538 25804s
 21031 14370 8482741.20   24 1135 8945966.00 8482741.20  5.18%  4538 25833s
 21035 14373 8482741.20   25 1052 8945966.00 8482741.20  5.18%  4539 25843s
 21039 14375 8482741.20   25 1142 8945966.00 8482741.20  5.18%  4540 25863s
 21043 14378 8482741.20   26 1111 8945966.00 8482741.20  5.18%  4542 25876s
 21047 14381 8482741.20   26 1061 8945966.00 8482741.20  5.18%  4542 25888s
 21051 14383 8482741.20   27 1090 8945966.00 8482741.20  5.18%  4543 25895s
 21055 14386 8495010.52   27 1121 8945966.00 8482741.20  5.18%  4544 25916s
 21059 14390 8482741.20   28 1105 8945966.00 8482741.20  5.18%  4544 25925s
 21064 14393 8521242.93   28 1105 8945966.00 8482741.20  5.18%  4545 25933s
 21069 14395 8531839.46   29 1067 8945966.00 8482741.20  5.18%  4545 26115s
 21073 14401 8532621.47   29 1112 8945966.00 8482741.20  5.18%  4546 26126s
 21080 14404 8544560.37   30 1080 8945966.00 8482741.20  5.18%  4546 26137s
 21085 14406 8590160.19   30 1151 8945966.00 8482741.20  5.18%  4546 26640s
 21089 14411 8544713.81   31 1098 8945966.00 8482741.20  5.18%  4547 26663s
 21095 14418 8562335.60   32 1091 8945966.00 8482741.20  5.18%  4548 26674s
 21104 14426 8544713.81   33 1100 8945966.00 8482741.20  5.18%  4547 26706s
 21115 14431 8548047.20   34 1116 8945966.00 8482741.20  5.18%  4547 26720s
 21124 14433 8616850.82   35 1090 8945966.00 8482741.20  5.18%  4548 26740s
 21129 14441 8552452.86   36 1033 8945966.00 8482741.20  5.18%  4548 26759s
 21139 14447 8704913.12   37 1055 8945966.00 8482741.20  5.18%  4548 26797s
 21148 14454 8593217.12   38 1068 8945966.00 8482741.20  5.18%  4550 26829s
 21158 14458 8622922.45   39 1035 8945966.00 8482741.20  5.18%  4550 26854s
 21165 14465 8632947.70   40 1003 8945966.00 8482741.20  5.18%  4551 26876s
 21175 14472 8638924.98   41  967 8945966.00 8482741.20  5.18%  4552 26900s
 21185 14477 8707408.45   42  942 8945966.00 8482741.20  5.18%  4552 26919s
 21193 14482 8640525.52   43  982 8945966.00 8482741.20  5.18%  4553 26942s
 21201 14493 8653600.56   44  917 8945966.00 8482741.20  5.18%  4554 26967s
 21215 14501 8653600.56   45  938 8945966.00 8482741.20  5.18%  4554 26996s
 21227 14512 8656923.12   47  931 8945966.00 8482741.20  5.18%  4556 27017s
 21244 14523 8656932.68   48  932 8945966.00 8482741.20  5.18%  4555 27049s
 21265 14529     cutoff   51      8945966.00 8482741.20  5.18%  4554 27074s
 21280 14543 8666958.74   53  889 8945966.00 8482741.20  5.18%  4554 27128s
 21305 14549 8875122.77   55  897 8945966.00 8482741.20  5.18%  4552 27159s
 21323 14558 8677074.91   58  894 8945966.00 8482741.20  5.18%  4551 27191s
 21344 14564 infeasible   61      8945966.00 8482741.20  5.18%  4550 27223s
 21365 14574 8696743.23   63  930 8945966.00 8482741.20  5.18%  4549 27265s
 21384 14583 8752886.91   65  921 8945966.00 8482741.20  5.18%  4550 27313s
 21400 14594 8762524.20   67  901 8945966.00 8482741.20  5.18%  4554 27341s
 21416 14609 8779799.37   69  907 8945966.00 8482741.20  5.18%  4557 27370s
 21436 14609 8771119.36   70  927 8945966.00 8482741.20  5.18%  4559 27393s
 21449 14621     cutoff   72      8945966.00 8482741.20  5.18%  4561 27423s
 21479 14622 8504103.25   28  995 8945966.00 8482741.20  5.18%  4560 27459s
 21502 14620 8528823.95   32  982 8945966.00 8482741.20  5.18%  4564 27499s
 21510 14631 8532357.66   32  939 8945966.00 8482741.20  5.18%  4566 27570s
 21528 14653 8554549.29   36  930 8945966.00 8482741.20  5.18%  4571 27600s
 21558 14658 8588127.67   41  900 8945966.00 8482741.20  5.18%  4572 27634s
 21577 14662 8622124.04   43  924 8945966.00 8482741.20  5.18%  4576 27670s
 21589 14687 8690166.30   43  913 8945966.00 8482741.20  5.18%  4576 27730s
 21624 14690 8693217.01   47  819 8945966.00 8482741.20  5.18%  4575 27822s
 21662 14699     cutoff   54      8945966.00 8482741.20  5.18%  4574 27875s
 21706 14710 8914117.29   66  736 8945966.00 8482741.20  5.18%  4572 27948s
 21741 14716 8935728.23   73  649 8945966.00 8482741.20  5.18%  4575 27988s
 21783 14716 8573210.83   28 1072 8945966.00 8482741.20  5.18%  4582 28082s
 21797 14733 8687552.18   29 1033 8945966.00 8482741.20  5.18%  4597 28226s
 21818 14735 8699536.52   30  961 8945966.00 8482741.20  5.18%  4608 28310s
 21840 14732 8771505.12   31  989 8945966.00 8482741.20  5.18%  4609 28390s
 21866 14746 infeasible   34      8945966.00 8482741.20  5.18%  4614 28482s
 21896 14780 8510728.51   34 1067 8945966.00 8482741.20  5.18%  4622 28556s
 21940 14806 8678238.35   51  877 8945966.00 8482741.20  5.18%  4627 28645s
 21984 14811 infeasible   65      8945966.00 8482741.20  5.18%  4629 28752s
 22017 14817 8576679.10   33  936 8945966.00 8482741.20  5.18%  4639 28849s
 22043 14836 8611935.01   37  884 8945966.00 8482741.20  5.18%  4651 28941s
 22072 14853     cutoff   48      8945966.00 8482741.20  5.18%  4658 29013s
 22120 14875 8578497.71   33 1026 8945966.00 8482741.20  5.18%  4666 29089s
 22170 14913 8604546.58   35  994 8945966.00 8482741.20  5.18%  4672 29217s
 22248 14938 8757515.91   61  875 8945966.00 8482741.20  5.18%  4670 29343s
 22315 14975 8649072.69   39  915 8945966.00 8482741.20  5.18%  4679 29411s
 22375 15031 8701437.94   65  765 8945966.00 8482741.20  5.18%  4682 29493s
 22490 15029 8541225.46   33  991 8945966.00 8482741.20  5.18%  4678 29597s
 22530 15082 8614824.21   35 1000 8945966.00 8483262.72  5.17%  4688 29704s
 22619 15100 8511131.71   31 1038 8945966.00 8483262.72  5.17%  4687 29827s
 22698 15099 8621009.81   63  870 8945966.00 8483262.72  5.17%  4690 29936s
 22751 15200 8885164.08   78  756 8945966.00 8485431.17  5.15%  4703 30088s
 22892 15210 8639149.20   32 1033 8945966.00 8486364.81  5.14%  4690 30200s
 22958 15255 8766327.13   66  897 8945966.00 8490063.45  5.10%  4690 30353s
 23067 15258 8519430.40   37  991 8945966.00 8490063.45  5.10%  4692 30492s
 23125 15352 8533545.94   41 1011 8945966.00 8490063.45  5.10%  4709 30622s
 23248 15383 8638701.02   65  897 8945966.00 8490063.45  5.10%  4710 30845s
 23338 15425 8742467.43   73  831 8945966.00 8491664.38  5.08%  4721 30975s
 23422 15484 8548621.72   31  896 8945966.00 8493471.62  5.06%  4725 31104s
 23528 15490 8527680.97   26 1001 8945966.00 8493471.62  5.06%  4730 31275s
 23615 15534 8905540.91   42  827 8945966.00 8493608.19  5.06%  4739 31484s
 23726 15607 8691198.62   44  992 8945966.00 8493608.19  5.06%  4742 31675s
 23856 15654 8897578.63   54  837 8945966.00 8494788.96  5.04%  4742 31919s
 24008 15653 8629571.63   34 1027 8945966.00 8494788.96  5.04%  4737 32080s
 24105 15671 8923234.18   50  767 8945966.00 8494788.96  5.04%  4754 32271s
 24173 15723 8916386.66   62  803 8945966.00 8495101.18  5.04%  4775 32464s
 24264 15799     cutoff   61      8945966.00 8496491.59  5.02%  4791 32756s
 24393 15837 8607900.85   30 1039 8945966.00 8496952.91  5.02%  4798 32966s
 24492 15904 8938017.60   61  917 8945966.00 8497477.15  5.01%  4820 33214s
 24646 15992 8589577.39   32  947 8945966.00 8498823.39  5.00%  4820 33540s
 24787 16122 8663461.82   49  817 8945966.00 8498823.39  5.00%  4828 33892s
 24999 16166 8750647.26   71  770 8945966.00 8499341.45  4.99%  4821 34206s
 25193 16187 8573965.70   38  943 8945966.00 8501659.58  4.97%  4824 34468s
 25333 16248 8553828.50   33 1123 8945966.00 8502305.54  4.96%  4839 34738s
 25485 16295 8633640.43   40 1033 8945966.00 8502539.80  4.96%  4861 35152s
 25650 16383 8588885.05   40 1077 8945966.00 8505102.65  4.93%  4879 35436s
 25833 16529 8540404.40   33  922 8945966.00 8508163.21  4.89%  4887 35727s
 26062 16627 8630190.06   67  787 8945966.00 8508163.21  4.89%  4882 35982s
 26295 16695 8780732.41  107  763 8945966.00 8509571.48  4.88%  4888 36281s
 26489 16946 8707507.14   43  943 8945966.00 8511358.19  4.86%  4908 36656s
 26889 16969 8800139.00   69  963 8945966.00 8511853.96  4.85%  4886 37032s
 27125 17075     cutoff   72      8945966.00 8512658.38  4.84%  4889 37370s
 27387 17071 infeasible   48      8945966.00 8513529.85  4.83%  4896 37796s
 27537 17209 8705051.60   46 1003 8945966.00 8515170.40  4.82%  4935 38283s
 27773 17149 8911080.25   72  875 8945966.00 8515170.40  4.82%  4951 39390s
 27802 17370 8914109.67   74  840 8945966.00 8516086.20  4.81%  4958 39842s
 28130 17431     cutoff   74      8945966.00 8517181.45  4.79%  4960 40416s
 28372 17554 8609692.37   41  946 8945966.00 8518762.08  4.78%  4982 40865s
 28659 17638 8576732.03   32 1017 8945966.00 8519342.35  4.77%  4998 41270s
 28923 17732 8943478.96   55  836 8945966.00 8520491.62  4.76%  5024 41912s
 29176 17846 8589551.64   45  983 8945966.00 8521057.38  4.75%  5053 42422s
 29433 17954 8670108.07   47  819 8945966.00 8521783.99  4.74%  5082 42923s
 29706 18109 8610200.82   35  944 8945966.00 8522527.56  4.73%  5112 43406s
 30025 18356 8617023.74   48  874 8945966.00 8523263.79  4.73%  5135 44134s
 30425 18473 8698473.04  130  737 8945966.00 8523787.73  4.72%  5135 45037s
 30810 18642 8907156.44   54  832 8945966.00 8524594.98  4.71%  5160 45792s
 31207 18690 8705961.59   67  796 8945966.00 8525353.79  4.70%  5180 46477s
 31452 19198 8634967.82   41  962 8945966.00 8526193.84  4.69%  5204 47725s
 32324 19106 8579078.66   32 1113 8945966.00 8528321.52  4.67%  5213 48457s
 32622 19467 8594579.29   33  941 8945966.00 8529809.67  4.65%  5246 49158s
 33220 19555 8620710.27   38  985 8945966.00 8530235.49  4.65%  5240 49895s
 33587 19811 8902738.07   73  848 8945966.00 8530461.61  4.64%  5262 50653s
 34022 20003 8608378.18   34  995 8945966.00 8531065.87  4.64%  5274 51201s
 34440 20127 8667636.90   94  877 8945966.00 8531488.67  4.63%  5292 51847s
 34790 20399 8767983.36   42  899 8945966.00 8532286.48  4.62%  5312 52709s
 35265 20430 8676178.37   38  973 8945966.00 8532769.37  4.62%  5316 53278s
 35538 20638 8658774.47   50  950 8945966.00 8532905.69  4.62%  5356 53992s
 35919 20729 8647746.00   44  924 8945966.00 8533595.76  4.61%  5380 54664s
 36229 20806 8793032.44   36  967 8945966.00 8534319.59  4.60%  5418 55258s
 36493 21054 8829140.26   55  990 8945966.00 8535070.89  4.59%  5463 56115s
 36912 21118 8826994.03   91  706 8945966.00 8535399.00  4.59%  5476 56990s
 37252 21291 8747905.03   39  986 8945966.00 8535817.94  4.58%  5513 57790s
 37601 21460 8617910.54   39 1052 8945966.00 8536196.17  4.58%  5537 58488s
 38034 21526     cutoff   70      8945966.00 8536849.13  4.57%  5555 59296s
 38327 21584 8896470.44   52  843 8945966.00 8537019.97  4.57%  5583 60000s
 38548 21736 8794963.27   64  829 8945966.00 8537267.79  4.57%  5622 60593s
 38854 21862 8708992.79   39  965 8945966.00 8538160.31  4.56%  5659 61227s
 39208 21916 infeasible   53      8945966.00 8538685.88  4.55%  5681 61916s
 39499 22228 8641400.82   45 1030 8945966.00 8539083.05  4.55%  5727 62607s
 40020 22266 infeasible   64      8945966.00 8539256.55  4.55%  5729 63223s
 40355 22443 8665713.58   41  963 8945966.00 8540291.43  4.53%  5759 63888s
 40740 22544 infeasible   93      8945966.00 8540892.53  4.53%  5785 64500s
 41079 22678 8683507.90   37  919 8945966.00 8541554.78  4.52%  5819 65233s
 41496 22778 8925484.66   61  793 8945966.00 8541955.56  4.52%  5838 66169s
 41855 22901 8756702.47   46  824 8945966.00 8542404.80  4.51%  5864 67041s
 42215 23047 8610827.26   33  912 8945966.00 8542903.16  4.51%  5901 67832s
 42554 23233 8937213.20   81  850 8945966.00 8543294.75  4.50%  5930 68901s
 43050 23358 8586289.20   33 1017 8945966.00 8544268.90  4.49%  5963 69894s
 43148 23326 8727326.14   56  917 8945966.00 8544481.77  4.49%  5973 69895s
 43474 23593     cutoff   94      8945966.00 8544820.30  4.48%  5998 70659s
 43967 23736 8833014.98  105  648 8945966.00 8545152.76  4.48%  6011 71719s
H44244 20690                    8890954.8554 8545152.76  3.89%  5999 71719s
 44587 20624     cutoff   78      8890954.86 8545439.67  3.89%  6021 72452s
H44588 19884                    8889853.0000 8545439.67  3.87%  6021 72452s
 44810 19992 8658260.24   39  963 8889853.00 8545618.35  3.87%  6040 73175s
 45064 20137 8837301.09   47  934 8889853.00 8545950.28  3.87%  6073 74357s
 45421 20471 8731225.32   44  811 8889853.00 8546724.02  3.86%  6106 75136s
 46033 20271 8821547.90  109  558 8889853.00 8547674.89  3.85%  6104 75782s
 46037 20592 8856256.04  109  544 8889853.00 8547992.14  3.85%  6105 76548s
 46534 20625 8745995.66   67  783 8889853.00 8548618.51  3.84%  6115 77482s
 46854 20775 8768780.09   47  915 8889853.00 8549205.14  3.83%  6140 78223s
 47254 20947 8606966.59   34  989 8889853.00 8549685.07  3.83%  6165 79038s
 47687 21165 8598519.79   37  978 8889853.00 8549997.67  3.82%  6188 79934s
 48157 21230 8646305.42   50  896 8889853.00 8550392.08  3.82%  6210 80646s
 48478 21373 8748221.77   45  996 8889853.00 8550867.96  3.81%  6234 81506s
 48872 21513 8800599.63   47  997 8889853.00 8551175.19  3.81%  6270 82271s
 49308 21555 infeasible   83      8889853.00 8551337.14  3.81%  6295 83103s
 49665 21717 8618590.73   36 1024 8889853.00 8551629.77  3.80%  6328 83854s
 50067 21795     cutoff   94      8889853.00 8551952.19  3.80%  6345 84685s
 50430 21923 8609998.55   34 1018 8889853.00 8552703.26  3.79%  6357 85840s
 50871 21941     cutoff   44      8889853.00 8553107.10  3.79%  6374 86371s

Cutting planes:
  Gomory: 29
  Cover: 14
  Implied bound: 342
  Projected implied bound: 38
  Clique: 4
  MIR: 847
  Flow cover: 2819
  Inf proof: 1
  Zero half: 48
  RLT: 252
  Relax-and-lift: 594

Explored 51163 nodes (327293985 simplex iterations) in 86371.28 seconds (122685.49 work units)
Thread count was 4 (of 128 available processors)

Solution count 7: 8.88985e+06 8.94597e+06 8.99039e+06 ... 9.2864e+06

Time limit reached
Best objective 8.889853000000e+06, best bound 8.553671681972e+06, gap 3.7816%

Solving took 	23:59:31.277
####################################################################################################
####################################################################################################
####################################################################################################
Reached timelimit, but could find a feasible solution
####################################################################################################
Description                         Value
----------------------------  -----------
Objective (min)               8,889,853.0
Cost sailing                  5,079,429.0
Cost port visits              5,227,172.0
Cost transshipment (demands)     60,550.0
Cost transshipment (empties)    312,058.0
Penalty delayed demands         209,650.0
Revenue Empties               1,999,006.0
Penalty rejected demands              0.0
Rejected demands (%)                  0.0
Omitted ports (%)                   20.98
Gap (%)                              3.78
####################################################################################################
Export solution
####################################################################################################
Overall time 	23:59:32.157

real	1439m34.171s
user	4752m41.769s
sys	0m56.684s
finished at Sat Mar 18 12:18:24 CET 2023
