cpu-bind=MASK - n2lcn0107, task  0  0 [1671009]: mask |--------|--------||--------|--------||--------|--------||--BBBB--|--------||||--------|--------||--------|--------||--------|--------||--------|--------|  set
started at Fri Mar 17 12:18:50 CET 2023
Timecheck 9945313.536822064
Set parameter TokenServer to value "license3.uni-paderborn.de"
Warning: Gurobi version mismatch between Python 10.0.1 and C library 10.0.0
Timecheck 9945313.552565088
Timecheck 9945313.552779248
Timecheck 9945313.552810607
Timecheck 9945313.552831568


####################################################################################################
Solve scenario sce_4_26_3 with free vessel operation using the arc flow model
Vessels can omit ports, Demands cannot be rejected
####################################################################################################
Data preprocessing, load /upb/departments/pc2/groups/hpc-prf-winf4/dwetzel/SILSRP/inst_final/sce_4_26_3
and create additional sets and parameters
	|- Read vessel information, number of vessels:	6
	|- Read node information, number of nodes:		397
	|- Read arc information
		|- Number of sailing arcs:			1631
		|- Number of transshipment arcs:	578
	|- Read container information
		|- Number of demands:		657
		|- Number of empties (+/-):	158/165
	|- Create additional sets and parameters

Data preprocessing took 	00:00:00.301
####################################################################################################
Create linear model
Set parameter Threads to value 4
	|- Create variables, took	00:00:00.320
	|- Create objective, took	00:00:00.296
	|- Create constraints, took	00:00:01.212
	|- Load heuristic start

Creating model took	00:00:01.854
####################################################################################################
Fix start solution

Set parameter TimeLimit to value 8.4004421786813065e+04
Gurobi Optimizer version 10.0.0 build v10.0.0rc2 (linux64)

CPU model: AMD EPYC 7763 64-Core Processor, instruction set [SSE2|AVX|AVX2]
Thread count: 128 physical cores, 128 logical processors, using up to 4 threads

Optimize a model with 25733 rows, 91436 columns and 315059 nonzeros
Model fingerprint: 0x81d7140f
Variable types: 80603 continuous, 10833 integer (10833 binary)
Coefficient statistics:
  Matrix range     [1e+00, 3e+06]
  Objective range  [1e+00, 1e+00]
  Bounds range     [1e+00, 4e+02]
  RHS range        [1e+00, 3e+08]
Found heuristic solution: objective 3.556344e+08
Presolve removed 23883 rows and 87661 columns
Presolve time: 0.19s
Presolved: 1850 rows, 3775 columns, 12322 nonzeros
Found heuristic solution: objective 2.124116e+07
Variable types: 3330 continuous, 445 integer (441 binary)

Root relaxation: objective 1.029046e+07, 576 iterations, 0.00 seconds (0.00 work units)

    Nodes    |    Current Node    |     Objective Bounds      |     Work
 Expl Unexpl |  Obj  Depth IntInf | Incumbent    BestBd   Gap | It/Node Time

*    0     0               0    1.029046e+07 1.0290e+07  0.00%     -    0s

Explored 1 nodes (576 simplex iterations) in 0.22 seconds (0.19 work units)
Thread count was 4 (of 128 available processors)

Solution count 3: 1.02905e+07 2.12412e+07 3.55634e+08 

Optimal solution found (tolerance 1.00e-04)
Best objective 1.029045800000e+07, best bound 1.029045800000e+07, gap 0.0000%

Fixing start solution took	00:00:02.128
####################################################################################################
####################################################################################################
Solve optimization model

Set parameter TimeLimit to value 84004.1791466102
Gurobi Optimizer version 10.0.0 build v10.0.0rc2 (linux64)

CPU model: AMD EPYC 7763 64-Core Processor, instruction set [SSE2|AVX|AVX2]
Thread count: 128 physical cores, 128 logical processors, using up to 4 threads

Optimize a model with 25434 rows, 91436 columns and 314760 nonzeros
Model fingerprint: 0x252b8d4b
Variable types: 80603 continuous, 10833 integer (10833 binary)
Coefficient statistics:
  Matrix range     [1e+00, 3e+06]
  Objective range  [1e+00, 1e+00]
  Bounds range     [1e+00, 4e+02]
  RHS range        [1e+00, 3e+08]

MIP start from previous solve produced solution with objective 1.02905e+07 (0.15s)
Loaded MIP start from previous solve with objective 1.02905e+07

Presolve removed 2570 rows and 2392 columns
Presolve time: 0.46s
Presolved: 22864 rows, 89044 columns, 264243 nonzeros
Variable types: 78947 continuous, 10097 integer (10097 binary)
Deterministic concurrent LP optimizer: primal and dual simplex
Showing first log only...


Root simplex log...

Iteration    Objective       Primal Inf.    Dual Inf.      Time
   43009    1.2608241e+07   0.000000e+00   2.722642e+08      5s
   63250    1.0172103e+07   0.000000e+00   7.116422e+07     10s
   81652    9.0459389e+06   0.000000e+00   8.968494e+08     15s
   99132    8.5638933e+06   0.000000e+00   5.453851e+09     20s
  116796    8.2772315e+06   0.000000e+00   2.568803e+07     25s
  134828    8.0487210e+06   0.000000e+00   8.941155e+06     30s
  153255    7.8653471e+06   0.000000e+00   1.810590e+07     35s
  170919    7.7149429e+06   0.000000e+00   1.598070e+07     40s
  189139    7.6003258e+06   0.000000e+00   1.806207e+08     45s
  207369    7.5165661e+06   0.000000e+00   6.636803e+06     50s
  221460    7.4710368e+06   0.000000e+00   2.335290e+07     55s
Concurrent spin time: 0.00s

Solved with dual simplex

Root simplex log...

Iteration    Objective       Primal Inf.    Dual Inf.      Time
  132824    7.3987570e+06   0.000000e+00   0.000000e+00     56s

Root relaxation: objective 7.398757e+06, 132824 iterations, 55.72 seconds (49.32 work units)

    Nodes    |    Current Node    |     Objective Bounds      |     Work
 Expl Unexpl |  Obj  Depth IntInf | Incumbent    BestBd   Gap | It/Node Time

     0     0 7398757.01    0 1726 1.0290e+07 7398757.01  28.1%     -   57s
     0     0 7741976.17    0 1924 1.0290e+07 7741976.17  24.8%     -  174s
     0     0 7814986.05    0 1921 1.0290e+07 7814986.05  24.1%     -  286s
     0     0 7828464.43    0 1957 1.0290e+07 7828464.43  23.9%     -  321s
     0     0 7828464.43    0 2019 1.0290e+07 7828464.43  23.9%     -  334s
     0     0 7828464.43    0 2050 1.0290e+07 7828464.43  23.9%     -  339s
     0     0 7828464.43    0 2041 1.0290e+07 7828464.43  23.9%     -  341s
     0     0 7970600.01    0 2054 1.0290e+07 7970600.01  22.5%     -  537s
     0     0 8017919.98    0 2140 1.0290e+07 8017919.98  22.1%     -  685s
     0     0 8017919.98    0 2147 1.0290e+07 8017919.98  22.1%     -  700s
     0     0 8041505.22    0 2181 1.0290e+07 8041505.22  21.9%     -  831s
     0     0 8041505.22    0 2202 1.0290e+07 8041505.22  21.9%     -  842s
     0     0 8047088.43    0 2169 1.0290e+07 8047088.43  21.8%     -  910s
     0     0 8047088.43    0 2166 1.0290e+07 8047088.43  21.8%     -  925s
     0     0 8048922.91    0 2203 1.0290e+07 8048922.91  21.8%     -  954s
     0     0 8049423.80    0 2256 1.0290e+07 8049423.80  21.8%     -  970s
     0     0 8049423.80    0 2201 1.0290e+07 8049423.80  21.8%     -  975s
     0     0 8049550.95    0 2219 1.0290e+07 8049550.95  21.8%     - 1006s
     0     0 8049550.95    0 2182 1.0290e+07 8049550.95  21.8%     - 1018s
     0     0 8049559.61    0 2178 1.0290e+07 8049559.61  21.8%     - 1022s
     0     0 8127239.92    0 2200 1.0290e+07 8127239.92  21.0%     - 1340s
     0     0 8166336.65    0 2190 1.0290e+07 8166336.65  20.6%     - 1510s
     0     0 8180764.82    0 2237 1.0290e+07 8180764.82  20.5%     - 1638s
     0     0 8180764.82    0 2181 1.0290e+07 8180764.82  20.5%     - 1664s
     0     0 8185778.29    0 2237 1.0290e+07 8185778.29  20.5%     - 1739s
     0     0 8186846.84    0 2234 1.0290e+07 8186846.84  20.4%     - 1779s
     0     0 8186846.84    0 2182 1.0290e+07 8186846.84  20.4%     - 1809s
     0     0 8187059.73    0 2212 1.0290e+07 8187059.73  20.4%     - 1824s
     0     0 8187059.73    0 2172 1.0290e+07 8187059.73  20.4%     - 1859s
     0     0 8187168.22    0 2223 1.0290e+07 8187168.22  20.4%     - 1869s
     0     0 8187168.22    0 2220 1.0290e+07 8187168.22  20.4%     - 1870s
     0     0 8222308.85    0 2181 1.0290e+07 8222308.85  20.1%     - 2172s
     0     0 8222308.85    0 2138 1.0290e+07 8222308.85  20.1%     - 2218s
H    0     0                    1.027186e+07 8240027.77  19.8%     - 2450s
     0     0 8240027.77    0 2235 1.0272e+07 8240027.77  19.8%     - 2453s
     0     0 8249375.33    0 2221 1.0272e+07 8249375.33  19.7%     - 2622s
     0     0 8249375.33    0 2221 1.0272e+07 8249375.33  19.7%     - 2646s
     0     0 8252564.19    0 2174 1.0272e+07 8252564.19  19.7%     - 2777s
     0     0 8253734.12    0 2203 1.0272e+07 8253734.12  19.6%     - 2839s
     0     0 8254038.63    0 2226 1.0272e+07 8254038.63  19.6%     - 2866s
     0     0 8254038.63    0 2259 1.0272e+07 8254038.63  19.6%     - 2886s
     0     0 8254209.80    0 2292 1.0272e+07 8254209.80  19.6%     - 2913s
     0     0 8254209.80    0 2283 1.0272e+07 8254209.80  19.6%     - 2957s
     0     0 8281101.10    0 2249 1.0272e+07 8281101.10  19.4%     - 3350s
     0     0 8281101.10    0 2241 1.0272e+07 8281101.10  19.4%     - 3408s
     0     0 8295616.20    0 2254 1.0272e+07 8295616.20  19.2%     - 3872s
     0     0 8295616.20    0 2285 1.0272e+07 8295616.20  19.2%     - 3905s
     0     0 8305527.47    0 2273 1.0272e+07 8305527.47  19.1%     - 4334s
     0     0 8309174.64    0 2316 1.0272e+07 8309174.64  19.1%     - 4585s
     0     0 8309202.96    0 2335 1.0272e+07 8309202.96  19.1%     - 4619s
     0     0 8310735.65    0 2343 1.0272e+07 8310735.65  19.1%     - 4816s
     0     0 8311247.07    0 2337 1.0272e+07 8311247.07  19.1%     - 4928s
     0     0 8311247.07    0 2320 1.0272e+07 8311247.07  19.1%     - 4949s
     0     0 8311495.06    0 2308 1.0272e+07 8311495.06  19.1%     - 4997s
     0     0 8311495.06    0 2333 1.0272e+07 8311495.06  19.1%     - 5041s
     0     0 8344634.42    0 2305 1.0272e+07 8344634.42  18.8%     - 5604s
     0     0 8344634.42    0 2261 1.0272e+07 8344634.42  18.8%     - 5650s
     0     0 8390552.80    0 2288 1.0272e+07 8390552.80  18.3%     - 6491s
     0     0 8390552.80    0 2262 1.0272e+07 8390552.80  18.3%     - 6542s
     0     0 8395291.11    0 2357 1.0272e+07 8395291.11  18.3%     - 6861s
     0     0 8395291.11    0 2361 1.0272e+07 8395291.11  18.3%     - 6919s
     0     0 8397380.89    0 2369 1.0272e+07 8397380.89  18.2%     - 7120s
     0     0 8397380.89    0 2390 1.0272e+07 8397380.89  18.2%     - 7125s
     0     0 8398704.51    0 2370 1.0272e+07 8398704.51  18.2%     - 7223s
     0     0 8398704.51    0 2324 1.0272e+07 8398704.51  18.2%     - 7280s
     0     0 8399525.65    0 2387 1.0272e+07 8399525.65  18.2%     - 7492s
     0     0 8399525.65    0 2350 1.0272e+07 8399525.65  18.2%     - 7500s
     0     0 8399808.80    0 2365 1.0272e+07 8399808.80  18.2%     - 7583s
     0     0 8399808.80    0 2365 1.0272e+07 8399808.80  18.2%     - 7630s
     0     0 8477145.43    0 2296 1.0272e+07 8477145.43  17.5%     - 8933s
     0     0 8477145.43    0 2259 1.0272e+07 8477145.43  17.5%     - 8993s
     0     0 8504847.82    0 2306 1.0272e+07 8504847.82  17.2%     - 10056s
     0     0 8513127.07    0 2317 1.0272e+07 8513127.07  17.1%     - 10606s
     0     0 8513127.07    0 2259 1.0272e+07 8513127.07  17.1%     - 10660s
     0     0 8518637.64    0 2329 1.0272e+07 8518637.64  17.1%     - 11106s
     0     0 8521121.04    0 2381 1.0272e+07 8521121.04  17.0%     - 11265s
     0     0 8521121.04    0 2397 1.0272e+07 8521121.04  17.0%     - 11328s
     0     0 8522278.36    0 2364 1.0272e+07 8522278.36  17.0%     - 11538s
     0     0 8522278.36    0 2313 1.0272e+07 8522278.36  17.0%     - 11592s
     0     0 8522707.23    0 2357 1.0272e+07 8522707.23  17.0%     - 11756s
     0     0 8522707.23    0 2357 1.0272e+07 8522707.23  17.0%     - 11756s
     0     0 8579300.42    0 2346 1.0272e+07 8579300.42  16.5%     - 12884s
     0     0 8579300.48    0 2326 1.0272e+07 8579300.48  16.5%     - 12885s
     0     0 8590262.04    0 2296 1.0272e+07 8590262.04  16.4%     - 13302s
     0     0 8590262.04    0 2289 1.0272e+07 8590262.04  16.4%     - 13303s
     0     0 8604449.43    0 2357 1.0272e+07 8604449.43  16.2%     - 13635s
     0     0 8604449.43    0 2348 1.0272e+07 8604449.43  16.2%     - 13700s
     0     0 8609682.60    0 2381 1.0272e+07 8609682.60  16.2%     - 13894s
     0     0 8609682.60    0 2378 1.0272e+07 8609682.60  16.2%     - 13933s
     0     0 8611267.64    0 2394 1.0272e+07 8611267.64  16.2%     - 14062s
     0     0 8611267.64    0 2314 1.0272e+07 8611267.64  16.2%     - 14150s
     0     0 8612432.04    0 2327 1.0272e+07 8612432.04  16.2%     - 14336s
     0     0 8612432.04    0 2375 1.0272e+07 8612432.04  16.2%     - 14396s
     0     0 8612734.87    0 2388 1.0272e+07 8612734.87  16.2%     - 14445s
     0     0 8612734.87    0 2373 1.0272e+07 8612734.87  16.2%     - 14478s
     0     0 8702152.21    0 2291 1.0272e+07 8702152.21  15.3%     - 15366s
     0     0 8702152.21    0 2272 1.0272e+07 8702152.21  15.3%     - 15409s
     0     0 8758795.07    0 2293 1.0272e+07 8758795.07  14.7%     - 16788s
     0     0 8769531.50    0 2337 1.0272e+07 8769531.50  14.6%     - 17481s
     0     0 8773230.62    0 2383 1.0272e+07 8773230.62  14.6%     - 17849s
     0     0 8775709.02    0 2333 1.0272e+07 8775709.02  14.6%     - 18193s
     0     0 8775709.02    0 2341 1.0272e+07 8775709.02  14.6%     - 18194s
     0     0 8777109.45    0 2325 1.0272e+07 8777109.45  14.6%     - 18442s
     0     0 8777109.45    0 2332 1.0272e+07 8777109.45  14.6%     - 18444s
     0     0 8777811.93    0 2347 1.0272e+07 8777811.93  14.5%     - 18564s
     0     0 8778124.91    0 2325 1.0272e+07 8778124.91  14.5%     - 18634s
     0     0 8791133.33    0 2337 1.0272e+07 8791133.33  14.4%     - 19116s
     0     0 8797633.97    0 2346 1.0272e+07 8797633.97  14.4%     - 19496s
     0     0 8797633.97    0 2315 1.0272e+07 8797633.97  14.4%     - 19577s
     0     0 8799568.70    0 2322 1.0272e+07 8799568.70  14.3%     - 19753s
     0     0 8799568.70    0 2322 1.0272e+07 8799568.70  14.3%     - 19846s
     0     0 8801542.80    0 2301 1.0272e+07 8801542.80  14.3%     - 20023s
     0     0 8801542.80    0 2258 1.0272e+07 8801542.80  14.3%     - 20115s
     0     0 8802595.31    0 2281 1.0272e+07 8802595.31  14.3%     - 20254s
     0     0 8802595.31    0 2249 1.0272e+07 8802595.31  14.3%     - 20260s
     0     0 8803041.56    0 2346 1.0272e+07 8803041.56  14.3%     - 20507s
     0     0 8810256.48    0 2287 1.0272e+07 8810256.48  14.2%     - 20821s
     0     0 8810256.48    0 2329 1.0272e+07 8810256.48  14.2%     - 20822s
     0     0 8812764.40    0 2279 1.0272e+07 8812764.40  14.2%     - 21212s
     0     0 8812764.40    0 2283 1.0272e+07 8812764.40  14.2%     - 21281s
     0     0 8813788.65    0 2272 1.0272e+07 8813788.65  14.2%     - 21489s
     0     0 8814501.59    0 2299 1.0272e+07 8814501.59  14.2%     - 21616s
     0     0 8814501.59    0 2299 1.0272e+07 8814501.59  14.2%     - 21618s
     0     0 8816834.31    0 2328 1.0272e+07 8816834.31  14.2%     - 21829s
     0     0 8816834.31    0 2325 1.0272e+07 8816834.31  14.2%     - 21830s
     0     0 8816834.31    0 2325 1.0272e+07 8816834.31  14.2%     - 21830s
     0     2 8816834.31    0 2325 1.0272e+07 8816834.31  14.2%     - 22955s
     1     4 8816834.31    1 2298 1.0272e+07 8816834.31  14.2%   267 22966s
     3     8 8819397.14    2 2259 1.0272e+07 8816834.31  14.2% 23535 23383s
     7    12 8821180.83    3 2257 1.0272e+07 8819397.14  14.1% 52656 23746s
    11    16 8821167.69    3 2233 1.0272e+07 8819404.12  14.1% 57734 24145s
    15    20 8826875.99    4 2215 1.0272e+07 8821180.34  14.1% 67020 25269s
    19    24 8824372.38    4 2187 1.0272e+07 8821186.04  14.1% 65779 25688s
    23    29 8826707.89    5 2201 1.0272e+07 8821186.04  14.1% 63022 26456s
    28    33 8834280.34    5 2228 1.0272e+07 8821186.04  14.1% 61265 27094s
    32    40 8834155.71    6 2223 1.0272e+07 8821186.04  14.1% 63726 28341s
    39    44 8835419.95    6 2206 1.0272e+07 8821186.04  14.1% 56974 28926s
    43    49 8834875.00    7 2225 1.0272e+07 8821186.04  14.1% 54816 29944s
    48    54 8838906.41    9 2190 1.0272e+07 8821186.04  14.1% 54340 30322s
    53    59 8844703.80    9 2209 1.0272e+07 8821186.04  14.1% 52831 30781s
    58    63 8843353.78   10 2186 1.0272e+07 8821186.04  14.1% 51194 31101s
    62    67 8843659.46   10 2204 1.0272e+07 8821186.04  14.1% 51034 31992s
    66    79 8843836.84   11 2205 1.0272e+07 8821186.04  14.1% 51650 32342s
    78    93 8846252.31   13 2199 1.0272e+07 8821186.04  14.1% 46525 32598s
    92   105 8850849.95   16 2228 1.0272e+07 8821186.04  14.1% 41431 32859s
   104   122 8854608.00   18 2194 1.0272e+07 8821186.04  14.1% 38136 33142s
   121   139 8855952.65   22 2225 1.0272e+07 8821186.04  14.1% 34237 33427s
   138   151 8863057.60   28 2203 1.0272e+07 8821186.04  14.1% 31314 33734s
   150   161 8877757.39   30 2219 1.0272e+07 8821186.04  14.1% 30052 34010s
   160   182 8881392.07   32 2173 1.0272e+07 8821186.04  14.1% 29174 34392s
   181   196 8887305.31   40 2166 1.0272e+07 8821186.04  14.1% 26792 34693s
   195   213 8899122.91   44 2163 1.0272e+07 8821186.04  14.1% 25820 35034s
   212   228 8904728.97   47 2143 1.0272e+07 8821186.04  14.1% 24688 35622s
   227   243 8924124.44   50 2161 1.0272e+07 8821186.04  14.1% 24104 35911s
   242   259 8928955.92   53 2167 1.0272e+07 8821186.04  14.1% 23640 37389s
   258   278 8929373.78   54 2139 1.0272e+07 8821186.04  14.1% 23005 37893s
   277   300 8935344.63   63 2118 1.0272e+07 8821186.04  14.1% 22306 38266s
   299   319 9047877.47   70 2091 1.0272e+07 8821186.04  14.1% 21519 38719s
   320   341 9044080.24   71 2077 1.0272e+07 8821186.04  14.1% 20932 45634s
   344   367 9069973.33   72 2056 1.0272e+07 8821186.04  14.1% 23006 46400s
   370   390 9086540.60   76 2100 1.0272e+07 8821186.04  14.1% 22314 47156s
   393   418 9098121.70   85 2106 1.0272e+07 8821186.04  14.1% 22290 47781s
   421   450 9110644.58   92 2041 1.0272e+07 8821186.04  14.1% 21720 48271s
   453   484 9121380.70  104 2070 1.0272e+07 8821186.04  14.1% 20981 49365s
   487   515 9222598.08  114 2041 1.0272e+07 8821186.04  14.1% 20587 50324s
   505   515 9048901.73  115 2007 1.0272e+07 8821186.04  14.1% 20157 50325s
   520   557 9214829.65  122 2075 1.0272e+07 8821186.04  14.1% 20189 52183s
   562   575 9229499.27  134 2038 1.0272e+07 8821186.04  14.1% 19616 52841s
   580   611 9253705.05  136 1998 1.0272e+07 8821186.04  14.1% 19326 53531s
   616   645 9250596.59  151 1997 1.0272e+07 8821186.04  14.1% 18941 54228s
   650   675 9274269.12  154 1976 1.0272e+07 8821186.04  14.1% 18729 54953s
   680   708 9308788.87  161 1998 1.0272e+07 8821186.04  14.1% 18624 55947s
   713   746 9344997.80  171 1980 1.0272e+07 8821186.04  14.1% 18564 56817s
   751   773 9397481.66  177 1939 1.0272e+07 8821186.04  14.1% 18419 57918s
   778   800 9428996.62  182 1927 1.0272e+07 8821186.04  14.1% 18627 58728s
   805   834 9440350.71  187 1943 1.0272e+07 8821186.04  14.1% 18773 59591s
   839   879 9472751.61  190 1863 1.0272e+07 8821186.04  14.1% 18811 60446s
   884   933 9521223.15  199 1829 1.0272e+07 8821186.04  14.1% 18617 61329s
   938   988 9551338.53  212 1813 1.0272e+07 8821186.04  14.1% 18306 62282s
   993  1019 9569828.93  219 1851 1.0272e+07 8821186.04  14.1% 18025 63129s
  1024  1072 9578230.81  228 1854 1.0272e+07 8821186.04  14.1% 17924 64207s
  1077  1116 9606919.07  240 1835 1.0272e+07 8821186.04  14.1% 17790 65482s
  1121  1170 9635813.24  248 1800 1.0272e+07 8821186.04  14.1% 17864 66509s
  1177  1219 9869776.50  260 1762 1.0272e+07 8821186.04  14.1% 17800 67570s
  1226  1263 9798454.28  270 1721 1.0272e+07 8821186.04  14.1% 17810 68531s
  1270  1334 9830889.55  284 1702 1.0272e+07 8821186.04  14.1% 17635 69611s
  1341  1431 9956367.99  300 1683 1.0272e+07 8821186.04  14.1% 17391 70691s
  1440  1556 1.0032e+07  319 1700 1.0272e+07 8821186.04  14.1% 16948 71739s
  1565  1684 1.0094e+07  350 1610 1.0272e+07 8821205.59  14.1% 16344 72820s
  1704  1789 8844299.97   15 2096 1.0272e+07 8821205.59  14.1% 15734 73894s
  1809  1890 8857130.58   37 2182 1.0272e+07 8821205.59  14.1% 15749 75202s
  1910  2033 8877173.58   52 2160 1.0272e+07 8821205.59  14.1% 15562 76603s
  2053  2257 8905344.24   68 2067 1.0272e+07 8821205.59  14.1% 14994 77932s
  2279  2521 8912662.02   72 2069 1.0272e+07 8821205.59  14.1% 13983 79325s
  2545  2825 8924728.20   82 2010 1.0272e+07 8821205.59  14.1% 12949 80606s
  2853  3157 8940567.97   94 2106 1.0272e+07 8821205.59  14.1% 11874 81862s
  3203  3330 8956840.91  120 2068 1.0272e+07 8821205.59  14.1% 10923 83005s
  3389  3461 8974238.94  145 2063 1.0272e+07 8821205.59  14.1% 10767 84004s

Cutting planes:
  Gomory: 7
  Cover: 6
  Implied bound: 840
  Clique: 12
  MIR: 646
  StrongCG: 14
  Flow cover: 4375
  Zero half: 4
  Network: 1
  RLT: 728
  Relax-and-lift: 967

Explored 3522 nodes (41657345 simplex iterations) in 84004.29 seconds (69768.91 work units)
Thread count was 4 (of 128 available processors)

Solution count 2: 1.02719e+07 1.02905e+07 

Time limit reached
Best objective 1.027185800000e+07, best bound 8.821205587674e+06, gap 14.1226%

Solving took 	23:20:04.292
####################################################################################################
####################################################################################################
####################################################################################################
Reached timelimit, but could find a feasible solution
####################################################################################################
Description                          Value
----------------------------  ------------
Objective (min)               10,271,858.0
Cost sailing                   5,790,086.0
Cost port visits               6,138,920.0
Cost transshipment (demands)      88,504.0
Cost transshipment (empties)     130,583.0
Penalty delayed demands          354,769.0
Revenue Empties                2,646,404.0
Penalty rejected demands         415,400.0
Rejected demands (%)                  0.08
Omitted ports (%)                    24.87
Gap (%)                              14.12
####################################################################################################
Export solution
####################################################################################################
Overall time 	23:20:06.900

real	1400m8.505s
user	3573m22.234s
sys	0m34.514s
finished at Sat Mar 18 11:38:58 CET 2023
