cpu-bind=MASK - n2lcn0129, task  0  0 [742266]: mask |--------|--------||--------|--------||--------|--------||--------|--------||||--------|--------||BBBB----|--------||--------|--------||--------|--------|  set
started at Fri Mar 17 12:18:50 CET 2023
Timecheck 10015677.84540693
Set parameter TokenServer to value "license3.uni-paderborn.de"
Warning: Gurobi version mismatch between Python 10.0.1 and C library 10.0.0
Timecheck 10015677.860460913
Timecheck 10015677.8606826
Timecheck 10015677.860713849
Timecheck 10015677.860734828


####################################################################################################
Solve scenario sce_3_26_1 with free vessel operation using the arc flow model
Vessels cannot omit ports, Demands can be rejected
####################################################################################################
Data preprocessing, load /upb/departments/pc2/groups/hpc-prf-winf4/dwetzel/SILSRP/inst_final/sce_3_26_1
and create additional sets and parameters
	|- Read vessel information, number of vessels:	5
	|- Read node information, number of nodes:		369
	|- Read arc information
		|- Number of sailing arcs:			1499
		|- Number of transshipment arcs:	497
	|- Read container information
		|- Number of demands:		605
		|- Number of empties (+/-):	152/140
	|- Create additional sets and parameters

Data preprocessing took 	00:00:00.275
####################################################################################################
Create linear model
Set parameter Threads to value 4
	|- Create variables, took	00:00:00.296
	|- Create objective, took	00:00:00.233
	|- Create constraints, took	00:00:01.087
	|- Load heuristic start

Creating model took	00:00:01.646
####################################################################################################
Fix start solution

Set parameter TimeLimit to value 8.6336831060504541e+04
Gurobi Optimizer version 10.0.0 build v10.0.0rc2 (linux64)

CPU model: AMD EPYC 7763 64-Core Processor, instruction set [SSE2|AVX|AVX2]
Thread count: 128 physical cores, 128 logical processors, using up to 4 threads

Optimize a model with 23745 rows, 80428 columns and 273383 nonzeros
Model fingerprint: 0x76723156
Variable types: 71965 continuous, 8463 integer (8463 binary)
Coefficient statistics:
  Matrix range     [1e+00, 3e+05]
  Objective range  [1e+00, 1e+00]
  Bounds range     [1e+00, 3e+02]
  RHS range        [1e+00, 3e+07]
Presolve removed 20931 rows and 74673 columns
Presolve time: 0.16s
Presolved: 2814 rows, 5755 columns, 18385 nonzeros
Variable types: 5288 continuous, 467 integer (467 binary)
Found heuristic solution: objective 2.449079e+07

Root relaxation: objective 1.891999e+07, 879 iterations, 0.01 seconds (0.01 work units)

    Nodes    |    Current Node    |     Objective Bounds      |     Work
 Expl Unexpl |  Obj  Depth IntInf | Incumbent    BestBd   Gap | It/Node Time

*    0     0               0    1.891999e+07 1.8920e+07  0.00%     -    0s

Explored 1 nodes (879 simplex iterations) in 0.23 seconds (0.21 work units)
Thread count was 4 (of 128 available processors)

Solution count 2: 1.892e+07 2.44908e+07 

Optimal solution found (tolerance 1.00e-04)
Best objective 1.891998800000e+07, best bound 1.891998800000e+07, gap 0.0000%

Fixing start solution took	00:00:01.918
####################################################################################################
####################################################################################################
Solve optimization model

Set parameter TimeLimit to value 8.6336586681796238e+04
Gurobi Optimizer version 10.0.0 build v10.0.0rc2 (linux64)

CPU model: AMD EPYC 7763 64-Core Processor, instruction set [SSE2|AVX|AVX2]
Thread count: 128 physical cores, 128 logical processors, using up to 4 threads

Optimize a model with 23377 rows, 80428 columns and 273015 nonzeros
Model fingerprint: 0x4f21cb24
Variable types: 71965 continuous, 8463 integer (8463 binary)
Coefficient statistics:
  Matrix range     [1e+00, 3e+05]
  Objective range  [1e+00, 1e+00]
  Bounds range     [1e+00, 3e+02]
  RHS range        [1e+00, 3e+07]

MIP start from previous solve produced solution with objective 1.892e+07 (0.15s)
Loaded MIP start from previous solve with objective 1.892e+07

Presolve removed 3648 rows and 4036 columns
Presolve time: 0.64s
Presolved: 19729 rows, 76392 columns, 226388 nonzeros
Variable types: 68769 continuous, 7623 integer (7623 binary)
Deterministic concurrent LP optimizer: primal and dual simplex
Showing first log only...


Root simplex log...

Iteration    Objective       Primal Inf.    Dual Inf.      Time
   40919    2.7181055e+07   3.036024e+01   4.159693e+08      5s
Concurrent spin time: 0.00s

Solved with dual simplex

Root simplex log...

Iteration    Objective       Primal Inf.    Dual Inf.      Time
   47314    1.7206454e+07   0.000000e+00   0.000000e+00      7s

Root relaxation: objective 1.720645e+07, 47314 iterations, 5.85 seconds (5.50 work units)

    Nodes    |    Current Node    |     Objective Bounds      |     Work
 Expl Unexpl |  Obj  Depth IntInf | Incumbent    BestBd   Gap | It/Node Time

     0     0 1.7206e+07    0 1398 1.8920e+07 1.7206e+07  9.06%     -    7s
     0     0 1.7448e+07    0 1486 1.8920e+07 1.7448e+07  7.78%     -   27s
     0     0 1.7458e+07    0 1491 1.8920e+07 1.7458e+07  7.73%     -   34s
     0     0 1.7459e+07    0 1475 1.8920e+07 1.7459e+07  7.72%     -   35s
     0     0 1.7459e+07    0 1483 1.8920e+07 1.7459e+07  7.72%     -   36s
     0     0 1.7459e+07    0 1497 1.8920e+07 1.7459e+07  7.72%     -   37s
     0     0 1.7459e+07    0 1485 1.8920e+07 1.7459e+07  7.72%     -   38s
     0     0 1.7545e+07    0 1552 1.8920e+07 1.7545e+07  7.26%     -   72s
     0     0 1.7563e+07    0 1539 1.8920e+07 1.7563e+07  7.17%     -   89s
     0     0 1.7567e+07    0 1549 1.8920e+07 1.7567e+07  7.15%     -   98s
     0     0 1.7569e+07    0 1546 1.8920e+07 1.7569e+07  7.14%     -  106s
     0     0 1.7569e+07    0 1539 1.8920e+07 1.7569e+07  7.14%     -  109s
     0     0 1.7569e+07    0 1535 1.8920e+07 1.7569e+07  7.14%     -  110s
     0     0 1.7569e+07    0 1549 1.8920e+07 1.7569e+07  7.14%     -  111s
H    0     0                    1.891803e+07 1.7604e+07  6.95%     -  137s
     0     0 1.7604e+07    0 1542 1.8918e+07 1.7604e+07  6.95%     -  137s
     0     0 1.7615e+07    0 1566 1.8918e+07 1.7615e+07  6.89%     -  155s
     0     0 1.7617e+07    0 1562 1.8918e+07 1.7617e+07  6.88%     -  164s
     0     0 1.7618e+07    0 1599 1.8918e+07 1.7618e+07  6.87%     -  170s
     0     0 1.7618e+07    0 1582 1.8918e+07 1.7618e+07  6.87%     -  173s
     0     0 1.7618e+07    0 1601 1.8918e+07 1.7618e+07  6.87%     -  174s
     0     0 1.7627e+07    0 1559 1.8918e+07 1.7627e+07  6.82%     -  193s
     0     0 1.7631e+07    0 1525 1.8918e+07 1.7631e+07  6.80%     -  204s
     0     0 1.7632e+07    0 1540 1.8918e+07 1.7632e+07  6.80%     -  210s
     0     0 1.7633e+07    0 1509 1.8918e+07 1.7633e+07  6.79%     -  213s
     0     0 1.7633e+07    0 1526 1.8918e+07 1.7633e+07  6.79%     -  215s
     0     0 1.7633e+07    0 1510 1.8918e+07 1.7633e+07  6.79%     -  217s
     0     0 1.7646e+07    0 1517 1.8918e+07 1.7646e+07  6.73%     -  228s
     0     0 1.7650e+07    0 1523 1.8918e+07 1.7650e+07  6.70%     -  236s
     0     0 1.7651e+07    0 1547 1.8918e+07 1.7651e+07  6.70%     -  245s
     0     0 1.7652e+07    0 1546 1.8918e+07 1.7652e+07  6.69%     -  249s
     0     0 1.7652e+07    0 1570 1.8918e+07 1.7652e+07  6.69%     -  250s
     0     0 1.7654e+07    0 1539 1.8918e+07 1.7654e+07  6.68%     -  262s
     0     0 1.7655e+07    0 1571 1.8918e+07 1.7655e+07  6.68%     -  267s
     0     0 1.7656e+07    0 1539 1.8918e+07 1.7656e+07  6.67%     -  270s
     0     0 1.7656e+07    0 1566 1.8918e+07 1.7656e+07  6.67%     -  272s
     0     0 1.7657e+07    0 1572 1.8918e+07 1.7657e+07  6.67%     -  277s
     0     0 1.7657e+07    0 1562 1.8918e+07 1.7657e+07  6.66%     -  281s
     0     0 1.7657e+07    0 1569 1.8918e+07 1.7657e+07  6.66%     -  283s
     0     0 1.7658e+07    0 1537 1.8918e+07 1.7658e+07  6.66%     -  287s
     0     0 1.7658e+07    0 1549 1.8918e+07 1.7658e+07  6.66%     -  288s
     0     0 1.7658e+07    0 1581 1.8918e+07 1.7658e+07  6.66%     -  289s
     0     0 1.7658e+07    0 1572 1.8918e+07 1.7658e+07  6.66%     -  291s
     0     0 1.7658e+07    0 1572 1.8918e+07 1.7658e+07  6.66%     -  291s
     0     2 1.7658e+07    0 1553 1.8918e+07 1.7658e+07  6.66%     -  294s
     3     8 1.7658e+07    2 1508 1.8918e+07 1.7658e+07  6.66%   299  307s
     7    12 1.7658e+07    3 1470 1.8918e+07 1.7658e+07  6.66%   558  311s
    11    16 1.7658e+07    3 1487 1.8918e+07 1.7658e+07  6.66%   635  318s
    15    20 1.7658e+07    4 1473 1.8918e+07 1.7658e+07  6.66%  1174  324s
    19    24 1.7658e+07    4 1435 1.8918e+07 1.7658e+07  6.66%  1261  339s
    23    29 1.7658e+07    5 1433 1.8918e+07 1.7658e+07  6.66%  1285  349s
    28    33 1.7664e+07    6 1462 1.8918e+07 1.7658e+07  6.66%  1830  359s
    32    38 1.7663e+07    7 1449 1.8918e+07 1.7658e+07  6.66%  1829  374s
    37    45 1.7668e+07    8 1389 1.8918e+07 1.7658e+07  6.66%  2143  385s
    44    55 1.7691e+07    8 1412 1.8918e+07 1.7658e+07  6.66%  2248  396s
    54    61 1.7791e+07    9 1438 1.8918e+07 1.7658e+07  6.66%  2214  415s
    60    65 1.7678e+07    9 1433 1.8918e+07 1.7658e+07  6.66%  2539  430s
    64    75 1.7678e+07   10 1410 1.8918e+07 1.7658e+07  6.66%  2676  455s
    74    81 1.7700e+07   14 1377 1.8918e+07 1.7658e+07  6.66%  2712  472s
    80    87 1.7778e+07   14 1346 1.8918e+07 1.7658e+07  6.66%  2910  498s
    86   101 1.7700e+07   15 1378 1.8918e+07 1.7658e+07  6.66%  3085  519s
    93   101 1.7734e+07   13 1430 1.8918e+07 1.7658e+07  6.66%  3020  520s
   100   108 1.7747e+07   18 1427 1.8918e+07 1.7658e+07  6.66%  3034  551s
   107   121 1.7775e+07   20 1310 1.8918e+07 1.7658e+07  6.66%  3343  594s
   120   137 1.7787e+07   22 1313 1.8918e+07 1.7658e+07  6.66%  3433  618s
   136   145 1.7814e+07   24 1332 1.8918e+07 1.7658e+07  6.66%  3353  642s
   144   160 1.7835e+07   26 1290 1.8918e+07 1.7658e+07  6.66%  3512  671s
   159   179 1.8290e+07   31 1283 1.8918e+07 1.7658e+07  6.66%  3473  694s
   178   204 1.7962e+07   34 1241 1.8918e+07 1.7658e+07  6.66%  3428  723s
   203   226 1.7985e+07   39 1226 1.8918e+07 1.7658e+07  6.66%  3287  748s
   225   251 1.8000e+07   49 1208 1.8918e+07 1.7658e+07  6.66%  3212  781s
   250   273 1.8009e+07   55 1192 1.8918e+07 1.7658e+07  6.66%  3164  813s
   272   288 1.8069e+07   59 1150 1.8918e+07 1.7658e+07  6.66%  3203  844s
   287   301 1.8083e+07   64 1145 1.8918e+07 1.7658e+07  6.66%  3258  878s
   300   314 1.8129e+07   69 1105 1.8918e+07 1.7658e+07  6.66%  3406  914s
   304   314 1.8296e+07   49 1176 1.8918e+07 1.7658e+07  6.66%  3426  915s
   313   325 1.8154e+07   71 1018 1.8918e+07 1.7658e+07  6.66%  3532  957s
   324   349 1.8144e+07   73 1080 1.8918e+07 1.7658e+07  6.66%  3630  992s
   350   364 1.8168e+07   83 1060 1.8918e+07 1.7658e+07  6.66%  3613 1019s
   365   383 1.8230e+07   86 1063 1.8918e+07 1.7658e+07  6.66%  3716 1055s
   384   411 1.8260e+07   92 1035 1.8918e+07 1.7658e+07  6.66%  3782 1094s
   412   435 1.8364e+07   97  886 1.8918e+07 1.7658e+07  6.66%  3809 1124s
   436   460 1.8385e+07   99 1002 1.8918e+07 1.7658e+07  6.66%  3836 1156s
   461   488 1.8558e+07  102  926 1.8918e+07 1.7658e+07  6.66%  3880 1200s
   491   519 1.8479e+07  108  864 1.8918e+07 1.7658e+07  6.66%  3878 1240s
   522   550 1.8673e+07  112  730 1.8918e+07 1.7658e+07  6.66%  3894 1275s
   555   600 1.8680e+07  116  703 1.8918e+07 1.7658e+07  6.66%  3894 1314s
   605   650 1.8645e+07  124  681 1.8918e+07 1.7658e+07  6.66%  3743 1353s
   657   731 1.8873e+07  140  525 1.8918e+07 1.7658e+07  6.66%  3662 1404s
   744   809 1.7704e+07    8 1316 1.8918e+07 1.7658e+07  6.66%  3378 1458s
   842   847 1.7734e+07   13 1365 1.8918e+07 1.7658e+07  6.66%  3132 1495s
   888   880 1.7753e+07   15 1308 1.8918e+07 1.7658e+07  6.66%  3086 1534s
   929   900 1.7840e+07   15 1256 1.8918e+07 1.7658e+07  6.66%  3083 1595s
   949   919 1.7908e+07   17 1294 1.8918e+07 1.7658e+07  6.66%  3154 1637s
   968   949 1.7919e+07   17 1232 1.8918e+07 1.7658e+07  6.66%  3200 1682s
   998   966 1.7899e+07   21 1249 1.8918e+07 1.7658e+07  6.66%  3221 1746s
  1015  1005 1.7938e+07   22 1160 1.8918e+07 1.7658e+07  6.66%  3276 1796s
  1055  1006 1.7788e+07   18 1572 1.8918e+07 1.7658e+07  6.66%  3279 2099s
  1057  1007 1.7998e+07   25 1346 1.8918e+07 1.7658e+07  6.66%  3273 2110s
  1058  1008 1.8032e+07   30 1493 1.8918e+07 1.7658e+07  6.66%  3270 2146s
  1059  1009 1.8598e+07  100 1490 1.8918e+07 1.7658e+07  6.66%  3267 2173s
  1060  1009 1.8057e+07   41 1463 1.8918e+07 1.7658e+07  6.66%  3264 2194s
  1061  1010 1.8051e+07   42 1480 1.8918e+07 1.7658e+07  6.66%  3260 2204s
  1062  1011 1.8573e+07  113 1520 1.8918e+07 1.7658e+07  6.66%  3257 2223s
  1063  1011 1.8800e+07  149 1482 1.8918e+07 1.7658e+07  6.66%  3254 2233s
  1064  1012 1.7897e+07   46 1487 1.8918e+07 1.7658e+07  6.66%  3251 2239s
  1065  1013 1.7734e+07   14 1520 1.8918e+07 1.7658e+07  6.66%  3248 2242s
  1066  1013 1.7736e+07   11 1518 1.8918e+07 1.7658e+07  6.66%  3245 2246s
  1073  1018 1.7929e+07   45 1513 1.8918e+07 1.7658e+07  6.66%  3224 2252s
  1074  1019 1.8242e+07   66 1455 1.8918e+07 1.7663e+07  6.64%  3221 2263s
  1075  1019 1.7810e+07   24 1514 1.8918e+07 1.7664e+07  6.63%  3218 2269s
  1076  1020 1.8042e+07   57 1509 1.8918e+07 1.7664e+07  6.63%  3215 2272s
  1080  1023 1.8623e+07  138 1503 1.8918e+07 1.7665e+07  6.63%  3203 2275s
  1084  1025 1.7758e+07   32 1515 1.8918e+07 1.7665e+07  6.63%  3191 2281s
  1085  1026 1.8286e+07   70 1506 1.8918e+07 1.7668e+07  6.61%  3188 2296s
  1086  1027 1.7853e+07   29 1498 1.8918e+07 1.7669e+07  6.60%  3185 2301s
  1089  1029 1.8015e+07   55 1506 1.8918e+07 1.7670e+07  6.60%  3177 2305s
  1092  1031 1.8063e+07   61 1521 1.8918e+07 1.7671e+07  6.59%  3168 2318s
  1093  1031 1.7713e+07   10 1550 1.8918e+07 1.7671e+07  6.59%  3165 2321s
  1097  1034 1.8399e+07   92 1534 1.8918e+07 1.7671e+07  6.59%  3153 2325s
  1100  1036 1.8513e+07  111 1507 1.8918e+07 1.7672e+07  6.58%  3145 2338s
  1101  1037 1.7916e+07   44 1500 1.8918e+07 1.7673e+07  6.58%  3142 2340s
  1106  1040 1.8083e+07   64 1533 1.8918e+07 1.7673e+07  6.58%  3128 2348s
  1107  1041 1.8147e+07   76 1477 1.8918e+07 1.7673e+07  6.58%  3125 2353s
  1109  1042 1.8550e+07  135 1505 1.8918e+07 1.7673e+07  6.58%  3119 2355s
  1112  1044 1.8388e+07   88 1484 1.8918e+07 1.7675e+07  6.57%  3111 2363s
  1114  1045 1.7758e+07   33 1493 1.8918e+07 1.7675e+07  6.57%  3105 2365s
  1118  1048 1.8218e+07   90 1457 1.8918e+07 1.7678e+07  6.55%  3094 2379s
  1119  1049 1.7756e+07   14 1491 1.8918e+07 1.7678e+07  6.55%  3091 2380s
  1124  1052 1.8183e+07   84 1449 1.8918e+07 1.7679e+07  6.55%  3078 2385s
  1128  1055 1.8218e+07   90 1419 1.8918e+07 1.7683e+07  6.53%  3067 2395s
  1131  1057 1.8317e+07   70 1470 1.8918e+07 1.7683e+07  6.53%  3059 2400s
  1135  1059 1.8875e+07  157 1471 1.8918e+07 1.7683e+07  6.53%  3048 2406s
  1136  1060 1.7905e+07   42 1501 1.8918e+07 1.7688e+07  6.50%  3045 2413s
  1137  1061 1.7790e+07   13 1485 1.8918e+07 1.7688e+07  6.50%  3042 2415s
  1142  1064 1.8518e+07  124 1486 1.8918e+07 1.7688e+07  6.50%  3029 2422s
  1143  1065 1.7748e+07   15 1428 1.8918e+07 1.7690e+07  6.49%  3027 2429s
  1144  1065 1.8360e+07   81 1458 1.8918e+07 1.7691e+07  6.49%  3024 2435s
  1146  1067 1.8116e+07   74 1504 1.8918e+07 1.7691e+07  6.48%  3019 2441s
  1150  1069 1.8576e+07  111 1514 1.8918e+07 1.7691e+07  6.48%  3008 2447s
  1151  1070 1.8050e+07   50 1478 1.8918e+07 1.7692e+07  6.48%  3005 2454s
  1152  1071 1.8820e+07  150 1482 1.8918e+07 1.7692e+07  6.48%  3003 2456s
  1156  1073 1.8841e+07  151 1507 1.8918e+07 1.7692e+07  6.48%  2992 2461s
  1157  1074 1.7998e+07   25 1509 1.8918e+07 1.7692e+07  6.48%  2990 2466s
  1160  1076 1.8057e+07   41 1534 1.8918e+07 1.7692e+07  6.48%  2982 2470s
  1161  1077 1.8051e+07   42 1496 1.8918e+07 1.7697e+07  6.45%  2980 2475s
  1165  1079 1.7734e+07   14 1521 1.8918e+07 1.7698e+07  6.45%  2969 2480s
  1170  1083 1.7894e+07   38 1535 1.8918e+07 1.7698e+07  6.45%  2957 2486s
  1172  1084 1.8291e+07   32 1498 1.8918e+07 1.7698e+07  6.45%  2952 2490s
  1176  1087 1.8042e+07   57 1508 1.8918e+07 1.7698e+07  6.45%  2942 2495s
  1182  1091 1.8690e+07  139 1463 1.8918e+07 1.7700e+07  6.44%  2927 2505s
  1183  1091 1.7722e+07   26 1502 1.8918e+07 1.7700e+07  6.44%  2924 2511s
  1186  1093 1.7853e+07   29 1518 1.8918e+07 1.7701e+07  6.44%  2917 2515s
  1189  1095 1.8015e+07   55 1520 1.8918e+07 1.7718e+07  6.34%  2909 2528s
  1190  1096 1.8875e+07  157 1526 1.8918e+07 1.7720e+07  6.34%  2907 2534s
  1191  1097 1.7872e+07   44 1521 1.8918e+07 1.7720e+07  6.33%  2905 2538s
  1192  1097 1.8063e+07   61 1500 1.8918e+07 1.7721e+07  6.33%  2902 2541s
  1196  1100 1.8723e+07  140 1529 1.8918e+07 1.7721e+07  6.33%  2892 2545s
  1197  1101 1.8399e+07   92 1541 1.8918e+07 1.7722e+07  6.32%  2890 2551s
  1199  1102 1.8087e+07   40 1509 1.8918e+07 1.7722e+07  6.32%  2885 2555s
  1203  1105 1.8184e+07   84 1530 1.8918e+07 1.7723e+07  6.32%  2876 2562s
  1207  1107 1.8147e+07   76 1542 1.8918e+07 1.7723e+07  6.32%  2866 2566s
  1212  1111 1.8388e+07   88 1524 1.8918e+07 1.7723e+07  6.32%  2854 2571s
  1217  1114 1.7723e+07    4 1538 1.8918e+07 1.7723e+07  6.32%  2842 2576s
  1221  1117 1.8083e+07   65 1536 1.8918e+07 1.7723e+07  6.32%  2833 2580s
  1228  1122 1.8218e+07   90 1410 1.8918e+07 1.7723e+07  6.32%  3054 2591s
  1229  1123 1.8598e+07  100 1459 1.8918e+07 1.7723e+07  6.32%  3051 2632s
  1230  1124 1.8605e+07  119 1475 1.8918e+07 1.7723e+07  6.32%  3049 2672s
  1231  1124 1.8317e+07   70 1481 1.8918e+07 1.7723e+07  6.32%  3046 2695s
  1232  1125 1.7723e+07    8 1482 1.8918e+07 1.7723e+07  6.32%  3044 2714s
  1233  1126 1.7991e+07   46 1465 1.8918e+07 1.7723e+07  6.32%  3041 2733s
  1234  1126 1.8129e+07   70 1494 1.8918e+07 1.7723e+07  6.32%  3039 2745s
  1235  1127 1.8875e+07  157 1508 1.8918e+07 1.7723e+07  6.32%  3036 2753s
  1236  1128 1.7905e+07   42 1510 1.8918e+07 1.7723e+07  6.32%  3034 2757s
  1237  1128 1.7790e+07   13 1530 1.8918e+07 1.7723e+07  6.32%  3031 2761s
  1238  1129 1.7723e+07   24 1532 1.8918e+07 1.7723e+07  6.32%  3029 2766s
  1240  1130 1.8719e+07  147 1523 1.8918e+07 1.7723e+07  6.32%  3024 2770s
  1245  1134 1.7723e+07    6 1519 1.8918e+07 1.7723e+07  6.32%  3012 2776s
  1246  1134 1.8116e+07   74 1448 1.8918e+07 1.7724e+07  6.31%  3009 2786s
  1248  1136 1.7849e+07   34 1457 1.8918e+07 1.7724e+07  6.31%  3005 2790s
  1253  1139 1.8360e+07   81 1442 1.8918e+07 1.7725e+07  6.31%  2993 2801s
  1256  1141 1.8841e+07  151 1471 1.8918e+07 1.7727e+07  6.30%  2985 2807s
  1257  1142 1.7998e+07   25 1484 1.8918e+07 1.7727e+07  6.30%  2983 2814s
  1258  1142 1.8032e+07   30 1485 1.8918e+07 1.7727e+07  6.30%  2981 2816s
  1262  1145 1.8573e+07  113 1531 1.8918e+07 1.7727e+07  6.29%  2971 2820s
  1264  1146 1.7897e+07   46 1512 1.8918e+07 1.7727e+07  6.29%  2967 2830s
  1267  1148 1.8800e+07  149 1482 1.8918e+07 1.7727e+07  6.29%  2960 2837s
  1269  1150 1.8047e+07   50 1521 1.8918e+07 1.7727e+07  6.29%  2955 2840s
  1272  1152 1.8291e+07   32 1512 1.8918e+07 1.7727e+07  6.29%  2948 2845s
  1275  1154 1.7810e+07   24 1538 1.8918e+07 1.7727e+07  6.29%  2941 2854s
  1276  1154 1.8042e+07   57 1538 1.8918e+07 1.7727e+07  6.29%  2939 2857s
  1277  1155 1.8579e+07  118 1502 1.8918e+07 1.7729e+07  6.29%  2936 2866s
  1280  1157 1.8623e+07  138 1495 1.8918e+07 1.7729e+07  6.29%  2929 2870s
  1283  1159 1.7735e+07   26 1525 1.8918e+07 1.7735e+07  6.25%  2923 2881s
  1284  1160 1.7758e+07   32 1495 1.8918e+07 1.7736e+07  6.25%  2920 2885s
  1286  1161 1.7853e+07   29 1460 1.8918e+07 1.7737e+07  6.24%  2916 2906s
  1287  1162 1.7737e+07   22 1503 1.8918e+07 1.7737e+07  6.24%  2914 2910s
  1292  1165 1.8063e+07   61 1468 1.8918e+07 1.7740e+07  6.23%  2902 2928s
  1293  1166 1.7740e+07   10 1499 1.8918e+07 1.7740e+07  6.23%  2900 2932s
  1296  1168 1.8723e+07  140 1489 1.8918e+07 1.7740e+07  6.23%  2893 2935s
  1299  1170 1.8087e+07   40 1491 1.8918e+07 1.7740e+07  6.23%  2887 2946s
  1302  1172 1.7821e+07   23 1511 1.8918e+07 1.7740e+07  6.23%  2880 2951s
  1303  1172 1.8184e+07   84 1457 1.8918e+07 1.7740e+07  6.23%  2878 2955s
  1310  1177 1.7740e+07    7 1509 1.8918e+07 1.7740e+07  6.23%  2862 2961s
  1311  1178 1.7758e+07   32 1463 1.8918e+07 1.7740e+07  6.23%  2860 2967s
  1314  1180 1.7758e+07   33 1473 1.8918e+07 1.7740e+07  6.23%  2854 2972s
  1317  1182 1.7740e+07    4 1495 1.8918e+07 1.7740e+07  6.23%  2847 2975s
  1323  1186 1.8000e+07   52 1516 1.8918e+07 1.7740e+07  6.22%  2834 2980s
  1327  1188 1.7740e+07    8 1501 1.8918e+07 1.7740e+07  6.22%  2826 2985s
  1334  1194 1.8129e+07   70 1368 1.8918e+07 1.7740e+07  6.22%  3002 2996s
  1335  1195 1.8875e+07  157 1457 1.8918e+07 1.7740e+07  6.22%  3000 3031s
  1336  1196 1.7905e+07   42 1470 1.8918e+07 1.7740e+07  6.22%  2998 3064s
  1337  1196 1.7790e+07   13 1438 1.8918e+07 1.7740e+07  6.22%  2995 3087s
  1338  1197 1.7740e+07   24 1479 1.8918e+07 1.7740e+07  6.22%  2993 3104s
  1339  1198 1.8479e+07  109 1483 1.8918e+07 1.7740e+07  6.22%  2991 3124s
  1340  1198 1.8719e+07  147 1480 1.8918e+07 1.7740e+07  6.22%  2989 3145s
  1341  1199 1.7938e+07   23 1527 1.8918e+07 1.7740e+07  6.22%  2987 3156s
  1342  1200 1.8518e+07  124 1492 1.8918e+07 1.7740e+07  6.22%  2984 3165s
  1343  1200 1.7748e+07   15 1528 1.8918e+07 1.7740e+07  6.22%  2982 3171s
  1344  1201 1.8360e+07   81 1498 1.8918e+07 1.7740e+07  6.22%  2980 3175s
  1346  1202 1.8116e+07   74 1491 1.8918e+07 1.7740e+07  6.22%  2975 3183s
  1350  1205 1.8576e+07  111 1514 1.8918e+07 1.7740e+07  6.22%  2967 3185s
  1353  1207 1.8360e+07   81 1490 1.8918e+07 1.7741e+07  6.22%  2960 3199s
  1354  1208 1.8219e+07   69 1487 1.8918e+07 1.7741e+07  6.22%  2958 3201s
  1357  1210 1.7998e+07   25 1501 1.8918e+07 1.7741e+07  6.22%  2951 3205s
  1358  1210 1.8032e+07   30 1495 1.8918e+07 1.7741e+07  6.22%  2949 3212s
  1361  1212 1.8051e+07   42 1495 1.8918e+07 1.7741e+07  6.22%  2943 3216s
  1362  1213 1.8573e+07  113 1494 1.8918e+07 1.7741e+07  6.22%  2941 3223s
  1364  1214 1.7897e+07   46 1489 1.8918e+07 1.7741e+07  6.22%  2936 3225s
  1367  1216 1.8800e+07  149 1493 1.8918e+07 1.7742e+07  6.22%  2930 3234s
  1368  1217 1.8573e+07  120 1509 1.8918e+07 1.7742e+07  6.22%  2928 3235s
  1371  1219 1.8690e+07  139 1502 1.8918e+07 1.7742e+07  6.22%  2921 3244s
  1372  1220 1.8291e+07   32 1487 1.8918e+07 1.7742e+07  6.22%  2919 3245s
  1375  1222 1.7810e+07   24 1465 1.8918e+07 1.7742e+07  6.22%  2913 3253s
  1377  1223 1.8579e+07  118 1524 1.8918e+07 1.7742e+07  6.22%  2908 3256s
  1378  1224 1.7875e+07   33 1487 1.8918e+07 1.7742e+07  6.22%  2906 3263s
  1381  1226 1.7805e+07   25 1492 1.8918e+07 1.7742e+07  6.22%  2900 3266s
  1383  1227 1.7742e+07   26 1482 1.8918e+07 1.7742e+07  6.22%  2896 3272s
  1384  1228 1.7758e+07   32 1473 1.8918e+07 1.7742e+07  6.22%  2894 3275s
  1386  1229 1.7853e+07   29 1466 1.8918e+07 1.7742e+07  6.22%  2890 3281s
  1388  1230 1.8085e+07   67 1494 1.8918e+07 1.7742e+07  6.22%  2885 3286s
  1393  1235 1.7742e+07   10 1351 1.8918e+07 1.7742e+07  6.22%  3030 3296s
  1394  1236 1.8192e+07   72 1428 1.8918e+07 1.7742e+07  6.22%  3028 3326s
  1395  1237 1.7775e+07   21 1490 1.8918e+07 1.7742e+07  6.22%  3026 3349s
  1396  1237 1.8723e+07  140 1476 1.8918e+07 1.7742e+07  6.22%  3024 3374s
  1397  1238 1.8399e+07   92 1460 1.8918e+07 1.7742e+07  6.22%  3022 3393s
  1398  1239 1.7839e+07   18 1493 1.8918e+07 1.7742e+07  6.22%  3020 3402s
  1399  1239 1.8087e+07   40 1502 1.8918e+07 1.7742e+07  6.22%  3017 3412s
  1400  1240 1.8513e+07  111 1487 1.8918e+07 1.7742e+07  6.22%  3015 3423s
  1401  1241 1.7916e+07   44 1505 1.8918e+07 1.7742e+07  6.22%  3013 3429s
  1402  1241 1.7821e+07   23 1451 1.8918e+07 1.7742e+07  6.22%  3011 3433s
  1403  1242 1.8184e+07   84 1477 1.8918e+07 1.7742e+07  6.22%  3009 3435s
  1405  1243 1.7742e+07    5 1484 1.8918e+07 1.7742e+07  6.22%  3004 3440s
  1409  1246 1.8550e+07  135 1482 1.8918e+07 1.7742e+07  6.22%  2996 3445s
  1412  1248 1.8388e+07   88 1468 1.8918e+07 1.7742e+07  6.22%  2990 3454s
  1413  1249 1.8874e+07  150 1461 1.8918e+07 1.7742e+07  6.21%  2987 3455s
  1416  1251 1.8361e+07   81 1467 1.8918e+07 1.7742e+07  6.21%  2981 3462s
  1419  1253 1.7756e+07   14 1505 1.8918e+07 1.7742e+07  6.21%  2975 3466s
  1420  1253 1.8388e+07   80 1509 1.8918e+07 1.7742e+07  6.21%  2973 3470s
  1422  1255 1.8147e+07   81 1506 1.8918e+07 1.7742e+07  6.21%  2969 3476s
  1425  1257 1.8857e+07  131 1502 1.8918e+07 1.7742e+07  6.21%  2962 3482s
  1427  1258 1.7742e+07    8 1496 1.8918e+07 1.7742e+07  6.21%  2958 3487s
  1428  1259 1.8218e+07   90 1494 1.8918e+07 1.7742e+07  6.21%  2956 3490s
  1430  1260 1.8605e+07  119 1491 1.8918e+07 1.7742e+07  6.21%  2952 3495s
  1432  1261 1.7742e+07    8 1471 1.8918e+07 1.7742e+07  6.21%  2948 3501s
  1434  1263 1.8129e+07   70 1487 1.8918e+07 1.7742e+07  6.21%  2944 3513s
  1435  1263 1.8875e+07  157 1487 1.8918e+07 1.7742e+07  6.21%  2942 3515s
  1438  1270 1.7743e+07   56 1490 1.8918e+07 1.7743e+07  6.21%  3063 3549s
  1442  1273 1.7743e+07   57 1511 1.8918e+07 1.7743e+07  6.21%  3071 3555s
  1446  1276 1.7849e+07   57 1450 1.8918e+07 1.7743e+07  6.21%  3076 3569s
  1450  1278 1.7744e+07   58 1543 1.8918e+07 1.7743e+07  6.21%  3083 3579s
  1454  1281 1.7751e+07   58 1407 1.8918e+07 1.7743e+07  6.21%  3082 3592s
  1458  1288 1.7744e+07   59 1527 1.8918e+07 1.7744e+07  6.21%  3087 3606s
  1466  1292 1.7744e+07   60 1554 1.8918e+07 1.7744e+07  6.21%  3082 3632s
  1473  1295 1.7744e+07   61 1513 1.8918e+07 1.7744e+07  6.21%  3090 3644s
  1478  1299 1.7772e+07   61 1402 1.8918e+07 1.7744e+07  6.21%  3102 3665s
  1484  1301 1.7748e+07   62 1515 1.8918e+07 1.7744e+07  6.21%  3106 3683s
  1488  1306 1.7750e+07   62 1423 1.8918e+07 1.7744e+07  6.21%  3119 3708s
  1494  1311 1.7748e+07   63 1503 1.8918e+07 1.7744e+07  6.21%  3121 3803s
  1501  1314 1.7751e+07   64 1496 1.8918e+07 1.7744e+07  6.21%  3208 3826s
  1507  1317 1.7760e+07   64 1506 1.8918e+07 1.7744e+07  6.21%  3217 3849s
  1512  1321 1.7753e+07   65 1530 1.8918e+07 1.7744e+07  6.21%  3233 3881s
  1517  1324 1.7763e+07   65 1398 1.8918e+07 1.7744e+07  6.21%  3259 3907s
  1522  1329 1.7753e+07   66 1523 1.8918e+07 1.7744e+07  6.21%  3268 3959s
  1529  1335 1.7757e+07   67 1496 1.8918e+07 1.7744e+07  6.21%  3308 3992s
  1537  1337 1.7758e+07   68 1448 1.8918e+07 1.7744e+07  6.21%  3340 4035s
  1542  1342 1.7780e+07   68 1437 1.8918e+07 1.7744e+07  6.21%  3380 4064s
  1548  1349 1.7758e+07   69 1436 1.8918e+07 1.7744e+07  6.21%  3389 4099s
  1557  1355 1.7765e+07   70 1374 1.8918e+07 1.7744e+07  6.21%  3410 4130s
  1566  1363 1.7832e+07   71 1367 1.8918e+07 1.7744e+07  6.21%  3439 4172s
  1577  1371 1.7775e+07   72 1458 1.8918e+07 1.7744e+07  6.21%  3449 4212s
  1589  1374 1.7796e+07   73 1405 1.8918e+07 1.7744e+07  6.21%  3457 4250s
  1596  1381 1.7793e+07   73 1389 1.8918e+07 1.7744e+07  6.21%  3487 4295s
  1605  1385 1.7794e+07   74 1405 1.8918e+07 1.7744e+07  6.21%  3510 4342s
  1612  1395 1.7797e+07   75 1380 1.8918e+07 1.7744e+07  6.21%  3540 4369s
  1625  1399 1.7834e+07   76 1398 1.8918e+07 1.7744e+07  6.21%  3552 4409s
  1633  1409 1.7805e+07   77 1393 1.8918e+07 1.7744e+07  6.21%  3578 4451s
  1646  1416 1.7804e+07   79 1270 1.8918e+07 1.7744e+07  6.21%  3607 4482s
  1657  1422 1.7806e+07   81 1299 1.8918e+07 1.7744e+07  6.21%  3625 4541s
  1667  1430 1.7818e+07   82 1307 1.8918e+07 1.7744e+07  6.21%  3671 4596s
  1678  1436 1.7818e+07   83 1333 1.8918e+07 1.7744e+07  6.21%  3725 4648s
  1688  1450 1.7824e+07   84 1302 1.8918e+07 1.7744e+07  6.21%  3762 4693s
  1705  1466 1.7838e+07   86 1280 1.8918e+07 1.7744e+07  6.21%  3784 4731s
  1727  1479 1.7848e+07   89 1326 1.8918e+07 1.7744e+07  6.21%  3795 4775s
  1747  1498 1.7864e+07   91 1286 1.8918e+07 1.7744e+07  6.21%  3823 4819s
  1773  1520 1.7871e+07   94 1199 1.8918e+07 1.7744e+07  6.21%  3831 4865s
  1803  1534 1.8064e+07   97 1132 1.8918e+07 1.7744e+07  6.21%  3844 4907s
  1827  1553 1.8032e+07   98 1148 1.8918e+07 1.7744e+07  6.21%  3864 4962s
  1854  1569 1.7920e+07  100 1152 1.8918e+07 1.7744e+07  6.21%  3884 5013s
  1879  1591 1.7970e+07  104 1127 1.8918e+07 1.7744e+07  6.21%  3908 5061s
  1910  1602 1.8002e+07  108 1084 1.8918e+07 1.7744e+07  6.21%  3919 5112s
  1931  1632 1.8027e+07  110 1058 1.8918e+07 1.7744e+07  6.21%  3960 5163s
  1968  1667 1.8061e+07  111 1050 1.8918e+07 1.7744e+07  6.21%  3967 5214s
H 1975  1600                    1.891364e+07 1.7744e+07  6.19%  3963 5214s
  2019  1650 1.8098e+07  116 1002 1.8914e+07 1.7744e+07  6.19%  3957 5263s
H 2050  1578                    1.891174e+07 1.7744e+07  6.18%  3944 5263s
  2083  1638 1.8097e+07  119  995 1.8912e+07 1.7744e+07  6.18%  3921 5310s
  2158  1714 1.8166e+07  125  958 1.8912e+07 1.7744e+07  6.18%  3867 5360s
  2281  1780 1.8252e+07  131  889 1.8912e+07 1.7744e+07  6.18%  3739 5409s
H 2322  1709                    1.888611e+07 1.7744e+07  6.05%  3706 5409s
  2408  1712 1.8448e+07  144  836 1.8886e+07 1.7745e+07  6.04%  3603 5470s
  2503  1699 1.7749e+07   59 1420 1.8886e+07 1.7745e+07  6.04%  3535 5527s
H 2518  1638                    1.886915e+07 1.7745e+07  5.96%  3548 5527s
  2522  1655 1.7757e+07   64 1392 1.8869e+07 1.7745e+07  5.96%  3553 5592s
  2540  1666 1.7808e+07   67 1313 1.8869e+07 1.7745e+07  5.96%  3593 5651s
  2557  1677 1.7865e+07   67 1322 1.8869e+07 1.7745e+07  5.96%  3636 5705s
  2574  1689 1.7811e+07   68 1315 1.8869e+07 1.7745e+07  5.96%  3666 5763s
H 2581  1629                    1.885724e+07 1.7745e+07  5.90%  3682 5763s
  2591  1652 1.7873e+07   71 1338 1.8857e+07 1.7745e+07  5.90%  3705 5824s
H 2609  1597                    1.885670e+07 1.7745e+07  5.90%  3728 5824s
  2617  1630 1.7936e+07   71 1244 1.8857e+07 1.7745e+07  5.90%  3742 5886s
  2655  1672 1.7907e+07   74 1258 1.8857e+07 1.7745e+07  5.90%  3749 5951s
  2709  1719 1.7977e+07   81 1210 1.8857e+07 1.7745e+07  5.90%  3740 6030s
  2791  1776 1.8072e+07   92 1058 1.8857e+07 1.7745e+07  5.90%  3694 6098s
  2876  1854 1.8180e+07  105  904 1.8857e+07 1.7745e+07  5.90%  3646 6162s
  2982  1883 1.8261e+07  120  752 1.8857e+07 1.7745e+07  5.90%  3582 6266s
  3057  1957 1.8422e+07  133  650 1.8857e+07 1.7745e+07  5.90%  3553 6441s
  3169  2024 1.8700e+07  162  450 1.8857e+07 1.7745e+07  5.90%  3490 6547s
  3360  2032 1.7791e+07   65 1387 1.8857e+07 1.7745e+07  5.90%  3376 6659s
  3369  2029 1.7761e+07   60 1356 1.8857e+07 1.7745e+07  5.90%  3381 6660s
  3442  2035 1.7842e+07   71 1240 1.8857e+07 1.7745e+07  5.90%  3359 6754s
  3473  2062 1.7882e+07   75 1198 1.8857e+07 1.7745e+07  5.90%  3395 6844s
  3510  2132 1.7965e+07   82 1084 1.8857e+07 1.7745e+07  5.90%  3416 6950s
  3592  2211 1.8053e+07   91 1047 1.8857e+07 1.7745e+07  5.90%  3393 7061s
  3706  2272 1.8496e+07  116  845 1.8857e+07 1.7746e+07  5.89%  3367 7168s
  3837  2339 1.7750e+07   62 1428 1.8857e+07 1.7746e+07  5.89%  3321 7269s
  3949  2368 1.7817e+07   74 1328 1.8857e+07 1.7746e+07  5.89%  3299 7472s
  4033  2454 1.7821e+07   75 1283 1.8857e+07 1.7746e+07  5.89%  3263 7597s
  4202  2482 1.7974e+07   89 1150 1.8857e+07 1.7746e+07  5.89%  3215 7710s
  4286  2576 1.8465e+07  129  818 1.8857e+07 1.7750e+07  5.87%  3222 7832s
  4405  2645 1.7802e+07   70 1408 1.8857e+07 1.7750e+07  5.87%  3207 7984s
  4505  2728 1.7873e+07   78 1156 1.8857e+07 1.7750e+07  5.87%  3189 8109s
  4588  2805 1.8295e+07  119  933 1.8857e+07 1.7752e+07  5.86%  3202 8257s
  4675  2910 1.7818e+07   71 1276 1.8857e+07 1.7752e+07  5.86%  3217 8396s
  4791  2970 1.8081e+07   96  901 1.8857e+07 1.7752e+07  5.86%  3223 8604s
  4792  2970 1.8072e+07  103 1094 1.8857e+07 1.7752e+07  5.86%  3223 8605s
  4853  3105 1.8081e+07   97  912 1.8857e+07 1.7752e+07  5.86%  3224 8770s
  5028  3164 1.8081e+07   68 1346 1.8857e+07 1.7752e+07  5.86%  3210 8938s
  5113  3254 1.8191e+07   72 1229 1.8857e+07 1.7752e+07  5.86%  3244 9126s
  5228  3338     cutoff   87      1.8857e+07 1.7754e+07  5.85%  3266 9321s
  5348  3451 1.7919e+07   78 1140 1.8857e+07 1.7754e+07  5.85%  3288 9516s
  5504  3554 1.7781e+07   66 1328 1.8857e+07 1.7754e+07  5.85%  3288 9711s
  5627  3654 1.7935e+07   83 1180 1.8857e+07 1.7754e+07  5.85%  3299 10091s
  5735  3749 1.8210e+07   95 1086 1.8857e+07 1.7754e+07  5.85%  3299 10337s
  5838  3851 1.8717e+07  123  877 1.8857e+07 1.7756e+07  5.84%  3308 10549s
  5967  3967 1.7986e+07   77 1149 1.8857e+07 1.7756e+07  5.84%  3314 10765s
  6098  4146 1.7850e+07   67 1276 1.8857e+07 1.7757e+07  5.83%  3305 11017s
H 6350  4212                    1.884327e+07 1.7758e+07  5.76%  3283 11347s
  6458  4327 1.7955e+07   82 1241 1.8843e+07 1.7758e+07  5.76%  3297 11611s
  6594  4568 1.7827e+07   64 1321 1.8843e+07 1.7759e+07  5.76%  3333 11878s
  6882  4720 1.7773e+07   60 1384 1.8843e+07 1.7759e+07  5.75%  3298 12175s
H 6890  4666                    1.881445e+07 1.7759e+07  5.61%  3300 12176s
  7070  4886 1.8020e+07   85 1022 1.8814e+07 1.7760e+07  5.60%  3314 12454s
  7308  5250 1.7973e+07   85 1128 1.8814e+07 1.7760e+07  5.60%  3315 12767s
  7766  5425 1.8173e+07   86 1057 1.8814e+07 1.7761e+07  5.60%  3251 13102s
  8000  5442 1.7785e+07   67 1335 1.8814e+07 1.7761e+07  5.60%  3265 13530s
  8017  5712 1.7886e+07   72 1201 1.8814e+07 1.7761e+07  5.60%  3271 13843s
  8339  5893 1.7879e+07   75 1375 1.8814e+07 1.7762e+07  5.59%  3249 14235s
  8581  6050 1.8083e+07   70 1242 1.8814e+07 1.7763e+07  5.59%  3275 14615s
  8795  6275 1.7872e+07   69 1275 1.8814e+07 1.7763e+07  5.59%  3307 15011s
  9045  6590 1.8210e+07   97  915 1.8814e+07 1.7764e+07  5.59%  3315 15391s
  9477  6794 1.7897e+07   78 1260 1.8814e+07 1.7764e+07  5.58%  3288 15770s
  9727  7102 1.8091e+07   97 1093 1.8814e+07 1.7765e+07  5.58%  3305 16172s
 10098  7335 1.8447e+07  115  843 1.8814e+07 1.7766e+07  5.57%  3295 16620s
 10385  7336 1.8116e+07   88 1572 1.8814e+07 1.7766e+07  5.57%  3294 16966s
 10387  7337 1.8289e+07  107 1343 1.8814e+07 1.7766e+07  5.57%  3293 16977s
 10388  7338 1.8263e+07  106 1418 1.8814e+07 1.7766e+07  5.57%  3293 17011s
 10389  7339 1.8610e+07  108 1424 1.8814e+07 1.7766e+07  5.57%  3292 17042s
 10390  7339 1.8173e+07   94 1455 1.8814e+07 1.7766e+07  5.57%  3292 17067s
 10391  7340 1.8521e+07   83 1481 1.8814e+07 1.7766e+07  5.57%  3292 17089s
 10392  7341 1.8224e+07   70 1497 1.8814e+07 1.7766e+07  5.57%  3291 17112s
 10393  7341 1.8502e+07  115 1510 1.8814e+07 1.7766e+07  5.57%  3291 17128s
 10394  7342 1.8469e+07  110 1437 1.8814e+07 1.7766e+07  5.57%  3291 17140s
 10395  7343 1.8741e+07   92 1468 1.8814e+07 1.7766e+07  5.57%  3291 17148s
 10396  7343 1.8605e+07  145 1444 1.8814e+07 1.7766e+07  5.57%  3290 17154s
 10397  7344 1.7824e+07   70 1433 1.8814e+07 1.7766e+07  5.57%  3290 17156s
 10399  7345 1.8790e+07  145 1388 1.8814e+07 1.7766e+07  5.57%  3289 17161s
 10402  7347 1.8231e+07   97 1442 1.8814e+07 1.7766e+07  5.57%  3288 17166s
 10403  7348 1.7974e+07   73 1412 1.8814e+07 1.7766e+07  5.57%  3288 17173s
 10404  7349 1.8275e+07  100 1406 1.8814e+07 1.7766e+07  5.57%  3288 17176s
 10408  7351 1.7794e+07   82 1436 1.8814e+07 1.7766e+07  5.57%  3286 17181s
 10409  7352 1.7855e+07   78 1447 1.8814e+07 1.7766e+07  5.57%  3286 17187s
 10412  7354 1.8210e+07   95 1450 1.8814e+07 1.7766e+07  5.57%  3285 17191s
 10413  7355 1.8732e+07  113 1456 1.8814e+07 1.7766e+07  5.57%  3285 17195s
 10418  7358 1.8276e+07  115 1453 1.8814e+07 1.7766e+07  5.57%  3283 17200s
 10421  7360 1.8228e+07  116 1415 1.8814e+07 1.7766e+07  5.57%  3282 17207s
 10422  7361 1.8342e+07  120 1418 1.8814e+07 1.7766e+07  5.57%  3282 17213s
 10425  7363 1.8421e+07   90 1435 1.8814e+07 1.7766e+07  5.57%  3281 17216s
 10426  7363 1.8424e+07  177 1414 1.8814e+07 1.7766e+07  5.57%  3281 17221s
 10428  7365 1.7800e+07   73 1428 1.8814e+07 1.7766e+07  5.57%  3280 17229s
 10429  7365 1.7881e+07   71 1427 1.8814e+07 1.7766e+07  5.57%  3280 17231s
 10430  7366 1.7841e+07   75 1428 1.8814e+07 1.7766e+07  5.57%  3279 17238s
 10431  7367 1.7815e+07   69 1427 1.8814e+07 1.7766e+07  5.57%  3279 17241s
 10432  7367 1.8305e+07  124 1434 1.8814e+07 1.7766e+07  5.57%  3279 17247s
 10433  7368 1.8261e+07  122 1433 1.8814e+07 1.7766e+07  5.57%  3279 17257s
 10434  7369 1.8134e+07   97 1433 1.8814e+07 1.7766e+07  5.57%  3278 17267s
 10435  7372 1.7766e+07   69 1391 1.8814e+07 1.7766e+07  5.57%  3298 17293s
 10437  7376 1.7766e+07   70 1373 1.8814e+07 1.7766e+07  5.57%  3299 17338s
 10441  7378 1.7766e+07   71 1412 1.8814e+07 1.7766e+07  5.57%  3302 17351s
 10445  7381 1.7766e+07   71 1416 1.8814e+07 1.7766e+07  5.57%  3303 17382s
 10449  7384 1.7766e+07   72 1440 1.8814e+07 1.7766e+07  5.57%  3306 17392s
 10453  7386 1.7766e+07   72 1348 1.8814e+07 1.7766e+07  5.57%  3306 17399s
 10457  7391 1.7766e+07   73 1364 1.8814e+07 1.7766e+07  5.57%  3305 17443s
 10463  7394 1.7770e+07   73 1358 1.8814e+07 1.7766e+07  5.57%  3310 17461s
 10468  7397 1.7766e+07   74 1365 1.8814e+07 1.7766e+07  5.57%  3311 17501s
 10473  7401 1.7766e+07   75 1317 1.8814e+07 1.7766e+07  5.57%  3317 17529s
 10478  7403 1.7783e+07   75 1396 1.8814e+07 1.7766e+07  5.57%  3321 17566s
 10482  7406 1.7766e+07   76 1357 1.8814e+07 1.7766e+07  5.57%  3322 17578s
 10486  7408 1.7813e+07   76 1323 1.8814e+07 1.7766e+07  5.57%  3325 17613s
 10490  7413 1.7766e+07   77 1330 1.8814e+07 1.7766e+07  5.57%  3327 17631s
 10496  7424 1.7766e+07   78 1330 1.8814e+07 1.7766e+07  5.57%  3328 17664s
 10509  7435 1.7766e+07   80 1328 1.8814e+07 1.7766e+07  5.57%  3328 17680s
 10524  7438 1.7766e+07   82 1359 1.8814e+07 1.7766e+07  5.57%  3325 17710s
 10532  7441 1.7767e+07   83 1351 1.8814e+07 1.7766e+07  5.57%  3328 17728s
 10538  7448 1.7784e+07   84 1276 1.8814e+07 1.7766e+07  5.57%  3331 17751s
 10547  7458 1.7793e+07   84 1315 1.8814e+07 1.7766e+07  5.57%  3332 17791s
 10560  7464 1.7784e+07   85 1301 1.8814e+07 1.7766e+07  5.57%  3331 17825s
 10570  7471 1.7785e+07   86 1297 1.8814e+07 1.7766e+07  5.57%  3336 17861s
 10581  7475 1.7785e+07   88 1311 1.8814e+07 1.7766e+07  5.57%  3338 17877s
 10588  7478 1.7786e+07   89 1304 1.8814e+07 1.7766e+07  5.57%  3339 17905s
 10594  7483 1.7786e+07   90 1290 1.8814e+07 1.7766e+07  5.57%  3343 17935s
 10601  7488 1.7799e+07   91 1281 1.8814e+07 1.7766e+07  5.57%  3347 17972s
 10608  7496 1.7843e+07   92 1300 1.8814e+07 1.7766e+07  5.57%  3352 18008s
 10618  7496 1.7852e+07   92 1246 1.8814e+07 1.7766e+07  5.57%  3357 18060s
 10622  7505 1.7843e+07   93 1277 1.8814e+07 1.7766e+07  5.57%  3360 18094s
 10632  7508 1.7843e+07   95 1269 1.8814e+07 1.7766e+07  5.57%  3365 18156s
 10640  7518 1.7843e+07   96 1273 1.8814e+07 1.7766e+07  5.57%  3375 18192s
 10653  7526 1.7850e+07   98 1269 1.8814e+07 1.7766e+07  5.57%  3380 18230s
 10665  7536 1.8238e+07   99 1216 1.8814e+07 1.7766e+07  5.57%  3386 18267s
 10679  7543 1.7861e+07  102 1191 1.8814e+07 1.7766e+07  5.57%  3390 18303s
 10691  7553 1.7920e+07  105 1200 1.8814e+07 1.7766e+07  5.57%  3396 18335s
 10705  7565 1.8145e+07  108 1183 1.8814e+07 1.7766e+07  5.57%  3400 18376s
 10722  7578 1.7905e+07  111 1143 1.8814e+07 1.7766e+07  5.57%  3405 18417s
 10740  7588 1.7907e+07  113 1146 1.8814e+07 1.7766e+07  5.57%  3411 18463s
 10758  7600 1.7907e+07  115 1141 1.8814e+07 1.7766e+07  5.57%  3418 18499s
 10776  7615 1.7917e+07  119 1135 1.8814e+07 1.7766e+07  5.57%  3423 18556s
 10797  7625 1.7954e+07  122 1062 1.8814e+07 1.7766e+07  5.57%  3431 18598s
 10814  7642 1.7948e+07  124 1072 1.8814e+07 1.7766e+07  5.57%  3438 18639s
 10837  7656 1.7967e+07  126 1081 1.8814e+07 1.7766e+07  5.57%  3443 18694s
 10859  7675 1.7989e+07  129 1024 1.8814e+07 1.7766e+07  5.57%  3449 18746s
 10885  7702 1.8005e+07  132  988 1.8814e+07 1.7766e+07  5.57%  3455 18803s
 10921  7715 1.8020e+07  135 1038 1.8814e+07 1.7766e+07  5.57%  3459 18852s
 10953  7752 1.8078e+07  137 1036 1.8814e+07 1.7766e+07  5.57%  3467 18906s
 11000  7790 1.8136e+07  140  967 1.8814e+07 1.7766e+07  5.57%  3467 18982s
 11068  7837 1.8187e+07  144  989 1.8814e+07 1.7766e+07  5.57%  3459 19043s
 11142  7871 1.8312e+07  153  853 1.8814e+07 1.7766e+07  5.57%  3446 19123s
 11218  7905 1.8428e+07  163  737 1.8814e+07 1.7766e+07  5.57%  3435 19188s
 11286  7908 1.8562e+07  178  639 1.8814e+07 1.7766e+07  5.57%  3426 19307s
 11355  7913 1.7822e+07   73 1348 1.8814e+07 1.7766e+07  5.57%  3426 19382s
 11383  7932 1.7844e+07   79 1343 1.8814e+07 1.7766e+07  5.57%  3432 19453s
 11412  7959 1.7893e+07   86 1267 1.8814e+07 1.7766e+07  5.57%  3438 19523s
 11448  7967 1.7958e+07   94 1165 1.8814e+07 1.7766e+07  5.57%  3443 19737s
 11468  8032 1.7959e+07   95 1159 1.8814e+07 1.7766e+07  5.57%  3443 19809s
 11542  8109 1.8049e+07  115  919 1.8814e+07 1.7766e+07  5.57%  3437 19906s
 11660  8136 1.8607e+07  171  259 1.8814e+07 1.7766e+07  5.57%  3421 20163s
 11746  8137 1.7865e+07   72 1305 1.8814e+07 1.7766e+07  5.57%  3411 20274s
 11802  8157 1.8079e+07   75 1263 1.8814e+07 1.7766e+07  5.57%  3416 20365s
 11853  8167 1.8758e+07   89 1006 1.8814e+07 1.7766e+07  5.57%  3422 20492s
 11892  8184 1.7818e+07   77 1295 1.8814e+07 1.7766e+07  5.57%  3432 20610s
 11922  8202 1.7832e+07   79 1274 1.8814e+07 1.7766e+07  5.57%  3447 20752s
 11950  8250 1.7889e+07   85 1185 1.8814e+07 1.7766e+07  5.57%  3455 20847s
 12013  8278 1.8055e+07   92 1116 1.8814e+07 1.7766e+07  5.57%  3457 20976s
 12080  8368 1.8259e+07   96  981 1.8814e+07 1.7766e+07  5.57%  3460 21114s
 12212  8395 1.8720e+07  114  847 1.8814e+07 1.7766e+07  5.57%  3447 21247s
H12328  7986                    1.881445e+07 1.7766e+07  5.57%  3439 21247s
 12333  8061 1.7831e+07   79 1342 1.8814e+07 1.7766e+07  5.57%  3438 21400s
 12422  8110 1.7985e+07   93 1150 1.8814e+07 1.7766e+07  5.57%  3438 21560s
 12515  8131 1.8385e+07  110 1052 1.8814e+07 1.7766e+07  5.57%  3443 21716s
 12589  8162 1.7826e+07   84 1271 1.8814e+07 1.7766e+07  5.57%  3451 21865s
 12656  8208 1.8350e+07   96 1060 1.8814e+07 1.7766e+07  5.57%  3459 22007s
 12726  8273 1.8496e+07  113  903 1.8814e+07 1.7766e+07  5.57%  3461 22176s
 12831  8319 1.7788e+07   83 1321 1.8814e+07 1.7766e+07  5.57%  3455 22399s
 12923  8420 1.7922e+07   96 1161 1.8814e+07 1.7766e+07  5.57%  3460 22570s
 13084  8471 1.8184e+07  127  889 1.8814e+07 1.7766e+07  5.57%  3451 22741s
 13209  8526 1.7857e+07   80 1333 1.8814e+07 1.7767e+07  5.57%  3454 22937s
 13345  8586 1.8188e+07  109  886 1.8814e+07 1.7768e+07  5.56%  3452 23145s
 13468  8641 1.7990e+07   89 1270 1.8814e+07 1.7769e+07  5.56%  3454 23348s
 13584  8701 1.8206e+07  115 1003 1.8814e+07 1.7770e+07  5.55%  3463 23570s
 13716  8716 1.7810e+07   80 1285 1.8814e+07 1.7770e+07  5.55%  3466 23825s
 13789  8763 1.7848e+07   83 1248 1.8814e+07 1.7770e+07  5.55%  3470 24050s
 13882  8825 1.8229e+07  101  969 1.8814e+07 1.7772e+07  5.54%  3484 24291s
 13984  8944 1.7814e+07   78 1299 1.8814e+07 1.7772e+07  5.54%  3498 24544s
 14210  8981 1.8119e+07   95 1080 1.8814e+07 1.7773e+07  5.53%  3494 24799s
 14345  9046 1.7819e+07   81 1352 1.8814e+07 1.7775e+07  5.52%  3506 25048s
 14466  9199 1.8099e+07  101 1062 1.8814e+07 1.7775e+07  5.52%  3514 25339s
 14668  9356 1.8291e+07  151  700 1.8814e+07 1.7775e+07  5.52%  3513 25634s
 14986  9373 1.7878e+07   87 1387 1.8814e+07 1.7776e+07  5.52%  3492 25908s
 15132  9468 1.7874e+07   83 1315 1.8814e+07 1.7776e+07  5.52%  3505 26271s
 15305  9576 1.7880e+07   84 1297 1.8814e+07 1.7778e+07  5.51%  3494 26588s
 15513  9716 1.7916e+07   85 1249 1.8814e+07 1.7778e+07  5.51%  3506 26922s
 15750  9960 1.8112e+07   95 1152 1.8814e+07 1.7778e+07  5.51%  3508 27250s
 16145 10013 1.8602e+07  153  569 1.8814e+07 1.7779e+07  5.50%  3480 27617s
 16396 10112 1.7824e+07   83 1335 1.8814e+07 1.7780e+07  5.50%  3485 27990s
 16610 10273 1.8357e+07  114  987 1.8814e+07 1.7781e+07  5.49%  3491 28380s
 16894 10270 1.8474e+07  107 1013 1.8814e+07 1.7782e+07  5.49%  3492 28761s
 17011 10448 1.7936e+07   81 1280 1.8814e+07 1.7782e+07  5.49%  3515 29172s
 17270 10598 1.8147e+07  106  959 1.8814e+07 1.7783e+07  5.48%  3524 29583s
 17593 10697 1.8598e+07  112 1052 1.8814e+07 1.7784e+07  5.48%  3526 29990s
 17839 10840 1.8345e+07  115  876 1.8814e+07 1.7785e+07  5.47%  3530 30473s
 18167 10960 1.7972e+07   88 1194 1.8814e+07 1.7787e+07  5.46%  3532 30949s
 18430 11137 1.8624e+07  106  939 1.8814e+07 1.7787e+07  5.46%  3547 31450s
 18799 11166 1.8059e+07   87 1090 1.8814e+07 1.7788e+07  5.46%  3554 31946s
 18992 11386 1.8043e+07   94 1114 1.8814e+07 1.7788e+07  5.46%  3569 32501s
 19355 11458 1.7868e+07   76 1311 1.8814e+07 1.7789e+07  5.45%  3580 33055s
 19585 11675 1.8616e+07  119 1020 1.8814e+07 1.7789e+07  5.45%  3580 33637s
 19951 11980 1.7880e+07   87 1208 1.8814e+07 1.7790e+07  5.44%  3589 34245s
 20525 12050 1.8739e+07  122  938 1.8814e+07 1.7792e+07  5.44%  3569 34854s
 20840 12261 1.8344e+07   99 1156 1.8814e+07 1.7792e+07  5.43%  3584 35488s
 21240 12436 1.8362e+07   89 1173 1.8814e+07 1.7793e+07  5.43%  3603 36141s
 21629 12584 1.8162e+07   95 1072 1.8814e+07 1.7795e+07  5.42%  3614 36787s
 21999 12775     cutoff  132      1.8814e+07 1.7796e+07  5.41%  3612 37512s
 22400 12995 1.8311e+07  105  882 1.8814e+07 1.7797e+07  5.41%  3634 38256s
 22883 13142 1.8812e+07  121  720 1.8814e+07 1.7798e+07  5.40%  3661 38979s
 23297 13478 1.8243e+07  100  973 1.8814e+07 1.7799e+07  5.40%  3691 39700s
 23891 13618 1.7856e+07   85 1325 1.8814e+07 1.7800e+07  5.39%  3702 40396s
 24319 13881 1.7913e+07   94 1219 1.8814e+07 1.7800e+07  5.39%  3719 41072s
 24840 14185 1.7945e+07   95 1220 1.8814e+07 1.7802e+07  5.38%  3735 41695s
 25412 14083 1.7875e+07   94 1213 1.8814e+07 1.7802e+07  5.38%  3736 42311s
 25524 14198 1.8497e+07  124  868 1.8814e+07 1.7802e+07  5.38%  3743 42977s
 25700 14493 1.8288e+07  117 1058 1.8814e+07 1.7802e+07  5.38%  3744 43754s
 26211 14701 1.7845e+07   95 1277 1.8814e+07 1.7804e+07  5.37%  3758 44431s
 26680 15002 1.7909e+07   89 1251 1.8814e+07 1.7805e+07  5.37%  3772 45070s
 27269 15287 1.8726e+07  121  662 1.8814e+07 1.7806e+07  5.36%  3774 45691s
 27864 15381 1.8079e+07   96 1238 1.8814e+07 1.7806e+07  5.36%  3773 46309s
 28257 15602 1.7914e+07   96 1223 1.8814e+07 1.7807e+07  5.36%  3783 46952s
 28731 15727 1.8056e+07   87 1194 1.8814e+07 1.7807e+07  5.36%  3791 47589s
 29130 15921 1.8390e+07  119  860 1.8814e+07 1.7807e+07  5.35%  3809 48216s
 29577 16147 1.8235e+07  109  872 1.8814e+07 1.7808e+07  5.35%  3829 48968s
 30082 16334 1.8087e+07  101  970 1.8814e+07 1.7808e+07  5.35%  3840 49582s
 30517 16528 1.8227e+07  112  916 1.8814e+07 1.7809e+07  5.35%  3848 50200s
 30974 16770 1.8775e+07  103  982 1.8814e+07 1.7810e+07  5.34%  3859 50826s
 31450 16619 1.8545e+07  125 1572 1.8814e+07 1.7810e+07  5.34%  3871 51326s
 31453 16621 1.8108e+07   99  948 1.8814e+07 1.7810e+07  5.34%  3870 51337s
 31454 16622 1.8641e+07  124 1044 1.8814e+07 1.7810e+07  5.34%  3870 51344s
 31455 16622 1.8007e+07   91  998 1.8814e+07 1.7810e+07  5.34%  3870 51354s
 31456 16623 1.8668e+07  164 1018 1.8814e+07 1.7810e+07  5.34%  3870 51362s
 31457 16624 1.7997e+07  100 1017 1.8814e+07 1.7810e+07  5.34%  3870 51372s
 31458 16624 1.8254e+07  112 1034 1.8814e+07 1.7810e+07  5.34%  3870 51380s
 31459 16625 1.7957e+07   96 1031 1.8814e+07 1.7810e+07  5.34%  3869 51387s
 31460 16626 1.8542e+07  138 1043 1.8814e+07 1.7810e+07  5.34%  3869 51392s
 31461 16626 1.8206e+07  111 1015 1.8814e+07 1.7810e+07  5.34%  3869 51396s
 31464 16628 1.7873e+07   79 1033 1.8814e+07 1.7810e+07  5.34%  3869 51401s
 31468 16631 1.8035e+07  113 1002 1.8814e+07 1.7810e+07  5.34%  3868 51405s
 31472 16634 1.8023e+07  101  967 1.8814e+07 1.7810e+07  5.34%  3868 51415s
 31474 16635 1.8272e+07  121 1015 1.8814e+07 1.7810e+07  5.34%  3868 51420s
 31479 16638 1.8177e+07   95  931 1.8814e+07 1.7810e+07  5.34%  3867 51431s
 31482 16640 1.7907e+07   83  981 1.8814e+07 1.7810e+07  5.34%  3867 51435s
 31488 16644 1.8353e+07  139  968 1.8814e+07 1.7810e+07  5.34%  3866 51445s
 31492 16647 1.8389e+07  135  996 1.8814e+07 1.7810e+07  5.34%  3865 51450s
 31496 16650 1.8555e+07  134  948 1.8814e+07 1.7810e+07  5.34%  3865 51457s
 31499 16652 1.7957e+07   81  994 1.8814e+07 1.7810e+07  5.34%  3865 51460s
 31502 16654 1.8442e+07  109  983 1.8814e+07 1.7810e+07  5.34%  3864 51465s
 31508 16658 1.7953e+07   98  956 1.8814e+07 1.7810e+07  5.34%  3863 51471s
 31511 16660 1.8173e+07   94  984 1.8814e+07 1.7810e+07  5.34%  3863 51476s
 31514 16662 1.7861e+07   92 1001 1.8814e+07 1.7810e+07  5.34%  3863 51480s
 31518 16664 1.8564e+07  116  997 1.8814e+07 1.7810e+07  5.34%  3862 51486s
 31520 16666 1.8484e+07  117  968 1.8814e+07 1.7810e+07  5.34%  3862 51492s
 31521 16666 1.8791e+07  136  968 1.8814e+07 1.7810e+07  5.34%  3862 51500s
 31522 16670 1.7810e+07   78  979 1.8814e+07 1.7810e+07  5.34%  3758 51508s
 31524 16673 1.7810e+07   79 1025 1.8814e+07 1.7810e+07  5.34%  3758 51517s
 31528 16676 1.7810e+07   80  980 1.8814e+07 1.7810e+07  5.34%  3758 51523s
 31532 16679 1.7810e+07   80  998 1.8814e+07 1.7810e+07  5.34%  3759 51531s
 31536 16681 1.7810e+07   81  975 1.8814e+07 1.7810e+07  5.34%  3759 51539s
 31540 16684 1.7810e+07   81  946 1.8814e+07 1.7810e+07  5.34%  3760 51544s
 31544 16687 1.7810e+07   82  966 1.8814e+07 1.7810e+07  5.34%  3760 51552s
 31548 16690 1.7810e+07   82  960 1.8814e+07 1.7810e+07  5.34%  3761 51560s
 31553 16693 1.7810e+07   83  952 1.8814e+07 1.7810e+07  5.34%  3761 51566s
 31557 16695 1.7810e+07   83  937 1.8814e+07 1.7810e+07  5.34%  3761 51577s
 31561 16699 1.7811e+07   84  974 1.8814e+07 1.7810e+07  5.34%  3761 51587s
 31566 16701 1.7826e+07   84  905 1.8814e+07 1.7810e+07  5.34%  3762 51594s
 31570 16706 1.7812e+07   85  956 1.8814e+07 1.7810e+07  5.34%  3762 51604s
 31576 16708 1.7812e+07   86  949 1.8814e+07 1.7810e+07  5.34%  3762 51614s
 31580 16711 1.7833e+07   86  937 1.8814e+07 1.7810e+07  5.34%  3763 51622s
 31584 16714 1.7819e+07   87  965 1.8814e+07 1.7810e+07  5.34%  3763 51630s
 31589 16721 1.7830e+07   88  955 1.8814e+07 1.7810e+07  5.34%  3764 51638s
 31597 16727 1.7839e+07   89  958 1.8814e+07 1.7810e+07  5.34%  3764 51649s
 31606 16731 1.7872e+07   90  938 1.8814e+07 1.7810e+07  5.34%  3764 51656s
 31613 16740 1.7850e+07   90  913 1.8814e+07 1.7810e+07  5.34%  3764 51665s
 31624 16742 1.7868e+07   91  878 1.8814e+07 1.7810e+07  5.34%  3763 51673s
 31630 16746 1.7882e+07   92  911 1.8814e+07 1.7810e+07  5.34%  3764 51687s
 31636 16756 1.7884e+07   92  880 1.8814e+07 1.7810e+07  5.34%  3764 51698s
 31648 16770 1.7891e+07   93  869 1.8814e+07 1.7810e+07  5.34%  3764 51710s
 31666 16788 1.7894e+07   94  845 1.8814e+07 1.7810e+07  5.34%  3763 51723s
 31690 16789 1.7903e+07   96  840 1.8814e+07 1.7810e+07  5.34%  3761 51735s
 31699 16795 1.7916e+07   98  826 1.8814e+07 1.7810e+07  5.34%  3762 51743s
 31708 16800 1.7924e+07   99  826 1.8814e+07 1.7810e+07  5.34%  3762 51755s
 31716 16806 1.7928e+07  100  807 1.8814e+07 1.7810e+07  5.34%  3763 51767s
 31725 16812 1.7938e+07  101  815 1.8814e+07 1.7810e+07  5.34%  3764 51776s
 31734 16820 1.7942e+07  102  771 1.8814e+07 1.7810e+07  5.34%  3764 51790s
 31745 16827 1.7960e+07  104  780 1.8814e+07 1.7810e+07  5.34%  3765 51804s
 31755 16835 1.7968e+07  106  787 1.8814e+07 1.7810e+07  5.34%  3766 51817s
 31767 16843 1.7994e+07  107  766 1.8814e+07 1.7810e+07  5.34%  3767 51832s
 31779 16849 1.8095e+07  108  756 1.8814e+07 1.7810e+07  5.34%  3768 51842s
 31789 16858 1.8009e+07  109  714 1.8814e+07 1.7810e+07  5.34%  3768 51859s
 31801 16870 1.7983e+07  110  768 1.8814e+07 1.7810e+07  5.34%  3768 51875s
 31817 16884 1.8045e+07  111  743 1.8814e+07 1.7810e+07  5.34%  3769 51890s
 31836 16893 1.7993e+07  113  786 1.8814e+07 1.7810e+07  5.34%  3769 51909s
 31854 16904 1.8000e+07  116  760 1.8814e+07 1.7810e+07  5.34%  3770 51923s
 31871 16919 1.8016e+07  118  777 1.8814e+07 1.7810e+07  5.34%  3771 51941s
 31891 16931 1.8019e+07  120  732 1.8814e+07 1.7810e+07  5.34%  3771 51956s
 31910 16952 1.8038e+07  122  725 1.8814e+07 1.7810e+07  5.34%  3772 51971s
 31937 16967 1.8042e+07  124  755 1.8814e+07 1.7810e+07  5.34%  3771 51988s
 31961 17001 1.8052e+07  125  741 1.8814e+07 1.7810e+07  5.34%  3771 52006s
 32003 17043 1.8235e+07  127  729 1.8814e+07 1.7810e+07  5.34%  3769 52024s
 32061 17090 1.8130e+07  129  721 1.8814e+07 1.7810e+07  5.34%  3764 52043s
 32130 17146 1.8139e+07  132  728 1.8814e+07 1.7810e+07  5.34%  3758 52061s
 32212 17201 1.8391e+07  135  674 1.8814e+07 1.7810e+07  5.34%  3751 52078s
 32304 17256 1.8319e+07  138  639 1.8814e+07 1.7810e+07  5.34%  3742 52106s
 32419 17232 1.8402e+07  145  574 1.8814e+07 1.7810e+07  5.34%  3731 52125s
 32435 17307     cutoff  149      1.8814e+07 1.7810e+07  5.34%  3731 52143s
 32536 17338 1.8594e+07  161  424 1.8814e+07 1.7810e+07  5.34%  3722 52169s
 32648 17349 1.8660e+07  175  378 1.8814e+07 1.7810e+07  5.34%  3712 52188s
 32712 17367 1.8574e+07  188  430 1.8814e+07 1.7810e+07  5.34%  3708 52207s
 32799 17372 1.8620e+07  206  374 1.8814e+07 1.7810e+07  5.34%  3701 52237s
 32854 17396 1.8621e+07  220  406 1.8814e+07 1.7810e+07  5.34%  3698 52258s
 32904 17385 1.8652e+07  239  373 1.8814e+07 1.7810e+07  5.34%  3695 52281s
 32913 17403 1.8654e+07  242  372 1.8814e+07 1.7810e+07  5.34%  3695 52311s
 32964 17404 1.7810e+07   82  989 1.8814e+07 1.7810e+07  5.34%  3693 52334s
 32982 17418 1.7834e+07   87  981 1.8814e+07 1.7810e+07  5.34%  3695 52355s
 33002 17449 1.7871e+07   93  924 1.8814e+07 1.7810e+07  5.34%  3695 52378s
 33039 17486 1.7897e+07   97  856 1.8814e+07 1.7810e+07  5.34%  3694 52407s
 33089 17508 1.7900e+07  105  869 1.8814e+07 1.7810e+07  5.34%  3692 52435s
 33127 17545 1.7912e+07  110  867 1.8814e+07 1.7810e+07  5.34%  3692 52462s
 33177 17624 1.7920e+07  114  910 1.8814e+07 1.7810e+07  5.34%  3690 52491s
 33273 17653 1.7963e+07  125  843 1.8814e+07 1.7810e+07  5.34%  3683 52541s
 33355 17673 1.7960e+07  129  832 1.8814e+07 1.7810e+07  5.34%  3679 52572s
 33402 17706 1.8025e+07  134  781 1.8814e+07 1.7810e+07  5.34%  3677 52604s
 33451 17729 1.8219e+07  148  709 1.8814e+07 1.7810e+07  5.34%  3676 52633s
 33490 17768 1.8343e+07  150  689 1.8814e+07 1.7810e+07  5.34%  3677 52667s
 33542 17797 1.8318e+07  160  656 1.8814e+07 1.7810e+07  5.34%  3676 52699s
 33588 17866 1.8392e+07  161  645 1.8814e+07 1.7810e+07  5.34%  3677 52759s
 33676 17938 1.8619e+07  163  678 1.8814e+07 1.7810e+07  5.34%  3672 52809s
 33806 17987 1.8462e+07  173  602 1.8814e+07 1.7810e+07  5.34%  3663 52849s
 33904 18018 1.8633e+07  193  522 1.8814e+07 1.7810e+07  5.34%  3658 52902s
 33990 18077 1.7810e+07   83  962 1.8814e+07 1.7810e+07  5.34%  3656 52953s
 34129 18074 1.7840e+07   92  951 1.8814e+07 1.7810e+07  5.34%  3647 52997s
 34172 18112 1.7860e+07   99  845 1.8814e+07 1.7810e+07  5.34%  3648 53040s
 34224 18152 1.7885e+07  108  828 1.8814e+07 1.7810e+07  5.34%  3649 53086s
 34282 18200 1.8082e+07  116  746 1.8814e+07 1.7810e+07  5.34%  3650 53135s
 34352 18279 1.8103e+07  119  716 1.8814e+07 1.7810e+07  5.34%  3650 53195s
 34475 18307 1.8212e+07  127  703 1.8814e+07 1.7810e+07  5.34%  3644 53246s
 34544 18381 1.8252e+07  129  696 1.8814e+07 1.7810e+07  5.34%  3645 53314s
 34682 18437 1.8367e+07  137  632 1.8814e+07 1.7810e+07  5.34%  3638 53382s
 34808 18475 1.7810e+07   82  987 1.8814e+07 1.7810e+07  5.34%  3633 53442s
 34888 18553 1.7841e+07   86  971 1.8814e+07 1.7810e+07  5.34%  3632 53512s
 34996 18604 1.7861e+07   96  945 1.8814e+07 1.7810e+07  5.34%  3626 53582s
 35112 18669 1.7916e+07  107  833 1.8814e+07 1.7810e+07  5.34%  3623 53647s
 35228 18651 1.8042e+07  120  816 1.8814e+07 1.7810e+07  5.34%  3620 53799s
 35248 18723 1.8559e+07  119  749 1.8814e+07 1.7810e+07  5.34%  3620 53877s
 35378 18792 1.8204e+07  130  710 1.8814e+07 1.7810e+07  5.34%  3616 53952s
 35510 18913 1.8742e+07  165  418 1.8814e+07 1.7810e+07  5.34%  3613 54029s
 35710 19056 1.7834e+07   90  901 1.8814e+07 1.7810e+07  5.34%  3603 54144s
 35965 19044 1.7909e+07   95  813 1.8814e+07 1.7810e+07  5.34%  3589 54222s
 36038 19148 1.8014e+07  104  791 1.8814e+07 1.7810e+07  5.34%  3592 54313s
 36192 19256 1.8192e+07  122  636 1.8814e+07 1.7810e+07  5.34%  3588 54401s
 36374 19324 1.8780e+07  198  337 1.8814e+07 1.7810e+07  5.34%  3583 54490s
 36511 19468 1.8223e+07   94  823 1.8814e+07 1.7810e+07  5.34%  3583 54596s
 36743 19532 1.8307e+07   99  800 1.8814e+07 1.7810e+07  5.34%  3573 54692s
 36910 19620 1.8585e+07  111  695 1.8814e+07 1.7810e+07  5.34%  3570 54804s
 37070 19937 1.8081e+07  103  755 1.8814e+07 1.7810e+07  5.34%  3569 54939s
 37524 19970 1.8185e+07  121  688 1.8814e+07 1.7810e+07  5.34%  3542 55068s
 37755 20059 1.7974e+07   88  911 1.8814e+07 1.7810e+07  5.34%  3535 55179s
 37937 20169 1.7984e+07  106  832 1.8814e+07 1.7810e+07  5.34%  3532 55299s
 38153 20238 1.8363e+07  122  651 1.8814e+07 1.7810e+07  5.34%  3528 55425s
 38332 20379 1.7944e+07   95  881 1.8814e+07 1.7810e+07  5.34%  3526 55566s
 38554 20531 1.8125e+07  105  801 1.8814e+07 1.7810e+07  5.34%  3522 55698s
 38819 20619     cutoff  139      1.8814e+07 1.7810e+07  5.34%  3514 55831s
 39007 20855 1.7990e+07  100  832 1.8814e+07 1.7810e+07  5.34%  3515 55979s
H39069 19974                    1.880796e+07 1.7810e+07  5.31%  3514 55979s
 39366 20030 1.8524e+07  124  603 1.8808e+07 1.7810e+07  5.31%  3495 56128s
 39578 20104 1.8746e+07  121  633 1.8808e+07 1.7810e+07  5.31%  3493 56286s
H39632 19262                    1.880086e+07 1.7810e+07  5.27%  3493 56286s
 39795 19405 1.7825e+07   85  909 1.8801e+07 1.7810e+07  5.27%  3493 56446s
 40020 19583 1.8635e+07  136  607 1.8801e+07 1.7810e+07  5.27%  3492 56639s
 40313 19795 1.7852e+07   85  939 1.8801e+07 1.7810e+07  5.27%  3489 56810s
 40688 19927 1.8106e+07   98  792 1.8801e+07 1.7811e+07  5.27%  3481 56991s
 40994 20181 1.7932e+07   93  861 1.8801e+07 1.7812e+07  5.26%  3480 57197s
 41417 20181 1.8012e+07   99  775 1.8801e+07 1.7813e+07  5.26%  3470 57403s
 41605 20232 1.8768e+07  117  637 1.8801e+07 1.7813e+07  5.26%  3469 57624s
 41742 20188 1.7869e+07   86 1572 1.8801e+07 1.7813e+07  5.26%  3471 58369s
 41744 20189 1.7919e+07   98  907 1.8801e+07 1.7813e+07  5.26%  3471 58371s
 41745 20190 1.8154e+07  126  991 1.8801e+07 1.7813e+07  5.26%  3471 58381s
 41746 20191 1.8489e+07  124 1039 1.8801e+07 1.7813e+07  5.26%  3471 58396s
 41747 20191 1.8772e+07  158 1094 1.8801e+07 1.7813e+07  5.26%  3471 58409s
 41748 20192 1.8397e+07  117 1069 1.8801e+07 1.7813e+07  5.26%  3471 58418s
 41749 20193 1.7841e+07   88 1048 1.8801e+07 1.7813e+07  5.26%  3471 58432s
 41750 20193 1.8387e+07  106 1061 1.8801e+07 1.7813e+07  5.26%  3471 58439s
 41751 20194 1.8503e+07  127 1018 1.8801e+07 1.7813e+07  5.26%  3471 58445s
 41752 20195 1.8254e+07  100 1008 1.8801e+07 1.7813e+07  5.26%  3471 58450s
 41754 20196 1.8429e+07  153 1032 1.8801e+07 1.7813e+07  5.26%  3470 58457s
 41756 20197 1.8337e+07  161 1067 1.8801e+07 1.7813e+07  5.26%  3470 58461s
 41760 20200 1.8014e+07  101 1063 1.8801e+07 1.7813e+07  5.26%  3470 58465s
 41764 20203 1.8316e+07  117  916 1.8801e+07 1.7813e+07  5.26%  3470 58511s
 41767 20205 1.8767e+07  155 1020 1.8801e+07 1.7813e+07  5.26%  3469 58515s
 41771 20207 1.8688e+07  154 1012 1.8801e+07 1.7813e+07  5.26%  3469 58533s
 41772 20208 1.8337e+07  109 1014 1.8801e+07 1.7813e+07  5.26%  3469 58603s
 41773 20209 1.8512e+07  128 1039 1.8801e+07 1.7813e+07  5.26%  3469 58605s
 41778 20212 1.8746e+07  148 1042 1.8801e+07 1.7813e+07  5.26%  3468 58622s
 41779 20213 1.8332e+07  141 1015 1.8801e+07 1.7813e+07  5.26%  3468 58643s
 41780 20213 1.8219e+07  134 1046 1.8801e+07 1.7813e+07  5.26%  3468 58645s
 41785 20217 1.8063e+07  100 1043 1.8801e+07 1.7813e+07  5.26%  3468 58666s
 41786 20217 1.8755e+07  181 1004 1.8801e+07 1.7813e+07  5.26%  3468 58685s
 41790 20220 1.8766e+07  144 1029 1.8801e+07 1.7813e+07  5.26%  3467 58704s
 41791 20221 1.8441e+07  122  992 1.8801e+07 1.7813e+07  5.26%  3467 58723s
 41792 20221 1.8607e+07  137 1005 1.8801e+07 1.7813e+07  5.26%  3467 58741s
 41793 20222 1.8505e+07  132 1002 1.8801e+07 1.7813e+07  5.26%  3467 58759s
 41795 20223 1.8224e+07  104 1022 1.8801e+07 1.7813e+07  5.26%  3467 58777s
 41796 20224 1.8229e+07   98  972 1.8801e+07 1.7813e+07  5.26%  3467 58800s
 41801 20227 1.8059e+07  105 1025 1.8801e+07 1.7813e+07  5.26%  3467 58805s
 41802 20228 1.7880e+07  100 1019 1.8801e+07 1.7813e+07  5.26%  3466 58821s
 41803 20229 1.8284e+07  112 1000 1.8801e+07 1.7813e+07  5.26%  3466 58839s
 41804 20229 1.8701e+07  211 1009 1.8801e+07 1.7813e+07  5.26%  3466 58840s
 41805 20230 1.8662e+07  136 1020 1.8801e+07 1.7813e+07  5.26%  3466 58856s
 41806 20231 1.7901e+07   98 1017 1.8801e+07 1.7813e+07  5.26%  3466 58874s
 41807 20231 1.7839e+07   92 1025 1.8801e+07 1.7813e+07  5.26%  3466 58890s
 41808 20232 1.8106e+07  113 1038 1.8801e+07 1.7813e+07  5.26%  3466 58909s
 41809 20233 1.8686e+07  153 1048 1.8801e+07 1.7813e+07  5.26%  3466 58910s
 41810 20233 1.8197e+07  129 1029 1.8801e+07 1.7813e+07  5.26%  3466 58928s
 41811 20234 1.8486e+07  159 1030 1.8801e+07 1.7813e+07  5.26%  3466 58945s
 41813 20235 1.7890e+07   97 1044 1.8801e+07 1.7813e+07  5.26%  3466 58963s
 41814 20236 1.8628e+07  135 1003 1.8801e+07 1.7813e+07  5.26%  3465 58982s
 41815 20237 1.8416e+07  167 1023 1.8801e+07 1.7813e+07  5.26%  3465 58999s
 41816 20237 1.7833e+07   87 1012 1.8801e+07 1.7813e+07  5.26%  3465 59017s
 41817 20238 1.8443e+07  139 1033 1.8801e+07 1.7813e+07  5.26%  3465 59035s
 41818 20239 1.8006e+07   97 1014 1.8801e+07 1.7813e+07  5.26%  3465 59052s
 41819 20239 1.8381e+07  124 1028 1.8801e+07 1.7813e+07  5.26%  3465 59069s
 41820 20240 1.8343e+07  103 1044 1.8801e+07 1.7813e+07  5.26%  3465 59090s
 41825 20243 1.8226e+07  109 1062 1.8801e+07 1.7813e+07  5.26%  3465 59111s
 41826 20244 1.8053e+07  108 1064 1.8801e+07 1.7813e+07  5.26%  3464 59131s
 41828 20245 1.8359e+07  167 1081 1.8801e+07 1.7813e+07  5.26%  3464 59148s
 41829 20246 1.8496e+07  135 1055 1.8801e+07 1.7813e+07  5.26%  3464 59166s
 41830 20247 1.8429e+07  137 1074 1.8801e+07 1.7813e+07  5.26%  3464 59182s
 41831 20247 1.8128e+07  103 1060 1.8801e+07 1.7813e+07  5.26%  3464 59199s
 41832 20248 1.8176e+07  134 1068 1.8801e+07 1.7813e+07  5.26%  3464 59215s
 41833 20249 1.8008e+07  103 1053 1.8801e+07 1.7813e+07  5.26%  3464 59232s
 41834 20249 1.8389e+07  135 1070 1.8801e+07 1.7813e+07  5.26%  3464 59249s
 41835 20250 1.8016e+07  109 1058 1.8801e+07 1.7813e+07  5.26%  3464 59266s
 41836 20251 1.7975e+07   87 1064 1.8801e+07 1.7813e+07  5.26%  3464 59282s
 41837 20251 1.8338e+07  105 1067 1.8801e+07 1.7813e+07  5.26%  3464 59300s
 41838 20252 1.8038e+07   89 1093 1.8801e+07 1.7813e+07  5.26%  3463 59317s
 41839 20253 1.8002e+07   85 1082 1.8801e+07 1.7813e+07  5.26%  3463 59335s
 41840 20253 1.8587e+07  128 1077 1.8801e+07 1.7813e+07  5.26%  3463 59351s
 41841 20254 1.8574e+07  119 1078 1.8801e+07 1.7813e+07  5.26%  3463 59369s
 41842 20255 1.7869e+07   86 1092 1.8801e+07 1.7813e+07  5.26%  3463 59385s
 41843 20255 1.8763e+07  197 1081 1.8801e+07 1.7813e+07  5.26%  3463 59403s
 41844 20256 1.7919e+07   98 1075 1.8801e+07 1.7813e+07  5.26%  3463 59420s
 41845 20257 1.8154e+07  126 1060 1.8801e+07 1.7813e+07  5.26%  3463 59438s
 41846 20257 1.8489e+07  124 1069 1.8801e+07 1.7813e+07  5.26%  3463 59455s
 41847 20258 1.8772e+07  158 1050 1.8801e+07 1.7813e+07  5.26%  3463 59472s
 41848 20259 1.8397e+07  117 1074 1.8801e+07 1.7813e+07  5.26%  3463 59489s
 41849 20259 1.7841e+07   88 1061 1.8801e+07 1.7813e+07  5.26%  3463 59509s
 41850 20260 1.8387e+07  106 1096 1.8801e+07 1.7813e+07  5.26%  3462 59525s
 41851 20261 1.8503e+07  127 1074 1.8801e+07 1.7813e+07  5.26%  3462 59542s
 41852 20261 1.8254e+07  100 1095 1.8801e+07 1.7813e+07  5.26%  3462 59559s
 41853 20262 1.8226e+07  101 1057 1.8801e+07 1.7813e+07  5.26%  3462 59578s
 41854 20263 1.8429e+07  153 1086 1.8801e+07 1.7813e+07  5.26%  3462 59595s
 41855 20263 1.8298e+07  139 1056 1.8801e+07 1.7813e+07  5.26%  3462 59613s
 41856 20264 1.8337e+07  161 1080 1.8801e+07 1.7813e+07  5.26%  3462 59630s
 41857 20265 1.8514e+07  184 1057 1.8801e+07 1.7813e+07  5.26%  3462 59648s
 41858 20265 1.8417e+07  139 1088 1.8801e+07 1.7813e+07  5.26%  3462 59664s
 41859 20266 1.8610e+07  171 1090 1.8801e+07 1.7813e+07  5.26%  3462 59682s
 41860 20267 1.8014e+07  101 1068 1.8801e+07 1.7813e+07  5.26%  3462 59699s
 41861 20267 1.7888e+07   95 1079 1.8801e+07 1.7813e+07  5.26%  3462 59718s
 41862 20268 1.8576e+07  144 1086 1.8801e+07 1.7813e+07  5.26%  3461 59734s
 41863 20269 1.8198e+07   92 1073 1.8801e+07 1.7813e+07  5.26%  3461 59751s
 41864 20269 1.8316e+07  117 1066 1.8801e+07 1.7813e+07  5.26%  3461 59769s
 41865 20270 1.8419e+07  134 1037 1.8801e+07 1.7813e+07  5.26%  3461 59788s
 41866 20271 1.8451e+07  138 1056 1.8801e+07 1.7813e+07  5.26%  3461 59807s
 41867 20271 1.8767e+07  155 1045 1.8801e+07 1.7813e+07  5.26%  3461 59824s
 41868 20272 1.7921e+07  101 1065 1.8801e+07 1.7813e+07  5.26%  3461 59841s
 41869 20273 1.7863e+07   87 1016 1.8801e+07 1.7813e+07  5.26%  3461 59860s
 41870 20273 1.8289e+07  121 1047 1.8801e+07 1.7813e+07  5.26%  3461 59878s
 41871 20274 1.8688e+07  154 1041 1.8801e+07 1.7813e+07  5.26%  3461 59896s
 41872 20275 1.8337e+07  109 1031 1.8801e+07 1.7813e+07  5.26%  3461 59914s
 41873 20275 1.8512e+07  128 1028 1.8801e+07 1.7813e+07  5.26%  3461 59934s
 41874 20276 1.8056e+07  116 1074 1.8801e+07 1.7813e+07  5.26%  3460 59936s
 41876 20277 1.8384e+07  113 1054 1.8801e+07 1.7813e+07  5.26%  3460 59953s
 41877 20278 1.8642e+07  134 1002 1.8801e+07 1.7813e+07  5.26%  3460 59973s
 41880 20280 1.8219e+07  134 1040 1.8801e+07 1.7813e+07  5.26%  3460 59992s
 41881 20281 1.8137e+07   94 1043 1.8801e+07 1.7813e+07  5.26%  3460 60010s
 41882 20281 1.8377e+07  119 1056 1.8801e+07 1.7813e+07  5.26%  3460 60027s
 41883 20282 1.8004e+07   88 1021 1.8801e+07 1.7813e+07  5.26%  3460 60045s
 41884 20283 1.7960e+07  108 1046 1.8801e+07 1.7813e+07  5.26%  3460 60062s
 41885 20283 1.8063e+07  100 1072 1.8801e+07 1.7813e+07  5.26%  3460 60079s
 41886 20284 1.8755e+07  181 1065 1.8801e+07 1.7813e+07  5.26%  3459 60095s
 41887 20285 1.8681e+07  199 1067 1.8801e+07 1.7813e+07  5.26%  3459 60118s
 41888 20285 1.8688e+07  133 1076 1.8801e+07 1.7813e+07  5.26%  3459 60135s
 41889 20286 1.8701e+07  225 1052 1.8801e+07 1.7813e+07  5.26%  3459 60155s
 41895 20290 1.8224e+07  104 1073 1.8801e+07 1.7813e+07  5.26%  3459 60176s
 41896 20291 1.8229e+07   98 1061 1.8801e+07 1.7813e+07  5.26%  3459 60193s
 41897 20291 1.7942e+07   94 1072 1.8801e+07 1.7813e+07  5.26%  3459 60210s
 41898 20292 1.8717e+07  164 1030 1.8801e+07 1.7813e+07  5.26%  3458 60230s
 41899 20293 1.7876e+07   88 1063 1.8801e+07 1.7813e+07  5.26%  3458 60246s
 41900 20293 1.8110e+07  116 1065 1.8801e+07 1.7813e+07  5.26%  3458 60263s
 41901 20294 1.8059e+07  105 1073 1.8801e+07 1.7813e+07  5.26%  3458 60280s
 41902 20295 1.7880e+07  100 1054 1.8801e+07 1.7813e+07  5.26%  3458 60297s
 41903 20295 1.8284e+07  112 1060 1.8801e+07 1.7813e+07  5.26%  3458 60312s
 41904 20296 1.8701e+07  211 1073 1.8801e+07 1.7813e+07  5.26%  3458 60330s
 41905 20297 1.8662e+07  136 1083 1.8801e+07 1.7813e+07  5.26%  3458 60347s
 41906 20297 1.7901e+07   98 1072 1.8801e+07 1.7813e+07  5.26%  3458 60365s
 41907 20298 1.7839e+07   92 1067 1.8801e+07 1.7813e+07  5.26%  3458 60387s
 41908 20299 1.8106e+07  113 1032 1.8801e+07 1.7813e+07  5.26%  3458 60405s
 41909 20299 1.8686e+07  153 1056 1.8801e+07 1.7813e+07  5.26%  3458 60420s
 41910 20300 1.8197e+07  129 1065 1.8801e+07 1.7813e+07  5.26%  3457 60438s
 41911 20301 1.8486e+07  159 1067 1.8801e+07 1.7813e+07  5.26%  3457 60454s
 41912 20301 1.8743e+07  221 1055 1.8801e+07 1.7813e+07  5.26%  3457 60470s
 41913 20302 1.7890e+07   97 1065 1.8801e+07 1.7813e+07  5.26%  3457 60486s
 41914 20303 1.8628e+07  135 1069 1.8801e+07 1.7813e+07  5.26%  3457 60504s
 41915 20303 1.8416e+07  167 1092 1.8801e+07 1.7813e+07  5.26%  3457 60520s
 41916 20304 1.7833e+07   87 1062 1.8801e+07 1.7813e+07  5.26%  3457 60539s
 41917 20305 1.8443e+07  139 1078 1.8801e+07 1.7813e+07  5.26%  3457 60556s
 41918 20305 1.8006e+07   97 1074 1.8801e+07 1.7813e+07  5.26%  3457 60576s
 41919 20306 1.8381e+07  124 1084 1.8801e+07 1.7813e+07  5.26%  3457 60593s
 41920 20307 1.8343e+07  103 1078 1.8801e+07 1.7813e+07  5.26%  3457 60611s
 41921 20307 1.8122e+07  105 1093 1.8801e+07 1.7813e+07  5.26%  3457 60627s
 41922 20308 1.8154e+07  123 1079 1.8801e+07 1.7813e+07  5.26%  3457 60648s
 41923 20309 1.8042e+07  105 1078 1.8801e+07 1.7813e+07  5.26%  3456 60665s
H41923 19290                    1.880086e+07 1.7813e+07  5.26%  3456 60682s
 41924 19290 1.8249e+07  116 1063 1.8801e+07 1.7813e+07  5.26%  3456 60701s
 41925 19291 1.8226e+07  109 1079 1.8801e+07 1.7813e+07  5.26%  3456 60717s
 41926 19292 1.8053e+07  108 1071 1.8801e+07 1.7813e+07  5.26%  3456 60734s
 41927 19292 1.8769e+07  144 1074 1.8801e+07 1.7813e+07  5.26%  3456 60751s
 41928 19293 1.8359e+07  167 1075 1.8801e+07 1.7813e+07  5.26%  3456 60768s
 41929 19294 1.8496e+07  135 1077 1.8801e+07 1.7813e+07  5.26%  3456 60785s
 41930 19294 1.8429e+07  137 1039 1.8801e+07 1.7813e+07  5.26%  3456 60804s
 41931 19295 1.8128e+07  103 1069 1.8801e+07 1.7813e+07  5.26%  3456 60820s
 41932 19296 1.8176e+07  134 1091 1.8801e+07 1.7813e+07  5.26%  3456 60837s
 41933 19296 1.8008e+07  103 1085 1.8801e+07 1.7813e+07  5.26%  3456 60854s
 41934 19297 1.8389e+07  135 1079 1.8801e+07 1.7813e+07  5.26%  3456 60873s
 41937 19299 1.8338e+07  105 1082 1.8801e+07 1.7813e+07  5.26%  3455 60890s
 41938 19300 1.8038e+07   89 1063 1.8801e+07 1.7813e+07  5.26%  3455 60908s
 41939 19300 1.8002e+07   85 1071 1.8801e+07 1.7813e+07  5.26%  3455 60925s
 41940 19301 1.8587e+07  128 1055 1.8801e+07 1.7813e+07  5.26%  3455 60944s
 41941 19302 1.8574e+07  119 1070 1.8801e+07 1.7813e+07  5.26%  3455 60962s
 41942 19302 1.7869e+07   86 1073 1.8801e+07 1.7813e+07  5.26%  3455 60981s
 41943 19303 1.8763e+07  197 1072 1.8801e+07 1.7813e+07  5.26%  3455 60997s
 41944 19304 1.7919e+07   98 1063 1.8801e+07 1.7813e+07  5.26%  3455 61014s
 41945 19304 1.8154e+07  126 1066 1.8801e+07 1.7813e+07  5.26%  3455 61031s
 41946 19305 1.8489e+07  124 1040 1.8801e+07 1.7813e+07  5.26%  3455 61048s
 41947 19306 1.8772e+07  158 1047 1.8801e+07 1.7813e+07  5.26%  3454 61064s
 41948 19306 1.8397e+07  117 1070 1.8801e+07 1.7813e+07  5.26%  3454 61082s
 41949 19307 1.7841e+07   88 1068 1.8801e+07 1.7813e+07  5.26%  3454 61099s
 41950 19308 1.8387e+07  106 1073 1.8801e+07 1.7813e+07  5.26%  3454 61118s
 41951 19308 1.8503e+07  127 1095 1.8801e+07 1.7813e+07  5.26%  3454 61135s
 41952 19309 1.8254e+07  100 1050 1.8801e+07 1.7813e+07  5.26%  3454 61152s
 41956 19312 1.8337e+07  161 1059 1.8801e+07 1.7813e+07  5.26%  3454 61171s
 41957 19312 1.8514e+07  184 1048 1.8801e+07 1.7813e+07  5.26%  3454 61188s
 41958 19313 1.8417e+07  139 1069 1.8801e+07 1.7813e+07  5.26%  3454 61206s
 41959 19314 1.8610e+07  171 1068 1.8801e+07 1.7813e+07  5.26%  3453 61227s
 41960 19314 1.8014e+07  101 1067 1.8801e+07 1.7813e+07  5.26%  3453 61244s
 41961 19315 1.7888e+07   95 1045 1.8801e+07 1.7813e+07  5.26%  3453 61262s
 41962 19316 1.8576e+07  144 1064 1.8801e+07 1.7813e+07  5.26%  3453 61280s
 41963 19316 1.8198e+07   92 1075 1.8801e+07 1.7813e+07  5.26%  3453 61299s
 41964 19317 1.8316e+07  117 1074 1.8801e+07 1.7813e+07  5.26%  3453 61315s
 41965 19318 1.8419e+07  134 1056 1.8801e+07 1.7813e+07  5.26%  3453 61334s
 41966 19318 1.8451e+07  138 1063 1.8801e+07 1.7813e+07  5.26%  3453 61352s
 41967 19319 1.8767e+07  155 1024 1.8801e+07 1.7813e+07  5.26%  3453 61370s
 41968 19320 1.7921e+07  101 1079 1.8801e+07 1.7813e+07  5.26%  3453 61388s
 41969 19320 1.7863e+07   87 1040 1.8801e+07 1.7813e+07  5.26%  3453 61406s
 41970 19321 1.8289e+07  121 1050 1.8801e+07 1.7813e+07  5.26%  3453 61424s
 41971 19322 1.8688e+07  154 1060 1.8801e+07 1.7813e+07  5.26%  3452 61441s
 41972 19322 1.8337e+07  109 1067 1.8801e+07 1.7813e+07  5.26%  3452 61458s
 41973 19323 1.8512e+07  128 1063 1.8801e+07 1.7813e+07  5.26%  3452 61476s
 41974 19324 1.8056e+07  116 1085 1.8801e+07 1.7813e+07  5.26%  3452 61494s
 41975 19324 1.7955e+07   97 1089 1.8801e+07 1.7813e+07  5.26%  3452 61513s
 41976 19325 1.8384e+07  113 1090 1.8801e+07 1.7813e+07  5.26%  3452 61530s
 41977 19326 1.8642e+07  134 1079 1.8801e+07 1.7813e+07  5.26%  3452 61547s
 41978 19326 1.8746e+07  148 1081 1.8801e+07 1.7813e+07  5.26%  3452 61564s
 41979 19327 1.8332e+07  141 1085 1.8801e+07 1.7813e+07  5.26%  3452 61582s
 41980 19328 1.8219e+07  134 1090 1.8801e+07 1.7813e+07  5.26%  3452 61599s
 41981 19328 1.8137e+07   94 1077 1.8801e+07 1.7813e+07  5.26%  3452 61616s
 41982 19329 1.8377e+07  119 1084 1.8801e+07 1.7813e+07  5.26%  3452 61633s
 41983 19330 1.8004e+07   88 1090 1.8801e+07 1.7813e+07  5.26%  3451 61650s
 41984 19330 1.7960e+07  108 1103 1.8801e+07 1.7813e+07  5.26%  3451 61666s
 41985 19331 1.8063e+07  100 1083 1.8801e+07 1.7813e+07  5.26%  3451 61685s
 41986 19332 1.8755e+07  181 1084 1.8801e+07 1.7813e+07  5.26%  3451 61708s
 41987 19332 1.8681e+07  199 1088 1.8801e+07 1.7813e+07  5.26%  3451 61726s
 41988 19333 1.8688e+07  133 1103 1.8801e+07 1.7813e+07  5.26%  3451 61742s
 41989 19334 1.8701e+07  225 1060 1.8801e+07 1.7813e+07  5.26%  3451 61761s
 41990 19334 1.8766e+07  144 1100 1.8801e+07 1.7813e+07  5.26%  3451 61778s
 41991 19335 1.8441e+07  122 1073 1.8801e+07 1.7813e+07  5.26%  3451 61799s
 41992 19336 1.8607e+07  137 1087 1.8801e+07 1.7813e+07  5.26%  3451 61819s
 41993 19336 1.8505e+07  132 1076 1.8801e+07 1.7813e+07  5.26%  3451 61837s
 41994 19337 1.8785e+07  236 1086 1.8801e+07 1.7813e+07  5.26%  3451 61854s
 41995 19338 1.8224e+07  104 1057 1.8801e+07 1.7813e+07  5.26%  3450 61873s
 41996 19338 1.8229e+07   98 1082 1.8801e+07 1.7813e+07  5.26%  3450 61888s
 41997 19339 1.7942e+07   94 1072 1.8801e+07 1.7813e+07  5.26%  3450 61906s
 41998 19340 1.8717e+07  164 1073 1.8801e+07 1.7813e+07  5.26%  3450 61922s
 41999 19340 1.7876e+07   88 1068 1.8801e+07 1.7813e+07  5.26%  3450 61942s
 42000 19341 1.8110e+07  116 1095 1.8801e+07 1.7813e+07  5.26%  3450 61959s
 42001 19342 1.8059e+07  105 1099 1.8801e+07 1.7813e+07  5.26%  3450 61976s
 42002 19342 1.7880e+07  100 1098 1.8801e+07 1.7813e+07  5.26%  3450 61993s
 42003 19343 1.8284e+07  112 1099 1.8801e+07 1.7813e+07  5.26%  3450 62011s
 42004 19344 1.8701e+07  211 1098 1.8801e+07 1.7813e+07  5.26%  3450 62028s
 42005 19344 1.8662e+07  136 1082 1.8801e+07 1.7813e+07  5.26%  3450 62045s
 42006 19345 1.7901e+07   98 1106 1.8801e+07 1.7813e+07  5.26%  3450 62061s
 42008 19346 1.8106e+07  113 1098 1.8801e+07 1.7813e+07  5.26%  3449 62083s
 42009 19350 1.7813e+07   90 1061 1.8801e+07 1.7813e+07  5.26%  3457 62099s
 42011 19353 1.7813e+07   91 1043 1.8801e+07 1.7813e+07  5.26%  3457 62133s
 42015 19356 1.7813e+07   92 1044 1.8801e+07 1.7813e+07  5.26%  3458 62144s
 42019 19359 1.7813e+07   92 1013 1.8801e+07 1.7813e+07  5.26%  3459 62165s
 42023 19361 1.7813e+07   93 1007 1.8801e+07 1.7813e+07  5.26%  3460 62180s
 42027 19364 1.7813e+07   93  998 1.8801e+07 1.7813e+07  5.26%  3461 62189s
 42031 19368 1.7813e+07   94 1014 1.8801e+07 1.7813e+07  5.26%  3461 62194s
 42036 19370 1.7824e+07   94 1022 1.8801e+07 1.7813e+07  5.26%  3461 62203s
 42040 19374 1.7813e+07   95 1014 1.8801e+07 1.7813e+07  5.26%  3461 62216s
 42045 19378 1.7813e+07   96 1024 1.8801e+07 1.7813e+07  5.26%  3462 62225s
 42051 19380 1.7868e+07   96  941 1.8801e+07 1.7813e+07  5.26%  3463 62247s
 42055 19383 1.7813e+07   97 1016 1.8801e+07 1.7813e+07  5.26%  3463 62266s
 42059 19387 1.8251e+07   97 1017 1.8801e+07 1.7813e+07  5.26%  3465 62281s
 42065 19391 1.7813e+07   98 1032 1.8801e+07 1.7813e+07  5.26%  3466 62296s
 42071 19394 1.7852e+07   99 1003 1.8801e+07 1.7813e+07  5.26%  3466 62322s
 42076 19399 1.7876e+07   99  977 1.8801e+07 1.7813e+07  5.26%  3467 62338s
 42082 19405 1.7861e+07  100  972 1.8801e+07 1.7813e+07  5.26%  3468 62354s
 42090 19408 1.7863e+07  101  966 1.8801e+07 1.7813e+07  5.26%  3469 62372s
 42096 19413 1.7864e+07  102  938 1.8801e+07 1.7813e+07  5.26%  3470 62397s
 42103 19418 1.7868e+07  103  947 1.8801e+07 1.7813e+07  5.26%  3471 62422s
 42110 19426 1.7869e+07  104  973 1.8801e+07 1.7813e+07  5.26%  3473 62440s
 42121 19431 1.7952e+07  105 1022 1.8801e+07 1.7813e+07  5.26%  3474 62453s
 42129 19435 1.7928e+07  106  979 1.8801e+07 1.7813e+07  5.26%  3474 62504s
 42136 19444 1.7979e+07  108  926 1.8801e+07 1.7813e+07  5.26%  3475 62525s
 42147 19450 1.7893e+07  109  965 1.8801e+07 1.7813e+07  5.26%  3476 62541s
 42157 19458 1.7985e+07  110  940 1.8801e+07 1.7813e+07  5.26%  3477 62555s
 42168 19467 1.7902e+07  111  941 1.8801e+07 1.7813e+07  5.26%  3478 62571s
 42181 19476 1.7926e+07  112  939 1.8801e+07 1.7813e+07  5.26%  3478 62594s
 42194 19482 1.7949e+07  114  936 1.8801e+07 1.7813e+07  5.26%  3479 62609s
 42205 19495 1.7964e+07  115  926 1.8801e+07 1.7813e+07  5.26%  3480 62632s
 42221 19503 1.8172e+07  116  922 1.8801e+07 1.7813e+07  5.26%  3482 62650s
 42235 19520 1.8032e+07  118  920 1.8801e+07 1.7813e+07  5.26%  3483 62669s
 42256 19539 1.8264e+07  120  868 1.8801e+07 1.7813e+07  5.26%  3484 62690s
 42282 19553 1.8122e+07  123  851 1.8801e+07 1.7813e+07  5.26%  3484 62709s
 42305 19581 1.8110e+07  123  838 1.8801e+07 1.7813e+07  5.26%  3484 62729s
 42343 19615 1.8293e+07  127  858 1.8801e+07 1.7813e+07  5.26%  3483 62749s
 42397 19663 1.8364e+07  130  804 1.8801e+07 1.7813e+07  5.26%  3480 62764s
 42471 19666 1.8468e+07  137  627 1.8801e+07 1.7813e+07  5.26%  3476 62793s
 42521 19694 1.8538e+07  140  601 1.8801e+07 1.7813e+07  5.26%  3473 62810s
 42578 19713 1.8583e+07  146  514 1.8801e+07 1.7813e+07  5.26%  3470 62847s
 42631 19722     cutoff  154      1.8801e+07 1.7813e+07  5.26%  3468 62881s
 42704 19707 1.7813e+07   94 1044 1.8801e+07 1.7813e+07  5.26%  3465 62921s
 42714 19719 1.7813e+07   95 1035 1.8801e+07 1.7813e+07  5.26%  3466 62941s
 42729 19728 1.7872e+07   98 1033 1.8801e+07 1.7813e+07  5.26%  3467 62971s
 42743 19737 1.7880e+07  101  983 1.8801e+07 1.7813e+07  5.26%  3468 62992s
 42757 19755 1.7898e+07  105  959 1.8801e+07 1.7813e+07  5.26%  3469 63013s
 42779 19766 1.7966e+07  111  901 1.8801e+07 1.7813e+07  5.26%  3470 63036s
 42798 19791 1.8021e+07  116  855 1.8801e+07 1.7813e+07  5.26%  3471 63063s
 42829 19828 1.8030e+07  119  872 1.8801e+07 1.7813e+07  5.26%  3471 63087s
 42876 19872 1.8273e+07  129  672 1.8801e+07 1.7813e+07  5.26%  3469 63114s
 42949 19902 1.8360e+07  141  620 1.8801e+07 1.7813e+07  5.26%  3466 63146s
H42991 18914                    1.879926e+07 1.7813e+07  5.25%  3463 63146s
 43035 18935     cutoff  170      1.8799e+07 1.7813e+07  5.25%  3462 63194s
H43096 18011                    1.879574e+07 1.7813e+07  5.23%  3460 63266s
 43150 18004 1.7977e+07  100  919 1.8796e+07 1.7813e+07  5.23%  3461 63334s
 43163 18019 1.8043e+07  104  855 1.8796e+07 1.7813e+07  5.23%  3461 63386s
 43206 18040 1.8151e+07  108  853 1.8796e+07 1.7813e+07  5.23%  3462 63420s
 43241 18070 1.8139e+07  112  813 1.8796e+07 1.7813e+07  5.23%  3463 63452s
 43283 18128 1.8180e+07  113  792 1.8796e+07 1.7813e+07  5.23%  3463 63501s
 43375 18156 1.8273e+07  121  753 1.8796e+07 1.7813e+07  5.23%  3460 63543s
 43455 18183 1.8561e+07  134  593 1.8796e+07 1.7813e+07  5.23%  3458 63607s
 43530 18201 1.7915e+07   95  966 1.8796e+07 1.7813e+07  5.23%  3457 63648s
 43579 18243 1.8011e+07  105  917 1.8796e+07 1.7813e+07  5.23%  3457 63701s
 43645 18276 1.8429e+07  126  766 1.8796e+07 1.7813e+07  5.23%  3457 63758s
 43720 18289 1.7910e+07   95  950 1.8796e+07 1.7813e+07  5.23%  3457 63820s
 43770 18328 1.7977e+07   99  859 1.8796e+07 1.7813e+07  5.23%  3458 63873s
 43833 18385 1.8029e+07  107  796 1.8796e+07 1.7813e+07  5.23%  3458 63920s
 43911 18434 1.8165e+07  118  749 1.8796e+07 1.7813e+07  5.23%  3458 63987s
 43998 18490 1.8341e+07  129  696 1.8796e+07 1.7813e+07  5.23%  3457 64051s
 44100 18528 1.7936e+07   95  975 1.8796e+07 1.7813e+07  5.23%  3456 64105s
 44176 18582 1.7980e+07  100  921 1.8796e+07 1.7813e+07  5.23%  3454 64170s
 44275 18600 1.8155e+07  118  869 1.8796e+07 1.7813e+07  5.23%  3451 64263s
 44334 18640 1.8400e+07  143  735 1.8796e+07 1.7813e+07  5.23%  3451 64346s
 44417 18677 1.7889e+07   95  968 1.8796e+07 1.7813e+07  5.23%  3452 64436s
 44484 18710 1.8108e+07  107  902 1.8796e+07 1.7815e+07  5.22%  3452 64523s
 44589 18727 1.8037e+07   97 1039 1.8796e+07 1.7816e+07  5.21%  3452 64611s
 44645 18772 1.8320e+07  117  865 1.8796e+07 1.7818e+07  5.20%  3455 64887s
 44722 18799 1.7933e+07   98  922 1.8796e+07 1.7818e+07  5.20%  3454 64994s
 44739 18793     cutoff  126      1.8796e+07 1.7818e+07  5.20%  3455 64995s
 44797 18851 1.8067e+07  108  905 1.8796e+07 1.7818e+07  5.20%  3454 65073s
 44882 18970 1.8190e+07  117  811 1.8796e+07 1.7823e+07  5.18%  3456 65183s
 45067 18995 1.7882e+07   96  960 1.8796e+07 1.7824e+07  5.17%  3453 65283s
 45166 19035 1.8263e+07  111  785 1.8796e+07 1.7825e+07  5.17%  3455 65387s
 45277 19104 1.7915e+07   97  947 1.8796e+07 1.7826e+07  5.16%  3457 65477s
 45385 19142 1.8093e+07  116  856 1.8796e+07 1.7828e+07  5.15%  3456 65582s
 45496 19246 1.7926e+07   94 1036 1.8796e+07 1.7830e+07  5.14%  3460 65683s
 45637 19337 1.8056e+07  104  856 1.8796e+07 1.7830e+07  5.14%  3460 65793s
 45790 19437 1.8198e+07  119  856 1.8796e+07 1.7830e+07  5.14%  3462 65906s
 45977 19529 1.8277e+07  130  728 1.8796e+07 1.7831e+07  5.13%  3461 66027s
 46185 19553 1.8128e+07   97  975 1.8796e+07 1.7831e+07  5.13%  3458 66211s
 46289 19630 1.8435e+07  123  797 1.8796e+07 1.7831e+07  5.13%  3458 66350s
 46465 19704 1.7958e+07  111  935 1.8796e+07 1.7833e+07  5.12%  3461 66492s
 46635 19799 1.7955e+07  102 1013 1.8796e+07 1.7833e+07  5.12%  3465 66655s
 46811 19902 1.7890e+07  100  971 1.8796e+07 1.7833e+07  5.12%  3468 66791s
 46986 19965 1.8287e+07  131  773 1.8796e+07 1.7834e+07  5.12%  3468 66948s
 47153 20071 1.8032e+07  108  851 1.8796e+07 1.7834e+07  5.12%  3474 67184s
 47315 20302 1.8273e+07  124  642 1.8796e+07 1.7834e+07  5.12%  3475 67345s
 47688 20382 1.8151e+07  121  900 1.8796e+07 1.7835e+07  5.11%  3466 67515s
 47929 20432 1.8295e+07  122  834 1.8796e+07 1.7837e+07  5.10%  3466 67698s
 48104 20532 1.8215e+07  108  816 1.8796e+07 1.7837e+07  5.10%  3475 67904s
 48315 20680 1.7872e+07   99  995 1.8796e+07 1.7837e+07  5.10%  3483 68118s
 48594 20750 1.7933e+07  102  939 1.8796e+07 1.7838e+07  5.10%  3485 68317s
 48813 20833 1.7990e+07  107  961 1.8796e+07 1.7840e+07  5.09%  3491 68524s
 49008 21059 1.8100e+07  103  937 1.8796e+07 1.7843e+07  5.07%  3495 68740s
 49377 21293 1.7941e+07  108  928 1.8796e+07 1.7844e+07  5.06%  3493 68972s
 49759 21476 1.8129e+07  126  812 1.8796e+07 1.7844e+07  5.06%  3493 69221s
 50171 21675 1.8471e+07  159  616 1.8796e+07 1.7845e+07  5.06%  3490 69467s
 50620 21865 1.8321e+07  137  839 1.8796e+07 1.7846e+07  5.06%  3484 69851s
 51009 22038 1.8218e+07  120  723 1.8796e+07 1.7846e+07  5.05%  3484 70118s
 51379 22376 1.8222e+07  120  733 1.8796e+07 1.7847e+07  5.05%  3489 70401s
 51959 22664 1.8157e+07  126  871 1.8796e+07 1.7848e+07  5.04%  3484 70903s
 52551 22872 1.7978e+07  103 1014 1.8796e+07 1.7850e+07  5.03%  3477 71263s
 53051 23123 1.8012e+07  114  916 1.8796e+07 1.7852e+07  5.02%  3483 71584s
 53562 23398 1.7976e+07  103  904 1.8796e+07 1.7854e+07  5.01%  3483 71902s
 54111 23570 1.7936e+07  102  894 1.8796e+07 1.7855e+07  5.00%  3481 72186s
 54537 23836 1.8468e+07  107  834 1.8796e+07 1.7856e+07  5.00%  3485 72474s
 55027 23742 1.8097e+07  102  914 1.8796e+07 1.7857e+07  4.99%  3483 72841s
 55114 23979 1.8116e+07  103  946 1.8796e+07 1.7857e+07  4.99%  3484 73132s
 55428 24381 1.8078e+07  125  765 1.8796e+07 1.7858e+07  4.99%  3495 73445s
 56069 24554 1.7915e+07  104  964 1.8796e+07 1.7860e+07  4.98%  3489 73718s
 56517 24448 1.8793e+07  133  715 1.8796e+07 1.7860e+07  4.98%  3487 74205s
 56572 24887 1.8793e+07  134  710 1.8796e+07 1.7860e+07  4.98%  3486 74489s
 57094 25134 1.8489e+07  155  516 1.8796e+07 1.7861e+07  4.97%  3484 74763s
 57637 25338     cutoff  120      1.8796e+07 1.7862e+07  4.97%  3479 75057s
 58104 25431 1.8242e+07  134  752 1.8796e+07 1.7863e+07  4.96%  3479 75317s
 58448 25543 1.7916e+07  103  938 1.8796e+07 1.7863e+07  4.96%  3483 75585s
 58793 25713 1.8384e+07  122  748 1.8796e+07 1.7864e+07  4.95%  3490 75852s
 59129 25987 1.8164e+07  109  894 1.8796e+07 1.7865e+07  4.95%  3488 76135s
 59617 26189 1.8081e+07  113  926 1.8796e+07 1.7866e+07  4.95%  3485 76418s
 60048 26399 1.7964e+07  100  931 1.8796e+07 1.7867e+07  4.94%  3487 76688s
 60501 26638 1.7926e+07  105  960 1.8796e+07 1.7868e+07  4.94%  3488 76978s
 61003 26772 1.7985e+07  120  958 1.8796e+07 1.7869e+07  4.93%  3487 77256s
 61394 26993 1.8521e+07  112  964 1.8796e+07 1.7870e+07  4.93%  3490 77528s
 61826 27098     cutoff  147      1.8796e+07 1.7870e+07  4.93%  3490 78203s
 62197 27272 1.8042e+07  122  889 1.8796e+07 1.7871e+07  4.92%  3495 78500s
 62618 27486 1.8018e+07  129  850 1.8796e+07 1.7872e+07  4.91%  3500 78813s
 63088 27741 1.8213e+07  113  804 1.8796e+07 1.7872e+07  4.91%  3503 79116s
 63604 27983 1.8173e+07  118  910 1.8796e+07 1.7873e+07  4.91%  3503 79419s
 64102 28161 1.8015e+07  100  833 1.8796e+07 1.7873e+07  4.91%  3503 79760s
 64530 28350 1.7995e+07   99  903 1.8796e+07 1.7874e+07  4.91%  3506 80056s
 64984 28579 1.8573e+07  114  751 1.8796e+07 1.7874e+07  4.90%  3510 80339s
 65479 28789 1.8381e+07  110  798 1.8796e+07 1.7874e+07  4.90%  3508 80606s
 65962 28931 infeasible  113      1.8796e+07 1.7875e+07  4.90%  3507 80879s
 66357 29097     cutoff  192      1.8796e+07 1.7875e+07  4.90%  3509 81150s
 66750 29206 1.8106e+07  108  829 1.8796e+07 1.7876e+07  4.89%  3512 81857s
 67060 29418 1.8540e+07  135  691 1.8796e+07 1.7876e+07  4.89%  3514 82138s
 67442 29746 1.8134e+07  122  872 1.8796e+07 1.7877e+07  4.89%  3514 82423s
 67992 29921 1.7948e+07  112  884 1.8796e+07 1.7877e+07  4.89%  3510 82722s
 68457 30317 1.7926e+07  110  965 1.8796e+07 1.7878e+07  4.88%  3509 83004s
 68592 30272 1.7921e+07  101  973 1.8796e+07 1.7878e+07  4.88%  3508 83005s
 69087 30485 1.8136e+07  128  850 1.8796e+07 1.7878e+07  4.88%  3502 83268s
 69548 30716 1.8369e+07  129  768 1.8796e+07 1.7879e+07  4.88%  3501 83539s
 70021 30991 1.8392e+07  126  691 1.8796e+07 1.7879e+07  4.88%  3502 83813s
 70581 31201 1.8122e+07  121  876 1.8796e+07 1.7880e+07  4.87%  3498 84086s
 71059 31343 1.8280e+07  114  815 1.8796e+07 1.7880e+07  4.87%  3497 84356s
 71442 31567 1.7956e+07  102  929 1.8796e+07 1.7881e+07  4.87%  3500 84616s
 71849 31744 1.8636e+07  133  794 1.8796e+07 1.7881e+07  4.87%  3502 84874s
 72258 31967 1.8021e+07  138  921 1.8796e+07 1.7881e+07  4.87%  3504 85135s
 72716 32211 1.7928e+07  106  973 1.8796e+07 1.7881e+07  4.86%  3504 85449s
 73225 32341 1.8020e+07  110  910 1.8796e+07 1.7882e+07  4.86%  3504 85695s
 73606 32546     cutoff  139      1.8796e+07 1.7883e+07  4.86%  3505 85954s
 74031 32669     cutoff  104      1.8796e+07 1.7883e+07  4.86%  3506 86220s
 74383 32636     cutoff  142      1.8796e+07 1.7883e+07  4.85%  3510 86336s

Cutting planes:
  Gomory: 78
  Cover: 103
  Implied bound: 1458
  Projected implied bound: 76
  Clique: 5
  MIR: 1615
  Flow cover: 4782
  Inf proof: 14
  Zero half: 72
  RLT: 385
  Relax-and-lift: 1100

Explored 74504 nodes (265447813 simplex iterations) in 86336.65 seconds (159298.34 work units)
Thread count was 4 (of 128 available processors)

Solution count 10: 1.87957e+07 1.87993e+07 1.88009e+07 ... 1.88861e+07

Time limit reached
Best objective 1.879574100000e+07, best bound 1.788366581793e+07, gap 4.8526%

Solving took 	23:58:56.647
####################################################################################################
####################################################################################################
####################################################################################################
Reached timelimit, but could find a feasible solution
####################################################################################################
Description                          Value
----------------------------  ------------
Objective (min)               18,795,741.0
Cost sailing                   6,000,395.0
Cost port visits              13,595,426.0
Cost transshipment (demands)     330,987.0
Cost transshipment (empties)      91,146.0
Penalty delayed demands          568,415.0
Revenue Empties                1,889,608.0
Penalty rejected demands          98,980.0
Rejected demands (%)                  0.33
Omitted ports (%)                      0.0
Gap (%)                               4.85
####################################################################################################
Export solution
####################################################################################################
Overall time 	23:58:59.024

real	1439m0.957s
user	5092m30.537s
sys	1m12.995s
finished at Sat Mar 18 12:17:51 CET 2023
