cpu-bind=MASK - n2lcn0129, task  0  0 [743058]: mask |--------|--------||--------|--------||--------|--------||--------|--------||||--------|--------||--------|--------||----BBBB|--------||--------|--------|  set
started at Fri Mar 17 12:18:52 CET 2023
Timecheck 10015678.625253627
Set parameter TokenServer to value "license3.uni-paderborn.de"
Warning: Gurobi version mismatch between Python 10.0.1 and C library 10.0.0
Timecheck 10015678.640370198
Timecheck 10015678.640585689
Timecheck 10015678.640616916
Timecheck 10015678.640637416


####################################################################################################
Solve scenario sce_4_26_3 with free vessel operation using the arc flow model
Vessels cannot omit ports, Demands can be rejected
####################################################################################################
Data preprocessing, load /upb/departments/pc2/groups/hpc-prf-winf4/dwetzel/SILSRP/inst_final/sce_4_26_3
and create additional sets and parameters
	|- Read vessel information, number of vessels:	6
	|- Read node information, number of nodes:		397
	|- Read arc information
		|- Number of sailing arcs:			1631
		|- Number of transshipment arcs:	578
	|- Read container information
		|- Number of demands:		657
		|- Number of empties (+/-):	158/165
	|- Create additional sets and parameters

Data preprocessing took 	00:00:00.274
####################################################################################################
Create linear model
Set parameter Threads to value 4
	|- Create variables, took	00:00:00.329
	|- Create objective, took	00:00:00.288
	|- Create constraints, took	00:00:01.192
	|- Load heuristic start

Creating model took	00:00:01.831
####################################################################################################
Fix start solution

Set parameter TimeLimit to value 8.6303884358098730e+04
Gurobi Optimizer version 10.0.0 build v10.0.0rc2 (linux64)

CPU model: AMD EPYC 7763 64-Core Processor, instruction set [SSE2|AVX|AVX2]
Thread count: 128 physical cores, 128 logical processors, using up to 4 threads

Optimize a model with 26220 rows, 91436 columns and 315546 nonzeros
Model fingerprint: 0x0b6b3b68
Variable types: 80603 continuous, 10833 integer (10833 binary)
Coefficient statistics:
  Matrix range     [1e+00, 3e+05]
  Objective range  [1e+00, 1e+00]
  Bounds range     [1e+00, 4e+02]
  RHS range        [1e+00, 3e+07]
Presolve removed 23113 rows and 84719 columns
Presolve time: 0.19s
Presolved: 3107 rows, 6717 columns, 20526 nonzeros
Variable types: 6280 continuous, 437 integer (437 binary)
Found heuristic solution: objective 1.505302e+07

Root relaxation: objective 1.364286e+07, 802 iterations, 0.01 seconds (0.00 work units)

    Nodes    |    Current Node    |     Objective Bounds      |     Work
 Expl Unexpl |  Obj  Depth IntInf | Incumbent    BestBd   Gap | It/Node Time

*    0     0               0    1.364286e+07 1.3643e+07  0.00%     -    0s

Explored 1 nodes (802 simplex iterations) in 0.26 seconds (0.25 work units)
Thread count was 4 (of 128 available processors)

Solution count 2: 1.36429e+07 1.5053e+07 

Optimal solution found (tolerance 1.00e-04)
Best objective 1.364286400000e+07, best bound 1.364286400000e+07, gap 0.0000%

Fixing start solution took	00:00:02.128
####################################################################################################
####################################################################################################
Solve optimization model

Set parameter TimeLimit to value 8.6303620110321790e+04
Gurobi Optimizer version 10.0.0 build v10.0.0rc2 (linux64)

CPU model: AMD EPYC 7763 64-Core Processor, instruction set [SSE2|AVX|AVX2]
Thread count: 128 physical cores, 128 logical processors, using up to 4 threads

Optimize a model with 25824 rows, 91436 columns and 315150 nonzeros
Model fingerprint: 0xabc015b3
Variable types: 80603 continuous, 10833 integer (10833 binary)
Coefficient statistics:
  Matrix range     [1e+00, 3e+05]
  Objective range  [1e+00, 1e+00]
  Bounds range     [1e+00, 4e+02]
  RHS range        [1e+00, 3e+07]

MIP start from previous solve produced solution with objective 1.36429e+07 (0.18s)
Loaded MIP start from previous solve with objective 1.36429e+07

Presolve removed 3294 rows and 3834 columns
Presolve time: 0.54s
Presolved: 22530 rows, 87602 columns, 259981 nonzeros
Variable types: 77674 continuous, 9928 integer (9928 binary)
Deterministic concurrent LP optimizer: primal and dual simplex
Showing first log only...


Root simplex log...

Iteration    Objective       Primal Inf.    Dual Inf.      Time
   37076    3.3209364e+07   4.602189e+01   1.382319e+09      5s
Concurrent spin time: 0.00s

Solved with dual simplex

Root simplex log...

Iteration    Objective       Primal Inf.    Dual Inf.      Time
   45149    1.2885763e+07   0.000000e+00   0.000000e+00      8s

Root relaxation: objective 1.288576e+07, 45149 iterations, 6.80 seconds (6.55 work units)

    Nodes    |    Current Node    |     Objective Bounds      |     Work
 Expl Unexpl |  Obj  Depth IntInf | Incumbent    BestBd   Gap | It/Node Time

     0     0 1.2886e+07    0 1819 1.3643e+07 1.2886e+07  5.55%     -    9s
     0     0 1.2950e+07    0 2112 1.3643e+07 1.2950e+07  5.08%     -   36s
     0     0 1.2954e+07    0 2117 1.3643e+07 1.2954e+07  5.05%     -   46s
     0     0 1.2957e+07    0 2141 1.3643e+07 1.2957e+07  5.02%     -   54s
     0     0 1.2958e+07    0 2152 1.3643e+07 1.2958e+07  5.02%     -   57s
     0     0 1.2958e+07    0 2168 1.3643e+07 1.2958e+07  5.02%     -   58s
     0     0 1.2958e+07    0 2188 1.3643e+07 1.2958e+07  5.02%     -   59s
     0     0 1.3011e+07    0 2105 1.3643e+07 1.3011e+07  4.63%     -  101s
     0     0 1.3031e+07    0 2027 1.3643e+07 1.3031e+07  4.48%     -  144s
     0     0 1.3033e+07    0 2031 1.3643e+07 1.3033e+07  4.47%     -  163s
     0     0 1.3034e+07    0 2037 1.3643e+07 1.3034e+07  4.46%     -  169s
     0     0 1.3034e+07    0 2066 1.3643e+07 1.3034e+07  4.46%     -  173s
     0     0 1.3034e+07    0 2077 1.3643e+07 1.3034e+07  4.46%     -  174s
H    0     0                    1.364280e+07 1.3051e+07  4.34%     -  233s
     0     0 1.3051e+07    0 2125 1.3643e+07 1.3051e+07  4.34%     -  233s
     0     0 1.3058e+07    0 2194 1.3643e+07 1.3058e+07  4.29%     -  270s
     0     0 1.3058e+07    0 2191 1.3643e+07 1.3058e+07  4.29%     -  276s
     0     0 1.3061e+07    0 2216 1.3643e+07 1.3061e+07  4.26%     -  296s
     0     0 1.3062e+07    0 2149 1.3643e+07 1.3062e+07  4.26%     -  302s
     0     0 1.3062e+07    0 2165 1.3643e+07 1.3062e+07  4.25%     -  308s
     0     0 1.3062e+07    0 2197 1.3643e+07 1.3062e+07  4.25%     -  312s
     0     0 1.3073e+07    0 2110 1.3643e+07 1.3073e+07  4.17%     -  364s
     0     0 1.3076e+07    0 2020 1.3643e+07 1.3076e+07  4.15%     -  386s
     0     0 1.3078e+07    0 2085 1.3643e+07 1.3078e+07  4.14%     -  399s
     0     0 1.3078e+07    0 2130 1.3643e+07 1.3078e+07  4.14%     -  406s
     0     0 1.3078e+07    0 2099 1.3643e+07 1.3078e+07  4.14%     -  422s
     0     0 1.3078e+07    0 2088 1.3643e+07 1.3078e+07  4.14%     -  425s
     0     0 1.3078e+07    0 2171 1.3643e+07 1.3078e+07  4.14%     -  430s
     0     0 1.3078e+07    0 2138 1.3643e+07 1.3078e+07  4.14%     -  434s
     0     0 1.3084e+07    0 2021 1.3643e+07 1.3084e+07  4.09%     -  471s
     0     0 1.3086e+07    0 2021 1.3643e+07 1.3086e+07  4.08%     -  499s
     0     0 1.3086e+07    0 1993 1.3643e+07 1.3086e+07  4.08%     -  512s
     0     0 1.3086e+07    0 2021 1.3643e+07 1.3086e+07  4.08%     -  516s
     0     0 1.3086e+07    0 2017 1.3643e+07 1.3086e+07  4.08%     -  521s
     0     0 1.3086e+07    0 2042 1.3643e+07 1.3086e+07  4.08%     -  523s
     0     0 1.3088e+07    0 1945 1.3643e+07 1.3088e+07  4.06%     -  545s
     0     0 1.3088e+07    0 1915 1.3643e+07 1.3088e+07  4.06%     -  562s
     0     0 1.3090e+07    0 1980 1.3643e+07 1.3090e+07  4.05%     -  600s
     0     0 1.3091e+07    0 2037 1.3643e+07 1.3091e+07  4.05%     -  613s
     0     0 1.3091e+07    0 1995 1.3643e+07 1.3091e+07  4.05%     -  634s
     0     0 1.3091e+07    0 2003 1.3643e+07 1.3091e+07  4.04%     -  643s
     0     0 1.3091e+07    0 1993 1.3643e+07 1.3091e+07  4.04%     -  647s
     0     0 1.3091e+07    0 2011 1.3643e+07 1.3091e+07  4.04%     -  650s
     0     0 1.3093e+07    0 1824 1.3643e+07 1.3093e+07  4.03%     -  679s
     0     0 1.3093e+07    0 1856 1.3643e+07 1.3093e+07  4.03%     -  689s
     0     0 1.3094e+07    0 1860 1.3643e+07 1.3094e+07  4.03%     -  694s
     0     0 1.3094e+07    0 1916 1.3643e+07 1.3094e+07  4.03%     -  697s
     0     0 1.3095e+07    0 1891 1.3643e+07 1.3095e+07  4.02%     -  718s
     0     0 1.3095e+07    0 1862 1.3643e+07 1.3095e+07  4.01%     -  735s
     0     0 1.3096e+07    0 1877 1.3643e+07 1.3096e+07  4.01%     -  744s
     0     0 1.3096e+07    0 1902 1.3643e+07 1.3096e+07  4.01%     -  748s
     0     0 1.3096e+07    0 1913 1.3643e+07 1.3096e+07  4.00%     -  772s
     0     0 1.3096e+07    0 1885 1.3643e+07 1.3096e+07  4.00%     -  773s
     0     0 1.3097e+07    0 1933 1.3643e+07 1.3097e+07  4.00%     -  779s
     0     0 1.3097e+07    0 1901 1.3643e+07 1.3097e+07  4.00%     -  784s
     0     0 1.3097e+07    0 1876 1.3643e+07 1.3097e+07  4.00%     -  800s
     0     0 1.3098e+07    0 1853 1.3643e+07 1.3098e+07  3.99%     -  814s
     0     0 1.3098e+07    0 1901 1.3643e+07 1.3098e+07  3.99%     -  820s
     0     0 1.3098e+07    0 1900 1.3643e+07 1.3098e+07  3.99%     -  824s
     0     0 1.3098e+07    0 1935 1.3643e+07 1.3098e+07  3.99%     -  825s
     0     0 1.3099e+07    0 1860 1.3643e+07 1.3099e+07  3.98%     -  846s
     0     0 1.3099e+07    0 1827 1.3643e+07 1.3099e+07  3.98%     -  865s
     0     0 1.3099e+07    0 1903 1.3643e+07 1.3099e+07  3.98%     -  871s
     0     0 1.3099e+07    0 1929 1.3643e+07 1.3099e+07  3.98%     -  877s
     0     0 1.3100e+07    0 1876 1.3643e+07 1.3100e+07  3.98%     -  884s
     0     0 1.3100e+07    0 1720 1.3643e+07 1.3100e+07  3.98%     -  887s
     0     0 1.3100e+07    0 1768 1.3643e+07 1.3100e+07  3.98%     -  892s
     0     0 1.3100e+07    0 1777 1.3643e+07 1.3100e+07  3.98%     -  894s
     0     0 1.3100e+07    0 1800 1.3643e+07 1.3100e+07  3.98%     -  898s
     0     0 1.3100e+07    0 1797 1.3643e+07 1.3100e+07  3.98%     -  899s
     0     2 1.3100e+07    0 1770 1.3643e+07 1.3100e+07  3.98%     -  903s
     3     8 1.3101e+07    2 1668 1.3643e+07 1.3100e+07  3.98%   801  914s
     7    12 1.3101e+07    3 1734 1.3643e+07 1.3101e+07  3.97%  1130  917s
    11    16 1.3101e+07    3 1697 1.3643e+07 1.3101e+07  3.97%  1201  935s
    15    20 1.3101e+07    4 1701 1.3643e+07 1.3101e+07  3.97%  1100  941s
    19    24 1.3101e+07    4 1686 1.3643e+07 1.3101e+07  3.97%  1050  948s
    23    30 1.3101e+07    5 1724 1.3643e+07 1.3101e+07  3.97%  1082  956s
    29    37 1.3101e+07    6 1712 1.3643e+07 1.3101e+07  3.97%  1163  964s
    36    47 1.3101e+07    7 1704 1.3643e+07 1.3101e+07  3.97%  1076  982s
    46    64 1.3101e+07    8 1710 1.3643e+07 1.3101e+07  3.97%  1387 1017s
    63    98 1.3103e+07   12 1681 1.3643e+07 1.3101e+07  3.97%  1857 1084s
    97   122 1.3105e+07   16 1679 1.3643e+07 1.3101e+07  3.97%  2076 1153s
   121   193 1.3107e+07   22 1617 1.3643e+07 1.3101e+07  3.97%  2263 1237s
   192   235 1.3111e+07   29 1553 1.3643e+07 1.3101e+07  3.97%  2142 1330s
   234   267 1.3129e+07   42 1493 1.3643e+07 1.3101e+07  3.97%  2489 1411s
   266   349 1.3136e+07   55 1560 1.3643e+07 1.3101e+07  3.97%  2685 1515s
   348   418 1.3145e+07   68 1481 1.3643e+07 1.3101e+07  3.97%  2637 1611s
   417   509 1.3157e+07   94 1440 1.3643e+07 1.3101e+07  3.97%  2655 1711s
   508   572 1.3174e+07  117 1363 1.3643e+07 1.3101e+07  3.97%  2571 1814s
   577   651 1.3199e+07  122 1312 1.3643e+07 1.3101e+07  3.97%  2650 1929s
   619   651 1.3209e+07  216 1152 1.3643e+07 1.3101e+07  3.97%  2683 1930s
   656   708 1.3207e+07  143 1273 1.3643e+07 1.3101e+07  3.97%  2728 2043s
   717   786 1.3236e+07  153 1192 1.3643e+07 1.3101e+07  3.97%  2803 2160s
   795   908 1.3315e+07  164  998 1.3643e+07 1.3101e+07  3.97%  2896 2278s
H  917  1026                    1.364261e+07 1.3101e+07  3.97%  2795 2399s
  1035  1417 1.3373e+07  188  977 1.3643e+07 1.3101e+07  3.97%  2723 2512s
  1432  1630 1.3420e+07  295  848 1.3643e+07 1.3101e+07  3.97%  2176 2605s
  1682  1737 1.3105e+07    7 1634 1.3643e+07 1.3101e+07  3.97%  1999 2698s
H 1791  1884                    1.364216e+07 1.3101e+07  3.97%  1984 2803s
H 1956  1935                    1.362774e+07 1.3101e+07  3.87%  1940 2899s
  2020  1936 1.3393e+07  208 1797 1.3628e+07 1.3101e+07  3.87%  1976 3116s
  2022  1937 1.3582e+07  424 1743 1.3628e+07 1.3101e+07  3.87%  1974 3131s
  2023  1938 1.3158e+07   36 2087 1.3628e+07 1.3101e+07  3.87%  1973 3152s
  2024  1939 1.3330e+07  110 1934 1.3628e+07 1.3101e+07  3.87%  1972 3180s
  2025  1939 1.3449e+07  270 2013 1.3628e+07 1.3101e+07  3.87%  1971 3205s
  2026  1940 1.3149e+07   94 1986 1.3628e+07 1.3101e+07  3.87%  1970 3229s
  2027  1941 1.3132e+07   25 1957 1.3628e+07 1.3101e+07  3.87%  1969 3254s
  2028  1941 1.3253e+07  157 2018 1.3628e+07 1.3101e+07  3.87%  1968 3285s
  2029  1942 1.3330e+07  306 1901 1.3628e+07 1.3101e+07  3.87%  1967 3312s
  2030  1943 1.3358e+07   80 1940 1.3628e+07 1.3101e+07  3.87%  1967 3334s
  2031  1943 1.3110e+07   32 1847 1.3628e+07 1.3101e+07  3.87%  1966 3352s
  2032  1944 1.3119e+07   37 1910 1.3628e+07 1.3101e+07  3.87%  1965 3366s
  2033  1945 1.3391e+07  367 1729 1.3628e+07 1.3101e+07  3.87%  1964 3380s
  2034  1945 1.3315e+07   58 1781 1.3628e+07 1.3101e+07  3.87%  1963 3391s
  2035  1946 1.3275e+07  273 1733 1.3628e+07 1.3101e+07  3.87%  1962 3404s
  2036  1947 1.3369e+07  115 1732 1.3628e+07 1.3101e+07  3.87%  1961 3413s
  2037  1947 1.3449e+07  273 1818 1.3628e+07 1.3101e+07  3.87%  1960 3417s
  2038  1948 1.3157e+07  135 1791 1.3628e+07 1.3101e+07  3.87%  1959 3421s
  2040  1949 1.3509e+07  325 1792 1.3628e+07 1.3101e+07  3.87%  1957 3425s
  2043  1951 1.3374e+07  194 1834 1.3628e+07 1.3101e+07  3.87%  1954 3430s
  2044  1952 1.3536e+07  318 1752 1.3628e+07 1.3102e+07  3.86%  1953 3451s
  2045  1953 1.3110e+07   34 1775 1.3628e+07 1.3102e+07  3.85%  1952 3461s
  2046  1953 1.3525e+07  347 1730 1.3628e+07 1.3103e+07  3.85%  1951 3466s
  2048  1955 1.3393e+07  208 1753 1.3628e+07 1.3103e+07  3.85%  1949 3470s
  2051  1957 1.3206e+07   86 1699 1.3628e+07 1.3103e+07  3.85%  1946 3475s
  2052  1957 1.3449e+07  273 1704 1.3628e+07 1.3103e+07  3.85%  1945 3488s
  2053  1958 1.3438e+07  202 1698 1.3628e+07 1.3103e+07  3.85%  1944 3492s
  2056  1960 1.3109e+07   11 1723 1.3628e+07 1.3103e+07  3.85%  1942 3498s
  2057  1961 1.3358e+07   81 1735 1.3628e+07 1.3103e+07  3.85%  1941 3510s
  2059  1962 1.3582e+07  424 1727 1.3628e+07 1.3104e+07  3.85%  1939 3515s
  2063  1965 1.3107e+07   19 1716 1.3628e+07 1.3104e+07  3.85%  1935 3521s
  2064  1965 1.3383e+07  118 1792 1.3628e+07 1.3105e+07  3.83%  1934 3534s
  2065  1966 1.3153e+07  127 1829 1.3628e+07 1.3106e+07  3.83%  1933 3542s
  2066  1967 1.3392e+07  369 1862 1.3628e+07 1.3106e+07  3.83%  1932 3545s
  2068  1968 1.3203e+07  193 1864 1.3628e+07 1.3106e+07  3.83%  1930 3551s
  2074  1972 1.3162e+07   33 1838 1.3628e+07 1.3106e+07  3.83%  1925 3558s
  2075  1973 1.3525e+07  347 1821 1.3628e+07 1.3107e+07  3.82%  1924 3572s
  2076  1973 1.3185e+07   68 1746 1.3628e+07 1.3107e+07  3.82%  1923 3581s
  2078  1975 1.3139e+07   34 1756 1.3628e+07 1.3107e+07  3.82%  1921 3585s
  2082  1977 1.3476e+07  223 1726 1.3628e+07 1.3108e+07  3.82%  1917 3601s
  2083  1978 1.3360e+07   98 1757 1.3628e+07 1.3108e+07  3.81%  1916 3606s
  2085  1979 1.3121e+07   38 1761 1.3628e+07 1.3108e+07  3.81%  1915 3611s
  2088  1981 1.3494e+07  231 1758 1.3628e+07 1.3108e+07  3.81%  1912 3615s
  2089  1982 1.3358e+07   79 1714 1.3628e+07 1.3108e+07  3.81%  1911 3622s
  2092  1984 1.3458e+07  216 1732 1.3628e+07 1.3108e+07  3.81%  1908 3627s
  2093  1985 1.3481e+07  299 1702 1.3628e+07 1.3108e+07  3.81%  1907 3634s
  2094  1985 1.3108e+07    7 1700 1.3628e+07 1.3108e+07  3.81%  1906 3635s
  2097  1987 1.3378e+07  345 1715 1.3628e+07 1.3108e+07  3.81%  1904 3646s
  2099  1989 1.3302e+07  139 1768 1.3628e+07 1.3108e+07  3.81%  1902 3653s
  2101  1990 1.3388e+07  215 1743 1.3628e+07 1.3108e+07  3.81%  1900 3657s
  2102  1991 1.3136e+07   28 1747 1.3628e+07 1.3108e+07  3.81%  1899 3660s
  2105  1993 1.3435e+07  309 1769 1.3628e+07 1.3108e+07  3.81%  1896 3672s
  2106  1993 1.3159e+07   42 1792 1.3628e+07 1.3108e+07  3.81%  1896 3675s
  2107  1994 1.3125e+07   73 1792 1.3628e+07 1.3108e+07  3.81%  1895 3682s
  2108  1995 1.3440e+07  214 1771 1.3628e+07 1.3108e+07  3.81%  1894 3685s
  2109  1995 1.3148e+07   34 1780 1.3628e+07 1.3108e+07  3.81%  1893 3692s
  2114  2000 1.3123e+07   29 1830 1.3628e+07 1.3108e+07  3.81%  2021 3706s
  2115  2001 1.3491e+07  233 2042 1.3628e+07 1.3108e+07  3.81%  2020 3742s
  2116  2002 1.3112e+07   17 2053 1.3628e+07 1.3108e+07  3.81%  2019 3775s
  2117  2002 1.3119e+07   34 2012 1.3628e+07 1.3108e+07  3.81%  2018 3811s
  2118  2003 1.3419e+07  137 2068 1.3628e+07 1.3108e+07  3.81%  2017 3843s
  2119  2004 1.3166e+07  108 1965 1.3628e+07 1.3108e+07  3.81%  2016 3865s
  2120  2004 1.3393e+07  208 1922 1.3628e+07 1.3108e+07  3.81%  2015 3886s
  2121  2005 1.3111e+07   31 2003 1.3628e+07 1.3108e+07  3.81%  2014 3902s
  2122  2006 1.3582e+07  424 1904 1.3628e+07 1.3108e+07  3.81%  2013 3922s
  2123  2006 1.3158e+07   36 1863 1.3628e+07 1.3108e+07  3.81%  2012 3936s
  2124  2007 1.3330e+07  110 1860 1.3628e+07 1.3108e+07  3.81%  2011 3943s
  2125  2008 1.3449e+07  270 1797 1.3628e+07 1.3108e+07  3.81%  2010 3956s
  2126  2008 1.3149e+07   94 1731 1.3628e+07 1.3108e+07  3.81%  2009 3964s
  2127  2009 1.3132e+07   25 1768 1.3628e+07 1.3108e+07  3.81%  2008 3970s
  2128  2010 1.3253e+07  157 1779 1.3628e+07 1.3108e+07  3.81%  2007 3978s
  2129  2010 1.3330e+07  306 1791 1.3628e+07 1.3108e+07  3.81%  2007 3984s
  2130  2011 1.3358e+07   80 1757 1.3628e+07 1.3108e+07  3.81%  2006 3989s
  2131  2012 1.3110e+07   32 1744 1.3628e+07 1.3108e+07  3.81%  2005 3990s
  2134  2014 1.3315e+07   58 1707 1.3628e+07 1.3109e+07  3.81%  2002 4000s
  2138  2016 1.3157e+07  135 1720 1.3628e+07 1.3109e+07  3.81%  1998 4008s
  2139  2017 1.3393e+07  209 1713 1.3628e+07 1.3109e+07  3.81%  1997 4016s
  2141  2018 1.3127e+07   18 1761 1.3628e+07 1.3109e+07  3.81%  1995 4020s
  2144  2020 1.3536e+07  318 1727 1.3628e+07 1.3109e+07  3.81%  1992 4029s
  2145  2021 1.3110e+07   34 1751 1.3628e+07 1.3109e+07  3.81%  1992 4033s
  2148  2023 1.3393e+07  208 1789 1.3628e+07 1.3109e+07  3.81%  1989 4037s
  2149  2024 1.3128e+07   22 1763 1.3628e+07 1.3109e+07  3.81%  1988 4042s
  2150  2024 1.3150e+07   36 1763 1.3628e+07 1.3109e+07  3.81%  1987 4045s
  2151  2025 1.3206e+07   86 1766 1.3628e+07 1.3109e+07  3.81%  1986 4052s
  2152  2026 1.3449e+07  273 1785 1.3628e+07 1.3109e+07  3.81%  1985 4055s
  2154  2027 1.3482e+07  292 1796 1.3628e+07 1.3109e+07  3.81%  1983 4060s
  2156  2028 1.3109e+07   11 1796 1.3628e+07 1.3109e+07  3.81%  1981 4067s
  2157  2029 1.3358e+07   81 1785 1.3628e+07 1.3109e+07  3.81%  1980 4071s
  2159  2030 1.3582e+07  424 1788 1.3628e+07 1.3109e+07  3.81%  1979 4075s
  2161  2032 1.3525e+07  348 1792 1.3628e+07 1.3109e+07  3.81%  1977 4080s
  2164  2034 1.3383e+07  118 1795 1.3628e+07 1.3109e+07  3.81%  1974 4087s
  2166  2035 1.3392e+07  369 1800 1.3628e+07 1.3109e+07  3.81%  1972 4091s
  2167  2036 1.3165e+07   39 1820 1.3628e+07 1.3109e+07  3.81%  1971 4095s
  2169  2037 1.3185e+07   49 1746 1.3628e+07 1.3109e+07  3.81%  1970 4106s
  2171  2038 1.3109e+07    9 1761 1.3628e+07 1.3109e+07  3.81%  1968 4116s
  2172  2039 1.3203e+07   75 1813 1.3628e+07 1.3109e+07  3.81%  1967 4120s
  2173  2040 1.3429e+07  207 1806 1.3628e+07 1.3109e+07  3.81%  1966 4126s
  2175  2041 1.3525e+07  347 1824 1.3628e+07 1.3109e+07  3.80%  1964 4130s
  2178  2043 1.3139e+07   34 1789 1.3628e+07 1.3110e+07  3.80%  1961 4157s
  2179  2044 1.3376e+07  189 1774 1.3628e+07 1.3110e+07  3.80%  1960 4160s
  2181  2045 1.3180e+07  172 1731 1.3628e+07 1.3110e+07  3.80%  1959 4166s
  2183  2046 1.3360e+07   98 1730 1.3628e+07 1.3110e+07  3.80%  1957 4176s
  2184  2047 1.3427e+07  195 1797 1.3628e+07 1.3110e+07  3.80%  1956 4214s
  2185  2048 1.3121e+07   38 1837 1.3628e+07 1.3110e+07  3.80%  1955 4222s
  2186  2048 1.3449e+07  273 1822 1.3628e+07 1.3110e+07  3.80%  1954 4225s
  2188  2050 1.3494e+07  231 1869 1.3628e+07 1.3111e+07  3.79%  1952 4231s
  2190  2051 1.3186e+07   42 1894 1.3628e+07 1.3111e+07  3.79%  1951 4236s
  2192  2052 1.3458e+07  216 1830 1.3628e+07 1.3111e+07  3.79%  1949 4248s
  2193  2053 1.3481e+07  299 1816 1.3628e+07 1.3111e+07  3.79%  1948 4258s
  2194  2054 1.3111e+07    7 1903 1.3628e+07 1.3111e+07  3.79%  1947 4262s
  2196  2055 1.3139e+07   24 1868 1.3628e+07 1.3111e+07  3.79%  1945 4267s
  2199  2057 1.3302e+07  139 1865 1.3628e+07 1.3111e+07  3.79%  1943 4270s
  2200  2058 1.3420e+07  156 1801 1.3628e+07 1.3111e+07  3.79%  1942 4276s
  2203  2060 1.3610e+07  374 1801 1.3628e+07 1.3111e+07  3.79%  1939 4280s
  2205  2061 1.3435e+07  309 1782 1.3628e+07 1.3111e+07  3.79%  1937 4289s
  2206  2062 1.3159e+07   42 1769 1.3628e+07 1.3112e+07  3.79%  1936 4291s
  2208  2063 1.3440e+07  214 1743 1.3628e+07 1.3112e+07  3.79%  1935 4295s
  2211  2065 1.3585e+07  287 1727 1.3628e+07 1.3112e+07  3.79%  1932 4302s
  2214  2067 1.3123e+07   29 1815 1.3628e+07 1.3112e+07  3.79%  1929 4307s
  2215  2068 1.3491e+07  233 1790 1.3628e+07 1.3112e+07  3.79%  1929 4313s
  2216  2068 1.3112e+07   17 1803 1.3628e+07 1.3112e+07  3.79%  1928 4315s
  2219  2070 1.3166e+07  108 1776 1.3628e+07 1.3112e+07  3.79%  1925 4321s
  2222  2072 1.3582e+07  424 1832 1.3628e+07 1.3112e+07  3.79%  1923 4325s
  2224  2074 1.3330e+07  110 1845 1.3628e+07 1.3112e+07  3.79%  1921 4330s
  2227  2076 1.3132e+07   25 1800 1.3628e+07 1.3112e+07  3.79%  1918 4337s
  2230  2078 1.3358e+07   80 1792 1.3628e+07 1.3112e+07  3.79%  1916 4342s
  2231  2078 1.3112e+07   32 1755 1.3628e+07 1.3112e+07  3.79%  1915 4346s
  2237  2083 1.3449e+07  273 1731 1.3628e+07 1.3112e+07  3.79%  2035 4363s
  2238  2084 1.3157e+07  135 2037 1.3628e+07 1.3112e+07  3.79%  2035 4398s
  2239  2085 1.3393e+07  209 2002 1.3628e+07 1.3112e+07  3.79%  2034 4432s
  2240  2085 1.3509e+07  325 2009 1.3628e+07 1.3112e+07  3.79%  2033 4467s
  2241  2086 1.3127e+07   18 2006 1.3628e+07 1.3112e+07  3.79%  2032 4502s
  2242  2087 1.3112e+07    7 1996 1.3628e+07 1.3112e+07  3.79%  2031 4530s
  2243  2087 1.3374e+07  194 1987 1.3628e+07 1.3112e+07  3.79%  2030 4568s
  2244  2088 1.3536e+07  318 1978 1.3628e+07 1.3112e+07  3.79%  2029 4584s
  2245  2089 1.3112e+07   34 1911 1.3628e+07 1.3112e+07  3.79%  2028 4604s
  2246  2089 1.3525e+07  347 1916 1.3628e+07 1.3112e+07  3.79%  2027 4618s
  2247  2090 1.3153e+07  125 1887 1.3628e+07 1.3112e+07  3.79%  2026 4631s
  2248  2091 1.3393e+07  208 1866 1.3628e+07 1.3112e+07  3.79%  2025 4638s
  2249  2091 1.3128e+07   22 1811 1.3628e+07 1.3112e+07  3.79%  2025 4648s
  2250  2092 1.3150e+07   36 1823 1.3628e+07 1.3112e+07  3.79%  2024 4654s
  2251  2093 1.3206e+07   86 1843 1.3628e+07 1.3112e+07  3.79%  2023 4659s
  2252  2093 1.3449e+07  273 1825 1.3628e+07 1.3112e+07  3.79%  2022 4664s
  2253  2094 1.3438e+07  202 1797 1.3628e+07 1.3112e+07  3.79%  2021 4666s
  2254  2095 1.3482e+07  292 1748 1.3628e+07 1.3112e+07  3.79%  2020 4670s
  2257  2097 1.3358e+07   81 1786 1.3628e+07 1.3112e+07  3.79%  2017 4677s
  2258  2097 1.3491e+07  240 1850 1.3628e+07 1.3112e+07  3.78%  2017 4691s
  2259  2098 1.3582e+07  424 1759 1.3628e+07 1.3113e+07  3.78%  2016 4697s
  2260  2099 1.3613e+07  388 1816 1.3628e+07 1.3113e+07  3.78%  2015 4701s
  2263  2101 1.3113e+07   19 1818 1.3628e+07 1.3113e+07  3.78%  2012 4706s
  2265  2102 1.3153e+07  127 1798 1.3628e+07 1.3113e+07  3.78%  2010 4717s
  2267  2103 1.3165e+07   39 1832 1.3628e+07 1.3113e+07  3.78%  2008 4720s
  2270  2105 1.3388e+07  219 1823 1.3628e+07 1.3113e+07  3.78%  2006 4729s
  2271  2106 1.3113e+07    9 1761 1.3628e+07 1.3113e+07  3.78%  2005 4731s
  2273  2107 1.3429e+07  207 1731 1.3628e+07 1.3113e+07  3.78%  2003 4736s
  2276  2109 1.3185e+07   68 1788 1.3628e+07 1.3113e+07  3.78%  2001 4745s
  2279  2111 1.3376e+07  189 1853 1.3628e+07 1.3113e+07  3.78%  1998 4752s
  2280  2112 1.3133e+07   29 1805 1.3628e+07 1.3113e+07  3.78%  1997 4765s
  2283  2114 1.3360e+07   98 1798 1.3628e+07 1.3113e+07  3.78%  1994 4771s
  2284  2115 1.3427e+07  195 1753 1.3628e+07 1.3113e+07  3.78%  1994 4776s
  2285  2115 1.3121e+07   38 1746 1.3628e+07 1.3113e+07  3.78%  1993 4780s
  2286  2116 1.3449e+07  273 1757 1.3628e+07 1.3113e+07  3.78%  1992 4785s
  2288  2117 1.3494e+07  231 1773 1.3628e+07 1.3113e+07  3.78%  1990 4791s
  2289  2118 1.3358e+07   79 1712 1.3628e+07 1.3113e+07  3.78%  1989 4797s
  2292  2120 1.3458e+07  216 1732 1.3628e+07 1.3113e+07  3.78%  1987 4802s
  2293  2121 1.3481e+07  299 1724 1.3628e+07 1.3113e+07  3.78%  1986 4808s
  2295  2122 1.3115e+07   19 1762 1.3628e+07 1.3113e+07  3.78%  1984 4810s
  2297  2123 1.3378e+07  345 1787 1.3628e+07 1.3113e+07  3.78%  1982 4817s
  2298  2124 1.3332e+07   64 1775 1.3628e+07 1.3113e+07  3.78%  1981 4820s
  2299  2125 1.3302e+07  139 1725 1.3628e+07 1.3113e+07  3.78%  1981 4828s
  2300  2125 1.3420e+07  156 1790 1.3628e+07 1.3113e+07  3.78%  1980 4831s
  2302  2127 1.3136e+07   28 1796 1.3628e+07 1.3113e+07  3.78%  1978 4836s
  2304  2128 1.3355e+07  178 1762 1.3628e+07 1.3113e+07  3.78%  1976 4847s
  2306  2129 1.3159e+07   42 1765 1.3628e+07 1.3113e+07  3.78%  1975 4851s
  2307  2130 1.3125e+07   73 1781 1.3628e+07 1.3113e+07  3.78%  1974 4855s
  2309  2131 1.3148e+07   34 1745 1.3628e+07 1.3113e+07  3.77%  1972 4865s
  2311  2133 1.3585e+07  287 1770 1.3628e+07 1.3113e+07  3.77%  1970 4879s
  2312  2133 1.3388e+07  220 1823 1.3628e+07 1.3113e+07  3.77%  1969 4883s
  2313  2134 1.3503e+07  280 1809 1.3628e+07 1.3113e+07  3.77%  1969 4887s
  2314  2135 1.3123e+07   29 1789 1.3628e+07 1.3113e+07  3.77%  1968 4890s
  2318  2137 1.3419e+07  137 1802 1.3628e+07 1.3113e+07  3.77%  1964 4897s
  2320  2139 1.3393e+07  208 1806 1.3628e+07 1.3113e+07  3.77%  1963 4900s
  2325  2143 1.3449e+07  270 1740 1.3628e+07 1.3113e+07  3.77%  2070 4913s
  2326  2144 1.3149e+07   94 1951 1.3628e+07 1.3113e+07  3.77%  2069 4941s
  2327  2145 1.3132e+07   25 1954 1.3628e+07 1.3113e+07  3.77%  2068 4969s
  2328  2145 1.3253e+07  157 1996 1.3628e+07 1.3113e+07  3.77%  2067 5005s
  2329  2146 1.3330e+07  306 2043 1.3628e+07 1.3113e+07  3.77%  2066 5044s
  2330  2147 1.3358e+07   80 2031 1.3628e+07 1.3113e+07  3.77%  2065 5074s
  2331  2147 1.3113e+07   32 1955 1.3628e+07 1.3113e+07  3.77%  2064 5104s
  2332  2148 1.3119e+07   37 1958 1.3628e+07 1.3113e+07  3.77%  2063 5124s
  2333  2149 1.3391e+07  367 1885 1.3628e+07 1.3113e+07  3.77%  2063 5145s
  2334  2149 1.3315e+07   58 1892 1.3628e+07 1.3113e+07  3.77%  2062 5159s
  2335  2150 1.3275e+07  273 1915 1.3628e+07 1.3113e+07  3.77%  2061 5167s
  2336  2151 1.3369e+07  115 1883 1.3628e+07 1.3113e+07  3.77%  2060 5176s
  2337  2151 1.3449e+07  273 1887 1.3628e+07 1.3113e+07  3.77%  2059 5188s
  2338  2152 1.3157e+07  135 1849 1.3628e+07 1.3113e+07  3.77%  2058 5199s
  2339  2153 1.3393e+07  209 1799 1.3628e+07 1.3113e+07  3.77%  2057 5215s
  2341  2154 1.3127e+07   18 1822 1.3628e+07 1.3113e+07  3.77%  2055 5224s
  2342  2155 1.3113e+07    7 1805 1.3628e+07 1.3113e+07  3.77%  2055 5227s
  2344  2156 1.3536e+07  318 1804 1.3628e+07 1.3113e+07  3.77%  2053 5230s
  2347  2158 1.3153e+07  125 1783 1.3628e+07 1.3113e+07  3.77%  2050 5239s
  2348  2159 1.3393e+07  208 1786 1.3628e+07 1.3113e+07  3.77%  2049 5240s
  2351  2161 1.3206e+07   86 1745 1.3628e+07 1.3113e+07  3.77%  2047 5249s
  2352  2161 1.3449e+07  273 1757 1.3628e+07 1.3113e+07  3.77%  2046 5252s
  2353  2162 1.3438e+07  202 1792 1.3628e+07 1.3113e+07  3.77%  2045 5256s
  2355  2163 1.3392e+07  245 1813 1.3628e+07 1.3113e+07  3.77%  2043 5263s
  2356  2164 1.3113e+07   11 1794 1.3628e+07 1.3113e+07  3.77%  2042 5266s
  2357  2165 1.3358e+07   81 1815 1.3628e+07 1.3113e+07  3.77%  2042 5271s
  2358  2165 1.3491e+07  240 1807 1.3628e+07 1.3113e+07  3.77%  2041 5275s
  2360  2167 1.3613e+07  388 1818 1.3628e+07 1.3113e+07  3.77%  2039 5282s
  2361  2167 1.3525e+07  348 1781 1.3628e+07 1.3113e+07  3.77%  2038 5287s
  2362  2168 1.3401e+07  377 1771 1.3628e+07 1.3113e+07  3.77%  2037 5291s
  2363  2169 1.3113e+07   19 1768 1.3628e+07 1.3113e+07  3.77%  2036 5295s
  2366  2171 1.3392e+07  369 1797 1.3628e+07 1.3113e+07  3.77%  2034 5300s
  2368  2172 1.3203e+07  193 1801 1.3628e+07 1.3113e+07  3.77%  2032 5315s
  2369  2173 1.3185e+07   49 1801 1.3628e+07 1.3113e+07  3.77%  2031 5326s
  2370  2176 1.3113e+07   55 1780 1.3628e+07 1.3113e+07  3.77%  2126 5338s
  2372  2180 1.3113e+07   56 1786 1.3628e+07 1.3113e+07  3.77%  2125 5410s
  2376  2182 1.3113e+07   57 1779 1.3628e+07 1.3113e+07  3.77%  2134 5427s
  2380  2185 1.3157e+07   57 1727 1.3628e+07 1.3113e+07  3.77%  2153 5480s
  2384  2188 1.3114e+07   58 1821 1.3628e+07 1.3113e+07  3.77%  2165 5496s
  2388  2190 1.3122e+07   58 1758 1.3628e+07 1.3114e+07  3.77%  2172 5532s
  2392  2196 1.3114e+07   59 1821 1.3628e+07 1.3114e+07  3.77%  2182 5603s
  2399  2201 1.3114e+07   60 1828 1.3628e+07 1.3114e+07  3.77%  2209 5681s
  2406  2203 1.3114e+07   61 1757 1.3628e+07 1.3114e+07  3.77%  2235 5713s
  2411  2208 1.3121e+07   61 1739 1.3628e+07 1.3114e+07  3.77%  2255 5749s
  2417  2214 1.3116e+07   62 1798 1.3628e+07 1.3114e+07  3.77%  2261 5786s
  2425  2219 1.3116e+07   63 1774 1.3628e+07 1.3114e+07  3.77%  2280 5827s
  2433  2220 1.3116e+07   64 1781 1.3628e+07 1.3114e+07  3.77%  2295 5874s
  2437  2228 1.3123e+07   64 1683 1.3628e+07 1.3115e+07  3.76%  2311 5899s
  2446  2233 1.3116e+07   65 1747 1.3628e+07 1.3115e+07  3.76%  2314 5923s
  2454  2236 1.3129e+07   66 1694 1.3628e+07 1.3115e+07  3.76%  2332 5948s
  2460  2242 1.3120e+07   67 1755 1.3628e+07 1.3115e+07  3.76%  2343 5970s
  2468  2248 1.3145e+07   67 1638 1.3628e+07 1.3115e+07  3.76%  2359 6013s
  2476  2254 1.3125e+07   68 1703 1.3628e+07 1.3115e+07  3.76%  2377 6034s
  2485  2260 1.3128e+07   68 1768 1.3628e+07 1.3115e+07  3.76%  2382 6078s
  2494  2269 1.3128e+07   69 1745 1.3628e+07 1.3115e+07  3.76%  2391 6103s
  2506  2274 1.3130e+07   70 1801 1.3628e+07 1.3115e+07  3.76%  2393 6163s
  2515  2285 1.3133e+07   71 1758 1.3628e+07 1.3115e+07  3.76%  2419 6201s
  2529  2289 1.3153e+07   72 1700 1.3628e+07 1.3115e+07  3.76%  2434 6242s
  2538  2294 1.3135e+07   73 1736 1.3628e+07 1.3115e+07  3.76%  2446 6313s
  2546  2306 1.3135e+07   74 1750 1.3628e+07 1.3115e+07  3.76%  2479 6396s
  2560  2317 1.3135e+07   75 1728 1.3628e+07 1.3115e+07  3.76%  2507 6465s
  2576  2327 1.3218e+07   76 1705 1.3628e+07 1.3115e+07  3.76%  2542 6540s
  2591  2343 1.3136e+07   76 1676 1.3628e+07 1.3115e+07  3.76%  2572 6586s
  2612  2360 1.3137e+07   78 1731 1.3628e+07 1.3115e+07  3.76%  2576 6647s
  2636  2361 1.3137e+07   81 1735 1.3628e+07 1.3115e+07  3.76%  2590 6699s
  2638  2360 1.3136e+07   79 1582 1.3628e+07 1.3115e+07  3.76%  2597 6700s
  2645  2367 1.3142e+07   82 1665 1.3628e+07 1.3115e+07  3.76%  2617 6768s
  2654  2385 1.3145e+07   83 1660 1.3628e+07 1.3115e+07  3.76%  2648 6831s
  2675  2398 1.3149e+07   84 1690 1.3628e+07 1.3115e+07  3.76%  2656 6901s
  2695  2418 1.3155e+07   86 1656 1.3628e+07 1.3115e+07  3.76%  2684 6969s
  2722  2433 1.3153e+07   87 1552 1.3628e+07 1.3115e+07  3.76%  2700 7039s
  2746  2457 1.3154e+07   89 1604 1.3628e+07 1.3115e+07  3.76%  2724 7108s
  2778  2464 1.3174e+07   92 1571 1.3628e+07 1.3115e+07  3.76%  2749 7168s
  2796  2488 1.3241e+07   93 1531 1.3628e+07 1.3115e+07  3.76%  2789 7232s
  2826  2504 1.3314e+07   94 1503 1.3628e+07 1.3115e+07  3.76%  2800 7312s
  2854  2538 1.3257e+07   96 1470 1.3628e+07 1.3115e+07  3.76%  2833 7381s
  2897  2562 1.3260e+07   99 1414 1.3628e+07 1.3115e+07  3.76%  2836 7450s
  2935  2609 1.3278e+07  105 1445 1.3628e+07 1.3115e+07  3.76%  2855 7517s
  2995  2616 1.3363e+07  110 1241 1.3628e+07 1.3115e+07  3.76%  2849 7806s
  3022  2659 1.3363e+07  115 1262 1.3628e+07 1.3115e+07  3.76%  2851 7880s
  3074  2703 1.3388e+07  123 1294 1.3628e+07 1.3115e+07  3.76%  2856 7958s
  3135  2697 1.3374e+07  134 1298 1.3628e+07 1.3115e+07  3.76%  2866 8167s
  3150  2752 1.3429e+07  134 1266 1.3628e+07 1.3115e+07  3.76%  2868 8280s
  3210  2804 1.3376e+07  147 1254 1.3628e+07 1.3115e+07  3.76%  2849 8365s
  3282  2829 1.3394e+07  158 1273 1.3628e+07 1.3115e+07  3.76%  2852 8630s
  3331  2868 1.3414e+07  158 1285 1.3628e+07 1.3115e+07  3.76%  2829 8740s
  3390  2941 1.3406e+07  162 1208 1.3628e+07 1.3115e+07  3.76%  2800 8852s
  3518  2927 1.3560e+07  188 1190 1.3628e+07 1.3115e+07  3.76%  2771 8992s
  3549  3037 1.3561e+07  188 1175 1.3628e+07 1.3115e+07  3.76%  2775 9135s
  3713  3105 1.3204e+07   91 1532 1.3628e+07 1.3115e+07  3.76%  2726 9276s
  3835  3206 1.3243e+07  100 1407 1.3628e+07 1.3115e+07  3.76%  2710 9383s
  3979  3305 1.3327e+07  113 1213 1.3628e+07 1.3115e+07  3.76%  2681 9496s
  4126  3441 1.3337e+07  115 1200 1.3628e+07 1.3115e+07  3.76%  2651 9596s
  4313  3559 1.3372e+07  129 1139 1.3628e+07 1.3115e+07  3.76%  2605 9695s
  4531  3658 1.3423e+07  140 1076 1.3628e+07 1.3115e+07  3.76%  2553 9818s
  4724  3830 1.3476e+07  176 1032 1.3628e+07 1.3115e+07  3.76%  2512 9940s
  4974  3912 1.3577e+07  254  743 1.3628e+07 1.3116e+07  3.76%  2448 10048s
  5186  3928 1.3132e+07   66 1554 1.3628e+07 1.3116e+07  3.76%  2406 10163s
  5296  3963 1.3148e+07   72 1418 1.3628e+07 1.3116e+07  3.76%  2409 10310s
  5368  4045 1.3163e+07   73 1378 1.3628e+07 1.3116e+07  3.76%  2416 10543s
  5474  4157 1.3211e+07   83 1535 1.3628e+07 1.3116e+07  3.76%  2408 10685s
  5667  4209 1.3434e+07  112 1205 1.3628e+07 1.3116e+07  3.76%  2386 10835s
  5828  4206 1.3129e+07   65 1728 1.3628e+07 1.3117e+07  3.75%  2385 10970s
  5878  4249 1.3165e+07   79 1504 1.3628e+07 1.3117e+07  3.75%  2414 11135s
  5938  4267 1.3192e+07   85 1354 1.3628e+07 1.3117e+07  3.75%  2450 11288s
  5978  4368 1.3213e+07   93 1508 1.3628e+07 1.3117e+07  3.75%  2466 11460s
  6100  4349 1.3260e+07  100 1371 1.3628e+07 1.3117e+07  3.75%  2463 12111s
  6122  4407 1.3252e+07  100 1482 1.3628e+07 1.3117e+07  3.75%  2472 12477s
  6187  4550 1.3280e+07  111 1273 1.3628e+07 1.3117e+07  3.75%  2499 12646s
  6352  4775 1.3298e+07  150 1309 1.3628e+07 1.3117e+07  3.75%  2493 12822s
  6632  4797 1.3303e+07  159 1168 1.3628e+07 1.3117e+07  3.75%  2453 13007s
  6765  4993 1.3330e+07  174 1162 1.3628e+07 1.3117e+07  3.75%  2476 13192s
  7010  5340 1.3421e+07  210 1004 1.3628e+07 1.3117e+07  3.75%  2462 13421s
  7479  5342 1.3545e+07  301  697 1.3628e+07 1.3117e+07  3.75%  2392 13602s
  7643  5496 1.3586e+07  325  641 1.3628e+07 1.3117e+07  3.75%  2386 13807s
  7941  5646 1.3158e+07   75 1544 1.3628e+07 1.3117e+07  3.75%  2371 14067s
  8213  5664 1.3212e+07  114 1362 1.3628e+07 1.3121e+07  3.72%  2347 14297s
  8353  5692 1.3125e+07   65 1721 1.3628e+07 1.3121e+07  3.72%  2370 14535s
  8428  5840 1.3164e+07   80 1844 1.3628e+07 1.3121e+07  3.72%  2413 14777s
  8601  6116 1.3268e+07  122 1538 1.3628e+07 1.3122e+07  3.71%  2422 15046s
  8966  6339 1.3136e+07   63 1673 1.3628e+07 1.3122e+07  3.71%  2398 15357s
  9291  6740 1.3210e+07   76 1481 1.3628e+07 1.3122e+07  3.71%  2382 15669s
  9779  6846 1.3136e+07   68 1684 1.3628e+07 1.3122e+07  3.71%  2348 15936s
  9930  7066 1.3304e+07   90 1526 1.3628e+07 1.3123e+07  3.70%  2377 16269s
 10199  7325 1.3136e+07   60 1740 1.3628e+07 1.3123e+07  3.70%  2374 16576s
 10474  7533 1.3202e+07   78 1452 1.3628e+07 1.3123e+07  3.70%  2376 17026s
 10738  7815 1.3160e+07   69 1689 1.3628e+07 1.3124e+07  3.70%  2413 17588s
 11020  8650 1.3370e+07   95 1515 1.3628e+07 1.3124e+07  3.70%  2473 18256s
 11973  8840 1.3332e+07   81 1354 1.3628e+07 1.3125e+07  3.69%  2434 18772s
 12198  9089 1.3158e+07   68 1694 1.3628e+07 1.3125e+07  3.69%  2465 19221s
 12458  9458 1.3420e+07  135 1324 1.3628e+07 1.3125e+07  3.69%  2488 19710s
 12863  9915 1.3217e+07   79 1557 1.3628e+07 1.3126e+07  3.68%  2493 20240s
 13365 10342 1.3196e+07   72 1613 1.3628e+07 1.3127e+07  3.68%  2481 20750s
 13818 10863 1.3158e+07   74 1572 1.3628e+07 1.3127e+07  3.67%  2477 21285s
 14411 11098 1.3136e+07   65 1757 1.3628e+07 1.3127e+07  3.67%  2456 22087s
 14681 11221 1.3344e+07   88 1556 1.3628e+07 1.3127e+07  3.67%  2487 22574s
 14806 11567 1.3455e+07  123 1501 1.3628e+07 1.3127e+07  3.67%  2491 23160s
 15199 11963 1.3365e+07   79 1383 1.3628e+07 1.3128e+07  3.67%  2497 23633s
 15636 12218 1.3484e+07  105 1214 1.3628e+07 1.3128e+07  3.67%  2478 24216s
 15913 12422 1.3211e+07   86 1576 1.3628e+07 1.3128e+07  3.67%  2499 24700s
 16128 13185 1.3212e+07   87 1532 1.3628e+07 1.3128e+07  3.67%  2497 25283s
 16943 13415 1.3210e+07   78 1583 1.3628e+07 1.3128e+07  3.67%  2462 25852s
 17211 13552 1.3544e+07  146 1072 1.3628e+07 1.3128e+07  3.66%  2474 26359s
 17393 13876 1.3182e+07   72 1463 1.3628e+07 1.3128e+07  3.66%  2509 27207s
 17733 14497 1.3311e+07  113 1327 1.3628e+07 1.3129e+07  3.66%  2530 27708s
 18447 14963 1.3178e+07   76 1570 1.3628e+07 1.3129e+07  3.66%  2505 28258s
 18975 15372 1.3158e+07   62 1512 1.3628e+07 1.3129e+07  3.66%  2496 28777s
 19466 15780 1.3159e+07   67 1683 1.3628e+07 1.3129e+07  3.66%  2492 29322s
 19925 15974 1.3137e+07   61 1782 1.3628e+07 1.3129e+07  3.66%  2497 29810s
 20144 16050 1.3244e+07   78 1531 1.3628e+07 1.3129e+07  3.66%  2503 30929s
 20230 16480 1.3262e+07   79 1488 1.3628e+07 1.3129e+07  3.66%  2506 31444s
 20703 16481 1.3282e+07  168 1797 1.3628e+07 1.3129e+07  3.66%  2504 36487s
 20705 16482 1.3582e+07  181 1486 1.3628e+07 1.3129e+07  3.66%  2504 36497s
 20706 16483 1.3311e+07  121 1688 1.3628e+07 1.3129e+07  3.66%  2504 36515s
 20707 16484 1.3236e+07  104 1763 1.3628e+07 1.3129e+07  3.66%  2504 36538s
 20708 16484 1.3463e+07  135 1772 1.3628e+07 1.3129e+07  3.66%  2503 36559s
 20709 16485 1.3521e+07  205 1762 1.3628e+07 1.3129e+07  3.66%  2503 36578s
 20710 16486 1.3258e+07   90 1757 1.3628e+07 1.3129e+07  3.66%  2503 36593s
 20711 16486 1.3249e+07   98 1700 1.3628e+07 1.3129e+07  3.66%  2503 36608s
 20712 16487 1.3392e+07  192 1729 1.3628e+07 1.3129e+07  3.66%  2503 36626s
 20713 16488 1.3584e+07  250 1632 1.3628e+07 1.3129e+07  3.66%  2503 36638s
 20714 16488 1.3478e+07  205 1703 1.3628e+07 1.3129e+07  3.66%  2503 36643s
 20715 16489 1.3550e+07  288 1669 1.3628e+07 1.3129e+07  3.66%  2503 36648s
 20716 16490 1.3224e+07   88 1681 1.3628e+07 1.3129e+07  3.66%  2502 36653s
 20717 16490 1.3519e+07  356 1719 1.3628e+07 1.3129e+07  3.66%  2502 36657s
 20718 16491 1.3457e+07  151 1704 1.3628e+07 1.3129e+07  3.66%  2502 36661s
 20719 16492 1.3571e+07  213 1599 1.3628e+07 1.3129e+07  3.66%  2502 36667s
 20720 16492 1.3535e+07  306 1617 1.3628e+07 1.3129e+07  3.66%  2502 36670s
 20722 16494 1.3422e+07  171 1683 1.3628e+07 1.3129e+07  3.66%  2502 36677s
 20724 16495 1.3246e+07  274 1657 1.3628e+07 1.3129e+07  3.66%  2501 36680s
 20728 16498 1.3431e+07  106 1670 1.3628e+07 1.3129e+07  3.66%  2501 36754s
 20729 16498 1.3163e+07   71 1641 1.3628e+07 1.3129e+07  3.66%  2501 36755s
 20734 16502 1.3567e+07  281 1615 1.3628e+07 1.3129e+07  3.66%  2500 36791s
 20735 16502 1.3387e+07  153 1544 1.3628e+07 1.3129e+07  3.66%  2500 36864s
 20736 16503 1.3232e+07  122 1596 1.3628e+07 1.3129e+07  3.66%  2500 36866s
 20740 16506 1.3556e+07  298 1534 1.3628e+07 1.3129e+07  3.66%  2500 36903s
 20741 16506 1.3172e+07  143 1557 1.3628e+07 1.3129e+07  3.66%  2499 36973s
 20742 16507 1.3581e+07  159 1612 1.3628e+07 1.3129e+07  3.66%  2499 36975s
 20745 16509 1.3404e+07  141 1616 1.3628e+07 1.3129e+07  3.66%  2499 36980s
 20746 16510 1.3599e+07  190 1612 1.3628e+07 1.3129e+07  3.66%  2499 37010s
 20747 16510 1.3541e+07  174 1593 1.3628e+07 1.3129e+07  3.66%  2499 37043s
 20749 16512 1.3449e+07  382 1609 1.3628e+07 1.3129e+07  3.66%  2498 37075s
 20750 16512 1.3417e+07  141 1586 1.3628e+07 1.3129e+07  3.66%  2498 37109s
 20751 16513 1.3222e+07   72 1605 1.3628e+07 1.3129e+07  3.66%  2498 37110s
 20754 16515 1.3313e+07   87 1619 1.3628e+07 1.3129e+07  3.66%  2498 37140s
 20755 16516 1.3307e+07  162 1558 1.3628e+07 1.3129e+07  3.66%  2498 37174s
 20756 16516 1.3610e+07  212 1601 1.3628e+07 1.3129e+07  3.66%  2498 37205s
 20757 16517 1.3541e+07  153 1580 1.3628e+07 1.3129e+07  3.66%  2497 37237s
 20758 16518 1.3476e+07  240 1568 1.3628e+07 1.3129e+07  3.66%  2497 37266s
 20759 16518 1.3320e+07  125 1595 1.3628e+07 1.3129e+07  3.66%  2497 37298s
 20760 16519 1.3175e+07   89 1542 1.3628e+07 1.3129e+07  3.66%  2497 37330s
 20761 16520 1.3384e+07  139 1549 1.3628e+07 1.3129e+07  3.66%  2497 37364s
 20762 16520 1.3575e+07  197 1593 1.3628e+07 1.3129e+07  3.66%  2497 37365s
 20763 16521 1.3160e+07   71 1591 1.3628e+07 1.3129e+07  3.66%  2497 37396s
 20764 16522 1.3274e+07  313 1494 1.3628e+07 1.3129e+07  3.66%  2497 37428s
 20765 16522 1.3448e+07  133 1516 1.3628e+07 1.3129e+07  3.66%  2497 37460s
 20766 16523 1.3384e+07  144 1534 1.3628e+07 1.3129e+07  3.66%  2496 37492s
 20768 16524 1.3190e+07   84 1556 1.3628e+07 1.3129e+07  3.66%  2496 37521s
 20769 16525 1.3395e+07   77 1539 1.3628e+07 1.3129e+07  3.66%  2496 37558s
 20772 16527 1.3591e+07  180 1523 1.3628e+07 1.3129e+07  3.66%  2496 37590s
 20773 16528 1.3229e+07   71 1533 1.3628e+07 1.3129e+07  3.66%  2496 37624s
 20775 16529 1.3433e+07  262 1585 1.3628e+07 1.3129e+07  3.66%  2495 37655s
 20776 16530 1.3493e+07  175 1585 1.3628e+07 1.3129e+07  3.66%  2495 37687s
 20778 16531 1.3343e+07  106 1583 1.3628e+07 1.3129e+07  3.66%  2495 37720s
 20779 16532 1.3397e+07  172 1586 1.3628e+07 1.3129e+07  3.66%  2495 37754s
 20780 16532 1.3385e+07  123 1548 1.3628e+07 1.3129e+07  3.66%  2495 37755s
 20781 16533 1.3384e+07  137 1556 1.3628e+07 1.3129e+07  3.66%  2495 37787s
 20782 16534 1.3485e+07  171 1620 1.3628e+07 1.3129e+07  3.66%  2494 37819s
 20783 16534 1.3371e+07  153 1572 1.3628e+07 1.3129e+07  3.66%  2494 37848s
 20784 16535 1.3229e+07   76 1580 1.3628e+07 1.3129e+07  3.66%  2494 37883s
 20785 16536 1.3609e+07  264 1605 1.3628e+07 1.3129e+07  3.66%  2494 37914s
 20786 16536 1.3416e+07  166 1589 1.3628e+07 1.3129e+07  3.66%  2494 37947s
 20787 16537 1.3240e+07   91 1588 1.3628e+07 1.3129e+07  3.66%  2494 37978s
 20788 16538 1.3515e+07  211 1586 1.3628e+07 1.3129e+07  3.66%  2494 38010s
 20789 16538 1.3595e+07  169 1599 1.3628e+07 1.3129e+07  3.66%  2494 38042s
 20790 16539 1.3417e+07  232 1575 1.3628e+07 1.3129e+07  3.66%  2494 38076s
 20791 16540 1.3241e+07   85 1576 1.3628e+07 1.3129e+07  3.66%  2493 38105s
 20792 16540 1.3477e+07  174 1547 1.3628e+07 1.3129e+07  3.66%  2493 38139s
 20793 16541 1.3258e+07   90 1557 1.3628e+07 1.3129e+07  3.66%  2493 38168s
 20794 16542 1.3258e+07   82 1544 1.3628e+07 1.3129e+07  3.66%  2493 38198s
 20795 16542 1.3329e+07  125 1546 1.3628e+07 1.3129e+07  3.66%  2493 38228s
 20796 16543 1.3141e+07   74 1577 1.3628e+07 1.3129e+07  3.66%  2493 38260s
 20797 16544 1.3460e+07  201 1570 1.3628e+07 1.3129e+07  3.66%  2493 38289s
 20798 16544 1.3295e+07  114 1556 1.3628e+07 1.3129e+07  3.66%  2493 38323s
 20799 16545 1.3475e+07  139 1543 1.3628e+07 1.3129e+07  3.66%  2492 38358s
 20800 16546 1.3534e+07  315 1543 1.3628e+07 1.3129e+07  3.66%  2492 38368s
 20801 16549 1.3129e+07   67 1561 1.3628e+07 1.3129e+07  3.66%  2504 38398s
 20803 16553 1.3129e+07   68 1544 1.3628e+07 1.3129e+07  3.66%  2505 38425s
 20807 16555 1.3129e+07   69 1573 1.3628e+07 1.3129e+07  3.66%  2506 38434s
 20811 16558 1.3131e+07   69 1581 1.3628e+07 1.3129e+07  3.66%  2507 38446s
 20815 16561 1.3129e+07   70 1612 1.3628e+07 1.3129e+07  3.66%  2508 38451s
 20819 16563 1.3129e+07   70 1521 1.3628e+07 1.3129e+07  3.66%  2509 38459s
 20823 16567 1.3129e+07   71 1566 1.3628e+07 1.3129e+07  3.66%  2510 38470s
 20828 16570 1.3133e+07   71 1571 1.3628e+07 1.3129e+07  3.66%  2511 38483s
 20833 16573 1.3129e+07   72 1555 1.3628e+07 1.3129e+07  3.66%  2511 38492s
 20837 16575 1.3132e+07   72 1463 1.3628e+07 1.3129e+07  3.66%  2513 38501s
 20841 16579 1.3130e+07   73 1559 1.3628e+07 1.3129e+07  3.66%  2513 38509s
 20846 16581 1.3143e+07   73 1590 1.3628e+07 1.3129e+07  3.66%  2515 38525s
 20850 16584 1.3136e+07   74 1495 1.3628e+07 1.3129e+07  3.66%  2516 38533s
 20854 16588 1.3134e+07   74 1522 1.3628e+07 1.3129e+07  3.66%  2517 38544s
 20859 16590 1.3137e+07   75 1488 1.3628e+07 1.3129e+07  3.66%  2517 38556s
 20863 16593 1.3153e+07   75 1508 1.3628e+07 1.3129e+07  3.66%  2519 38784s
 20867 16598 1.3139e+07   76 1487 1.3628e+07 1.3129e+07  3.66%  2519 38795s
 20874 16603 1.3142e+07   77 1454 1.3628e+07 1.3129e+07  3.66%  2520 38810s
 20881 16607 1.3150e+07   78 1476 1.3628e+07 1.3129e+07  3.66%  2521 38819s
 20887 16614 1.3143e+07   78 1442 1.3628e+07 1.3129e+07  3.66%  2522 39481s
 20896 16620 1.3155e+07   80 1383 1.3628e+07 1.3129e+07  3.66%  2523 39502s
 20907 16624 1.3171e+07   81 1406 1.3628e+07 1.3129e+07  3.66%  2525 39523s
 20915 16630 1.3165e+07   81 1413 1.3628e+07 1.3129e+07  3.66%  2527 39576s
 20924 16637 1.3175e+07   82 1356 1.3628e+07 1.3129e+07  3.66%  2532 39596s
 20934 16644 1.3207e+07   83 1421 1.3628e+07 1.3129e+07  3.66%  2533 39648s
 20946 16651 1.3176e+07   85 1443 1.3628e+07 1.3129e+07  3.66%  2535 39670s
 20957 16662 1.3185e+07   86 1379 1.3628e+07 1.3129e+07  3.66%  2537 39692s
 20972 16669 1.3200e+07   87 1353 1.3628e+07 1.3129e+07  3.66%  2539 39715s
 20984 16680 1.3202e+07   88 1345 1.3628e+07 1.3129e+07  3.66%  2540 39738s
 21001 16697 1.3234e+07   90 1404 1.3628e+07 1.3129e+07  3.66%  2541 39761s
 21023 16709 1.3211e+07   91 1432 1.3628e+07 1.3129e+07  3.66%  2541 39785s
 21045 16715 1.3213e+07   93 1434 1.3628e+07 1.3129e+07  3.66%  2541 39809s
 21060 16731 1.3216e+07   95 1392 1.3628e+07 1.3129e+07  3.66%  2543 39832s
 21081 16744 1.3220e+07   96 1411 1.3628e+07 1.3129e+07  3.66%  2543 39857s
 21101 16758 1.3227e+07   98 1423 1.3628e+07 1.3129e+07  3.66%  2544 39884s
 21122 16774 1.3246e+07  100 1346 1.3628e+07 1.3129e+07  3.66%  2545 39927s
 21145 16808 1.3252e+07  102 1283 1.3628e+07 1.3129e+07  3.66%  2544 39952s
 21186 16818 1.3320e+07  107 1239 1.3628e+07 1.3129e+07  3.66%  2542 39981s
 21212 16847 1.3263e+07  109 1189 1.3628e+07 1.3129e+07  3.66%  2543 40008s
 21250 16852 1.3273e+07  112 1201 1.3628e+07 1.3129e+07  3.66%  2541 40036s
 21267 16885 1.3270e+07  113 1329 1.3628e+07 1.3129e+07  3.66%  2541 40070s
 21306 16919 1.3296e+07  116 1286 1.3628e+07 1.3129e+07  3.66%  2540 40103s
 21355 16936 1.3298e+07  120 1294 1.3628e+07 1.3129e+07  3.66%  2538 40145s
 21390 16968 1.3304e+07  123 1224 1.3628e+07 1.3129e+07  3.66%  2538 40181s
 21436 17010 1.3308e+07  125 1186 1.3628e+07 1.3129e+07  3.66%  2536 40215s
 21496 17031 1.3332e+07  130 1222 1.3628e+07 1.3129e+07  3.66%  2534 40248s
 21540 17034 1.3345e+07  130 1189 1.3628e+07 1.3129e+07  3.66%  2531 40388s
 21574 17095 1.3341e+07  133 1209 1.3628e+07 1.3129e+07  3.66%  2529 40424s
 21648 17102 1.3342e+07  136 1205 1.3628e+07 1.3129e+07  3.66%  2525 40467s
 21701 17117 1.3456e+07  138 1164 1.3628e+07 1.3129e+07  3.66%  2524 40508s
 21749 17113 1.3345e+07  142 1209 1.3628e+07 1.3129e+07  3.66%  2523 41076s
 21762 17133 1.3355e+07  147 1125 1.3628e+07 1.3129e+07  3.66%  2523 41121s
 21793 17183 1.3420e+07  153 1020 1.3628e+07 1.3129e+07  3.66%  2525 41168s
 21853 17221 1.3480e+07  168  983 1.3628e+07 1.3129e+07  3.66%  2523 41217s
 21919 17240 1.3477e+07  186  887 1.3628e+07 1.3130e+07  3.65%  2522 41270s
 21976 17273 1.3142e+07   73 1468 1.3628e+07 1.3130e+07  3.65%  2522 41320s
 22028 17323 1.3162e+07   79 1444 1.3628e+07 1.3130e+07  3.65%  2522 41373s
 22100 17380 1.3201e+07   88 1411 1.3628e+07 1.3130e+07  3.65%  2520 41448s
 22195 17406 1.3242e+07   99 1398 1.3628e+07 1.3130e+07  3.65%  2516 41504s
 22252 17488 1.3278e+07  102 1337 1.3628e+07 1.3130e+07  3.65%  2517 41578s
 22367 17516 1.3345e+07  117 1159 1.3628e+07 1.3130e+07  3.65%  2511 41642s
 22464 17551 1.3519e+07  144 1019 1.3628e+07 1.3130e+07  3.65%  2508 41711s
 22558 17569 1.3602e+07  190  695 1.3628e+07 1.3132e+07  3.64%  2504 41777s
 22614 17611 infeasible   77      1.3628e+07 1.3132e+07  3.64%  2506 41847s
 22677 17670 1.3187e+07   82 1407 1.3628e+07 1.3132e+07  3.64%  2507 41915s
 22757 17776 1.3206e+07   85 1357 1.3628e+07 1.3132e+07  3.64%  2507 41990s
 22896 17828 1.3313e+07   94 1141 1.3628e+07 1.3132e+07  3.64%  2500 42070s
 23007 17795 1.3453e+07  103 1153 1.3628e+07 1.3132e+07  3.64%  2497 42748s
 23015 17845 1.3454e+07  104 1151 1.3628e+07 1.3132e+07  3.64%  2497 42827s
H23075 16984                    1.361687e+07 1.3132e+07  3.56%  2495 42827s
 23079 17084     cutoff  116      1.3617e+07 1.3133e+07  3.56%  2496 42924s
 23212 17135 1.3178e+07   82 1457 1.3617e+07 1.3134e+07  3.55%  2491 43009s
 23307 17204 1.3245e+07  108 1226 1.3617e+07 1.3134e+07  3.55%  2490 43103s
 23425 17294 1.3475e+07  144  999 1.3617e+07 1.3134e+07  3.55%  2488 43224s
 23580 17323 1.3139e+07   76 1556 1.3617e+07 1.3134e+07  3.55%  2483 43326s
H23612 16519                    1.360988e+07 1.3134e+07  3.50%  2485 43326s
 23670 16605 1.3178e+07   81 1317 1.3610e+07 1.3134e+07  3.50%  2485 43425s
 23775 16731 1.3220e+07   94 1217 1.3610e+07 1.3134e+07  3.50%  2482 43530s
 23944 16813 1.3317e+07  111 1093 1.3610e+07 1.3134e+07  3.50%  2477 43645s
 24127 16858 1.3412e+07  129 1060 1.3610e+07 1.3134e+07  3.50%  2471 43764s
 24248 17030 1.3554e+07  161  788 1.3610e+07 1.3134e+07  3.50%  2473 43884s
 24485 17081 1.3587e+07  194  752 1.3610e+07 1.3137e+07  3.47%  2463 44034s
 24694 17077 1.3182e+07   77 1435 1.3610e+07 1.3137e+07  3.47%  2458 44179s
 24707 17072 1.3344e+07  114 1213 1.3610e+07 1.3137e+07  3.47%  2459 44180s
 24772 17173 1.3222e+07   83 1273 1.3610e+07 1.3137e+07  3.47%  2460 44312s
 24909 17244 1.3280e+07   94 1265 1.3610e+07 1.3137e+07  3.47%  2461 44446s
 25054 17314     cutoff  110      1.3610e+07 1.3138e+07  3.46%  2460 44594s
 25209 17400 1.3311e+07  103 1133 1.3610e+07 1.3139e+07  3.46%  2460 44745s
 25364 17445 1.3181e+07   82 1455 1.3610e+07 1.3139e+07  3.46%  2461 44900s
 25504 17583 1.3272e+07  105 1380 1.3610e+07 1.3139e+07  3.46%  2464 45100s
 25688 17659 1.3433e+07  148 1265 1.3610e+07 1.3139e+07  3.46%  2463 45270s
 25884 17764 1.3194e+07   83 1195 1.3610e+07 1.3140e+07  3.46%  2464 45446s
 26055 18051 1.3275e+07  106 1165 1.3610e+07 1.3140e+07  3.46%  2463 45627s
 26409 18153 1.3418e+07  151  834 1.3610e+07 1.3140e+07  3.45%  2451 45814s
 26713 18298 1.3177e+07   80 1434 1.3610e+07 1.3140e+07  3.45%  2446 46016s
 26986 18387 1.3424e+07  146 1173 1.3610e+07 1.3140e+07  3.45%  2437 46224s
 27218 18510 1.3295e+07   98 1302 1.3610e+07 1.3141e+07  3.44%  2436 46436s
 27457 18726 1.3215e+07   89 1415 1.3610e+07 1.3142e+07  3.44%  2436 46720s
 27765 18761 1.3496e+07  166 1077 1.3610e+07 1.3142e+07  3.44%  2427 46947s
 27957 18814 1.3212e+07   93 1347 1.3610e+07 1.3143e+07  3.43%  2427 47213s
 28075 19190 1.3328e+07  119 1224 1.3610e+07 1.3143e+07  3.43%  2428 47494s
 28524 19437     cutoff  178      1.3610e+07 1.3143e+07  3.43%  2415 47776s
 28947 19500 1.3362e+07  150 1131 1.3610e+07 1.3143e+07  3.43%  2406 48043s
 29198 19699 1.3225e+07   89 1451 1.3610e+07 1.3144e+07  3.43%  2404 48329s
 29527 19835 1.3200e+07   79 1286 1.3610e+07 1.3144e+07  3.42%  2405 48621s
 29828 20015 1.3162e+07   81 1412 1.3610e+07 1.3144e+07  3.42%  2410 48925s
 30169 20329 1.3188e+07   90 1403 1.3610e+07 1.3144e+07  3.42%  2410 49249s
 30649 20173 1.3211e+07   81 1269 1.3610e+07 1.3144e+07  3.42%  2404 50135s
H30650 19284                    1.359538e+07 1.3144e+07  3.32%  2404 50135s
 30653 19754 1.3199e+07   82 1316 1.3595e+07 1.3144e+07  3.32%  2404 50472s
 31193 20019 1.3499e+07  134  622 1.3595e+07 1.3145e+07  3.31%  2393 50895s
 31797 19822 1.3193e+07   84 1393 1.3595e+07 1.3146e+07  3.31%  2387 52427s
 31801 20069 1.3208e+07   85 1345 1.3595e+07 1.3146e+07  3.31%  2387 52740s
 32088 20357 1.3195e+07   86 1385 1.3595e+07 1.3146e+07  3.30%  2387 53092s
 32515 20570 1.3252e+07   97 1273 1.3595e+07 1.3146e+07  3.30%  2386 53448s
 32935 20724 1.3304e+07  101 1251 1.3595e+07 1.3147e+07  3.30%  2385 53793s
 33296 20905 1.3194e+07   80 1385 1.3595e+07 1.3147e+07  3.30%  2390 54147s
 33651 21300 1.3284e+07   98 1218 1.3595e+07 1.3148e+07  3.29%  2395 54520s
 34238 21514 1.3196e+07   79 1332 1.3595e+07 1.3148e+07  3.29%  2388 54864s
 34706 21738 1.3442e+07  135 1033 1.3595e+07 1.3148e+07  3.29%  2385 55199s
 35147 21869 1.3432e+07  143 1115 1.3595e+07 1.3148e+07  3.29%  2382 55531s
 35514 22135 1.3547e+07  167  993 1.3595e+07 1.3149e+07  3.28%  2384 55876s
 36004 22302 1.3224e+07   89 1363 1.3595e+07 1.3149e+07  3.28%  2378 56222s
 36394 22665 1.3217e+07   85 1286 1.3595e+07 1.3149e+07  3.28%  2378 56570s
 36990 22813 1.3178e+07   80 1370 1.3595e+07 1.3149e+07  3.28%  2368 56887s
 37393 23003 1.3211e+07   84 1430 1.3595e+07 1.3150e+07  3.28%  2368 57224s
 37802 23208 1.3391e+07  108 1159 1.3595e+07 1.3150e+07  3.27%  2371 57558s
 38237 23472 1.3200e+07   84 1291 1.3595e+07 1.3151e+07  3.27%  2372 57989s
H38346 22725                    1.359538e+07 1.3151e+07  3.27%  2370 57989s
 38695 23029 1.3555e+07  139  788 1.3595e+07 1.3151e+07  3.27%  2370 58322s
 39233 23230 1.3207e+07   85 1365 1.3595e+07 1.3151e+07  3.27%  2366 58705s
 39675 23601 1.3191e+07   78 1363 1.3595e+07 1.3151e+07  3.27%  2360 59044s
 40267 23580 1.3164e+07   76 1284 1.3595e+07 1.3151e+07  3.27%  2353 59394s
 40455 23990 1.3279e+07   99 1096 1.3595e+07 1.3151e+07  3.27%  2355 59725s
 41063 24112 1.3330e+07  105 1195 1.3595e+07 1.3152e+07  3.26%  2351 60041s
 41453 24524 1.3482e+07  119  972 1.3595e+07 1.3152e+07  3.26%  2354 60475s
 42102 24707 1.3183e+07   76 1354 1.3595e+07 1.3153e+07  3.26%  2353 60809s
 42589 24957 1.3220e+07   87 1366 1.3595e+07 1.3153e+07  3.26%  2351 61114s
 43105 25203 1.3181e+07   83 1385 1.3595e+07 1.3153e+07  3.25%  2346 61412s
 43586 25433 1.3271e+07   91 1239 1.3595e+07 1.3153e+07  3.25%  2343 61681s
 44050 25591 1.3316e+07  111 1337 1.3595e+07 1.3153e+07  3.25%  2339 61944s
 44413 25820 1.3332e+07  126 1173 1.3595e+07 1.3154e+07  3.25%  2339 62215s
 44814 26291 1.3319e+07  126  935 1.3595e+07 1.3154e+07  3.25%  2340 62490s
 45494 26537 1.3167e+07   71 1391 1.3595e+07 1.3154e+07  3.25%  2326 62764s
 46060 26696 1.3189e+07   84 1407 1.3595e+07 1.3154e+07  3.25%  2317 63023s
 46471 26946 1.3185e+07   78 1422 1.3595e+07 1.3154e+07  3.25%  2315 63290s
 46922 27105 1.3203e+07   92 1298 1.3595e+07 1.3154e+07  3.24%  2311 63528s
 47302 27467 1.3190e+07   84 1460 1.3595e+07 1.3155e+07  3.24%  2312 63775s
 47856 27607 1.3424e+07  179  667 1.3595e+07 1.3155e+07  3.24%  2305 64005s
 48251 27734 1.3269e+07  100 1322 1.3595e+07 1.3155e+07  3.24%  2301 64254s
 48572 28078 1.3252e+07   93 1302 1.3595e+07 1.3155e+07  3.24%  2302 64507s
 49087 28176 1.3281e+07  112 1274 1.3595e+07 1.3155e+07  3.24%  2298 65057s
 49379 28379 1.3495e+07  103 1181 1.3595e+07 1.3155e+07  3.24%  2297 65327s
 49768 28718 1.3191e+07   80 1317 1.3595e+07 1.3156e+07  3.23%  2298 65587s
 50261 29063 1.3454e+07  141  878 1.3595e+07 1.3156e+07  3.23%  2293 65858s
 50870 29161 1.3286e+07  171 1286 1.3595e+07 1.3156e+07  3.23%  2285 66104s
 51222 29172 1.3426e+07   96 1249 1.3595e+07 1.3156e+07  3.23%  2287 66543s
 51370 29472 1.3228e+07   88 1385 1.3595e+07 1.3156e+07  3.23%  2286 66802s
 51767 30097 1.3197e+07   80 1431 1.3595e+07 1.3156e+07  3.23%  2286 67167s
 52649 30093 1.3176e+07   79 1384 1.3595e+07 1.3157e+07  3.23%  2275 67375s
 52998 30341 1.3447e+07  123 1150 1.3595e+07 1.3157e+07  3.23%  2272 67567s
 53404 30336     cutoff  154      1.3595e+07 1.3157e+07  3.22%  2268 67761s
 53563 30533 1.3184e+07   80 1370 1.3595e+07 1.3157e+07  3.22%  2268 67998s
 53882 30794 1.3299e+07   99 1122 1.3595e+07 1.3157e+07  3.22%  2268 68231s
 54321 30941 1.3212e+07   91 1281 1.3595e+07 1.3157e+07  3.22%  2266 68465s
 54664 31139 1.3217e+07   81 1386 1.3595e+07 1.3158e+07  3.22%  2267 68705s
 55028 31496 1.3190e+07   85 1482 1.3595e+07 1.3158e+07  3.22%  2268 68958s
 55576 31753 1.3318e+07  106 1246 1.3595e+07 1.3158e+07  3.22%  2263 69203s
 56091 31950 1.3301e+07   90 1196 1.3595e+07 1.3158e+07  3.22%  2260 69443s
 56553 32148 1.3278e+07  103 1372 1.3595e+07 1.3158e+07  3.22%  2256 69720s
 56971 32372 1.3218e+07   82 1343 1.3595e+07 1.3158e+07  3.22%  2254 69961s
 57394 32508 1.3245e+07   78 1318 1.3595e+07 1.3158e+07  3.22%  2253 70205s
 57734 32700 1.3179e+07   80 1384 1.3595e+07 1.3158e+07  3.22%  2255 70461s
 58081 33086 1.3345e+07  127  829 1.3595e+07 1.3158e+07  3.21%  2255 70704s
 58298 33013 1.3184e+07   77 1339 1.3595e+07 1.3158e+07  3.21%  2251 70705s
 58640 33206 1.3336e+07  131 1181 1.3595e+07 1.3158e+07  3.21%  2250 70945s
 59005 33637 1.3246e+07   86 1254 1.3595e+07 1.3159e+07  3.21%  2250 71228s
 59597 34053 1.3204e+07   82 1386 1.3595e+07 1.3159e+07  3.21%  2245 71473s
 60383 34097 1.3205e+07   82 1376 1.3595e+07 1.3159e+07  3.21%  2233 71699s
 60746 34338 1.3171e+07   81 1314 1.3595e+07 1.3159e+07  3.21%  2232 71939s
 61164 34614 1.3204e+07   80 1311 1.3595e+07 1.3159e+07  3.21%  2229 72172s
 61626 34964 1.3337e+07  130 1202 1.3595e+07 1.3159e+07  3.21%  2226 72400s
 62055 35765 1.3318e+07  108  974 1.3595e+07 1.3159e+07  3.21%  2225 72738s
 62960 35912 1.3185e+07   79 1443 1.3595e+07 1.3159e+07  3.21%  2215 72903s
 63131 36201 1.3407e+07  123 1247 1.3595e+07 1.3159e+07  3.21%  2217 73091s
 63476 36424 1.3253e+07   90 1429 1.3595e+07 1.3160e+07  3.20%  2216 73296s
 63769 36597 1.3245e+07   87 1259 1.3595e+07 1.3160e+07  3.20%  2218 73509s
 63875 36597 1.3238e+07   92 1207 1.3595e+07 1.3160e+07  3.20%  2218 73510s
 63979 36854 1.3307e+07   91 1208 1.3595e+07 1.3160e+07  3.20%  2219 73742s
 64322 37215 1.3289e+07   96 1298 1.3595e+07 1.3160e+07  3.20%  2220 73978s
 64746 37560 1.3215e+07   84 1559 1.3595e+07 1.3160e+07  3.20%  2219 74230s
 65153 37900 1.3207e+07   80 1326 1.3595e+07 1.3160e+07  3.20%  2217 74482s
 65534 38344 1.3230e+07   94 1266 1.3595e+07 1.3160e+07  3.20%  2218 74751s
 66078 38684 1.3284e+07   92 1327 1.3595e+07 1.3161e+07  3.20%  2214 74995s
 66476 38874 1.3347e+07  103 1198 1.3595e+07 1.3161e+07  3.20%  2213 75241s
 66749 39138 1.3310e+07  103 1237 1.3595e+07 1.3161e+07  3.20%  2212 75495s
 67070 39671 1.3346e+07  107 1190 1.3595e+07 1.3161e+07  3.19%  2213 75803s
 67691 40049 1.3203e+07   78 1252 1.3595e+07 1.3162e+07  3.19%  2208 76076s
 68145 40397 1.3278e+07   97 1249 1.3595e+07 1.3162e+07  3.19%  2207 76368s
 68597 40726 1.3340e+07  113 1285 1.3595e+07 1.3162e+07  3.19%  2207 76652s
 69028 41199 1.3391e+07  109 1194 1.3595e+07 1.3162e+07  3.19%  2207 76950s
 69569 41558     cutoff  148      1.3595e+07 1.3162e+07  3.19%  2204 77214s
 69984 41923 1.3181e+07   79 1391 1.3595e+07 1.3162e+07  3.19%  2205 77488s
 70422 42333 1.3188e+07   79 1436 1.3595e+07 1.3162e+07  3.19%  2205 77766s
 70915 42777 1.3256e+07   88 1288 1.3595e+07 1.3162e+07  3.19%  2204 78032s
 71442 43271 1.3308e+07  104 1200 1.3595e+07 1.3162e+07  3.18%  2201 78307s
 72001 43636 1.3235e+07   92 1376 1.3595e+07 1.3162e+07  3.18%  2198 78579s
 72408 43654 1.3214e+07   87 1341 1.3595e+07 1.3163e+07  3.18%  2199 79388s
 72426 45124 1.3292e+07   98 1223 1.3595e+07 1.3163e+07  3.18%  2199 80391s
 74170 45555 infeasible  161      1.3595e+07 1.3163e+07  3.18%  2188 80651s
 74678 45911 1.3188e+07   77 1522 1.3595e+07 1.3163e+07  3.18%  2185 80896s
 75123 46212 1.3224e+07   84 1378 1.3595e+07 1.3163e+07  3.18%  2183 81143s
 75485 46646 1.3199e+07   75 1254 1.3595e+07 1.3163e+07  3.18%  2183 81396s
 76013 47026 1.3554e+07  124  813 1.3595e+07 1.3163e+07  3.18%  2181 81635s
 76491 47419 1.3203e+07   74 1308 1.3595e+07 1.3163e+07  3.18%  2180 81883s
 76965 47720 1.3540e+07  104 1108 1.3595e+07 1.3163e+07  3.18%  2178 82134s
 77368 48155 1.3188e+07   82 1383 1.3595e+07 1.3163e+07  3.18%  2177 82415s
 77857 48533 1.3250e+07   98 1314 1.3595e+07 1.3164e+07  3.18%  2175 82659s
 78299 48902 1.3582e+07  152  823 1.3595e+07 1.3164e+07  3.18%  2174 82909s
 78750 49158 1.3195e+07   81 1324 1.3595e+07 1.3164e+07  3.17%  2173 83159s
 79050 49575 1.3417e+07  193  940 1.3595e+07 1.3164e+07  3.17%  2172 83415s
 79519 49825 1.3369e+07  123  939 1.3595e+07 1.3164e+07  3.17%  2170 83633s
 79795 50221 1.3185e+07   83 1334 1.3595e+07 1.3164e+07  3.17%  2171 83879s
 80304 50621 1.3279e+07  104 1266 1.3595e+07 1.3164e+07  3.17%  2170 84103s
 80768 51094 1.3430e+07  134 1205 1.3595e+07 1.3164e+07  3.17%  2169 84347s
 81317 51300 1.3268e+07   80 1300 1.3595e+07 1.3164e+07  3.17%  2166 84572s
 81603 51304 1.3195e+07   83 1428 1.3595e+07 1.3165e+07  3.17%  2169 85985s
 81607 51617 1.3198e+07   84 1373 1.3595e+07 1.3165e+07  3.17%  2169 86222s
 82012 51746 1.3207e+07   86 1415 1.3595e+07 1.3165e+07  3.17%  2170 86303s

Cutting planes:
  Gomory: 24
  Cover: 28
  Implied bound: 2524
  Projected implied bound: 162
  Clique: 4
  MIR: 1718
  Flow cover: 6837
  GUB cover: 1
  Inf proof: 5
  Zero half: 31
  RLT: 419
  Relax-and-lift: 1608

Explored 82171 nodes (178608157 simplex iterations) in 86303.73 seconds (140864.18 work units)
Thread count was 4 (of 128 available processors)

Solution count 7: 1.35954e+07 1.35954e+07 1.36099e+07 ... 1.36429e+07

Time limit reached
Best objective 1.359538199848e+07, best bound 1.316467237941e+07, gap 3.1681%

Solving took 	23:58:23.748
####################################################################################################
####################################################################################################
####################################################################################################
Reached timelimit, but could find a feasible solution
####################################################################################################
Description                          Value
----------------------------  ------------
Objective (min)               13,595,382.0
Cost sailing                   6,012,192.0
Cost port visits              10,118,106.0
Cost transshipment (demands)      93,857.0
Cost transshipment (empties)       6,603.0
Penalty delayed demands          283,114.0
Revenue Empties                2,931,130.0
Penalty rejected demands          12,640.0
Rejected demands (%)                  0.04
Omitted ports (%)                      0.0
Gap (%)                               3.17
####################################################################################################
Export solution
####################################################################################################
Overall time 	23:58:26.450

real	1438m27.228s
user	4919m14.127s
sys	0m57.570s
finished at Sat Mar 18 12:17:19 CET 2023
