cpu-bind=MASK - n2lcn0122, task  0  0 [3442297]: mask |--------|--------||--------|--------||--------|--------||--------|--------||||--------|BBBB----||--------|--------||--------|--------||--------|--------|  set
started at Thu Mar 16 14:57:09 CET 2023
Timecheck 9938770.335697204
Set parameter TokenServer to value "license3.uni-paderborn.de"
Warning: Gurobi version mismatch between Python 10.0.1 and C library 10.0.0
Timecheck 9938770.351704646
Timecheck 9938770.351918407
Timecheck 9938770.351949407
Timecheck 9938770.351970507


####################################################################################################
Solve scenario sce_4_26_1 with free vessel operation using the arc flow model
Vessels can omit ports, Demands cannot be rejected
####################################################################################################
Data preprocessing, load /upb/departments/pc2/groups/hpc-prf-winf4/dwetzel/SILSRP/inst_final/sce_4_26_1
and create additional sets and parameters
	|- Read vessel information, number of vessels:	9
	|- Read node information, number of nodes:		475
	|- Read arc information
		|- Number of sailing arcs:			1976
		|- Number of transshipment arcs:	700
	|- Read container information
		|- Number of demands:		1726
		|- Number of empties (+/-):	244/203
	|- Create additional sets and parameters

Data preprocessing took 	00:00:00.837
####################################################################################################
Create linear model
Set parameter Threads to value 4
	|- Create variables, took	00:00:01.157
	|- Create objective, took	00:00:00.934
	|- Create constraints, took	00:00:03.716
	|- Load CVO start

Creating model took	00:00:05.826
####################################################################################################
Fix start solution

Set parameter TimeLimit to value 8.6394083737544715e+04
Gurobi Optimizer version 10.0.0 build v10.0.0rc2 (linux64)

CPU model: AMD EPYC 7763 64-Core Processor, instruction set [SSE2|AVX|AVX2]
Thread count: 128 physical cores, 128 logical processors, using up to 4 threads

Optimize a model with 77237 rows, 282978 columns and 929120 nonzeros
Model fingerprint: 0xcb49d7a3
Variable types: 263003 continuous, 19975 integer (19975 binary)
Coefficient statistics:
  Matrix range     [1e+00, 5e+05]
  Objective range  [1e+00, 1e+00]
  Bounds range     [1e+00, 3e+02]
  RHS range        [1e+00, 1e+08]
Presolve removed 72148 rows and 271920 columns
Presolve time: 0.65s
Presolved: 5089 rows, 11058 columns, 35801 nonzeros
Variable types: 11058 continuous, 0 integer (0 binary)

Root relaxation: objective 3.663754e+07, 2270 iterations, 0.02 seconds (0.01 work units)

    Nodes    |    Current Node    |     Objective Bounds      |     Work
 Expl Unexpl |  Obj  Depth IntInf | Incumbent    BestBd   Gap | It/Node Time

*    0     0               0    3.663754e+07 3.6638e+07  0.00%     -    0s

Explored 1 nodes (2270 simplex iterations) in 0.82 seconds (0.72 work units)
Thread count was 4 (of 128 available processors)

Solution count 1: 3.66375e+07 

Optimal solution found (tolerance 1.00e-04)
Best objective 3.663754450000e+07, best bound 3.663754450000e+07, gap 0.0000%

Fixing start solution took	00:00:06.765
####################################################################################################
####################################################################################################
Solve optimization model

Set parameter TimeLimit to value 8.6393234796935692e+04
Gurobi Optimizer version 10.0.0 build v10.0.0rc2 (linux64)

CPU model: AMD EPYC 7763 64-Core Processor, instruction set [SSE2|AVX|AVX2]
Thread count: 128 physical cores, 128 logical processors, using up to 4 threads

Optimize a model with 76763 rows, 282978 columns and 928646 nonzeros
Model fingerprint: 0x2354b3c6
Variable types: 263003 continuous, 19975 integer (19975 binary)
Coefficient statistics:
  Matrix range     [1e+00, 5e+05]
  Objective range  [1e+00, 1e+00]
  Bounds range     [1e+00, 3e+02]
  RHS range        [1e+00, 1e+08]

Loaded MIP start from previous solve with objective 3.66375e+07

Presolve removed 10979 rows and 13558 columns
Presolve time: 3.46s
Presolved: 65784 rows, 269420 columns, 776558 nonzeros
Variable types: 252978 continuous, 16442 integer (16442 binary)
Deterministic concurrent LP optimizer: primal simplex, dual simplex, and barrier
Showing barrier log only...

Root barrier log...

Ordering time: 1.37s

Barrier statistics:
 AA' NZ     : 7.171e+05
 Factor NZ  : 8.457e+06 (roughly 200 MB of memory)
 Factor Ops : 2.979e+09 (less than 1 second per iteration)
 Threads    : 2

                  Objective                Residual
Iter       Primal          Dual         Primal    Dual     Compl     Time
   0   1.60426559e+15 -1.61472219e+13  1.16e+09 1.60e+03  1.33e+11     6s
   1   3.07462218e+14 -5.01186771e+12  2.11e+08 8.73e-11  2.55e+10     6s
   2   3.31528937e+13 -1.34840837e+12  2.25e+07 7.28e-11  2.77e+09     6s
   3   3.37704038e+12 -4.16311410e+11  2.28e+06 5.28e-11  2.84e+08     7s
   4   4.25279852e+11 -1.02499915e+11  2.85e+05 2.47e-10  3.62e+07     7s
   5   7.20902882e+10 -3.90949475e+10  4.82e+04 7.46e-11  6.18e+06     7s
   6   1.35411697e+10 -2.07038261e+10  9.05e+03 6.55e-11  1.18e+06     7s
   7   2.83119903e+09 -1.29545100e+10  1.88e+03 1.33e-10  2.50e+05     7s
   8   9.40473870e+08 -8.96393636e+09  5.93e+02 9.46e-11  8.09e+04     8s
   9   4.04875895e+08 -4.99156000e+09  2.15e+02 5.64e-11  2.95e+04     8s
  10   1.66080171e+08 -2.91883057e+09  6.24e+01 6.64e-11  1.05e+04     8s
  11   8.17400703e+07 -1.27196780e+09  1.51e+01 6.64e-11  3.49e+03     8s
  12   5.25678942e+07 -5.03318504e+08  2.27e+00 1.08e-10  1.14e+03     8s
  13   4.65826029e+07 -2.69714898e+08  1.10e+00 1.08e-10  6.18e+02     9s
  14   4.07682665e+07 -1.54017203e+08  3.93e-01 1.01e-10  3.67e+02     9s
  15   3.51797347e+07 -7.37191164e+07  1.56e-01 8.06e-11  2.03e+02     9s
  16   3.19012677e+07 -3.68194770e+07  9.87e-02 8.99e-11  1.28e+02     9s
  17   2.90194784e+07 -1.24100077e+07  6.83e-02 1.16e-10  7.68e+01     9s
  18   2.57199267e+07  1.10420205e+06  3.84e-02 8.92e-11  4.56e+01    10s
  19   2.36059822e+07  6.88050248e+06  2.35e-02 1.60e-10  3.09e+01    10s
  20   2.22268620e+07  1.03412867e+07  1.57e-02 1.49e-10  2.20e+01    10s
  21   2.06438072e+07  1.34589093e+07  7.57e-03 9.81e-11  1.33e+01    10s
  22   1.99751102e+07  1.56706823e+07  4.76e-03 9.48e-11  7.96e+00    10s
  23   1.94834847e+07  1.66164498e+07  2.88e-03 1.07e-10  5.30e+00    11s
  24   1.90388868e+07  1.74332906e+07  1.36e-03 1.46e-10  2.97e+00    11s
  25   1.87845172e+07  1.78939180e+07  5.30e-04 1.19e-10  1.65e+00    11s
  26   1.86590453e+07  1.81175766e+07  1.86e-04 2.02e-10  1.00e+00    11s
  27   1.86281243e+07  1.83541353e+07  1.09e-04 1.32e-10  5.06e-01    11s
  28   1.85996608e+07  1.84812946e+07  4.54e-05 1.66e-10  2.19e-01    12s
  29   1.85855418e+07  1.85383638e+07  1.76e-05 1.09e-10  8.72e-02    12s
  30   1.85778459e+07  1.85682694e+07  4.79e-06 2.18e-10  1.77e-02    12s
  31   1.85759447e+07  1.85723774e+07  1.56e-06 6.57e-10  6.59e-03    12s
  32   1.85751399e+07  1.85738382e+07  6.45e-07 2.69e-10  2.41e-03    13s
  33   1.85745381e+07  1.85744725e+07  9.24e-08 3.98e-10  1.21e-04    13s
  34   1.85745252e+07  1.85745243e+07  8.68e-09 4.15e-10  1.81e-06    13s
  35   1.85745245e+07  1.85745245e+07  2.76e-09 4.67e-10  7.16e-08    13s
  36   1.85745245e+07  1.85745245e+07  3.18e-10 4.47e-10  7.78e-11    13s

Barrier solved model in 36 iterations and 13.41 seconds (14.05 work units)
Optimal objective 1.85745245e+07


Root crossover log...

   58510 DPushes remaining with DInf 0.0000000e+00                13s
       0 DPushes remaining with DInf 0.0000000e+00                14s

    2922 PPushes remaining with PInf 0.0000000e+00                15s
       0 PPushes remaining with PInf 0.0000000e+00                15s

  Push phase complete: Pinf 0.0000000e+00, Dinf 1.7814659e-08     15s


Root simplex log...

Iteration    Objective       Primal Inf.    Dual Inf.      Time
   59778    1.8574525e+07   0.000000e+00   0.000000e+00     15s
Concurrent spin time: 4.49s (can be avoided by choosing Method=3)

Solved with barrier
   59778    1.8574525e+07   0.000000e+00   0.000000e+00     19s

Root relaxation: objective 1.857452e+07, 59778 iterations, 15.73 seconds (13.66 work units)
Total elapsed time = 20.65s

    Nodes    |    Current Node    |     Objective Bounds      |     Work
 Expl Unexpl |  Obj  Depth IntInf | Incumbent    BestBd   Gap | It/Node Time

     0     0 1.8575e+07    0 3243 3.6638e+07 1.8575e+07  49.3%     -   25s
     0     0 1.9540e+07    0 2920 3.6638e+07 1.9540e+07  46.7%     - 1032s
     0     0 1.9540e+07    0 3016 3.6638e+07 1.9540e+07  46.7%     - 1037s
     0     0 1.9541e+07    0 3049 3.6638e+07 1.9541e+07  46.7%     - 1102s
     0     0 1.9636e+07    0 2999 3.6638e+07 1.9636e+07  46.4%     - 1296s
     0     0 1.9716e+07    0 3088 3.6638e+07 1.9716e+07  46.2%     - 1705s
     0     0 1.9718e+07    0 3136 3.6638e+07 1.9718e+07  46.2%     - 1759s
     0     0 1.9725e+07    0 3057 3.6638e+07 1.9725e+07  46.2%     - 2028s
     0     0 1.9725e+07    0 2996 3.6638e+07 1.9725e+07  46.2%     - 2212s
     0     0 1.9726e+07    0 3053 3.6638e+07 1.9726e+07  46.2%     - 2430s
     0     0 1.9726e+07    0 3095 3.6638e+07 1.9726e+07  46.2%     - 2449s
     0     0 2.0227e+07    0 3140 3.6638e+07 2.0227e+07  44.8%     - 4981s
     0     0 2.0227e+07    0 3130 3.6638e+07 2.0227e+07  44.8%     - 5201s
     0     0 2.0484e+07    0 3244 3.6638e+07 2.0484e+07  44.1%     - 7448s
     0     0 2.0484e+07    0 3222 3.6638e+07 2.0484e+07  44.1%     - 7670s
     0     0 2.0546e+07    0 3269 3.6638e+07 2.0546e+07  43.9%     - 9127s
     0     0 2.0546e+07    0 3241 3.6638e+07 2.0546e+07  43.9%     - 9285s
     0     0 2.0560e+07    0 3286 3.6638e+07 2.0560e+07  43.9%     - 10011s
     0     0 2.0560e+07    0 3302 3.6638e+07 2.0560e+07  43.9%     - 10147s
     0     0 2.0568e+07    0 3238 3.6638e+07 2.0568e+07  43.9%     - 10838s
     0     0 2.0568e+07    0 3297 3.6638e+07 2.0568e+07  43.9%     - 10857s
     0     0 2.0569e+07    0 3312 3.6638e+07 2.0569e+07  43.9%     - 30187s
     0     0 2.0569e+07    0 3337 3.6638e+07 2.0569e+07  43.9%     - 30414s
     0     0 2.0570e+07    0 3305 3.6638e+07 2.0570e+07  43.9%     - 30733s
     0     0 2.0570e+07    0 3293 3.6638e+07 2.0570e+07  43.9%     - 30830s
     0     0 2.0571e+07    0 3319 3.6638e+07 2.0571e+07  43.9%     - 31347s
     0     0 2.0571e+07    0 3284 3.6638e+07 2.0571e+07  43.9%     - 31353s
     0     0 2.0572e+07    0 3253 3.6638e+07 2.0572e+07  43.8%     - 31879s
     0     0 2.0572e+07    0 3274 3.6638e+07 2.0572e+07  43.8%     - 31964s
     0     0 2.0573e+07    0 3254 3.6638e+07 2.0573e+07  43.8%     - 32388s
     0     0 2.0573e+07    0 3307 3.6638e+07 2.0573e+07  43.8%     - 32527s
     0     0 2.0573e+07    0 3355 3.6638e+07 2.0573e+07  43.8%     - 42963s
     0     0 2.0814e+07    0 3298 3.6638e+07 2.0814e+07  43.2%     - 45956s
     0     0 2.0814e+07    0 3328 3.6638e+07 2.0814e+07  43.2%     - 46443s
     0     0 2.0974e+07    0 3307 3.6638e+07 2.0974e+07  42.8%     - 51553s
     0     0 2.0974e+07    0 3315 3.6638e+07 2.0974e+07  42.8%     - 52036s
     0     0 2.1050e+07    0 3321 3.6638e+07 2.1050e+07  42.5%     - 56315s
     0     0 2.1078e+07    0 3345 3.6638e+07 2.1078e+07  42.5%     - 57857s
     0     0 2.1078e+07    0 3387 3.6638e+07 2.1078e+07  42.5%     - 58021s
     0     0 2.1086e+07    0 3361 3.6638e+07 2.1086e+07  42.4%     - 59561s
     0     0 2.1086e+07    0 3343 3.6638e+07 2.1086e+07  42.4%     - 59728s
     0     0 2.1090e+07    0 3412 3.6638e+07 2.1090e+07  42.4%     - 60860s
     0     0 2.1090e+07    0 3379 3.6638e+07 2.1090e+07  42.4%     - 61383s
     0     0 2.1092e+07    0 3411 3.6638e+07 2.1092e+07  42.4%     - 62229s
     0     0 2.1092e+07    0 3437 3.6638e+07 2.1092e+07  42.4%     - 62488s
     0     0 2.1094e+07    0 3417 3.6638e+07 2.1094e+07  42.4%     - 63920s
     0     0 2.1094e+07    0 3412 3.6638e+07 2.1094e+07  42.4%     - 64739s
     0     0 2.1095e+07    0 3447 3.6638e+07 2.1095e+07  42.4%     - 65715s
     0     0 2.1095e+07    0 3427 3.6638e+07 2.1095e+07  42.4%     - 65916s
     0     0 2.1095e+07    0 3467 3.6638e+07 2.1095e+07  42.4%     - 66724s
     0     0 2.1095e+07    0 3461 3.6638e+07 2.1095e+07  42.4%     - 66725s
     0     0 2.1096e+07    0 3396 3.6638e+07 2.1096e+07  42.4%     - 67400s
     0     0 2.1096e+07    0 3476 3.6638e+07 2.1096e+07  42.4%     - 67569s
     0     0 2.1096e+07    0 3394 3.6638e+07 2.1096e+07  42.4%     - 68233s
     0     0 2.1096e+07    0 3383 3.6638e+07 2.1096e+07  42.4%     - 68419s
     0     0 2.1251e+07    0 3389 3.6638e+07 2.1251e+07  42.0%     - 76479s
     0     0 2.1251e+07    0 3361 3.6638e+07 2.1251e+07  42.0%     - 76936s
     0     0 2.1351e+07    0 3521 3.6638e+07 2.1351e+07  41.7%     - 85378s
     0     0 2.1351e+07    0 3455 3.6638e+07 2.1351e+07  41.7%     - 85693s
     0     0          -    0      3.6638e+07 2.1351e+07  41.7%     - 86393s

Cutting planes:
  Gomory: 1
  Cover: 2
  Implied bound: 1671
  Clique: 2
  MIR: 2382
  Flow cover: 140
  Flow path: 66
  Zero half: 1
  RLT: 633
  Relax-and-lift: 968

Explored 1 nodes (5757939 simplex iterations) in 86393.28 seconds (67846.93 work units)
Thread count was 4 (of 128 available processors)

Solution count 1: 3.66375e+07 

Time limit reached
Best objective 3.663754450000e+07, best bound 2.135131200231e+07, gap 41.7229%

Solving took 	23:59:53.279
####################################################################################################
####################################################################################################
####################################################################################################
Reached timelimit, but could find a feasible solution
####################################################################################################
Description                          Value
----------------------------  ------------
Objective (min)               36,637,544.5
Cost sailing                  11,443,143.0
Cost port visits              20,669,543.0
Cost transshipment (demands)   4,539,789.0
Cost transshipment (empties)     624,281.5
Penalty delayed demands        2,506,131.0
Revenue Empties                3,145,343.0
Penalty rejected demands               0.0
Rejected demands (%)                   0.0
Omitted ports (%)                      0.0
Gap (%)                              41.72
####################################################################################################
Export solution
####################################################################################################
Overall time 	1-00:00:01.344

real	1440m2.184s
user	1437m23.445s
sys	0m50.328s
finished at Fri Mar 17 14:57:12 CET 2023
