cpu-bind=MASK - n2lcn0122, task  0  0 [3442298]: mask |--------|--------||--------|--------||--------|--------||--------|--------||||BBBB----|--------||--------|--------||--------|--------||--------|--------|  set
started at Thu Mar 16 14:57:09 CET 2023
Timecheck 9938770.407740412
Set parameter TokenServer to value "license3.uni-paderborn.de"
Warning: Gurobi version mismatch between Python 10.0.1 and C library 10.0.0
Timecheck 9938770.411842464
Timecheck 9938770.412060704
Timecheck 9938770.412093524
Timecheck 9938770.412114674


####################################################################################################
Solve scenario sce_3_26_2 with free vessel operation using the arc flow model
Vessels can omit ports, Demands cannot be rejected
####################################################################################################
Data preprocessing, load /upb/departments/pc2/groups/hpc-prf-winf4/dwetzel/SILSRP/inst_final/sce_3_26_2
and create additional sets and parameters
	|- Read vessel information, number of vessels:	5
	|- Read node information, number of nodes:		292
	|- Read arc information
		|- Number of sailing arcs:			895
		|- Number of transshipment arcs:	428
	|- Read container information
		|- Number of demands:		361
		|- Number of empties (+/-):	97/115
	|- Create additional sets and parameters

Data preprocessing took 	00:00:00.123
####################################################################################################
Create linear model
Set parameter Threads to value 4
	|- Create variables, took	00:00:00.074
	|- Create objective, took	00:00:00.082
	|- Create constraints, took	00:00:00.392
	|- Load CVO start

Creating model took	00:00:00.555
####################################################################################################
Fix start solution

Set parameter TimeLimit to value 8.6399433968760073e+04
Gurobi Optimizer version 10.0.0 build v10.0.0rc2 (linux64)

CPU model: AMD EPYC 7763 64-Core Processor, instruction set [SSE2|AVX|AVX2]
Thread count: 128 physical cores, 128 logical processors, using up to 4 threads

Optimize a model with 10396 rows, 24337 columns and 91040 nonzeros
Model fingerprint: 0x75ffb002
Variable types: 19215 continuous, 5122 integer (5122 binary)
Coefficient statistics:
  Matrix range     [1e+00, 6e+05]
  Objective range  [1e+00, 1e+00]
  Bounds range     [1e+00, 7e+02]
  RHS range        [1e+00, 4e+07]
Presolve removed 9571 rows and 23178 columns
Presolve time: 0.04s
Presolved: 825 rows, 1159 columns, 4171 nonzeros
Variable types: 1159 continuous, 0 integer (0 binary)

Root relaxation: objective 1.204950e+07, 466 iterations, 0.00 seconds (0.00 work units)

    Nodes    |    Current Node    |     Objective Bounds      |     Work
 Expl Unexpl |  Obj  Depth IntInf | Incumbent    BestBd   Gap | It/Node Time

*    0     0               0    1.204950e+07 1.2050e+07  0.00%     -    0s

Explored 1 nodes (466 simplex iterations) in 0.06 seconds (0.05 work units)
Thread count was 4 (of 128 available processors)

Solution count 1: 1.20495e+07 

Optimal solution found (tolerance 1.00e-04)
Best objective 1.204950333333e+07, best bound 1.204950333333e+07, gap 0.0000%

Fixing start solution took	00:00:00.628
####################################################################################################
####################################################################################################
Solve optimization model

Set parameter TimeLimit to value 8.6399371510161087e+04
Gurobi Optimizer version 10.0.0 build v10.0.0rc2 (linux64)

CPU model: AMD EPYC 7763 64-Core Processor, instruction set [SSE2|AVX|AVX2]
Thread count: 128 physical cores, 128 logical processors, using up to 4 threads

Optimize a model with 10105 rows, 24337 columns and 90749 nonzeros
Model fingerprint: 0xe62e55d5
Variable types: 19215 continuous, 5122 integer (5122 binary)
Coefficient statistics:
  Matrix range     [1e+00, 6e+05]
  Objective range  [1e+00, 1e+00]
  Bounds range     [1e+00, 7e+02]
  RHS range        [1e+00, 4e+07]

MIP start from previous solve produced solution with objective 1.20495e+07 (0.04s)
Loaded MIP start from previous solve with objective 1.20495e+07

Presolve removed 2554 rows and 3032 columns
Presolve time: 0.29s
Presolved: 7551 rows, 21305 columns, 67106 nonzeros
Variable types: 17301 continuous, 4004 integer (4004 binary)

Root relaxation: objective 7.313173e+06, 22939 iterations, 3.19 seconds (3.00 work units)

    Nodes    |    Current Node    |     Objective Bounds      |     Work
 Expl Unexpl |  Obj  Depth IntInf | Incumbent    BestBd   Gap | It/Node Time

     0     0 7313173.30    0  970 1.2050e+07 7313173.30  39.3%     -    3s
     0     0 7317379.51    0  989 1.2050e+07 7317379.51  39.3%     -    3s
H    0     0                    1.199909e+07 7317379.51  39.0%     -    3s
H    0     0                    1.199733e+07 7326475.62  38.9%     -    4s
     0     0 7676918.66    0 1123 1.1997e+07 7676918.66  36.0%     -   10s
     0     0 7676918.66    0 1133 1.1997e+07 7676918.66  36.0%     -   10s
     0     0 7676918.66    0 1132 1.1997e+07 7676918.66  36.0%     -   10s
     0     0 7714018.94    0 1141 1.1997e+07 7714018.94  35.7%     -   12s
     0     0 7719512.67    0 1187 1.1997e+07 7719512.67  35.7%     -   13s
     0     0 7719885.54    0 1195 1.1997e+07 7719885.54  35.7%     -   14s
     0     0 7719888.47    0 1189 1.1997e+07 7719888.47  35.7%     -   14s
H    0     0                    1.195009e+07 7843723.10  34.4%     -   27s
H    0     0                    1.175993e+07 7843723.10  33.3%     -   27s
H    0     0                    1.173937e+07 7843723.10  33.2%     -   27s
     0     0 7843723.10    0 1196 1.1739e+07 7843723.10  33.2%     -   27s
     0     0 7877549.25    0 1197 1.1739e+07 7877549.25  32.9%     -   34s
H    0     0                    1.153309e+07 7917009.83  31.4%     -   39s
     0     0 7917009.83    0 1165 1.1533e+07 7917009.83  31.4%     -   39s
H    0     0                    1.143298e+07 7923204.22  30.7%     -   42s
     0     0 7923204.22    0 1177 1.1433e+07 7923204.22  30.7%     -   42s
H    0     0                    1.139016e+07 7924120.24  30.4%     -   43s
     0     0 7924120.24    0 1204 1.1390e+07 7924120.24  30.4%     -   43s
     0     0 7924221.03    0 1215 1.1390e+07 7924221.03  30.4%     -   43s
H    0     0                    1.134375e+07 7998763.51  29.5%     -   57s
     0     0 7998763.51    0 1230 1.1344e+07 7998763.51  29.5%     -   61s
H    0     0                    1.129384e+07 8025621.47  28.9%     -   70s
H    0     0                    1.121238e+07 8025621.47  28.4%     -   70s
H    0     0                    1.116951e+07 8025621.47  28.1%     -   70s
H    0     0                    1.116634e+07 8025621.47  28.1%     -   70s
     0     0 8025621.47    0 1254 1.1166e+07 8025621.47  28.1%     -   77s
H    0     0                    1.111441e+07 8040353.54  27.7%     -   84s
H    0     0                    1.108809e+07 8040353.54  27.5%     -   84s
     0     0 8040353.54    0 1253 1.1088e+07 8040353.54  27.5%     -   84s
H    0     0                    1.103896e+07 8041945.80  27.1%     -   88s
     0     0 8041945.80    0 1282 1.1039e+07 8041945.80  27.1%     -   88s
     0     0 8042563.57    0 1270 1.1039e+07 8042563.57  27.1%     -   91s
     0     0 8042652.83    0 1264 1.1039e+07 8042652.83  27.1%     -   92s
H    0     0                    1.098536e+07 8128274.52  26.0%     -  110s
H    0     0                    1.097590e+07 8128274.52  25.9%     -  110s
H    0     0                    1.095126e+07 8128274.52  25.8%     -  110s
     0     0 8128274.52    0 1219 1.0951e+07 8128274.52  25.8%     -  110s
H    0     0                    1.087366e+07 8155029.50  25.0%     -  123s
H    0     0                    1.086068e+07 8155029.50  24.9%     -  123s
     0     0 8155029.50    0 1263 1.0861e+07 8155029.50  24.9%     -  123s
     0     0 8160017.70    0 1252 1.0861e+07 8160017.70  24.9%     -  128s
     0     0 8160544.45    0 1252 1.0861e+07 8160544.45  24.9%     -  129s
H    0     0                    1.081356e+07 8160755.05  24.5%     -  131s
     0     0 8160755.05    0 1239 1.0814e+07 8160755.05  24.5%     -  131s
H    0     0                    1.081105e+07 8186655.45  24.3%     -  141s
H    0     0                    1.069044e+07 8186655.45  23.4%     -  141s
     0     0 8186655.45    0 1214 1.0690e+07 8186655.45  23.4%     -  141s
     0     0 8197522.01    0 1228 1.0690e+07 8197522.01  23.3%     -  150s
H    0     0                    1.064212e+07 8200851.13  22.9%     -  156s
H    0     0                    1.063588e+07 8200851.13  22.9%     -  156s
     0     0 8200851.13    0 1226 1.0636e+07 8200851.13  22.9%     -  156s
H    0     0                    1.063514e+07 8205218.45  22.8%     -  161s
     0     0 8205218.45    0 1245 1.0635e+07 8205218.45  22.8%     -  161s
     0     0 8207367.12    0 1228 1.0635e+07 8207367.12  22.8%     -  166s
     0     0 8207367.12    0 1207 1.0635e+07 8207367.12  22.8%     -  171s
     0     0 8207894.81    0 1237 1.0635e+07 8207894.81  22.8%     -  173s
     0     0 8208234.55    0 1234 1.0635e+07 8208234.55  22.8%     -  175s
     0     0 8226553.75    0 1256 1.0635e+07 8226553.75  22.6%     -  187s
H    0     0                    1.051757e+07 8237407.78  21.7%     -  199s
     0     0 8237407.78    0 1254 1.0518e+07 8237407.78  21.7%     -  199s
     0     0 8239621.32    0 1278 1.0518e+07 8239621.32  21.7%     -  205s
     0     0 8240653.02    0 1279 1.0518e+07 8240653.02  21.6%     -  207s
     0     0 8241810.58    0 1268 1.0518e+07 8241810.58  21.6%     -  209s
     0     0 8241897.88    0 1264 1.0518e+07 8241897.88  21.6%     -  210s
     0     0 8249018.82    0 1224 1.0518e+07 8249018.82  21.6%     -  217s
     0     0 8252473.51    0 1249 1.0518e+07 8252473.51  21.5%     -  224s
     0     0 8254024.69    0 1244 1.0518e+07 8254024.69  21.5%     -  227s
     0     0 8254787.07    0 1224 1.0518e+07 8254787.07  21.5%     -  229s
     0     0 8254879.63    0 1214 1.0518e+07 8254879.63  21.5%     -  230s
H    0     0                    1.048733e+07 8285059.27  21.0%     -  247s
     0     0 8285059.27    0 1230 1.0487e+07 8285059.27  21.0%     -  247s
H    0     0                    1.047783e+07 8291528.86  20.9%     -  256s
     0     0 8291528.86    0 1251 1.0478e+07 8291528.86  20.9%     -  256s
     0     0 8296125.78    0 1217 1.0478e+07 8296125.78  20.8%     -  263s
H    0     0                    1.044193e+07 8296877.58  20.5%     -  265s
     0     0 8296877.58    0 1227 1.0442e+07 8296877.58  20.5%     -  265s
     0     0 8297197.01    0 1229 1.0442e+07 8297197.01  20.5%     -  268s
H    0     0                    1.037398e+07 8316849.55  19.8%     -  281s
H    0     0                    1.033923e+07 8316849.55  19.6%     -  281s
     0     0 8316849.55    0 1221 1.0339e+07 8316849.55  19.6%     -  281s
     0     0 8321972.80    0 1239 1.0339e+07 8321972.80  19.5%     -  290s
H    0     0                    1.033849e+07 8323634.06  19.5%     -  295s
     0     0 8323634.06    0 1274 1.0338e+07 8323634.06  19.5%     -  295s
     0     0 8324982.64    0 1237 1.0338e+07 8324982.64  19.5%     -  299s
     0     0 8325779.08    0 1238 1.0338e+07 8325779.08  19.5%     -  302s
     0     0 8325779.08    0 1208 1.0338e+07 8325779.08  19.5%     -  308s
     0     0 8326180.51    0 1210 1.0338e+07 8326180.51  19.5%     -  310s
     0     0 8336870.13    0 1206 1.0338e+07 8336870.13  19.4%     -  319s
H    0     0                    1.033763e+07 8341015.64  19.3%     -  324s
     0     0 8341015.64    0 1232 1.0338e+07 8341015.64  19.3%     -  324s
     0     0 8342625.78    0 1230 1.0338e+07 8342625.78  19.3%     -  329s
     0     0 8342974.51    0 1234 1.0338e+07 8342974.51  19.3%     -  331s
     0     0 8342974.51    0 1238 1.0338e+07 8342974.51  19.3%     -  332s
     0     0 8346219.35    0 1151 1.0338e+07 8346219.35  19.3%     -  337s
     0     0 8347378.91    0 1180 1.0338e+07 8347378.91  19.3%     -  342s
     0     0 8347593.42    0 1189 1.0338e+07 8347593.42  19.3%     -  344s
     0     0 8350586.92    0 1191 1.0338e+07 8350586.92  19.2%     -  351s
     0     0 8350586.92    0 1179 1.0338e+07 8350586.92  19.2%     -  351s
     0     2 8350586.92    0 1179 1.0338e+07 8350586.92  19.2%     -  381s
     1     4 8354522.05    1 1212 1.0338e+07 8350635.60  19.2%  6913  388s
     3     8 8364673.69    2 1195 1.0338e+07 8354522.05  19.2%  8183  404s
     7    12 8366626.51    3 1219 1.0338e+07 8364673.69  19.1%  8968  415s
    11    16 8387635.38    3 1176 1.0338e+07 8366635.53  19.1%  9775  424s
    15    20 8366687.26    4 1231 1.0338e+07 8366687.26  19.1%  9308  428s
    19    24 8370514.07    5 1207 1.0338e+07 8366723.89  19.1%  8889  431s
    23    29 8377578.11    5 1099 1.0338e+07 8366851.72  19.1%  8197  435s
    28    33 8372804.01    6 1188 1.0338e+07 8366851.72  19.1%  7447  441s
    38    45 8372804.01    7 1196 1.0338e+07 8366851.72  19.1%  6202  448s
    44    50 8381780.95    9 1181 1.0338e+07 8366851.72  19.1%  5683  460s
    54    59 8402999.05   11 1039 1.0338e+07 8366851.72  19.1%  5613  479s
    58    65 8443832.43   12 1145 1.0338e+07 8366851.72  19.1%  5588  488s
    64    69 8408105.44   12 1181 1.0338e+07 8366851.72  19.1%  5287  500s
    79    85 8434163.54   13 1196 1.0338e+07 8366851.72  19.1%  4882  509s
    84    92 8416292.49   14 1111 1.0338e+07 8366851.72  19.1%  4770  514s
    91    96 8419332.69   16 1107 1.0338e+07 8366851.72  19.1%  4608  524s
    95   100 8498760.67   16 1060 1.0338e+07 8366851.72  19.1%  4662  538s
    99   105 8421190.83   17 1153 1.0338e+07 8366851.72  19.1%  4731  548s
   108   108 8422390.56   18 1180 1.0338e+07 8366851.72  19.1%  4667  559s
   115   112 8425458.57   20 1081 1.0338e+07 8366851.72  19.1%  4675  563s
   119   117 8425898.16   21 1112 1.0338e+07 8366851.72  19.1%  4841  574s
   124   124 8425974.23   23 1111 1.0338e+07 8366851.72  19.1%  4944  582s
   133   131 8431879.69   27 1048 1.0338e+07 8366851.72  19.1%  4840  588s
   140   136 8506568.91   29 1011 1.0338e+07 8366851.72  19.1%  5112  603s
   146   143 8455088.77   30 1044 1.0338e+07 8366851.72  19.1%  5168  615s
   153   152 8457710.74   31 1056 1.0338e+07 8366851.72  19.1%  5273  637s
   168   165 8465533.99   33 1028 1.0338e+07 8366851.72  19.1%  5032  660s
   181   179 8487815.75   37  965 1.0338e+07 8366851.72  19.1%  4940  670s
   201   186 8508364.15   38  970 1.0338e+07 8366851.72  19.1%  4684  683s
   208   195 8509024.67   39  969 1.0338e+07 8366851.72  19.1%  4859  704s
   217   204 8503000.93   42  991 1.0338e+07 8366851.72  19.1%  5035  716s
   226   216 8508198.37   43  964 1.0338e+07 8366851.72  19.1%  5110  724s
   238   227 8535344.85   45  957 1.0338e+07 8366851.72  19.1%  5175  732s
   249   240 8532952.70   48  939 1.0338e+07 8366851.72  19.1%  5247  747s
   264   247 8566189.75   51  948 1.0338e+07 8366851.72  19.1%  5275  764s
   275   270 8615604.10   51  932 1.0338e+07 8366851.72  19.1%  5240  783s
   300   282 8585416.89   54  955 1.0338e+07 8366851.72  19.1%  5003  800s
   316   296 8578053.10   57  977 1.0338e+07 8366851.72  19.1%  4895  817s
   332   322 8583279.16   60  975 1.0338e+07 8366851.72  19.1%  4917  836s
   360   344 8585032.07   65  954 1.0338e+07 8366851.72  19.1%  4719  857s
   384   367 8586537.97   69  936 1.0338e+07 8366851.72  19.1%  4610  876s
   423   386 8645768.49   76  908 1.0338e+07 8366851.72  19.1%  4356  901s
H  450   411                    1.030991e+07 8366851.72  18.8%  4248  926s
H  483   430                    1.022797e+07 8366851.72  18.2%  4090  952s
H  494   430                    1.017648e+07 8366851.72  17.8%  4127  952s
   502   447 8735227.83  100  880 1.0176e+07 8366851.72  17.8%  4205  975s
   529   477 8744123.09  101  916 1.0176e+07 8366851.72  17.8%  4111 1002s
   567   491 infeasible  107      1.0176e+07 8377578.11  17.7%  3985 1021s
H  572   491                    1.016649e+07 8377578.11  17.6%  4000 1021s
   601   500 8501316.86    6 1097 1.0166e+07 8377578.11  17.6%  3985 1045s
H  605   500                    1.015466e+07 8377578.11  17.5%  4043 1045s
   610   529 8786991.58    9 1031 1.0155e+07 8377578.11  17.5%  4087 1067s
   649   535 9319348.57   15  942 1.0155e+07 8384147.29  17.4%  4016 1105s
H  677   578                    1.015067e+07 8384147.29  17.4%  3948 1419s
   691   578 8552091.05    9 1101 1.0151e+07 8384147.29  17.4%  3930 1420s
H  718   578                    1.013127e+07 8384147.29  17.2%  3884 1420s
   726   620 8439540.72   27  991 1.0131e+07 8384147.29  17.2%  3898 1455s
H  763   620                    1.009675e+07 8384147.29  17.0%  3822 1455s
   778   682 8622216.80   34  971 1.0097e+07 8384147.29  17.0%  3832 1508s
H  789   682                    1.006021e+07 8384147.29  16.7%  3797 1508s
   850   727 infeasible   51      1.0060e+07 8384147.29  16.7%  3684 1584s
   907   756 8881395.53   49  957 1.0060e+07 8386694.85  16.6%  3614 1610s
   959   796 8451581.79    8 1127 1.0060e+07 8386694.85  16.6%  3546 1643s
  1003   851 8595069.71   19 1118 1.0060e+07 8386694.85  16.6%  3531 1716s
  1069   852 8697867.16   23 1179 1.0060e+07 8386694.85  16.6%  3445 1785s
  1071   853 8542558.22    8  959 1.0060e+07 8386694.85  16.6%  3439 1793s
  1072   854 8395078.38   12 1151 1.0060e+07 8386694.85  16.6%  3436 1808s
  1073   855 8728180.17   35 1178 1.0060e+07 8386694.85  16.6%  3432 1823s
  1074   855 8585416.89   55 1157 1.0060e+07 8386694.85  16.6%  3429 1840s
  1075   856 8532762.30   14 1178 1.0060e+07 8386694.85  16.6%  3426 1857s
  1076   857 8576714.70   15 1162 1.0060e+07 8386694.85  16.6%  3423 1879s
  1077   857 8647010.20   26 1181 1.0060e+07 8386694.85  16.6%  3420 1890s
  1078   858 8514937.49   42 1163 1.0060e+07 8386694.85  16.6%  3416 1902s
  1079   859 9945813.25  230 1202 1.0060e+07 8386694.85  16.6%  3413 1909s
  1080   859 8612049.02   16 1191 1.0060e+07 8386694.85  16.6%  3410 1921s
  1081   860 8535348.45   46 1214 1.0060e+07 8386694.85  16.6%  3407 1936s
  1082   861 8446313.92    8 1173 1.0060e+07 8386694.85  16.6%  3404 1942s
  1083   861 8419497.92   25 1162 1.0060e+07 8386694.85  16.6%  3401 1948s
  1084   862 8570619.25   55 1216 1.0060e+07 8386694.85  16.6%  3398 1952s
  1086   863 8598951.86    9 1111 1.0060e+07 8386694.85  16.6%  3391 1956s
  1088   865 8547295.64   41 1163 1.0060e+07 8386694.85  16.6%  3385 1973s
  1089   865 8711357.04   24 1170 1.0060e+07 8386694.85  16.6%  3382 1980s
  1091   867 9495445.76  108 1136 1.0060e+07 8386694.85  16.6%  3376 1987s
  1093   868 9769457.16  217 1166 1.0060e+07 8386694.85  16.6%  3370 1991s
  1094   869 9559700.14  183 1123 1.0060e+07 8386694.85  16.6%  3366 2000s
  1095   869 8417018.25   18 1142 1.0060e+07 8386694.85  16.6%  3363 2008s
  1096   870 8508738.44    6 1118 1.0060e+07 8386694.85  16.6%  3360 2010s
  1097   871 8584853.89   63 1108 1.0060e+07 8386694.85  16.6%  3357 2019s
  1098   871 9415663.67   85 1122 1.0060e+07 8386694.85  16.6%  3354 2020s
  1099   872 8659002.82   19 1140 1.0060e+07 8386694.85  16.6%  3351 2030s
  1100   873 8429550.89   15 1138 1.0060e+07 8386694.85  16.6%  3348 2035s
  1101   873 8540543.02   19 1118 1.0060e+07 8386694.85  16.6%  3345 2046s
  1103   875 9791807.05  223 1142 1.0060e+07 8386739.85  16.6%  3339 2054s
  1104   875 8808014.09   70 1124 1.0060e+07 8387541.53  16.6%  3336 2058s
  1105   876 9503226.11  147 1146 1.0060e+07 8387738.76  16.6%  3333 2060s
  1107   877 8582103.16   19 1123 1.0060e+07 8388198.26  16.6%  3327 2067s
  1108   878 8756403.35   57 1118 1.0060e+07 8388453.72  16.6%  3324 2070s
  1110   879 8409699.41    7 1146 1.0060e+07 8389101.23  16.6%  3318 2078s
  1111   880 8574979.14   19 1151 1.0060e+07 8389272.97  16.6%  3315 2080s
  1113   881 8433187.63   21 1098 1.0060e+07 8389729.75  16.6%  3309 2086s
  1115   883 8645284.91   73 1123 1.0060e+07 8389804.61  16.6%  3303 2093s
  1116   883 8573102.69   14 1123 1.0060e+07 8389804.61  16.6%  3300 2106s
  1117   887 8404119.45   11 1144 1.0060e+07 8389807.87  16.6%  3659 2119s
  1119   890 8405404.85   12 1167 1.0060e+07 8396724.16  16.5%  3658 2133s
  1123   893 8406708.64   13 1183 1.0060e+07 8398746.00  16.5%  3662 2138s
  1127   896 8406880.31   13 1154 1.0060e+07 8398746.00  16.5%  3663 2156s
  1135   901 8430763.45   14 1157 1.0060e+07 8406880.31  16.4%  3701 2163s
  1139   904 8414240.16   15 1178 1.0060e+07 8406880.31  16.4%  3708 2175s
  1148   911 8419083.12   16 1126 1.0060e+07 8406880.31  16.4%  3742 2184s
  1153   913 8442766.55   16 1130 1.0060e+07 8406880.31  16.4%  3743 2189s
  1157   917 8442766.55   17 1163 1.0060e+07 8406880.31  16.4%  3752 2196s
  1162   921 8442766.55   18 1163 1.0060e+07 8406880.31  16.4%  3763 2209s
  1168   926 8452983.03   19 1144 1.0060e+07 8406880.31  16.4%  3789 2213s
  1175   931 8493927.78   20 1136 1.0060e+07 8406880.31  16.4%  3784 2226s
  1182   938 8452983.03   20 1147 1.0060e+07 8406880.31  16.4%  3788 2231s
  1192   941 8469380.70   22 1131 1.0060e+07 8406880.31  16.4%  3784 2246s
  1198   947 8467965.08   22 1155 1.0060e+07 8406880.31  16.4%  3799 2250s
  1206   951 8471562.05   23 1163 1.0060e+07 8406880.31  16.4%  3792 2256s
  1213   956 8467965.08   24 1163 1.0060e+07 8406880.31  16.4%  3790 2261s
  1220   960 8512460.26   25 1091 1.0060e+07 8406880.31  16.4%  3796 2281s
  1226   969 8467965.08   25 1174 1.0060e+07 8406880.31  16.4%  3828 2286s
  1237   976 8467965.08   27 1148 1.0060e+07 8406880.31  16.4%  3816 2292s
  1248   986 8478256.11   28 1147 1.0060e+07 8406880.31  16.4%  3806 2299s
  1262   988 8570100.44   29 1101 1.0060e+07 8406880.31  16.4%  3803 2316s
  1268   994 8473182.59   30 1140 1.0060e+07 8406880.31  16.4%  3825 2322s
  1276  1006 8473182.93   31 1153 1.0060e+07 8406880.31  16.4%  3823 2330s
  1291  1017 8473182.93   32 1142 1.0060e+07 8406880.31  16.4%  3804 2338s
  1307  1026 8473850.73   34 1144 1.0060e+07 8406880.31  16.4%  3787 2344s
  1323  1031 8484766.98   35 1105 1.0060e+07 8406880.31  16.4%  3771 2362s
  1336  1041 8486085.64   37 1151 1.0060e+07 8406880.31  16.4%  3771 2370s
  1352  1048 8487952.50   39 1120 1.0060e+07 8406880.31  16.4%  3757 2380s
  1364  1057 8491913.18   41 1151 1.0060e+07 8406880.31  16.4%  3761 2388s
  1380  1062 8496587.90   42 1111 1.0060e+07 8406880.31  16.4%  3752 2405s
  1397  1074 8497683.06   44 1131 1.0060e+07 8406880.31  16.4%  3741 2422s
  1414  1085 8498529.02   46 1123 1.0060e+07 8406880.31  16.4%  3737 2438s
  1433  1097 8499159.76   48 1110 1.0060e+07 8406880.31  16.4%  3722 2454s
H 1440  1049                    1.001727e+07 8406880.31  16.1%  3717 2454s
H 1450  1003                    9992434.0000 8406880.31  15.9%  3710 2454s
  1451  1024 8503344.15   50 1119 9992434.00 8406880.31  15.9%  3711 2471s
  1472  1038 8503355.22   52 1115 9992434.00 8406880.31  15.9%  3695 2491s
  1493  1053 8504015.72   54 1109 9992434.00 8406880.31  15.9%  3683 2510s
  1515  1061 8504015.72   55 1108 9992434.00 8406880.31  15.9%  3669 2531s
H 1528  1016                    9988703.0000 8406880.31  15.8%  3661 2531s
  1537  1043 8504917.90   58 1098 9988703.00 8406880.31  15.8%  3651 2551s
H 1567  1033                    9961041.0000 8406880.31  15.6%  3623 2573s
  1607  1060 8584610.96   63 1057 9961041.00 8406880.31  15.6%  3568 2595s
H 1621  1018                    9924616.5000 8406880.31  15.3%  3557 2596s
  1647  1032 8660860.00   65 1051 9924616.50 8406880.31  15.3%  3509 2648s
H 1656   992                    9597159.5000 8406880.31  12.4%  3501 2648s
  1672  1010 8514128.81   68 1040 9597159.50 8406880.31  12.4%  3486 2675s
  1701  1026 8514654.23   71 1029 9597159.50 8406880.31  12.4%  3477 2701s
  1729  1050 8515325.89   74 1030 9597159.50 8406880.31  12.4%  3467 2726s
  1764  1066 8520533.61   77 1039 9597159.50 8406880.31  12.4%  3444 2752s
  1798  1083 8521777.02   81 1040 9597159.50 8406880.31  12.4%  3427 2779s
  1834  1093 8530551.29   85 1016 9597159.50 8406880.31  12.4%  3410 2810s
  1864  1108 8622981.10   89 1023 9597159.50 8406880.31  12.4%  3406 2840s
  1903  1101 8810840.54   92  986 9597159.50 8406880.31  12.4%  3389 2944s
  1917  1110 8758662.19   95  949 9597159.50 8406880.31  12.4%  3402 2962s
  1935  1140 8870776.21   96  930 9597159.50 8406880.31  12.4%  3421 2980s
  1975  1160 8759163.26  100  966 9597159.50 8406880.31  12.4%  3406 2999s
  2012  1190 8900770.28  105  937 9597159.50 8406880.31  12.4%  3401 3017s
  2058  1217 8908460.41  110  901 9597159.50 8406880.31  12.4%  3381 3037s
  2103  1247 8920373.15  116  857 9597159.50 8406880.31  12.4%  3368 3084s
  2154  1254 8981322.87  123  842 9597159.50 8406880.31  12.4%  3364 3112s
  2180  1309 8981322.87  125  827 9597159.50 8406880.31  12.4%  3419 3147s
  2245  1356 8981327.70  130  845 9597159.50 8406880.31  12.4%  3385 3390s
  2320  1392 8981327.70  133  851 9597159.50 8406880.31  12.4%  3321 3442s
  2387  1474 8981614.13  139  828 9597159.50 8406880.31  12.4%  3298 3473s
  2494  1533 8981646.85  145  831 9597159.50 8406880.31  12.4%  3220 3525s
  2597  1539 8981649.39  152  819 9597159.50 8406880.31  12.4%  3163 3577s
H 2609  1501                    9596367.0000 8406880.31  12.4%  3164 3577s
  2639  1615 8981663.18  158  821 9596367.00 8406880.31  12.4%  3158 3633s
  2771  1702 8982140.15  166  824 9596367.00 8406880.31  12.4%  3083 3687s
  2906  1781 8982184.21  174  831 9596367.00 8406880.31  12.4%  3016 3741s
  3032  1904 8984455.72  183  831 9596367.00 8406880.31  12.4%  2967 3808s
  3172  2068 8988827.84  193  824 9596367.00 8406880.31  12.4%  2912 3871s
  3341  2185 8989000.91  202  806 9596367.00 8406880.31  12.4%  2838 3938s
  3493  2260 8989501.39  212  799 9596367.00 8406880.31  12.4%  2791 3984s
  3526  2260 9229613.31  212  500 9596367.00 8406880.31  12.4%  2813 3985s
  3570  2354 8989707.31  220  789 9596367.00 8406880.31  12.4%  2830 4051s
  3664  2439 8989991.69  231  805 9596367.00 8406880.31  12.4%  2827 4122s
  3769  2524 8998360.01  242  763 9596367.00 8406880.31  12.4%  2819 4194s
  3863  2609 9001871.95  252  748 9596367.00 8406880.31  12.4%  2823 4236s
  3971  2695 9002249.08  263  743 9596367.00 8406880.31  12.4%  2877 4280s
  4106  2810 9139902.69  273  727 9596367.00 8406880.31  12.4%  2891 4346s
  4268  2906 9009844.50  285  770 9596367.00 8406880.31  12.4%  2864 4396s
  4392  2989 9021832.98  299  754 9596367.00 8406880.31  12.4%  2880 4491s
  4511  3086 9022326.16  313  766 9596367.00 8406880.31  12.4%  2891 4605s
  4629  3218 9031252.45  327  711 9596367.00 8406880.31  12.4%  2926 4692s
  4767  3334 9036061.53  342  687 9596367.00 8406880.31  12.4%  2917 4802s
  4909  3412 9042573.70  360  637 9596367.00 8406880.31  12.4%  2906 4900s
  4991  3552 9049525.08  377  624 9596367.00 8406880.31  12.4%  2926 5018s
  5139  3729 9068808.95  401  578 9596367.00 8406880.31  12.4%  2900 5115s
  5340  3896 9108990.32  437  398 9596367.00 8406880.31  12.4%  2873 5180s
  5515  4237 9305957.09  467  329 9596367.00 8421343.74  12.2%  2932 5273s
  5954  4300 8573959.65   21 1071 9596367.00 8422640.09  12.2%  2818 5494s
  6042  4387 9073100.47   44  962 9596367.00 8424076.79  12.2%  2832 5579s
  6149  4515 8801862.40   16 1025 9596367.00 8424455.43  12.2%  2854 5728s
  6279  4687 8506601.55   28 1038 9596367.00 8424455.43  12.2%  2882 5891s
  6473  4891 8526907.10   47  846 9596367.00 8424455.43  12.2%  2868 6027s
  6680  5182 8529461.98   64  848 9596367.00 8424455.43  12.2%  2903 6170s
  7056  5359 8560901.40   84  789 9596367.00 8424455.43  12.2%  2842 6257s
  7235  5645 8586165.20  102  794 9596367.00 8424455.43  12.2%  2863 6350s
  7525  5880 8740124.88  125  711 9596367.00 8424455.43  12.2%  2826 6443s
  7762  6136 8941939.33  154  599 9596367.00 8424455.43  12.2%  2801 6535s
  8031  6242 9313558.82  198  454 9596367.00 8424455.43  12.2%  2790 6801s
  8139  6513 9378529.92  198  408 9596367.00 8424689.65  12.2%  2775 6908s
  8504  6702 8441554.77   18 1069 9596367.00 8424689.65  12.2%  2751 7064s
  8729  6831 9533636.15  129  587 9596367.00 8431984.71  12.1%  2790 7220s
  8930  7002 8608739.44   28  926 9596367.00 8431984.71  12.1%  2811 7384s
  8980  7002 9188398.19   35  831 9596367.00 8431984.71  12.1%  2820 7385s
  9160  7227 8742892.02   78  867 9596367.00 8437503.25  12.1%  2833 7591s
  9425  7490 8476860.35   19 1067 9596367.00 8437585.85  12.1%  2840 7735s
  9704  7714 9168135.95  101  932 9596367.00 8440287.68  12.0%  2840 7928s
 10006  7957 9325405.99   56  781 9596367.00 8441979.50  12.0%  2854 8071s
 10301  8237 8496499.10   42  970 9596367.00 8441979.50  12.0%  2873 8351s
 10620  8676 8989251.58   70  791 9596367.00 8441979.50  12.0%  2866 8695s
 11124  8957 9483715.28  177  350 9596367.00 8444799.85  12.0%  2851 9018s
 11499  9114 8550324.25   19 1071 9596367.00 8446173.93  12.0%  2874 9363s
 11836  9355 8615536.77   22 1041 9596367.00 8446614.77  12.0%  2892 9546s
 12124  9618 8777729.48   65  815 9596367.00 8446614.77  12.0%  2929 9740s
H12211  8806                    9503081.0000 8446614.77  11.1%  2936 9740s
 12403  9191 8850939.48  108  783 9503081.00 8446614.77  11.1%  2956 9963s
 12824  9498 9234254.78  170  503 9503081.00 8446692.41  11.1%  2973 10181s
 13204  9822 8521149.68   22 1051 9503081.00 8446692.41  11.1%  3002 10384s
H13626  9690                    9427288.0000 8446692.41  10.4%  3050 10606s
 14220  9890 8539932.80   24 1028 9427288.00 8449345.68  10.4%  3022 10819s
 14305  9890 8943934.10   42  987 9427288.00 8450075.54  10.4%  3029 10820s
 14562 10187 9242802.44   38  655 9427288.00 8450204.62  10.4%  3042 11042s
H14886  9991                    9377146.0000 8450204.62  9.89%  3055 11453s
H15151  9991                    9377145.9979 8450716.89  9.88%  3057 11453s
 15237 10259 8639178.40   28 1036 9377146.00 8450986.89  9.88%  3063 11660s
 15626 10527 9360363.20   74  764 9377146.00 8454391.21  9.84%  3071 12047s
 16069 10840 8637787.19   67  987 9377146.00 8455437.06  9.83%  3077 12353s
H16428 11028                    9365465.0000 8456640.20  9.70%  3098 12553s
 16788 11283 9146323.93   61  808 9365465.00 8456878.27  9.70%  3106 12866s
 17145 11579 infeasible   43      9365465.00 8457712.12  9.69%  3110 13148s
 17514 11889 infeasible   38      9365465.00 8459434.34  9.67%  3120 13471s
 17886 12104 8868162.99   51  871 9365465.00 8460155.41  9.67%  3130 13726s
 18229 12373 8915433.75   55 1019 9365465.00 8462114.29  9.65%  3152 13965s
 18594 12682 8666062.13   28 1037 9365465.00 8463298.36  9.63%  3173 14208s
 18994 12892 8556359.65   21  944 9365465.00 8465600.19  9.61%  3183 14610s
 19294 13165 infeasible   46      9365465.00 8466258.56  9.60%  3202 14959s
H19651 12952                    9349320.0000 8466791.40  9.44%  3210 14959s
 19666 13245 8935974.70   51  976 9349320.00 8466824.99  9.44%  3211 15186s
 20060 13565 infeasible   74      9349320.00 8467653.65  9.43%  3220 15479s
 20422 14016 8804138.35   74  818 9349320.00 8467963.53  9.43%  3232 15881s
 20938 14017 8471349.64   18 1179 9349320.00 8467963.53  9.43%  3217 17431s
 20940 14018 8675929.65   99  937 9349320.00 8467963.53  9.43%  3217 17438s
 20941 14019 8573626.34   26 1117 9349320.00 8467963.53  9.43%  3217 17450s
 20942 14020 8617447.69   42 1217 9349320.00 8467963.53  9.43%  3217 17473s
 20943 14020 8890049.80  182 1147 9349320.00 8467963.53  9.43%  3217 17494s
 20944 14021 8630860.20   66 1239 9349320.00 8467963.53  9.43%  3217 17516s
 20945 14022 8736916.36   34 1195 9349320.00 8467963.53  9.43%  3216 17532s
 20946 14022 8934127.72   34 1152 9349320.00 8467963.53  9.43%  3216 17546s
 20947 14023 8868351.69   54 1155 9349320.00 8467963.53  9.43%  3216 17557s
 20948 14024 9306742.29   76 1153 9349320.00 8467963.53  9.43%  3216 17565s
 20949 14024 8593857.91   29 1077 9349320.00 8467963.53  9.43%  3216 17572s
 20950 14025 9319702.05  125 1167 9349320.00 8467963.53  9.43%  3216 17577s
 20951 14026 9232084.74  116 1069 9349320.00 8467963.53  9.43%  3215 17583s
 20952 14026 9217230.34   41 1100 9349320.00 8467963.53  9.43%  3215 17586s
 20954 14028 8848725.01   53 1102 9349320.00 8467963.53  9.43%  3215 17591s
 20956 14029 8851078.79   59 1116 9349320.00 8467963.53  9.43%  3215 17596s
 20957 14030 9167168.86  414 1089 9349320.00 8467963.53  9.43%  3215 17621s
 20958 14030 9043707.46  227 1099 9349320.00 8467963.53  9.43%  3214 17634s
 20959 14031 9170646.59   31 1095 9349320.00 8467963.53  9.43%  3214 17648s
 20960 14032 8567506.94   27 1045 9349320.00 8467963.53  9.43%  3214 17659s
 20961 14032 9319995.08  154 1020 9349320.00 8467963.53  9.43%  3214 17692s
 20962 14033 9208754.34  141 1002 9349320.00 8467963.53  9.43%  3214 17705s
 20963 14034 8592121.59   65 1043 9349320.00 8467963.53  9.43%  3214 17732s
 20964 14034 9341686.36  173 1069 9349320.00 8467963.53  9.43%  3213 17744s
 20965 14035 8972976.80  156 1061 9349320.00 8467963.53  9.43%  3213 17770s
 20966 14036 8554858.43   26 1038 9349320.00 8467963.53  9.43%  3213 17783s
 20967 14036 9249854.45   59 1085 9349320.00 8467963.53  9.43%  3213 17810s
 20968 14037 8655483.27   37 1060 9349320.00 8467963.53  9.43%  3213 17822s
 20969 14038 9234024.00  341 1072 9349320.00 8467963.53  9.43%  3213 17847s
 20970 14038 9063275.10  386 1080 9349320.00 8467963.53  9.43%  3213 17861s
 20971 14039 9227358.42  110 1077 9349320.00 8467963.53  9.43%  3212 17883s
 20972 14040 8902660.37   51 1063 9349320.00 8467963.53  9.43%  3212 17895s
 20973 14040 9260316.72   84 1065 9349320.00 8467963.53  9.43%  3212 17919s
 20974 14041 9061655.88  141 1103 9349320.00 8467963.53  9.43%  3212 17929s
 20975 14042 8779287.93   33 1078 9349320.00 8467963.53  9.43%  3212 17953s
 20976 14042 9059461.16  409 1091 9349320.00 8467963.53  9.43%  3212 17965s
H20976 13339                    9316213.0000 8467963.53  9.11%  3212 17989s
 20978 13341 9237179.08  212 1092 9316213.00 8467963.53  9.11%  3211 18002s
 20979 13341 8738607.00   40 1053 9316213.00 8467963.53  9.11%  3211 18027s
 20981 13343 9287982.63   47 1079 9316213.00 8467963.53  9.11%  3211 18042s
H20981 12675                    9309968.0000 8467963.53  9.04%  3211 18066s
 20983 12676 9263081.99   69 1078 9309968.00 8467963.53  9.04%  3211 18078s
 20984 12677 9264499.87  192 1096 9309968.00 8467963.53  9.04%  3210 18102s
 20985 12677 8936292.31   64 1076 9309968.00 8467963.53  9.04%  3210 18112s
 20986 12678 8757170.52   26 1081 9309968.00 8467963.53  9.04%  3210 18133s
 20987 12679 8775717.91   34 1086 9309968.00 8467963.53  9.04%  3210 18144s
 20988 12679 9091042.46  141 1086 9309968.00 8467963.53  9.04%  3210 18168s
 20989 12680 9246770.62  105 1095 9309968.00 8467963.53  9.04%  3210 18183s
 20990 12681 9220394.41  107 1080 9309968.00 8467963.53  9.04%  3210 18207s
 20991 12681 8724724.23   29 1102 9309968.00 8467963.53  9.04%  3209 18219s
 20992 12682 9012855.79   55 1079 9309968.00 8467963.53  9.04%  3209 18233s
 20994 12683 8540474.47   27 1077 9309968.00 8467963.53  9.04%  3209 18245s
 20995 12684 8761361.36  112 1091 9309968.00 8467963.53  9.04%  3209 18258s
 20996 12685 9055216.05  421 1090 9309968.00 8467963.53  9.04%  3209 18270s
 20997 12685 8665432.32   42 1113 9309968.00 8467963.53  9.04%  3208 18284s
 20998 12686 8956433.95   51 1134 9309968.00 8467963.53  9.04%  3208 18296s
 20999 12687 8641324.54   28 1085 9309968.00 8467963.53  9.04%  3208 18308s
 21000 12687 8624291.16   81 1092 9309968.00 8467963.53  9.04%  3208 18319s
 21001 12688 9254542.37  169 1130 9309968.00 8467963.53  9.04%  3208 18331s
 21002 12689 9000503.76  198 1108 9309968.00 8467963.53  9.04%  3208 18344s
 21003 12689 8470999.27   36 1153 9309968.00 8467963.53  9.04%  3208 18356s
 21004 12690 8889853.17  179 1146 9309968.00 8467963.53  9.04%  3207 18367s
 21005 12691 9277172.74   68 1138 9309968.00 8467963.53  9.04%  3207 18378s
 21006 12691 8602794.42   28 1129 9309968.00 8467963.53  9.04%  3207 18391s
 21007 12692 9140332.47  164 1087 9309968.00 8467963.53  9.04%  3207 18405s
 21008 12693 8603837.61   28 1100 9309968.00 8467963.53  9.04%  3207 18416s
 21009 12693 8503276.31   18 1104 9309968.00 8467963.53  9.04%  3207 18427s
 21010 12694 9203181.17   59 1091 9309968.00 8467963.53  9.04%  3206 18438s
 21011 12695 9066592.77  339 1085 9309968.00 8467963.53  9.04%  3206 18450s
 21012 12695 8927690.11   61 1078 9309968.00 8467963.53  9.04%  3206 18462s
 21013 12696 9171272.52  242 1097 9309968.00 8467963.53  9.04%  3206 18473s
 21014 12697 9239523.83  122 1106 9309968.00 8467963.53  9.04%  3206 18484s
 21015 12697 8596471.74   38 1086 9309968.00 8467963.53  9.04%  3206 18495s
 21016 12698 8609078.64   23 1107 9309968.00 8467963.53  9.04%  3206 18506s
 21017 12699 8859148.06   31 1094 9309968.00 8467963.53  9.04%  3205 18517s
 21018 12699 8960436.54  102 1094 9309968.00 8467963.53  9.04%  3205 18533s
 21019 12700 9028516.84   87 1094 9309968.00 8467963.53  9.04%  3205 18537s
 21020 12704 8467963.53   25 1086 9309968.00 8467963.53  9.04%  3222 18552s
 21022 12707 8467963.53   26 1076 9309968.00 8467963.53  9.04%  3222 18565s
 21026 12710 8467963.53   27 1099 9309968.00 8467963.53  9.04%  3223 18577s
 21030 12712 8467963.53   27 1091 9309968.00 8467963.53  9.04%  3224 18588s
 21034 12715 8467963.53   28 1105 9309968.00 8467963.53  9.04%  3225 18604s
 21038 12718 8478828.90   28 1100 9309968.00 8467963.53  9.04%  3226 18613s
 21042 12720 8506591.10   29 1107 9309968.00 8467963.53  9.04%  3226 18628s
 21046 12723 8485338.71   29 1072 9309968.00 8467963.53  9.04%  3227 18650s
 21050 12727 8508062.24   30 1064 9309968.00 8467963.53  9.04%  3229 18667s
 21055 12732 8515212.16   30 1048 9309968.00 8467963.53  9.04%  3230 18677s
 21062 12734 8529627.31   31 1086 9309968.00 8467963.53  9.04%  3231 18683s
 21066 12736 8540862.31   31 1056 9309968.00 8467963.53  9.04%  3232 18691s
 21070 12741 8529627.31   32 1091 9309968.00 8467963.53  9.04%  3232 18703s
 21076 12746 8536875.65   33 1023 9309968.00 8467963.53  9.04%  3232 18717s
H21080 12109                    9305453.0000 8467963.53  9.00%  3233 18717s
 21083 12115 8540579.00   34 1053 9305453.00 8467963.53  9.00%  3233 18728s
 21090 12119 8547396.34   35 1017 9305453.00 8467963.53  9.00%  3234 18756s
 21097 12127 8540579.00   35 1050 9305453.00 8467963.53  9.00%  3236 18767s
 21107 12129 8550505.16   37 1020 9305453.00 8467963.53  9.00%  3236 18785s
H21108 11523                    9298954.0000 8467963.53  8.94%  3236 18785s
H21112 10959                    9279799.0000 8467963.53  8.75%  3238 18800s
H21120 10410                    9228400.0000 8467963.53  8.24%  3239 18800s
 21123 10419 8568189.77   39  980 9228400.00 8467963.53  8.24%  3239 18810s
 21133 10428 8569384.80   41  950 9228400.00 8467963.53  8.24%  3239 18821s
 21145 10437 8663855.89   42  922 9228400.00 8467963.53  8.24%  3239 18833s
 21158 10440 8596672.90   43  969 9228400.00 8467963.53  8.24%  3238 18845s
 21166 10448 8601274.72   45  950 9228400.00 8467963.53  8.24%  3239 18858s
 21177 10456 8601274.72   46  961 9228400.00 8467963.53  8.24%  3239 18886s
 21189 10461 8718463.15   48  934 9228400.00 8467963.53  8.24%  3239 18904s
 21200 10470 8728943.61   49  965 9228400.00 8467963.53  8.24%  3240 18918s
 21214 10479 8749807.69   51  916 9228400.00 8467963.53  8.24%  3240 18932s
 21228 10490 8878933.70   53  859 9228400.00 8467963.53  8.24%  3240 18952s
 21244 10496 8770945.35   55  924 9228400.00 8467963.53  8.24%  3240 18973s
 21255 10507 8783024.67   56  905 9228400.00 8467963.53  8.24%  3240 18993s
 21271 10520 8811885.84   58  887 9228400.00 8467963.53  8.24%  3240 19016s
 21291 10530 8818118.43   61  891 9228400.00 8467963.53  8.24%  3240 19037s
 21310 10539 8936910.36   63  858 9228400.00 8467963.53  8.24%  3239 19062s
 21328 10547 8967638.57   66  871 9228400.00 8467963.53  8.24%  3239 19083s
 21342 10558 8993173.67   67  876 9228400.00 8467963.53  8.24%  3240 19124s
 21362 10564 9046439.20   69  818 9228400.00 8467963.53  8.24%  3240 19150s
 21376 10570 9039017.18   70  787 9228400.00 8467963.53  8.24%  3242 19209s
 21389 10588 9039022.04   71  782 9228400.00 8467963.53  8.24%  3245 19240s
 21413 10601 infeasible   73      9228400.00 8467963.53  8.24%  3245 19268s
 21440 10603 8468214.62   29 1033 9228400.00 8467963.53  8.24%  3245 19306s
 21454 10619 8481475.20   30 1087 9228400.00 8467963.53  8.24%  3251 19344s
H21462 10098                    9219415.0000 8467963.53  8.15%  3252 19344s
 21475 10116 8482924.94   32 1044 9219415.00 8467963.53  8.15%  3253 19375s
H21477  9621                    9155165.0000 8467963.53  7.51%  3253 19376s
 21501  9635 8519373.52   41 1028 9155165.00 8467963.53  7.51%  3254 19439s
H21510  9165                    9120647.0000 8467963.53  7.16%  3253 19439s
H21527  8731                    9102806.0000 8467963.53  6.97%  3253 19535s
H21546  8296                    9044292.0000 8467963.53  6.37%  3252 19535s
 21547  8322 8526678.76   51  990 9044292.00 8467963.53  6.37%  3252 19578s
 21587  8338 8541696.48   56  972 9044292.00 8467963.53  6.37%  3251 19622s
 21631  8334 8571530.18   61  977 9044292.00 8467963.53  6.37%  3250 19808s
H21637  7914                    8982709.0000 8467963.53  5.73%  3251 19808s
 21644  7939 8624237.44   63  937 8982709.00 8467963.53  5.73%  3253 19830s
 21678  7970 8716163.04   66  948 8982709.00 8467963.53  5.73%  3256 19861s
 21723  8004 8816500.95   70  931 8982709.00 8467963.53  5.73%  3259 19883s
 21779  8019 8750710.91   75  905 8982709.00 8467963.53  5.73%  3261 19916s
 21835  8027 8769680.62   78  894 8982709.00 8467963.53  5.73%  3266 19960s
 21888  8037 8745666.45   78  950 8982709.00 8467963.53  5.73%  3268 20000s
 21948  8053 8756951.82   85  925 8982709.00 8467963.53  5.73%  3270 20046s
 21986  8088 8764710.00   91  939 8982709.00 8467963.53  5.73%  3274 20097s
 22033  8115 8855771.42   99  855 8982709.00 8467963.53  5.73%  3275 20153s
 22077  8128 8820914.81  102  848 8982709.00 8467963.53  5.73%  3277 20198s
 22136  8121 8880999.50  109  795 8982709.00 8467963.53  5.73%  3277 20259s
 22156  8128 8885035.36  111  808 8982709.00 8467963.53  5.73%  3284 20337s
 22209  8129     cutoff  117      8982709.00 8467963.53  5.73%  3286 20413s
 22236  8140 8934629.76  127  804 8982709.00 8467963.53  5.73%  3296 20459s
 22299  8148 8479084.05   32 1023 8982709.00 8467963.53  5.73%  3299 20570s
 22340  8173 8558038.71   41  907 8982709.00 8467963.53  5.73%  3308 20612s
 22378  8196 8856955.06   51  811 8982709.00 8467963.53  5.73%  3316 20703s
 22443  8188 8555415.39   29 1011 8982709.00 8467963.53  5.73%  3320 20768s
 22465  8240 8579991.73   31  990 8982709.00 8467963.53  5.73%  3332 20851s
 22530  8248 8781648.15   51  847 8982709.00 8467963.53  5.73%  3336 20932s
 22594  8282 8489275.82   31  972 8982709.00 8467963.53  5.73%  3340 21019s
 22649  8323 8669530.42   50  899 8982709.00 8467963.53  5.73%  3347 21091s
 22719  8352 8731668.07   78  785 8982709.00 8467963.53  5.73%  3348 21221s
 22797  8382 8785174.65  119  719 8982709.00 8467963.53  5.73%  3356 21293s
 22853  8428 8873587.41  158  652 8982709.00 8467963.53  5.73%  3367 21398s
 22945  8436 8527920.61   35 1069 8982709.00 8467963.53  5.73%  3371 21470s
 22995  8478 8621010.75   47  948 8982709.00 8467963.53  5.73%  3383 21576s
 23079  8487 8879453.71   53  902 8982709.00 8469497.21  5.71%  3386 21659s
 23097  8481 8846498.36   87  883 8982709.00 8469497.21  5.71%  3388 21660s
 23152  8535 8561589.44   33 1005 8982709.00 8469497.21  5.71%  3391 21768s
 23237  8582 8724961.90   68  609 8982709.00 8472594.20  5.68%  3398 21906s
 23327  8590 8513184.14   34 1021 8982709.00 8472594.20  5.68%  3409 22029s
 23337  8586 8830201.89  115  831 8982709.00 8472594.20  5.68%  3413 22030s
 23379  8624 8576659.37   44  976 8982709.00 8472594.20  5.68%  3423 22130s
 23454  8660 8939722.23   64  863 8982709.00 8473665.51  5.67%  3431 22230s
 23544  8686 8689055.94   50  870 8982709.00 8473879.49  5.66%  3437 22469s
 23608  8729 8949268.11   65  768 8982709.00 8474718.72  5.66%  3449 22639s
H23706  8268                    8951528.0000 8474720.56  5.33%  3458 22753s
 23775  8308 8743382.49   44  939 8951528.00 8474720.56  5.33%  3468 22871s
 23862  8313     cutoff   59      8951528.00 8475275.33  5.32%  3474 23006s
 23920  8322 8758943.52   43  847 8951528.00 8475275.33  5.32%  3494 23195s
 23964  8339 8870582.91   52  793 8951528.00 8475779.02  5.31%  3509 23370s
 24047  8389 8587215.29   34  980 8951528.00 8476575.61  5.31%  3533 23495s
H24124  8026                    8938183.0000 8476575.61  5.16%  3548 23627s
 24205  8077 infeasible   60      8938183.00 8476575.61  5.16%  3559 23782s
 24322  8123 8508411.95   43 1013 8938183.00 8476862.85  5.16%  3571 23988s
 24427  8215 8605007.07   44  977 8938183.00 8476862.85  5.16%  3586 24166s
 24590  8261 8478437.98   41  989 8938183.00 8476862.85  5.16%  3592 24532s
 24714  8301 8507109.82   44 1007 8938183.00 8476862.85  5.16%  3598 24721s
 24851  8318 8877551.90   54  889 8938183.00 8479084.05  5.14%  3617 24973s
 24953  8356 8662896.74   48  892 8938183.00 8479186.76  5.14%  3647 25184s
 25060  8371 8768335.41   52  871 8938183.00 8479853.60  5.13%  3677 25574s
 25146  8523 8566325.28   50  952 8938183.00 8482924.94  5.09%  3715 25877s
 25353  8546 8565560.89   44  985 8938183.00 8483007.41  5.09%  3730 26298s
 25477  8656 8924802.20  117  809 8938183.00 8484181.54  5.08%  3733 26515s
 25700  8730 8589543.22   45  990 8938183.00 8486933.40  5.05%  3749 26800s
 25910  8783 8536970.48   35  961 8938183.00 8487673.73  5.04%  3769 27028s
 26114  8856 8916289.16   51  766 8938183.00 8488216.50  5.03%  3788 27283s
 26337  8940     cutoff   52      8938183.00 8489459.33  5.02%  3813 27669s
 26565  9022 8623615.33   48  935 8938183.00 8490708.11  5.01%  3839 27982s
 26784  9052 8724260.06   60  899 8938183.00 8491142.75  5.00%  3867 28488s
 26944  9101     cutoff   66      8938183.00 8491162.92  5.00%  3900 28881s
 27120  9259 8742942.79   55  851 8938183.00 8492037.98  4.99%  3941 29226s
 27494  9321 8750837.33   41  928 8938183.00 8493091.04  4.98%  3954 29542s
 27770  9358 8928671.15   58  785 8938183.00 8494468.12  4.96%  3979 29928s
 28008  9387 8583662.74   43 1015 8938183.00 8495080.22  4.96%  4013 30278s
 28158  9658     cutoff   82      8938183.00 8495402.53  4.95%  4058 30622s
 28571  9746 8769590.44   55  963 8938183.00 8495818.52  4.95%  4072 31009s
 28995  9790 8634099.40   44  990 8938183.00 8496974.52  4.94%  4092 31375s
 29302 10019 8656699.63   54  888 8938183.00 8498015.60  4.92%  4121 31776s
 29778 10178 8906791.81   41  797 8938183.00 8498689.69  4.92%  4131 32205s
 30184 10382 8861231.47   50  776 8938183.00 8499525.32  4.91%  4151 32638s
 30644 10531 8709499.90   69  977 8938183.00 8499795.46  4.90%  4170 33130s
 31116 10603     cutoff   52      8938183.00 8501709.08  4.88%  4188 33585s
 31496 10799 8687536.14   43 1009 8938183.00 8503699.93  4.86%  4220 34369s
 31968 10867 8729264.50   48 1011 8938183.00 8505278.02  4.84%  4244 34821s
 32330 11007 8914346.25   50  770 8938183.00 8506507.06  4.83%  4268 35279s
 32724 11076 8920192.96   51  781 8938183.00 8507239.61  4.82%  4293 35787s
 33137 11149 8790527.22   45  922 8938183.00 8508021.26  4.81%  4320 36239s
 33497 11341 8670869.36   58  934 8938183.00 8509269.54  4.80%  4350 36681s
 33939 11455 8625614.33   50  969 8938183.00 8509993.92  4.79%  4368 37164s
 34361 11674 8754083.62   44  899 8938183.00 8511726.36  4.77%  4387 37620s
 34837 11940 8575324.92   35  971 8938183.00 8512553.03  4.76%  4397 38063s
 35387 12000 8621716.67   38 1025 8938183.00 8513347.78  4.75%  4396 38496s
 35776 12143 8548411.84   37  976 8938183.00 8513803.35  4.75%  4419 38947s
 36203 12335 8823759.50  107  525 8938183.00 8514197.66  4.74%  4439 39370s
 36705 12484 8837851.79   59  944 8938183.00 8514935.42  4.74%  4452 39819s
 37153 12359 8707336.94   52  944 8938183.00 8515396.15  4.73%  4467 40411s
 37181 12599 8724815.17   56  925 8938183.00 8515662.84  4.73%  4466 40824s
 37592 12802 8683537.62   49  962 8938183.00 8517102.61  4.71%  4484 41508s
 38050 12952 8593781.32   36  969 8938183.00 8517260.56  4.71%  4502 41907s
 38515 13052 8783449.90   49  861 8938183.00 8517542.32  4.71%  4513 42314s
 38954 13174     cutoff   54      8938183.00 8519075.68  4.69%  4527 42740s
 39367 13362 8918048.82   53  871 8938183.00 8519643.73  4.68%  4544 43138s
 39823 13618 8725631.50   38  944 8938183.00 8521040.22  4.67%  4553 43552s
 40355 13716 8852127.16   72  830 8938183.00 8521542.83  4.66%  4554 43960s
 40774 13823 8701036.96   46  967 8938183.00 8522359.16  4.65%  4568 44377s
 41161 13991 8754446.03   55 1068 8938183.00 8523160.04  4.64%  4583 44790s
 41564 14176 8716107.66   48  860 8938183.00 8523630.04  4.64%  4598 45181s
 41985 14648 8740883.53  105  627 8938183.00 8523630.04  4.64%  4614 45629s
 42660 14800 8836271.40  281  412 8938183.00 8524300.40  4.63%  4612 45965s
 42904 15143 8725057.06   48  945 8938183.00 8524622.27  4.63%  4624 46385s
 43328 15316 8892137.53   44  807 8938183.00 8524874.94  4.62%  4625 47853s
 43703 15671 8896025.67   42  806 8938183.00 8525112.94  4.62%  4623 48252s
 44176 15864 8814819.45   52  804 8938183.00 8525518.65  4.62%  4631 48699s
H44244 15566                    8922411.0000 8525518.65  4.45%  4632 48699s
 44459 16053 8723675.20   84  873 8922411.00 8525760.67  4.45%  4643 49098s
 45096 16395 8850518.79   51  845 8922411.00 8526389.28  4.44%  4633 49545s
 45558 16593 8874258.92   60  948 8922411.00 8526722.15  4.43%  4631 49975s
 45854 16812 8650496.35   55  875 8922411.00 8527208.08  4.43%  4637 50376s
 46180 16978 8905045.47   64  763 8922411.00 8527791.90  4.42%  4650 50795s
 46432 17233 8632518.68   41  949 8922411.00 8527846.06  4.42%  4662 51206s
 46864 17415 8720523.25   38  932 8922411.00 8528254.61  4.42%  4671 51605s
 47185 17626 8758876.53   40  975 8922411.00 8528500.26  4.41%  4688 52012s
 47522 17883 8551795.46   45 1002 8922411.00 8529219.13  4.41%  4692 52426s
 47917 18148 8574449.94   46  890 8922411.00 8530056.36  4.40%  4705 52882s
 48353 18433 8791653.54   52  811 8922411.00 8531347.85  4.38%  4713 53300s
 48758 18827 8644904.31   45 1106 8922411.00 8531533.26  4.38%  4724 53713s
 49248 19114 8752286.30   60  841 8922411.00 8531891.25  4.38%  4724 54113s
 49671 19352 8820041.16  117  797 8922411.00 8531891.25  4.38%  4738 54513s
 50081 19567 8859182.99  168  757 8922411.00 8532168.42  4.37%  4752 54959s
 50403 20099 8849788.33   59  864 8922411.00 8532648.61  4.37%  4755 55407s
 51071 20262     cutoff  106      8922411.00 8532886.45  4.37%  4746 55804s
 51333 20470 8656761.68   55 1047 8922411.00 8533288.57  4.36%  4752 56221s
 51706 20712 8657165.17   38  884 8922411.00 8533642.47  4.36%  4765 56618s
 52084 21094 8844324.55   43  837 8922411.00 8534445.36  4.35%  4776 57040s
 52604 21510 8618164.06   37  895 8922411.00 8535380.23  4.34%  4776 57699s
 53151 21892 8628220.99   42 1044 8922411.00 8535874.57  4.33%  4778 58131s
 53719 22099 8797086.18   59  966 8922411.00 8536768.64  4.32%  4768 58472s
 54010 22255 8636071.54   37  971 8922411.00 8537225.47  4.32%  4774 58796s
 54291 22492 8567333.95   45  925 8922411.00 8537671.85  4.31%  4783 59319s
 54626 22695 8876657.98   51  912 8922411.00 8538220.45  4.31%  4789 59687s
 55033 23018 8740296.55   48  962 8922411.00 8538579.86  4.30%  4791 60045s
 55503 23214 8566121.14   46  933 8922411.00 8539688.12  4.29%  4787 60461s
 55855 23379 infeasible   53      8922411.00 8540279.50  4.28%  4793 60817s
 56142 23480 8921733.44   39  880 8922411.00 8540579.00  4.28%  4807 61167s
 56386 23806 8894973.45   55  915 8922411.00 8540849.86  4.28%  4823 61530s
 56831 24015 8755850.37   56  948 8922411.00 8541481.04  4.27%  4823 61883s
 57123 24380 8843748.42   76  779 8922411.00 8541696.48  4.27%  4837 62240s
 57598 24670 8566150.14   39  995 8922411.00 8541800.46  4.27%  4838 62587s
 58036 24947 8845090.85   48  853 8922411.00 8542296.98  4.26%  4841 62944s
 58113 24947 infeasible   53      8922411.00 8542302.22  4.26%  4843 62945s
 58410 25228 8806305.21   53  880 8922411.00 8543081.55  4.25%  4847 63339s
 58876 25495 8615238.82   53  958 8922411.00 8543397.52  4.25%  4847 63745s
 59285 25647 infeasible   59      8922411.00 8544003.42  4.24%  4851 64120s
 59611 25934     cutoff   48      8922411.00 8544195.98  4.24%  4861 64513s
 60059 26085 8763305.74   44  961 8922411.00 8544483.19  4.24%  4862 64910s
 60399 26377 8913908.89   47  810 8922411.00 8545028.76  4.23%  4871 65287s
 60821 26587 8792475.66   40  959 8922411.00 8545299.41  4.23%  4874 65655s
 61167 26905     cutoff   65      8922411.00 8545732.87  4.22%  4882 66063s
 61616 27204 8654445.95   55  940 8922411.00 8546452.40  4.21%  4882 66436s
 62048 27604 8704291.08   48  918 8922411.00 8546752.57  4.21%  4885 66893s
 62551 27886 8598333.89   42  879 8922411.00 8547071.89  4.21%  4884 67267s
 62995 28364 8915838.68   58  790 8922411.00 8547491.28  4.20%  4886 67714s
 63655 28701 8887414.06   66  774 8922411.00 8547733.97  4.20%  4877 68045s
 64062 29120 8901663.98   71  784 8922411.00 8547932.70  4.20%  4874 68333s
 64585 29359 8719631.43   79  888 8922411.00 8548178.53  4.19%  4861 68664s
 64918 29556     cutoff   89      8922411.00 8548439.46  4.19%  4862 68947s
 65209 29680 8785326.26   57  918 8922411.00 8548693.36  4.19%  4867 69267s
 65485 29914 8703443.12   38 1016 8922411.00 8548969.86  4.19%  4874 69593s
 65832 30061 8663086.59   43  933 8922411.00 8549387.67  4.18%  4878 69954s
 66031 30220 8599548.01   38  892 8922411.00 8549459.47  4.18%  4875 70355s
 66338 30447 8879475.01   48  830 8922411.00 8549756.72  4.18%  4884 70717s
 66669 30677 8688814.29   46  935 8922411.00 8549968.81  4.17%  4892 71108s
 67032 30980 8634265.91   51  947 8922411.00 8550320.15  4.17%  4898 71652s
 67450 31251 8902230.32   58  898 8922411.00 8550401.53  4.17%  4903 72032s
 67848 31552 8901904.28   53  761 8922411.00 8550696.84  4.17%  4910 72438s
 68290 31736 8605201.82   35 1044 8922411.00 8551051.85  4.16%  4912 72840s
 68592 31948 8839405.15   55  928 8922411.00 8551298.56  4.16%  4923 73242s
 68980 32257 8830682.51   63  779 8922411.00 8551647.81  4.16%  4929 73706s
 69419 32466 8842130.74   59  879 8922411.00 8551876.30  4.15%  4933 74117s
 69790 32599     cutoff   54      8922411.00 8552059.50  4.15%  4940 74453s
 69962 33118 8856415.74  117  685 8922411.00 8552098.50  4.15%  4938 74963s
 70607 33579 8653259.27   46  774 8922411.00 8552332.39  4.15%  4928 75361s
 71169 33787 8741742.21   49  882 8922411.00 8552488.48  4.15%  4922 75851s
 71560 34166 8703621.28   53  839 8922411.00 8552717.89  4.14%  4927 76293s
 72071 34486 8881473.13   43  925 8922411.00 8552995.26  4.14%  4926 76907s
 72497 34725 infeasible   85      8922411.00 8553184.58  4.14%  4929 77287s
 72880 35043 8614275.92   40  904 8922411.00 8553702.47  4.13%  4936 77758s
 73341 35365 8877479.90   40  897 8922411.00 8553896.98  4.13%  4936 78177s
 73805 35643 8667559.42   46  926 8922411.00 8554285.74  4.13%  4938 78722s
 74176 35946 8601744.45   64  900 8922411.00 8554557.28  4.12%  4945 79148s
 74545 36136 8799915.36   99  892 8922411.00 8554669.36  4.12%  4951 79590s
 74944 36470 8822371.17   56  950 8922411.00 8554999.54  4.12%  4959 80023s
 75432 36884 8585841.17   41  954 8922411.00 8555415.39  4.11%  4961 80525s
 75990 37135 8804454.63   45  976 8922411.00 8556154.13  4.10%  4957 80927s
 76413 37553 8681960.95   41  913 8922411.00 8556475.83  4.10%  4961 81449s
 76963 37799 8896254.80  139  883 8922411.00 8556636.14  4.10%  4957 81899s
 77359 38260 8685334.27   49  882 8922411.00 8556806.16  4.10%  4961 82277s
 77956 38588 8682924.22   42  963 8922411.00 8557299.40  4.09%  4954 82652s
 78427 38891 8900629.71   56  790 8922411.00 8557483.42  4.09%  4953 83074s
 78632 38891 8604237.08   61 1013 8922411.00 8557595.96  4.09%  4953 83075s
 78852 39233 8753154.26   96  902 8922411.00 8557602.00  4.09%  4954 83449s
 79315 39576 8617205.15   44  943 8922411.00 8557847.56  4.09%  4953 83792s
 79792 39823     cutoff   98      8922411.00 8558144.55  4.08%  4949 84191s
 80155 40093 8652457.38   53  924 8922411.00 8558749.43  4.08%  4953 84650s
 80588 40244 8627732.17   44  983 8922411.00 8558928.24  4.07%  4956 85034s
 80854 40437 8785754.53   51  821 8922411.00 8559035.16  4.07%  4966 85473s
H81041 39338                    8905596.0000 8559077.10  3.89%  4969 85473s
H81173 39138                    8902441.0000 8559222.27  3.86%  4969 86161s
 81322 39324 8625805.50   47  838 8902441.00 8559288.59  3.85%  4972 86399s

Cutting planes:
  Gomory: 28
  Cover: 6
  Implied bound: 553
  Projected implied bound: 50
  Clique: 9
  MIR: 1195
  Flow cover: 2367
  GUB cover: 7
  Inf proof: 3
  Zero half: 71
  Network: 1
  RLT: 454
  Relax-and-lift: 878

Explored 81588 nodes (406282809 simplex iterations) in 86399.46 seconds (140885.77 work units)
Thread count was 4 (of 128 available processors)

Solution count 10: 8.90244e+06 8.92241e+06 8.93818e+06 ... 9.21942e+06

Time limit reached
Best objective 8.902441000000e+06, best bound 8.559464186746e+06, gap 3.8526%

Solving took 	23:59:59.466
####################################################################################################
####################################################################################################
####################################################################################################
Reached timelimit, but could find a feasible solution
####################################################################################################
Description                         Value
----------------------------  -----------
Objective (min)               8,902,441.0
Cost sailing                  5,204,093.0
Cost port visits              5,408,091.0
Cost transshipment (demands)     46,338.0
Cost transshipment (empties)    233,573.0
Penalty delayed demands         190,986.0
Revenue Empties               2,180,640.0
Penalty rejected demands              0.0
Rejected demands (%)                  0.0
Omitted ports (%)                   18.18
Gap (%)                              3.85
####################################################################################################
Export solution
####################################################################################################
Overall time 	00:00:00.345

real	1440m1.206s
user	4917m57.046s
sys	1m0.251s
finished at Fri Mar 17 14:57:11 CET 2023
