cpu-bind=MASK - n2lcn0122, task  0  0 [3441892]: mask |--------|--------||--------|--------||--------|--------||--------|--BBBB--||||--------|--------||--------|--------||--------|--------||--------|--------|  set
started at Thu Mar 16 14:57:08 CET 2023
Timecheck 9938768.988256143
Set parameter TokenServer to value "license3.uni-paderborn.de"
Warning: Gurobi version mismatch between Python 10.0.1 and C library 10.0.0
Timecheck 9938768.992973728
Timecheck 9938768.993203668
Timecheck 9938768.993235419
Timecheck 9938768.993256807


####################################################################################################
Solve scenario sce_3_26_1 with free vessel operation using the arc flow model
Vessels can omit ports, Demands cannot be rejected
####################################################################################################
Data preprocessing, load /upb/departments/pc2/groups/hpc-prf-winf4/dwetzel/SILSRP/inst_final/sce_3_26_1
and create additional sets and parameters
	|- Read vessel information, number of vessels:	5
	|- Read node information, number of nodes:		369
	|- Read arc information
		|- Number of sailing arcs:			1499
		|- Number of transshipment arcs:	497
	|- Read container information
		|- Number of demands:		605
		|- Number of empties (+/-):	152/140
	|- Create additional sets and parameters

Data preprocessing took 	00:00:00.237
####################################################################################################
Create linear model
Set parameter Threads to value 4
	|- Create variables, took	00:00:00.296
	|- Create objective, took	00:00:00.238
	|- Create constraints, took	00:00:01.098
	|- Load CVO start

Creating model took	00:00:01.641
####################################################################################################
Fix start solution

Set parameter TimeLimit to value 8.6398331269681454e+04
Gurobi Optimizer version 10.0.0 build v10.0.0rc2 (linux64)

CPU model: AMD EPYC 7763 64-Core Processor, instruction set [SSE2|AVX|AVX2]
Thread count: 128 physical cores, 128 logical processors, using up to 4 threads

Optimize a model with 23987 rows, 80428 columns and 273625 nonzeros
Model fingerprint: 0x9440e550
Variable types: 71965 continuous, 8463 integer (8463 binary)
Coefficient statistics:
  Matrix range     [1e+00, 3e+05]
  Objective range  [1e+00, 1e+00]
  Bounds range     [1e+00, 3e+02]
  RHS range        [1e+00, 3e+07]
Presolve removed 22414 rows and 78012 columns
Presolve time: 0.13s
Presolved: 1573 rows, 2416 columns, 8625 nonzeros
Variable types: 2416 continuous, 0 integer (0 binary)

Root relaxation: objective 2.274280e+07, 889 iterations, 0.01 seconds (0.00 work units)

    Nodes    |    Current Node    |     Objective Bounds      |     Work
 Expl Unexpl |  Obj  Depth IntInf | Incumbent    BestBd   Gap | It/Node Time

*    0     0               0    2.274280e+07 2.2743e+07  0.00%     -    0s

Explored 1 nodes (889 simplex iterations) in 0.18 seconds (0.19 work units)
Thread count was 4 (of 128 available processors)

Solution count 1: 2.27428e+07 

Optimal solution found (tolerance 1.00e-04)
Best objective 2.274280166667e+07, best bound 2.274280166667e+07, gap 0.0000%

Fixing start solution took	00:00:01.858
####################################################################################################
####################################################################################################
Solve optimization model

Set parameter TimeLimit to value 8.6398141570091248e+04
Gurobi Optimizer version 10.0.0 build v10.0.0rc2 (linux64)

CPU model: AMD EPYC 7763 64-Core Processor, instruction set [SSE2|AVX|AVX2]
Thread count: 128 physical cores, 128 logical processors, using up to 4 threads

Optimize a model with 23619 rows, 80428 columns and 273257 nonzeros
Model fingerprint: 0x1e68afd5
Variable types: 71965 continuous, 8463 integer (8463 binary)
Coefficient statistics:
  Matrix range     [1e+00, 3e+05]
  Objective range  [1e+00, 1e+00]
  Bounds range     [1e+00, 3e+02]
  RHS range        [1e+00, 3e+07]

MIP start from previous solve produced solution with objective 2.27428e+07 (0.13s)
Loaded MIP start from previous solve with objective 2.27428e+07

Presolve removed 4101 rows and 5109 columns
Presolve time: 0.76s
Presolved: 19518 rows, 75319 columns, 224267 nonzeros
Variable types: 68274 continuous, 7045 integer (7045 binary)
Deterministic concurrent LP optimizer: primal and dual simplex
Showing first log only...


Root simplex log...

Iteration    Objective       Primal Inf.    Dual Inf.      Time
   45387    1.2268443e+07   0.000000e+00   1.798953e+08      5s
   70483    1.0249187e+07   0.000000e+00   5.671336e+07     10s
   93943    9.3136009e+06   0.000000e+00   1.255673e+08     15s
  115704    8.8486248e+06   0.000000e+00   1.348524e+07     20s
  137464    8.4488905e+06   0.000000e+00   1.470404e+07     25s
  160414    8.2047087e+06   0.000000e+00   9.774604e+06     30s
  174014    8.0935243e+06   0.000000e+00   2.188551e+09     35s
Concurrent spin time: 0.00s

Solved with dual simplex

Root simplex log...

Iteration    Objective       Primal Inf.    Dual Inf.      Time
   98631    7.7134954e+06   0.000000e+00   0.000000e+00     39s

Root relaxation: objective 7.713495e+06, 98631 iterations, 38.45 seconds (34.79 work units)

    Nodes    |    Current Node    |     Objective Bounds      |     Work
 Expl Unexpl |  Obj  Depth IntInf | Incumbent    BestBd   Gap | It/Node Time

     0     0 7713495.36    0 1389 2.2743e+07 7713495.36  66.1%     -   40s
H    0     0                    2.215023e+07 7713495.36  65.2%     -   40s
     0     0 8312324.57    0 1613 2.2150e+07 8312324.57  62.5%     -  163s
     0     0 8449406.69    0 1649 2.2150e+07 8449406.69  61.9%     -  226s
     0     0 8497792.19    0 1656 2.2150e+07 8497792.19  61.6%     -  252s
     0     0 8498955.84    0 1652 2.2150e+07 8498955.84  61.6%     -  266s
     0     0 8532662.58    0 1651 2.2150e+07 8532662.58  61.5%     -  270s
     0     0 8532662.58    0 1671 2.2150e+07 8532662.58  61.5%     -  271s
     0     0 9146239.41    0 1647 2.2150e+07 9146239.41  58.7%     -  477s
H    0     0                    2.188211e+07 9389068.19  57.1%     -  770s
     0     0 9389068.19    0 1694 2.1882e+07 9389068.19  57.1%     -  770s
H    0     0                    2.168512e+07 9449970.87  56.4%     -  916s
     0     0 9449970.87    0 1675 2.1685e+07 9449970.87  56.4%     -  917s
     0     0 9501185.43    0 1683 2.1685e+07 9501185.43  56.2%     - 1028s
     0     0 9508549.24    0 1720 2.1685e+07 9508549.24  56.2%     - 1071s
     0     0 9510861.95    0 1719 2.1685e+07 9510861.95  56.1%     - 1089s
     0     0 9510861.95    0 1716 2.1685e+07 9510861.95  56.1%     - 1089s
     0     0 9511764.11    0 1716 2.1685e+07 9511764.11  56.1%     - 1104s
     0     0 9511908.25    0 1731 2.1685e+07 9511908.25  56.1%     - 1108s
H    0     0                    2.159032e+07 9834228.13  54.5%     - 1342s
H    0     0                    2.153823e+07 9834228.13  54.3%     - 1342s
     0     0 9834228.13    0 1761 2.1538e+07 9834228.13  54.3%     - 1361s
H    0     0                    2.128323e+07 9942592.52  53.3%     - 1621s
H    0     0                    2.121085e+07 9942592.52  53.1%     - 1621s
     0     0 9942592.52    0 1802 2.1211e+07 9942592.52  53.1%     - 1621s
     0     0 9942616.30    0 1818 2.1211e+07 9942616.30  53.1%     - 1621s
     0     0 9942616.30    0 1808 2.1211e+07 9942616.30  53.1%     - 1622s
H    0     0                    2.105051e+07 9993044.08  52.5%     - 1802s
H    0     0                    2.104216e+07 9993044.08  52.5%     - 1802s
H    0     0                    2.068235e+07 9993044.08  51.7%     - 1802s
     0     0 9993044.08    0 1749 2.0682e+07 9993044.08  51.7%     - 1803s
     0     0 9993044.47    0 1748 2.0682e+07 9993044.47  51.7%     - 1803s
     0     0 1.0008e+07    0 1809 2.0682e+07 1.0008e+07  51.6%     - 1896s
H    0     0                    2.060443e+07 1.0022e+07  51.4%     - 1986s
     0     0 1.0022e+07    0 1819 2.0604e+07 1.0022e+07  51.4%     - 1986s
     0     0 1.0028e+07    0 1850 2.0604e+07 1.0028e+07  51.3%     - 2039s
     0     0 1.0028e+07    0 1839 2.0604e+07 1.0028e+07  51.3%     - 2039s
     0     0 1.0030e+07    0 1853 2.0604e+07 1.0030e+07  51.3%     - 2068s
H    0     0                    2.040622e+07 1.0030e+07  50.8%     - 2081s
     0     0 1.0030e+07    0 1845 2.0406e+07 1.0030e+07  50.8%     - 2109s
     0     0 1.0030e+07    0 1871 2.0406e+07 1.0030e+07  50.8%     - 2142s
H    0     0                    2.037169e+07 1.0030e+07  50.8%     - 2142s
H    0     0                    2.025412e+07 1.0149e+07  49.9%     - 2447s
H    0     0                    2.024509e+07 1.0149e+07  49.9%     - 2447s
H    0     0                    2.013785e+07 1.0149e+07  49.6%     - 2447s
     0     0 1.0149e+07    0 1888 2.0138e+07 1.0149e+07  49.6%     - 2447s
H    0     0                    2.001000e+07 1.0149e+07  49.3%     - 2448s
H    0     0                    1.986900e+07 1.0189e+07  48.7%     - 2678s
     0     0 1.0189e+07    0 1852 1.9869e+07 1.0189e+07  48.7%     - 2678s
H    0     0                    1.963772e+07 1.0207e+07  48.0%     - 2773s
     0     0 1.0207e+07    0 1886 1.9638e+07 1.0207e+07  48.0%     - 2789s
H    0     0                    1.961468e+07 1.0214e+07  47.9%     - 2866s
     0     0 1.0214e+07    0 1878 1.9615e+07 1.0214e+07  47.9%     - 2891s
H    0     0                    1.959610e+07 1.0217e+07  47.9%     - 2925s
     0     0 1.0217e+07    0 1897 1.9596e+07 1.0217e+07  47.9%     - 2926s
     0     0 1.0217e+07    0 1888 1.9596e+07 1.0217e+07  47.9%     - 2943s
     0     0 1.0218e+07    0 1961 1.9596e+07 1.0218e+07  47.9%     - 2965s
     0     0 1.0218e+07    0 1901 1.9596e+07 1.0218e+07  47.9%     - 2985s
H    0     0                    1.927395e+07 1.0218e+07  47.0%     - 3014s
     0     0 1.0218e+07    0 1895 1.9274e+07 1.0218e+07  47.0%     - 3014s
H    0     0                    1.905268e+07 1.0274e+07  46.1%     - 3286s
H    0     0                    1.903410e+07 1.0274e+07  46.0%     - 3286s
H    0     0                    1.869098e+07 1.0274e+07  45.0%     - 3286s
     0     0 1.0274e+07    0 1852 1.8691e+07 1.0274e+07  45.0%     - 3286s
     0     0 1.0293e+07    0 1893 1.8691e+07 1.0293e+07  44.9%     - 3413s
     0     0 1.0293e+07    0 1890 1.8691e+07 1.0293e+07  44.9%     - 3415s
     0     0 1.0302e+07    0 1903 1.8691e+07 1.0302e+07  44.9%     - 3492s
H    0     0                    1.864750e+07 1.0305e+07  44.7%     - 3552s
     0     0 1.0305e+07    0 1943 1.8647e+07 1.0305e+07  44.7%     - 3552s
     0     0 1.0308e+07    0 1937 1.8647e+07 1.0308e+07  44.7%     - 3598s
H    0     0                    1.851166e+07 1.0309e+07  44.3%     - 3622s
     0     0 1.0309e+07    0 1909 1.8512e+07 1.0309e+07  44.3%     - 3650s
     0     0 1.0310e+07    0 1931 1.8512e+07 1.0310e+07  44.3%     - 3662s
     0     0 1.0310e+07    0 1930 1.8512e+07 1.0310e+07  44.3%     - 3692s
H    0     0                    1.849665e+07 1.0351e+07  44.0%     - 3919s
H    0     0                    1.826788e+07 1.0351e+07  43.3%     - 3919s
     0     0 1.0351e+07    0 1943 1.8268e+07 1.0351e+07  43.3%     - 3919s
H    0     0                    1.813983e+07 1.0365e+07  42.9%     - 4077s
H    0     0                    1.803206e+07 1.0365e+07  42.5%     - 4077s
     0     0 1.0365e+07    0 1947 1.8032e+07 1.0365e+07  42.5%     - 4077s
     0     0 1.0373e+07    0 1925 1.8032e+07 1.0373e+07  42.5%     - 4184s
     0     0 1.0380e+07    0 1977 1.8032e+07 1.0380e+07  42.4%     - 4286s
     0     0 1.0382e+07    0 1949 1.8032e+07 1.0382e+07  42.4%     - 4346s
     0     0 1.0382e+07    0 1972 1.8032e+07 1.0382e+07  42.4%     - 4347s
     0     0 1.0383e+07    0 1986 1.8032e+07 1.0383e+07  42.4%     - 4379s
H    0     0                    1.803154e+07 1.0409e+07  42.3%     - 4601s
     0     0 1.0409e+07    0 1915 1.8032e+07 1.0409e+07  42.3%     - 4648s
     0     0 1.0409e+07    0 1910 1.8032e+07 1.0409e+07  42.3%     - 4648s
     0     0 1.0420e+07    0 1938 1.8032e+07 1.0420e+07  42.2%     - 4773s
H    0     0                    1.803126e+07 1.0425e+07  42.2%     - 4869s
H    0     0                    1.788709e+07 1.0425e+07  41.7%     - 4869s
     0     0 1.0425e+07    0 1921 1.7887e+07 1.0425e+07  41.7%     - 4869s
H    0     0                    1.771482e+07 1.0427e+07  41.1%     - 4923s
     0     0 1.0427e+07    0 1959 1.7715e+07 1.0427e+07  41.1%     - 4924s
     0     0 1.0429e+07    0 1959 1.7715e+07 1.0429e+07  41.1%     - 4963s
     0     0 1.0429e+07    0 1952 1.7715e+07 1.0429e+07  41.1%     - 4991s
     0     0 1.0429e+07    0 1955 1.7715e+07 1.0429e+07  41.1%     - 4991s
H    0     0                    1.744473e+07 1.0450e+07  40.1%     - 5183s
     0     0 1.0450e+07    0 1861 1.7445e+07 1.0450e+07  40.1%     - 5252s
H    0     0                    1.737043e+07 1.0479e+07  39.7%     - 5424s
H    0     0                    1.736521e+07 1.0479e+07  39.7%     - 5424s
H    0     0                    1.734262e+07 1.0479e+07  39.6%     - 5424s
     0     0 1.0479e+07    0 1851 1.7343e+07 1.0479e+07  39.6%     - 5424s
     0     0 1.0483e+07    0 1882 1.7343e+07 1.0483e+07  39.6%     - 5546s
     0     0 1.0488e+07    0 1867 1.7343e+07 1.0488e+07  39.5%     - 5604s
H    0     0                    1.727997e+07 1.0489e+07  39.3%     - 5637s
     0     0 1.0489e+07    0 1902 1.7280e+07 1.0489e+07  39.3%     - 5638s
H    0     0                    1.717045e+07 1.0505e+07  38.8%     - 5887s
H    0     0                    1.713557e+07 1.0505e+07  38.7%     - 5887s
     0     0 1.0505e+07    0 1834 1.7136e+07 1.0505e+07  38.7%     - 5887s
     0     0 1.0510e+07    0 1833 1.7136e+07 1.0510e+07  38.7%     - 5991s
     0     0 1.0513e+07    0 1832 1.7136e+07 1.0513e+07  38.7%     - 6080s
     0     0 1.0514e+07    0 1848 1.7136e+07 1.0514e+07  38.6%     - 6125s
     0     0 1.0514e+07    0 1819 1.7136e+07 1.0514e+07  38.6%     - 6185s
     0     0 1.0515e+07    0 1862 1.7136e+07 1.0515e+07  38.6%     - 6219s
     0     0 1.0520e+07    0 1893 1.7136e+07 1.0520e+07  38.6%     - 6345s
     0     0 1.0523e+07    0 1862 1.7136e+07 1.0523e+07  38.6%     - 6411s
     0     0 1.0523e+07    0 1845 1.7136e+07 1.0523e+07  38.6%     - 6470s
     0     0 1.0524e+07    0 1895 1.7136e+07 1.0524e+07  38.6%     - 6524s
     0     0 1.0524e+07    0 1897 1.7136e+07 1.0524e+07  38.6%     - 6564s
H    0     0                    1.713116e+07 1.0531e+07  38.5%     - 6706s
     0     0 1.0531e+07    0 1831 1.7131e+07 1.0531e+07  38.5%     - 6707s
     0     0 1.0531e+07    0 1831 1.7131e+07 1.0531e+07  38.5%     - 6707s
     0     2 1.0531e+07    0 1825 1.7131e+07 1.0531e+07  38.5%     - 6975s
     1     4 1.0561e+07    1 1831 1.7131e+07 1.0531e+07  38.5% 71269 7192s
     3     8 1.0581e+07    2 1889 1.7131e+07 1.0542e+07  38.5% 50494 7610s
     7    12 1.0614e+07    3 1892 1.7131e+07 1.0547e+07  38.4% 75034 8154s
    11    16 1.0641e+07    3 1898 1.7131e+07 1.0547e+07  38.4% 75803 8426s
    15    20 1.0623e+07    4 1879 1.7131e+07 1.0562e+07  38.3% 72832 8469s
    19    24 1.0643e+07    4 1895 1.7131e+07 1.0562e+07  38.3% 63524 9127s
    23    30 1.0690e+07    5 1902 1.7131e+07 1.0574e+07  38.3% 59095 9201s
    29    38 1.0635e+07    6 1867 1.7131e+07 1.0574e+07  38.3% 50055 9371s
    37    44 1.0755e+07    7 1826 1.7131e+07 1.0574e+07  38.3% 41428 9514s
    43    48 1.0650e+07    7 1821 1.7131e+07 1.0574e+07  38.3% 37729 9959s
    47    57 1.0655e+07    8 1837 1.7131e+07 1.0574e+07  38.3% 36965 10067s
    56    66 1.0687e+07    9 1830 1.7131e+07 1.0574e+07  38.3% 32543 10165s
    65    73 1.0704e+07   10 1784 1.7131e+07 1.0574e+07  38.3% 29246 10265s
    72    82 1.0680e+07   10 1839 1.7131e+07 1.0574e+07  38.3% 27233 10447s
    81    86 1.0692e+07   11 1852 1.7131e+07 1.0574e+07  38.3% 25362 10968s
    85    95 1.0694e+07   12 1840 1.7131e+07 1.0574e+07  38.3% 24527 11106s
    94   101 1.0761e+07   13 1824 1.7131e+07 1.0574e+07  38.3% 23216 11297s
   104   112 1.0755e+07   14 1832 1.7131e+07 1.0574e+07  38.3% 22110 11446s
   115   121 1.0762e+07   17 1832 1.7131e+07 1.0574e+07  38.3% 20750 11564s
   124   126 1.0774e+07   19 1824 1.7131e+07 1.0574e+07  38.3% 20185 12135s
   129   136 1.0788e+07   19 1786 1.7131e+07 1.0574e+07  38.3% 20417 12292s
   139   142 infeasible   20      1.7131e+07 1.0574e+07  38.3% 19653 12505s
   147   158 1.0796e+07   23 1764 1.7131e+07 1.0574e+07  38.3% 19567 12658s
   163   172 1.0809e+07   28 1802 1.7131e+07 1.0574e+07  38.3% 18327 12820s
H  169   172                    1.703703e+07 1.0574e+07  37.9% 17817 12820s
   179   188 1.0818e+07   34 1829 1.7037e+07 1.0574e+07  37.9% 17352 12976s
   197   202 1.0827e+07   40 1834 1.7037e+07 1.0574e+07  37.9% 16455 13145s
   211   217 1.0840e+07   44 1790 1.7037e+07 1.0574e+07  37.9% 16070 13348s
H  222   217                    1.694500e+07 1.0574e+07  37.6% 15660 13348s
   228   230 1.0854e+07   47 1801 1.6945e+07 1.0574e+07  37.6% 15429 13585s
   247   241 1.0869e+07   48 1777 1.6945e+07 1.0574e+07  37.6% 14862 13817s
   262   258 1.0882e+07   50 1762 1.6945e+07 1.0574e+07  37.6% 14564 13979s
   279   278 1.0882e+07   51 1768 1.6945e+07 1.0574e+07  37.6% 14197 14175s
H  284   278                    1.690614e+07 1.0574e+07  37.5% 14031 14175s
   299   290 1.0897e+07   56 1738 1.6906e+07 1.0574e+07  37.5% 13790 14422s
   313   304 1.1109e+07   59 1709 1.6906e+07 1.0574e+07  37.5% 13753 14630s
H  323   304                    1.680257e+07 1.0574e+07  37.1% 13537 14630s
   333   313 1.0912e+07   61 1743 1.6803e+07 1.0574e+07  37.1% 13547 14953s
   342   326 infeasible   63      1.6803e+07 1.0574e+07  37.1% 14368 15096s
   357   346 1.0958e+07   66 1725 1.6803e+07 1.0574e+07  37.1% 14802 15311s
H  374   346                    1.678895e+07 1.0574e+07  37.0% 14504 15311s
   377   365 1.0973e+07   69 1732 1.6789e+07 1.0574e+07  37.0% 14758 15526s
   402   385 1.1003e+07   73 1676 1.6789e+07 1.0574e+07  37.0% 14577 15746s
   422   403 1.1047e+07   75 1677 1.6789e+07 1.0574e+07  37.0% 14385 15991s
   442   411 1.1059e+07   78 1692 1.6789e+07 1.0574e+07  37.0% 14348 16312s
H  453   411                    1.670944e+07 1.0574e+07  36.7% 14321 16312s
   454   434 1.1104e+07   80 1695 1.6709e+07 1.0574e+07  36.7% 14414 16613s
   479   450 infeasible   84      1.6709e+07 1.0574e+07  36.7% 14170 16904s
H  480   450                    1.667926e+07 1.0574e+07  36.6% 14140 16904s
H  480   450                    1.666291e+07 1.0574e+07  36.5% 14140 16904s
H  497   450                    1.665586e+07 1.0574e+07  36.5% 14033 16904s
   505   468 1.1347e+07   91 1684 1.6656e+07 1.0574e+07  36.5% 13952 17178s
   529   487 infeasible   94      1.6656e+07 1.0577e+07  36.5% 13794 17463s
H  531   487                    1.665337e+07 1.0577e+07  36.5% 13902 17463s
   554   506 1.0629e+07    6 1979 1.6653e+07 1.0577e+07  36.5% 13796 17698s
H  575   534                    1.662980e+07 1.0577e+07  36.4% 14099 18118s
   611   556 1.0765e+07   17 1826 1.6630e+07 1.0577e+07  36.4% 13834 18608s
   647   570 1.0802e+07   19 1786 1.6630e+07 1.0577e+07  36.4% 13691 18968s
H  654   570                    1.662347e+07 1.0577e+07  36.4% 13622 18968s
   665   596 1.0876e+07   20 1788 1.6623e+07 1.0577e+07  36.4% 13791 19375s
H  701   623                    1.659701e+07 1.0577e+07  36.3% 13444 20332s
H  701   623                    1.655656e+07 1.0577e+07  36.1% 13444 20333s
   738   661 1.0916e+07   39 1759 1.6557e+07 1.0577e+07  36.1% 13194 20739s
H  780   672                    1.653010e+07 1.0577e+07  36.0% 13041 21162s
H  793   672                    1.651960e+07 1.0577e+07  36.0% 13278 21162s
   805   683 1.1102e+07   47 1663 1.6520e+07 1.0577e+07  36.0% 13238 21681s
   828   695 1.1386e+07   51 1655 1.6520e+07 1.0577e+07  36.0% 13521 22083s
H  851   695                    1.638370e+07 1.0577e+07  35.4% 13648 22083s
   858   702 1.1377e+07   53 1642 1.6384e+07 1.0577e+07  35.4% 13878 22359s
   866   702 infeasible   43      1.6384e+07 1.0577e+07  35.4% 13915 22360s
H  881   727                    1.634580e+07 1.0577e+07  35.3% 14165 22676s
H  895   727                    1.634287e+07 1.0577e+07  35.3% 14100 22676s
   916   756 1.1483e+07   61 1649 1.6343e+07 1.0577e+07  35.3% 14481 23130s
   951   783 infeasible   61      1.6343e+07 1.0577e+07  35.3% 14297 23707s
H  963   783                    1.628539e+07 1.0577e+07  35.1% 14250 23707s
   982   833 1.1519e+07   71 1665 1.6285e+07 1.0577e+07  35.1% 14297 24680s
H 1011   833                    1.614209e+07 1.0577e+07  34.5% 14068 24680s
  1043   834 1.1887e+07   48 1831 1.6142e+07 1.0577e+07  34.5% 14178 26441s
  1045   835 1.1027e+07   45 1432 1.6142e+07 1.0577e+07  34.5% 14151 26521s
  1046   836 1.1718e+07  135 1601 1.6142e+07 1.0577e+07  34.5% 14137 26662s
  1047   837 1.1618e+07  109 1604 1.6142e+07 1.0577e+07  34.5% 14124 26885s
  1048   837 1.1550e+07  111 1691 1.6142e+07 1.0577e+07  34.5% 14110 27086s
  1049   838 1.1227e+07   73 1696 1.6142e+07 1.0577e+07  34.5% 14097 27290s
  1050   839 1.0643e+07    7 1747 1.6142e+07 1.0577e+07  34.5% 14083 27524s
  1051   839 1.0774e+07   31 1814 1.6142e+07 1.0577e+07  34.5% 14070 27744s
  1052   840 1.0724e+07   19 1825 1.6142e+07 1.0577e+07  34.5% 14057 27957s
  1053   841 1.0620e+07    4 1794 1.6142e+07 1.0577e+07  34.5% 14043 28144s
  1054   841 1.1258e+07   81 1864 1.6142e+07 1.0577e+07  34.5% 14030 28377s
  1055   842 1.1560e+07  112 1891 1.6142e+07 1.0577e+07  34.5% 14017 28574s
  1056   843 1.0742e+07   30 1900 1.6142e+07 1.0577e+07  34.5% 14003 28833s
  1057   843 1.0856e+07   44 1876 1.6142e+07 1.0577e+07  34.5% 13990 29041s
  1058   844 1.1151e+07   84 1946 1.6142e+07 1.0577e+07  34.5% 13977 29159s
  1059   845 1.0855e+07   52 1946 1.6142e+07 1.0581e+07  34.5% 13964 29336s
  1060   845 1.1033e+07   62 1965 1.6142e+07 1.0597e+07  34.4% 13950 29553s
  1061   846 1.0655e+07   14 2013 1.6142e+07 1.0608e+07  34.3% 13937 29701s
  1062   847 1.1117e+07   79 2002 1.6142e+07 1.0616e+07  34.2% 13924 29830s
  1063   847 1.0800e+07   40 2005 1.6142e+07 1.0620e+07  34.2% 13911 29925s
  1064   848 1.0897e+07   57 1966 1.6142e+07 1.0625e+07  34.2% 13898 30040s
  1065   849 1.0765e+07   14 2004 1.6142e+07 1.0626e+07  34.2% 13885 30099s
  1066   849 1.1921e+07   58 2012 1.6142e+07 1.0628e+07  34.2% 13872 30174s
  1067   850 1.1531e+07   76 2038 1.6142e+07 1.0633e+07  34.1% 13859 30258s
  1068   851 1.0818e+07   34 2003 1.6142e+07 1.0633e+07  34.1% 13846 30294s
  1069   851 1.0915e+07   53 2033 1.6142e+07 1.0634e+07  34.1% 13833 30314s
  1070   852 1.1510e+07   89 1971 1.6142e+07 1.0751e+07  33.4% 13820 30836s
  1071   853 1.0796e+07   17 2051 1.6142e+07 1.0796e+07  33.1% 13807 31211s
  1072   853 1.0823e+07    9 1977 1.6142e+07 1.0823e+07  33.0% 13794 31805s
  1073   854 1.0943e+07   30 1958 1.6142e+07 1.0830e+07  32.9% 13781 32043s
  1074   855 1.1453e+07  110 2007 1.6142e+07 1.0833e+07  32.9% 13769 32153s
  1075   855 1.0920e+07   27 2006 1.6142e+07 1.0836e+07  32.9% 13756 32274s
  1076   856 1.0917e+07   30 2026 1.6142e+07 1.0837e+07  32.9% 13743 32341s
  1077   857 1.0839e+07    9 2051 1.6142e+07 1.0839e+07  32.9% 13730 32400s
  1078   857 1.1675e+07  123 2028 1.6142e+07 1.0839e+07  32.9% 13717 32443s
  1079   858 1.0877e+07   32 2031 1.6142e+07 1.0839e+07  32.9% 13705 32470s
  1080   859 1.1474e+07  104 2061 1.6142e+07 1.0840e+07  32.8% 13692 32509s
  1081   859 1.0840e+07   38 2086 1.6142e+07 1.0840e+07  32.8% 13679 32543s
  1082   860 1.1476e+07  105 1996 1.6142e+07 1.0883e+07  32.6% 13667 33100s
  1083   861 1.1590e+07   82 2041 1.6142e+07 1.0903e+07  32.5% 13654 33349s
  1084   861 1.1401e+07   54 1996 1.6142e+07 1.0914e+07  32.4% 13642 33716s
  1085   862 1.0918e+07   11 2026 1.6142e+07 1.0918e+07  32.4% 13629 34033s
  1086   863 1.1074e+07   68 2058 1.6142e+07 1.0922e+07  32.3% 13616 34303s
  1087   863 1.1530e+07   68 2031 1.6142e+07 1.0924e+07  32.3% 13604 34498s
  1088   864 1.1474e+07  104 2042 1.6142e+07 1.0926e+07  32.3% 13591 34751s
  1089   865 1.0927e+07   18 2064 1.6142e+07 1.0927e+07  32.3% 13579 34859s
  1090   865 1.0968e+07   68 2042 1.6142e+07 1.0928e+07  32.3% 13566 34991s
  1091   866 1.1499e+07  107 2090 1.6142e+07 1.0928e+07  32.3% 13554 35076s
  1092   867 1.1590e+07   82 2072 1.6142e+07 1.0928e+07  32.3% 13542 35163s
  1093   867 1.1294e+07   29 2053 1.6142e+07 1.0969e+07  32.0% 13529 36069s
  1094   868 1.0986e+07   57 2034 1.6142e+07 1.0986e+07  31.9% 13517 36711s
  1095   869 1.1779e+07  127 2022 1.6142e+07 1.1000e+07  31.9% 13505 37195s
  1096   869 1.1015e+07   59 1989 1.6142e+07 1.1015e+07  31.8% 13492 37973s
  1097   870 1.1630e+07   79 2004 1.6142e+07 1.1018e+07  31.7% 13480 38259s
  1098   871 1.1356e+07   99 2031 1.6142e+07 1.1019e+07  31.7% 13468 38473s
  1099   871 1.1335e+07   89 2010 1.6142e+07 1.1020e+07  31.7% 13455 38630s
  1100   872 1.1937e+07   68 1996 1.6142e+07 1.1021e+07  31.7% 13443 38701s
  1101   873 1.1071e+07   66 2046 1.6142e+07 1.1021e+07  31.7% 13431 38764s
  1102   873 1.1366e+07   86 2053 1.6142e+07 1.1021e+07  31.7% 13419 38816s
  1103   874 1.1033e+07   31 2085 1.6142e+07 1.1033e+07  31.7% 13407 39484s
  1104   875 1.1042e+07   25 1992 1.6142e+07 1.1042e+07  31.6% 13394 39988s
  1105   875 1.1044e+07   30 2015 1.6142e+07 1.1044e+07  31.6% 13382 40221s
  1106   876 1.1045e+07   20 1978 1.6142e+07 1.1045e+07  31.6% 13370 40362s
  1107   877 1.1046e+07   29 1984 1.6142e+07 1.1046e+07  31.6% 13358 40451s
  1108   877 1.1046e+07   32 1995 1.6142e+07 1.1046e+07  31.6% 13346 40506s
H 1108   832                    1.612617e+07 1.1046e+07  31.5% 13346 40812s
  1109   833 1.1056e+07   19 2013 1.6126e+07 1.1056e+07  31.4% 13334 41130s
  1110   834 1.1067e+07   13 2006 1.6126e+07 1.1067e+07  31.4% 13322 41727s
  1111   834 1.1070e+07   54 2006 1.6126e+07 1.1070e+07  31.4% 13310 42051s
  1112   835 1.1463e+07   93 2012 1.6126e+07 1.1072e+07  31.3% 13298 42281s
  1113   836 1.1073e+07   27 2013 1.6126e+07 1.1073e+07  31.3% 13286 42447s
  1114   836 1.1492e+07  103 2018 1.6126e+07 1.1073e+07  31.3% 13274 42562s
  1115   837 1.1074e+07   31 2023 1.6126e+07 1.1074e+07  31.3% 13262 42639s
  1116   838 1.1074e+07   35 2027 1.6126e+07 1.1074e+07  31.3% 13250 42706s
  1117   838 1.1077e+07   12 2027 1.6126e+07 1.1077e+07  31.3% 13239 43058s
  1118   839 1.1079e+07   12 1963 1.6126e+07 1.1079e+07  31.3% 13227 43442s
  1119   840 1.1080e+07   11 2035 1.6126e+07 1.1080e+07  31.3% 13215 43598s
  1120   840 1.1081e+07   60 2050 1.6126e+07 1.1081e+07  31.3% 13203 43711s
  1121   841 1.1081e+07   11 2066 1.6126e+07 1.1081e+07  31.3% 13191 43784s
H 1121   797                    1.608826e+07 1.1083e+07  31.1% 13191 43976s
  1123   798 1.1083e+07   56 2013 1.6088e+07 1.1083e+07  31.1% 13168 44046s
  1124   799 1.1449e+07   45 2023 1.6088e+07 1.1084e+07  31.1% 13156 44113s
  1125   800 1.1084e+07   51 2003 1.6088e+07 1.1084e+07  31.1% 13144 44160s
  1126   800 1.1203e+07   21 1985 1.6088e+07 1.1087e+07  31.1% 13133 44332s
  1127   801 1.1090e+07   16 1955 1.6088e+07 1.1090e+07  31.1% 13121 44479s
  1128   802 1.1101e+07   31 1982 1.6088e+07 1.1091e+07  31.1% 13109 44569s
  1129   802 1.1091e+07   10 1956 1.6088e+07 1.1091e+07  31.1% 13098 44614s
  1130   803 1.1354e+07  100 1991 1.6088e+07 1.1091e+07  31.1% 13086 44643s
H 1130   762                    1.608763e+07 1.1095e+07  31.0% 13086 44760s
  1132   763 1.1096e+07   29 1939 1.6088e+07 1.1096e+07  31.0% 13063 44831s
  1133   764 1.1863e+07  138 1969 1.6088e+07 1.1096e+07  31.0% 13052 44897s
  1134   765 1.1335e+07   89 1943 1.6088e+07 1.1096e+07  31.0% 13040 44931s
  1135   765 1.1348e+07   97 1944 1.6088e+07 1.1097e+07  31.0% 13029 45009s
  1136   766 1.1214e+07   79 1991 1.6088e+07 1.1098e+07  31.0% 13017 45073s
  1137   767 1.1099e+07   18 1965 1.6088e+07 1.1099e+07  31.0% 13006 45135s
  1138   767 1.1235e+07   47 1956 1.6088e+07 1.1100e+07  31.0% 12994 45173s
  1139   768 1.1100e+07   30 1930 1.6088e+07 1.1100e+07  31.0% 12983 45213s
  1140   769 1.1167e+07   33 1925 1.6088e+07 1.1103e+07  31.0% 12971 45378s
  1141   769 1.1105e+07   19 1992 1.6088e+07 1.1105e+07  31.0% 12960 45486s
  1142   770 1.1106e+07   68 1935 1.6088e+07 1.1106e+07  31.0% 12949 45565s
  1143   771 1.1887e+07   48 1998 1.6088e+07 1.1106e+07  31.0% 12937 45614s
  1144   771 1.1106e+07   43 1987 1.6088e+07 1.1106e+07  31.0% 12926 45643s
  1145   772 1.1108e+07   45 1953 1.6088e+07 1.1108e+07  31.0% 12915 45750s
  1146   773 1.1718e+07  135 1966 1.6088e+07 1.1110e+07  30.9% 12904 45838s
  1147   773 1.1618e+07  109 1964 1.6088e+07 1.1110e+07  30.9% 12892 45891s
  1148   774 1.1550e+07  111 1983 1.6088e+07 1.1110e+07  30.9% 12881 45921s
  1149   775 1.1227e+07   73 1986 1.6088e+07 1.1111e+07  30.9% 12870 46019s
  1150   775 1.1112e+07    7 1947 1.6088e+07 1.1112e+07  30.9% 12859 46073s
  1151   776 1.1112e+07   31 1952 1.6088e+07 1.1112e+07  30.9% 12847 46122s
  1152   777 1.1112e+07   19 1999 1.6088e+07 1.1112e+07  30.9% 12836 46158s
  1153   777 1.1113e+07    4 1990 1.6088e+07 1.1113e+07  30.9% 12825 46221s
  1154   778 1.1258e+07   81 1965 1.6088e+07 1.1113e+07  30.9% 12814 46263s
  1155   779 1.1560e+07  112 1924 1.6088e+07 1.1113e+07  30.9% 12803 46307s
  1156   779 1.1114e+07   30 1996 1.6088e+07 1.1114e+07  30.9% 12792 46351s
  1157   780 1.1114e+07   44 1992 1.6088e+07 1.1114e+07  30.9% 12781 46381s
  1158   781 1.1151e+07   84 1966 1.6088e+07 1.1114e+07  30.9% 12770 46432s
  1159   781 1.1114e+07   52 1897 1.6088e+07 1.1114e+07  30.9% 12759 46466s
  1160   782 1.1114e+07   62 1949 1.6088e+07 1.1114e+07  30.9% 12748 46494s
  1165   786 1.1114e+07   14 1414 1.6088e+07 1.1114e+07  30.9% 16935 46578s
  1166   787 1.1921e+07   58 1642 1.6088e+07 1.1114e+07  30.9% 16921 46769s
  1167   788 1.1531e+07   76 1776 1.6088e+07 1.1114e+07  30.9% 16906 47062s
  1168   788 1.1114e+07   34 1817 1.6088e+07 1.1114e+07  30.9% 16892 47379s
  1169   789 1.1114e+07   53 1842 1.6088e+07 1.1114e+07  30.9% 16877 47654s
  1170   790 1.1510e+07   89 1877 1.6088e+07 1.1114e+07  30.9% 16863 47909s
  1171   790 1.1114e+07   17 1856 1.6088e+07 1.1114e+07  30.9% 16849 48228s
  1172   791 1.1114e+07    9 1939 1.6088e+07 1.1114e+07  30.9% 16834 48619s
  1173   792 1.1114e+07   30 1937 1.6088e+07 1.1114e+07  30.9% 16820 48877s
  1174   792 1.1453e+07  110 1978 1.6088e+07 1.1114e+07  30.9% 16806 49126s
  1175   793 1.1114e+07   27 1956 1.6088e+07 1.1114e+07  30.9% 16791 49439s
  1176   794 1.1114e+07   30 1992 1.6088e+07 1.1114e+07  30.9% 16777 49833s
  1177   794 1.1114e+07    9 1995 1.6088e+07 1.1114e+07  30.9% 16763 50088s
  1178   795 1.1675e+07  123 2004 1.6088e+07 1.1114e+07  30.9% 16748 50332s
  1179   796 1.1114e+07   32 1999 1.6088e+07 1.1114e+07  30.9% 16734 50566s
  1180   796 1.1474e+07  104 1936 1.6088e+07 1.1114e+07  30.9% 16720 50837s
  1181   797 1.1114e+07   38 1987 1.6088e+07 1.1114e+07  30.9% 16706 51084s
  1182   798 1.1476e+07  105 1947 1.6088e+07 1.1114e+07  30.9% 16692 51274s
  1183   798 1.1590e+07   82 2000 1.6088e+07 1.1114e+07  30.9% 16678 51442s
  1184   799 1.1401e+07   54 1947 1.6088e+07 1.1114e+07  30.9% 16664 51561s
  1185   800 1.1114e+07   11 1971 1.6088e+07 1.1114e+07  30.9% 16650 51639s
  1186   800 1.1114e+07   68 1949 1.6088e+07 1.1114e+07  30.9% 16635 51744s
  1187   801 1.1530e+07   68 1963 1.6088e+07 1.1114e+07  30.9% 16621 51811s
  1188   802 1.1474e+07  104 1936 1.6088e+07 1.1114e+07  30.9% 16607 51870s
  1189   802 1.1114e+07   18 1894 1.6088e+07 1.1114e+07  30.9% 16594 51921s
  1190   803 1.1114e+07   68 1908 1.6088e+07 1.1114e+07  30.9% 16580 51961s
  1191   804 1.1499e+07  107 1941 1.6088e+07 1.1114e+07  30.9% 16566 51989s
  1192   804 1.1590e+07   82 1960 1.6088e+07 1.1118e+07  30.9% 16552 52090s
  1193   805 1.1294e+07   29 1942 1.6088e+07 1.1125e+07  30.8% 16538 52167s
  1194   806 1.1125e+07   57 1933 1.6088e+07 1.1125e+07  30.8% 16524 52231s
  1195   806 1.1779e+07  127 1960 1.6088e+07 1.1125e+07  30.8% 16510 52271s
  1196   807 1.1126e+07   59 2004 1.6088e+07 1.1126e+07  30.8% 16496 52337s
  1197   808 1.1630e+07   79 1979 1.6088e+07 1.1127e+07  30.8% 16483 52376s
  1198   808 1.1356e+07   99 1979 1.6088e+07 1.1127e+07  30.8% 16469 52406s
  1199   809 1.1335e+07   89 1989 1.6088e+07 1.1128e+07  30.8% 16455 52495s
  1200   810 1.1937e+07   68 2007 1.6088e+07 1.1128e+07  30.8% 16441 52536s
  1201   810 1.1129e+07   66 1930 1.6088e+07 1.1129e+07  30.8% 16428 52600s
  1202   811 1.1366e+07   86 1957 1.6088e+07 1.1129e+07  30.8% 16414 52624s
  1203   812 1.1129e+07   31 1916 1.6088e+07 1.1129e+07  30.8% 16400 52672s
  1204   812 1.1129e+07   25 1927 1.6088e+07 1.1129e+07  30.8% 16387 52697s
  1205   813 1.1130e+07   30 1948 1.6088e+07 1.1130e+07  30.8% 16373 52718s
  1206   814 1.1130e+07   20 1980 1.6088e+07 1.1130e+07  30.8% 16360 52748s
  1207   814 1.1130e+07   29 1955 1.6088e+07 1.1130e+07  30.8% 16346 52768s
  1208   815 1.1130e+07   32 1947 1.6088e+07 1.1130e+07  30.8% 16333 52786s
  1209   816 1.1130e+07   19 1970 1.6088e+07 1.1130e+07  30.8% 16319 52802s
  1210   816 1.1130e+07   13 1965 1.6088e+07 1.1130e+07  30.8% 16306 52825s
  1211   817 1.1131e+07   54 1951 1.6088e+07 1.1131e+07  30.8% 16292 52881s
  1212   818 1.1463e+07   93 1948 1.6088e+07 1.1131e+07  30.8% 16279 52897s
  1213   818 1.1131e+07   27 1948 1.6088e+07 1.1131e+07  30.8% 16265 53110s
  1214   822 1.1138e+07   25 1932 1.6088e+07 1.1131e+07  30.8% 18323 53429s
  1216   825 1.1138e+07   26 1940 1.6088e+07 1.1133e+07  30.8% 18342 53974s
  1220   828 1.1152e+07   27 1881 1.6088e+07 1.1135e+07  30.8% 18515 54170s
  1224   831 1.1140e+07   27 1954 1.6088e+07 1.1135e+07  30.8% 18611 55073s
  1228   833 1.1160e+07   28 1946 1.6088e+07 1.1136e+07  30.8% 18745 55553s
  1232   836 1.1180e+07   28 1912 1.6088e+07 1.1136e+07  30.8% 18934 55834s
  1236   843 1.1160e+07   29 1969 1.6088e+07 1.1140e+07  30.8% 18978 56014s
  1244   845 1.1161e+07   30 1960 1.6088e+07 1.1140e+07  30.8% 18964 56370s
  1249   847 1.1178e+07   31 1890 1.6088e+07 1.1140e+07  30.8% 19154 56860s
  1253   855 1.1170e+07   31 1944 1.6088e+07 1.1140e+07  30.8% 19318 57029s
  1262   861 1.1203e+07   32 1901 1.6088e+07 1.1140e+07  30.8% 19271 57647s
  1271   866 1.1233e+07   33 1870 1.6088e+07 1.1140e+07  30.8% 19246 58012s
  1279   868 1.1284e+07   34 1829 1.6088e+07 1.1140e+07  30.8% 19367 59128s
H 1282   825                    1.597265e+07 1.1140e+07  30.3% 19487 59128s
  1284   834 1.1213e+07   35 1884 1.5973e+07 1.1140e+07  30.3% 19548 59360s
  1293   840 1.1219e+07   36 1885 1.5973e+07 1.1140e+07  30.3% 19527 59632s
  1304   843 1.1228e+07   38 1862 1.5973e+07 1.1140e+07  30.3% 19545 59852s
  1313   847 1.1270e+07   40 1834 1.5973e+07 1.1140e+07  30.3% 19537 60074s
  1320   854 1.1275e+07   41 1830 1.5973e+07 1.1140e+07  30.3% 19546 60494s
  1329   859 1.1287e+07   42 1854 1.5973e+07 1.1140e+07  30.3% 19578 60755s
  1337   867 1.1287e+07   43 1858 1.5973e+07 1.1140e+07  30.3% 19626 61048s
  1348   869 1.1300e+07   44 1849 1.5973e+07 1.1140e+07  30.3% 19682 62625s
  1354   876 1.1601e+07   44 1874 1.5973e+07 1.1140e+07  30.3% 20022 63746s
  1363   885 1.1300e+07   45 1865 1.5973e+07 1.1140e+07  30.3% 20127 64273s
  1375   891 1.1420e+07   46 1806 1.5973e+07 1.1140e+07  30.3% 20361 66216s
  1385   897 infeasible   46      1.5973e+07 1.1140e+07  30.3% 20927 66954s
H 1388   856                    1.596839e+07 1.1140e+07  30.2% 20928 66954s
  1396   861 1.1500e+07   48 1748 1.5968e+07 1.1140e+07  30.2% 21050 68328s
  1406   869 1.1529e+07   49 1741 1.5968e+07 1.1140e+07  30.2% 21212 68802s
  1419   886 1.1538e+07   51 1712 1.5968e+07 1.1140e+07  30.2% 21242 69475s
  1440   895 1.1539e+07   53 1715 1.5968e+07 1.1140e+07  30.2% 21188 69971s
  1458   901 1.1676e+07   56 1729 1.5968e+07 1.1140e+07  30.2% 21180 70523s
  1474   907 1.1764e+07   59 1698 1.5968e+07 1.1140e+07  30.2% 21204 70987s
  1488   920 1.1785e+07   61 1709 1.5968e+07 1.1140e+07  30.2% 21198 71662s
  1507   930 1.2004e+07   63 1595 1.5968e+07 1.1140e+07  30.2% 21207 72203s
  1524   950 1.1972e+07   64 1582 1.5968e+07 1.1140e+07  30.2% 21191 76497s
H 1549   931                    1.592536e+07 1.1140e+07  30.1% 21693 77085s
  1577   947 1.1920e+07   71 1630 1.5925e+07 1.1140e+07  30.1% 21598 77764s
  1583   945 1.1860e+07   67 1726 1.5925e+07 1.1140e+07  30.1% 21611 77765s
H 1602   928                    1.591913e+07 1.1140e+07  30.0% 21544 78442s
  1626   951 1.1939e+07   77 1647 1.5919e+07 1.1140e+07  30.0% 21511 79098s
H 1657   939                    1.591843e+07 1.1140e+07  30.0% 21417 79829s
  1690   959 1.1961e+07   84 1644 1.5918e+07 1.1140e+07  30.0% 21305 80534s
  1721   976 1.2330e+07   88 1617 1.5918e+07 1.1140e+07  30.0% 21256 81336s
  1748   991 1.2081e+07   90 1593 1.5918e+07 1.1140e+07  30.0% 21220 82661s
  1772  1017 1.1979e+07   94 1614 1.5918e+07 1.1140e+07  30.0% 21298 83531s
  1806  1040 1.1980e+07   98 1625 1.5918e+07 1.1140e+07  30.0% 21248 84497s
  1842  1064 1.2007e+07  102 1579 1.5918e+07 1.1140e+07  30.0% 21204 85477s
  1878  1082 1.1985e+07  107 1599 1.5918e+07 1.1140e+07  30.0% 21160 86398s

Cutting planes:
  Gomory: 3
  Cover: 2
  Implied bound: 322
  Projected implied bound: 44
  MIR: 1297
  StrongCG: 7
  Flow cover: 2112
  Flow path: 5
  Zero half: 10
  RLT: 1118
  Relax-and-lift: 1587

Explored 1908 nodes (42419270 simplex iterations) in 86398.25 seconds (78506.21 work units)
Thread count was 4 (of 128 available processors)

Solution count 10: 1.59184e+07 1.59191e+07 1.59254e+07 ... 1.62854e+07

Time limit reached
Best objective 1.591843000000e+07, best bound 1.113958632429e+07, gap 30.0208%

Solving took 	23:59:58.252
####################################################################################################
####################################################################################################
####################################################################################################
Reached timelimit, but could find a feasible solution
####################################################################################################
Description                          Value
----------------------------  ------------
Objective (min)               15,918,430.0
Cost sailing                   5,518,544.0
Cost port visits               9,527,621.0
Cost transshipment (demands)   1,691,551.0
Cost transshipment (empties)     104,261.0
Penalty delayed demands          667,806.0
Revenue Empties                1,591,353.0
Penalty rejected demands               0.0
Rejected demands (%)                   0.0
Omitted ports (%)                    19.28
Gap (%)                              30.02
####################################################################################################
Export solution
####################################################################################################
Overall time 	00:00:00.510

real	1440m1.014s
user	3538m14.403s
sys	0m41.116s
finished at Fri Mar 17 14:57:09 CET 2023
