cpu-bind=MASK - n2lcn0122, task  0  0 [3442316]: mask |--------|--------||--------|--------||--------|--------||--------|--------||||--------|--------||BBBB----|--------||--------|--------||--------|--------|  set
started at Thu Mar 16 14:57:10 CET 2023
Timecheck 9938770.627436185
Set parameter TokenServer to value "license3.uni-paderborn.de"
Warning: Gurobi version mismatch between Python 10.0.1 and C library 10.0.0
Timecheck 9938770.642821088
Timecheck 9938770.643042197
Timecheck 9938770.643075207
Timecheck 9938770.643096779


####################################################################################################
Solve scenario sce_4_26_3 with free vessel operation using the arc flow model
Vessels can omit ports, Demands cannot be rejected
####################################################################################################
Data preprocessing, load /upb/departments/pc2/groups/hpc-prf-winf4/dwetzel/SILSRP/inst_final/sce_4_26_3
and create additional sets and parameters
	|- Read vessel information, number of vessels:	6
	|- Read node information, number of nodes:		397
	|- Read arc information
		|- Number of sailing arcs:			1631
		|- Number of transshipment arcs:	578
	|- Read container information
		|- Number of demands:		657
		|- Number of empties (+/-):	158/165
	|- Create additional sets and parameters

Data preprocessing took 	00:00:00.271
####################################################################################################
Create linear model
Set parameter Threads to value 4
	|- Create variables, took	00:00:00.325
	|- Create objective, took	00:00:00.308
	|- Create constraints, took	00:00:01.195
	|- Load CVO start

Creating model took	00:00:01.840
####################################################################################################
Fix start solution

Set parameter TimeLimit to value 8.6398127598840743e+04
Gurobi Optimizer version 10.0.0 build v10.0.0rc2 (linux64)

CPU model: AMD EPYC 7763 64-Core Processor, instruction set [SSE2|AVX|AVX2]
Thread count: 128 physical cores, 128 logical processors, using up to 4 threads

Optimize a model with 26487 rows, 91436 columns and 315813 nonzeros
Model fingerprint: 0xdd81425a
Variable types: 80603 continuous, 10833 integer (10833 binary)
Coefficient statistics:
  Matrix range     [1e+00, 3e+05]
  Objective range  [1e+00, 1e+00]
  Bounds range     [1e+00, 4e+02]
  RHS range        [1e+00, 3e+07]
Presolve removed 24728 rows and 88533 columns
Presolve time: 0.14s
Presolved: 1759 rows, 2903 columns, 9962 nonzeros
Variable types: 2903 continuous, 0 integer (0 binary)

Root relaxation: objective 1.632001e+07, 941 iterations, 0.01 seconds (0.00 work units)

    Nodes    |    Current Node    |     Objective Bounds      |     Work
 Expl Unexpl |  Obj  Depth IntInf | Incumbent    BestBd   Gap | It/Node Time

*    0     0               0    1.632001e+07 1.6320e+07  0.00%     -    0s

Explored 1 nodes (941 simplex iterations) in 0.19 seconds (0.21 work units)
Thread count was 4 (of 128 available processors)

Solution count 1: 1.632e+07 

Optimal solution found (tolerance 1.00e-04)
Best objective 1.632001000000e+07, best bound 1.632001000000e+07, gap 0.0000%

Fixing start solution took	00:00:02.082
####################################################################################################
####################################################################################################
Solve optimization model

Set parameter TimeLimit to value 8.6397918323511258e+04
Gurobi Optimizer version 10.0.0 build v10.0.0rc2 (linux64)

CPU model: AMD EPYC 7763 64-Core Processor, instruction set [SSE2|AVX|AVX2]
Thread count: 128 physical cores, 128 logical processors, using up to 4 threads

Optimize a model with 26091 rows, 91436 columns and 315417 nonzeros
Model fingerprint: 0xab8f53d4
Variable types: 80603 continuous, 10833 integer (10833 binary)
Coefficient statistics:
  Matrix range     [1e+00, 3e+05]
  Objective range  [1e+00, 1e+00]
  Bounds range     [1e+00, 4e+02]
  RHS range        [1e+00, 3e+07]

MIP start from previous solve produced solution with objective 1.632e+07 (0.14s)
Loaded MIP start from previous solve with objective 1.632e+07

Presolve removed 3532 rows and 4270 columns
Presolve time: 0.70s
Presolved: 22559 rows, 87166 columns, 259552 nonzeros
Variable types: 77823 continuous, 9343 integer (9343 binary)
Deterministic concurrent LP optimizer: primal and dual simplex
Showing first log only...


Root simplex log...

Iteration    Objective       Primal Inf.    Dual Inf.      Time
   47842    1.1784297e+07   0.000000e+00   1.032593e+08      5s
   72825    1.0066275e+07   0.000000e+00   1.328710e+08     10s
   94060    9.2228203e+06   0.000000e+00   2.388703e+08     15s
  112780    8.7480449e+06   0.000000e+00   4.587174e+07     20s
  128968    8.4277740e+06   0.000000e+00   1.267053e+08     25s
  144802    8.2068465e+06   0.000000e+00   2.029314e+07     30s
  161911    8.0309744e+06   0.000000e+00   1.181413e+07     35s
  179747    7.8572418e+06   0.000000e+00   2.466073e+06     40s
  194624    7.7287153e+06   0.000000e+00   7.492959e+08     45s
  202632    7.6812948e+06   0.000000e+00   1.085679e+10     50s
  210996    7.6347952e+06   0.000000e+00   2.767657e+07     55s
  219368    7.5921031e+06   0.000000e+00   1.427544e+07     60s
  227740    7.5553412e+06   0.000000e+00   5.895364e+07     65s
  235930    7.5310547e+06   0.000000e+00   1.786746e+07     70s
  244666    7.5064842e+06   0.000000e+00   4.483401e+07     75s
  253584    7.4933707e+06   0.000000e+00   4.090331e+07     80s
  262891    7.4842368e+06   0.000000e+00   2.719176e+07     85s
Concurrent spin time: 0.01s

Solved with dual simplex

Root simplex log...

Iteration    Objective       Primal Inf.    Dual Inf.      Time
  160287    7.4788756e+06   0.000000e+00   0.000000e+00     89s

Root relaxation: objective 7.478876e+06, 160287 iterations, 88.12 seconds (76.00 work units)

    Nodes    |    Current Node    |     Objective Bounds      |     Work
 Expl Unexpl |  Obj  Depth IntInf | Incumbent    BestBd   Gap | It/Node Time

     0     0 7478875.62    0 1679 1.6320e+07 7478875.62  54.2%     -   90s
H    0     0                    1.622135e+07 7478875.62  53.9%     -   90s
H    0     0                    1.612633e+07 7883292.24  51.1%     -  198s
     0     0 7924943.78    0 1931 1.6126e+07 7924943.78  50.9%     -  211s
     0     0 7976515.29    0 1817 1.6126e+07 7976515.29  50.5%     -  279s
     0     0 7996436.84    0 1911 1.6126e+07 7996436.84  50.4%     -  324s
     0     0 8001518.45    0 1940 1.6126e+07 8001518.45  50.4%     -  332s
     0     0 8001518.45    0 1966 1.6126e+07 8001518.45  50.4%     -  333s
     0     0 8133513.50    0 2024 1.6126e+07 8133513.50  49.6%     -  471s
     0     0 8133513.50    0 2019 1.6126e+07 8133513.50  49.6%     -  471s
     0     0 8133513.50    0 2016 1.6126e+07 8133513.50  49.6%     -  471s
     0     0 8133513.50    0 2016 1.6126e+07 8133513.50  49.6%     -  471s
     0     0 8133513.50    0 2061 1.6126e+07 8133513.50  49.6%     -  478s
H    0     0                    1.608257e+07 8200055.30  49.0%     -  630s
H    0     0                    1.590589e+07 8200055.30  48.4%     -  630s
     0     0 8200055.30    0 2117 1.5906e+07 8200055.30  48.4%     -  630s
H    0     0                    1.575554e+07 8217095.53  47.8%     -  704s
     0     0 8217095.53    0 2131 1.5756e+07 8217095.53  47.8%     -  735s
     0     0 8217095.53    0 2127 1.5756e+07 8217095.53  47.8%     -  737s
H    0     0                    1.569074e+07 8222595.70  47.6%     -  769s
H    0     0                    1.561345e+07 8222595.70  47.3%     -  769s
     0     0 8222595.70    0 2152 1.5613e+07 8222595.70  47.3%     -  823s
     0     0 8222595.70    0 2124 1.5613e+07 8222595.70  47.3%     -  838s
     0     0 8224072.49    0 2141 1.5613e+07 8224072.49  47.3%     -  903s
H    0     0                    1.540629e+07 8224609.36  46.6%     -  922s
     0     0 8224609.36    0 2140 1.5406e+07 8224609.36  46.6%     -  922s
     0     0 8224653.46    0 2126 1.5406e+07 8224653.46  46.6%     -  927s
     0     0 8224653.46    0 2177 1.5406e+07 8224653.46  46.6%     -  929s
H    0     0                    1.519850e+07 8297175.98  45.4%     - 1109s
     0     0 8297175.98    0 2118 1.5199e+07 8297175.98  45.4%     - 1154s
H    0     0                    1.501525e+07 8318852.62  44.6%     - 1293s
     0     0 8318852.62    0 2093 1.5015e+07 8318852.62  44.6%     - 1414s
H    0     0                    1.497099e+07 8327711.85  44.4%     - 1503s
H    0     0                    1.493609e+07 8327711.85  44.2%     - 1503s
     0     0 8327711.85    0 2159 1.4936e+07 8327711.85  44.2%     - 1582s
     0     0 8330550.15    0 2158 1.4936e+07 8330550.15  44.2%     - 1690s
H    0     0                    1.483308e+07 8331204.63  43.8%     - 1711s
     0     0 8331204.63    0 2119 1.4833e+07 8331204.63  43.8%     - 1752s
     0     0 8331543.10    0 2168 1.4833e+07 8331543.10  43.8%     - 1813s
     0     0 8331543.10    0 2170 1.4833e+07 8331543.10  43.8%     - 1814s
     0     0 8331583.21    0 2126 1.4833e+07 8331583.21  43.8%     - 1833s
     0     0 8331583.21    0 2115 1.4833e+07 8331583.21  43.8%     - 1859s
H    0     0                    1.480920e+07 8331583.21  43.7%     - 1881s
H    0     0                    1.420532e+07 8382189.45  41.0%     - 2177s
H    0     0                    1.417063e+07 8382189.45  40.8%     - 2177s
     0     0 8382189.45    0 2134 1.4171e+07 8382189.45  40.8%     - 2231s
     0     0 8382189.45    0 2127 1.4171e+07 8382189.45  40.8%     - 2255s
H    0     0                    1.415269e+07 8382189.45  40.8%     - 2301s
H    0     0                    1.403743e+07 8397406.75  40.2%     - 2465s
     0     0 8397406.75    0 2147 1.4037e+07 8397406.75  40.2%     - 2548s
H    0     0                    1.391391e+07 8401542.74  39.6%     - 2664s
     0     0 8401542.74    0 2197 1.3914e+07 8401542.74  39.6%     - 2772s
     0     0 8403262.21    0 2184 1.3914e+07 8403262.21  39.6%     - 2903s
     0     0 8403262.21    0 2188 1.3914e+07 8403262.21  39.6%     - 2908s
H    0     0                    1.368972e+07 8403756.34  38.6%     - 2938s
     0     0 8403756.34    0 2151 1.3690e+07 8403756.34  38.6%     - 3008s
     0     0 8404035.20    0 2219 1.3690e+07 8404035.20  38.6%     - 3086s
     0     0 8404035.20    0 2219 1.3690e+07 8404035.20  38.6%     - 3087s
H    0     0                    1.357382e+07 8442212.46  37.8%     - 3865s
H    0     0                    1.354520e+07 8442212.46  37.7%     - 3865s
H    0     0                    1.353820e+07 8442212.46  37.6%     - 3865s
     0     0 8442212.46    0 2195 1.3538e+07 8442212.46  37.6%     - 3878s
     0     0 8442212.46    0 2196 1.3538e+07 8442212.46  37.6%     - 3878s
     0     0 8442212.46    0 2217 1.3538e+07 8442212.46  37.6%     - 3878s
     0     0 8442270.92    0 2252 1.3538e+07 8442270.92  37.6%     - 3887s
     0     0 8442374.93    0 2252 1.3538e+07 8442374.93  37.6%     - 3898s
     0     0 8442374.93    0 2202 1.3538e+07 8442374.93  37.6%     - 3900s
H    0     0                    1.348800e+07 8442374.93  37.4%     - 3917s
H    0     0                    1.331755e+07 8452367.71  36.5%     - 4064s
H    0     0                    1.315163e+07 8452367.71  35.7%     - 4064s
     0     0 8452367.71    0 2275 1.3152e+07 8452367.71  35.7%     - 4244s
     0     0 8456662.42    0 2308 1.3152e+07 8456662.42  35.7%     - 4412s
     0     0 8456662.42    0 2257 1.3152e+07 8456662.42  35.7%     - 4447s
H    0     0                    1.309792e+07 8457977.35  35.4%     - 4551s
H    0     0                    1.299623e+07 8457977.35  34.9%     - 4551s
     0     0 8457977.35    0 2221 1.2996e+07 8457977.35  34.9%     - 4766s
     0     0 8457977.35    0 2258 1.2996e+07 8457977.35  34.9%     - 4768s
H    0     0                    1.299079e+07 8458547.39  34.9%     - 4792s
     0     0 8458547.39    0 2297 1.2991e+07 8458547.39  34.9%     - 4877s
     0     0 8458738.87    0 2317 1.2991e+07 8458738.87  34.9%     - 4970s
     0     0 8458738.87    0 2290 1.2991e+07 8458738.87  34.9%     - 5018s
H    0     0                    1.298110e+07 8458738.87  34.8%     - 5020s
H    0     0                    1.290988e+07 8458738.87  34.5%     - 5020s
H    0     0                    1.279532e+07 8513954.68  33.5%     - 5435s
     0     0 8513954.68    0 2251 1.2795e+07 8513954.68  33.5%     - 5728s
H    0     0                    1.277978e+07 8513954.68  33.4%     - 5728s
H    0     0                    1.275953e+07 8522626.48  33.2%     - 5912s
H    0     0                    1.268037e+07 8522626.48  32.8%     - 5912s
     0     0 8522626.48    0 2240 1.2680e+07 8522626.48  32.8%     - 6096s
H    0     0                    1.267956e+07 8526076.76  32.8%     - 6194s
H    0     0                    1.263924e+07 8526076.76  32.5%     - 6194s
     0     0 8526076.76    0 2261 1.2639e+07 8526076.76  32.5%     - 6220s
     0     0 8527246.75    0 2294 1.2639e+07 8527246.75  32.5%     - 6298s
     0     0 8527246.75    0 2312 1.2639e+07 8527246.75  32.5%     - 6355s
H    0     0                    1.261087e+07 8527581.01  32.4%     - 6406s
     0     0 8527581.01    0 2300 1.2611e+07 8527581.01  32.4%     - 6447s
     0     0 8527581.01    0 2305 1.2611e+07 8527581.01  32.4%     - 6447s
H    0     0                    1.260880e+07 8527581.01  32.4%     - 6450s
H    0     0                    1.258896e+07 8527581.01  32.3%     - 6450s
H    0     0                    1.258835e+07 8602408.77  31.7%     - 6991s
H    0     0                    1.257767e+07 8602408.77  31.6%     - 6991s
H    0     0                    1.252469e+07 8602408.77  31.3%     - 6991s
     0     0 8602408.77    0 2302 1.2525e+07 8602408.77  31.3%     - 7050s
     0     0 8602408.77    0 2248 1.2525e+07 8602408.77  31.3%     - 7051s
H    0     0                    1.248587e+07 8617444.41  31.0%     - 7337s
     0     0 8617444.41    0 2243 1.2486e+07 8617444.41  31.0%     - 7373s
     0     0 8622610.24    0 2234 1.2486e+07 8622610.24  30.9%     - 7524s
     0     0 8622610.24    0 2223 1.2486e+07 8622610.24  30.9%     - 7529s
H    0     0                    1.245768e+07 8624654.27  30.8%     - 7641s
     0     0 8624654.27    0 2259 1.2458e+07 8624654.27  30.8%     - 7675s
     0     0 8624654.27    0 2208 1.2458e+07 8624654.27  30.8%     - 7718s
H    0     0                    1.239450e+07 8625171.43  30.4%     - 7781s
H    0     0                    1.237808e+07 8625171.43  30.3%     - 7781s
     0     0 8625171.43    0 2255 1.2378e+07 8625171.43  30.3%     - 7862s
     0     0 8625171.43    0 2219 1.2378e+07 8625171.43  30.3%     - 7904s
H    0     0                    1.237236e+07 8625420.46  30.3%     - 7977s
     0     0 8625420.46    0 2283 1.2372e+07 8625420.46  30.3%     - 7978s
     0     0 8625420.46    0 2282 1.2372e+07 8625420.46  30.3%     - 7978s
H    0     0                    1.236224e+07 8693852.36  29.7%     - 8483s
H    0     0                    1.236221e+07 8693852.36  29.7%     - 8483s
     0     0 8693852.36    0 2250 1.2362e+07 8693852.36  29.7%     - 8535s
     0     0 8693852.36    0 2294 1.2362e+07 8693852.36  29.7%     - 8538s
H    0     0                    1.232680e+07 8693852.36  29.5%     - 8584s
H    0     0                    1.217763e+07 8728236.64  28.3%     - 9046s
     0     0 8728236.64    0 2290 1.2178e+07 8728236.64  28.3%     - 9090s
     0     0 8728236.64    0 2331 1.2178e+07 8728236.64  28.3%     - 9140s
     0     0 8747523.41    0 2285 1.2178e+07 8747523.41  28.2%     - 9807s
     0     0 8747523.41    0 2286 1.2178e+07 8747523.41  28.2%     - 9849s
     0     0 8755942.34    0 2294 1.2178e+07 8755942.34  28.1%     - 10481s
     0     0 8755942.34    0 2306 1.2178e+07 8755942.34  28.1%     - 10510s
     0     0 8757985.00    0 2362 1.2178e+07 8757985.00  28.1%     - 10742s
     0     0 8757985.00    0 2347 1.2178e+07 8757985.00  28.1%     - 10745s
     0     0 8759329.50    0 2339 1.2178e+07 8759329.50  28.1%     - 10900s
     0     0 8759329.50    0 2328 1.2178e+07 8759329.50  28.1%     - 10933s
     0     0 8759797.12    0 2365 1.2178e+07 8759797.12  28.1%     - 11055s
     0     0 8829411.94    0 2312 1.2178e+07 8829411.94  27.5%     - 12434s
     0     0 8860516.49    0 2322 1.2178e+07 8860516.49  27.2%     - 13294s
     0     0 8860516.49    0 2313 1.2178e+07 8860516.49  27.2%     - 13297s
     0     0 8884455.22    0 2347 1.2178e+07 8884455.22  27.0%     - 14147s
     0     0 8889327.63    0 2385 1.2178e+07 8889327.63  27.0%     - 14486s
     0     0 8889327.63    0 2377 1.2178e+07 8889327.63  27.0%     - 14544s
     0     0 8891068.59    0 2391 1.2178e+07 8891068.59  27.0%     - 14800s
     0     0 8891068.59    0 2349 1.2178e+07 8891068.59  27.0%     - 14836s
     0     0 8891944.49    0 2396 1.2178e+07 8891944.49  27.0%     - 15102s
     0     0 8891944.49    0 2396 1.2178e+07 8891944.49  27.0%     - 15102s
     0     0 8892304.01    0 2337 1.2178e+07 8892304.01  27.0%     - 15272s
     0     0 8892304.01    0 2400 1.2178e+07 8892304.01  27.0%     - 15307s
H    0     0                    1.210981e+07 8944588.74  26.1%     - 16372s
     0     0 8944588.74    0 2356 1.2110e+07 8944588.74  26.1%     - 16580s
     0     0 8944588.74    0 2351 1.2110e+07 8944588.74  26.1%     - 16637s
     0     0 8958133.52    0 2389 1.2110e+07 8958133.52  26.0%     - 17714s
     0     0 8958133.52    0 2404 1.2110e+07 8958133.52  26.0%     - 17716s
     0     0 8977361.22    0 2388 1.2110e+07 8977361.22  25.9%     - 18849s
     0     0 8982211.98    0 2365 1.2110e+07 8982211.98  25.8%     - 19272s
     0     0 8982211.98    0 2327 1.2110e+07 8982211.98  25.8%     - 19323s
     0     0 8987950.84    0 2358 1.2110e+07 8987950.84  25.8%     - 19755s
     0     0 8987950.84    0 2364 1.2110e+07 8987950.84  25.8%     - 19866s
H    0     0                    1.209075e+07 8989205.98  25.7%     - 20055s
     0     0 8989205.98    0 2446 1.2091e+07 8989205.98  25.7%     - 20135s
     0     0 8989205.98    0 2433 1.2091e+07 8989205.98  25.7%     - 20173s
H    0     0                    1.208216e+07 8989887.68  25.6%     - 20234s
     0     0 8989887.68    0 2448 1.2082e+07 8989887.68  25.6%     - 20251s
     0     0 8989887.68    0 2473 1.2082e+07 8989887.68  25.6%     - 20254s
     0     0 8990225.08    0 2444 1.2082e+07 8990225.08  25.6%     - 20311s
     0     0 8990225.08    0 2425 1.2082e+07 8990225.08  25.6%     - 20316s
H    0     0                    1.208142e+07 9009399.57  25.4%     - 21012s
     0     0 9009399.57    0 2306 1.2081e+07 9009399.57  25.4%     - 21183s
     0     0 9017079.70    0 2347 1.2081e+07 9017079.70  25.4%     - 21985s
     0     0 9017079.70    0 2299 1.2081e+07 9017079.70  25.4%     - 22098s
     0     0 9022314.70    0 2321 1.2081e+07 9022314.70  25.3%     - 22761s
     0     0 9022314.70    0 2370 1.2081e+07 9022314.70  25.3%     - 22771s
     0     0 9024101.43    0 2390 1.2081e+07 9024101.43  25.3%     - 23235s
     0     0 9024101.43    0 2350 1.2081e+07 9024101.43  25.3%     - 23318s
     0     0 9025039.39    0 2400 1.2081e+07 9025039.39  25.3%     - 23623s
     0     0 9025579.42    0 2408 1.2081e+07 9025579.42  25.3%     - 23807s
     0     0 9025579.42    0 2357 1.2081e+07 9025579.42  25.3%     - 23874s
H    0     0                    1.208137e+07 9038520.31  25.2%     - 24443s
     0     0 9038520.31    0 2358 1.2081e+07 9038520.31  25.2%     - 24852s
H    0     0                    1.208122e+07 9038520.31  25.2%     - 24852s
     0     0 9043496.13    0 2340 1.2081e+07 9043496.13  25.1%     - 25539s
     0     0 9045266.63    0 2402 1.2081e+07 9045266.63  25.1%     - 26054s
     0     0 9045266.63    0 2401 1.2081e+07 9045266.63  25.1%     - 26057s
     0     0 9045972.43    0 2378 1.2081e+07 9045972.43  25.1%     - 26320s
     0     0 9052392.93    0 2280 1.2081e+07 9052392.93  25.1%     - 26785s
     0     0 9054671.76    0 2340 1.2081e+07 9054671.76  25.1%     - 27163s
     0     0 9054671.76    0 2326 1.2081e+07 9054671.76  25.1%     - 27166s
     0     0 9055629.34    0 2314 1.2081e+07 9055629.34  25.0%     - 27294s
     0     0 9055629.34    0 2315 1.2081e+07 9055629.34  25.0%     - 27294s
     0     0 9056068.05    0 2332 1.2081e+07 9056068.05  25.0%     - 27362s
     0     0 9059545.76    0 2324 1.2081e+07 9059545.76  25.0%     - 27628s
     0     0 9059552.81    0 2335 1.2081e+07 9059552.81  25.0%     - 27651s
H    0     0                    1.207773e+07 9059552.81  25.0%     - 28297s
     0     2 9059552.81    0 2270 1.2078e+07 9059552.81  25.0%     - 28597s
     1     4 9068548.41    1 2262 1.2078e+07 9059554.23  25.0% 70497 28808s
     3     8 9070680.10    2 2298 1.2078e+07 9059760.76  25.0% 42502 29421s
     7    12 9076708.22    3 2264 1.2078e+07 9061734.16  25.0% 87794 30082s
    11    16 9076429.57    3 2227 1.2078e+07 9061747.05  25.0% 97357 30406s
    15    20 9087132.51    4 2283 1.2078e+07 9065413.22  24.9% 91732 30795s
    19    24 9081315.76    4 2232 1.2078e+07 9065419.37  24.9% 79658 30878s
    23    29 9084763.02    5 2213 1.2078e+07 9065419.37  24.9% 68487 30989s
    28    36 9081464.35    5 2256 1.2078e+07 9065419.37  24.9% 58867 31113s
    35    40 9117277.98    6 2166 1.2078e+07 9065419.37  24.9% 51857 31755s
    39    45 9127031.15    7 2137 1.2078e+07 9065419.37  24.9% 51080 31980s
    46    53 9084764.80    7 2230 1.2078e+07 9065419.37  24.9% 44520 32115s
    54    60 9086899.15    9 2218 1.2078e+07 9065419.37  24.9% 39473 32986s
    61    65 9087506.31   10 2171 1.2078e+07 9065419.37  24.9% 37022 33379s
H   63    65                    1.206922e+07 9065419.37  24.9% 36948 33379s
    66    69 9107980.06   12 2137 1.2069e+07 9065419.37  24.9% 39669 34115s
    70    74 9089936.09   12 2157 1.2069e+07 9065419.37  24.9% 41675 34641s
    75    84 9090712.36   13 2132 1.2069e+07 9065419.37  24.9% 41635 36056s
    85    90 9101710.23   14 2117 1.2069e+07 9065419.37  24.9% 40186 36810s
    91    96 9106988.61   15 2188 1.2069e+07 9065419.37  24.9% 40179 37320s
H   93    96                    1.206876e+07 9065419.37  24.9% 39933 37320s
    97   112 9101246.04   15 2159 1.2069e+07 9065419.37  24.9% 39539 37850s
   113   126 9121837.45   17 2119 1.2069e+07 9065419.37  24.9% 35786 38122s
   129   137 9115550.22   18 2130 1.2069e+07 9065419.37  24.9% 32669 38358s
H  135   137                    1.198269e+07 9065419.37  24.3% 31662 38358s
   142   153 9130627.39   19 2113 1.1983e+07 9065419.37  24.3% 30919 38581s
   158   165 9119419.35   21 2152 1.1983e+07 9065419.37  24.3% 28738 38841s
H  171   165                    1.197716e+07 9065419.37  24.3% 27192 38841s
   178   171 9146787.23   24 2145 1.1977e+07 9065419.37  24.3% 27240 38995s
   184   181 9127668.53   25 2138 1.1977e+07 9065419.37  24.3% 28767 39888s
   194   188 9153714.51   25 2053 1.1977e+07 9065419.37  24.3% 29554 41379s
   201   193 9256619.20   26 2116 1.1977e+07 9065419.37  24.3% 29838 41749s
   206   205 9259135.59   27 2136 1.1977e+07 9065419.37  24.3% 29734 42042s
H  213   205                    1.197552e+07 9065419.37  24.3% 29235 42042s
   218   227 9270478.57   29 2076 1.1976e+07 9065419.37  24.3% 29196 42474s
   240   242 9292783.09   31 2093 1.1976e+07 9065419.37  24.3% 27624 42781s
   257   262 9314808.41   32 2104 1.1976e+07 9065419.37  24.3% 27078 43149s
H  279   276                    1.192153e+07 9065419.37  24.0% 25804 43701s
   293   296 9358267.75   39 2098 1.1922e+07 9065419.37  24.0% 25433 44264s
   313   317 9375340.37   41 2116 1.1922e+07 9065419.37  24.0% 24786 44658s
   334   350 9390311.45   44 2052 1.1922e+07 9065419.37  24.0% 24056 45047s
   367   375 9400078.62   50 2093 1.1922e+07 9065419.37  24.0% 22668 45501s
H  372   375                    1.191371e+07 9065419.37  23.9% 22538 45501s
   392   402 9411922.86   53 2098 1.1914e+07 9065419.37  23.9% 22043 45923s
   419   430 9423421.15   57 2063 1.1914e+07 9065419.37  23.9% 21451 46829s
H  441   430                    1.190781e+07 9065419.37  23.9% 21230 46829s
   447   461 9434091.47   60 2072 1.1908e+07 9065419.37  23.9% 21203 47360s
   478   488 9468680.37   66 2045 1.1908e+07 9065419.37  23.9% 20710 47831s
H  491   488                    1.189099e+07 9065419.37  23.8% 20494 47831s
   505   493 9479503.21   71 2050 1.1891e+07 9065419.37  23.8% 20300 48318s
   510   518 9533302.87   71 1952 1.1891e+07 9065419.37  23.8% 20339 48849s
H  535   540                    1.185252e+07 9065419.37  23.5% 20077 49378s
H  535   540                    1.184368e+07 9065419.37  23.5% 20077 49378s
   557   588 9511975.01   83 2028 1.1844e+07 9065419.37  23.5% 19908 50239s
   605   627 9532925.93   92 2013 1.1844e+07 9065419.37  23.5% 19179 50953s
   644   659 9545015.71   99 1944 1.1844e+07 9065419.37  23.5% 18738 51594s
   659   659 9759645.19  120 1939 1.1844e+07 9065419.37  23.5% 18680 51595s
   676   702 9569836.76  103 1971 1.1844e+07 9065419.37  23.5% 18575 52293s
   719   726 9642959.99  108 1986 1.1844e+07 9065419.37  23.5% 18247 53618s
   743   755 9701747.85  109 1936 1.1844e+07 9065419.37  23.5% 18383 54510s
   772   797 9697436.14  112 1927 1.1844e+07 9065419.37  23.5% 18423 55243s
   814   863 9708174.40  118 1941 1.1844e+07 9065419.37  23.5% 18197 56104s
   880   899 9731881.50  128 1921 1.1844e+07 9065419.37  23.5% 17538 56872s
   916   949 9741145.56  136 1917 1.1844e+07 9065419.37  23.5% 17437 57835s
   966   994 9757361.24  151 1911 1.1844e+07 9065419.37  23.5% 17261 58880s
H  996   994                    1.183922e+07 9065419.37  23.4% 16941 58880s
  1015  1037 9772849.21  151 1864 1.1839e+07 9065419.37  23.4% 16809 59759s
H 1034  1037                    1.183558e+07 9065419.37  23.4% 16690 59759s
  1058  1083 9776833.15  161 1881 1.1836e+07 9065419.37  23.4% 16757 60665s
  1104  1136 9852460.93  168 1906 1.1836e+07 9065419.37  23.4% 16790 61449s
H 1132  1136                    1.183478e+07 9065419.37  23.4% 16600 61449s
  1157  1192 9799337.22  177 1932 1.1835e+07 9065419.37  23.4% 16466 62505s
H 1161  1192                    1.182746e+07 9065419.37  23.4% 16438 62505s
H 1162  1192                    1.182298e+07 9065419.37  23.3% 16432 62505s
H 1182  1192                    1.179508e+07 9065419.37  23.1% 16304 62505s
  1213  1264 9853656.29  197 1917 1.1795e+07 9065419.37  23.1% 16286 64568s
H 1282  1264                    1.179258e+07 9065419.37  23.1% 16066 64568s
  1285  1355 9848979.49  204 1864 1.1793e+07 9065419.37  23.1% 16121 70889s
H 1308  1355                    1.178330e+07 9065419.37  23.1% 15985 70889s
H 1332  1355                    1.174955e+07 9065419.37  22.8% 15841 70889s
H 1362  1355                    1.170187e+07 9065419.37  22.5% 15691 70889s
  1376  1451 9874092.51  227 1808 1.1702e+07 9065419.37  22.5% 15735 72063s
H 1388  1451                    1.168946e+07 9065419.37  22.4% 15657 72064s
H 1419  1451                    1.168638e+07 9065419.37  22.4% 15489 72064s
H 1423  1451                    1.166439e+07 9065419.37  22.3% 15516 72064s
H 1450  1451                    1.164626e+07 9065419.37  22.2% 15331 72064s
H 1471  1451                    1.160981e+07 9065419.37  21.9% 15260 72064s
  1476  1551 9889503.14  256 1806 1.1610e+07 9065419.37  21.9% 15262 73304s
H 1497  1551                    1.156009e+07 9065419.37  21.6% 15145 73304s
  1582  1581 9920897.17  286 1784 1.1560e+07 9065419.37  21.6% 14920 74831s
H 1596  1581                    1.143082e+07 9065419.37  20.7% 15054 74831s
  1612  1669 9931329.62  297 1755 1.1431e+07 9065419.37  20.7% 15245 76273s
H 1630  1669                    1.142516e+07 9065419.37  20.7% 15179 76273s
H 1639  1669                    1.141531e+07 9065419.37  20.6% 15166 76273s
H 1671  1669                    1.139580e+07 9065419.37  20.4% 15185 76273s
H 1700  1708                    1.138739e+07 9065419.37  20.4% 15071 78098s
H 1701  1708                    1.137638e+07 9065419.37  20.3% 15071 78098s
  1739  1794 1.0028e+07  321 1716 1.1376e+07 9065419.37  20.3% 15026 79829s
  1825  1809 1.0027e+07  345 1771 1.1376e+07 9065419.37  20.3% 14964 80804s
H 1838  1809                    1.132326e+07 9065419.37  19.9% 14938 80805s
  1840  1899 1.0027e+07  346 1758 1.1323e+07 9065419.37  19.9% 14944 83010s
H 1864  1899                    1.131498e+07 9065419.37  19.9% 14870 83010s
  1930  1990 1.0123e+07  369 1591 1.1315e+07 9065419.37  19.9% 14788 86397s
H 1931  1990                    1.131143e+07 9065419.37  19.9% 14780 86398s

Cutting planes:
  Gomory: 9
  Lift-and-project: 3
  Cover: 4
  Implied bound: 1191
  MIR: 2854
  StrongCG: 17
  Flow cover: 146
  Flow path: 4
  Zero half: 5
  RLT: 1331
  Relax-and-lift: 1752

Explored 2029 nodes (34205728 simplex iterations) in 86398.09 seconds (85119.89 work units)
Thread count was 4 (of 128 available processors)

Solution count 10: 1.13114e+07 1.1315e+07 1.13233e+07 ... 1.15601e+07

Time limit reached
Best objective 1.131143300000e+07, best bound 9.065419372974e+06, gap 19.8561%

Solving took 	23:59:58.093
####################################################################################################
####################################################################################################
####################################################################################################
Reached timelimit, but could find a feasible solution
####################################################################################################
Description                          Value
----------------------------  ------------
Objective (min)               11,311,433.0
Cost sailing                   5,917,909.0
Cost port visits               7,413,465.0
Cost transshipment (demands)     137,092.0
Cost transshipment (empties)     115,330.0
Penalty delayed demands          340,249.0
Revenue Empties                2,612,612.0
Penalty rejected demands               0.0
Rejected demands (%)                   0.0
Omitted ports (%)                    18.72
Gap (%)                              19.86
####################################################################################################
Export solution
####################################################################################################
Overall time 	00:00:00.630

real	1440m1.679s
user	3512m59.954s
sys	0m40.823s
finished at Fri Mar 17 14:57:11 CET 2023
