cpu-bind=MASK - n2lcn0122, task  0  0 [3442315]: mask |--------|--------||--------|--------||--------|--------||--------|--------||||--------|----BBBB||--------|--------||--------|--------||--------|--------|  set
started at Thu Mar 16 14:57:10 CET 2023
Timecheck 9938770.63269455
Set parameter TokenServer to value "license3.uni-paderborn.de"
Warning: Gurobi version mismatch between Python 10.0.1 and C library 10.0.0
Timecheck 9938770.648816064
Timecheck 9938770.649041433
Timecheck 9938770.649075411
Timecheck 9938770.649097184


####################################################################################################
Solve scenario sce_4_26_2 with free vessel operation using the arc flow model
Vessels can omit ports, Demands cannot be rejected
####################################################################################################
Data preprocessing, load /upb/departments/pc2/groups/hpc-prf-winf4/dwetzel/SILSRP/inst_final/sce_4_26_2
and create additional sets and parameters
	|- Read vessel information, number of vessels:	11
	|- Read node information, number of nodes:		610
	|- Read arc information
		|- Number of sailing arcs:			4126
		|- Number of transshipment arcs:	803
	|- Read container information
		|- Number of demands:		2847
		|- Number of empties (+/-):	309/278
	|- Create additional sets and parameters

Data preprocessing took 	00:00:02.672
####################################################################################################
Create linear model
Set parameter Threads to value 4
	|- Create variables, took	00:00:05.071
	|- Create objective, took	00:00:03.517
	|- Create constraints, took	00:00:12.699
	|- Load CVO start

Creating model took	00:00:21.329
####################################################################################################
Fix start solution

Set parameter TimeLimit to value 8.6378326770285144e+04
Gurobi Optimizer version 10.0.0 build v10.0.0rc2 (linux64)

CPU model: AMD EPYC 7763 64-Core Processor, instruction set [SSE2|AVX|AVX2]
Thread count: 128 physical cores, 128 logical processors, using up to 4 threads

Optimize a model with 197589 rows, 1148917 columns and 3662114 nonzeros
Model fingerprint: 0x62707080
Variable types: 1100086 continuous, 48831 integer (48831 binary)
Coefficient statistics:
  Matrix range     [1e+00, 3e+05]
  Objective range  [1e+00, 1e+00]
  Bounds range     [1e+00, 5e+02]
  RHS range        [1e+00, 8e+07]
Presolve removed 176229 rows and 1100778 columns
Presolve time: 3.27s
Presolved: 21360 rows, 48139 columns, 150833 nonzeros
Variable types: 48139 continuous, 0 integer (0 binary)
Deterministic concurrent LP optimizer: primal and dual simplex
Showing first log only...

Concurrent spin time: 0.07s

Solved with dual simplex
Extra simplex iterations after uncrush: 1

Root relaxation: objective 3.953457e+07, 7518 iterations, 0.33 seconds (0.31 work units)

    Nodes    |    Current Node    |     Objective Bounds      |     Work
 Expl Unexpl |  Obj  Depth IntInf | Incumbent    BestBd   Gap | It/Node Time

*    0     0               0    3.953457e+07 3.9535e+07  0.00%     -    4s

Explored 1 nodes (7518 simplex iterations) in 4.58 seconds (3.24 work units)
Thread count was 4 (of 128 available processors)

Solution count 1: 3.95346e+07 

Optimal solution found (tolerance 1.00e-04)
Best objective 3.953457400000e+07, best bound 3.953457400000e+07, gap 0.0000%

Fixing start solution took	00:00:26.324
####################################################################################################
####################################################################################################
Solve optimization model

Set parameter TimeLimit to value 8.6373675705201924e+04
Gurobi Optimizer version 10.0.0 build v10.0.0rc2 (linux64)

CPU model: AMD EPYC 7763 64-Core Processor, instruction set [SSE2|AVX|AVX2]
Thread count: 128 physical cores, 128 logical processors, using up to 4 threads

Optimize a model with 196980 rows, 1148917 columns and 3661505 nonzeros
Model fingerprint: 0x951eb6fe
Variable types: 1100086 continuous, 48831 integer (48831 binary)
Coefficient statistics:
  Matrix range     [1e+00, 3e+05]
  Objective range  [1e+00, 1e+00]
  Bounds range     [1e+00, 5e+02]
  RHS range        [1e+00, 8e+07]

Loaded MIP start from previous solve with objective 3.95346e+07

Presolve removed 16241 rows and 28172 columns (presolve time = 5s) ...
Presolve removed 16241 rows and 28172 columns (presolve time = 10s) ...
Presolve removed 16241 rows and 28172 columns (presolve time = 15s) ...
Presolve removed 18470 rows and 45293 columns (presolve time = 20s) ...
Presolve removed 18470 rows and 45293 columns (presolve time = 25s) ...
Presolve removed 19410 rows and 52061 columns (presolve time = 30s) ...
Presolve removed 20582 rows and 61612 columns
Presolve time: 34.99s
Presolved: 176398 rows, 1087305 columns, 3156102 nonzeros
Variable types: 1045782 continuous, 41523 integer (41523 binary)
Deterministic concurrent LP optimizer: primal simplex, dual simplex, and barrier
Showing barrier log only...

Root barrier log...

Elapsed ordering time = 5s
Elapsed ordering time = 10s
Elapsed ordering time = 15s
Elapsed ordering time = 20s
Elapsed ordering time = 25s
Ordering time: 25.86s

Barrier statistics:
 AA' NZ     : 2.976e+06
 Factor NZ  : 6.884e+07 (roughly 1.0 GB of memory)
 Factor Ops : 9.830e+10 (roughly 2 seconds per iteration)
 Threads    : 2

                  Objective                Residual
Iter       Primal          Dual         Primal    Dual     Compl     Time
   0   5.68976006e+14 -2.66415782e+13  3.36e+08 4.19e+03  1.11e+11    69s
   1   1.37405596e+14 -8.27590600e+12  8.12e+07 6.72e+03  2.71e+10    72s
   2   1.33576689e+13 -2.79252011e+12  7.86e+06 1.17e+03  2.67e+09    74s
   3   1.99404440e+12 -1.18561727e+12  1.17e+06 2.01e+02  4.01e+08    77s
   4   3.95691946e+11 -5.82847755e+11  2.31e+05 5.97e-10  8.05e+07    80s
   5   3.69233007e+10 -3.27000947e+11  2.14e+04 5.02e-10  7.76e+06    84s
   6   2.84932799e+09 -2.33678754e+11  1.53e+03 7.57e-10  6.46e+05    87s
   7   5.22038611e+08 -1.21257928e+11  2.12e+02 1.92e-09  1.23e+05    91s
   8   1.77433872e+08 -5.72461988e+10  4.45e+01 1.32e-09  3.82e+04    94s
   9   8.94919121e+07 -1.99972010e+10  8.36e+00 1.05e-09  1.11e+04    98s
  10   6.66476339e+07 -4.78642041e+09  1.25e+00 9.36e-09  2.43e+03   101s
  11   5.83673730e+07 -1.73078624e+09  2.16e-01 7.28e-09  8.39e+02   104s
  12   5.26755626e+07 -8.36000031e+08  7.44e-02 7.17e-09  4.11e+02   106s
  13   4.81686515e+07 -5.49501976e+08  4.79e-02 1.99e-08  2.76e+02   109s
  14   4.56307165e+07 -3.43117834e+08  3.56e-02 1.81e-08  1.79e+02   111s
  15   4.17209510e+07 -2.40993479e+08  2.28e-02 6.39e-09  1.30e+02   114s
  16   3.93030816e+07 -1.72202844e+08  1.83e-02 9.10e-09  9.73e+01   117s
  17   3.36690595e+07 -1.03859014e+08  1.02e-02 3.86e-09  6.32e+01   120s
  18   2.83947095e+07 -4.59337944e+07  5.01e-03 8.93e-09  3.41e+01   123s
  19   2.38736978e+07 -1.80387662e+07  2.12e-03 4.98e-08  1.92e+01   126s
  20   2.09214030e+07 -5.16466978e+06  8.81e-04 4.98e-08  1.20e+01   129s
  21   1.94024525e+07  4.01180016e+06  4.73e-04 3.18e-09  7.06e+00   132s
  22   1.81161708e+07  9.52270114e+06  2.25e-04 4.09e-09  3.94e+00   135s
  23   1.73257719e+07  1.28186208e+07  1.13e-04 1.33e-08  2.07e+00   138s
  24   1.66767516e+07  1.48470045e+07  4.58e-05 2.10e-09  8.40e-01   141s
  25   1.64562962e+07  1.52916764e+07  2.65e-05 2.17e-08  5.34e-01   144s
  26   1.62417551e+07  1.55794767e+07  9.87e-06 6.09e-08  3.04e-01   147s
  27   1.61570168e+07  1.59537202e+07  3.95e-06 4.01e-08  9.33e-02   150s
  28   1.61208235e+07  1.60410232e+07  1.83e-06 6.41e-08  3.66e-02   153s
  29   1.61044755e+07  1.60689395e+07  9.18e-07 8.62e-08  1.63e-02   156s
  30   1.60958278e+07  1.60781720e+07  4.49e-07 6.04e-08  8.11e-03   159s
  31   1.60925636e+07  1.60831289e+07  2.68e-07 6.56e-09  4.33e-03   162s
  32   1.60892062e+07  1.60856786e+07  9.59e-08 3.99e-08  1.62e-03   165s
  33   1.60879078e+07  1.60870967e+07  3.94e-08 5.46e-08  3.73e-04   168s
  34   1.60872318e+07  1.60871375e+07  1.29e-08 6.78e-09  4.33e-05   171s
  35   1.60871652e+07  1.60871624e+07  9.29e-10 2.44e-08  1.29e-06   175s
  36   1.60871641e+07  1.60871640e+07  3.60e-09 5.21e-08  6.08e-08   178s
  37   1.60871640e+07  1.60871640e+07  1.52e-07 7.49e-08  1.59e-09   182s

Barrier solved model in 37 iterations and 182.45 seconds (176.02 work units)
Optimal objective 1.60871640e+07


Root crossover log...

  164905 DPushes remaining with DInf 1.3426179e-06               183s
   13404 DPushes remaining with DInf 0.0000000e+00               186s
       0 DPushes remaining with DInf 0.0000000e+00               187s

    4832 PPushes remaining with PInf 0.0000000e+00               187s
       0 PPushes remaining with PInf 0.0000000e+00               188s

  Push phase complete: Pinf 0.0000000e+00, Dinf 2.4139599e-08    188s


Root simplex log...

Iteration    Objective       Primal Inf.    Dual Inf.      Time
  167078    1.6087164e+07   0.000000e+00   0.000000e+00    188s
Waiting for other threads to finish...         252s
Concurrent spin time: 66.37s (can be avoided by choosing Method=3)

Solved with barrier
  167078    1.6087164e+07   0.000000e+00   0.000000e+00    255s

Root relaxation: objective 1.608716e+07, 167078 iterations, 219.36 seconds (170.36 work units)
Total elapsed time = 269.73s
Total elapsed time = 289.79s
Total elapsed time = 304.83s
Total elapsed time = 313.77s

    Nodes    |    Current Node    |     Objective Bounds      |     Work
 Expl Unexpl |  Obj  Depth IntInf | Incumbent    BestBd   Gap | It/Node Time

     0     0 1.6087e+07    0 5139 3.9535e+07 1.6087e+07  59.3%     -  321s
     0     0 1.7210e+07    0 4889 3.9535e+07 1.7210e+07  56.5%     - 15948s
     0     0 1.7216e+07    0 4963 3.9535e+07 1.7216e+07  56.5%     - 17051s
     0     0 1.7353e+07    0 4983 3.9535e+07 1.7353e+07  56.1%     - 26085s
     0     0 1.7354e+07    0 5078 3.9535e+07 1.7354e+07  56.1%     - 27579s
H    0     0                    3.931444e+07 1.7354e+07  55.9%     - 30479s
     0     0 1.7382e+07    0 5117 3.9314e+07 1.7382e+07  55.8%     - 33303s
     0     0 1.7382e+07    0 5116 3.9314e+07 1.7382e+07  55.8%     - 33334s
     0     0 1.7384e+07    0 5136 3.9314e+07 1.7384e+07  55.8%     - 34619s
     0     0 1.7384e+07    0 5145 3.9314e+07 1.7384e+07  55.8%     - 34627s
     0     0 1.7385e+07    0 5120 3.9314e+07 1.7385e+07  55.8%     - 35293s
     0     0 1.7385e+07    0 5129 3.9314e+07 1.7385e+07  55.8%     - 36194s
     0     0 1.7385e+07    0 5092 3.9314e+07 1.7385e+07  55.8%     - 38616s
     0     0 1.7385e+07    0 5043 3.9314e+07 1.7385e+07  55.8%     - 40271s
     0     0 1.7803e+07    0 5231 3.9314e+07 1.7803e+07  54.7%     - 69754s
     0     0 1.7803e+07    0 5332 3.9314e+07 1.7803e+07  54.7%     - 71621s

Cutting planes:
  Gomory: 1
  Lift-and-project: 1
  Cover: 1
  Implied bound: 672
  MIR: 1995
  Flow cover: 134
  Flow path: 72
  RLT: 54
  Relax-and-lift: 512

Explored 1 nodes (2389679 simplex iterations) in 86373.81 seconds (86860.72 work units)
Thread count was 4 (of 128 available processors)

Solution count 2: 3.93144e+07 3.95346e+07 

Time limit reached
Best objective 3.931444100000e+07, best bound 1.780281787549e+07, gap 54.7168%

Solving took 	23:59:33.828
####################################################################################################
####################################################################################################
####################################################################################################
Reached timelimit, but could find a feasible solution
####################################################################################################
Description                          Value
----------------------------  ------------
Objective (min)               39,314,441.0
Cost sailing                  18,675,539.0
Cost port visits              12,071,400.0
Cost transshipment (demands)   5,819,444.0
Cost transshipment (empties)     378,356.0
Penalty delayed demands        5,714,374.0
Revenue Empties                3,344,672.0
Penalty rejected demands               0.0
Rejected demands (%)                   0.0
Omitted ports (%)                      0.5
Gap (%)                              54.72
####################################################################################################
Export solution
####################################################################################################
Overall time 	1-00:00:04.115

real	1440m5.229s
user	1444m27.298s
sys	0m52.092s
finished at Fri Mar 17 14:57:15 CET 2023
