cpu-bind=MASK - n2lcn0122, task  0  0 [3442313]: mask |--------|--------||--------|--------||--------|--------||--------|--------||||----BBBB|--------||--------|--------||--------|--------||--------|--------|  set
started at Thu Mar 16 14:57:09 CET 2023
Timecheck 9938770.58090566
Set parameter TokenServer to value "license3.uni-paderborn.de"
Warning: Gurobi version mismatch between Python 10.0.1 and C library 10.0.0
Timecheck 9938770.59658966
Timecheck 9938770.596808592
Timecheck 9938770.596840411
Timecheck 9938770.596861651


####################################################################################################
Solve scenario sce_3_26_3 with free vessel operation using the arc flow model
Vessels can omit ports, Demands cannot be rejected
####################################################################################################
Data preprocessing, load /upb/departments/pc2/groups/hpc-prf-winf4/dwetzel/SILSRP/inst_final/sce_3_26_3
and create additional sets and parameters
	|- Read vessel information, number of vessels:	10
	|- Read node information, number of nodes:		373
	|- Read arc information
		|- Number of sailing arcs:			1531
		|- Number of transshipment arcs:	724
	|- Read container information
		|- Number of demands:		740
		|- Number of empties (+/-):	159/156
	|- Create additional sets and parameters

Data preprocessing took 	00:00:00.256
####################################################################################################
Create linear model
Set parameter Threads to value 4
	|- Create variables, took	00:00:00.298
	|- Create objective, took	00:00:00.263
	|- Create constraints, took	00:00:01.142
	|- Load CVO start

Creating model took	00:00:01.715
####################################################################################################
Fix start solution

Set parameter TimeLimit to value 8.6398256287634373e+04
Gurobi Optimizer version 10.0.0 build v10.0.0rc2 (linux64)

CPU model: AMD EPYC 7763 64-Core Processor, instruction set [SSE2|AVX|AVX2]
Thread count: 128 physical cores, 128 logical processors, using up to 4 threads

Optimize a model with 24880 rows, 83492 columns and 306950 nonzeros
Model fingerprint: 0x86bf7697
Variable types: 67080 continuous, 16412 integer (16412 binary)
Coefficient statistics:
  Matrix range     [1e+00, 1e+06]
  Objective range  [1e+00, 1e+00]
  Bounds range     [1e+00, 2e+03]
  RHS range        [1e+00, 2e+08]
Presolve removed 22760 rows and 78849 columns
Presolve time: 0.16s
Presolved: 2120 rows, 4643 columns, 14308 nonzeros
Variable types: 4643 continuous, 0 integer (0 binary)

Root relaxation: objective 2.424449e+07, 1049 iterations, 0.01 seconds (0.01 work units)

    Nodes    |    Current Node    |     Objective Bounds      |     Work
 Expl Unexpl |  Obj  Depth IntInf | Incumbent    BestBd   Gap | It/Node Time

*    0     0               0    2.424449e+07 2.4244e+07  0.00%     -    0s

Explored 1 nodes (1049 simplex iterations) in 0.21 seconds (0.22 work units)
Thread count was 4 (of 128 available processors)

Solution count 1: 2.42445e+07 

Optimal solution found (tolerance 1.00e-04)
Best objective 2.424448633333e+07, best bound 2.424448633333e+07, gap 0.0000%

Fixing start solution took	00:00:01.976
####################################################################################################
####################################################################################################
Solve optimization model

Set parameter TimeLimit to value 8.6398023473968729e+04
Gurobi Optimizer version 10.0.0 build v10.0.0rc2 (linux64)

CPU model: AMD EPYC 7763 64-Core Processor, instruction set [SSE2|AVX|AVX2]
Thread count: 128 physical cores, 128 logical processors, using up to 4 threads

Optimize a model with 24508 rows, 83492 columns and 306578 nonzeros
Model fingerprint: 0x1e67bf69
Variable types: 67080 continuous, 16412 integer (16412 binary)
Coefficient statistics:
  Matrix range     [1e+00, 1e+06]
  Objective range  [1e+00, 1e+00]
  Bounds range     [1e+00, 2e+03]
  RHS range        [1e+00, 2e+08]

MIP start from previous solve produced solution with objective 2.42445e+07 (0.16s)
MIP start from previous solve produced solution with objective 2.42445e+07 (0.16s)
Loaded MIP start from previous solve with objective 2.42445e+07

Presolve removed 5403 rows and 8720 columns
Presolve time: 0.89s
Presolved: 19105 rows, 74772 columns, 222636 nonzeros
Variable types: 60932 continuous, 13840 integer (13840 binary)
Deterministic concurrent LP optimizer: primal and dual simplex
Showing first log only...


Root simplex log...

Iteration    Objective       Primal Inf.    Dual Inf.      Time
   37193    2.5073220e+07   0.000000e+00   4.066717e+08      5s
   62540    1.9488526e+07   0.000000e+00   5.673077e+07     10s
   83884    1.6692207e+07   0.000000e+00   1.079827e+09     15s
  104499    1.4844021e+07   0.000000e+00   3.679986e+08     20s
  123870    1.3722717e+07   0.000000e+00   5.006571e+07     25s
  141191    1.3347966e+07   0.000000e+00   2.664479e+06     30s
  157671    1.3081329e+07   0.000000e+00   4.669105e+06     35s
  173642    1.2940176e+07   0.000000e+00   5.762595e+05     40s
  183890    1.2848943e+07   0.000000e+00   2.187168e+06     45s
  192458    1.2795587e+07   0.000000e+00   2.491904e+07     50s
  200691    1.2761688e+07   0.000000e+00   3.605078e+05     55s
  208419    1.2746159e+07   0.000000e+00   3.125271e+05     60s
  214781    1.2743149e+07   0.000000e+00   0.000000e+00     64s
Concurrent spin time: 20.24s

Solved with primal simplex
  214781    1.2743149e+07   0.000000e+00   0.000000e+00     85s

Root relaxation: objective 1.274315e+07, 214781 iterations, 83.57 seconds (76.94 work units)

    Nodes    |    Current Node    |     Objective Bounds      |     Work
 Expl Unexpl |  Obj  Depth IntInf | Incumbent    BestBd   Gap | It/Node Time

     0     0 1.2743e+07    0 2545 2.4244e+07 1.2743e+07  47.4%     -   85s
     0     0 1.3525e+07    0 2644 2.4244e+07 1.3525e+07  44.2%     -  255s
     0     0 1.3562e+07    0 2648 2.4244e+07 1.3562e+07  44.1%     -  306s
     0     0 1.3600e+07    0 2618 2.4244e+07 1.3600e+07  43.9%     -  323s
     0     0 1.3600e+07    0 2629 2.4244e+07 1.3600e+07  43.9%     -  323s
     0     0 1.3600e+07    0 2640 2.4244e+07 1.3600e+07  43.9%     -  326s
     0     0 1.3889e+07    0 2555 2.4244e+07 1.3889e+07  42.7%     -  517s
     0     0 1.3930e+07    0 2595 2.4244e+07 1.3930e+07  42.5%     -  696s
     0     0 1.3930e+07    0 2586 2.4244e+07 1.3930e+07  42.5%     -  696s
     0     0 1.3963e+07    0 2603 2.4244e+07 1.3963e+07  42.4%     -  817s
     0     0 1.3968e+07    0 2680 2.4244e+07 1.3968e+07  42.4%     -  852s
     0     0 1.3968e+07    0 2675 2.4244e+07 1.3968e+07  42.4%     -  879s
     0     0 1.3968e+07    0 2648 2.4244e+07 1.3968e+07  42.4%     -  899s
     0     0 1.3968e+07    0 2698 2.4244e+07 1.3968e+07  42.4%     -  922s
     0     0 1.3968e+07    0 2643 2.4244e+07 1.3968e+07  42.4%     -  927s
     0     0 1.3968e+07    0 2699 2.4244e+07 1.3968e+07  42.4%     -  943s
     0     0 1.4164e+07    0 2643 2.4244e+07 1.4164e+07  41.6%     - 1249s
     0     0 1.4237e+07    0 2741 2.4244e+07 1.4237e+07  41.3%     - 1441s
     0     0 1.4237e+07    0 2764 2.4244e+07 1.4237e+07  41.3%     - 1464s
     0     0 1.4258e+07    0 2793 2.4244e+07 1.4258e+07  41.2%     - 1576s
     0     0 1.4258e+07    0 2774 2.4244e+07 1.4258e+07  41.2%     - 1577s
     0     0 1.4268e+07    0 2837 2.4244e+07 1.4268e+07  41.2%     - 1657s
     0     0 1.4272e+07    0 2766 2.4244e+07 1.4272e+07  41.1%     - 1702s
     0     0 1.4272e+07    0 2794 2.4244e+07 1.4272e+07  41.1%     - 1703s
     0     0 1.4272e+07    0 2858 2.4244e+07 1.4272e+07  41.1%     - 1773s
     0     0 1.4272e+07    0 2834 2.4244e+07 1.4272e+07  41.1%     - 1799s
     0     0 1.4273e+07    0 2804 2.4244e+07 1.4273e+07  41.1%     - 1848s
     0     0 1.4273e+07    0 2820 2.4244e+07 1.4273e+07  41.1%     - 1866s
     0     0 1.4365e+07    0 2780 2.4244e+07 1.4365e+07  40.7%     - 2090s
     0     0 1.4365e+07    0 2721 2.4244e+07 1.4365e+07  40.7%     - 2146s
     0     0 1.4402e+07    0 2818 2.4244e+07 1.4402e+07  40.6%     - 2342s
     0     0 1.4402e+07    0 2805 2.4244e+07 1.4402e+07  40.6%     - 2342s
     0     0 1.4419e+07    0 2768 2.4244e+07 1.4419e+07  40.5%     - 2549s
     0     0 1.4419e+07    0 2770 2.4244e+07 1.4419e+07  40.5%     - 2623s
H    0     0                    2.422629e+07 1.4423e+07  40.5%     - 2732s
     0     0 1.4423e+07    0 2867 2.4226e+07 1.4423e+07  40.5%     - 2807s
     0     0 1.4423e+07    0 2877 2.4226e+07 1.4423e+07  40.5%     - 2807s
     0     0 1.4424e+07    0 2793 2.4226e+07 1.4424e+07  40.5%     - 2887s
     0     0 1.4425e+07    0 2813 2.4226e+07 1.4425e+07  40.5%     - 2917s
     0     0 1.4425e+07    0 2843 2.4226e+07 1.4425e+07  40.5%     - 2929s
     0     0 1.4425e+07    0 2871 2.4226e+07 1.4425e+07  40.5%     - 2930s
     0     0 1.4502e+07    0 2748 2.4226e+07 1.4502e+07  40.1%     - 3248s
     0     0 1.4502e+07    0 2719 2.4226e+07 1.4502e+07  40.1%     - 3277s
     0     0 1.4524e+07    0 2769 2.4226e+07 1.4524e+07  40.0%     - 3473s
     0     0 1.4524e+07    0 2746 2.4226e+07 1.4524e+07  40.0%     - 3541s
     0     0 1.4532e+07    0 2833 2.4226e+07 1.4532e+07  40.0%     - 3655s
     0     0 1.4532e+07    0 2818 2.4226e+07 1.4532e+07  40.0%     - 3710s
     0     0 1.4536e+07    0 2830 2.4226e+07 1.4536e+07  40.0%     - 3802s
     0     0 1.4536e+07    0 2830 2.4226e+07 1.4536e+07  40.0%     - 3802s
     0     0 1.4537e+07    0 2837 2.4226e+07 1.4537e+07  40.0%     - 3906s
     0     0 1.4537e+07    0 2809 2.4226e+07 1.4537e+07  40.0%     - 3930s
     0     0 1.4537e+07    0 2852 2.4226e+07 1.4537e+07  40.0%     - 3957s
     0     0 1.4591e+07    0 2693 2.4226e+07 1.4591e+07  39.8%     - 4316s
     0     0 1.4591e+07    0 2751 2.4226e+07 1.4591e+07  39.8%     - 4317s
     0     0 1.4601e+07    0 2639 2.4226e+07 1.4601e+07  39.7%     - 4512s
     0     0 1.4601e+07    0 2742 2.4226e+07 1.4601e+07  39.7%     - 4602s
     0     0 1.4603e+07    0 2799 2.4226e+07 1.4603e+07  39.7%     - 4780s
     0     0 1.4605e+07    0 2742 2.4226e+07 1.4605e+07  39.7%     - 4878s
     0     0 1.4605e+07    0 2747 2.4226e+07 1.4605e+07  39.7%     - 4892s
     0     0 1.4605e+07    0 2775 2.4226e+07 1.4605e+07  39.7%     - 4942s
H    0     0                    2.421325e+07 1.4605e+07  39.7%     - 4989s
     0     0 1.4627e+07    0 2791 2.4213e+07 1.4627e+07  39.6%     - 5462s
     0     0 1.4627e+07    0 2776 2.4213e+07 1.4627e+07  39.6%     - 5475s
     0     0 1.4633e+07    0 2754 2.4213e+07 1.4633e+07  39.6%     - 5715s
     0     0 1.4633e+07    0 2754 2.4213e+07 1.4633e+07  39.6%     - 5716s
     0     0 1.4636e+07    0 2770 2.4213e+07 1.4636e+07  39.6%     - 5874s
     0     0 1.4636e+07    0 2727 2.4213e+07 1.4636e+07  39.6%     - 5978s
     0     0 1.4637e+07    0 2853 2.4213e+07 1.4637e+07  39.5%     - 6240s
     0     0 1.4637e+07    0 2801 2.4213e+07 1.4637e+07  39.5%     - 6296s
     0     0 1.4637e+07    0 2827 2.4213e+07 1.4637e+07  39.5%     - 6438s
     0     0 1.4637e+07    0 2760 2.4213e+07 1.4637e+07  39.5%     - 6519s
     0     0 1.4650e+07    0 2678 2.4213e+07 1.4650e+07  39.5%     - 7122s
     0     0 1.4650e+07    0 2717 2.4213e+07 1.4650e+07  39.5%     - 7126s
     0     0 1.4653e+07    0 2724 2.4213e+07 1.4653e+07  39.5%     - 7321s
     0     0 1.4655e+07    0 2681 2.4213e+07 1.4655e+07  39.5%     - 7439s
     0     0 1.4655e+07    0 2689 2.4213e+07 1.4655e+07  39.5%     - 7439s
     0     0 1.4655e+07    0 2701 2.4213e+07 1.4655e+07  39.5%     - 7550s
     0     0 1.4655e+07    0 2710 2.4213e+07 1.4655e+07  39.5%     - 7555s
     0     0 1.4663e+07    0 2655 2.4213e+07 1.4663e+07  39.4%     - 7852s
     0     0 1.4667e+07    0 2735 2.4213e+07 1.4667e+07  39.4%     - 8051s
     0     0 1.4667e+07    0 2626 2.4213e+07 1.4667e+07  39.4%     - 8124s
     0     0 1.4668e+07    0 2685 2.4213e+07 1.4668e+07  39.4%     - 8320s
     0     0 1.4668e+07    0 2706 2.4213e+07 1.4668e+07  39.4%     - 8325s
     0     0 1.4669e+07    0 2669 2.4213e+07 1.4669e+07  39.4%     - 8404s
     0     0 1.4669e+07    0 2709 2.4213e+07 1.4669e+07  39.4%     - 8472s
     0     0 1.4676e+07    0 2694 2.4213e+07 1.4676e+07  39.4%     - 9008s
     0     0 1.4676e+07    0 2657 2.4213e+07 1.4676e+07  39.4%     - 9009s
     0     0 1.4677e+07    0 2694 2.4213e+07 1.4677e+07  39.4%     - 9150s
     0     0 1.4677e+07    0 2648 2.4213e+07 1.4677e+07  39.4%     - 9223s
     0     0 1.4678e+07    0 2720 2.4213e+07 1.4678e+07  39.4%     - 9354s
     0     0 1.4681e+07    0 2694 2.4213e+07 1.4681e+07  39.4%     - 9559s
     0     0 1.4681e+07    0 2694 2.4213e+07 1.4681e+07  39.4%     - 9559s
     0     2 1.4681e+07    0 2692 2.4213e+07 1.4681e+07  39.4%     - 9799s
     1     4 1.4701e+07    1 2640 2.4213e+07 1.4681e+07  39.4% 65357 9988s
     3     8 1.4713e+07    2 2675 2.4213e+07 1.4687e+07  39.3% 53599 10413s
     7    12 1.4721e+07    3 2734 2.4213e+07 1.4702e+07  39.3% 65806 10710s
    11    16 1.4737e+07    3 2670 2.4213e+07 1.4702e+07  39.3% 67892 11142s
    15    20 1.4725e+07    4 2548 2.4213e+07 1.4718e+07  39.2% 75553 11192s
    19    24 1.4724e+07    4 2682 2.4213e+07 1.4718e+07  39.2% 66229 11259s
    23    28 1.4734e+07    5 2648 2.4213e+07 1.4720e+07  39.2% 62003 11299s
    27    32 1.4730e+07    5 2671 2.4213e+07 1.4720e+07  39.2% 56248 11352s
    31    38 1.4750e+07    6 2576 2.4213e+07 1.4720e+07  39.2% 52855 11418s
    37    44 1.4734e+07    6 2618 2.4213e+07 1.4720e+07  39.2% 46700 11487s
    43    48 1.4743e+07    7 2669 2.4213e+07 1.4720e+07  39.2% 43474 11758s
    47    55 1.4754e+07    7 2524 2.4213e+07 1.4720e+07  39.2% 43290 11851s
    54    60 1.4795e+07    8 2662 2.4213e+07 1.4720e+07  39.2% 41351 12145s
    59    65 1.4749e+07    8 2567 2.4213e+07 1.4720e+07  39.2% 40387 12394s
    64    72 1.4754e+07    9 2502 2.4213e+07 1.4720e+07  39.2% 38700 12627s
    71    81 1.4754e+07   11 2524 2.4213e+07 1.4720e+07  39.2% 36953 12983s
    80    90 1.4770e+07   13 2575 2.4213e+07 1.4720e+07  39.2% 36053 13085s
    89    94 1.4788e+07   13 2551 2.4213e+07 1.4720e+07  39.2% 34876 13491s
    93   100 1.4781e+07   14 2560 2.4213e+07 1.4720e+07  39.2% 35594 13600s
    99   105 1.4784e+07   14 2565 2.4213e+07 1.4720e+07  39.2% 35154 13916s
   104   113 1.4797e+07   15 2401 2.4213e+07 1.4720e+07  39.2% 36133 14064s
   112   123 1.4785e+07   16 2525 2.4213e+07 1.4720e+07  39.2% 34953 14171s
   122   128 1.4794e+07   18 2496 2.4213e+07 1.4720e+07  39.2% 33499 14524s
   127   140 1.4800e+07   19 2485 2.4213e+07 1.4720e+07  39.2% 34111 15255s
   139   145 1.4812e+07   21 2523 2.4213e+07 1.4720e+07  39.2% 33356 15616s
   144   152 1.4859e+07   22 2468 2.4213e+07 1.4720e+07  39.2% 34415 16045s
   151   168 1.4817e+07   22 2493 2.4213e+07 1.4720e+07  39.2% 35207 16213s
   167   185 1.4910e+07   24 2499 2.4213e+07 1.4720e+07  39.2% 33241 16367s
   186   197 1.4879e+07   26 2435 2.4213e+07 1.4720e+07  39.2% 31124 16620s
   198   211 1.4932e+07   28 2366 2.4213e+07 1.4720e+07  39.2% 30430 17206s
   212   216 1.4946e+07   28 2477 2.4213e+07 1.4720e+07  39.2% 30084 17739s
H  216   216                    2.413940e+07 1.4720e+07  39.0% 30381 17739s
   217   235 1.4933e+07   29 2409 2.4139e+07 1.4720e+07  39.0% 30537 17929s
H  236   256                    2.353408e+07 1.4720e+07  37.5% 29328 18132s
   257   285 1.4946e+07   33 2307 2.3534e+07 1.4720e+07  37.5% 28168 18321s
H  286   308                    2.343303e+07 1.4720e+07  37.2% 26351 18944s
   310   343 1.5082e+07   41 2235 2.3433e+07 1.4720e+07  37.2% 25656 19172s
H  345   371                    2.341183e+07 1.4720e+07  37.1% 24019 19417s
H  351   371                    2.339133e+07 1.4720e+07  37.1% 23860 19417s
   375   389 1.5283e+07   50 2288 2.3391e+07 1.4720e+07  37.1% 23129 19679s
   393   431 1.5304e+07   51 2311 2.3391e+07 1.4720e+07  37.1% 22521 19911s
H  402   431                    2.331753e+07 1.4720e+07  36.9% 22250 19911s
   435   453 1.5324e+07   54 2227 2.3318e+07 1.4720e+07  36.9% 21222 20440s
H  453   453                    2.329138e+07 1.4720e+07  36.8% 20916 20440s
H  461   482                    2.325385e+07 1.4720e+07  36.7% 20874 20680s
H  468   482                    2.291056e+07 1.4720e+07  35.7% 20809 20680s
   490   515 infeasible   59      2.2911e+07 1.4720e+07  35.7% 20374 20927s
H  527   549                    2.251620e+07 1.4720e+07  34.6% 19796 21216s
   563   593 1.5628e+07   67 2048 2.2516e+07 1.4720e+07  34.6% 19362 21484s
H  607   621                    2.219028e+07 1.4720e+07  33.7% 18761 21763s
H  616   621                    2.210218e+07 1.4720e+07  33.4% 18714 21763s
H  628   621                    2.209312e+07 1.4720e+07  33.4% 18542 21763s
   641   661 1.5678e+07   77 2040 2.2093e+07 1.4720e+07  33.4% 18425 22089s
H  651   661                    2.166198e+07 1.4720e+07  32.0% 18361 22089s
H  699   691                    2.165593e+07 1.4720e+07  32.0% 17682 22539s
H  714   691                    2.155778e+07 1.4720e+07  31.7% 18150 22539s
   729   714 1.5799e+07   86 1971 2.1558e+07 1.4720e+07  31.7% 18696 23523s
   752   739 1.5771e+07   91 1881 2.1558e+07 1.4720e+07  31.7% 18844 24258s
H  776   739                    2.101430e+07 1.4720e+07  30.0% 19005 24258s
   777   767 1.5931e+07   91 1918 2.1014e+07 1.4720e+07  30.0% 19029 30003s
H  807   794                    2.064386e+07 1.4720e+07  28.7% 18837 30629s
   834   848 1.5868e+07   98 1947 2.0644e+07 1.4720e+07  28.7% 18614 31452s
   890   911 1.6020e+07  106 1915 2.0644e+07 1.4720e+07  28.7% 18339 32866s
H  952   911                    2.034903e+07 1.4720e+07  27.7% 17517 32866s
   959   985 1.6320e+07  126 1831 2.0349e+07 1.4720e+07  27.7% 17480 33826s
  1047  1074 1.6362e+07  145 1841 2.0349e+07 1.4720e+07  27.7% 17191 34380s
  1146  1077 1.4821e+07   13 2496 2.0349e+07 1.4720e+07  27.7% 17088 42458s
H 1147  1077                    2.003876e+07 1.4720e+07  26.5% 17073 42458s
H 1151  1144                    1.987090e+07 1.4720e+07  25.9% 17128 43277s
  1220  1231 1.5111e+07   24 2343 1.9871e+07 1.4720e+07  25.9% 17618 43985s
H 1226  1231                    1.950482e+07 1.4720e+07  24.5% 17559 43985s
  1307  1324 1.5222e+07   35 2319 1.9505e+07 1.4720e+07  24.5% 17110 45663s
H 1358  1324                    1.948673e+07 1.4720e+07  24.5% 16664 45663s
H 1384  1324                    1.948322e+07 1.4720e+07  24.4% 16443 45663s
  1406  1463 1.5393e+07   61 2157 1.9483e+07 1.4720e+07  24.4% 16351 46723s
  1565  1551 infeasible   85      1.9483e+07 1.4720e+07  24.4% 15417 47415s
  1674  1552 1.8256e+07  402 2694 1.9483e+07 1.4720e+07  24.4% 15684 48833s
  1676  1553 1.6882e+07  204 2531 1.9483e+07 1.4720e+07  24.4% 15665 48940s
  1677  1554 1.4769e+07   12 2539 1.9483e+07 1.4720e+07  24.4% 15656 49085s
  1678  1555 1.4798e+07   13 2563 1.9483e+07 1.4720e+07  24.4% 15646 49393s
  1679  1555 1.7113e+07  246 2645 1.9483e+07 1.4720e+07  24.4% 15637 49651s
  1680  1556 1.7296e+07  232 2627 1.9483e+07 1.4720e+07  24.4% 15628 49913s
  1681  1557 1.6752e+07  191 2665 1.9483e+07 1.4720e+07  24.4% 15618 50187s
  1682  1557 1.5741e+07   89 2720 1.9483e+07 1.4720e+07  24.4% 15609 50442s
  1683  1558 1.8150e+07  345 2670 1.9483e+07 1.4720e+07  24.4% 15600 50603s
  1684  1559 1.8124e+07  313 2680 1.9483e+07 1.4720e+07  24.4% 15591 50797s
  1685  1559 1.7082e+07  237 2668 1.9483e+07 1.4720e+07  24.4% 15581 50984s
  1686  1560 1.5603e+07   63 2645 1.9483e+07 1.4720e+07  24.4% 15572 51102s
  1687  1561 1.6931e+07  213 2701 1.9483e+07 1.4720e+07  24.4% 15563 51221s
  1688  1561 1.7914e+07  318 2654 1.9483e+07 1.4720e+07  24.4% 15554 51303s
  1689  1562 1.6190e+07  108 2683 1.9483e+07 1.4720e+07  24.4% 15544 51363s
  1690  1563 1.6515e+07  137 2716 1.9483e+07 1.4720e+07  24.4% 15535 51419s
  1691  1563 1.6139e+07  109 2700 1.9483e+07 1.4720e+07  24.4% 15526 51456s
  1692  1564 1.7957e+07  336 2689 1.9483e+07 1.4720e+07  24.4% 15517 51684s
  1693  1565 1.6085e+07  104 2657 1.9483e+07 1.4720e+07  24.4% 15508 51806s
  1694  1565 1.5132e+07   59 2630 1.9483e+07 1.4720e+07  24.4% 15499 51889s
  1695  1566 1.5248e+07   83 2691 1.9483e+07 1.4720e+07  24.4% 15489 51939s
  1696  1567 1.7523e+07  280 2657 1.9483e+07 1.4720e+07  24.4% 15480 51961s
  1697  1567 1.5920e+07   88 2713 1.9483e+07 1.4720e+07  24.4% 15471 51982s
  1698  1568 1.5204e+07   73 2701 1.9483e+07 1.4720e+07  24.4% 15462 52003s
  1699  1569 1.4844e+07    7 2624 1.9483e+07 1.4729e+07  24.4% 15453 52157s
  1700  1569 1.7097e+07  238 2628 1.9483e+07 1.4732e+07  24.4% 15444 52246s
  1701  1570 1.8261e+07  407 2632 1.9483e+07 1.4733e+07  24.4% 15435 52308s
  1702  1571 1.7015e+07  228 2634 1.9483e+07 1.4734e+07  24.4% 15426 52342s
  1703  1571 1.7068e+07  195 2659 1.9483e+07 1.4734e+07  24.4% 15417 52372s
  1704  1572 1.7092e+07  236 2537 1.9483e+07 1.4737e+07  24.4% 15408 52560s
  1705  1573 1.6336e+07  150 2561 1.9483e+07 1.4738e+07  24.4% 15399 52632s
  1706  1573 1.7957e+07  336 2566 1.9483e+07 1.4739e+07  24.4% 15390 52675s
  1707  1574 1.5058e+07   40 2619 1.9483e+07 1.4739e+07  24.3% 15381 52699s
  1708  1575 1.5023e+07   37 2606 1.9483e+07 1.4739e+07  24.3% 15372 52735s
  1709  1575 1.6838e+07  201 2627 1.9483e+07 1.4739e+07  24.3% 15363 52768s
  1710  1576 1.4983e+07   42 2571 1.9483e+07 1.4743e+07  24.3% 15354 52887s
  1711  1577 1.7835e+07  306 2491 1.9483e+07 1.4744e+07  24.3% 15345 52929s
  1712  1577 1.8163e+07  361 2561 1.9483e+07 1.4744e+07  24.3% 15336 52970s
  1713  1578 1.6891e+07  206 2636 1.9483e+07 1.4744e+07  24.3% 15327 53004s
  1714  1579 1.4859e+07   23 2566 1.9483e+07 1.4747e+07  24.3% 15318 53093s
  1715  1579 1.5187e+07   24 2602 1.9483e+07 1.4749e+07  24.3% 15309 53156s
  1716  1580 1.6411e+07  167 2570 1.9483e+07 1.4749e+07  24.3% 15300 53185s
  1717  1581 1.7953e+07  347 2570 1.9483e+07 1.4750e+07  24.3% 15291 53209s
  1718  1581 1.8166e+07  364 2545 1.9483e+07 1.4750e+07  24.3% 15282 53234s
  1719  1582 1.6119e+07  128 2567 1.9483e+07 1.4751e+07  24.3% 15273 53292s
  1720  1583 1.4847e+07   15 2514 1.9483e+07 1.4751e+07  24.3% 15264 53314s
  1721  1583 1.5708e+07   81 2507 1.9483e+07 1.4751e+07  24.3% 15255 53341s
  1722  1584 1.5242e+07   82 2498 1.9483e+07 1.4752e+07  24.3% 15247 53391s
  1723  1585 1.5735e+07   88 2516 1.9483e+07 1.4752e+07  24.3% 15238 53413s
  1724  1585 1.5086e+07   63 2514 1.9483e+07 1.4752e+07  24.3% 15229 53436s
  1725  1586 1.5121e+07   37 2496 1.9483e+07 1.4754e+07  24.3% 15220 53509s
  1726  1587 1.4972e+07   29 2526 1.9483e+07 1.4755e+07  24.3% 15211 53561s
  1727  1587 1.5173e+07   67 2555 1.9483e+07 1.4755e+07  24.3% 15202 53582s
  1728  1588 1.6146e+07  135 2558 1.9483e+07 1.4755e+07  24.3% 15194 53613s
  1729  1589 1.5320e+07   70 2542 1.9483e+07 1.4756e+07  24.3% 15185 53659s
  1730  1589 1.7914e+07  318 2497 1.9483e+07 1.4756e+07  24.3% 15176 53688s
  1731  1590 1.5080e+07   49 2484 1.9483e+07 1.4756e+07  24.3% 15167 53726s
  1732  1591 1.5283e+07   51 2512 1.9483e+07 1.4756e+07  24.3% 15158 53741s
  1733  1591 1.7192e+07  253 2495 1.9483e+07 1.4756e+07  24.3% 15150 53768s
  1734  1592 1.5703e+07   84 2533 1.9483e+07 1.4756e+07  24.3% 15141 53786s
  1735  1593 1.5222e+07   36 2529 1.9483e+07 1.4756e+07  24.3% 15132 53808s
  1736  1593 1.5281e+07   34 2526 1.9483e+07 1.4756e+07  24.3% 15124 53828s
  1737  1594 1.5589e+07   59 2526 1.9483e+07 1.4756e+07  24.3% 15115 53951s
  1738  1598 1.4770e+07   12 2472 1.9483e+07 1.4756e+07  24.3% 16108 54169s
  1740  1601 1.4774e+07   13 2477 1.9483e+07 1.4757e+07  24.3% 16114 55098s
  1744  1604 1.4789e+07   14 2478 1.9483e+07 1.4762e+07  24.2% 16295 55306s
  1748  1606 1.4805e+07   14 2448 1.9483e+07 1.4762e+07  24.2% 16371 55506s
  1752  1609 1.4812e+07   15 2512 1.9483e+07 1.4763e+07  24.2% 16582 55854s
  1756  1612 1.4794e+07   15 2440 1.9483e+07 1.4763e+07  24.2% 16633 55910s
  1760  1615 1.4794e+07   16 2437 1.9483e+07 1.4767e+07  24.2% 16639 56112s
  1765  1618 1.4801e+07   17 2397 1.9483e+07 1.4767e+07  24.2% 16718 56529s
  1769  1621 1.4856e+07   17 2490 1.9483e+07 1.4767e+07  24.2% 16829 56676s
  1774  1624 1.4819e+07   18 2422 1.9483e+07 1.4767e+07  24.2% 16909 56941s
  1778  1629 1.4809e+07   18 2406 1.9483e+07 1.4767e+07  24.2% 16962 57093s
  1785  1631 1.4853e+07   19 2450 1.9483e+07 1.4767e+07  24.2% 17035 57978s
  1789  1636 1.4823e+07   20 2365 1.9483e+07 1.4767e+07  24.2% 17157 58114s
  1795  1642 1.4833e+07   21 2396 1.9483e+07 1.4767e+07  24.2% 17225 58575s
  1803  1646 1.4833e+07   22 2342 1.9483e+07 1.4767e+07  24.2% 17273 59325s
  1810  1649 1.4836e+07   23 2378 1.9483e+07 1.4767e+07  24.2% 17558 59824s
  1815  1657 1.5036e+07   23 2310 1.9483e+07 1.4767e+07  24.2% 17666 60104s
  1825  1664 1.4840e+07   24 2381 1.9483e+07 1.4767e+07  24.2% 17660 60330s
H 1827  1582                    1.946280e+07 1.4767e+07  24.1% 17649 60330s
  1835  1593 1.4862e+07   25 2399 1.9463e+07 1.4767e+07  24.1% 17683 60614s
  1849  1601 1.4846e+07   27 2350 1.9463e+07 1.4767e+07  24.1% 17660 60826s
  1861  1610 1.4864e+07   28 2338 1.9463e+07 1.4767e+07  24.1% 17656 61124s
H 1866  1531                    1.933351e+07 1.4767e+07  23.6% 17661 61124s
  1874  1541 1.4849e+07   30 2367 1.9334e+07 1.4767e+07  23.6% 17646 61400s
  1887  1548 1.4854e+07   31 2347 1.9334e+07 1.4767e+07  23.6% 17646 62653s
  1898  1550 1.4854e+07   32 2348 1.9334e+07 1.4767e+07  23.6% 17827 63112s
  1906  1558 1.4854e+07   33 2382 1.9334e+07 1.4767e+07  23.6% 17939 63518s
  1916  1566 1.4875e+07   34 2417 1.9334e+07 1.4767e+07  23.6% 17970 64188s
  1928  1580 1.4875e+07   36 2399 1.9334e+07 1.4767e+07  23.6% 18057 64588s
  1946  1584 1.5027e+07   38 2360 1.9334e+07 1.4767e+07  23.6% 18066 64939s
  1956  1598 1.4910e+07   40 2347 1.9334e+07 1.4767e+07  23.6% 18121 65313s
  1973  1606 1.5008e+07   41 2430 1.9334e+07 1.4767e+07  23.6% 18140 65708s
H 1980  1531                    1.930172e+07 1.4767e+07  23.5% 18137 65708s
H 1985  1460                    1.929164e+07 1.4767e+07  23.5% 18131 65708s
  1989  1472 1.4953e+07   43 2309 1.9292e+07 1.4767e+07  23.5% 18141 66363s
  2002  1478 1.4953e+07   44 2316 1.9292e+07 1.4767e+07  23.5% 18307 66912s
  2012  1500 1.4959e+07   46 2319 1.9292e+07 1.4767e+07  23.5% 18342 67361s
  2038  1506 1.4962e+07   48 2293 1.9292e+07 1.4767e+07  23.5% 18298 67837s
  2052  1519 1.4963e+07   50 2247 1.9292e+07 1.4767e+07  23.5% 18382 68381s
  2070  1544 1.4965e+07   52 2263 1.9292e+07 1.4767e+07  23.5% 18423 68933s
  2101  1557 1.4966e+07   54 2301 1.9292e+07 1.4767e+07  23.5% 18360 69473s
  2124  1570 1.4971e+07   56 2271 1.9292e+07 1.4767e+07  23.5% 18385 70004s
  2145  1582 1.5025e+07   58 2265 1.9292e+07 1.4767e+07  23.5% 18432 70679s
  2164  1598 1.4998e+07   61 2307 1.9292e+07 1.4767e+07  23.5% 18484 71389s
  2186  1609 1.4999e+07   63 2325 1.9292e+07 1.4767e+07  23.5% 18548 72003s
  2205  1630 1.5233e+07   65 2325 1.9292e+07 1.4767e+07  23.5% 18644 72662s
  2232  1651 1.5254e+07   68 2196 1.9292e+07 1.4767e+07  23.5% 18660 73462s
  2264  1668 1.5074e+07   72 2247 1.9292e+07 1.4767e+07  23.5% 18678 74301s
  2292  1689 1.5074e+07   74 2279 1.9292e+07 1.4767e+07  23.5% 18699 75074s
H 2300  1620                    1.923400e+07 1.4767e+07  23.2% 18703 75074s
H 2318  1552                    1.923161e+07 1.4767e+07  23.2% 18697 75074s
  2324  1581 1.5090e+07   78 2238 1.9232e+07 1.4767e+07  23.2% 18705 76106s
  2355  1601 1.5094e+07   81 2236 1.9232e+07 1.4767e+07  23.2% 18765 76872s
  2385  1633 1.5094e+07   83 2229 1.9232e+07 1.4767e+07  23.2% 18742 78204s
  2427  1654 1.5097e+07   87 2249 1.9232e+07 1.4767e+07  23.2% 18756 79251s
H 2462  1606                    1.910870e+07 1.4767e+07  22.7% 18808 80128s
  2486  1625 1.5390e+07   93 2072 1.9109e+07 1.4767e+07  22.7% 18816 81352s
  2513  1656 1.5121e+07   93 2188 1.9109e+07 1.4767e+07  22.7% 18835 82461s
H 2541  1591                    1.909432e+07 1.4767e+07  22.7% 18885 82461s
  2553  1619 1.5127e+07   98 2217 1.9094e+07 1.4767e+07  22.7% 18893 84605s
  2585  1649 1.5155e+07   98 2158 1.9094e+07 1.4767e+07  22.7% 18858 86398s

Cutting planes:
  Gomory: 2
  Implied bound: 316
  Projected implied bound: 104
  MIR: 2015
  StrongCG: 1
  Flow cover: 1009
  Flow path: 6
  Zero half: 3
  RLT: 468
  Relax-and-lift: 1006

Explored 2626 nodes (52006705 simplex iterations) in 86398.07 seconds (108389.55 work units)
Thread count was 4 (of 128 available processors)

Solution count 10: 1.90943e+07 1.90943e+07 1.91087e+07 ... 1.94832e+07

Time limit reached
Best objective 1.909431999999e+07, best bound 1.476710196023e+07, gap 22.6623%

Solving took 	23:59:58.068
####################################################################################################
####################################################################################################
####################################################################################################
Reached timelimit, but could find a feasible solution
####################################################################################################
Description                          Value
----------------------------  ------------
Objective (min)               19,094,320.0
Cost sailing                  16,044,245.0
Cost port visits               7,118,282.0
Cost transshipment (demands)   1,024,189.0
Cost transshipment (empties)     387,666.0
Penalty delayed demands        2,076,470.0
Revenue Empties                7,556,532.0
Penalty rejected demands               0.0
Rejected demands (%)                   0.0
Omitted ports (%)                     8.84
Gap (%)                              22.66
####################################################################################################
Export solution
####################################################################################################
Overall time 	00:00:00.449

real	1440m1.464s
user	3773m45.399s
sys	1m28.688s
finished at Fri Mar 17 14:57:11 CET 2023
