cpu-bind=MASK - n2lcn0155, task  0  0 [989568]: mask |--------|--------||--------|--------||--------|--------||--------|--------||||-------B|BBB-----||--------|--------||--------|--------||--------|--------|  set
started at Fri Mar 17 08:49:31 CET 2023
Timecheck 3952969.923838605
Set parameter TokenServer to value "license3.uni-paderborn.de"
Warning: Gurobi version mismatch between Python 10.0.1 and C library 10.0.0
Timecheck 3952969.9437761
Timecheck 3952969.944079729
Timecheck 3952969.944110918
Timecheck 3952969.944132289


####################################################################################################
Solve scenario sce_3_26_1 with free vessel operation using the arc flow model
Vessels cannot omit ports, Demands cannot be rejected
####################################################################################################
Data preprocessing, load /upb/departments/pc2/groups/hpc-prf-winf4/dwetzel/SILSRP/inst_final/sce_3_26_1
and create additional sets and parameters
	|- Read vessel information, number of vessels:	5
	|- Read node information, number of nodes:		369
	|- Read arc information
		|- Number of sailing arcs:			1499
		|- Number of transshipment arcs:	497
	|- Read container information
		|- Number of demands:		605
		|- Number of empties (+/-):	152/140
	|- Create additional sets and parameters

Data preprocessing took 	00:00:00.246
####################################################################################################
Create linear model
Set parameter Threads to value 4
	|- Create variables, took	00:00:00.338
	|- Create objective, took	00:00:00.268
	|- Create constraints, took	00:00:01.196
	|- Load heuristic start

Creating model took	00:00:01.910
####################################################################################################
Fix start solution

Set parameter TimeLimit to value 8.6336284488438629e+04
Gurobi Optimizer version 10.0.0 build v10.0.0rc2 (linux64)

CPU model: AMD EPYC 7763 64-Core Processor, instruction set [SSE2|AVX|AVX2]
Thread count: 128 physical cores, 128 logical processors, using up to 4 threads

Optimize a model with 23745 rows, 80428 columns and 273383 nonzeros
Model fingerprint: 0x6abf46a2
Variable types: 71965 continuous, 8463 integer (8463 binary)
Coefficient statistics:
  Matrix range     [1e+00, 3e+06]
  Objective range  [1e+00, 1e+00]
  Bounds range     [1e+00, 3e+02]
  RHS range        [1e+00, 3e+08]
Found heuristic solution: objective 2.979022e+08
Presolve removed 20866 rows and 74579 columns
Presolve time: 0.19s
Presolved: 2879 rows, 5849 columns, 18671 nonzeros
Found heuristic solution: objective 6.669752e+07
Variable types: 5410 continuous, 439 integer (438 binary)

Root relaxation: objective 1.905106e+07, 819 iterations, 0.01 seconds (0.01 work units)

    Nodes    |    Current Node    |     Objective Bounds      |     Work
 Expl Unexpl |  Obj  Depth IntInf | Incumbent    BestBd   Gap | It/Node Time

*    0     0               0    1.905106e+07 1.9051e+07  0.00%     -    0s

Explored 1 nodes (819 simplex iterations) in 0.24 seconds (0.18 work units)
Thread count was 4 (of 128 available processors)

Solution count 3: 1.90511e+07 6.66975e+07 2.97902e+08 

Optimal solution found (tolerance 1.00e-04)
Best objective 1.905106400000e+07, best bound 1.905106400000e+07, gap 0.0000%

Fixing start solution took	00:00:02.205
####################################################################################################
####################################################################################################
Solve optimization model

Set parameter TimeLimit to value 8.6336020089864731e+04
Gurobi Optimizer version 10.0.0 build v10.0.0rc2 (linux64)

CPU model: AMD EPYC 7763 64-Core Processor, instruction set [SSE2|AVX|AVX2]
Thread count: 128 physical cores, 128 logical processors, using up to 4 threads

Optimize a model with 23377 rows, 80428 columns and 273015 nonzeros
Model fingerprint: 0x0311ec73
Variable types: 71965 continuous, 8463 integer (8463 binary)
Coefficient statistics:
  Matrix range     [1e+00, 3e+06]
  Objective range  [1e+00, 1e+00]
  Bounds range     [1e+00, 3e+02]
  RHS range        [1e+00, 3e+08]

MIP start from previous solve produced solution with objective 1.90511e+07 (0.18s)
Loaded MIP start from previous solve with objective 1.90511e+07

Presolve removed 3648 rows and 4036 columns
Presolve time: 0.82s
Presolved: 19729 rows, 76392 columns, 226388 nonzeros
Variable types: 68769 continuous, 7623 integer (7623 binary)
Deterministic concurrent LP optimizer: primal and dual simplex
Showing first log only...


Root simplex log...

Iteration    Objective       Primal Inf.    Dual Inf.      Time
   37549    2.6436806e+08   6.146021e+01   3.349364e+09      5s
Concurrent spin time: 0.00s

Solved with dual simplex

Root simplex log...

Iteration    Objective       Primal Inf.    Dual Inf.      Time
   46689    1.7206454e+07   0.000000e+00   0.000000e+00      8s

Root relaxation: objective 1.720645e+07, 46689 iterations, 6.75 seconds (5.71 work units)

    Nodes    |    Current Node    |     Objective Bounds      |     Work
 Expl Unexpl |  Obj  Depth IntInf | Incumbent    BestBd   Gap | It/Node Time

     0     0 1.7206e+07    0 1425 1.9051e+07 1.7206e+07  9.68%     -    8s
     0     0 1.7207e+07    0 1385 1.9051e+07 1.7207e+07  9.68%     -    9s
     0     0 1.7492e+07    0 1456 1.9051e+07 1.7492e+07  8.18%     -   28s
     0     0 1.7492e+07    0 1454 1.9051e+07 1.7492e+07  8.18%     -   28s
     0     0 1.7492e+07    0 1490 1.9051e+07 1.7492e+07  8.18%     -   28s
     0     0 1.7495e+07    0 1487 1.9051e+07 1.7495e+07  8.17%     -   29s
     0     0 1.7495e+07    0 1487 1.9051e+07 1.7495e+07  8.17%     -   29s
     0     0 1.7498e+07    0 1489 1.9051e+07 1.7498e+07  8.15%     -   30s
     0     0 1.7498e+07    0 1475 1.9051e+07 1.7498e+07  8.15%     -   30s
     0     0 1.7510e+07    0 1478 1.9051e+07 1.7510e+07  8.09%     -   41s
     0     0 1.7511e+07    0 1477 1.9051e+07 1.7511e+07  8.08%     -   45s
     0     0 1.7512e+07    0 1479 1.9051e+07 1.7512e+07  8.08%     -   47s
     0     0 1.7512e+07    0 1468 1.9051e+07 1.7512e+07  8.08%     -   48s
     0     0 1.7512e+07    0 1488 1.9051e+07 1.7512e+07  8.08%     -   49s
     0     0 1.7512e+07    0 1482 1.9051e+07 1.7512e+07  8.08%     -   49s
     0     0 1.7583e+07    0 1549 1.9051e+07 1.7583e+07  7.71%     -  107s
     0     0 1.7598e+07    0 1565 1.9051e+07 1.7598e+07  7.63%     -  127s
     0     0 1.7602e+07    0 1556 1.9051e+07 1.7602e+07  7.61%     -  137s
     0     0 1.7603e+07    0 1545 1.9051e+07 1.7603e+07  7.60%     -  142s
     0     0 1.7603e+07    0 1527 1.9051e+07 1.7603e+07  7.60%     -  144s
     0     0 1.7603e+07    0 1540 1.9051e+07 1.7603e+07  7.60%     -  145s
     0     0 1.7603e+07    0 1534 1.9051e+07 1.7603e+07  7.60%     -  147s
     0     0 1.7655e+07    0 1536 1.9051e+07 1.7655e+07  7.33%     -  180s
H    0     0                    1.903635e+07 1.7663e+07  7.21%     -  203s
H    0     0                    1.903342e+07 1.7663e+07  7.20%     -  203s
     0     0 1.7663e+07    0 1535 1.9033e+07 1.7663e+07  7.20%     -  203s
     0     0 1.7666e+07    0 1510 1.9033e+07 1.7666e+07  7.19%     -  217s
     0     0 1.7667e+07    0 1505 1.9033e+07 1.7667e+07  7.18%     -  223s
     0     0 1.7667e+07    0 1547 1.9033e+07 1.7667e+07  7.18%     -  228s
     0     0 1.7667e+07    0 1543 1.9033e+07 1.7667e+07  7.18%     -  231s
     0     0 1.7667e+07    0 1557 1.9033e+07 1.7667e+07  7.18%     -  232s
H    0     0                    1.903122e+07 1.7677e+07  7.12%     -  258s
     0     0 1.7677e+07    0 1477 1.9031e+07 1.7677e+07  7.12%     -  258s
     0     0 1.7681e+07    0 1526 1.9031e+07 1.7681e+07  7.10%     -  274s
     0     0 1.7681e+07    0 1498 1.9031e+07 1.7681e+07  7.09%     -  283s
     0     0 1.7682e+07    0 1542 1.9031e+07 1.7682e+07  7.09%     -  289s
     0     0 1.7682e+07    0 1552 1.9031e+07 1.7682e+07  7.09%     -  295s
     0     0 1.7682e+07    0 1538 1.9031e+07 1.7682e+07  7.09%     -  297s
     0     0 1.7685e+07    0 1522 1.9031e+07 1.7685e+07  7.07%     -  313s
     0     0 1.7686e+07    0 1543 1.9031e+07 1.7686e+07  7.07%     -  321s
     0     0 1.7686e+07    0 1511 1.9031e+07 1.7686e+07  7.07%     -  326s
     0     0 1.7687e+07    0 1519 1.9031e+07 1.7687e+07  7.07%     -  329s
     0     0 1.7689e+07    0 1524 1.9031e+07 1.7689e+07  7.05%     -  343s
     0     0 1.7692e+07    0 1564 1.9031e+07 1.7692e+07  7.04%     -  357s
     0     0 1.7692e+07    0 1573 1.9031e+07 1.7692e+07  7.04%     -  362s
     0     0 1.7693e+07    0 1569 1.9031e+07 1.7693e+07  7.03%     -  367s
     0     0 1.7693e+07    0 1557 1.9031e+07 1.7693e+07  7.03%     -  369s
     0     0 1.7693e+07    0 1575 1.9031e+07 1.7693e+07  7.03%     -  376s
     0     0 1.7694e+07    0 1564 1.9031e+07 1.7694e+07  7.02%     -  382s
     0     0 1.7695e+07    0 1539 1.9031e+07 1.7695e+07  7.02%     -  386s
     0     0 1.7695e+07    0 1551 1.9031e+07 1.7695e+07  7.02%     -  389s
     0     0 1.7695e+07    0 1581 1.9031e+07 1.7695e+07  7.02%     -  392s
     0     0 1.7695e+07    0 1579 1.9031e+07 1.7695e+07  7.02%     -  395s
     0     0 1.7695e+07    0 1528 1.9031e+07 1.7695e+07  7.02%     -  397s
     0     0 1.7695e+07    0 1544 1.9031e+07 1.7695e+07  7.02%     -  399s
     0     0 1.7695e+07    0 1532 1.9031e+07 1.7695e+07  7.02%     -  400s
     0     0 1.7695e+07    0 1550 1.9031e+07 1.7695e+07  7.02%     -  402s
     0     0 1.7695e+07    0 1546 1.9031e+07 1.7695e+07  7.02%     -  403s
     0     2 1.7695e+07    0 1543 1.9031e+07 1.7695e+07  7.02%     -  419s
     1     4 1.7695e+07    1 1540 1.9031e+07 1.7695e+07  7.02%  70.0  420s
    11    16 1.7695e+07    3 1476 1.9031e+07 1.7695e+07  7.02%   593  443s
    15    20 1.7695e+07    4 1487 1.9031e+07 1.7695e+07  7.02%  1271  451s
    19    24 1.7695e+07    4 1514 1.9031e+07 1.7695e+07  7.02%  1200  472s
    23    31 1.7696e+07    5 1458 1.9031e+07 1.7695e+07  7.02%  1795  485s
    30    36 1.7700e+07    6 1382 1.9031e+07 1.7695e+07  7.02%  1892  495s
    35    43 1.7702e+07    7 1424 1.9031e+07 1.7695e+07  7.02%  1865  514s
    42    49 1.7702e+07    8 1429 1.9031e+07 1.7695e+07  7.02%  1931  547s
    48    53 1.7762e+07    9 1427 1.9031e+07 1.7695e+07  7.02%  2436  600s
    52    58 1.7755e+07    9 1400 1.9031e+07 1.7695e+07  7.02%  3288  623s
    57    66 1.7755e+07   10 1399 1.9031e+07 1.7695e+07  7.02%  3432  648s
    65    77 1.7769e+07   12 1350 1.9031e+07 1.7695e+07  7.02%  3526  674s
    76    93 1.7769e+07   13 1336 1.9031e+07 1.7695e+07  7.02%  3440  732s
    94   103 1.7777e+07   18 1318 1.9031e+07 1.7695e+07  7.02%  3375  786s
   104   115 1.7840e+07   20 1223 1.9031e+07 1.7695e+07  7.02%  3525  822s
   116   125 1.7828e+07   21 1250 1.9031e+07 1.7695e+07  7.02%  3528  883s
   128   138 1.7847e+07   23 1231 1.9031e+07 1.7695e+07  7.02%  3968  926s
   143   149 1.7864e+07   24 1229 1.9031e+07 1.7695e+07  7.02%  4035  967s
   154   156 1.7910e+07   26 1216 1.9031e+07 1.7695e+07  7.02%  4298 1010s
   161   172 1.7876e+07   27 1223 1.9031e+07 1.7695e+07  7.02%  4458 1050s
   177   185 1.7892e+07   28 1202 1.9031e+07 1.7695e+07  7.02%  4476 1089s
   190   198 1.7913e+07   29 1184 1.9031e+07 1.7695e+07  7.02%  4543 1132s
   203   212 1.7931e+07   31 1139 1.9031e+07 1.7695e+07  7.02%  4682 1177s
H  219   221                    1.903122e+07 1.7695e+07  7.02%  4676 1235s
   230   245 1.8252e+07   34 1064 1.9031e+07 1.7695e+07  7.02%  4863 1294s
   254   260 1.7976e+07   36 1076 1.9031e+07 1.7695e+07  7.02%  4879 1348s
   269   282 1.7980e+07   38 1074 1.9031e+07 1.7695e+07  7.02%  5010 1429s
   293   303 1.8047e+07   41 1052 1.9031e+07 1.7695e+07  7.02%  5065 1476s
   314   325 1.8023e+07   42 1000 1.9031e+07 1.7695e+07  7.02%  5105 1533s
   336   349     cutoff   45      1.9031e+07 1.7695e+07  7.02%  5279 1601s
H  339   349                    1.902067e+07 1.7695e+07  6.97%  5257 1601s
   362   379 1.8092e+07   47 1009 1.9021e+07 1.7695e+07  6.97%  5246 1676s
   392   416 1.8141e+07   50  999 1.9021e+07 1.7695e+07  6.97%  5221 1745s
   435   465 1.8152e+07   53  966 1.9021e+07 1.7695e+07  6.97%  5043 1821s
   496   523 1.8251e+07   61  901 1.9021e+07 1.7695e+07  6.97%  4744 1896s
   568   612 1.8574e+07   69  778 1.9021e+07 1.7695e+07  6.97%  4424 1977s
   676   643 1.8878e+07  104  642 1.9021e+07 1.7695e+07  6.97%  3874 2045s
   733   660 1.7704e+07    7 1415 1.9021e+07 1.7695e+07  6.97%  3740 2119s
   740   660 1.7765e+07   13 1300 1.9021e+07 1.7695e+07  6.97%  3796 2120s
   750   676 1.7782e+07   12 1367 1.9021e+07 1.7695e+07  6.97%  3833 2189s
   766   711 1.7875e+07   17 1275 1.9021e+07 1.7695e+07  6.97%  3923 2275s
   801   742 1.7966e+07   23 1195 1.9021e+07 1.7695e+07  6.97%  3918 2345s
   834   785 1.8142e+07   35 1037 1.9021e+07 1.7695e+07  6.97%  3905 2426s
   877   801 1.8419e+07   51  935 1.9021e+07 1.7695e+07  6.97%  3878 2532s
   893   868 1.8424e+07   52  911 1.9021e+07 1.7695e+07  6.97%  3904 2696s
   962   917 1.8992e+07   79  644 1.9021e+07 1.7695e+07  6.97%  3788 2777s
  1068   918 1.7795e+07   16 1546 1.9021e+07 1.7695e+07  6.97%  3559 2975s
  1070   919 1.7790e+07   16 1361 1.9021e+07 1.7695e+07  6.97%  3553 2986s
  1071   920 1.7898e+07   29 1410 1.9021e+07 1.7695e+07  6.97%  3549 3031s
  1072   921 1.8400e+07   78 1449 1.9021e+07 1.7695e+07  6.97%  3546 3072s
  1073   921 1.8786e+07   65 1453 1.9021e+07 1.7695e+07  6.97%  3543 3115s
  1074   922 1.8207e+07   41 1455 1.9021e+07 1.7695e+07  6.97%  3540 3139s
  1075   923 1.8784e+07  111 1443 1.9021e+07 1.7695e+07  6.97%  3536 3156s
  1076   923 1.7712e+07    9 1430 1.9021e+07 1.7695e+07  6.97%  3533 3167s
  1077   924 1.7755e+07   11 1435 1.9021e+07 1.7695e+07  6.97%  3530 3176s
  1078   925 1.8850e+07   73 1461 1.9021e+07 1.7695e+07  6.97%  3526 3183s
  1079   925 1.7863e+07   16 1459 1.9021e+07 1.7695e+07  6.97%  3523 3185s
  1080   926 1.8420e+07   52 1457 1.9021e+07 1.7696e+07  6.97%  3520 3190s
  1084   929 1.8216e+07   41 1475 1.9021e+07 1.7696e+07  6.96%  3507 3195s
  1087   931 1.8891e+07   98 1479 1.9021e+07 1.7696e+07  6.96%  3497 3200s
  1088   931 1.7798e+07   16 1427 1.9021e+07 1.7735e+07  6.76%  3494 3227s
  1089   932 1.7765e+07   10 1462 1.9021e+07 1.7736e+07  6.75%  3491 3237s
  1090   933 1.8875e+07  101 1431 1.9021e+07 1.7738e+07  6.74%  3488 3245s
  1092   934 1.7972e+07   15 1448 1.9021e+07 1.7739e+07  6.74%  3481 3251s
  1095   936 1.8159e+07   29 1452 1.9021e+07 1.7739e+07  6.74%  3472 3257s
  1096   937 1.7782e+07   15 1439 1.9021e+07 1.7741e+07  6.73%  3469 3274s
  1097   937 1.8649e+07   60 1404 1.9021e+07 1.7743e+07  6.72%  3465 3281s
  1099   939 1.7868e+07   38 1431 1.9021e+07 1.7743e+07  6.72%  3459 3288s
  1103   941 1.8004e+07   22 1415 1.9021e+07 1.7743e+07  6.72%  3447 3292s
  1104   942 1.8863e+07   90 1403 1.9021e+07 1.7757e+07  6.65%  3443 3317s
  1105   943 1.8832e+07   78 1420 1.9021e+07 1.7759e+07  6.63%  3440 3333s
  1106   943 1.7759e+07    6 1414 1.9021e+07 1.7759e+07  6.63%  3437 3339s
  1107   944 1.8308e+07   39 1436 1.9021e+07 1.7759e+07  6.63%  3434 3343s
  1108   945 1.8550e+07   54 1402 1.9021e+07 1.7759e+07  6.63%  3431 3346s
  1112   947 1.7836e+07   22 1422 1.9021e+07 1.7759e+07  6.63%  3419 3351s
  1113   948 1.7769e+07   10 1396 1.9021e+07 1.7769e+07  6.58%  3416 3367s
  1114   949 1.8310e+07   66 1429 1.9021e+07 1.7770e+07  6.58%  3412 3375s
  1115   949 1.8678e+07   66 1366 1.9021e+07 1.7770e+07  6.57%  3409 3380s
  1117   951 1.8035e+07   30 1411 1.9021e+07 1.7770e+07  6.57%  3403 3388s
  1118   951 1.8468e+07   50 1423 1.9021e+07 1.7770e+07  6.57%  3400 3391s
  1121   953 1.7870e+07   17 1438 1.9021e+07 1.7771e+07  6.57%  3391 3396s
  1122   954 1.7777e+07   16 1438 1.9021e+07 1.7777e+07  6.54%  3388 3411s
  1123   955 1.8183e+07   44 1436 1.9021e+07 1.7779e+07  6.53%  3385 3423s
  1124   955 1.8108e+07   50 1436 1.9021e+07 1.7780e+07  6.53%  3382 3429s
  1125   956 1.8871e+07  100 1440 1.9021e+07 1.7780e+07  6.52%  3379 3433s
  1127   957 1.8015e+07   47 1459 1.9021e+07 1.7780e+07  6.52%  3373 3436s
  1132   961 1.8976e+07   92 1449 1.9021e+07 1.7780e+07  6.52%  3358 3442s
  1133   961 1.7854e+07   23 1443 1.9021e+07 1.7781e+07  6.52%  3355 3457s
  1134   962 1.8460e+07   72 1409 1.9021e+07 1.7781e+07  6.52%  3352 3467s
  1135   963 1.8080e+07   49 1417 1.9021e+07 1.7781e+07  6.52%  3349 3473s
  1136   963 1.7978e+07   34 1449 1.9021e+07 1.7782e+07  6.51%  3346 3478s
  1137   964 1.8239e+07   47 1432 1.9021e+07 1.7782e+07  6.51%  3343 3480s
  1138   965 1.7864e+07   25 1483 1.9021e+07 1.7782e+07  6.51%  3341 3485s
  1143   968 1.7782e+07    5 1464 1.9021e+07 1.7782e+07  6.51%  3326 3493s
  1144   969 1.7863e+07   16 1449 1.9021e+07 1.7782e+07  6.51%  3323 3499s
  1145   969 1.7865e+07   17 1446 1.9021e+07 1.7782e+07  6.51%  3320 3502s
  1146   970 1.7938e+07   32 1462 1.9021e+07 1.7782e+07  6.51%  3317 3505s
  1151   973 1.8819e+07   64 1493 1.9021e+07 1.7783e+07  6.51%  3303 3512s
  1152   974 1.7783e+07    8 1446 1.9021e+07 1.7783e+07  6.51%  3300 3518s
  1153   975 1.8087e+07   45 1472 1.9021e+07 1.7783e+07  6.51%  3297 3521s
  1157   977 1.8213e+07   31 1473 1.9021e+07 1.7783e+07  6.51%  3286 3526s
  1158   978 1.7880e+07   36 1435 1.9021e+07 1.7783e+07  6.51%  3283 3533s
  1159   979 1.7798e+07   15 1451 1.9021e+07 1.7783e+07  6.51%  3280 3535s
  1163   981 1.8201e+07   28 1450 1.9021e+07 1.7783e+07  6.51%  3269 3540s
  1164   982 1.7838e+07   20 1436 1.9021e+07 1.7783e+07  6.51%  3266 3546s
  1165   983 1.8869e+07   87 1447 1.9021e+07 1.7783e+07  6.51%  3263 3550s
  1170   986 1.7790e+07   16 1451 1.9021e+07 1.7783e+07  6.50%  3249 3558s
  1171   987 1.7898e+07   29 1408 1.9021e+07 1.7784e+07  6.50%  3246 3567s
  1174   989 1.8207e+07   41 1458 1.9021e+07 1.7784e+07  6.50%  3238 3570s
  1179   992 1.7863e+07   16 1435 1.9021e+07 1.7784e+07  6.50%  3224 3575s
  1181   993 1.7976e+07   37 1460 1.9021e+07 1.7784e+07  6.50%  3219 3581s
  1183   995 1.7785e+07   13 1416 1.9021e+07 1.7785e+07  6.50%  3213 3590s
  1184   995 1.8216e+07   41 1427 1.9021e+07 1.7786e+07  6.49%  3211 3595s
  1189   999 1.7786e+07   10 1468 1.9021e+07 1.7786e+07  6.49%  3197 3602s
  1191  1000 1.8079e+07   45 1459 1.9021e+07 1.7786e+07  6.49%  3192 3606s
  1196  1003 1.7786e+07   15 1467 1.9021e+07 1.7786e+07  6.49%  3179 3610s
  1201  1007 1.7790e+07   16 1469 1.9021e+07 1.7786e+07  6.49%  3165 3615s
  1205  1009 1.8832e+07   78 1491 1.9021e+07 1.7786e+07  6.49%  3155 3620s
  1212  1015 1.7836e+07   22 1373 1.9021e+07 1.7786e+07  6.49%  3399 3635s
  1213  1016 1.7786e+07   10 1440 1.9021e+07 1.7786e+07  6.49%  3397 3664s
  1214  1017 1.8310e+07   66 1391 1.9021e+07 1.7786e+07  6.49%  3394 3706s
  1215  1017 1.8678e+07   66 1423 1.9021e+07 1.7786e+07  6.49%  3391 3731s
  1216  1018 1.8047e+07   28 1382 1.9021e+07 1.7786e+07  6.49%  3388 3753s
  1217  1019 1.8035e+07   30 1465 1.9021e+07 1.7786e+07  6.49%  3385 3769s
  1218  1019 1.8468e+07   50 1425 1.9021e+07 1.7786e+07  6.49%  3383 3786s
  1219  1020 1.7786e+07   11 1410 1.9021e+07 1.7786e+07  6.49%  3380 3797s
  1220  1021 1.7978e+07   35 1429 1.9021e+07 1.7786e+07  6.49%  3377 3808s
  1221  1021 1.7870e+07   17 1426 1.9021e+07 1.7786e+07  6.49%  3374 3814s
  1222  1022 1.7786e+07   16 1423 1.9021e+07 1.7786e+07  6.49%  3372 3820s
  1224  1023 1.8108e+07   50 1446 1.9021e+07 1.7786e+07  6.49%  3366 3825s
  1227  1025 1.8015e+07   47 1441 1.9021e+07 1.7786e+07  6.49%  3358 3832s
  1228  1026 1.7985e+07   36 1400 1.9021e+07 1.7786e+07  6.49%  3355 3840s
  1229  1027 1.8441e+07   62 1454 1.9021e+07 1.7789e+07  6.48%  3352 3849s
  1230  1027 1.8534e+07   55 1456 1.9021e+07 1.7789e+07  6.48%  3350 3851s
  1235  1031 1.8080e+07   49 1443 1.9021e+07 1.7789e+07  6.47%  3336 3857s
  1236  1031 1.7978e+07   34 1436 1.9021e+07 1.7791e+07  6.47%  3333 3865s
  1238  1033 1.7864e+07   25 1439 1.9021e+07 1.7791e+07  6.47%  3328 3870s
  1241  1035 1.8943e+07  102 1422 1.9021e+07 1.7791e+07  6.46%  3320 3876s
  1242  1035 1.8538e+07   49 1431 1.9021e+07 1.7792e+07  6.46%  3317 3884s
  1243  1036 1.7792e+07    5 1418 1.9021e+07 1.7792e+07  6.46%  3315 3885s
  1246  1038 1.7938e+07   32 1424 1.9021e+07 1.7792e+07  6.46%  3307 3896s
  1249  1040 1.7792e+07    5 1425 1.9021e+07 1.7792e+07  6.46%  3299 3908s
  1250  1041 1.8998e+07  123 1435 1.9021e+07 1.7793e+07  6.46%  3296 3910s
  1255  1044 1.7864e+07   25 1411 1.9021e+07 1.7793e+07  6.46%  3283 3915s
  1257  1045 1.8213e+07   31 1427 1.9021e+07 1.7793e+07  6.46%  3278 3923s
  1259  1047 1.7798e+07   15 1440 1.9021e+07 1.7793e+07  6.45%  3273 3925s
  1261  1048 1.8088e+07   25 1452 1.9021e+07 1.7793e+07  6.45%  3267 3931s
  1262  1049 1.8273e+07   40 1454 1.9021e+07 1.7793e+07  6.45%  3265 3935s
  1263  1049 1.8201e+07   28 1464 1.9021e+07 1.7793e+07  6.45%  3262 3941s
  1265  1051 1.8869e+07   87 1462 1.9021e+07 1.7793e+07  6.45%  3257 3948s
  1266  1051 1.8315e+07   62 1458 1.9021e+07 1.7793e+07  6.45%  3254 3951s
  1267  1052 1.8819e+07   64 1458 1.9021e+07 1.7793e+07  6.45%  3252 3957s
  1268  1053 1.7795e+07   16 1471 1.9021e+07 1.7793e+07  6.45%  3249 3960s
  1269  1053 1.8880e+07  105 1423 1.9021e+07 1.7793e+07  6.45%  3247 3967s
  1271  1055 1.7898e+07   29 1444 1.9021e+07 1.7793e+07  6.45%  3242 3971s
  1272  1055 1.8400e+07   78 1449 1.9021e+07 1.7795e+07  6.44%  3239 3979s
  1273  1056 1.8786e+07   65 1430 1.9021e+07 1.7796e+07  6.44%  3237 3983s
  1274  1057 1.8207e+07   41 1420 1.9021e+07 1.7796e+07  6.44%  3234 3986s
  1275  1057 1.8784e+07  111 1433 1.9021e+07 1.7796e+07  6.44%  3231 3995s
  1280  1061 1.8420e+07   52 1434 1.9021e+07 1.7796e+07  6.44%  3219 4002s
  1281  1061 1.7976e+07   37 1438 1.9021e+07 1.7796e+07  6.44%  3216 4005s
  1286  1065 1.8102e+07   41 1424 1.9021e+07 1.7796e+07  6.44%  3204 4013s
  1290  1067 1.8875e+07  101 1436 1.9021e+07 1.7796e+07  6.44%  3194 4018s
  1292  1069 1.7972e+07   15 1414 1.9021e+07 1.7796e+07  6.44%  3189 4022s
  1294  1070 1.7919e+07   27 1439 1.9021e+07 1.7796e+07  6.44%  3184 4026s
  1296  1071 1.7796e+07   15 1441 1.9021e+07 1.7796e+07  6.44%  3179 4030s
  1301  1076 1.7796e+07   16 1309 1.9021e+07 1.7796e+07  6.44%  3336 4041s
  1302  1077 1.8035e+07   30 1423 1.9021e+07 1.7796e+07  6.44%  3334 4076s
  1303  1078 1.8004e+07   22 1462 1.9021e+07 1.7796e+07  6.44%  3331 4125s
  1304  1078 1.8863e+07   90 1349 1.9021e+07 1.7796e+07  6.44%  3329 4157s
  1305  1079 1.8832e+07   78 1421 1.9021e+07 1.7796e+07  6.44%  3326 4179s
  1306  1080 1.7796e+07    6 1396 1.9021e+07 1.7796e+07  6.44%  3324 4195s
  1307  1080 1.8308e+07   39 1453 1.9021e+07 1.7796e+07  6.44%  3321 4208s
  1308  1081 1.8550e+07   54 1406 1.9021e+07 1.7796e+07  6.44%  3319 4218s
  1309  1082 1.8891e+07   93 1402 1.9021e+07 1.7796e+07  6.44%  3316 4225s
  1311  1083 1.7796e+07    5 1396 1.9021e+07 1.7796e+07  6.44%  3311 4230s
  1316  1086 1.8047e+07   28 1396 1.9021e+07 1.7796e+07  6.44%  3298 4235s
  1318  1088 1.8468e+07   50 1409 1.9021e+07 1.7799e+07  6.43%  3293 4248s
  1319  1088 1.7800e+07   11 1437 1.9021e+07 1.7800e+07  6.42%  3291 4253s
  1320  1089 1.7978e+07   35 1421 1.9021e+07 1.7800e+07  6.42%  3288 4257s
  1321  1090 1.7870e+07   17 1432 1.9021e+07 1.7800e+07  6.42%  3286 4260s
  1324  1092 1.8108e+07   50 1446 1.9021e+07 1.7800e+07  6.42%  3278 4265s
  1328  1094 1.7985e+07   36 1396 1.9021e+07 1.7800e+07  6.42%  3269 4275s
  1333  1098 1.7854e+07   23 1428 1.9021e+07 1.7800e+07  6.42%  3256 4282s
  1334  1098 1.8460e+07   72 1439 1.9021e+07 1.7800e+07  6.42%  3254 4286s
  1337  1100 1.8239e+07   47 1431 1.9021e+07 1.7800e+07  6.42%  3247 4292s
  1338  1101 1.7864e+07   25 1445 1.9021e+07 1.7800e+07  6.42%  3244 4295s
  1339  1102 1.7817e+07   23 1467 1.9021e+07 1.7801e+07  6.41%  3242 4301s
  1342  1104 1.8538e+07   49 1448 1.9021e+07 1.7801e+07  6.41%  3235 4306s
  1343  1104 1.7801e+07    5 1468 1.9021e+07 1.7801e+07  6.41%  3232 4310s
  1346  1106 1.7938e+07   32 1453 1.9021e+07 1.7801e+07  6.41%  3225 4316s
  1348  1108 1.8689e+07   55 1459 1.9021e+07 1.7801e+07  6.41%  3220 4323s
  1349  1108 1.7801e+07    5 1479 1.9021e+07 1.7801e+07  6.41%  3218 4327s
  1350  1109 1.8998e+07  123 1490 1.9021e+07 1.7801e+07  6.41%  3215 4331s
  1352  1110 1.7801e+07    8 1497 1.9021e+07 1.7801e+07  6.41%  3211 4337s
  1353  1111 1.8087e+07   45 1483 1.9021e+07 1.7801e+07  6.41%  3208 4341s
  1354  1112 1.7840e+07   21 1464 1.9021e+07 1.7801e+07  6.41%  3206 4345s
  1359  1116 1.7801e+07   15 1286 1.9021e+07 1.7801e+07  6.41%  3340 4356s
  1360  1117 1.8826e+07   80 1349 1.9021e+07 1.7801e+07  6.41%  3338 4394s
  1361  1118 1.8088e+07   25 1399 1.9021e+07 1.7801e+07  6.41%  3335 4441s
  1362  1118 1.8273e+07   40 1403 1.9021e+07 1.7801e+07  6.41%  3333 4472s
  1363  1119 1.8201e+07   28 1409 1.9021e+07 1.7801e+07  6.41%  3330 4498s
  1364  1120 1.7838e+07   20 1422 1.9021e+07 1.7801e+07  6.41%  3328 4513s
  1365  1120 1.8869e+07   87 1465 1.9021e+07 1.7801e+07  6.41%  3326 4524s
  1366  1121 1.8315e+07   62 1453 1.9021e+07 1.7801e+07  6.41%  3323 4531s
  1367  1122 1.8819e+07   64 1452 1.9021e+07 1.7801e+07  6.41%  3321 4540s
  1368  1122 1.7801e+07   16 1447 1.9021e+07 1.7801e+07  6.41%  3318 4545s
  1369  1123 1.8880e+07  105 1474 1.9021e+07 1.7801e+07  6.41%  3316 4550s
  1372  1125 1.8400e+07   78 1457 1.9021e+07 1.7801e+07  6.41%  3309 4556s
  1376  1128 1.7801e+07    9 1490 1.9021e+07 1.7801e+07  6.41%  3299 4566s
  1378  1129 1.8850e+07   73 1467 1.9021e+07 1.7801e+07  6.41%  3294 4574s
  1379  1130 1.7863e+07   16 1458 1.9021e+07 1.7801e+07  6.41%  3292 4575s
  1381  1131 1.7976e+07   37 1447 1.9021e+07 1.7801e+07  6.41%  3287 4583s
  1382  1132 1.8255e+07   60 1445 1.9021e+07 1.7801e+07  6.41%  3285 4586s
  1383  1132 1.7801e+07   13 1446 1.9021e+07 1.7801e+07  6.41%  3282 4590s
  1386  1134 1.8102e+07   41 1427 1.9021e+07 1.7801e+07  6.41%  3275 4597s
  1387  1135 1.8891e+07   98 1438 1.9021e+07 1.7801e+07  6.41%  3273 4600s
  1389  1136 1.7801e+07   10 1447 1.9021e+07 1.7801e+07  6.41%  3268 4606s
  1390  1137 1.8875e+07  101 1430 1.9021e+07 1.7801e+07  6.41%  3266 4610s
  1392  1138 1.7972e+07   15 1441 1.9021e+07 1.7801e+07  6.41%  3261 4619s
  1393  1139 1.7801e+07   13 1432 1.9021e+07 1.7801e+07  6.41%  3259 4622s
  1394  1140 1.7919e+07   27 1448 1.9021e+07 1.7801e+07  6.41%  3256 4628s
  1395  1140 1.8159e+07   29 1448 1.9021e+07 1.7801e+07  6.41%  3254 4635s
  1397  1145 1.7806e+07   47 1400 1.9021e+07 1.7801e+07  6.41%  3389 4671s
  1399  1148 1.7809e+07   48 1389 1.9021e+07 1.7806e+07  6.39%  3392 4721s
  1403  1151 1.7812e+07   49 1346 1.9021e+07 1.7809e+07  6.37%  3401 4736s
  1407  1153 1.7816e+07   49 1327 1.9021e+07 1.7810e+07  6.36%  3409 4764s
  1411  1156 1.7814e+07   50 1383 1.9021e+07 1.7813e+07  6.35%  3433 4834s
  1415  1159 1.7888e+07   50 1356 1.9021e+07 1.7813e+07  6.35%  3479 4874s
  1419  1163 1.7814e+07   51 1401 1.9021e+07 1.7814e+07  6.34%  3497 4901s
  1425  1166 1.7814e+07   52 1395 1.9021e+07 1.7814e+07  6.34%  3502 4911s
  1430  1169 1.7817e+07   53 1369 1.9021e+07 1.7814e+07  6.34%  3504 4939s
  1434  1172 1.7836e+07   53 1303 1.9021e+07 1.7814e+07  6.34%  3517 4956s
  1439  1179 1.7817e+07   54 1371 1.9021e+07 1.7814e+07  6.34%  3520 4980s
  1447  1180 1.7827e+07   55 1318 1.9021e+07 1.7814e+07  6.34%  3540 5003s
  1451  1184 1.7828e+07   55 1355 1.9021e+07 1.7814e+07  6.34%  3554 5035s
  1456  1188 1.7830e+07   56 1341 1.9021e+07 1.7814e+07  6.34%  3573 5195s
  1462  1192 1.7872e+07   56 1266 1.9021e+07 1.7814e+07  6.34%  3649 5228s
  1468  1198 1.7830e+07   57 1347 1.9021e+07 1.7814e+07  6.34%  3676 5256s
  1476  1202 1.7834e+07   58 1339 1.9021e+07 1.7814e+07  6.34%  3696 5385s
  1483  1207 1.7844e+07   59 1320 1.9021e+07 1.7814e+07  6.34%  3760 5413s
  1490  1210 1.7862e+07   59 1320 1.9021e+07 1.7814e+07  6.34%  3775 5436s
  1495  1214 1.7844e+07   60 1306 1.9021e+07 1.7814e+07  6.34%  3782 5458s
  1501  1218 1.7844e+07   61 1319 1.9021e+07 1.7814e+07  6.34%  3798 5526s
  1507  1228 1.7846e+07   62 1296 1.9021e+07 1.7814e+07  6.34%  3839 5559s
  1519  1234 1.7895e+07   63 1206 1.9021e+07 1.7814e+07  6.34%  3860 5586s
  1529  1240 1.7868e+07   63 1290 1.9021e+07 1.7814e+07  6.34%  3873 5639s
  1538  1244 1.7873e+07   64 1196 1.9021e+07 1.7814e+07  6.34%  3901 5676s
  1545  1248 1.7893e+07   65 1151 1.9021e+07 1.7814e+07  6.34%  3928 5715s
  1552  1253 1.7903e+07   65 1191 1.9021e+07 1.7814e+07  6.34%  3966 5780s
  1559  1264 1.7896e+07   66 1193 1.9021e+07 1.7814e+07  6.34%  3988 5833s
  1572  1271 1.7927e+07   68 1188 1.9021e+07 1.7814e+07  6.34%  4019 5882s
  1584  1283 1.7944e+07   69 1157 1.9021e+07 1.7814e+07  6.34%  4041 5930s
  1600  1289 1.7951e+07   71 1174 1.9021e+07 1.7814e+07  6.34%  4061 5972s
  1615  1305 1.7951e+07   72 1162 1.9021e+07 1.7814e+07  6.34%  4070 6027s
  1636  1318 1.7956e+07   75 1116 1.9021e+07 1.7814e+07  6.34%  4082 6092s
  1656  1331 1.7961e+07   77 1091 1.9021e+07 1.7814e+07  6.34%  4101 6165s
  1676  1343 1.7979e+07   79 1106 1.9021e+07 1.7814e+07  6.34%  4121 6219s
  1694  1365 1.7989e+07   80 1113 1.9021e+07 1.7814e+07  6.34%  4142 6266s
  1722  1394 1.8116e+07   83 1027 1.9021e+07 1.7814e+07  6.34%  4140 6329s
  1763  1419 1.8120e+07   89  983 1.9021e+07 1.7814e+07  6.34%  4120 6377s
  1801  1438 1.8218e+07   96  924 1.9021e+07 1.7814e+07  6.34%  4104 6432s
  1837  1468 1.8211e+07  103  872 1.9021e+07 1.7814e+07  6.34%  4096 6479s
  1879  1488 1.8276e+07  108  825 1.9021e+07 1.7814e+07  6.34%  4081 6529s
  1913  1541 1.8343e+07  110  828 1.9021e+07 1.7814e+07  6.34%  4080 6577s
  1989  1581 1.8699e+07  121  789 1.9021e+07 1.7814e+07  6.34%  3999 6643s
  2077  1641 1.8753e+07  136  588 1.9021e+07 1.7814e+07  6.34%  3895 6689s
H 2137  1563                    1.902067e+07 1.7814e+07  6.34%  3808 6690s
  2181  1627 1.8809e+07  154  454 1.9021e+07 1.7814e+07  6.34%  3772 6754s
  2306  1593 1.9002e+07  174  396 1.9021e+07 1.7817e+07  6.33%  3627 6840s
  2345  1592 1.7833e+07   55 1400 1.9021e+07 1.7817e+07  6.33%  3618 6890s
  2357  1601 1.7887e+07   60 1341 1.9021e+07 1.7817e+07  6.33%  3653 6964s
  2372  1615 1.7906e+07   65 1278 1.9021e+07 1.7817e+07  6.33%  3685 7028s
  2391  1641 1.7948e+07   70 1296 1.9021e+07 1.7817e+07  6.33%  3709 7094s
  2424  1670 1.8014e+07   83 1138 1.9021e+07 1.7817e+07  6.33%  3705 7153s
  2464  1682 1.8125e+07   99 1010 1.9021e+07 1.7817e+07  6.33%  3699 7212s
H 2478  1592                    1.892475e+07 1.7817e+07  5.85%  3689 7212s
  2489  1633 1.8213e+07  111  775 1.8925e+07 1.7817e+07  5.85%  3700 7286s
  2545  1683 1.8424e+07  133  538 1.8925e+07 1.7817e+07  5.85%  3686 7353s
  2644  1680     cutoff  182      1.8925e+07 1.7818e+07  5.85%  3600 7443s
  2680  1695 1.7889e+07   54 1160 1.8925e+07 1.7818e+07  5.85%  3618 7517s
  2713  1710 1.7969e+07   58 1039 1.8925e+07 1.7818e+07  5.85%  3634 7599s
  2760  1717 1.8888e+07   69  947 1.8925e+07 1.7820e+07  5.84%  3642 7687s
  2818  1722 1.7846e+07   57 1389 1.8925e+07 1.7823e+07  5.82%  3632 7769s
  2855  1737 1.7910e+07   64 1272 1.8925e+07 1.7823e+07  5.82%  3647 7841s
  2882  1783 1.8010e+07   70 1157 1.8925e+07 1.7823e+07  5.82%  3672 7919s
  2937  1826 1.8609e+07   85  964 1.8925e+07 1.7826e+07  5.80%  3665 8025s
  3019  1850 1.7910e+07   53 1299 1.8925e+07 1.7826e+07  5.80%  3630 8154s
  3029  1847     cutoff  111      1.8925e+07 1.7826e+07  5.80%  3630 8155s
  3082  1865 1.7971e+07   63 1177 1.8925e+07 1.7826e+07  5.80%  3622 8356s
  3130  1919 1.8150e+07   69 1138 1.8925e+07 1.7827e+07  5.80%  3639 8491s
  3244  1954 1.7833e+07   52 1317 1.8925e+07 1.7827e+07  5.80%  3592 8601s
  3319  1978 1.7888e+07   57 1283 1.8925e+07 1.7827e+07  5.80%  3572 8740s
  3394  1996 1.8090e+07   66 1081 1.8925e+07 1.7827e+07  5.80%  3567 8890s
  3445  2061 1.8093e+07   67 1053 1.8925e+07 1.7827e+07  5.80%  3568 9006s
  3529  2093 1.8408e+07   83  914 1.8925e+07 1.7829e+07  5.79%  3557 9190s
  3620  2115 1.8803e+07   53 1309 1.8925e+07 1.7831e+07  5.78%  3549 9356s
H 3657  2050                    1.892475e+07 1.7831e+07  5.78%  3565 9356s
  3680  2139 1.7882e+07   57 1322 1.8925e+07 1.7831e+07  5.78%  3571 9506s
  3792  2162 1.7960e+07   63 1243 1.8925e+07 1.7831e+07  5.78%  3542 9668s
  3880  2181 1.7984e+07   65 1219 1.8925e+07 1.7831e+07  5.78%  3542 9842s
  3940  2210 1.8035e+07   67 1242 1.8925e+07 1.7831e+07  5.78%  3565 10072s
  4004  2229 1.8820e+07   76  989 1.8925e+07 1.7831e+07  5.78%  3557 10409s
  4060  2319     cutoff   81      1.8925e+07 1.7831e+07  5.78%  3570 10590s
  4193  2344 1.7977e+07   64 1233 1.8925e+07 1.7833e+07  5.77%  3545 10753s
  4295  2348 1.8457e+07   90  909 1.8925e+07 1.7833e+07  5.77%  3558 11092s
  4341  2453 1.7943e+07   63 1307 1.8925e+07 1.7833e+07  5.77%  3567 11300s
  4495  2556 1.8225e+07   86  867 1.8925e+07 1.7834e+07  5.77%  3550 11466s
  4610  2664 1.7923e+07   59 1252 1.8925e+07 1.7834e+07  5.77%  3563 11673s
  4748  2827 1.8252e+07   69 1121 1.8925e+07 1.7834e+07  5.77%  3557 11886s
  4946  2940 1.8499e+07   81  925 1.8925e+07 1.7836e+07  5.75%  3523 12099s
  5079  3084 1.7940e+07   61 1336 1.8925e+07 1.7836e+07  5.75%  3541 12363s
  5254  3217 1.8757e+07  127  783 1.8925e+07 1.7838e+07  5.74%  3531 12761s
  5433  3409 1.8127e+07   62 1127 1.8925e+07 1.7839e+07  5.74%  3524 13515s
  5680  3601 1.7973e+07   61 1181 1.8925e+07 1.7840e+07  5.73%  3489 14121s
  5888  3655 1.7899e+07   53 1233 1.8925e+07 1.7840e+07  5.73%  3478 14517s
  5982  3767 1.8285e+07   71 1065 1.8925e+07 1.7841e+07  5.73%  3495 15268s
  6133  3974 1.7890e+07   55 1172 1.8925e+07 1.7842e+07  5.72%  3484 15936s
  6401  4067 1.8836e+07   55 1277 1.8925e+07 1.7843e+07  5.71%  3462 16507s
  6512  4157 1.8267e+07   65 1109 1.8925e+07 1.7843e+07  5.71%  3513 17059s
  6647  4278 1.8744e+07   80  861 1.8925e+07 1.7844e+07  5.71%  3514 17894s
  6807  4542 1.8029e+07   67 1187 1.8925e+07 1.7844e+07  5.71%  3526 18814s
  7117  4680 1.8231e+07   90  840 1.8925e+07 1.7844e+07  5.71%  3488 19340s
  7326  4865 1.7936e+07   63 1305 1.8925e+07 1.7846e+07  5.70%  3519 19744s
  7577  5030 1.7897e+07   59 1290 1.8925e+07 1.7846e+07  5.70%  3528 20162s
  7808  5183 1.7982e+07   64 1249 1.8925e+07 1.7847e+07  5.70%  3545 20598s
H 7945  5183                    1.892475e+07 1.7847e+07  5.70%  3545 20599s
  8018  5379 1.8012e+07   65 1138 1.8925e+07 1.7847e+07  5.69%  3550 20977s
  8283  5603 1.8066e+07   72 1217 1.8925e+07 1.7848e+07  5.69%  3558 21469s
  8573  5852 1.8818e+07   74  940 1.8925e+07 1.7849e+07  5.68%  3545 21910s
  8907  6072 1.7940e+07   64 1245 1.8925e+07 1.7850e+07  5.68%  3536 22262s
  9190  6368 1.8140e+07   69 1057 1.8925e+07 1.7851e+07  5.68%  3532 22606s
  9522  6614 1.7958e+07   67 1151 1.8925e+07 1.7852e+07  5.67%  3530 23010s
  9840  6768 1.8112e+07   65 1134 1.8925e+07 1.7853e+07  5.66%  3557 23391s
 10078  7116 1.7956e+07   72 1284 1.8925e+07 1.7853e+07  5.66%  3584 23787s
 10459  7117 1.8448e+07  135 1546 1.8925e+07 1.7853e+07  5.66%  3569 24056s
 10461  7118 1.8057e+07   70 1266 1.8925e+07 1.7853e+07  5.66%  3568 24064s
 10462  7119 1.8397e+07   81 1332 1.8925e+07 1.7853e+07  5.66%  3568 24089s
 10463  7120 1.7975e+07   69 1365 1.8925e+07 1.7853e+07  5.66%  3568 24115s
 10464  7120 1.8291e+07   76 1330 1.8925e+07 1.7853e+07  5.66%  3567 24139s
 10465  7121 1.8375e+07  100 1318 1.8925e+07 1.7853e+07  5.66%  3567 24157s
 10466  7122 1.8438e+07   70 1356 1.8925e+07 1.7853e+07  5.66%  3567 24169s
 10467  7122 1.8669e+07   93 1353 1.8925e+07 1.7853e+07  5.66%  3566 24179s
 10468  7123 1.8493e+07  110 1283 1.8925e+07 1.7853e+07  5.66%  3566 24185s
 10470  7124 1.8117e+07   73 1358 1.8925e+07 1.7853e+07  5.66%  3565 24195s
 10473  7126 1.8389e+07   82 1318 1.8925e+07 1.7853e+07  5.66%  3564 24200s
 10478  7130 1.8057e+07   70 1351 1.8925e+07 1.7853e+07  5.66%  3563 24205s
 10479  7130 1.8324e+07   96 1323 1.8925e+07 1.7853e+07  5.66%  3562 24211s
 10482  7132 1.8152e+07   82 1342 1.8925e+07 1.7853e+07  5.66%  3561 24215s
 10486  7135 1.8157e+07   91 1303 1.8925e+07 1.7853e+07  5.66%  3560 24226s
 10488  7136 1.8029e+07   67 1343 1.8925e+07 1.7853e+07  5.66%  3559 24230s
 10491  7138 1.8369e+07   75 1317 1.8925e+07 1.7853e+07  5.66%  3558 24238s
 10493  7140 1.7957e+07   70 1336 1.8925e+07 1.7853e+07  5.66%  3557 24240s
 10495  7141 1.8011e+07   60 1369 1.8925e+07 1.7853e+07  5.66%  3557 24247s
 10497  7142 1.7922e+07   59 1378 1.8925e+07 1.7853e+07  5.66%  3556 24250s
 10498  7143 1.7962e+07   60 1292 1.8925e+07 1.7853e+07  5.66%  3556 24256s
 10500  7144 1.8717e+07  105 1319 1.8925e+07 1.7853e+07  5.66%  3555 24263s
 10501  7145 1.8575e+07  107 1319 1.8925e+07 1.7853e+07  5.66%  3555 24267s
 10502  7146 1.8299e+07  104 1319 1.8925e+07 1.7853e+07  5.66%  3554 24274s
 10503  7149 1.7853e+07   56 1312 1.8925e+07 1.7853e+07  5.66%  3573 24299s
 10505  7153 1.7853e+07   57 1308 1.8925e+07 1.7853e+07  5.66%  3575 24322s
 10509  7155 1.7853e+07   58 1243 1.8925e+07 1.7853e+07  5.66%  3578 24343s
 10513  7158 1.7853e+07   58 1320 1.8925e+07 1.7853e+07  5.66%  3580 24367s
 10517  7161 1.7865e+07   59 1281 1.8925e+07 1.7853e+07  5.66%  3583 24386s
 10521  7163 1.7853e+07   59 1275 1.8925e+07 1.7853e+07  5.66%  3584 24397s
 10525  7169 1.7853e+07   60 1274 1.8925e+07 1.7853e+07  5.66%  3585 24410s
 10532  7174 1.7853e+07   61 1279 1.8925e+07 1.7853e+07  5.66%  3586 24426s
 10539  7177 1.7853e+07   62 1270 1.8925e+07 1.7853e+07  5.66%  3585 24436s
 10545  7182 1.7853e+07   63 1289 1.8925e+07 1.7853e+07  5.66%  3585 24460s
 10552  7187 1.7853e+07   64 1270 1.8925e+07 1.7853e+07  5.66%  3590 24475s
 10559  7193 1.7875e+07   64 1265 1.8925e+07 1.7853e+07  5.66%  3591 24503s
 10567  7195 1.7853e+07   65 1258 1.8925e+07 1.7853e+07  5.66%  3593 24524s
 10571  7194 1.7915e+07   69 1226 1.8925e+07 1.7853e+07  5.66%  3597 24525s
 10572  7196 1.7853e+07   66 1273 1.8925e+07 1.7853e+07  5.66%  3597 24556s
 10577  7201 1.7882e+07   66 1240 1.8925e+07 1.7853e+07  5.66%  3602 24577s
 10583  7203 1.7853e+07   67 1241 1.8925e+07 1.7853e+07  5.66%  3603 24615s
 10587  7207 1.7925e+07   67 1207 1.8925e+07 1.7853e+07  5.66%  3612 24644s
 10593  7210 1.7864e+07   68 1249 1.8925e+07 1.7853e+07  5.66%  3615 24659s
 10598  7216 1.7870e+07   68 1251 1.8925e+07 1.7853e+07  5.66%  3617 24683s
 10605  7218 1.7894e+07   69 1239 1.8925e+07 1.7853e+07  5.66%  3621 24696s
 10610  7224 1.7910e+07   70 1270 1.8925e+07 1.7853e+07  5.66%  3623 24721s
 10617  7231 1.7892e+07   70 1243 1.8925e+07 1.7853e+07  5.66%  3626 24739s
 10619  7231 1.7955e+07   70 1177 1.8925e+07 1.7853e+07  5.66%  3626 24740s
 10627  7235 1.7972e+07   71 1215 1.8925e+07 1.7853e+07  5.66%  3629 24774s
 10628  7235 1.7962e+07   72 1210 1.8925e+07 1.7853e+07  5.66%  3628 24775s
 10634  7243 1.7892e+07   72 1246 1.8925e+07 1.7853e+07  5.66%  3633 24799s
 10644  7250 1.7892e+07   73 1250 1.8925e+07 1.7853e+07  5.66%  3636 24839s
 10655  7254 1.7894e+07   75 1132 1.8925e+07 1.7853e+07  5.66%  3641 24861s
 10662  7262 1.7899e+07   76 1148 1.8925e+07 1.7853e+07  5.66%  3645 24883s
 10673  7273 1.7979e+07   77 1155 1.8925e+07 1.7853e+07  5.66%  3650 24909s
 10689  7279 1.7908e+07   78 1146 1.8925e+07 1.7853e+07  5.66%  3648 24931s
 10701  7287 1.7912e+07   79 1143 1.8925e+07 1.7853e+07  5.66%  3650 24953s
 10713  7292 1.7927e+07   80 1101 1.8925e+07 1.7853e+07  5.66%  3652 24977s
 10722  7300     cutoff   82      1.8925e+07 1.7853e+07  5.66%  3655 25005s
 10735  7308 1.8032e+07   83 1073 1.8925e+07 1.7853e+07  5.66%  3658 25033s
 10749  7315 1.8031e+07   85 1107 1.8925e+07 1.7853e+07  5.66%  3661 25065s
 10761  7323 1.8032e+07   86 1089 1.8925e+07 1.7853e+07  5.66%  3665 25095s
 10777  7337 1.8257e+07   87 1051 1.8925e+07 1.7853e+07  5.66%  3670 25128s
 10800  7371 1.8068e+07   88 1087 1.8925e+07 1.7853e+07  5.66%  3671 25157s
 10843  7378     cutoff   95      1.8925e+07 1.7853e+07  5.66%  3665 25183s
 10872  7403 1.8183e+07   97  983 1.8925e+07 1.7853e+07  5.66%  3663 25213s
 10910  7441 1.8202e+07   99  994 1.8925e+07 1.7853e+07  5.66%  3660 25242s
 10960  7477 1.8242e+07  101  985 1.8925e+07 1.7853e+07  5.66%  3652 25273s
 11023  7485 1.8358e+07  106  868 1.8925e+07 1.7853e+07  5.66%  3640 25317s
 11089  7482 1.8503e+07  109  908 1.8925e+07 1.7853e+07  5.66%  3627 25365s
 11117  7503 1.8563e+07  114  832 1.8925e+07 1.7853e+07  5.66%  3627 25398s
 11147  7518 infeasible  119      1.8925e+07 1.7853e+07  5.66%  3628 25490s
 11182  7532 1.8607e+07   63 1164 1.8925e+07 1.7853e+07  5.66%  3630 25532s
 11220  7541 infeasible   71      1.8925e+07 1.7853e+07  5.66%  3629 25566s
 11253  7545     cutoff   70      1.8925e+07 1.7853e+07  5.66%  3630 25628s
 11287  7556 1.8598e+07   66 1147 1.8925e+07 1.7853e+07  5.66%  3634 25742s
 11319  7572 1.8670e+07   69 1135 1.8925e+07 1.7853e+07  5.66%  3636 25783s
 11354  7610 1.8123e+07   85 1048 1.8925e+07 1.7853e+07  5.66%  3638 25823s
 11407  7657 1.8239e+07   93  949 1.8925e+07 1.7853e+07  5.66%  3632 25900s
 11496  7642     cutoff  139      1.8925e+07 1.7853e+07  5.66%  3619 25960s
 11521  7658 1.8806e+07   69 1193 1.8925e+07 1.7853e+07  5.66%  3628 26014s
 11533  7654 1.8066e+07   90 1134 1.8925e+07 1.7853e+07  5.66%  3628 26015s
 11549  7680 1.8904e+07   80 1161 1.8925e+07 1.7853e+07  5.66%  3636 26065s
 11586  7708 1.7867e+07   67 1201 1.8925e+07 1.7853e+07  5.66%  3638 26118s
 11635  7729 1.7919e+07   77 1188 1.8925e+07 1.7853e+07  5.66%  3639 26188s
 11686  7760 1.8107e+07   91 1040 1.8925e+07 1.7853e+07  5.66%  3642 26245s
 11751  7754 1.8523e+07  116  859 1.8925e+07 1.7853e+07  5.66%  3639 26308s
 11819  7783 1.8031e+07   84 1070 1.8925e+07 1.7853e+07  5.66%  3640 26391s
H11857  7412                    1.892475e+07 1.7853e+07  5.66%  3638 26391s
 11870  7480 1.8327e+07   97  947 1.8925e+07 1.7853e+07  5.66%  3639 26461s
 11952  7530 1.7893e+07   65 1156 1.8925e+07 1.7853e+07  5.66%  3631 26530s
 12044  7571 1.8106e+07   76 1086 1.8925e+07 1.7853e+07  5.66%  3614 26646s
 12147  7607 1.7893e+07   67 1203 1.8925e+07 1.7853e+07  5.66%  3604 26727s
 12218  7658 1.8044e+07   79  998 1.8925e+07 1.7853e+07  5.66%  3601 26831s
 12337  7671 1.7919e+07   67 1156 1.8925e+07 1.7853e+07  5.66%  3595 26905s
 12392  7697 1.7996e+07   77 1071 1.8925e+07 1.7853e+07  5.66%  3597 27110s
 12436  7812 1.8113e+07   87 1010 1.8925e+07 1.7853e+07  5.66%  3592 27233s
 12604  7841 1.7963e+07   64 1191 1.8925e+07 1.7853e+07  5.66%  3573 27321s
 12689  7949 1.8144e+07   90 1063 1.8925e+07 1.7853e+07  5.66%  3571 27409s
 12826  7972 1.8775e+07  132  676 1.8925e+07 1.7853e+07  5.66%  3556 27506s
 12938  8032 1.8026e+07   69 1064 1.8925e+07 1.7853e+07  5.66%  3553 27603s
 13035  8116 1.8440e+07   95  930 1.8925e+07 1.7853e+07  5.66%  3548 27719s
 13190  8186 1.7999e+07   70 1121 1.8925e+07 1.7853e+07  5.66%  3539 27824s
 13311  8265 1.8582e+07   92  887 1.8925e+07 1.7853e+07  5.66%  3536 27945s
 13474  8311 1.7980e+07   78 1144 1.8925e+07 1.7853e+07  5.66%  3525 28060s
 13577  8513 1.8173e+07   90 1025 1.8925e+07 1.7853e+07  5.66%  3530 28205s
 13847  8580 1.7954e+07   65 1168 1.8925e+07 1.7853e+07  5.66%  3500 28333s
 14088  8658 1.8560e+07  104  865 1.8925e+07 1.7853e+07  5.66%  3474 28472s
 14291  8681 1.8131e+07   69 1159 1.8925e+07 1.7853e+07  5.66%  3456 28673s
 14404  8741 1.8429e+07   78 1078 1.8925e+07 1.7853e+07  5.66%  3466 28808s
 14542  8854 1.8000e+07   73 1158 1.8925e+07 1.7853e+07  5.66%  3471 28960s
 14757  8925 1.7905e+07   62 1211 1.8925e+07 1.7853e+07  5.66%  3457 29112s
 14923  8929 1.8452e+07   92  855 1.8925e+07 1.7853e+07  5.66%  3453 29370s
 15016  9026 1.7922e+07   65 1197 1.8925e+07 1.7853e+07  5.66%  3449 29527s
 15180  9100 1.7870e+07   60 1228 1.8925e+07 1.7853e+07  5.66%  3450 29698s
 15362  9296 1.8037e+07   84 1041 1.8925e+07 1.7855e+07  5.65%  3455 29884s
 15690  9327 1.7928e+07   61 1220 1.8925e+07 1.7855e+07  5.65%  3426 30099s
 15854  9447 1.8627e+07  103  795 1.8925e+07 1.7857e+07  5.64%  3427 30296s
 16093  9518 1.8199e+07   75 1014 1.8925e+07 1.7858e+07  5.64%  3425 30496s
 16309  9627 1.8054e+07   73 1100 1.8925e+07 1.7859e+07  5.63%  3430 30696s
 16540  9831 1.8265e+07   84  931 1.8925e+07 1.7861e+07  5.62%  3430 30915s
 16880 10001 1.7945e+07   76 1183 1.8925e+07 1.7863e+07  5.61%  3408 31145s
 17219 10092 1.8078e+07   86 1039 1.8925e+07 1.7864e+07  5.61%  3386 31384s
 17516 10194 1.7957e+07   64 1078 1.8925e+07 1.7865e+07  5.60%  3387 31634s
 17791 10262 1.8805e+07   92  715 1.8925e+07 1.7866e+07  5.59%  3387 31903s
 18017 10563 1.7997e+07   77 1223 1.8925e+07 1.7869e+07  5.58%  3405 32174s
 18089 10539 1.8083e+07   75  980 1.8925e+07 1.7869e+07  5.58%  3405 32175s
 18469 10744 1.8415e+07   98  757 1.8925e+07 1.7870e+07  5.58%  3379 32454s
 18879 10857 1.8536e+07   91  929 1.8925e+07 1.7872e+07  5.56%  3360 32726s
 19193 11070 infeasible   72      1.8925e+07 1.7874e+07  5.55%  3362 33017s
 19592 11179 1.8241e+07   86  854 1.8925e+07 1.7875e+07  5.55%  3353 33564s
 19904 11526 1.8139e+07   83 1112 1.8925e+07 1.7876e+07  5.54%  3341 33883s
 20454 11745 1.8007e+07   70 1070 1.8925e+07 1.7877e+07  5.54%  3316 34233s
 20998 11565 1.8132e+07   87 1546 1.8925e+07 1.7878e+07  5.53%  3295 34526s
 21001 11567 1.8633e+07  113  999 1.8925e+07 1.7878e+07  5.53%  3295 34536s
 21002 11568 1.8083e+07   83 1042 1.8925e+07 1.7878e+07  5.53%  3294 34546s
 21003 11568 1.8088e+07   74 1042 1.8925e+07 1.7878e+07  5.53%  3294 34552s
 21004 11569 1.8068e+07   84 1038 1.8925e+07 1.7878e+07  5.53%  3294 34560s
 21005 11570 1.8001e+07   75 1005 1.8925e+07 1.7878e+07  5.53%  3294 34566s
 21006 11570 1.8802e+07   86 1003 1.8925e+07 1.7878e+07  5.53%  3294 34571s
 21007 11571 1.8078e+07   79 1004 1.8925e+07 1.7878e+07  5.53%  3294 34576s
 21009 11572 1.8645e+07  119 1004 1.8925e+07 1.7878e+07  5.53%  3293 34580s
 21013 11575 1.8073e+07   80  975 1.8925e+07 1.7878e+07  5.53%  3293 34585s
 21022 11581 1.8151e+07   95  937 1.8925e+07 1.7878e+07  5.53%  3291 34593s
 21023 11582 1.8320e+07   96  959 1.8925e+07 1.7878e+07  5.53%  3291 34595s
 21030 11586 1.8530e+07  103  956 1.8925e+07 1.7878e+07  5.53%  3290 34604s
 21031 11587 1.8282e+07  105  975 1.8925e+07 1.7878e+07  5.53%  3290 34606s
 21035 11590 1.8612e+07   97  970 1.8925e+07 1.7878e+07  5.53%  3289 34610s
 21039 11592 1.8469e+07   82  930 1.8925e+07 1.7878e+07  5.53%  3289 34616s
 21044 11596 1.7882e+07   69  994 1.8925e+07 1.7878e+07  5.53%  3288 34620s
 21052 11601 1.8265e+07  108  983 1.8925e+07 1.7878e+07  5.53%  3287 34625s
 21055 11603 1.8749e+07  138  952 1.8925e+07 1.7878e+07  5.53%  3286 34631s
 21059 11606 1.8518e+07  104  953 1.8925e+07 1.7878e+07  5.53%  3286 34635s
 21065 11610 1.8750e+07  107 1008 1.8925e+07 1.7878e+07  5.53%  3285 34641s
 21070 11613 1.8028e+07   73  946 1.8925e+07 1.7878e+07  5.53%  3284 34645s
 21074 11616 1.8235e+07   79  974 1.8925e+07 1.7878e+07  5.53%  3283 34650s
 21077 11618 1.8714e+07  127  960 1.8925e+07 1.7878e+07  5.53%  3283 34656s
 21084 11622 1.8824e+07  140  960 1.8925e+07 1.7878e+07  5.53%  3282 34665s
 21086 11624 1.7940e+07   69 1015 1.8925e+07 1.7878e+07  5.53%  3281 34671s
 21088 11625 1.8042e+07   82 1049 1.8925e+07 1.7878e+07  5.53%  3281 34675s
 21094 11629 1.8021e+07   79  990 1.8925e+07 1.7878e+07  5.53%  3280 34682s
 21096 11630 1.8449e+07  100 1015 1.8925e+07 1.7878e+07  5.53%  3280 34685s
 21101 11634 1.8633e+07  113 1019 1.8925e+07 1.7878e+07  5.53%  3279 34690s
 21109 11639 1.8645e+07  119 1011 1.8925e+07 1.7878e+07  5.53%  3278 34695s
 21112 11641 1.8395e+07   93 1016 1.8925e+07 1.7878e+07  5.53%  3277 34701s
 21117 11644 1.7967e+07   79 1024 1.8925e+07 1.7878e+07  5.53%  3277 34706s
 21122 11648 1.8151e+07   95 1014 1.8925e+07 1.7878e+07  5.53%  3276 34710s
 21126 11650 1.7973e+07   71 1005 1.8925e+07 1.7878e+07  5.53%  3275 34715s
 21130 11653 1.8530e+07  103 1005 1.8925e+07 1.7878e+07  5.53%  3275 34720s
 21135 11656 1.8612e+07   97  989 1.8925e+07 1.7878e+07  5.53%  3274 34726s
 21138 11658 1.7931e+07   72 1041 1.8925e+07 1.7878e+07  5.53%  3273 34730s
 21141 11660 1.8311e+07  110 1072 1.8925e+07 1.7878e+07  5.53%  3273 34735s
 21147 11664 1.8334e+07  116 1093 1.8925e+07 1.7878e+07  5.53%  3272 34740s
 21151 11667 1.8002e+07   80 1093 1.8925e+07 1.7878e+07  5.53%  3271 34745s
 21157 11671 1.8502e+07  109 1058 1.8925e+07 1.7878e+07  5.53%  3270 34750s
 21163 11675 1.8126e+07   91 1080 1.8925e+07 1.7878e+07  5.53%  3269 34755s
 21166 11677 1.8334e+07  116 1075 1.8925e+07 1.7878e+07  5.53%  3269 34776s
 21167 11681 1.7878e+07   67  999 1.8925e+07 1.7878e+07  5.53%  3102 34792s
 21169 11684 1.7878e+07   68 1003 1.8925e+07 1.7878e+07  5.53%  3102 34804s
 21173 11687 1.7878e+07   69 1031 1.8925e+07 1.7878e+07  5.53%  3103 34810s
 21177 11689 1.7878e+07   69  981 1.8925e+07 1.7878e+07  5.53%  3104 34821s
 21181 11692 1.7878e+07   70 1063 1.8925e+07 1.7878e+07  5.53%  3105 34828s
 21185 11695 1.7878e+07   70 1012 1.8925e+07 1.7878e+07  5.53%  3106 34838s
 21189 11698 1.7878e+07   71 1002 1.8925e+07 1.7878e+07  5.53%  3106 34843s
 21194 11702 1.7906e+07   71  968 1.8925e+07 1.7878e+07  5.53%  3106 34850s
 21199 11704 1.7878e+07   72 1014 1.8925e+07 1.7878e+07  5.53%  3107 34858s
 21203 11708 1.7878e+07   72 1030 1.8925e+07 1.7878e+07  5.53%  3108 34865s
 21208 11710 1.7911e+07   73  998 1.8925e+07 1.7878e+07  5.53%  3108 34873s
 21212 11713 1.7878e+07   74 1004 1.8925e+07 1.7878e+07  5.53%  3109 34880s
 21216 11718 1.7884e+07   74  960 1.8925e+07 1.7878e+07  5.53%  3110 34888s
 21223 11721 1.7878e+07   75 1012 1.8925e+07 1.7878e+07  5.53%  3109 34895s
 21228 11726 1.7878e+07   75  983 1.8925e+07 1.7878e+07  5.53%  3110 34903s
 21235 11730 1.7878e+07   76 1002 1.8925e+07 1.7878e+07  5.53%  3110 34915s
 21241 11735 1.7878e+07   77 1021 1.8925e+07 1.7878e+07  5.53%  3112 34928s
 21248 11739 1.7878e+07   78  998 1.8925e+07 1.7878e+07  5.53%  3112 34937s
 21254 11743 1.7884e+07   79  946 1.8925e+07 1.7878e+07  5.53%  3114 34945s
 21260 11745 1.7892e+07   79  949 1.8925e+07 1.7878e+07  5.53%  3115 34969s
 21261 11744 1.7915e+07   79  893 1.8925e+07 1.7878e+07  5.53%  3115 34970s
 21266 11749 1.7888e+07   80  941 1.8925e+07 1.7878e+07  5.53%  3117 34986s
 21272 11756 1.7910e+07   80  943 1.8925e+07 1.7878e+07  5.53%  3119 35001s
 21281 11763 1.7897e+07   81  912 1.8925e+07 1.7878e+07  5.53%  3120 35014s
 21291 11766 1.7905e+07   82  942 1.8925e+07 1.7878e+07  5.53%  3121 35023s
 21298 11769 1.7909e+07   82  910 1.8925e+07 1.7878e+07  5.53%  3122 35033s
 21303 11775 1.7910e+07   83  887 1.8925e+07 1.7878e+07  5.53%  3123 35045s
 21311 11778 1.7911e+07   84  921 1.8925e+07 1.7878e+07  5.53%  3124 35064s
 21318 11780 1.7918e+07   85  903 1.8925e+07 1.7878e+07  5.53%  3127 35076s
 21323 11784 1.7924e+07   85  898 1.8925e+07 1.7878e+07  5.53%  3128 35098s
 21330 11787 1.7919e+07   86  924 1.8925e+07 1.7878e+07  5.53%  3131 35118s
 21338 11793 1.7926e+07   87  959 1.8925e+07 1.7878e+07  5.53%  3134 35135s
 21346 11799 1.7929e+07   88  905 1.8925e+07 1.7878e+07  5.53%  3137 35146s
 21355 11803 1.7936e+07   89  926 1.8925e+07 1.7878e+07  5.53%  3139 35171s
 21362 11811 1.7937e+07   90  913 1.8925e+07 1.7878e+07  5.53%  3141 35191s
 21374 11825 1.7939e+07   91  912 1.8925e+07 1.7878e+07  5.53%  3145 35212s
 21392 11835 1.7946e+07   93  920 1.8925e+07 1.7878e+07  5.53%  3147 35230s
 21408 11846 1.7946e+07   94  915 1.8925e+07 1.7878e+07  5.53%  3149 35248s
 21428 11859 1.7971e+07   95  886 1.8925e+07 1.7878e+07  5.53%  3151 35269s
 21447 11869 1.7955e+07   97  916 1.8925e+07 1.7878e+07  5.53%  3152 35286s
 21468 11891 1.8021e+07   98  877 1.8925e+07 1.7878e+07  5.53%  3154 35308s
 21497 11910 1.7969e+07  100  912 1.8925e+07 1.7878e+07  5.53%  3154 35332s
 21525 11930 1.7975e+07  103  899 1.8925e+07 1.7878e+07  5.53%  3155 35350s
 21557 11968 1.7982e+07  106  844 1.8925e+07 1.7878e+07  5.53%  3155 35372s
 21605 12014 1.7994e+07  108  849 1.8925e+07 1.7878e+07  5.53%  3153 35391s
 21673 12039 1.8017e+07  110  803 1.8925e+07 1.7878e+07  5.53%  3146 35407s
 21753 12045 1.8017e+07  111  804 1.8925e+07 1.7878e+07  5.53%  3137 35427s
 21798 12054 1.8042e+07  113  712 1.8925e+07 1.7878e+07  5.53%  3133 35445s
 21846 12056 1.8182e+07  115  670 1.8925e+07 1.7878e+07  5.53%  3131 35466s
 21889 12057 1.8187e+07  118  685 1.8925e+07 1.7878e+07  5.53%  3128 35508s
 21916 12076 1.8132e+07  120  762 1.8925e+07 1.7878e+07  5.53%  3130 35529s
 21944 12076 1.8144e+07  124  716 1.8925e+07 1.7878e+07  5.53%  3131 35570s
H21951 11480                    1.891222e+07 1.7878e+07  5.47%  3131 35570s
 21953 11529 1.8325e+07  124  690 1.8912e+07 1.7878e+07  5.47%  3132 35589s
 21973 11522 1.7924e+07   79  941 1.8912e+07 1.7878e+07  5.47%  3131 35590s
 22020 11544 1.8150e+07  129  727 1.8912e+07 1.7878e+07  5.47%  3126 35617s
 22060 11561 1.8218e+07  138  691 1.8912e+07 1.7878e+07  5.47%  3126 35639s
 22095 11579 1.8470e+07  146  630 1.8912e+07 1.7878e+07  5.47%  3126 35665s
 22137 11616 1.7903e+07   73  979 1.8912e+07 1.7878e+07  5.47%  3127 35694s
 22195 11629 1.7937e+07   78  922 1.8912e+07 1.7878e+07  5.47%  3124 35740s
 22233 11649 1.7942e+07   83  917 1.8912e+07 1.7878e+07  5.47%  3125 35782s
 22283 11659 1.7939e+07   84  905 1.8912e+07 1.7878e+07  5.47%  3125 35811s
 22309 11682 1.8007e+07   91  931 1.8912e+07 1.7878e+07  5.47%  3129 35844s
 22343 11722 1.7978e+07   94  956 1.8912e+07 1.7878e+07  5.47%  3130 35881s
 22407 11732 1.7989e+07  104  885 1.8912e+07 1.7878e+07  5.47%  3128 35917s
 22450 11766 1.8041e+07  108  879 1.8912e+07 1.7878e+07  5.47%  3130 35952s
 22498 11826 1.8096e+07  118  809 1.8912e+07 1.7878e+07  5.47%  3132 35990s
 22576 11856 1.8114e+07  122  818 1.8912e+07 1.7878e+07  5.47%  3130 36034s
 22668 11865 1.8872e+07  130  709 1.8912e+07 1.7878e+07  5.47%  3126 36072s
 22716 11871 1.8420e+07  131  741 1.8912e+07 1.7878e+07  5.47%  3128 36111s
 22746 11916 1.8510e+07  136  717 1.8912e+07 1.7878e+07  5.47%  3131 36150s
 22807 11943 1.8694e+07  139  715 1.8912e+07 1.7878e+07  5.47%  3131 36202s
 22876 11968 1.7889e+07   72  980 1.8912e+07 1.7878e+07  5.47%  3132 36247s
 22939 12006 1.7944e+07   75  946 1.8912e+07 1.7878e+07  5.47%  3135 36291s
 23017 12043 1.7933e+07   79  973 1.8912e+07 1.7878e+07  5.47%  3134 36340s
 23097 12059 1.7979e+07   85  897 1.8912e+07 1.7878e+07  5.47%  3135 36390s
 23148 12108 1.8084e+07   90  871 1.8912e+07 1.7878e+07  5.47%  3139 36438s
 23214 12158 1.8040e+07   99  887 1.8912e+07 1.7878e+07  5.47%  3140 36490s
 23286 12169 1.8119e+07  111  814 1.8912e+07 1.7878e+07  5.47%  3144 36551s
 23329 12265 1.8352e+07  111  790 1.8912e+07 1.7878e+07  5.47%  3146 36605s
 23450 12306 1.8334e+07  127  737 1.8912e+07 1.7878e+07  5.47%  3143 36679s
 23558 12320     cutoff   73      1.8912e+07 1.7879e+07  5.46%  3144 36739s
 23627 12407 1.8197e+07   79  702 1.8912e+07 1.7879e+07  5.46%  3150 36818s
 23765 12445 1.7956e+07   73  940 1.8912e+07 1.7879e+07  5.46%  3148 36902s
H23830 11831                    1.886442e+07 1.7879e+07  5.22%  3147 36902s
 23900 11888 1.8108e+07   90  814 1.8864e+07 1.7881e+07  5.21%  3145 36986s
 23995 11928 1.7912e+07   72  970 1.8864e+07 1.7881e+07  5.21%  3148 37070s
 24104 11993 1.8036e+07   88  823 1.8864e+07 1.7881e+07  5.21%  3152 37145s
 24206 12092 1.8206e+07  116  680 1.8864e+07 1.7883e+07  5.20%  3156 37290s
 24382 12137 1.7925e+07   75  979 1.8864e+07 1.7883e+07  5.20%  3145 37489s
 24503 12145 1.8761e+07   99  770 1.8864e+07 1.7884e+07  5.20%  3140 37595s
 24565 12219 1.7964e+07   79  906 1.8864e+07 1.7884e+07  5.20%  3144 37692s
 24685 12283 1.8243e+07  105  796 1.8864e+07 1.7884e+07  5.20%  3143 37906s
 24828 12379 1.7929e+07   87  951 1.8864e+07 1.7890e+07  5.17%  3143 38014s
 24857 12370 1.8003e+07   80  893 1.8864e+07 1.7890e+07  5.17%  3145 38015s
 25000 12505 1.8109e+07  105  834 1.8864e+07 1.7890e+07  5.17%  3143 38124s
 25250 12526     cutoff  161      1.8864e+07 1.7891e+07  5.16%  3136 38239s
 25381 12559     cutoff  102      1.8864e+07 1.7892e+07  5.16%  3144 38364s
 25503 12705 1.8079e+07   94  840 1.8864e+07 1.7892e+07  5.15%  3154 38495s
 25701 12795 1.8407e+07  122  616 1.8864e+07 1.7893e+07  5.15%  3155 38635s
 25941 12858 1.8122e+07   90  812 1.8864e+07 1.7894e+07  5.14%  3154 38761s
 26143 13008 1.8172e+07   86  819 1.8864e+07 1.7897e+07  5.13%  3158 38908s
 26413 13080 1.8476e+07   92  771 1.8864e+07 1.7898e+07  5.12%  3155 39059s
 26651 13200 1.7994e+07   86  925 1.8864e+07 1.7899e+07  5.12%  3157 39203s
 26897 13395 1.7997e+07   79  783 1.8864e+07 1.7900e+07  5.11%  3157 39361s
 27246 13470 1.7941e+07   74  920 1.8864e+07 1.7901e+07  5.11%  3144 39522s
 27509 13516 1.8244e+07   82  735 1.8864e+07 1.7902e+07  5.10%  3147 39677s
 27706 13666 1.7998e+07   84  921 1.8864e+07 1.7903e+07  5.09%  3147 39842s
 27962 13853 1.8452e+07   98  623 1.8864e+07 1.7904e+07  5.09%  3151 40016s
 28297 14036 1.8017e+07   95  803 1.8864e+07 1.7905e+07  5.09%  3146 40207s
 28646 14225 1.8415e+07  139  607 1.8864e+07 1.7906e+07  5.08%  3143 40396s
 29054 14324 1.8243e+07   98  717 1.8864e+07 1.7907e+07  5.07%  3137 40595s
 29365 14475 1.7966e+07   78  908 1.8864e+07 1.7908e+07  5.07%  3138 40793s
 29661 14658 1.8136e+07  102  817 1.8864e+07 1.7909e+07  5.07%  3146 41020s
 30073 14776 1.8790e+07  104  715 1.8864e+07 1.7910e+07  5.06%  3143 41236s
 30410 14927 1.8233e+07   91  785 1.8864e+07 1.7912e+07  5.05%  3142 41547s
 30730 15129 1.8547e+07  112  668 1.8864e+07 1.7913e+07  5.04%  3143 41791s
 31121 15503 1.8565e+07  106  647 1.8864e+07 1.7914e+07  5.04%  3139 42059s
 31798 15755 1.7946e+07   72  934 1.8864e+07 1.7916e+07  5.03%  3126 42310s
 32390 15833 1.8061e+07   82  867 1.8864e+07 1.7919e+07  5.01%  3114 42491s
 32752 16020 1.8178e+07   93  869 1.8864e+07 1.7922e+07  5.00%  3113 42689s
 32951 15954 1.8378e+07  106  580 1.8864e+07 1.7923e+07  4.99%  3114 42690s
 33195 16157 1.7998e+07   83  901 1.8864e+07 1.7924e+07  4.99%  3112 42892s
 33594 16279 1.7991e+07   92  906 1.8864e+07 1.7924e+07  4.98%  3109 43085s
 34053 16502 1.8088e+07   98  823 1.8864e+07 1.7925e+07  4.98%  3105 43281s
 34530 16674 1.7988e+07   83  878 1.8864e+07 1.7926e+07  4.98%  3095 43477s
 34947 16881 1.7986e+07   77  898 1.8864e+07 1.7927e+07  4.97%  3094 43671s
 35410 17080 1.7959e+07   79  931 1.8864e+07 1.7928e+07  4.96%  3088 43865s
 35886 17127 1.8265e+07  105  781 1.8864e+07 1.7929e+07  4.96%  3078 44038s
 36175 17214 1.8036e+07   81  894 1.8864e+07 1.7931e+07  4.95%  3077 44636s
 36394 17387 1.8150e+07   97  795 1.8864e+07 1.7931e+07  4.95%  3081 44854s
 36813 17274 1.8123e+07   80  789 1.8864e+07 1.7932e+07  4.94%  3080 45152s
 36842 17533 1.8245e+07   87  816 1.8864e+07 1.7932e+07  4.94%  3081 45353s
 37220 17669 1.8067e+07   91  879 1.8864e+07 1.7933e+07  4.94%  3079 45555s
 37580 17848     cutoff  121      1.8864e+07 1.7934e+07  4.93%  3086 45761s
 37980 17971 1.8006e+07   81  878 1.8864e+07 1.7934e+07  4.93%  3081 45966s
 38303 18090 1.8340e+07   92  773 1.8864e+07 1.7935e+07  4.93%  3089 46175s
 38693 18355 1.8081e+07   88  765 1.8864e+07 1.7936e+07  4.92%  3094 46381s
 39164 18620 1.8511e+07  126  541 1.8864e+07 1.7937e+07  4.92%  3092 46583s
 39740 18782 1.8815e+07  117  570 1.8864e+07 1.7937e+07  4.91%  3083 46784s
 40288 18919 1.8313e+07  101  744 1.8864e+07 1.7938e+07  4.91%  3075 47001s
 40702 19056 1.8014e+07   90  835 1.8864e+07 1.7939e+07  4.91%  3077 47210s
 41086 19243 1.8284e+07  121  741 1.8864e+07 1.7939e+07  4.91%  3081 47425s
 41533 19414 1.8412e+07   93  652 1.8864e+07 1.7940e+07  4.90%  3082 47650s
 41956 19608 1.8005e+07   76  811 1.8864e+07 1.7940e+07  4.90%  3087 47854s
 42422 19454 1.8596e+07  125 1546 1.8864e+07 1.7940e+07  4.90%  3085 48486s
 42425 19456 1.7972e+07   75  991 1.8864e+07 1.7940e+07  4.90%  3085 48494s
 42426 19457 1.8484e+07   98  997 1.8864e+07 1.7940e+07  4.90%  3085 48507s
 42427 19457 1.8771e+07   90 1079 1.8864e+07 1.7940e+07  4.90%  3085 48519s
 42428 19458 1.8168e+07  101 1080 1.8864e+07 1.7940e+07  4.90%  3085 48528s
 42429 19459 1.7964e+07   76 1102 1.8864e+07 1.7940e+07  4.90%  3085 48535s
 42430 19459 1.8464e+07  108 1103 1.8864e+07 1.7940e+07  4.90%  3085 48542s
 42431 19460 1.8228e+07  105 1034 1.8864e+07 1.7940e+07  4.90%  3085 48548s
 42432 19461 1.8106e+07   94 1024 1.8864e+07 1.7940e+07  4.90%  3085 48553s
 42433 19461 1.8543e+07  117 1050 1.8864e+07 1.7940e+07  4.90%  3085 48558s
 42434 19462 1.8465e+07   97 1060 1.8864e+07 1.7940e+07  4.90%  3085 48563s
 42435 19463 1.8285e+07  114 1050 1.8864e+07 1.7940e+07  4.90%  3085 48566s
 42438 19465 1.8217e+07   82 1060 1.8864e+07 1.7940e+07  4.90%  3084 48570s
 42441 19467 1.8425e+07  102 1078 1.8864e+07 1.7940e+07  4.90%  3084 48575s
 42449 19472 1.7998e+07   81  972 1.8864e+07 1.7940e+07  4.90%  3084 48636s
 42450 19473 1.8522e+07  100 1064 1.8864e+07 1.7940e+07  4.90%  3083 48640s
 42456 19477 1.8158e+07  106 1079 1.8864e+07 1.7940e+07  4.90%  3083 48661s
 42457 19477 1.8450e+07  110 1036 1.8864e+07 1.7940e+07  4.90%  3083 48699s
 42458 19478 1.8435e+07  120 1051 1.8864e+07 1.7940e+07  4.90%  3083 48700s
 42464 19482 1.8349e+07  120 1027 1.8864e+07 1.7940e+07  4.90%  3082 48718s
 42465 19483 1.8426e+07  112 1019 1.8864e+07 1.7940e+07  4.90%  3082 48735s
 42469 19485 1.8731e+07  129 1058 1.8864e+07 1.7940e+07  4.90%  3082 48754s
 42470 19486 1.8664e+07  134 1044 1.8864e+07 1.7940e+07  4.90%  3082 48770s
 42472 19487 1.8192e+07  106 1054 1.8864e+07 1.7940e+07  4.90%  3082 48786s
 42473 19488 1.8417e+07  115 1056 1.8864e+07 1.7940e+07  4.90%  3082 48804s
 42474 19489 1.8040e+07   87 1054 1.8864e+07 1.7940e+07  4.90%  3082 48805s
 42476 19490 1.8129e+07   95 1034 1.8864e+07 1.7940e+07  4.90%  3082 48821s
 42477 19491 1.8132e+07  103  974 1.8864e+07 1.7940e+07  4.90%  3081 48840s
 42479 19492 1.8398e+07   96 1043 1.8864e+07 1.7940e+07  4.90%  3081 48857s
 42480 19493 1.8195e+07  113 1028 1.8864e+07 1.7940e+07  4.90%  3081 48875s
 42482 19494 1.8275e+07  105 1050 1.8864e+07 1.7940e+07  4.90%  3081 48892s
 42483 19495 1.7966e+07   78 1040 1.8864e+07 1.7940e+07  4.90%  3081 48908s
 42484 19495 1.8213e+07   86 1052 1.8864e+07 1.7940e+07  4.90%  3081 48924s
 42485 19496 1.8009e+07   88 1055 1.8864e+07 1.7940e+07  4.90%  3081 48942s
 42488 19498 1.8510e+07  142 1068 1.8864e+07 1.7940e+07  4.90%  3081 48959s
 42489 19499 1.8696e+07  101 1040 1.8864e+07 1.7940e+07  4.90%  3081 48976s
 42492 19501 1.8465e+07  114 1036 1.8864e+07 1.7940e+07  4.90%  3080 48992s
 42493 19501 1.8304e+07   83 1014 1.8864e+07 1.7940e+07  4.90%  3080 49011s
 42494 19502 1.8407e+07   93 1057 1.8864e+07 1.7940e+07  4.90%  3080 49027s
 42495 19503 1.8742e+07  131 1047 1.8864e+07 1.7940e+07  4.90%  3080 49044s
 42496 19503 1.8481e+07  109 1056 1.8864e+07 1.7940e+07  4.90%  3080 49061s
 42497 19504 1.8697e+07  133 1052 1.8864e+07 1.7940e+07  4.90%  3080 49077s
 42498 19505 1.8310e+07   89 1032 1.8864e+07 1.7940e+07  4.90%  3080 49092s
 42499 19505 1.8401e+07  100 1023 1.8864e+07 1.7940e+07  4.90%  3080 49110s
 42500 19506 1.8049e+07   79 1037 1.8864e+07 1.7940e+07  4.90%  3080 49125s
 42501 19507 1.7983e+07   85 1010 1.8864e+07 1.7940e+07  4.90%  3080 49142s
 42502 19507 1.8105e+07   88 1045 1.8864e+07 1.7940e+07  4.90%  3080 49157s
 42503 19508 1.8221e+07   93 1007 1.8864e+07 1.7940e+07  4.90%  3080 49173s
 42504 19509 1.8175e+07  114 1065 1.8864e+07 1.7940e+07  4.90%  3080 49189s
 42505 19509 1.8579e+07  126 1063 1.8864e+07 1.7940e+07  4.90%  3079 49206s
 42506 19510 1.7989e+07   76 1031 1.8864e+07 1.7940e+07  4.90%  3079 49222s
 42507 19511 1.8468e+07  106 1004 1.8864e+07 1.7940e+07  4.90%  3079 49238s
 42508 19511 1.8308e+07  107 1033 1.8864e+07 1.7940e+07  4.90%  3079 49254s
 42509 19512 1.8839e+07  114 1025 1.8864e+07 1.7940e+07  4.90%  3079 49271s
 42510 19513 1.7984e+07   88 1021 1.8864e+07 1.7940e+07  4.90%  3079 49286s
 42511 19513 1.7994e+07   85 1009 1.8864e+07 1.7940e+07  4.90%  3079 49302s
 42512 19514 1.8187e+07  103 1024 1.8864e+07 1.7940e+07  4.90%  3079 49317s
 42513 19515 1.8010e+07   81 1025 1.8864e+07 1.7940e+07  4.90%  3079 49333s
 42514 19515 1.8304e+07  100 1040 1.8864e+07 1.7940e+07  4.90%  3079 49348s
 42515 19516 1.8727e+07  145 1048 1.8864e+07 1.7940e+07  4.90%  3079 49366s
 42518 19518 1.8454e+07  102 1051 1.8864e+07 1.7940e+07  4.90%  3079 49383s
 42519 19519 1.8781e+07   93 1014 1.8864e+07 1.7940e+07  4.90%  3078 49400s
 42521 19520 1.8445e+07   98 1054 1.8864e+07 1.7940e+07  4.90%  3078 49416s
 42522 19521 1.8596e+07  125 1048 1.8864e+07 1.7940e+07  4.90%  3078 49432s
 42523 19521 1.8239e+07  116 1045 1.8864e+07 1.7940e+07  4.90%  3078 49447s
 42524 19522 1.8284e+07  102 1039 1.8864e+07 1.7940e+07  4.90%  3078 49465s
 42526 19523 1.8484e+07   98 1083 1.8864e+07 1.7940e+07  4.90%  3078 49482s
 42527 19524 1.8771e+07   90 1047 1.8864e+07 1.7940e+07  4.90%  3078 49499s
 42528 19525 1.8168e+07  101 1066 1.8864e+07 1.7940e+07  4.90%  3078 49514s
 42529 19525 1.7964e+07   76 1031 1.8864e+07 1.7940e+07  4.90%  3078 49531s
 42530 19526 1.8464e+07  108 1053 1.8864e+07 1.7940e+07  4.90%  3078 49545s
 42531 19527 1.8228e+07  105 1014 1.8864e+07 1.7940e+07  4.90%  3078 49562s
 42533 19528 1.8543e+07  117 1058 1.8864e+07 1.7940e+07  4.90%  3077 49578s
 42534 19529 1.8465e+07   97 1070 1.8864e+07 1.7940e+07  4.90%  3077 49597s
 42536 19530 1.8288e+07  104 1057 1.8864e+07 1.7940e+07  4.90%  3077 49613s
 42537 19531 1.8257e+07  102 1033 1.8864e+07 1.7940e+07  4.90%  3077 49631s
 42538 19531 1.8217e+07   82 1044 1.8864e+07 1.7940e+07  4.90%  3077 49647s
 42539 19532 1.8134e+07   81 1020 1.8864e+07 1.7940e+07  4.90%  3077 49664s
 42541 19533 1.8425e+07  102 1031 1.8864e+07 1.7940e+07  4.90%  3077 49681s
 42542 19534 1.8030e+07   93 1037 1.8864e+07 1.7940e+07  4.90%  3077 49699s
 42543 19535 1.8800e+07   96 1054 1.8864e+07 1.7940e+07  4.90%  3077 49715s
 42544 19535 1.8295e+07  110 1065 1.8864e+07 1.7940e+07  4.90%  3077 49733s
 42545 19536 1.8701e+07  111 1080 1.8864e+07 1.7940e+07  4.90%  3077 49748s
 42546 19537 1.8067e+07   93 1052 1.8864e+07 1.7940e+07  4.90%  3077 49765s
 42547 19537 1.8092e+07   83 1042 1.8864e+07 1.7940e+07  4.90%  3076 49781s
 42548 19538 1.8430e+07   90 1047 1.8864e+07 1.7940e+07  4.90%  3076 49798s
 42549 19539 1.7998e+07   81 1069 1.8864e+07 1.7940e+07  4.90%  3076 49813s
 42550 19539 1.8522e+07  100 1042 1.8864e+07 1.7940e+07  4.90%  3076 49830s
 42551 19540 1.8592e+07  139 1086 1.8864e+07 1.7940e+07  4.90%  3076 49845s
 42552 19541 1.8683e+07  110 1082 1.8864e+07 1.7940e+07  4.90%  3076 49861s
 42553 19541 1.8656e+07  112 1078 1.8864e+07 1.7940e+07  4.90%  3076 49878s
 42554 19542 1.8344e+07  110 1063 1.8864e+07 1.7940e+07  4.90%  3076 49896s
 42557 19544 1.8450e+07  110 1086 1.8864e+07 1.7940e+07  4.90%  3076 49913s
 42558 19545 1.8435e+07  120 1065 1.8864e+07 1.7940e+07  4.90%  3076 49932s
 42559 19545 1.8233e+07   89 1061 1.8864e+07 1.7940e+07  4.90%  3076 49948s
 42560 19546 1.8345e+07  103 1048 1.8864e+07 1.7940e+07  4.90%  3075 49968s
 42562 19547 1.8842e+07  107 1089 1.8864e+07 1.7940e+07  4.90%  3075 49988s
 42563 19548 1.8173e+07   85 1100 1.8864e+07 1.7940e+07  4.90%  3075 50005s
 42564 19549 1.8349e+07  120 1091 1.8864e+07 1.7940e+07  4.90%  3075 50022s
 42565 19549 1.8426e+07  112 1068 1.8864e+07 1.7940e+07  4.90%  3075 50038s
 42566 19550 1.8317e+07  104 1069 1.8864e+07 1.7940e+07  4.90%  3075 50053s
 42567 19551 1.8653e+07  140 1059 1.8864e+07 1.7940e+07  4.90%  3075 50070s
 42568 19551 1.8559e+07  108 1072 1.8864e+07 1.7940e+07  4.90%  3075 50086s
 42569 19552 1.8731e+07  129 1047 1.8864e+07 1.7940e+07  4.90%  3075 50108s
 42570 19553 1.8664e+07  134 1089 1.8864e+07 1.7940e+07  4.90%  3075 50111s
 42571 19553 1.8183e+07  103 1086 1.8864e+07 1.7940e+07  4.90%  3075 50116s
 42573 19555 1.8417e+07  115 1068 1.8864e+07 1.7940e+07  4.90%  3075 50120s
 42575 19556 1.8101e+07   97 1096 1.8864e+07 1.7940e+07  4.90%  3074 50137s
 42576 19557 1.8129e+07   95 1072 1.8864e+07 1.7940e+07  4.90%  3074 50155s
 42577 19557 1.8132e+07  103 1077 1.8864e+07 1.7940e+07  4.90%  3074 50171s
 42578 19558 1.7965e+07   79 1063 1.8864e+07 1.7940e+07  4.90%  3074 50189s
 42579 19559 1.8398e+07   96 1102 1.8864e+07 1.7940e+07  4.90%  3074 50190s
 42580 19559 1.8195e+07  113 1095 1.8864e+07 1.7940e+07  4.90%  3074 50206s
 42581 19560 1.8488e+07  118 1076 1.8864e+07 1.7940e+07  4.90%  3074 50223s
 42582 19561 1.8275e+07  105 1092 1.8864e+07 1.7940e+07  4.90%  3074 50239s
 42583 19561 1.7966e+07   78 1091 1.8864e+07 1.7940e+07  4.90%  3074 50256s
 42584 19562 1.8213e+07   86 1086 1.8864e+07 1.7940e+07  4.90%  3074 50272s
 42585 19563 1.8009e+07   88 1058 1.8864e+07 1.7940e+07  4.90%  3074 50290s
 42586 19563 1.8210e+07   92 1103 1.8864e+07 1.7940e+07  4.90%  3074 50306s
 42587 19564 1.8408e+07  100 1105 1.8864e+07 1.7940e+07  4.90%  3074 50327s
 42588 19565 1.8510e+07  142 1133 1.8864e+07 1.7940e+07  4.90%  3073 50343s
 42589 19565 1.8696e+07  101 1095 1.8864e+07 1.7940e+07  4.90%  3073 50360s
 42594 19569 1.8407e+07   93 1102 1.8864e+07 1.7940e+07  4.90%  3073 50378s
 42595 19569 1.8742e+07  131 1078 1.8864e+07 1.7940e+07  4.90%  3073 50396s
 42596 19570 1.8481e+07  109 1129 1.8864e+07 1.7940e+07  4.90%  3073 50412s
 42597 19571 1.8697e+07  133 1104 1.8864e+07 1.7940e+07  4.90%  3073 50427s
 42598 19571 1.8310e+07   89 1114 1.8864e+07 1.7940e+07  4.90%  3073 50443s
 42599 19572 1.8401e+07  100 1084 1.8864e+07 1.7940e+07  4.90%  3073 50462s
 42600 19573 1.8049e+07   79 1104 1.8864e+07 1.7940e+07  4.90%  3073 50478s
 42601 19573 1.7983e+07   85 1096 1.8864e+07 1.7940e+07  4.90%  3073 50495s
 42602 19574 1.8105e+07   88 1109 1.8864e+07 1.7940e+07  4.90%  3072 50511s
 42603 19575 1.8221e+07   93 1103 1.8864e+07 1.7940e+07  4.90%  3072 50529s
 42604 19575 1.8175e+07  114 1111 1.8864e+07 1.7940e+07  4.90%  3072 50545s
 42605 19576 1.8579e+07  126 1033 1.8864e+07 1.7940e+07  4.90%  3072 50564s
 42606 19577 1.7989e+07   76 1090 1.8864e+07 1.7940e+07  4.90%  3072 50566s
 42607 19577 1.8468e+07  106 1100 1.8864e+07 1.7940e+07  4.90%  3072 50581s
 42608 19578 1.8308e+07  107 1072 1.8864e+07 1.7940e+07  4.90%  3072 50598s
 42609 19579 1.8839e+07  114 1084 1.8864e+07 1.7940e+07  4.90%  3072 50613s
 42610 19579 1.7984e+07   88 1067 1.8864e+07 1.7940e+07  4.90%  3072 50629s
 42611 19580 1.7994e+07   85 1091 1.8864e+07 1.7940e+07  4.90%  3072 50645s
 42612 19581 1.8187e+07  103 1078 1.8864e+07 1.7940e+07  4.90%  3072 50664s
 42614 19582 1.8304e+07  100 1075 1.8864e+07 1.7940e+07  4.90%  3072 50665s
 42615 19583 1.8727e+07  145 1070 1.8864e+07 1.7940e+07  4.90%  3072 50680s
 42616 19583 1.8491e+07   93 1059 1.8864e+07 1.7940e+07  4.90%  3071 50697s
 42617 19584 1.8393e+07   91 1074 1.8864e+07 1.7940e+07  4.90%  3071 50712s
 42618 19585 1.8454e+07  102 1080 1.8864e+07 1.7940e+07  4.90%  3071 50729s
 42619 19585 1.8781e+07   93 1085 1.8864e+07 1.7940e+07  4.90%  3071 50744s
 42620 19586 1.8344e+07   85 1080 1.8864e+07 1.7940e+07  4.90%  3071 50761s
 42621 19587 1.8445e+07   98 1093 1.8864e+07 1.7940e+07  4.90%  3071 50778s
 42622 19587 1.8596e+07  125 1085 1.8864e+07 1.7940e+07  4.90%  3071 50796s
 42623 19588 1.8239e+07  116 1078 1.8864e+07 1.7940e+07  4.90%  3071 50812s
 42624 19589 1.8284e+07  102 1047 1.8864e+07 1.7940e+07  4.90%  3071 50830s
 42625 19589 1.7972e+07   75 1077 1.8864e+07 1.7940e+07  4.90%  3071 50846s
 42626 19590 1.8484e+07   98 1058 1.8864e+07 1.7940e+07  4.90%  3071 50863s
 42627 19591 1.8771e+07   90 1062 1.8864e+07 1.7940e+07  4.90%  3071 50878s
 42628 19591 1.8168e+07  101 1062 1.8864e+07 1.7940e+07  4.90%  3071 50894s
 42629 19592 1.7964e+07   76 1074 1.8864e+07 1.7940e+07  4.90%  3071 50909s
 42630 19593 1.8464e+07  108 1075 1.8864e+07 1.7940e+07  4.90%  3070 50928s
 42631 19593 1.8228e+07  105 1061 1.8864e+07 1.7940e+07  4.90%  3070 50942s
 42632 19594 1.8106e+07   94 1074 1.8864e+07 1.7940e+07  4.90%  3070 50959s
 42633 19595 1.8543e+07  117 1085 1.8864e+07 1.7940e+07  4.90%  3070 50974s
 42634 19595 1.8465e+07   97 1069 1.8864e+07 1.7940e+07  4.90%  3070 50989s
 42635 19596 1.8285e+07  114 1088 1.8864e+07 1.7940e+07  4.90%  3070 51005s
 42636 19597 1.8288e+07  104 1080 1.8864e+07 1.7940e+07  4.90%  3070 51022s
 42637 19597 1.8257e+07  102 1086 1.8864e+07 1.7940e+07  4.90%  3070 51036s
 42638 19598 1.8217e+07   82 1082 1.8864e+07 1.7940e+07  4.90%  3070 51053s
 42639 19599 1.8134e+07   81 1086 1.8864e+07 1.7940e+07  4.90%  3070 51068s
 42640 19599 1.7959e+07   77 1057 1.8864e+07 1.7940e+07  4.90%  3070 51086s
 42641 19600 1.8425e+07  102 1081 1.8864e+07 1.7940e+07  4.90%  3070 51102s
 42642 19601 1.8030e+07   93 1061 1.8864e+07 1.7940e+07  4.90%  3070 51118s
 42643 19601 1.8800e+07   96 1077 1.8864e+07 1.7940e+07  4.90%  3070 51133s
 42644 19602 1.8295e+07  110 1061 1.8864e+07 1.7940e+07  4.90%  3069 51150s
 42645 19603 1.8701e+07  111 1078 1.8864e+07 1.7940e+07  4.90%  3069 51166s
 42646 19603 1.8067e+07   93 1070 1.8864e+07 1.7940e+07  4.90%  3069 51182s
 42647 19604 1.8092e+07   83 1080 1.8864e+07 1.7940e+07  4.90%  3069 51197s
 42648 19605 1.8430e+07   90 1074 1.8864e+07 1.7940e+07  4.90%  3069 51214s
 42649 19605 1.7998e+07   81 1078 1.8864e+07 1.7940e+07  4.90%  3069 51229s
 42650 19606 1.8522e+07  100 1081 1.8864e+07 1.7940e+07  4.90%  3069 51247s
 42651 19607 1.8592e+07  139 1101 1.8864e+07 1.7940e+07  4.90%  3069 51262s
 42652 19607 1.8683e+07  110 1075 1.8864e+07 1.7940e+07  4.90%  3069 51279s
 42653 19608 1.8656e+07  112 1084 1.8864e+07 1.7940e+07  4.90%  3069 51294s
 42654 19609 1.8344e+07  110 1091 1.8864e+07 1.7940e+07  4.90%  3069 51310s
 42655 19609 1.8616e+07  143 1088 1.8864e+07 1.7940e+07  4.90%  3069 51325s
 42656 19610 1.8158e+07  106 1082 1.8864e+07 1.7940e+07  4.90%  3069 51341s
 42657 19611 1.8450e+07  110 1082 1.8864e+07 1.7940e+07  4.90%  3068 51356s
 42658 19611 1.8435e+07  120 1062 1.8864e+07 1.7940e+07  4.90%  3068 51372s
 42659 19612 1.8233e+07   89 1075 1.8864e+07 1.7940e+07  4.90%  3068 51387s
 42660 19613 1.8345e+07  103 1066 1.8864e+07 1.7940e+07  4.90%  3068 51403s
 42661 19613 1.7952e+07   80 1082 1.8864e+07 1.7940e+07  4.90%  3068 51420s
 42662 19614 1.8842e+07  107 1063 1.8864e+07 1.7940e+07  4.90%  3068 51437s
 42663 19615 1.8173e+07   85 1106 1.8864e+07 1.7940e+07  4.90%  3068 51452s
 42664 19615 1.8349e+07  120 1088 1.8864e+07 1.7940e+07  4.90%  3068 51468s
 42665 19616 1.8426e+07  112 1089 1.8864e+07 1.7940e+07  4.90%  3068 51484s
 42666 19617 1.8317e+07  104 1065 1.8864e+07 1.7940e+07  4.90%  3068 51500s
 42667 19617 1.8653e+07  140 1108 1.8864e+07 1.7940e+07  4.90%  3068 51516s
 42668 19618 1.8559e+07  108 1119 1.8864e+07 1.7940e+07  4.90%  3068 51533s
 42669 19619 1.8731e+07  129 1121 1.8864e+07 1.7940e+07  4.90%  3068 51549s
 42670 19619 1.8664e+07  134 1102 1.8864e+07 1.7940e+07  4.90%  3068 51566s
 42671 19620 1.8183e+07  103 1102 1.8864e+07 1.7940e+07  4.90%  3067 51583s
 42672 19621 1.8192e+07  106 1102 1.8864e+07 1.7940e+07  4.90%  3067 51606s
 42673 19624 1.7940e+07   80 1024 1.8864e+07 1.7940e+07  4.90%  3075 51629s
 42675 19628 1.7940e+07   81 1056 1.8864e+07 1.7940e+07  4.90%  3075 51675s
 42679 19630 1.7940e+07   82 1034 1.8864e+07 1.7940e+07  4.90%  3076 51691s
 42683 19631 1.7940e+07   82 1072 1.8864e+07 1.7940e+07  4.90%  3077 51705s
 42687 19634 1.7940e+07   83 1085 1.8864e+07 1.7940e+07  4.90%  3078 51711s
 42691 19632 1.7940e+07   83  972 1.8864e+07 1.7940e+07  4.90%  3079 51720s
 42695 19637 1.7940e+07   84 1023 1.8864e+07 1.7940e+07  4.90%  3081 51733s
 42701 19641 1.7940e+07   84 1013 1.8864e+07 1.7940e+07  4.90%  3081 51745s
 42707 19645 1.7941e+07   85  994 1.8864e+07 1.7940e+07  4.90%  3081 51757s
 42713 19647 1.7940e+07   85 1014 1.8864e+07 1.7940e+07  4.90%  3082 51766s
 42717 19652 1.7946e+07   86 1000 1.8864e+07 1.7940e+07  4.90%  3082 51775s
 42723 19657 1.7946e+07   87  991 1.8864e+07 1.7940e+07  4.90%  3083 51785s
 42730 19659 1.8009e+07   88  944 1.8864e+07 1.7940e+07  4.90%  3084 51799s
 42735 19665 1.7948e+07   89 1016 1.8864e+07 1.7940e+07  4.90%  3084 51817s
 42742 19669 1.8025e+07   90  966 1.8864e+07 1.7940e+07  4.90%  3085 51823s
 42749 19673 1.8044e+07   91  951 1.8864e+07 1.7940e+07  4.90%  3086 51834s
 42755 19680 1.8029e+07   91  957 1.8864e+07 1.7940e+07  4.90%  3086 51844s
 42764 19683 1.8195e+07   92  904 1.8864e+07 1.7940e+07  4.90%  3086 51859s
 42772 19687 1.8114e+07   93  954 1.8864e+07 1.7940e+07  4.90%  3087 51870s
 42779 19691 1.8057e+07   94  958 1.8864e+07 1.7940e+07  4.90%  3088 51881s
 42785 19697 1.8173e+07   95  975 1.8864e+07 1.7940e+07  4.90%  3089 51897s
 42793 19701 1.8070e+07   95  929 1.8864e+07 1.7940e+07  4.90%  3089 51913s
 42800 19713 1.8086e+07   96  944 1.8864e+07 1.7940e+07  4.90%  3090 51927s
 42814 19719 1.8091e+07   97  923 1.8864e+07 1.7940e+07  4.90%  3090 51951s
 42825 19732 1.8117e+07   98  893 1.8864e+07 1.7940e+07  4.90%  3091 51964s
 42841 19740 1.8120e+07  100  854 1.8864e+07 1.7940e+07  4.90%  3091 51977s
 42857 19743 1.8373e+07  101  868 1.8864e+07 1.7940e+07  4.90%  3092 51993s
 42867 19756 1.8389e+07  102  872 1.8864e+07 1.7940e+07  4.90%  3093 52006s
 42883 19775 1.8401e+07  103  852 1.8864e+07 1.7940e+07  4.90%  3093 52018s
 42908 19784 infeasible  105      1.8864e+07 1.7940e+07  4.90%  3092 52039s
 42927 19809 1.8567e+07  106  745 1.8864e+07 1.7940e+07  4.90%  3092 52052s
 42958 19828 1.8494e+07  108  766 1.8864e+07 1.7940e+07  4.90%  3091 52074s
 42990 19835 1.8566e+07  109  731 1.8864e+07 1.7940e+07  4.90%  3090 52099s
 43028 19841 1.8577e+07  111  723 1.8864e+07 1.7940e+07  4.90%  3089 52122s
 43047 19877 1.8636e+07  111  718 1.8864e+07 1.7940e+07  4.90%  3089 52138s
 43093 19879 1.8598e+07  114  714 1.8864e+07 1.7940e+07  4.90%  3087 52161s
 43119 19896 1.8692e+07  118  694 1.8864e+07 1.7940e+07  4.90%  3087 52189s
 43158 19905 1.8770e+07  123  664 1.8864e+07 1.7940e+07  4.90%  3086 52219s
 43194 19923 1.8834e+07  131  628 1.8864e+07 1.7940e+07  4.90%  3086 52244s
 43234 19917 1.8843e+07  141  585 1.8864e+07 1.7940e+07  4.90%  3085 52284s
 43256 19931 1.7982e+07   83  896 1.8864e+07 1.7940e+07  4.90%  3086 52307s
 43285 19932 1.8057e+07   85  832 1.8864e+07 1.7940e+07  4.90%  3087 52360s
 43314 19944 1.8225e+07   90  738 1.8864e+07 1.7940e+07  4.90%  3088 52381s
 43337 19955 1.8329e+07   93  685 1.8864e+07 1.7940e+07  4.90%  3089 52405s
 43358 19979 1.8659e+07   98  611 1.8864e+07 1.7940e+07  4.90%  3090 52443s
 43410 20016 1.7987e+07   84  945 1.8864e+07 1.7940e+07  4.90%  3090 52468s
 43477 20011 1.8045e+07   88  852 1.8864e+07 1.7940e+07  4.90%  3087 52531s
 43502 20030 1.8089e+07   94  881 1.8864e+07 1.7940e+07  4.90%  3088 52576s
 43543 20051 1.8154e+07   97  857 1.8864e+07 1.7940e+07  4.90%  3088 52602s
 43587 20075 1.8165e+07  102  842 1.8864e+07 1.7940e+07  4.90%  3088 52644s
 43610 20067 1.8031e+07   93  869 1.8864e+07 1.7940e+07  4.90%  3087 52645s
 43631 20124 1.8286e+07  109  714 1.8864e+07 1.7940e+07  4.90%  3088 52673s
 43704 20130 1.8690e+07  130  445 1.8864e+07 1.7940e+07  4.90%  3087 52719s
 43753 20153 1.8029e+07   85  966 1.8864e+07 1.7940e+07  4.90%  3087 52751s
 43803 20161 1.8222e+07   89  923 1.8864e+07 1.7940e+07  4.90%  3087 52803s
 43849 20179 1.8342e+07   98  854 1.8864e+07 1.7940e+07  4.90%  3088 52840s
 43885 20192 1.8545e+07  109  789 1.8864e+07 1.7940e+07  4.90%  3090 52884s
 43921 20214 1.8837e+07  116  709 1.8864e+07 1.7940e+07  4.90%  3091 52933s
 43959 20244 1.7952e+07   87  919 1.8864e+07 1.7940e+07  4.90%  3093 52973s
 44009 20281 1.8053e+07   94  799 1.8864e+07 1.7940e+07  4.90%  3094 53048s
 44072 20294 1.8427e+07  121  708 1.8864e+07 1.7940e+07  4.90%  3094 53117s
 44115 20321 1.7960e+07   90  935 1.8864e+07 1.7940e+07  4.90%  3096 53160s
 44165 20338 1.8694e+07   98  820 1.8864e+07 1.7940e+07  4.90%  3098 53228s
 44218 20370 1.7940e+07   87 1036 1.8864e+07 1.7940e+07  4.90%  3100 53277s
 44276 20418 1.7991e+07   97  914 1.8864e+07 1.7940e+07  4.90%  3102 53376s
 44364 20447 1.8646e+07  124  694 1.8864e+07 1.7940e+07  4.90%  3102 53440s
 44429 20474 1.7940e+07   88 1045 1.8864e+07 1.7940e+07  4.90%  3103 53498s
 44490 20520 1.8013e+07   97  910 1.8864e+07 1.7940e+07  4.90%  3104 53568s
 44572 20589 1.8276e+07  116  785 1.8864e+07 1.7940e+07  4.90%  3105 53639s
 44684 20603 1.7940e+07   87 1009 1.8864e+07 1.7940e+07  4.90%  3104 53714s
 44765 20637 1.7940e+07   97 1002 1.8864e+07 1.7940e+07  4.90%  3104 53794s
 44828 20693 1.7966e+07  103  950 1.8864e+07 1.7940e+07  4.90%  3106 53874s
 44927 20754 1.8045e+07  115  885 1.8864e+07 1.7940e+07  4.90%  3107 53948s
 45035 20811 1.8268e+07  137  707 1.8864e+07 1.7940e+07  4.90%  3107 54035s
 45149 20870 1.8781e+07  152  537 1.8864e+07 1.7940e+07  4.90%  3109 54132s
 45296 20911 1.7955e+07   88  958 1.8864e+07 1.7940e+07  4.90%  3107 54231s
 45404 20961 1.8645e+07  110  701 1.8864e+07 1.7940e+07  4.90%  3109 54329s
 45520 21030 1.7991e+07   91  895 1.8864e+07 1.7940e+07  4.90%  3111 54449s
 45672 21119 1.7961e+07   89  982 1.8864e+07 1.7940e+07  4.90%  3111 54551s
 45833 21129 1.8843e+07  115  690 1.8864e+07 1.7940e+07  4.90%  3110 54646s
 45937 21227 1.8298e+07   96  806 1.8864e+07 1.7940e+07  4.90%  3113 54760s
 46119 21251 1.7980e+07   90  963 1.8864e+07 1.7940e+07  4.90%  3113 54863s
 46221 21416 1.8149e+07   96  848 1.8864e+07 1.7940e+07  4.90%  3118 54995s
 46477 21506 1.8028e+07   89  878 1.8864e+07 1.7940e+07  4.90%  3113 55111s
 46683 21551 1.7993e+07   92  937 1.8864e+07 1.7940e+07  4.90%  3112 55227s
 46877 21573 infeasible  102      1.8864e+07 1.7940e+07  4.90%  3113 55353s
 47031 21698 1.8098e+07   98  893 1.8864e+07 1.7940e+07  4.90%  3116 55488s
 47234 21775 1.8038e+07   94  919 1.8864e+07 1.7940e+07  4.90%  3116 55630s
 47431 21867 1.8033e+07   92  921 1.8864e+07 1.7940e+07  4.90%  3119 55759s
 47599 22026 1.8352e+07  115  584 1.8864e+07 1.7940e+07  4.90%  3122 55917s
 47888 22116 1.8443e+07  105  785 1.8864e+07 1.7940e+07  4.90%  3121 56070s
 48119 22249 1.8140e+07  107  804 1.8864e+07 1.7940e+07  4.90%  3122 56231s
 48388 22353 1.8622e+07  110  744 1.8864e+07 1.7940e+07  4.90%  3121 56401s
 48637 22483 1.8462e+07  112  601 1.8864e+07 1.7940e+07  4.90%  3123 56573s
 48922 22719 1.8057e+07   97  879 1.8864e+07 1.7940e+07  4.90%  3125 56756s
 49326 22924 1.8292e+07  111  722 1.8864e+07 1.7940e+07  4.90%  3120 56956s
 49782 22994 1.8171e+07   95  847 1.8864e+07 1.7940e+07  4.90%  3112 57148s
 50070 23252 1.8266e+07  115  657 1.8864e+07 1.7940e+07  4.90%  3114 57360s
 50514 23381 1.8567e+07  109  722 1.8864e+07 1.7940e+07  4.90%  3107 57613s
 50895 23598 1.8050e+07   94  943 1.8864e+07 1.7940e+07  4.90%  3106 57833s
 51339 23831 1.8107e+07  105  776 1.8864e+07 1.7940e+07  4.90%  3102 58063s
 51816 23982     cutoff  138      1.8864e+07 1.7940e+07  4.90%  3099 58324s
 52224 24259 1.8034e+07   90  979 1.8864e+07 1.7940e+07  4.90%  3097 58594s
 52352 24216 1.8780e+07  134  600 1.8864e+07 1.7940e+07  4.90%  3097 58595s
 52743 24363 1.8504e+07  112  664 1.8864e+07 1.7940e+07  4.90%  3096 58838s
 53134 24652 1.7955e+07   92  939 1.8864e+07 1.7940e+07  4.90%  3101 59101s
 53644 24949 1.8157e+07  112  812 1.8864e+07 1.7941e+07  4.90%  3101 59349s
 54234 25084 1.8080e+07  104  848 1.8864e+07 1.7941e+07  4.89%  3098 59565s
 54667 25385 1.8085e+07  100  891 1.8864e+07 1.7943e+07  4.89%  3096 59783s
 55212 25521 1.8056e+07   95  976 1.8864e+07 1.7943e+07  4.88%  3089 59991s
 55632 25713 1.8114e+07   99  871 1.8864e+07 1.7944e+07  4.88%  3087 60187s
 56009 25872 1.8340e+07  124  666 1.8864e+07 1.7944e+07  4.88%  3087 60401s
 56385 26060 1.8479e+07  112  813 1.8864e+07 1.7945e+07  4.87%  3087 60603s
 56804 26102 1.8746e+07  122  682 1.8864e+07 1.7946e+07  4.87%  3086 60815s
 57066 26357 1.8002e+07   95  969 1.8864e+07 1.7947e+07  4.86%  3089 61051s
 57499 26626 1.8266e+07  107  718 1.8864e+07 1.7948e+07  4.86%  3087 61268s
 58049 26707 1.8221e+07  110  811 1.8864e+07 1.7948e+07  4.86%  3082 61481s
 58400 26932 1.8671e+07  126  606 1.8864e+07 1.7949e+07  4.85%  3083 61692s
 58812 27028 infeasible  110      1.8864e+07 1.7949e+07  4.85%  3084 61890s
 59203 27092 1.8801e+07  130  453 1.8864e+07 1.7949e+07  4.85%  3081 62103s
 59595 27340 1.8022e+07   93  939 1.8864e+07 1.7950e+07  4.85%  3083 62321s
 60081 27587 1.8311e+07  120  726 1.8864e+07 1.7951e+07  4.84%  3081 62534s
 60578 27719 1.8493e+07  110  626 1.8864e+07 1.7951e+07  4.84%  3078 62768s
 61014 27970 1.8120e+07   94  916 1.8864e+07 1.7952e+07  4.84%  3080 62983s
 61509 28207 1.8391e+07  180  641 1.8864e+07 1.7952e+07  4.84%  3076 63198s
 62001 28278 1.8197e+07  102  813 1.8864e+07 1.7953e+07  4.83%  3073 63404s
 62336 28492 1.8076e+07   95  863 1.8864e+07 1.7953e+07  4.83%  3077 63621s
 62792 28692 1.8647e+07   91  868 1.8864e+07 1.7954e+07  4.83%  3076 64085s
 63201 28999 1.8012e+07  102  896 1.8864e+07 1.7954e+07  4.83%  3072 64336s
 63766 29121 1.8028e+07   93  933 1.8864e+07 1.7955e+07  4.82%  3069 64543s
 64155 29417 1.8345e+07  100  834 1.8864e+07 1.7955e+07  4.82%  3068 64750s
 64691 29523 1.8644e+07  117  841 1.8864e+07 1.7955e+07  4.82%  3063 64933s
 65039 29736 1.8064e+07   97  835 1.8864e+07 1.7956e+07  4.82%  3063 65129s
 65475 29918 1.8083e+07   94  929 1.8864e+07 1.7956e+07  4.81%  3062 65322s
 65884 30119 1.8245e+07  134  736 1.8864e+07 1.7956e+07  4.81%  3064 65519s
 66323 30226 1.7981e+07   94 1022 1.8864e+07 1.7957e+07  4.81%  3062 65710s
 66666 30459     cutoff  149      1.8864e+07 1.7958e+07  4.81%  3065 65915s
 67115 30579 1.8017e+07   96 1050 1.8864e+07 1.7958e+07  4.80%  3063 66119s
 67452 30842 1.8195e+07  107  812 1.8864e+07 1.7959e+07  4.80%  3065 66334s
 67928 31008 1.8018e+07   98  905 1.8864e+07 1.7959e+07  4.80%  3062 66541s
 68353 31117 1.8061e+07   94  904 1.8864e+07 1.7960e+07  4.80%  3062 66738s
 68678 31316 1.8793e+07  112  684 1.8864e+07 1.7960e+07  4.79%  3066 66947s
 69096 31569 1.8560e+07  135  523 1.8864e+07 1.7961e+07  4.79%  3066 67149s
 69588 31578     cutoff  116      1.8864e+07 1.7961e+07  4.79%  3062 67348s
 69861 31888 infeasible  101      1.8864e+07 1.7962e+07  4.78%  3067 67577s
 70372 32044 1.8002e+07   92  959 1.8864e+07 1.7963e+07  4.78%  3065 67794s
 70791 32285 1.8008e+07   90  946 1.8864e+07 1.7963e+07  4.78%  3065 68011s
 71247 32541 1.8565e+07  135  438 1.8864e+07 1.7963e+07  4.78%  3065 68227s
 71784 32623 1.8513e+07  109  768 1.8864e+07 1.7964e+07  4.77%  3062 68441s
 72246 32766 1.8100e+07   99  832 1.8864e+07 1.7964e+07  4.77%  3062 68652s
 72644 32840 1.8421e+07  105  824 1.8864e+07 1.7964e+07  4.77%  3065 68869s
 72964 33054 1.8225e+07  100  816 1.8864e+07 1.7965e+07  4.77%  3070 69079s
 73383 33374 1.8196e+07  104  831 1.8864e+07 1.7965e+07  4.77%  3071 69321s
 73981 33597 1.8116e+07   93  876 1.8864e+07 1.7965e+07  4.77%  3066 69573s
 74513 33701 1.8184e+07  105  803 1.8864e+07 1.7966e+07  4.76%  3063 69767s
 74883 33824 1.8523e+07  104  816 1.8864e+07 1.7966e+07  4.76%  3064 69990s
 75243 34082 1.8340e+07  108  839 1.8864e+07 1.7966e+07  4.76%  3067 70214s
 75733 34105 1.8395e+07  124  815 1.8864e+07 1.7966e+07  4.76%  3066 70413s
 75992 34435 1.8136e+07  105  811 1.8864e+07 1.7967e+07  4.76%  3066 70646s
 76514 34580 1.7992e+07  103  944 1.8864e+07 1.7967e+07  4.76%  3063 70866s
 76961 34735 1.8020e+07   92 1029 1.8864e+07 1.7968e+07  4.75%  3064 71088s
 77392 34886 1.8100e+07   98  908 1.8864e+07 1.7968e+07  4.75%  3066 71315s
 77797 34982 1.8338e+07   93  893 1.8864e+07 1.7968e+07  4.75%  3067 71539s
 78138 35091 1.8026e+07  100  897 1.8864e+07 1.7969e+07  4.75%  3067 71784s
 78472 35366 1.8060e+07  105  980 1.8864e+07 1.7969e+07  4.75%  3073 72020s
 78951 35508 1.8782e+07  124  497 1.8864e+07 1.7969e+07  4.75%  3073 72278s
 79375 35656 1.8015e+07   94  859 1.8864e+07 1.7970e+07  4.74%  3075 72520s
 79801 35930 1.8428e+07  107  803 1.8864e+07 1.7970e+07  4.74%  3077 72773s
 80328 36209 1.8001e+07   89  903 1.8864e+07 1.7970e+07  4.74%  3077 73015s
 80895 36380 1.8056e+07   96 1027 1.8864e+07 1.7971e+07  4.74%  3075 73256s
 81389 36520 1.7984e+07   99  937 1.8864e+07 1.7971e+07  4.74%  3074 73487s
 81804 36705 1.8390e+07  103  800 1.8864e+07 1.7971e+07  4.73%  3075 73716s
 82325 36873 1.8243e+07   96  854 1.8864e+07 1.7972e+07  4.73%  3072 73945s
 82803 37085     cutoff  125      1.8864e+07 1.7972e+07  4.73%  3071 74196s
 83316 37302 1.8180e+07  114  694 1.8864e+07 1.7973e+07  4.73%  3069 74432s
 83800 37479 1.8793e+07  115  712 1.8864e+07 1.7973e+07  4.72%  3070 74652s
 84265 37677 1.8375e+07  106  743 1.8864e+07 1.7974e+07  4.72%  3071 74884s
 84815 37743 1.8029e+07   99  876 1.8864e+07 1.7974e+07  4.72%  3068 75064s
 85171 37904 1.8019e+07  106  973 1.8864e+07 1.7974e+07  4.72%  3068 75275s
 85545 38159 1.8004e+07   95  859 1.8864e+07 1.7975e+07  4.72%  3069 75509s
 86088 38298 1.8139e+07   92  874 1.8864e+07 1.7975e+07  4.71%  3066 75706s
 86516 38525 1.8160e+07   95  871 1.8864e+07 1.7976e+07  4.71%  3064 75921s
 86969 38741 1.8579e+07  184  545 1.8864e+07 1.7976e+07  4.71%  3062 76129s
 87486 38907 1.8028e+07   90  930 1.8864e+07 1.7977e+07  4.71%  3060 76335s
 87926 39180 1.8188e+07  102  877 1.8864e+07 1.7977e+07  4.70%  3058 76549s
 88414 39389 1.8726e+07  127  611 1.8864e+07 1.7977e+07  4.70%  3057 76748s
 88894 39537 1.8525e+07  114  738 1.8864e+07 1.7977e+07  4.70%  3055 76956s
 89324 39693 1.8583e+07  137  713 1.8864e+07 1.7978e+07  4.70%  3054 77155s
 89753 39962 1.8065e+07   93  885 1.8864e+07 1.7978e+07  4.70%  3054 77376s
 90278 40062 1.8122e+07  112  858 1.8864e+07 1.7978e+07  4.70%  3051 77576s
 90686 40215 1.8047e+07  101  914 1.8864e+07 1.7979e+07  4.70%  3052 77770s
 91064 40433     cutoff  123      1.8864e+07 1.7979e+07  4.69%  3050 77975s
 91524 40547 1.8166e+07  115  870 1.8864e+07 1.7979e+07  4.69%  3049 78180s
 91879 40752 1.8108e+07   92  919 1.8864e+07 1.7979e+07  4.69%  3051 78394s
 92320 40902 1.8125e+07  105  861 1.8864e+07 1.7980e+07  4.69%  3051 78613s
 92722 41166 1.8191e+07  109  816 1.8864e+07 1.7980e+07  4.69%  3052 78825s
 93199 41322 1.8105e+07  103  916 1.8864e+07 1.7980e+07  4.69%  3048 79066s
 93640 41420 1.8268e+07  105  916 1.8864e+07 1.7980e+07  4.69%  3049 79278s
 93958 41691 1.8379e+07  111  796 1.8864e+07 1.7981e+07  4.69%  3051 79501s
 94487 41916 1.8134e+07  100  821 1.8864e+07 1.7981e+07  4.68%  3051 79738s
 95050 42055 1.8042e+07  107  895 1.8864e+07 1.7981e+07  4.68%  3049 79969s
 95254 41987 1.8441e+07  103  936 1.8864e+07 1.7981e+07  4.68%  3049 79970s
 95435 42321     cutoff  121      1.8864e+07 1.7981e+07  4.68%  3050 80233s
 95938 42578 1.8347e+07  109  831 1.8864e+07 1.7981e+07  4.68%  3049 80454s
 96465 42718 1.8768e+07  132  525 1.8864e+07 1.7981e+07  4.68%  3046 80671s
 96871 42901 1.8004e+07   95  980 1.8864e+07 1.7982e+07  4.68%  3047 80898s
 97301 43072 1.8078e+07  103  922 1.8864e+07 1.7982e+07  4.68%  3048 81135s
 97806 43315 1.8020e+07  101  914 1.8864e+07 1.7982e+07  4.68%  3047 81379s
 97934 43272 1.8589e+07  138  664 1.8864e+07 1.7982e+07  4.68%  3047 81380s
 98329 43477 1.8127e+07  119  840 1.8864e+07 1.7982e+07  4.68%  3046 81598s
 98827 43495 1.8001e+07   91 1024 1.8864e+07 1.7982e+07  4.68%  3045 81815s
 99127 43627 1.8488e+07  113  795 1.8864e+07 1.7983e+07  4.67%  3049 82040s
 99441 43960 1.8018e+07   94  943 1.8864e+07 1.7983e+07  4.67%  3049 82279s
 100064 44131 1.8353e+07  118  789 1.8864e+07 1.7983e+07  4.67%  3047 82515s
 100543 44338 1.8125e+07  119  781 1.8864e+07 1.7983e+07  4.67%  3047 82740s
 101010 44524 1.8132e+07   94  885 1.8864e+07 1.7983e+07  4.67%  3048 82978s
 101498 44669 1.8011e+07  112  874 1.8864e+07 1.7984e+07  4.67%  3047 83204s
 101899 44986 1.8079e+07   93  899 1.8864e+07 1.7984e+07  4.67%  3049 83435s
 102339 45282 1.8065e+07  104  885 1.8864e+07 1.7984e+07  4.67%  3050 83665s
 102748 45698 1.8618e+07  120  639 1.8864e+07 1.7984e+07  4.67%  3051 83909s
 102894 45698 1.8161e+07  110  852 1.8864e+07 1.7984e+07  4.67%  3051 83910s
 103293 46030 1.8512e+07  123  647 1.8864e+07 1.7984e+07  4.67%  3050 84147s
 103741 46396 1.8097e+07  100  960 1.8864e+07 1.7985e+07  4.66%  3052 84412s
H103877 44064                    1.878553e+07 1.7985e+07  4.26%  3052 84412s
 104253 44281     cutoff  132      1.8786e+07 1.7985e+07  4.26%  3052 84643s
 104648 44563 1.8061e+07   90  893 1.8786e+07 1.7985e+07  4.26%  3054 84869s
 105018 44910 1.8360e+07  114  867 1.8786e+07 1.7985e+07  4.26%  3055 85112s
 105471 45274     cutoff  101      1.8786e+07 1.7985e+07  4.26%  3055 85362s
 105991 45595 1.8453e+07  109  878 1.8786e+07 1.7986e+07  4.26%  3055 85603s
 106422 46005 infeasible  159      1.8786e+07 1.7986e+07  4.26%  3056 85854s
H106784 46005                    1.878553e+07 1.7986e+07  4.26%  3056 85854s
H106984 46403                    1.878553e+07 1.7986e+07  4.26%  3054 86092s
 107494 46798 1.8120e+07  120  803 1.8786e+07 1.7986e+07  4.26%  3055 86330s
 108005 46801 1.8031e+07  100  925 1.8786e+07 1.7986e+07  4.25%  3055 86336s

Cutting planes:
  Gomory: 73
  Cover: 109
  Implied bound: 2018
  Projected implied bound: 107
  Clique: 9
  MIR: 2079
  Flow cover: 5611
  Inf proof: 21
  Zero half: 98
  RLT: 435
  Relax-and-lift: 1204

Explored 108008 nodes (333929546 simplex iterations) in 86336.04 seconds (160746.94 work units)
Thread count was 4 (of 128 available processors)

Solution count 8: 1.87855e+07 1.88644e+07 1.89122e+07 ... 1.90511e+07

Time limit reached
Best objective 1.878552598555e+07, best bound 1.798625199260e+07, gap 4.2547%

Solving took 	23:58:56.054
####################################################################################################
####################################################################################################
####################################################################################################
Reached timelimit, but could find a feasible solution
####################################################################################################
Description                           Value
----------------------------  -------------
Objective (min)               18,785,525.99
Cost sailing                   5,914,970.22
Cost port visits               13,636,026.0
Cost transshipment (demands)      411,298.9
Cost transshipment (empties)       27,195.0
Penalty delayed demands          545,166.02
Revenue Empties                1,749,130.16
Penalty rejected demands                0.0
Rejected demands (%)                    0.0
Omitted ports (%)                       0.0
Gap (%)                                4.25
####################################################################################################
Export solution
####################################################################################################
Overall time 	23:58:58.718

real	1439m0.055s
user	4987m44.566s
sys	1m15.731s
finished at Sat Mar 18 08:48:31 CET 2023
