cpu-bind=MASK - n2lcn0125, task  0  0 [3873272]: mask |--------|--------||--------|--------||--------|--------||--------|--------||||--------|--------||--------|--------||----BBBB|--------||--------|--------|  set
started at Fri Mar 17 08:50:50 CET 2023
Timecheck 10001007.596719986
Set parameter TokenServer to value "license3.uni-paderborn.de"
Warning: Gurobi version mismatch between Python 10.0.1 and C library 10.0.0
Timecheck 10001007.612941513
Timecheck 10001007.613178262
Timecheck 10001007.613211183
Timecheck 10001007.613232182


####################################################################################################
Solve scenario sce_4_26_3 with free vessel operation using the arc flow model
Vessels cannot omit ports, Demands cannot be rejected
####################################################################################################
Data preprocessing, load /upb/departments/pc2/groups/hpc-prf-winf4/dwetzel/SILSRP/inst_final/sce_4_26_3
and create additional sets and parameters
	|- Read vessel information, number of vessels:	6
	|- Read node information, number of nodes:		397
	|- Read arc information
		|- Number of sailing arcs:			1631
		|- Number of transshipment arcs:	578
	|- Read container information
		|- Number of demands:		657
		|- Number of empties (+/-):	158/165
	|- Create additional sets and parameters

Data preprocessing took 	00:00:00.279
####################################################################################################
Create linear model
Set parameter Threads to value 4
	|- Create variables, took	00:00:00.341
	|- Create objective, took	00:00:00.309
	|- Create constraints, took	00:00:01.239
	|- Load heuristic start

Creating model took	00:00:01.917
####################################################################################################
Fix start solution

Set parameter TimeLimit to value 8.6296809346897528e+04
Gurobi Optimizer version 10.0.0 build v10.0.0rc2 (linux64)

CPU model: AMD EPYC 7763 64-Core Processor, instruction set [SSE2|AVX|AVX2]
Thread count: 128 physical cores, 128 logical processors, using up to 4 threads

Optimize a model with 26220 rows, 91436 columns and 315546 nonzeros
Model fingerprint: 0x5c19a6ec
Variable types: 80603 continuous, 10833 integer (10833 binary)
Coefficient statistics:
  Matrix range     [1e+00, 3e+06]
  Objective range  [1e+00, 1e+00]
  Bounds range     [1e+00, 4e+02]
  RHS range        [1e+00, 3e+08]
Presolve removed 23193 rows and 84993 columns
Presolve time: 0.24s
Presolved: 3027 rows, 6443 columns, 19722 nonzeros
Variable types: 6006 continuous, 437 integer (437 binary)
Found heuristic solution: objective 3.590806e+07

Root relaxation: objective 1.373275e+07, 843 iterations, 0.01 seconds (0.01 work units)

    Nodes    |    Current Node    |     Objective Bounds      |     Work
 Expl Unexpl |  Obj  Depth IntInf | Incumbent    BestBd   Gap | It/Node Time

*    0     0               0    1.373275e+07 1.3733e+07  0.00%     -    0s

Explored 1 nodes (843 simplex iterations) in 0.31 seconds (0.25 work units)
Thread count was 4 (of 128 available processors)

Solution count 2: 1.37328e+07 3.59081e+07 

Optimal solution found (tolerance 1.00e-04)
Best objective 1.373275400000e+07, best bound 1.373275400000e+07, gap 0.0000%

Fixing start solution took	00:00:02.267
####################################################################################################
####################################################################################################
Solve optimization model

Set parameter TimeLimit to value 8.6296493389988318e+04
Gurobi Optimizer version 10.0.0 build v10.0.0rc2 (linux64)

CPU model: AMD EPYC 7763 64-Core Processor, instruction set [SSE2|AVX|AVX2]
Thread count: 128 physical cores, 128 logical processors, using up to 4 threads

Optimize a model with 25824 rows, 91436 columns and 315150 nonzeros
Model fingerprint: 0xc45e4d29
Variable types: 80603 continuous, 10833 integer (10833 binary)
Coefficient statistics:
  Matrix range     [1e+00, 3e+06]
  Objective range  [1e+00, 1e+00]
  Bounds range     [1e+00, 4e+02]
  RHS range        [1e+00, 3e+08]

MIP start from previous solve produced solution with objective 1.37328e+07 (0.21s)
Loaded MIP start from previous solve with objective 1.37328e+07

Presolve removed 3294 rows and 3834 columns
Presolve time: 0.70s
Presolved: 22530 rows, 87602 columns, 259981 nonzeros
Variable types: 77674 continuous, 9928 integer (9928 binary)
Deterministic concurrent LP optimizer: primal and dual simplex
Showing first log only...


Root simplex log...

Iteration    Objective       Primal Inf.    Dual Inf.      Time
   35560    3.2727671e+08   5.087149e+01   5.946259e+09      5s
Concurrent spin time: 0.00s

Solved with dual simplex

Root simplex log...

Iteration    Objective       Primal Inf.    Dual Inf.      Time
   45187    1.2885763e+07   0.000000e+00   0.000000e+00      9s

Root relaxation: objective 1.288576e+07, 45187 iterations, 7.59 seconds (6.55 work units)

    Nodes    |    Current Node    |     Objective Bounds      |     Work
 Expl Unexpl |  Obj  Depth IntInf | Incumbent    BestBd   Gap | It/Node Time

     0     0 1.2886e+07    0 1823 1.3733e+07 1.2886e+07  6.17%     -   10s
     0     0 1.2946e+07    0 2133 1.3733e+07 1.2946e+07  5.73%     -   37s
     0     0 1.2946e+07    0 2133 1.3733e+07 1.2946e+07  5.73%     -   37s
     0     0 1.2955e+07    0 2105 1.3733e+07 1.2955e+07  5.66%     -   59s
     0     0 1.2958e+07    0 2114 1.3733e+07 1.2958e+07  5.64%     -   69s
     0     0 1.2958e+07    0 2091 1.3733e+07 1.2958e+07  5.64%     -   71s
     0     0 1.2958e+07    0 2109 1.3733e+07 1.2958e+07  5.64%     -   72s
     0     0 1.3011e+07    0 2123 1.3733e+07 1.3011e+07  5.25%     -  112s
     0     0 1.3028e+07    0 2068 1.3733e+07 1.3028e+07  5.13%     -  150s
     0     0 1.3028e+07    0 2076 1.3733e+07 1.3028e+07  5.13%     -  160s
     0     0 1.3035e+07    0 2019 1.3733e+07 1.3035e+07  5.08%     -  184s
     0     0 1.3037e+07    0 2041 1.3733e+07 1.3037e+07  5.07%     -  196s
     0     0 1.3037e+07    0 2052 1.3733e+07 1.3037e+07  5.06%     -  205s
     0     0 1.3038e+07    0 2066 1.3733e+07 1.3038e+07  5.06%     -  212s
     0     0 1.3038e+07    0 2061 1.3733e+07 1.3038e+07  5.06%     -  214s
     0     0 1.3038e+07    0 2053 1.3733e+07 1.3038e+07  5.06%     -  217s
     0     0 1.3054e+07    0 2132 1.3733e+07 1.3054e+07  4.94%     -  260s
     0     0 1.3061e+07    0 2053 1.3733e+07 1.3061e+07  4.89%     -  292s
     0     0 1.3061e+07    0 2104 1.3733e+07 1.3061e+07  4.89%     -  303s
     0     0 1.3064e+07    0 2069 1.3733e+07 1.3064e+07  4.87%     -  327s
     0     0 1.3064e+07    0 2112 1.3733e+07 1.3064e+07  4.87%     -  333s
     0     0 1.3065e+07    0 2105 1.3733e+07 1.3065e+07  4.86%     -  347s
     0     0 1.3065e+07    0 2128 1.3733e+07 1.3065e+07  4.86%     -  354s
     0     0 1.3065e+07    0 2126 1.3733e+07 1.3065e+07  4.86%     -  380s
     0     0 1.3065e+07    0 2124 1.3733e+07 1.3065e+07  4.86%     -  382s
     0     0 1.3073e+07    0 2112 1.3733e+07 1.3073e+07  4.80%     -  463s
     0     0 1.3073e+07    0 2111 1.3733e+07 1.3073e+07  4.80%     -  467s
     0     0 1.3074e+07    0 2096 1.3733e+07 1.3074e+07  4.80%     -  476s
     0     0 1.3074e+07    0 2083 1.3733e+07 1.3074e+07  4.80%     -  477s
     0     0 1.3079e+07    0 1952 1.3733e+07 1.3079e+07  4.76%     -  544s
     0     0 1.3080e+07    0 2036 1.3733e+07 1.3080e+07  4.75%     -  569s
     0     0 1.3081e+07    0 2018 1.3733e+07 1.3081e+07  4.75%     -  582s
     0     0 1.3081e+07    0 2009 1.3733e+07 1.3081e+07  4.75%     -  589s
     0     0 1.3081e+07    0 2096 1.3733e+07 1.3081e+07  4.75%     -  593s
     0     0 1.3081e+07    0 2021 1.3733e+07 1.3081e+07  4.75%     -  595s
     0     0 1.3084e+07    0 1993 1.3733e+07 1.3084e+07  4.72%     -  639s
     0     0 1.3086e+07    0 1980 1.3733e+07 1.3086e+07  4.71%     -  689s
     0     0 1.3086e+07    0 1983 1.3733e+07 1.3086e+07  4.71%     -  702s
     0     0 1.3086e+07    0 1974 1.3733e+07 1.3086e+07  4.71%     -  709s
     0     0 1.3086e+07    0 1950 1.3733e+07 1.3086e+07  4.71%     -  712s
H    0     0                    1.373038e+07 1.3090e+07  4.66%     -  750s
H    0     0                    1.371770e+07 1.3090e+07  4.57%     -  750s
     0     0 1.3090e+07    0 1872 1.3718e+07 1.3090e+07  4.57%     -  750s
     0     0 1.3091e+07    0 1947 1.3718e+07 1.3091e+07  4.57%     -  770s
     0     0 1.3091e+07    0 1938 1.3718e+07 1.3091e+07  4.57%     -  784s
     0     0 1.3091e+07    0 1901 1.3718e+07 1.3091e+07  4.57%     -  790s
     0     0 1.3091e+07    0 1928 1.3718e+07 1.3091e+07  4.57%     -  793s
     0     0 1.3093e+07    0 1902 1.3718e+07 1.3093e+07  4.56%     -  817s
     0     0 1.3093e+07    0 1914 1.3718e+07 1.3093e+07  4.56%     -  818s
     0     0 1.3093e+07    0 1951 1.3718e+07 1.3093e+07  4.55%     -  839s
     0     0 1.3094e+07    0 1909 1.3718e+07 1.3094e+07  4.55%     -  851s
     0     0 1.3094e+07    0 1937 1.3718e+07 1.3094e+07  4.55%     -  859s
     0     0 1.3094e+07    0 1947 1.3718e+07 1.3094e+07  4.55%     -  862s
     0     0 1.3095e+07    0 1911 1.3718e+07 1.3095e+07  4.54%     -  882s
     0     0 1.3095e+07    0 1892 1.3718e+07 1.3095e+07  4.54%     -  896s
     0     0 1.3095e+07    0 1911 1.3718e+07 1.3095e+07  4.54%     -  912s
     0     0 1.3095e+07    0 1915 1.3718e+07 1.3095e+07  4.54%     -  919s
     0     0 1.3097e+07    0 1824 1.3718e+07 1.3097e+07  4.53%     -  941s
     0     0 1.3097e+07    0 1819 1.3718e+07 1.3097e+07  4.53%     -  949s
     0     0 1.3097e+07    0 1820 1.3718e+07 1.3097e+07  4.53%     -  956s
     0     0 1.3097e+07    0 1813 1.3718e+07 1.3097e+07  4.52%     -  979s
     0     0 1.3097e+07    0 1842 1.3718e+07 1.3097e+07  4.52%     -  990s
     0     0 1.3098e+07    0 1929 1.3718e+07 1.3098e+07  4.52%     -  997s
     0     0 1.3098e+07    0 1834 1.3718e+07 1.3098e+07  4.52%     - 1001s
     0     0 1.3098e+07    0 1851 1.3718e+07 1.3098e+07  4.52%     - 1011s
     0     0 1.3099e+07    0 1807 1.3718e+07 1.3099e+07  4.51%     - 1021s
     0     0 1.3099e+07    0 1809 1.3718e+07 1.3099e+07  4.51%     - 1025s
     0     0 1.3099e+07    0 1798 1.3718e+07 1.3099e+07  4.51%     - 1029s
     0     0 1.3099e+07    0 1802 1.3718e+07 1.3099e+07  4.51%     - 1034s
     0     0 1.3099e+07    0 1795 1.3718e+07 1.3099e+07  4.51%     - 1041s
     0     0 1.3099e+07    0 1803 1.3718e+07 1.3099e+07  4.51%     - 1048s
     0     0 1.3099e+07    0 1763 1.3718e+07 1.3099e+07  4.51%     - 1057s
     0     0 1.3099e+07    0 1763 1.3718e+07 1.3099e+07  4.51%     - 1057s
     0     2 1.3099e+07    0 1753 1.3718e+07 1.3099e+07  4.51%     - 1067s
     1     4 1.3099e+07    1 1762 1.3718e+07 1.3099e+07  4.51%   181 1074s
     3     8 1.3099e+07    2 1738 1.3718e+07 1.3099e+07  4.51%  1789 1109s
     7    12 1.3099e+07    3 1729 1.3718e+07 1.3099e+07  4.51%  2158 1114s
    11    16 1.3100e+07    3 1636 1.3718e+07 1.3099e+07  4.51%  2285 1138s
    15    20 1.3099e+07    4 1723 1.3718e+07 1.3099e+07  4.51%  1932 1151s
    19    24 1.3100e+07    5 1763 1.3718e+07 1.3099e+07  4.51%  2253 1168s
    23    28 1.3108e+07    6 1762 1.3718e+07 1.3099e+07  4.51%  2467 1202s
    27    37 1.3100e+07    6 1778 1.3718e+07 1.3099e+07  4.51%  2971 1232s
    36    45 1.3101e+07    8 1765 1.3718e+07 1.3099e+07  4.51%  2953 1260s
    44    61 1.3103e+07   10 1717 1.3718e+07 1.3099e+07  4.51%  3028 1319s
    60    86 1.3103e+07   11 1715 1.3718e+07 1.3099e+07  4.51%  2714 1396s
    85    93 1.3107e+07   22 1634 1.3718e+07 1.3099e+07  4.51%  2850 1464s
    92   105 1.3106e+07   23 1687 1.3718e+07 1.3099e+07  4.51%  3080 1547s
   104   116 1.3118e+07   27 1783 1.3718e+07 1.3099e+07  4.51%  3539 1596s
   115   125 1.3120e+07   28 1829 1.3718e+07 1.3099e+07  4.51%  3648 1658s
   124   136 1.3126e+07   31 1781 1.3718e+07 1.3099e+07  4.51%  3888 1710s
   135   140 1.3131e+07   35 1694 1.3718e+07 1.3099e+07  4.51%  4254 1874s
   139   148 1.3131e+07   36 1696 1.3718e+07 1.3099e+07  4.51%  6226 2143s
   147   192 1.3132e+07   37 1704 1.3718e+07 1.3099e+07  4.51%  9978 2321s
   191   206 1.3133e+07   52 1634 1.3718e+07 1.3099e+07  4.51%  8821 2437s
   205   224 1.3139e+07   56 1700 1.3718e+07 1.3099e+07  4.51%  8478 2531s
   223   264 1.3148e+07   58 1657 1.3718e+07 1.3099e+07  4.51%  8293 2635s
   263   294 1.3171e+07   63 1663 1.3718e+07 1.3099e+07  4.51%  7343 2721s
   293   357 1.3157e+07   75 1552 1.3718e+07 1.3099e+07  4.51%  6872 2818s
   356   382 1.3170e+07   89 1543 1.3718e+07 1.3099e+07  4.51%  5914 2900s
   381   418 1.3182e+07   94 1582 1.3718e+07 1.3099e+07  4.51%  5777 2980s
   417   456 1.3187e+07  100 1545 1.3718e+07 1.3099e+07  4.51%  5502 3080s
   455   481 1.3227e+07  108 1459 1.3718e+07 1.3099e+07  4.51%  5301 3171s
   480   500 1.3373e+07  114 1462 1.3718e+07 1.3099e+07  4.51%  5308 3281s
   501   537 1.3377e+07  115 1496 1.3718e+07 1.3099e+07  4.51%  5300 3396s
   538   564 infeasible  129      1.3718e+07 1.3099e+07  4.51%  5151 3532s
   567   579 1.3401e+07  134 1336 1.3718e+07 1.3099e+07  4.51%  5168 3604s
H  578   579                    1.371530e+07 1.3099e+07  4.49%  5223 3604s
   582   599 1.3413e+07  136 1331 1.3715e+07 1.3099e+07  4.49%  5277 3685s
   602   625 1.3425e+07  139 1254 1.3715e+07 1.3099e+07  4.49%  5374 3751s
   628   698 1.3451e+07  142 1271 1.3715e+07 1.3099e+07  4.49%  5335 3824s
   703   778 1.3595e+07  180 1087 1.3715e+07 1.3099e+07  4.49%  4976 3896s
H  749   778                    1.371524e+07 1.3099e+07  4.49%  4700 3896s
   785   839 1.3637e+07  224  996 1.3715e+07 1.3099e+07  4.49%  4625 3970s
   850   867     cutoff  233      1.3715e+07 1.3099e+07  4.49%  4482 4056s
   882   899 1.3109e+07    7 1727 1.3715e+07 1.3099e+07  4.49%  4527 4154s
   914   953 1.3122e+07   12 1706 1.3715e+07 1.3099e+07  4.49%  4590 4235s
   970  1033 1.3144e+07   17 1575 1.3715e+07 1.3099e+07  4.49%  4469 4373s
  1073  1134 1.3165e+07   27 1583 1.3715e+07 1.3099e+07  4.49%  4186 4467s
  1180  1200 1.3182e+07   33 1597 1.3715e+07 1.3099e+07  4.49%  3974 4562s
  1254  1267 1.3192e+07   39 1516 1.3715e+07 1.3099e+07  4.49%  3883 4878s
  1323  1369 1.3232e+07   40 1528 1.3715e+07 1.3099e+07  4.49%  3761 4977s
  1427  1381 1.3202e+07   46 1485 1.3715e+07 1.3099e+07  4.49%  3596 5232s
H 1438  1374                    1.370896e+07 1.3099e+07  4.45%  3597 5232s
  1439  1476 1.3202e+07   47 1477 1.3709e+07 1.3099e+07  4.45%  3596 5550s
  1567  1521 1.3218e+07   71 1375 1.3709e+07 1.3099e+07  4.45%  3454 5663s
  1613  1522 1.3243e+07  123 1763 1.3709e+07 1.3099e+07  4.45%  3483 5889s
  1615  1523 1.3205e+07   37 1732 1.3709e+07 1.3099e+07  4.45%  3478 5905s
  1616  1524 1.3424e+07  137 2048 1.3709e+07 1.3099e+07  4.45%  3476 5926s
  1617  1525 1.3283e+07  123 1972 1.3709e+07 1.3099e+07  4.45%  3474 5953s
  1618  1525 1.3215e+07  104 2004 1.3709e+07 1.3099e+07  4.45%  3472 5994s
  1619  1526 1.3175e+07   57 2015 1.3709e+07 1.3099e+07  4.45%  3470 6031s
  1620  1527 1.3132e+07   38 2012 1.3709e+07 1.3099e+07  4.45%  3468 6062s
  1621  1527 1.3676e+07  349 1945 1.3709e+07 1.3099e+07  4.45%  3466 6089s
  1622  1528 1.3414e+07  122 1918 1.3709e+07 1.3099e+07  4.45%  3463 6115s
  1623  1529 1.3518e+07  164 1832 1.3709e+07 1.3099e+07  4.45%  3461 6133s
  1624  1529 1.3536e+07  191 1823 1.3709e+07 1.3099e+07  4.45%  3459 6143s
  1625  1530 1.3103e+07   14 1753 1.3709e+07 1.3099e+07  4.45%  3457 6151s
  1626  1531 1.3144e+07   28 1788 1.3709e+07 1.3099e+07  4.45%  3455 6160s
  1627  1531 1.3123e+07   27 1765 1.3709e+07 1.3099e+07  4.45%  3453 6167s
  1628  1532 1.3183e+07   33 1801 1.3709e+07 1.3099e+07  4.45%  3451 6175s
  1630  1533 1.3131e+07   50 1769 1.3709e+07 1.3099e+07  4.45%  3446 6181s
  1632  1535 1.3508e+07  184 1755 1.3709e+07 1.3099e+07  4.45%  3442 6185s
  1634  1536 1.3291e+07   63 1748 1.3709e+07 1.3099e+07  4.45%  3438 6191s
  1635  1537 1.3219e+07  114 1764 1.3709e+07 1.3101e+07  4.44%  3436 6207s
  1636  1537 1.3216e+07   42 1697 1.3709e+07 1.3101e+07  4.43%  3434 6213s
  1637  1538 1.3148e+07   46 1712 1.3709e+07 1.3101e+07  4.43%  3432 6220s
  1639  1539 1.3145e+07   33 1724 1.3709e+07 1.3101e+07  4.43%  3428 6226s
  1641  1541 1.3531e+07  174 1744 1.3709e+07 1.3101e+07  4.43%  3423 6232s
  1642  1541 1.3166e+07   69 1684 1.3709e+07 1.3102e+07  4.43%  3421 6246s
  1643  1542 1.3596e+07  198 1785 1.3709e+07 1.3102e+07  4.43%  3419 6251s
  1644  1543 1.3407e+07  126 1744 1.3709e+07 1.3102e+07  4.43%  3417 6256s
  1646  1544 1.3156e+07   25 1677 1.3709e+07 1.3102e+07  4.43%  3413 6260s
  1647  1545 1.3602e+07  272 1740 1.3709e+07 1.3102e+07  4.43%  3411 6265s
  1650  1547 1.3389e+07  120 1702 1.3709e+07 1.3103e+07  4.42%  3405 6291s
  1651  1547 1.3262e+07   62 1784 1.3709e+07 1.3103e+07  4.42%  3403 6297s
  1652  1548 1.3678e+07  225 1728 1.3709e+07 1.3103e+07  4.42%  3401 6301s
  1654  1549 1.3103e+07    9 1762 1.3709e+07 1.3103e+07  4.42%  3396 6305s
  1656  1551 1.3145e+07   39 1694 1.3709e+07 1.3103e+07  4.42%  3392 6320s
  1658  1552 1.3204e+07   53 1729 1.3709e+07 1.3103e+07  4.42%  3388 6325s
  1661  1554 1.3589e+07  183 1691 1.3709e+07 1.3104e+07  4.42%  3382 6345s
  1662  1555 1.3513e+07  166 1695 1.3709e+07 1.3104e+07  4.41%  3380 6350s
  1665  1557 1.3163e+07   70 1726 1.3709e+07 1.3104e+07  4.41%  3374 6357s
  1666  1557 1.3284e+07  113 1735 1.3709e+07 1.3104e+07  4.41%  3372 6368s
  1667  1558 1.3423e+07  128 1735 1.3709e+07 1.3104e+07  4.41%  3370 6370s
  1668  1559 1.3600e+07  267 1797 1.3709e+07 1.3104e+07  4.41%  3368 6376s
  1672  1561 1.3616e+07  205 1769 1.3709e+07 1.3104e+07  4.41%  3360 6380s
  1674  1563 1.3560e+07  206 1739 1.3709e+07 1.3104e+07  4.41%  3356 6390s
  1679  1566 1.3397e+07  131 1752 1.3709e+07 1.3104e+07  4.41%  3346 6397s
  1680  1567 1.3589e+07  183 1760 1.3709e+07 1.3104e+07  4.41%  3344 6407s
  1683  1569 1.3221e+07  102 1780 1.3709e+07 1.3104e+07  4.41%  3338 6412s
  1684  1569 1.3272e+07   63 1800 1.3709e+07 1.3105e+07  4.41%  3336 6422s
  1688  1572 1.3177e+07   93 1770 1.3709e+07 1.3105e+07  4.41%  3328 6428s
  1689  1573 1.3148e+07   46 1767 1.3709e+07 1.3105e+07  4.41%  3326 6436s
  1691  1574 1.3131e+07   43 1765 1.3709e+07 1.3105e+07  4.40%  3322 6441s
  1694  1576 1.3147e+07   27 1760 1.3709e+07 1.3105e+07  4.40%  3316 6447s
  1695  1577 1.3155e+07   72 1792 1.3709e+07 1.3105e+07  4.40%  3314 6452s
  1697  1578 1.3232e+07   95 1762 1.3709e+07 1.3105e+07  4.40%  3310 6459s
  1698  1579 1.3700e+07  365 1764 1.3709e+07 1.3105e+07  4.40%  3308 6463s
  1699  1579 1.3167e+07   65 1743 1.3709e+07 1.3105e+07  4.40%  3306 6465s
  1701  1581 1.3588e+07  236 1819 1.3709e+07 1.3105e+07  4.40%  3303 6473s
  1702  1581 1.3155e+07   54 1767 1.3709e+07 1.3105e+07  4.40%  3301 6476s
  1703  1582 1.3240e+07   57 1767 1.3709e+07 1.3105e+07  4.40%  3299 6484s
  1704  1583 1.3132e+07   38 1796 1.3709e+07 1.3105e+07  4.40%  3297 6488s
  1705  1583 1.3426e+07  140 1773 1.3709e+07 1.3107e+07  4.39%  3295 6510s
  1708  1585 1.3219e+07  114 1810 1.3709e+07 1.3107e+07  4.39%  3289 6516s
  1709  1586 1.3291e+07  138 1815 1.3709e+07 1.3107e+07  4.39%  3287 6529s
  1710  1587 1.3414e+07  134 1772 1.3709e+07 1.3107e+07  4.39%  3285 6559s
  1711  1587 1.3139e+07   57 1824 1.3709e+07 1.3108e+07  4.39%  3283 6566s
  1713  1589 1.3243e+07  123 1893 1.3709e+07 1.3108e+07  4.39%  3279 6574s
  1714  1589 1.3130e+07   39 1787 1.3709e+07 1.3108e+07  4.39%  3278 6578s
  1715  1590 1.3205e+07   37 1758 1.3709e+07 1.3108e+07  4.39%  3276 6583s
  1717  1591 1.3283e+07  123 1706 1.3709e+07 1.3108e+07  4.39%  3272 6588s
  1719  1593 1.3175e+07   57 1705 1.3709e+07 1.3108e+07  4.39%  3268 6591s
  1720  1593 1.3132e+07   38 1718 1.3709e+07 1.3108e+07  4.39%  3266 6599s
  1721  1594 1.3676e+07  349 1737 1.3709e+07 1.3108e+07  4.38%  3264 6610s
  1723  1595 1.3518e+07  164 1725 1.3709e+07 1.3108e+07  4.38%  3260 6616s
  1725  1597 1.3108e+07   14 1754 1.3709e+07 1.3108e+07  4.38%  3257 6621s
  1729  1599 1.3600e+07  264 1700 1.3709e+07 1.3108e+07  4.38%  3249 6626s
  1730  1600 1.3131e+07   50 1767 1.3709e+07 1.3108e+07  4.38%  3247 6633s
  1731  1601 1.3144e+07   58 1779 1.3709e+07 1.3108e+07  4.38%  3245 6637s
  1733  1602 1.3131e+07   16 1783 1.3709e+07 1.3108e+07  4.38%  3242 6643s
  1735  1603 1.3219e+07  114 1828 1.3709e+07 1.3108e+07  4.38%  3238 6645s
  1737  1605 1.3148e+07   46 1773 1.3709e+07 1.3109e+07  4.38%  3234 6650s
  1740  1607 1.3109e+07    7 1742 1.3709e+07 1.3109e+07  4.38%  3229 6655s
  1742  1608 1.3166e+07   69 1762 1.3709e+07 1.3109e+07  4.38%  3225 6661s
  1746  1611 1.3156e+07   25 1761 1.3709e+07 1.3109e+07  4.38%  3217 6665s
  1748  1612 1.3453e+07  152 1736 1.3709e+07 1.3109e+07  4.38%  3214 6670s
  1751  1614 1.3262e+07   62 1723 1.3709e+07 1.3109e+07  4.38%  3208 6675s
  1754  1616 1.3109e+07    9 1754 1.3709e+07 1.3109e+07  4.38%  3203 6680s
  1758  1619 1.3204e+07   53 1746 1.3709e+07 1.3109e+07  4.38%  3196 6685s
  1765  1624 1.3163e+07   70 1841 1.3709e+07 1.3109e+07  4.38%  3373 6702s
  1766  1625 1.3284e+07  113 2039 1.3709e+07 1.3109e+07  4.38%  3371 6732s
  1767  1626 1.3423e+07  128 1969 1.3709e+07 1.3109e+07  4.38%  3369 6761s
  1768  1626 1.3600e+07  267 2036 1.3709e+07 1.3109e+07  4.38%  3368 6792s
  1769  1627 1.3536e+07  192 2018 1.3709e+07 1.3109e+07  4.38%  3366 6836s
  1770  1628 1.3109e+07   14 1930 1.3709e+07 1.3109e+07  4.38%  3364 6883s
  1771  1628 1.3615e+07  197 1922 1.3709e+07 1.3109e+07  4.38%  3362 6918s
  1772  1629 1.3616e+07  205 1910 1.3709e+07 1.3109e+07  4.38%  3360 6948s
  1773  1630 1.3198e+07  103 1908 1.3709e+07 1.3109e+07  4.38%  3358 6982s
  1774  1630 1.3560e+07  206 1851 1.3709e+07 1.3109e+07  4.38%  3356 6997s
  1775  1631 1.3154e+07   49 1873 1.3709e+07 1.3109e+07  4.38%  3354 7007s
  1776  1632 1.3145e+07   34 1952 1.3709e+07 1.3109e+07  4.38%  3352 7016s
  1777  1632 1.3472e+07  169 1842 1.3709e+07 1.3109e+07  4.38%  3350 7026s
  1778  1633 1.3109e+07    7 1777 1.3709e+07 1.3109e+07  4.38%  3349 7032s
  1779  1634 1.3397e+07  131 1824 1.3709e+07 1.3109e+07  4.38%  3347 7039s
  1780  1634 1.3589e+07  183 1803 1.3709e+07 1.3109e+07  4.38%  3345 7043s
  1782  1636 1.3212e+07   59 1805 1.3709e+07 1.3109e+07  4.38%  3341 7046s
  1785  1638 1.3513e+07  169 1800 1.3709e+07 1.3109e+07  4.38%  3335 7052s
  1786  1638 1.3156e+07   68 1786 1.3709e+07 1.3109e+07  4.38%  3334 7067s
  1787  1639 1.3395e+07  125 1810 1.3709e+07 1.3109e+07  4.38%  3332 7072s
  1788  1640 1.3177e+07   93 1869 1.3709e+07 1.3109e+07  4.37%  3330 7076s
  1790  1641 1.3163e+07   75 1804 1.3709e+07 1.3109e+07  4.37%  3326 7080s
  1794  1644 1.3147e+07   27 1821 1.3709e+07 1.3110e+07  4.37%  3319 7086s
  1795  1644 1.3155e+07   72 1818 1.3709e+07 1.3110e+07  4.37%  3317 7092s
  1797  1646 1.3232e+07   95 1816 1.3709e+07 1.3110e+07  4.37%  3313 7095s
  1800  1648 1.3261e+07   62 1798 1.3709e+07 1.3110e+07  4.37%  3308 7100s
  1802  1649 1.3155e+07   54 1822 1.3709e+07 1.3110e+07  4.37%  3304 7109s
  1803  1650 1.3240e+07   57 1794 1.3709e+07 1.3110e+07  4.37%  3302 7112s
  1806  1652 1.3113e+07   13 1794 1.3709e+07 1.3110e+07  4.37%  3297 7116s
  1807  1652 1.3200e+07   43 1813 1.3709e+07 1.3110e+07  4.37%  3295 7124s
  1808  1653 1.3219e+07  114 1805 1.3709e+07 1.3110e+07  4.37%  3293 7125s
  1811  1655 1.3139e+07   57 1741 1.3709e+07 1.3110e+07  4.37%  3288 7139s
  1812  1656 1.3132e+07   36 1801 1.3709e+07 1.3110e+07  4.37%  3286 7140s
  1815  1658 1.3205e+07   37 1759 1.3709e+07 1.3110e+07  4.37%  3280 7145s
  1816  1658 1.3424e+07  137 1750 1.3709e+07 1.3110e+07  4.37%  3279 7153s
  1817  1659 1.3283e+07  123 1761 1.3709e+07 1.3110e+07  4.37%  3277 7157s
  1818  1660 1.3215e+07  104 1748 1.3709e+07 1.3110e+07  4.37%  3275 7165s
  1820  1661 1.3132e+07   38 1798 1.3709e+07 1.3110e+07  4.37%  3271 7172s
  1822  1662 1.3414e+07  122 1808 1.3709e+07 1.3110e+07  4.37%  3268 7181s
  1824  1664 1.3536e+07  191 1791 1.3709e+07 1.3110e+07  4.37%  3264 7189s
  1826  1665 1.3144e+07   28 1770 1.3709e+07 1.3110e+07  4.37%  3261 7192s
  1827  1666 1.3123e+07   27 1782 1.3709e+07 1.3110e+07  4.37%  3259 7195s
  1832  1670 1.3508e+07  184 1804 1.3709e+07 1.3110e+07  4.37%  3394 7208s
  1833  1671 1.3131e+07   16 1946 1.3709e+07 1.3110e+07  4.37%  3392 7230s
  1834  1672 1.3291e+07   63 1953 1.3709e+07 1.3110e+07  4.37%  3390 7249s
  1835  1672 1.3219e+07  114 1958 1.3709e+07 1.3110e+07  4.37%  3388 7290s
  1836  1673 1.3216e+07   42 1919 1.3709e+07 1.3110e+07  4.37%  3386 7325s
  1837  1674 1.3148e+07   46 1917 1.3709e+07 1.3110e+07  4.37%  3384 7357s
  1838  1674 1.3407e+07  126 1890 1.3709e+07 1.3110e+07  4.37%  3383 7394s
  1839  1675 1.3145e+07   33 1908 1.3709e+07 1.3110e+07  4.37%  3381 7425s
  1840  1676 1.3110e+07    7 1860 1.3709e+07 1.3110e+07  4.37%  3379 7444s
  1841  1676 1.3531e+07  174 1846 1.3709e+07 1.3110e+07  4.37%  3377 7454s
  1842  1677 1.3166e+07   69 1837 1.3709e+07 1.3110e+07  4.37%  3375 7467s
  1843  1678 1.3596e+07  198 1869 1.3709e+07 1.3110e+07  4.37%  3373 7481s
  1844  1678 1.3407e+07  126 1860 1.3709e+07 1.3110e+07  4.37%  3372 7489s
  1845  1679 1.3681e+07  230 1752 1.3709e+07 1.3110e+07  4.37%  3370 7496s
  1846  1680 1.3156e+07   25 1818 1.3709e+07 1.3110e+07  4.37%  3368 7506s
  1847  1680 1.3602e+07  272 1752 1.3709e+07 1.3110e+07  4.37%  3366 7510s
  1856  1686 1.3145e+07   39 1709 1.3709e+07 1.3110e+07  4.37%  3350 7515s
  1859  1688 1.3172e+07   29 1745 1.3709e+07 1.3110e+07  4.37%  3344 7524s
  1860  1689 1.3614e+07  302 1779 1.3709e+07 1.3110e+07  4.37%  3343 7531s
  1861  1690 1.3589e+07  183 1792 1.3709e+07 1.3110e+07  4.37%  3341 7537s
  1863  1691 1.3130e+07   18 1774 1.3709e+07 1.3110e+07  4.37%  3337 7541s
  1866  1693 1.3284e+07  113 1803 1.3709e+07 1.3111e+07  4.36%  3332 7554s
  1867  1694 1.3423e+07  128 1769 1.3709e+07 1.3111e+07  4.36%  3330 7556s
  1869  1695 1.3536e+07  192 1806 1.3709e+07 1.3111e+07  4.36%  3326 7560s
  1870  1696 1.3111e+07   14 1741 1.3709e+07 1.3111e+07  4.36%  3325 7571s
  1873  1698 1.3198e+07  103 1741 1.3709e+07 1.3111e+07  4.36%  3319 7576s
  1874  1698 1.3560e+07  206 1842 1.3709e+07 1.3111e+07  4.36%  3318 7581s
  1876  1700 1.3145e+07   34 1842 1.3709e+07 1.3111e+07  4.36%  3314 7585s
  1877  1700 1.3472e+07  169 1785 1.3709e+07 1.3111e+07  4.36%  3312 7590s
  1883  1704 1.3221e+07  102 1832 1.3709e+07 1.3111e+07  4.36%  3302 7596s
  1884  1705 1.3272e+07   63 1796 1.3709e+07 1.3111e+07  4.36%  3300 7604s
  1885  1706 1.3513e+07  169 1729 1.3709e+07 1.3111e+07  4.36%  3298 7605s
  1889  1708 1.3148e+07   46 1793 1.3709e+07 1.3111e+07  4.36%  3291 7618s
  1890  1709 1.3163e+07   75 1817 1.3709e+07 1.3111e+07  4.36%  3289 7620s
  1896  1713 1.3111e+07    7 1795 1.3709e+07 1.3111e+07  4.36%  3279 7627s
  1897  1714 1.3232e+07   95 1770 1.3709e+07 1.3111e+07  4.36%  3277 7633s
  1899  1715 1.3167e+07   65 1772 1.3709e+07 1.3111e+07  4.36%  3274 7635s
  1902  1717 1.3155e+07   54 1807 1.3709e+07 1.3111e+07  4.36%  3269 7640s
  1904  1718 1.3132e+07   38 1768 1.3709e+07 1.3111e+07  4.36%  3265 7645s
  1907  1720 1.3200e+07   43 1716 1.3709e+07 1.3111e+07  4.36%  3260 7654s
  1908  1721 1.3219e+07  114 1724 1.3709e+07 1.3111e+07  4.36%  3258 7655s
  1911  1723 1.3139e+07   57 1705 1.3709e+07 1.3111e+07  4.36%  3253 7660s
  1912  1724 1.3132e+07   36 1785 1.3709e+07 1.3111e+07  4.36%  3252 7669s
  1913  1724 1.3243e+07  123 1764 1.3709e+07 1.3111e+07  4.36%  3250 7672s
  1914  1725 1.3130e+07   39 1778 1.3709e+07 1.3111e+07  4.36%  3248 7676s
  1915  1726 1.3205e+07   37 1787 1.3709e+07 1.3111e+07  4.36%  3247 7680s
  1917  1727 1.3283e+07  123 1793 1.3709e+07 1.3111e+07  4.36%  3243 7688s
  1918  1728 1.3215e+07  104 1797 1.3709e+07 1.3111e+07  4.36%  3241 7692s
  1919  1728 1.3175e+07   57 1795 1.3709e+07 1.3111e+07  4.36%  3240 7695s
  1921  1730 1.3676e+07  349 1793 1.3709e+07 1.3111e+07  4.36%  3236 7700s
  1923  1731 1.3518e+07  164 1800 1.3709e+07 1.3111e+07  4.36%  3233 7707s
  1928  1735 1.3183e+07   33 1745 1.3709e+07 1.3111e+07  4.36%  3355 7719s
  1929  1736 1.3600e+07  264 1969 1.3709e+07 1.3111e+07  4.36%  3354 7749s
  1930  1737 1.3131e+07   50 1992 1.3709e+07 1.3111e+07  4.36%  3352 7778s
  1931  1737 1.3144e+07   58 2015 1.3709e+07 1.3111e+07  4.36%  3350 7815s
  1932  1738 1.3508e+07  184 2033 1.3709e+07 1.3111e+07  4.36%  3348 7849s
  1933  1739 1.3131e+07   16 1987 1.3709e+07 1.3111e+07  4.36%  3347 7882s
  1934  1739 1.3291e+07   63 1954 1.3709e+07 1.3111e+07  4.36%  3345 7912s
  1935  1740 1.3219e+07  114 1918 1.3709e+07 1.3111e+07  4.36%  3343 7943s
  1936  1741 1.3216e+07   42 1912 1.3709e+07 1.3111e+07  4.36%  3341 7965s
  1937  1741 1.3148e+07   46 1865 1.3709e+07 1.3111e+07  4.36%  3340 7983s
  1938  1742 1.3407e+07  126 1910 1.3709e+07 1.3111e+07  4.36%  3338 7994s
  1939  1743 1.3145e+07   33 1938 1.3709e+07 1.3111e+07  4.36%  3336 8004s
  1940  1743 1.3111e+07    7 1913 1.3709e+07 1.3111e+07  4.36%  3335 8011s
  1941  1744 1.3531e+07  174 1877 1.3709e+07 1.3111e+07  4.36%  3333 8017s
  1942  1745 1.3166e+07   69 1879 1.3709e+07 1.3111e+07  4.36%  3331 8023s
  1944  1746 1.3407e+07  126 1908 1.3709e+07 1.3111e+07  4.36%  3328 8026s
  1947  1748 1.3602e+07  272 1788 1.3709e+07 1.3111e+07  4.36%  3323 8031s
  1952  1751 1.3678e+07  225 1796 1.3709e+07 1.3111e+07  4.36%  3314 8036s
  1953  1752 1.3157e+07   30 1760 1.3709e+07 1.3112e+07  4.36%  3312 8047s
  1954  1753 1.3112e+07    9 1796 1.3709e+07 1.3112e+07  4.36%  3311 8050s
  1958  1755 1.3204e+07   53 1837 1.3709e+07 1.3112e+07  4.36%  3304 8055s
  1959  1756 1.3172e+07   29 1804 1.3709e+07 1.3112e+07  4.36%  3302 8068s
  1960  1757 1.3614e+07  302 1799 1.3709e+07 1.3112e+07  4.36%  3301 8070s
  1963  1759 1.3130e+07   18 1747 1.3709e+07 1.3112e+07  4.36%  3296 8076s
  1964  1759 1.3195e+07   88 1745 1.3709e+07 1.3112e+07  4.36%  3294 8080s
  1969  1763 1.3536e+07  192 1820 1.3709e+07 1.3112e+07  4.35%  3285 8086s
  1970  1763 1.3112e+07   14 1832 1.3709e+07 1.3112e+07  4.35%  3284 8090s
  1972  1765 1.3616e+07  205 1862 1.3709e+07 1.3112e+07  4.35%  3280 8098s
  1974  1766 1.3560e+07  206 1860 1.3709e+07 1.3112e+07  4.35%  3277 8101s
  1975  1767 1.3154e+07   49 1859 1.3709e+07 1.3112e+07  4.35%  3276 8110s
  1979  1769 1.3397e+07  131 1830 1.3709e+07 1.3112e+07  4.35%  3269 8121s
  1983  1772 1.3221e+07  102 1794 1.3709e+07 1.3112e+07  4.35%  3262 8126s
  1984  1773 1.3272e+07   63 1809 1.3709e+07 1.3112e+07  4.35%  3261 8133s
  1985  1773 1.3513e+07  169 1813 1.3709e+07 1.3112e+07  4.35%  3259 8136s
  1986  1774 1.3156e+07   68 1798 1.3709e+07 1.3112e+07  4.35%  3257 8140s
  1988  1775 1.3177e+07   93 1796 1.3709e+07 1.3112e+07  4.35%  3254 8146s
  1990  1777 1.3163e+07   75 1793 1.3709e+07 1.3112e+07  4.35%  3251 8153s
  1991  1777 1.3131e+07   43 1800 1.3709e+07 1.3112e+07  4.35%  3249 8156s
  1992  1778 1.3707e+07  244 1762 1.3709e+07 1.3112e+07  4.35%  3248 8160s
  1994  1779 1.3147e+07   27 1796 1.3709e+07 1.3112e+07  4.35%  3244 8166s
  1999  1784 1.3167e+07   65 1815 1.3709e+07 1.3112e+07  4.35%  3355 8179s
  2000  1785 1.3261e+07   62 2008 1.3709e+07 1.3112e+07  4.35%  3353 8202s
  2001  1786 1.3588e+07  236 1959 1.3709e+07 1.3112e+07  4.35%  3351 8228s
  2002  1786 1.3155e+07   54 2023 1.3709e+07 1.3112e+07  4.35%  3349 8260s
  2003  1787 1.3240e+07   57 1946 1.3709e+07 1.3112e+07  4.35%  3348 8299s
  2004  1788 1.3132e+07   38 1957 1.3709e+07 1.3112e+07  4.35%  3346 8324s
  2005  1788 1.3426e+07  140 1971 1.3709e+07 1.3112e+07  4.35%  3344 8359s
  2006  1789 1.3113e+07   13 1890 1.3709e+07 1.3112e+07  4.35%  3343 8389s
  2007  1790 1.3200e+07   43 1793 1.3709e+07 1.3112e+07  4.35%  3341 8417s
  2008  1790 1.3219e+07  114 1847 1.3709e+07 1.3112e+07  4.35%  3339 8433s
  2009  1791 1.3291e+07  138 1821 1.3709e+07 1.3112e+07  4.35%  3338 8446s
  2010  1792 1.3414e+07  134 1886 1.3709e+07 1.3112e+07  4.35%  3336 8452s
  2011  1792 1.3139e+07   57 1860 1.3709e+07 1.3112e+07  4.35%  3334 8457s
  2012  1793 1.3132e+07   36 1943 1.3709e+07 1.3112e+07  4.35%  3333 8466s
  2013  1794 1.3243e+07  123 1854 1.3709e+07 1.3112e+07  4.35%  3331 8470s
  2015  1795 1.3205e+07   37 1848 1.3709e+07 1.3112e+07  4.35%  3328 8477s
  2016  1796 1.3424e+07  137 1836 1.3709e+07 1.3112e+07  4.35%  3326 8482s
  2019  1798 1.3175e+07   57 1855 1.3709e+07 1.3112e+07  4.35%  3321 8485s
  2022  1800 1.3414e+07  122 1796 1.3709e+07 1.3113e+07  4.35%  3316 8501s
  2025  1802 1.3113e+07   14 1816 1.3709e+07 1.3113e+07  4.35%  3311 8507s
  2026  1802 1.3144e+07   28 1777 1.3709e+07 1.3113e+07  4.35%  3310 8513s
  2028  1804 1.3183e+07   33 1692 1.3709e+07 1.3113e+07  4.35%  3307 8516s
  2029  1804 1.3600e+07  264 1807 1.3709e+07 1.3113e+07  4.35%  3305 8525s
  2032  1806 1.3508e+07  184 1797 1.3709e+07 1.3113e+07  4.35%  3300 8530s
  2034  1808 1.3291e+07   63 1805 1.3709e+07 1.3113e+07  4.35%  3297 8536s
  2036  1809 1.3216e+07   42 1792 1.3709e+07 1.3113e+07  4.35%  3294 8541s
  2037  1810 1.3148e+07   46 1765 1.3709e+07 1.3113e+07  4.35%  3292 8546s
  2038  1810 1.3407e+07  126 1772 1.3709e+07 1.3113e+07  4.35%  3290 8550s
  2039  1811 1.3145e+07   33 1793 1.3709e+07 1.3113e+07  4.35%  3289 8557s
  2040  1812 1.3113e+07    7 1804 1.3709e+07 1.3113e+07  4.35%  3287 8560s
  2041  1812 1.3531e+07  174 1778 1.3709e+07 1.3113e+07  4.35%  3285 8567s
  2042  1813 1.3166e+07   69 1773 1.3709e+07 1.3113e+07  4.35%  3284 8570s
  2044  1814 1.3407e+07  126 1804 1.3709e+07 1.3113e+07  4.35%  3281 8577s
  2045  1815 1.3681e+07  230 1777 1.3709e+07 1.3113e+07  4.35%  3279 8585s
  2047  1816 1.3602e+07  272 1788 1.3709e+07 1.3113e+07  4.35%  3276 8591s
  2048  1817 1.3453e+07  152 1785 1.3709e+07 1.3113e+07  4.35%  3274 8598s
  2049  1818 1.3165e+07   82 1785 1.3709e+07 1.3113e+07  4.35%  3273 8623s
  2050  1821 1.3115e+07   64 1725 1.3709e+07 1.3113e+07  4.35%  3389 8644s
  2052  1825 1.3117e+07   65 1756 1.3709e+07 1.3115e+07  4.33%  3391 8687s
  2056  1827 1.3117e+07   66 1750 1.3709e+07 1.3115e+07  4.33%  3401 8694s
  2060  1830 1.3124e+07   66 1777 1.3709e+07 1.3115e+07  4.33%  3404 8722s
  2064  1833 1.3117e+07   67 1696 1.3709e+07 1.3115e+07  4.33%  3412 8738s
  2068  1835 1.3125e+07   67 1714 1.3709e+07 1.3115e+07  4.33%  3420 8759s
  2072  1841 1.3118e+07   68 1719 1.3709e+07 1.3116e+07  4.33%  3426 8799s
  2079  1845 1.3118e+07   69 1748 1.3709e+07 1.3116e+07  4.33%  3440 8829s
  2085  1848 1.3131e+07   69 1714 1.3709e+07 1.3117e+07  4.32%  3462 8875s
  2090  1850 1.3119e+07   70 1623 1.3709e+07 1.3117e+07  4.32%  3462 8910s
  2094  1856 1.3135e+07   70 1715 1.3709e+07 1.3119e+07  4.30%  3489 8944s
  2101  1859 1.3123e+07   71 1772 1.3709e+07 1.3119e+07  4.30%  3491 8962s
  2107  1864 1.3131e+07   71 1632 1.3709e+07 1.3122e+07  4.28%  3499 8988s
  2114  1868 1.3124e+07   72 1708 1.3709e+07 1.3123e+07  4.28%  3500 9022s
  2120  1873 1.3135e+07   72 1619 1.3709e+07 1.3123e+07  4.27%  3526 9066s
  2127  1880 1.3126e+07   73 1812 1.3709e+07 1.3124e+07  4.27%  3540 9093s
  2136  1889 1.3126e+07   74 1763 1.3709e+07 1.3124e+07  4.26%  3544 9129s
  2150  1895 1.3126e+07   75 1722 1.3709e+07 1.3124e+07  4.26%  3544 9172s
  2161  1898 1.3126e+07   76 1719 1.3709e+07 1.3124e+07  4.26%  3556 9208s
  2168  1906 1.3132e+07   77 1688 1.3709e+07 1.3124e+07  4.26%  3582 9238s
  2182  1914 1.3144e+07   78 1656 1.3709e+07 1.3124e+07  4.26%  3585 9269s
  2195  1926 1.3129e+07   78 1737 1.3709e+07 1.3124e+07  4.26%  3580 9333s
  2211  1925 1.3135e+07   80 1646 1.3709e+07 1.3124e+07  4.26%  3585 9362s
  2215  1938 1.3134e+07   81 1619 1.3709e+07 1.3124e+07  4.26%  3594 9385s
  2230  1947 1.3143e+07   82 1661 1.3709e+07 1.3124e+07  4.26%  3587 9406s
  2244  1959 1.3142e+07   83 1667 1.3709e+07 1.3124e+07  4.26%  3583 9443s
  2260  1960 1.3143e+07   84 1694 1.3709e+07 1.3124e+07  4.26%  3579 9474s
  2267  1970 1.3144e+07   85 1678 1.3709e+07 1.3124e+07  4.26%  3593 9506s
  2279  1986 1.3145e+07   86 1677 1.3709e+07 1.3124e+07  4.26%  3599 9542s
  2301  1991 1.3151e+07   88 1703 1.3709e+07 1.3124e+07  4.26%  3596 9576s
  2313  2002 1.3152e+07   89 1691 1.3709e+07 1.3124e+07  4.26%  3606 9613s
  2330  2021 1.3156e+07   91 1725 1.3709e+07 1.3124e+07  4.26%  3615 9653s
  2355  2042 1.3156e+07   92 1718 1.3709e+07 1.3124e+07  4.26%  3600 9687s
  2384  2059 1.3164e+07   94 1578 1.3709e+07 1.3124e+07  4.26%  3583 9720s
  2411  2063 1.3182e+07   96 1550 1.3709e+07 1.3124e+07  4.26%  3572 9751s
  2424  2074 1.3182e+07   97 1550 1.3709e+07 1.3124e+07  4.26%  3578 9786s
  2439  2082 1.3194e+07   99 1532 1.3709e+07 1.3124e+07  4.26%  3593 9825s
  2452  2092 1.3194e+07  101 1587 1.3709e+07 1.3124e+07  4.26%  3603 9870s
  2467  2108 1.3201e+07  103 1600 1.3709e+07 1.3124e+07  4.26%  3623 9909s
  2488  2120 1.3210e+07  105 1514 1.3709e+07 1.3124e+07  4.26%  3627 9946s
  2507  2134 1.3212e+07  108 1533 1.3709e+07 1.3124e+07  4.26%  3635 9987s
  2527  2150 1.3237e+07  111 1544 1.3709e+07 1.3124e+07  4.26%  3645 10035s
H 2529  2058                    1.370310e+07 1.3124e+07  4.22%  3645 10036s
  2550  2074 1.3268e+07  114 1508 1.3703e+07 1.3124e+07  4.22%  3655 10097s
H 2573  1991                    1.369586e+07 1.3124e+07  4.17%  3674 10150s
  2587  2002 1.3271e+07  118 1534 1.3696e+07 1.3124e+07  4.17%  3695 10205s
  2605  2014 1.3295e+07  121 1540 1.3696e+07 1.3124e+07  4.17%  3720 10274s
  2629  2030 1.3305e+07  123 1495 1.3696e+07 1.3124e+07  4.17%  3744 10333s
  2653  2053 infeasible  125      1.3696e+07 1.3124e+07  4.17%  3760 10393s
H 2681  1961                    1.369421e+07 1.3124e+07  4.16%  3758 10393s
  2686  2012 1.3390e+07  129 1417 1.3694e+07 1.3124e+07  4.16%  3759 10455s
H 2739  1950                    1.368627e+07 1.3124e+07  4.10%  3745 10639s
H 2760  1868                    1.368364e+07 1.3124e+07  4.09%  3730 10639s
  2773  1925 1.3460e+07  138 1292 1.3684e+07 1.3124e+07  4.09%  3738 10705s
  2835  2002 1.3463e+07  149 1280 1.3684e+07 1.3124e+07  4.09%  3712 10771s
  2934  2023 1.3483e+07  169 1195 1.3684e+07 1.3124e+07  4.09%  3646 10901s
H 2949  1943                    1.366853e+07 1.3124e+07  3.98%  3631 10902s
  2994  1959 1.3484e+07  177 1155 1.3669e+07 1.3124e+07  3.98%  3611 11084s
  3043  2005 1.3517e+07  185 1097 1.3669e+07 1.3124e+07  3.98%  3581 11164s
  3144  1996 1.3127e+07   69 1689 1.3669e+07 1.3124e+07  3.98%  3525 11236s
  3170  2055 1.3141e+07   74 1740 1.3669e+07 1.3124e+07  3.98%  3539 11350s
  3272  2103 1.3150e+07   79 1722 1.3669e+07 1.3124e+07  3.98%  3489 11429s
  3362  2156 1.3165e+07   86 1662 1.3669e+07 1.3124e+07  3.98%  3446 11532s
H 3368  2087                    1.366791e+07 1.3124e+07  3.98%  3441 11532s
  3455  2098 1.3180e+07   93 1576 1.3668e+07 1.3124e+07  3.98%  3400 11660s
H 3461  2026                    1.366412e+07 1.3124e+07  3.95%  3402 11661s
  3495  2151 1.3203e+07   96 1569 1.3664e+07 1.3124e+07  3.95%  3397 11749s
  3641  2189 1.3244e+07  111 1526 1.3664e+07 1.3124e+07  3.95%  3314 11858s
  3763  2200 1.3249e+07  115 1513 1.3664e+07 1.3124e+07  3.95%  3269 11982s
  3851  2195 1.3342e+07  125 1462 1.3664e+07 1.3124e+07  3.95%  3263 12255s
  3875  2269 1.3306e+07  125 1444 1.3664e+07 1.3124e+07  3.95%  3280 12375s
  3973  2315 1.3352e+07  132 1338 1.3664e+07 1.3124e+07  3.95%  3258 12483s
  4052  2427 1.3365e+07  141 1398 1.3664e+07 1.3124e+07  3.95%  3245 12616s
  4214  2511 1.3409e+07  175 1234 1.3664e+07 1.3124e+07  3.95%  3189 12744s
  4378  2537 1.3484e+07  182 1133 1.3664e+07 1.3124e+07  3.95%  3141 12858s
  4459  2720 1.3542e+07  196 1076 1.3664e+07 1.3124e+07  3.95%  3144 12998s
  4681  2753 1.3572e+07  302  910 1.3664e+07 1.3127e+07  3.93%  3057 13148s
  4836  2740 1.3134e+07   70 1615 1.3664e+07 1.3127e+07  3.93%  3028 13392s
  4874  2805 1.3151e+07   78 1558 1.3664e+07 1.3127e+07  3.93%  3058 13530s
  4956  2935 1.3213e+07   98 1553 1.3664e+07 1.3127e+07  3.93%  3068 13751s
  5123  2927 1.3360e+07  131 1231 1.3664e+07 1.3127e+07  3.93%  3039 14052s
  5192  3075 1.3369e+07  132 1229 1.3664e+07 1.3127e+07  3.93%  3047 14240s
  5378  3153 1.3162e+07   72 1531 1.3664e+07 1.3127e+07  3.93%  3013 14399s
  5529  3258 1.3307e+07   85 1361 1.3664e+07 1.3127e+07  3.93%  2997 14585s
  5737  3305 1.3517e+07  131 1332 1.3664e+07 1.3128e+07  3.92%  2958 14788s
  5843  3426 1.3160e+07   82 1687 1.3664e+07 1.3128e+07  3.92%  2968 14968s
  5964  3537 1.3187e+07   95 1590 1.3664e+07 1.3128e+07  3.92%  2971 15160s
  6077  3683 1.3223e+07  104 1509 1.3664e+07 1.3128e+07  3.92%  2969 15355s
  6225  3915 1.3270e+07  120 1411 1.3664e+07 1.3128e+07  3.92%  2956 15555s
  6458  4084 1.3325e+07  142 1140 1.3664e+07 1.3128e+07  3.92%  2931 15774s
  6688  4465 1.3381e+07  158  949 1.3664e+07 1.3128e+07  3.92%  2880 16003s
  7172  4652 1.3151e+07   73 1683 1.3664e+07 1.3128e+07  3.92%  2784 16248s
  7492  4832 1.3296e+07   94 1407 1.3664e+07 1.3130e+07  3.91%  2751 16490s
  7712  4990 1.3141e+07   70 1529 1.3664e+07 1.3130e+07  3.91%  2740 16742s
  7870  5181 1.3257e+07  106 1424 1.3664e+07 1.3130e+07  3.91%  2749 17033s
  8116  5293 1.3173e+07   83 1466 1.3664e+07 1.3130e+07  3.91%  2737 17302s
  8249  5496 1.3188e+07   86 1548 1.3664e+07 1.3130e+07  3.91%  2737 17602s
  8494  5600 1.3591e+07  148 1320 1.3664e+07 1.3131e+07  3.90%  2733 17893s
  8613  5806 1.3199e+07   87 1559 1.3664e+07 1.3131e+07  3.90%  2763 18183s
  8845  6030 1.3591e+07  200  903 1.3664e+07 1.3131e+07  3.90%  2744 18517s
  9101  6273 1.3178e+07   77 1486 1.3664e+07 1.3132e+07  3.89%  2745 18862s
  9363  6535 1.3186e+07   83 1670 1.3664e+07 1.3132e+07  3.89%  2753 19208s
H 9553  6508                    1.365956e+07 1.3132e+07  3.86%  2765 19208s
  9699  6771 1.3394e+07  106 1469 1.3660e+07 1.3134e+07  3.85%  2747 19590s
 10024  6994 1.3207e+07   91 1581 1.3660e+07 1.3134e+07  3.84%  2715 19981s
 10276  6995 1.3247e+07   97 1763 1.3660e+07 1.3134e+07  3.84%  2725 20485s
 10278  6996 1.3221e+07   77 1623 1.3660e+07 1.3134e+07  3.84%  2724 20497s
 10279  6997 1.3467e+07  161 1981 1.3660e+07 1.3134e+07  3.84%  2724 20523s
 10280  6998 1.3396e+07  178 1993 1.3660e+07 1.3134e+07  3.84%  2724 20551s
 10281  6998 1.3136e+07   73 2039 1.3660e+07 1.3134e+07  3.84%  2724 20589s
 10282  6999 1.3551e+07  178 2009 1.3660e+07 1.3134e+07  3.84%  2723 20620s
 10283  7000 1.3444e+07  124 1981 1.3660e+07 1.3134e+07  3.84%  2723 20647s
 10284  7000 1.3345e+07  125 1880 1.3660e+07 1.3134e+07  3.84%  2723 20674s
 10285  7001 1.3596e+07  148 1919 1.3660e+07 1.3134e+07  3.84%  2722 20699s
 10286  7002 1.3438e+07  116 1838 1.3660e+07 1.3134e+07  3.84%  2722 20718s
 10287  7002 1.3481e+07  157 1853 1.3660e+07 1.3134e+07  3.84%  2722 20733s
 10288  7003 1.3504e+07  154 1876 1.3660e+07 1.3134e+07  3.84%  2722 20743s
 10289  7004 1.3211e+07  102 1804 1.3660e+07 1.3134e+07  3.84%  2721 20756s
 10290  7004 1.3606e+07  316 1820 1.3660e+07 1.3134e+07  3.84%  2721 20763s
 10291  7005 1.3635e+07  207 1831 1.3660e+07 1.3134e+07  3.84%  2721 20769s
 10292  7006 1.3358e+07  130 1842 1.3660e+07 1.3134e+07  3.84%  2721 20775s
 10293  7006 1.3524e+07  230 1808 1.3660e+07 1.3134e+07  3.84%  2720 20781s
 10294  7007 1.3281e+07  115 1811 1.3660e+07 1.3134e+07  3.84%  2720 20788s
 10295  7008 1.3188e+07   83 1730 1.3660e+07 1.3134e+07  3.84%  2720 20795s
 10298  7010 1.3166e+07   71 1868 1.3660e+07 1.3134e+07  3.84%  2719 20800s
 10301  7012 1.3153e+07   75 1822 1.3660e+07 1.3134e+07  3.84%  2718 20806s
 10302  7012 1.3370e+07  104 1768 1.3660e+07 1.3134e+07  3.84%  2718 20818s
 10303  7013 1.3422e+07  183 1771 1.3660e+07 1.3134e+07  3.84%  2718 20823s
 10304  7014 1.3567e+07  149 1732 1.3660e+07 1.3134e+07  3.84%  2717 20827s
 10305  7014 1.3493e+07  163 1780 1.3660e+07 1.3134e+07  3.84%  2717 20831s
 10308  7016 1.3316e+07  127 1751 1.3660e+07 1.3134e+07  3.84%  2716 20836s
 10309  7017 1.3241e+07  112 1713 1.3660e+07 1.3134e+07  3.84%  2716 20845s
 10311  7018 1.3395e+07  114 1739 1.3660e+07 1.3134e+07  3.84%  2716 20860s
 10312  7019 1.3439e+07  136 1821 1.3660e+07 1.3134e+07  3.84%  2715 20866s
 10314  7020 1.3545e+07  180 1785 1.3660e+07 1.3134e+07  3.84%  2715 20871s
 10317  7022 1.3435e+07  191 1761 1.3660e+07 1.3134e+07  3.84%  2714 20875s
 10319  7024 1.3189e+07   88 1770 1.3660e+07 1.3134e+07  3.84%  2714 20891s
 10321  7025 1.3158e+07   71 1747 1.3660e+07 1.3134e+07  3.84%  2713 20896s
 10323  7026 1.3437e+07  107 1741 1.3660e+07 1.3134e+07  3.84%  2712 20900s
 10324  7027 1.3540e+07  291 1707 1.3660e+07 1.3134e+07  3.84%  2712 20906s
 10326  7028 1.3220e+07   93 1734 1.3660e+07 1.3134e+07  3.84%  2712 20910s
 10327  7029 1.3172e+07   81 1722 1.3660e+07 1.3134e+07  3.84%  2711 20918s
 10329  7030 1.3302e+07  122 1770 1.3660e+07 1.3134e+07  3.84%  2711 20923s
 10330  7031 1.3408e+07  105 1733 1.3660e+07 1.3134e+07  3.84%  2711 20932s
 10331  7032 1.3420e+07  135 1746 1.3660e+07 1.3134e+07  3.84%  2710 20935s
 10332  7032 1.3478e+07  103 1736 1.3660e+07 1.3134e+07  3.84%  2710 20943s
 10333  7033 1.3225e+07   89 1736 1.3660e+07 1.3134e+07  3.84%  2710 20953s
 10334  7034 1.3615e+07  221 1736 1.3660e+07 1.3134e+07  3.84%  2710 20974s
 10335  7037 1.3134e+07   75 1694 1.3660e+07 1.3134e+07  3.84%  2736 20997s
 10337  7041 1.3134e+07   76 1731 1.3660e+07 1.3134e+07  3.84%  2736 21018s
 10341  7043 1.3134e+07   77 1781 1.3660e+07 1.3134e+07  3.84%  2738 21031s
 10345  7046 1.3134e+07   77 1697 1.3660e+07 1.3134e+07  3.84%  2740 21048s
 10349  7049 1.3134e+07   78 1699 1.3660e+07 1.3134e+07  3.84%  2740 21059s
 10353  7051 1.3134e+07   78 1663 1.3660e+07 1.3134e+07  3.84%  2741 21074s
 10357  7054 1.3134e+07   79 1687 1.3660e+07 1.3134e+07  3.84%  2743 21088s
 10361  7058 1.3134e+07   79 1636 1.3660e+07 1.3134e+07  3.84%  2744 21101s
 10366  7061 1.3134e+07   80 1698 1.3660e+07 1.3134e+07  3.84%  2744 21117s
 10371  7066 1.3134e+07   81 1703 1.3660e+07 1.3134e+07  3.84%  2745 21130s
 10378  7070 1.3134e+07   82 1773 1.3660e+07 1.3134e+07  3.84%  2745 21142s
 10384  7075 1.3134e+07   82 1696 1.3660e+07 1.3134e+07  3.84%  2745 21150s
 10391  7080 1.3134e+07   83 1722 1.3660e+07 1.3134e+07  3.84%  2744 21160s
 10398  7081 1.3134e+07   83 1660 1.3660e+07 1.3134e+07  3.84%  2744 21169s
 10402  7086 1.3134e+07   84 1707 1.3660e+07 1.3134e+07  3.84%  2744 21184s
 10408  7088 1.3134e+07   85 1654 1.3660e+07 1.3134e+07  3.84%  2745 21194s
 10412  7091 1.3134e+07   85 1610 1.3660e+07 1.3134e+07  3.84%  2746 21212s
 10416  7097 1.3134e+07   86 1682 1.3660e+07 1.3134e+07  3.84%  2748 21230s
 10424  7100 1.3134e+07   87 1679 1.3660e+07 1.3134e+07  3.84%  2748 21249s
 10429  7104 1.3140e+07   87 1612 1.3660e+07 1.3134e+07  3.84%  2751 21275s
 10435  7108 1.3134e+07   88 1672 1.3660e+07 1.3134e+07  3.84%  2752 21297s
 10441  7113 1.3136e+07   89 1679 1.3660e+07 1.3134e+07  3.84%  2755 21318s
 10448  7117 1.3142e+07   89 1627 1.3660e+07 1.3134e+07  3.84%  2757 21337s
 10454  7120 1.3139e+07   90 1649 1.3660e+07 1.3134e+07  3.84%  2759 21360s
 10459  7125 infeasible   90      1.3660e+07 1.3134e+07  3.84%  2761 21405s
 10468  7130 1.3144e+07   92 1628 1.3660e+07 1.3134e+07  3.84%  2767 21432s
 10476  7138 1.3146e+07   92 1628 1.3660e+07 1.3134e+07  3.84%  2770 21454s
 10487  7146 1.3145e+07   93 1597 1.3660e+07 1.3134e+07  3.84%  2769 21486s
 10498  7151 1.3149e+07   95 1649 1.3660e+07 1.3134e+07  3.84%  2772 21516s
 10507  7162 1.3150e+07   96 1627 1.3660e+07 1.3134e+07  3.84%  2774 21548s
 10521  7174 1.3151e+07   97 1630 1.3660e+07 1.3134e+07  3.84%  2776 21571s
 10538  7184 1.3152e+07   98 1623 1.3660e+07 1.3134e+07  3.84%  2775 21602s
 10555  7189 1.3154e+07   99 1618 1.3660e+07 1.3134e+07  3.84%  2775 21627s
 10566  7193 1.3156e+07  100 1566 1.3660e+07 1.3134e+07  3.84%  2776 21663s
 10574  7206 1.3156e+07  101 1564 1.3660e+07 1.3134e+07  3.84%  2781 21695s
 10589  7213 1.3163e+07  102 1600 1.3660e+07 1.3134e+07  3.84%  2783 21731s
 10601  7223 1.3180e+07  103 1522 1.3660e+07 1.3134e+07  3.84%  2787 21758s
 10615  7236 1.3164e+07  104 1504 1.3660e+07 1.3134e+07  3.84%  2787 21798s
 10633  7252 1.3166e+07  106 1535 1.3660e+07 1.3134e+07  3.84%  2789 21833s
 10655  7275 1.3182e+07  109 1572 1.3660e+07 1.3134e+07  3.84%  2790 21863s
 10685  7285 1.3191e+07  116 1545 1.3660e+07 1.3134e+07  3.84%  2788 21894s
 10705  7299 1.3199e+07  119 1466 1.3660e+07 1.3134e+07  3.84%  2788 21927s
 10728  7306 1.3264e+07  124 1417 1.3660e+07 1.3134e+07  3.84%  2789 21965s
 10743  7316 1.3295e+07  125 1404 1.3660e+07 1.3134e+07  3.84%  2793 22004s
 10758  7333 1.3286e+07  127 1411 1.3660e+07 1.3134e+07  3.84%  2797 22042s
 10780  7339 1.3280e+07  129 1388 1.3660e+07 1.3134e+07  3.84%  2798 22082s
 10793  7357 1.3286e+07  131 1401 1.3660e+07 1.3134e+07  3.84%  2802 22132s
 10815  7359 1.3291e+07  134 1428 1.3660e+07 1.3134e+07  3.84%  2807 22286s
H10825  7003                    1.365956e+07 1.3134e+07  3.84%  2808 22286s
 10829  7022 1.3319e+07  136 1332 1.3660e+07 1.3134e+07  3.84%  2809 22331s
 10849  7031 1.3354e+07  139 1293 1.3660e+07 1.3134e+07  3.84%  2816 22567s
H10851  6695                    1.365956e+07 1.3134e+07  3.84%  2816 22567s
 10865  6724 1.3328e+07  141 1301 1.3660e+07 1.3134e+07  3.84%  2818 22612s
 10903  6735 1.3352e+07  145 1267 1.3660e+07 1.3134e+07  3.84%  2818 22660s
 10932  6761 1.3341e+07  149 1244 1.3660e+07 1.3134e+07  3.84%  2820 22709s
 10970  6764 1.3347e+07  151 1213 1.3660e+07 1.3134e+07  3.84%  2822 22780s
 10987  6806 1.3350e+07  153 1205 1.3660e+07 1.3134e+07  3.84%  2824 22844s
 11037  6817 1.3370e+07  156 1246 1.3660e+07 1.3134e+07  3.84%  2824 22903s
 11073  6851 1.3361e+07  158 1229 1.3660e+07 1.3134e+07  3.84%  2825 22962s
 11137  6879 1.3361e+07  159 1230 1.3660e+07 1.3134e+07  3.84%  2822 23020s
 11212  6884 1.3375e+07  164 1182 1.3660e+07 1.3134e+07  3.84%  2817 23079s
 11294  6889 1.3389e+07  167 1119 1.3660e+07 1.3134e+07  3.84%  2808 23161s
 11362  6903 1.3414e+07  171 1142 1.3660e+07 1.3134e+07  3.84%  2804 23246s
 11403  6929 1.3438e+07  180 1093 1.3660e+07 1.3134e+07  3.84%  2808 23317s
 11448  6956     cutoff  193      1.3660e+07 1.3134e+07  3.84%  2809 23456s
 11506  6983 1.3625e+07  210  971 1.3660e+07 1.3134e+07  3.84%  2803 23540s
 11568  7016 1.3175e+07   84 1602 1.3660e+07 1.3134e+07  3.84%  2802 23633s
 11622  7046 1.3221e+07   93 1394 1.3660e+07 1.3134e+07  3.84%  2803 23731s
 11670  7056 1.3346e+07  107 1385 1.3660e+07 1.3134e+07  3.84%  2807 23927s
 11696  7119 1.3406e+07  119 1343 1.3660e+07 1.3134e+07  3.84%  2808 24023s
 11769  7194 1.3560e+07  131 1107 1.3660e+07 1.3134e+07  3.84%  2808 24134s
 11880  7229 1.3146e+07   85 1608 1.3660e+07 1.3134e+07  3.84%  2799 24236s
 11961  7250 infeasible  101      1.3660e+07 1.3134e+07  3.84%  2801 24355s
 12052  7317 infeasible  112      1.3660e+07 1.3134e+07  3.84%  2802 24492s
 12161  7370 1.3155e+07   89 1446 1.3660e+07 1.3134e+07  3.84%  2799 24632s
 12264  7440 1.3215e+07  102 1265 1.3660e+07 1.3134e+07  3.84%  2797 24769s
 12390  7508 1.3313e+07  112 1113 1.3660e+07 1.3134e+07  3.84%  2790 24916s
 12525  7512 1.3643e+07  136 1003 1.3660e+07 1.3134e+07  3.84%  2786 25060s
 12591  7587 1.3157e+07   87 1601 1.3660e+07 1.3134e+07  3.84%  2794 25216s
 12717  7661 1.3236e+07  113 1503 1.3660e+07 1.3134e+07  3.84%  2790 25359s
 12854  7669     cutoff  151      1.3660e+07 1.3134e+07  3.84%  2783 25561s
 12909  7744 1.3652e+07  151 1094 1.3660e+07 1.3134e+07  3.84%  2781 25720s
 13031  7800 1.3155e+07   84 1679 1.3660e+07 1.3134e+07  3.84%  2778 25880s
 13131  7802 1.3175e+07   95 1511 1.3660e+07 1.3134e+07  3.84%  2781 26252s
 13167  7901 1.3186e+07   99 1408 1.3660e+07 1.3134e+07  3.84%  2779 26426s
 13291  7975 1.3212e+07  118 1370 1.3660e+07 1.3134e+07  3.84%  2780 26602s
 13409  8054 1.3247e+07  132 1285 1.3660e+07 1.3134e+07  3.84%  2784 26779s
 13445  8042 1.3407e+07  128 1097 1.3660e+07 1.3134e+07  3.84%  2786 26780s
 13531  8175 1.3304e+07  150 1104 1.3660e+07 1.3134e+07  3.84%  2791 26979s
 13743  8237 1.3507e+07  170 1052 1.3660e+07 1.3134e+07  3.84%  2782 27178s
 13912  8321 1.3180e+07   93 1541 1.3660e+07 1.3134e+07  3.84%  2780 27399s
 13962  8304 1.3242e+07  112 1318 1.3660e+07 1.3134e+07  3.84%  2777 27400s
 14091  8396     cutoff  142      1.3660e+07 1.3134e+07  3.84%  2780 27634s
 14256  8498 1.3188e+07   99 1574 1.3660e+07 1.3134e+07  3.84%  2783 27868s
 14440  8570 1.3146e+07   81 1566 1.3660e+07 1.3134e+07  3.84%  2783 28114s
 14624  8659 1.3499e+07  120 1129 1.3660e+07 1.3134e+07  3.84%  2784 28369s
 14810  8778 1.3151e+07   88 1645 1.3660e+07 1.3134e+07  3.84%  2783 28630s
 14995  8874 1.3276e+07  123 1529 1.3660e+07 1.3134e+07  3.84%  2777 28914s
 15202  8995 1.3208e+07   96 1469 1.3660e+07 1.3134e+07  3.84%  2776 29548s
 15398  9176 1.3156e+07   83 1690 1.3660e+07 1.3134e+07  3.84%  2774 29847s
 15694  9197 1.3551e+07  148 1132 1.3660e+07 1.3134e+07  3.84%  2760 30196s
 15866  9301 1.3223e+07   99 1620 1.3660e+07 1.3134e+07  3.84%  2768 30536s
 16063  9355 1.3173e+07   95 1518 1.3660e+07 1.3134e+07  3.84%  2777 31005s
 16194  9469 1.3174e+07   96 1484 1.3660e+07 1.3134e+07  3.84%  2777 31361s
 16398  9584 1.3253e+07   86 1466 1.3660e+07 1.3134e+07  3.84%  2789 31727s
 16635  9821 1.3262e+07  100 1573 1.3660e+07 1.3134e+07  3.84%  2796 32093s
H16720  9304                    1.363561e+07 1.3134e+07  3.68%  2789 32093s
 16976  9447 1.3502e+07  189 1008 1.3636e+07 1.3134e+07  3.68%  2777 32490s
 17283  9628 1.3394e+07   96 1502 1.3636e+07 1.3134e+07  3.68%  2775 32901s
 17634  9729 1.3504e+07  113 1019 1.3636e+07 1.3135e+07  3.67%  2776 33389s
 17918  9801 1.3391e+07  131 1362 1.3636e+07 1.3135e+07  3.67%  2779 33811s
 18111  9993 1.3471e+07  105 1289 1.3636e+07 1.3135e+07  3.67%  2775 34274s
H18401  9430                    1.362012e+07 1.3135e+07  3.56%  2772 34274s
 18421  9693 1.3577e+07  142 1066 1.3620e+07 1.3136e+07  3.56%  2773 34769s
 18765  9802 1.3144e+07   84 1617 1.3620e+07 1.3136e+07  3.55%  2784 35280s
 19066  9919 1.3229e+07   92 1566 1.3620e+07 1.3136e+07  3.55%  2793 35799s
 19322 10069 1.3341e+07  122 1255 1.3620e+07 1.3136e+07  3.55%  2801 36330s
 19618 10169 1.3560e+07  131 1191 1.3620e+07 1.3137e+07  3.55%  2806 36865s
 19854 10362 1.3582e+07  111 1324 1.3620e+07 1.3137e+07  3.55%  2812 37494s
 20205 10561 infeasible  118      1.3620e+07 1.3138e+07  3.54%  2828 38084s
 20561 10977 1.3311e+07  123 1186 1.3620e+07 1.3138e+07  3.54%  2834 38664s
 21202 10923 1.3556e+07  107 1261 1.3620e+07 1.3138e+07  3.54%  2811 39150s
 21394 11191 1.3312e+07  109 1362 1.3620e+07 1.3139e+07  3.54%  2821 39700s
 21831 11282 1.3152e+07   83 1651 1.3620e+07 1.3139e+07  3.53%  2820 40221s
 22180 11513 1.3394e+07  108 1344 1.3620e+07 1.3139e+07  3.53%  2831 40767s
 22603 11463 1.3606e+07  166  633 1.3620e+07 1.3140e+07  3.53%  2831 41370s
H22623 11054                    1.361114e+07 1.3140e+07  3.46%  2832 41370s
 22727 11266 1.3190e+07   92 1600 1.3611e+07 1.3140e+07  3.46%  2839 41973s
H23051 11234                    1.360944e+07 1.3140e+07  3.45%  2859 42636s
 23503 11304 1.3185e+07   90 1575 1.3609e+07 1.3141e+07  3.45%  2864 43366s
 23761 11564 1.3186e+07  105 1573 1.3609e+07 1.3141e+07  3.44%  2864 44000s
 24210 11731 1.3342e+07   92 1549 1.3609e+07 1.3141e+07  3.44%  2874 44643s
 24606 12098 1.3157e+07   89 1467 1.3609e+07 1.3141e+07  3.44%  2887 45284s
 25194 12379 1.3486e+07  161  671 1.3609e+07 1.3141e+07  3.44%  2877 45906s
 25815 12645     cutoff  157      1.3609e+07 1.3142e+07  3.44%  2865 46521s
 26360 13008 1.3539e+07  102 1401 1.3609e+07 1.3142e+07  3.44%  2860 47095s
 26808 13416 infeasible   90      1.3609e+07 1.3142e+07  3.43%  2860 47681s
 27296 13744 1.3213e+07  110 1507 1.3609e+07 1.3142e+07  3.43%  2859 48249s
 27720 14331 1.3162e+07   96 1488 1.3609e+07 1.3143e+07  3.43%  2865 48840s
 28422 14660 1.3156e+07   88 1570 1.3609e+07 1.3143e+07  3.43%  2850 49537s
 28793 15168 1.3389e+07  114 1120 1.3609e+07 1.3143e+07  3.43%  2858 50127s
 29425 15351 1.3185e+07   89 1574 1.3609e+07 1.3143e+07  3.43%  2852 50879s
 29706 15715 1.3166e+07   88 1462 1.3609e+07 1.3143e+07  3.43%  2865 51434s
 30146 16143 1.3170e+07   87 1615 1.3609e+07 1.3144e+07  3.42%  2874 52027s
 30672 16671 1.3163e+07   81 1312 1.3609e+07 1.3144e+07  3.42%  2876 52580s
 31280 16672 1.3498e+07  162 1763 1.3609e+07 1.3144e+07  3.42%  2873 56504s
 31282 16673 1.3273e+07   91 1438 1.3609e+07 1.3144e+07  3.42%  2873 56512s
 31283 16674 1.3445e+07  130 1713 1.3609e+07 1.3144e+07  3.42%  2873 56525s
 31284 16675 1.3562e+07  138 1822 1.3609e+07 1.3144e+07  3.42%  2872 56547s
 31285 16675 1.3163e+07   88 1809 1.3609e+07 1.3144e+07  3.42%  2872 56577s
 31286 16676 1.3517e+07  125 1808 1.3609e+07 1.3144e+07  3.42%  2872 56598s
 31287 16677 1.3333e+07  143 1719 1.3609e+07 1.3144e+07  3.42%  2872 56621s
 31288 16677 1.3584e+07  241 1681 1.3609e+07 1.3144e+07  3.42%  2872 56639s
 31289 16678 1.3539e+07  129 1670 1.3609e+07 1.3144e+07  3.42%  2872 56651s
 31290 16679 1.3258e+07  120 1650 1.3609e+07 1.3144e+07  3.42%  2872 56663s
 31291 16679 1.3267e+07  109 1632 1.3609e+07 1.3144e+07  3.42%  2872 56675s
 31292 16680 1.3327e+07   94 1625 1.3609e+07 1.3144e+07  3.42%  2872 56684s
 31293 16681 1.3151e+07   88 1597 1.3609e+07 1.3144e+07  3.42%  2872 56693s
 31294 16681 1.3317e+07  115 1645 1.3609e+07 1.3144e+07  3.42%  2872 56698s
 31295 16682 1.3267e+07  119 1673 1.3609e+07 1.3144e+07  3.42%  2871 56705s
 31296 16683 1.3413e+07  152 1663 1.3609e+07 1.3144e+07  3.42%  2871 56712s
 31298 16684 1.3193e+07   91 1631 1.3609e+07 1.3144e+07  3.42%  2871 56716s
 31301 16686 1.3522e+07  139 1625 1.3609e+07 1.3144e+07  3.42%  2871 56720s
 31310 16692 1.3338e+07  118 1629 1.3609e+07 1.3144e+07  3.42%  2870 56726s
 31311 16693 1.3336e+07  117 1513 1.3609e+07 1.3144e+07  3.42%  2870 56799s
 31312 16693 1.3318e+07  113 1528 1.3609e+07 1.3144e+07  3.42%  2870 56801s
 31317 16697 1.3182e+07   92 1586 1.3609e+07 1.3144e+07  3.42%  2869 56805s
 31318 16697 1.3282e+07  127 1588 1.3609e+07 1.3144e+07  3.42%  2869 56839s
 31319 16698 1.3243e+07  120 1446 1.3609e+07 1.3144e+07  3.42%  2869 56911s
 31322 16700 1.3178e+07   95 1556 1.3609e+07 1.3144e+07  3.42%  2869 56915s
 31326 16703 1.3148e+07   87 1573 1.3609e+07 1.3144e+07  3.42%  2869 56948s
 31327 16703 1.3485e+07  132 1566 1.3609e+07 1.3144e+07  3.42%  2868 56987s
 31331 16706 1.3156e+07   87 1568 1.3609e+07 1.3144e+07  3.42%  2868 56990s
 31332 16707 1.3557e+07  152 1578 1.3609e+07 1.3144e+07  3.42%  2868 57025s
 31333 16707 1.3495e+07  121 1487 1.3609e+07 1.3144e+07  3.42%  2868 57060s
 31335 16709 1.3277e+07  111 1539 1.3609e+07 1.3144e+07  3.42%  2868 57094s
 31336 16709 1.3539e+07  193 1487 1.3609e+07 1.3144e+07  3.42%  2868 57129s
 31337 16710 1.3260e+07  131 1556 1.3609e+07 1.3144e+07  3.42%  2868 57130s
 31338 16711 1.3531e+07  183 1576 1.3609e+07 1.3144e+07  3.42%  2867 57163s
 31339 16711 1.3441e+07  145 1557 1.3609e+07 1.3144e+07  3.42%  2867 57199s
 31340 16712 1.3211e+07  105 1554 1.3609e+07 1.3144e+07  3.42%  2867 57200s
 31341 16713 1.3242e+07   94 1547 1.3609e+07 1.3144e+07  3.42%  2867 57231s
 31342 16713 1.3220e+07  115 1521 1.3609e+07 1.3144e+07  3.42%  2867 57268s
 31343 16714 1.3177e+07   92 1559 1.3609e+07 1.3144e+07  3.42%  2867 57301s
 31344 16715 1.3204e+07   91 1521 1.3609e+07 1.3144e+07  3.42%  2867 57338s
 31346 16716 1.3157e+07   87 1551 1.3609e+07 1.3144e+07  3.42%  2867 57370s
 31347 16717 1.3240e+07  100 1561 1.3609e+07 1.3144e+07  3.42%  2867 57406s
 31348 16717 1.3179e+07   94 1549 1.3609e+07 1.3144e+07  3.42%  2867 57440s
 31349 16718 1.3308e+07  102 1540 1.3609e+07 1.3144e+07  3.42%  2866 57476s
 31350 16719 1.3433e+07  125 1575 1.3609e+07 1.3144e+07  3.42%  2866 57508s
 31351 16719 1.3536e+07  149 1526 1.3609e+07 1.3144e+07  3.42%  2866 57542s
 31353 16721 1.3206e+07  104 1531 1.3609e+07 1.3144e+07  3.42%  2866 57575s
 31354 16721 1.3406e+07  164 1539 1.3609e+07 1.3144e+07  3.42%  2866 57609s
 31355 16722 1.3487e+07  123 1544 1.3609e+07 1.3144e+07  3.42%  2866 57644s
 31356 16723 1.3249e+07  100 1506 1.3609e+07 1.3144e+07  3.42%  2866 57681s
 31357 16723 1.3328e+07  117 1529 1.3609e+07 1.3144e+07  3.42%  2866 57713s
 31358 16724 1.3155e+07   84 1484 1.3609e+07 1.3144e+07  3.42%  2866 57749s
 31359 16725 1.3406e+07  135 1533 1.3609e+07 1.3144e+07  3.42%  2866 57782s
 31360 16725 1.3361e+07  156 1513 1.3609e+07 1.3144e+07  3.42%  2865 57818s
 31362 16727 1.3200e+07   95 1507 1.3609e+07 1.3144e+07  3.42%  2865 57854s
 31363 16727 1.3466e+07  148 1488 1.3609e+07 1.3144e+07  3.42%  2865 57890s
 31364 16728 1.3534e+07  181 1543 1.3609e+07 1.3144e+07  3.42%  2865 57922s
 31365 16729 1.3425e+07  113 1444 1.3609e+07 1.3144e+07  3.42%  2865 57961s
 31367 16730 1.3183e+07   92 1564 1.3609e+07 1.3144e+07  3.42%  2865 57994s
 31368 16731 1.3214e+07  102 1516 1.3609e+07 1.3144e+07  3.42%  2865 58028s
 31369 16731 1.3197e+07  105 1545 1.3609e+07 1.3144e+07  3.42%  2865 58059s
 31370 16732 1.3167e+07   97 1499 1.3609e+07 1.3144e+07  3.42%  2865 58095s
 31371 16733 1.3201e+07   93 1546 1.3609e+07 1.3144e+07  3.42%  2864 58127s
 31372 16733 1.3410e+07  101 1530 1.3609e+07 1.3144e+07  3.42%  2864 58164s
 31373 16734 1.3606e+07  163 1517 1.3609e+07 1.3144e+07  3.42%  2864 58165s
 31374 16735 1.3292e+07  105 1556 1.3609e+07 1.3144e+07  3.42%  2864 58198s
 31375 16735 1.3471e+07  176 1547 1.3609e+07 1.3144e+07  3.42%  2864 58230s
 31380 16739 1.3498e+07  162 1571 1.3609e+07 1.3144e+07  3.42%  2864 58269s
 31381 16739 1.3230e+07   99 1569 1.3609e+07 1.3144e+07  3.42%  2864 58303s
 31383 16741 1.3445e+07  130 1568 1.3609e+07 1.3144e+07  3.42%  2863 58305s
 31384 16741 1.3562e+07  138 1596 1.3609e+07 1.3144e+07  3.42%  2863 58336s
 31385 16742 1.3163e+07   88 1565 1.3609e+07 1.3144e+07  3.42%  2863 58371s
 31386 16743 1.3517e+07  125 1557 1.3609e+07 1.3144e+07  3.42%  2863 58403s
 31387 16743 1.3333e+07  143 1574 1.3609e+07 1.3144e+07  3.42%  2863 58438s
 31388 16744 1.3584e+07  241 1580 1.3609e+07 1.3144e+07  3.42%  2863 58472s
 31389 16745 1.3539e+07  129 1534 1.3609e+07 1.3144e+07  3.42%  2863 58504s
 31390 16745 1.3258e+07  120 1567 1.3609e+07 1.3144e+07  3.42%  2863 58536s
 31391 16746 1.3267e+07  109 1544 1.3609e+07 1.3144e+07  3.42%  2863 58570s
 31392 16747 1.3327e+07   94 1541 1.3609e+07 1.3144e+07  3.42%  2863 58603s
 31393 16747 1.3151e+07   88 1517 1.3609e+07 1.3144e+07  3.42%  2862 58635s
 31394 16748 1.3317e+07  115 1519 1.3609e+07 1.3144e+07  3.42%  2862 58667s
 31395 16749 1.3267e+07  119 1515 1.3609e+07 1.3144e+07  3.42%  2862 58700s
 31398 16751 1.3193e+07   91 1573 1.3609e+07 1.3144e+07  3.42%  2862 58731s
 31399 16751 1.3285e+07  112 1597 1.3609e+07 1.3144e+07  3.42%  2862 58764s
 31400 16752 1.3544e+07  130 1615 1.3609e+07 1.3144e+07  3.42%  2862 58795s
 31401 16753 1.3522e+07  139 1578 1.3609e+07 1.3144e+07  3.42%  2862 58830s
 31402 16753 1.3213e+07   94 1577 1.3609e+07 1.3144e+07  3.42%  2862 58859s
 31403 16754 1.3223e+07  100 1528 1.3609e+07 1.3144e+07  3.42%  2862 58893s
 31404 16755 1.3329e+07  122 1555 1.3609e+07 1.3144e+07  3.42%  2861 58921s
 31405 16755 1.3409e+07  120 1515 1.3609e+07 1.3144e+07  3.42%  2861 58951s
 31406 16756 1.3356e+07  155 1571 1.3609e+07 1.3144e+07  3.42%  2861 58983s
 31407 16757 1.3573e+07  145 1553 1.3609e+07 1.3144e+07  3.42%  2861 59016s
 31408 16757 1.3164e+07   92 1574 1.3609e+07 1.3144e+07  3.42%  2861 59047s
 31409 16758 1.3286e+07  141 1536 1.3609e+07 1.3144e+07  3.42%  2861 59081s
 31410 16759 1.3338e+07  118 1545 1.3609e+07 1.3144e+07  3.42%  2861 59113s
 31411 16759 1.3336e+07  117 1571 1.3609e+07 1.3144e+07  3.42%  2861 59146s
H31411 15918                    1.360914e+07 1.3144e+07  3.42%  2861 59177s
 31413 15920 1.3259e+07  108 1544 1.3609e+07 1.3144e+07  3.42%  2861 59209s
 31414 15920 1.3171e+07   84 1559 1.3609e+07 1.3144e+07  3.42%  2861 59241s
 31415 15921 1.3390e+07  122 1565 1.3609e+07 1.3144e+07  3.42%  2860 59272s
 31416 15922 1.3491e+07  159 1572 1.3609e+07 1.3144e+07  3.42%  2860 59302s
 31417 15922 1.3182e+07   92 1503 1.3609e+07 1.3144e+07  3.42%  2860 59337s
 31418 15923 1.3282e+07  127 1535 1.3609e+07 1.3144e+07  3.42%  2860 59367s
 31419 15924 1.3243e+07  120 1476 1.3609e+07 1.3144e+07  3.42%  2860 59402s
 31420 15924 1.3248e+07   92 1524 1.3609e+07 1.3144e+07  3.42%  2860 59434s
 31421 15925 1.3455e+07  145 1494 1.3609e+07 1.3144e+07  3.42%  2860 59466s
 31422 15926 1.3178e+07   95 1526 1.3609e+07 1.3144e+07  3.42%  2860 59495s
 31423 15926 1.3423e+07  144 1524 1.3609e+07 1.3144e+07  3.42%  2860 59529s
 31424 15927 1.3151e+07   89 1538 1.3609e+07 1.3144e+07  3.42%  2860 59560s
 31425 15928 1.3410e+07  110 1540 1.3609e+07 1.3144e+07  3.42%  2860 59591s
 31426 15928 1.3148e+07   87 1564 1.3609e+07 1.3144e+07  3.42%  2859 59623s
 31427 15929 1.3485e+07  132 1529 1.3609e+07 1.3144e+07  3.42%  2859 59654s
 31428 15930 1.3238e+07  123 1534 1.3609e+07 1.3144e+07  3.42%  2859 59684s
 31429 15930 1.3541e+07  148 1587 1.3609e+07 1.3144e+07  3.42%  2859 59717s
 31431 15932 1.3156e+07   87 1616 1.3609e+07 1.3144e+07  3.42%  2859 59750s
 31432 15932 1.3557e+07  152 1551 1.3609e+07 1.3144e+07  3.42%  2859 59782s
 31433 15933 1.3495e+07  121 1602 1.3609e+07 1.3144e+07  3.42%  2859 59813s
 31434 15934 1.3342e+07  127 1517 1.3609e+07 1.3144e+07  3.42%  2859 59848s
 31435 15934 1.3277e+07  111 1533 1.3609e+07 1.3144e+07  3.42%  2859 59880s
 31436 15935 1.3539e+07  193 1520 1.3609e+07 1.3144e+07  3.42%  2859 59949s
 31437 15936 1.3260e+07  131 1533 1.3609e+07 1.3144e+07  3.42%  2858 59979s
 31438 15936 1.3531e+07  183 1541 1.3609e+07 1.3144e+07  3.42%  2858 60013s
 31439 15937 1.3441e+07  145 1576 1.3609e+07 1.3144e+07  3.42%  2858 60015s
 31440 15938 1.3211e+07  105 1595 1.3609e+07 1.3144e+07  3.42%  2858 60045s
 31441 15938 1.3242e+07   94 1622 1.3609e+07 1.3144e+07  3.42%  2858 60079s
 31442 15939 1.3220e+07  115 1616 1.3609e+07 1.3144e+07  3.42%  2858 60080s
 31443 15940 1.3177e+07   92 1622 1.3609e+07 1.3144e+07  3.42%  2858 60111s
 31444 15940 1.3204e+07   91 1623 1.3609e+07 1.3144e+07  3.42%  2858 60143s
 31446 15942 1.3157e+07   87 1607 1.3609e+07 1.3144e+07  3.42%  2858 60174s
 31447 15942 1.3240e+07  100 1601 1.3609e+07 1.3144e+07  3.42%  2858 60208s
 31448 15943 1.3179e+07   94 1595 1.3609e+07 1.3144e+07  3.42%  2857 60238s
 31449 15944 1.3308e+07  102 1562 1.3609e+07 1.3144e+07  3.42%  2857 60271s
 31450 15944 1.3433e+07  125 1598 1.3609e+07 1.3144e+07  3.42%  2857 60302s
 31451 15945 1.3536e+07  149 1616 1.3609e+07 1.3144e+07  3.42%  2857 60336s
 31452 15946 1.3460e+07  190 1616 1.3609e+07 1.3144e+07  3.42%  2857 60367s
 31453 15946 1.3206e+07  104 1569 1.3609e+07 1.3144e+07  3.42%  2857 60401s
 31454 15947 1.3406e+07  164 1603 1.3609e+07 1.3144e+07  3.42%  2857 60434s
 31455 15948 1.3487e+07  123 1599 1.3609e+07 1.3144e+07  3.42%  2857 60468s
 31456 15948 1.3249e+07  100 1600 1.3609e+07 1.3144e+07  3.42%  2857 60501s
 31457 15949 1.3328e+07  117 1624 1.3609e+07 1.3144e+07  3.42%  2857 60534s
 31458 15950 1.3155e+07   84 1608 1.3609e+07 1.3144e+07  3.42%  2857 60566s
 31459 15950 1.3406e+07  135 1611 1.3609e+07 1.3144e+07  3.42%  2856 60600s
 31460 15951 1.3361e+07  156 1622 1.3609e+07 1.3144e+07  3.42%  2856 60631s
 31461 15952 1.3489e+07  164 1600 1.3609e+07 1.3144e+07  3.42%  2856 60662s
 31462 15952 1.3200e+07   95 1601 1.3609e+07 1.3144e+07  3.42%  2856 60695s
 31463 15953 1.3466e+07  148 1550 1.3609e+07 1.3144e+07  3.42%  2856 60728s
 31464 15954 1.3534e+07  181 1591 1.3609e+07 1.3144e+07  3.42%  2856 60758s
 31465 15954 1.3425e+07  113 1556 1.3609e+07 1.3144e+07  3.42%  2856 60790s
 31466 15955 1.3317e+07  129 1576 1.3609e+07 1.3144e+07  3.42%  2856 60824s
 31467 15956 1.3183e+07   92 1572 1.3609e+07 1.3144e+07  3.42%  2856 60856s
 31468 15956 1.3214e+07  102 1567 1.3609e+07 1.3144e+07  3.42%  2856 60886s
 31469 15957 1.3197e+07  105 1577 1.3609e+07 1.3144e+07  3.42%  2856 60919s
 31470 15958 1.3167e+07   97 1585 1.3609e+07 1.3144e+07  3.42%  2855 60949s
 31471 15958 1.3201e+07   93 1600 1.3609e+07 1.3144e+07  3.42%  2855 60983s
 31473 15960 1.3606e+07  163 1595 1.3609e+07 1.3144e+07  3.42%  2855 61012s
 31474 15960 1.3292e+07  105 1531 1.3609e+07 1.3144e+07  3.42%  2855 61045s
 31475 15961 1.3471e+07  176 1563 1.3609e+07 1.3144e+07  3.42%  2855 61076s
 31476 15962 1.3180e+07   90 1561 1.3609e+07 1.3144e+07  3.42%  2855 61109s
 31477 15962 1.3232e+07  110 1565 1.3609e+07 1.3144e+07  3.42%  2855 61139s
 31478 15963 1.3522e+07  110 1532 1.3609e+07 1.3144e+07  3.42%  2855 61172s
 31479 15964 1.3540e+07  210 1577 1.3609e+07 1.3144e+07  3.42%  2855 61201s
 31480 15964 1.3498e+07  162 1544 1.3609e+07 1.3144e+07  3.42%  2855 61234s
 31481 15965 1.3230e+07   99 1568 1.3609e+07 1.3144e+07  3.42%  2854 61264s
H31481 15164                    1.360548e+07 1.3144e+07  3.39%  2854 61297s
 31482 15165 1.3273e+07   91 1519 1.3605e+07 1.3144e+07  3.39%  2854 61329s
 31483 15165 1.3445e+07  130 1550 1.3605e+07 1.3144e+07  3.39%  2854 61361s
 31484 15166 1.3562e+07  138 1571 1.3605e+07 1.3144e+07  3.39%  2854 61395s
 31485 15167 1.3163e+07   88 1573 1.3605e+07 1.3144e+07  3.39%  2854 61428s
 31486 15167 1.3517e+07  125 1540 1.3605e+07 1.3144e+07  3.39%  2854 61460s
 31487 15168 1.3333e+07  143 1561 1.3605e+07 1.3144e+07  3.39%  2854 61492s
H31487 14406                    1.360258e+07 1.3144e+07  3.37%  2854 61524s
 31489 14407 1.3539e+07  129 1535 1.3603e+07 1.3144e+07  3.37%  2854 61554s
 31490 14408 1.3258e+07  120 1551 1.3603e+07 1.3144e+07  3.37%  2854 61585s
 31491 14409 1.3267e+07  109 1547 1.3603e+07 1.3144e+07  3.37%  2854 61617s
 31492 14409 1.3327e+07   94 1558 1.3603e+07 1.3144e+07  3.37%  2853 61648s
 31493 14410 1.3151e+07   88 1548 1.3603e+07 1.3144e+07  3.37%  2853 61684s
 31494 14411 1.3317e+07  115 1548 1.3603e+07 1.3144e+07  3.37%  2853 61692s
H31494 13689                    1.360152e+07 1.3144e+07  3.37%  2866 61695s
 31495 13690 1.3144e+07   85 1558 1.3602e+07 1.3144e+07  3.37%  2866 61719s
 31497 13694 1.3144e+07   86 1567 1.3602e+07 1.3144e+07  3.37%  2866 61739s
 31501 13696 1.3144e+07   87 1646 1.3602e+07 1.3144e+07  3.37%  2867 61752s
 31505 13699 1.3144e+07   87 1534 1.3602e+07 1.3144e+07  3.37%  2868 61780s
 31509 13702 1.3144e+07   88 1506 1.3602e+07 1.3144e+07  3.37%  2869 61795s
 31513 13704 1.3144e+07   88 1659 1.3602e+07 1.3144e+07  3.37%  2870 61810s
 31517 13709 1.3144e+07   89 1519 1.3602e+07 1.3144e+07  3.37%  2871 61815s
 31523 13712 1.3144e+07   90 1463 1.3602e+07 1.3144e+07  3.37%  2871 61827s
 31528 13715 1.3144e+07   90 1520 1.3602e+07 1.3144e+07  3.37%  2871 61839s
 31533 13721 1.3144e+07   91 1482 1.3602e+07 1.3144e+07  3.37%  2871 61846s
 31540 13724 1.3147e+07   92 1391 1.3602e+07 1.3144e+07  3.37%  2871 61852s
 31546 13729 1.3144e+07   92 1458 1.3602e+07 1.3144e+07  3.37%  2871 61859s
 31553 13732 1.3144e+07   93 1497 1.3602e+07 1.3144e+07  3.37%  2871 61871s
 31558 13737 1.3144e+07   94 1479 1.3602e+07 1.3144e+07  3.37%  2871 61879s
 31565 13742 1.3156e+07   95 1465 1.3602e+07 1.3144e+07  3.37%  2871 61886s
 31572 13745 1.3171e+07   95 1455 1.3602e+07 1.3144e+07  3.37%  2872 61904s
 31577 13749 1.3161e+07   96 1497 1.3602e+07 1.3144e+07  3.37%  2872 61917s
 31583 13755 1.3156e+07   96 1456 1.3602e+07 1.3144e+07  3.37%  2873 61928s
 31591 13758 1.3162e+07   97 1461 1.3602e+07 1.3144e+07  3.37%  2873 61940s
 31597 13762 1.3172e+07   97 1423 1.3602e+07 1.3144e+07  3.37%  2873 61953s
 31603 13766 1.3164e+07   98 1424 1.3602e+07 1.3144e+07  3.37%  2874 61969s
 31609 13773 1.3164e+07   99 1443 1.3602e+07 1.3144e+07  3.37%  2874 61986s
 31618 13775 1.3169e+07  100 1415 1.3602e+07 1.3144e+07  3.37%  2875 62002s
 31623 13783 1.3164e+07  100 1451 1.3602e+07 1.3144e+07  3.37%  2875 62020s
 31632 13790 1.3168e+07  102 1409 1.3602e+07 1.3144e+07  3.37%  2876 62042s
 31642 13796 1.3171e+07  103 1422 1.3602e+07 1.3144e+07  3.37%  2877 62066s
 31652 13800 1.3171e+07  104 1410 1.3602e+07 1.3144e+07  3.37%  2878 62087s
 31659 13812 1.3191e+07  105 1386 1.3602e+07 1.3144e+07  3.37%  2879 62108s
 31673 13824 1.3201e+07  106 1316 1.3602e+07 1.3144e+07  3.37%  2879 62124s
 31690 13834 1.3207e+07  107 1303 1.3602e+07 1.3144e+07  3.37%  2879 62143s
 31706 13840 1.3214e+07  109 1385 1.3602e+07 1.3144e+07  3.37%  2878 62156s
 31717 13850 1.3220e+07  110 1352 1.3602e+07 1.3144e+07  3.37%  2879 62174s
 31731 13854 1.3259e+07  111 1357 1.3602e+07 1.3144e+07  3.37%  2879 62248s
 31739 13868 1.3256e+07  112 1329 1.3602e+07 1.3144e+07  3.37%  2879 62265s
 31756 13881 1.3261e+07  114 1313 1.3602e+07 1.3144e+07  3.37%  2879 62287s
 31775 13880 1.3269e+07  116 1287 1.3602e+07 1.3144e+07  3.37%  2880 62475s
H31777 13191                    1.359829e+07 1.3144e+07  3.34%  2880 62475s
 31780 13207 1.3291e+07  117 1276 1.3598e+07 1.3144e+07  3.34%  2880 62494s
 31797 13220 1.3278e+07  120 1270 1.3598e+07 1.3144e+07  3.34%  2880 62519s
 31815 13219 1.3286e+07  123 1245 1.3598e+07 1.3144e+07  3.34%  2881 62820s
H31819 12563                    1.359472e+07 1.3144e+07  3.32%  2881 62820s
 31820 12590 1.3286e+07  124 1240 1.3595e+07 1.3144e+07  3.32%  2881 62841s
H31847 11966                    1.359313e+07 1.3144e+07  3.31%  2881 62909s
 31853 11993 1.3291e+07  128 1243 1.3593e+07 1.3144e+07  3.31%  2881 62961s
 31882 12014 1.3293e+07  131 1253 1.3593e+07 1.3144e+07  3.31%  2882 62986s
 31913 12040 1.3293e+07  134 1251 1.3593e+07 1.3144e+07  3.31%  2882 63009s
 31949 12071 1.3330e+07  136 1163 1.3593e+07 1.3144e+07  3.31%  2881 63033s
 31992 12111 1.3347e+07  139 1181 1.3593e+07 1.3144e+07  3.31%  2880 63058s
 32058 12117 1.3357e+07  143 1090 1.3593e+07 1.3144e+07  3.31%  2877 63099s
 32113 12127 1.3378e+07  145 1142 1.3593e+07 1.3144e+07  3.31%  2875 63128s
 32143 12145 1.3481e+07  148 1081 1.3593e+07 1.3144e+07  3.31%  2875 63156s
 32189 12144 1.3433e+07  150 1053 1.3593e+07 1.3144e+07  3.31%  2874 63184s
 32205 12161 1.3446e+07  152 1007 1.3593e+07 1.3144e+07  3.31%  2875 63216s
 32227 12182 1.3463e+07  155  993 1.3593e+07 1.3144e+07  3.31%  2876 63249s
 32257 12197 1.3480e+07  158 1013 1.3593e+07 1.3144e+07  3.31%  2876 63280s
 32287 12219 infeasible  163      1.3593e+07 1.3144e+07  3.31%  2876 63324s
 32333 12216 1.3146e+07   91 1556 1.3593e+07 1.3144e+07  3.31%  2876 63644s
 32349 12223 1.3156e+07   97 1419 1.3593e+07 1.3144e+07  3.31%  2876 63686s
 32375 12245 1.3167e+07  102 1451 1.3593e+07 1.3144e+07  3.31%  2876 63727s
 32412 12276 1.3201e+07  110 1360 1.3593e+07 1.3144e+07  3.31%  2877 63774s
 32457 12310 1.3320e+07  121 1205 1.3593e+07 1.3144e+07  3.31%  2876 63819s
 32508 12340 1.3381e+07  132 1055 1.3593e+07 1.3144e+07  3.31%  2876 63877s
 32569 12348 1.3521e+07  150  927 1.3593e+07 1.3144e+07  3.31%  2876 63931s
 32624 12365 1.3144e+07   89 1423 1.3593e+07 1.3144e+07  3.31%  2876 63976s
 32666 12380 1.3161e+07   96 1454 1.3593e+07 1.3144e+07  3.31%  2877 64028s
 32708 12417 1.3235e+07  105 1323 1.3593e+07 1.3144e+07  3.31%  2878 64079s
 32759 12468 1.3266e+07  114 1307 1.3593e+07 1.3144e+07  3.31%  2878 64130s
 32834 12474 1.3292e+07  121 1211 1.3593e+07 1.3144e+07  3.31%  2876 64198s
H32866 11872                    1.358748e+07 1.3144e+07  3.27%  2876 64199s
 32903 11902 1.3313e+07  124 1211 1.3587e+07 1.3144e+07  3.27%  2875 64261s
 32945 11966 1.3339e+07  130 1128 1.3587e+07 1.3144e+07  3.27%  2875 64324s
 33039 11995 1.3392e+07  152 1087 1.3587e+07 1.3144e+07  3.27%  2872 64394s
 33115 12054 1.3451e+07  165  948 1.3587e+07 1.3144e+07  3.27%  2872 64465s
 33211 12083 1.3475e+07  169  939 1.3587e+07 1.3144e+07  3.27%  2870 64557s
 33290 12119 1.3145e+07   89 1476 1.3587e+07 1.3144e+07  3.27%  2871 64633s
H33365 11547                    1.357794e+07 1.3144e+07  3.20%  2870 64777s
H33372 11011                    1.357236e+07 1.3144e+07  3.16%  2870 64777s
 33395 11071 1.3198e+07  106 1365 1.3572e+07 1.3144e+07  3.16%  2872 64853s
 33475 11132 1.3244e+07  121 1362 1.3572e+07 1.3144e+07  3.16%  2871 64952s
 33572 11169 1.3301e+07  146 1248 1.3572e+07 1.3144e+07  3.16%  2870 65034s
 33665 11239 1.3188e+07   94 1453 1.3572e+07 1.3144e+07  3.16%  2870 65125s
 33766 11302 1.3251e+07  109 1412 1.3572e+07 1.3144e+07  3.16%  2868 65213s
H33874 10766                    1.357127e+07 1.3144e+07  3.15%  2868 65467s
H33887 10276                    1.356624e+07 1.3144e+07  3.11%  2869 65467s
 33900 10313 1.3170e+07   93 1437 1.3566e+07 1.3144e+07  3.11%  2869 65562s
 33964 10403 1.3371e+07  107 1268 1.3566e+07 1.3144e+07  3.11%  2870 65665s
 34079 10453 1.3558e+07  140  985 1.3566e+07 1.3144e+07  3.11%  2869 65765s
 34190 10510 1.3182e+07  105 1321 1.3566e+07 1.3144e+07  3.11%  2869 65873s
 34290 10606 1.3359e+07  136 1202 1.3566e+07 1.3144e+07  3.11%  2870 65985s
 34452 10607 1.3553e+07  190  885 1.3566e+07 1.3144e+07  3.11%  2867 66117s
 34574 10672 1.3334e+07  119 1218 1.3566e+07 1.3144e+07  3.11%  2869 66240s
 34700 10754 1.3208e+07  103 1401 1.3566e+07 1.3144e+07  3.11%  2869 66392s
 34896 10777 1.3145e+07   95 1471 1.3566e+07 1.3144e+07  3.11%  2864 66524s
 34984 10769 1.3233e+07  119 1368 1.3566e+07 1.3144e+07  3.11%  2865 66715s
H35001 10305                    1.356531e+07 1.3144e+07  3.11%  2865 66715s
 35006 10493 1.3243e+07  120 1392 1.3565e+07 1.3144e+07  3.11%  2865 66869s
 35230 10560 1.3161e+07   97 1439 1.3565e+07 1.3144e+07  3.11%  2859 67011s
 35395 10586 1.3394e+07  132 1173 1.3565e+07 1.3144e+07  3.11%  2858 67165s
 35516 10716 1.3162e+07   94 1404 1.3565e+07 1.3144e+07  3.11%  2858 67328s
 35686 10846 1.3236e+07  118 1255 1.3565e+07 1.3144e+07  3.11%  2857 67491s
 35873 10945 1.3351e+07  154  990 1.3565e+07 1.3144e+07  3.11%  2858 67659s
 35914 10931 1.3374e+07  143 1062 1.3565e+07 1.3144e+07  3.11%  2859 67660s
 36072 10958 1.3428e+07  165  838 1.3565e+07 1.3144e+07  3.11%  2857 68151s
 36152 11083 1.3427e+07  164  871 1.3565e+07 1.3144e+07  3.11%  2857 68337s
 36355 11139 1.3194e+07   96 1419 1.3565e+07 1.3144e+07  3.11%  2858 68508s
 36491 11278 1.3447e+07  125 1110 1.3565e+07 1.3144e+07  3.10%  2857 68711s
 36701 11527 1.3240e+07  120 1315 1.3565e+07 1.3144e+07  3.10%  2858 68926s
 37053 11618 1.3440e+07  172  755 1.3565e+07 1.3145e+07  3.10%  2849 69142s
 37314 11691 1.3246e+07  102 1423 1.3565e+07 1.3145e+07  3.10%  2845 69426s
 37512 11846 1.3205e+07  119 1476 1.3565e+07 1.3145e+07  3.09%  2846 69669s
 37786 12033 1.3265e+07  131 1344 1.3565e+07 1.3146e+07  3.09%  2845 69941s
 38116 12145 1.3406e+07  120 1213 1.3565e+07 1.3146e+07  3.09%  2841 70210s
 38381 12321 1.3218e+07  100 1398 1.3565e+07 1.3146e+07  3.09%  2843 70494s
 38681 12526 1.3179e+07  108 1388 1.3565e+07 1.3146e+07  3.09%  2838 70799s
 39063 12630 1.3529e+07  138  976 1.3565e+07 1.3147e+07  3.09%  2834 71265s
 39328 12823 1.3244e+07  119 1225 1.3565e+07 1.3147e+07  3.09%  2831 71561s
 39624 12728 1.3449e+07  174  848 1.3565e+07 1.3147e+07  3.09%  2825 72056s
 39633 13046 1.3464e+07  173  789 1.3565e+07 1.3147e+07  3.08%  2825 72389s
 39838 12977 1.3500e+07  142  837 1.3565e+07 1.3147e+07  3.08%  2825 72390s
 40070 13208 1.3480e+07  130 1145 1.3565e+07 1.3147e+07  3.08%  2821 72731s
 40426 13518 1.3281e+07  110 1215 1.3565e+07 1.3147e+07  3.08%  2821 73099s
 40884 13775 1.3527e+07  151 1125 1.3565e+07 1.3147e+07  3.08%  2820 73487s
 41439 13987 1.3464e+07  115 1226 1.3565e+07 1.3148e+07  3.08%  2814 73881s
 41964 14234 1.3261e+07  105 1349 1.3565e+07 1.3148e+07  3.08%  2809 74327s
 42504 14473 1.3256e+07  120 1399 1.3565e+07 1.3149e+07  3.07%  2806 74687s
 43006 14615 1.3165e+07  100 1439 1.3565e+07 1.3149e+07  3.07%  2799 75001s
 43426 14713 1.3207e+07   95 1452 1.3565e+07 1.3149e+07  3.07%  2795 75306s
 43708 14987 1.3333e+07  118 1254 1.3565e+07 1.3149e+07  3.07%  2800 75652s
 44170 15076 1.3191e+07   96 1377 1.3565e+07 1.3150e+07  3.06%  2797 76041s
 44470 15334 1.3200e+07  111 1224 1.3565e+07 1.3150e+07  3.06%  2796 76421s
 44878 15569 1.3476e+07  129  964 1.3565e+07 1.3150e+07  3.06%  2798 76789s
 45345 15811 1.3414e+07  114 1131 1.3565e+07 1.3150e+07  3.06%  2797 77166s
 45848 15948 1.3176e+07   92 1343 1.3565e+07 1.3151e+07  3.06%  2792 77509s
 46231 16267 1.3177e+07  106 1351 1.3565e+07 1.3151e+07  3.05%  2790 77869s
 46756 16493 1.3395e+07  135  895 1.3565e+07 1.3151e+07  3.05%  2783 78219s
 47261 16774 1.3238e+07  119 1235 1.3565e+07 1.3152e+07  3.05%  2778 78576s
 47808 16966 1.3252e+07  117 1251 1.3565e+07 1.3152e+07  3.05%  2771 78916s
 48275 16952 1.3179e+07  100 1355 1.3565e+07 1.3152e+07  3.05%  2766 79412s
 48435 17350 1.3236e+07  122 1242 1.3565e+07 1.3152e+07  3.05%  2766 79779s
 49036 17563 1.3204e+07   99 1522 1.3565e+07 1.3153e+07  3.04%  2761 80232s
 49532 17850 1.3307e+07  126 1272 1.3565e+07 1.3153e+07  3.04%  2755 80582s
 50080 18166     cutoff  123      1.3565e+07 1.3153e+07  3.04%  2754 80926s
 50697 18372     cutoff  163      1.3565e+07 1.3153e+07  3.04%  2748 81249s
 51282 18615     cutoff  127      1.3565e+07 1.3153e+07  3.04%  2745 81584s
 51817 18968 1.3212e+07  106 1344 1.3565e+07 1.3154e+07  3.03%  2741 81918s
 52492 19246 1.3177e+07   95 1406 1.3565e+07 1.3154e+07  3.03%  2736 82306s
 53126 19463 1.3203e+07  101 1322 1.3565e+07 1.3154e+07  3.03%  2732 82575s
 53643 19718 1.3268e+07  132 1298 1.3565e+07 1.3154e+07  3.03%  2727 82825s
 54147 19948 1.3181e+07  101 1436 1.3565e+07 1.3154e+07  3.03%  2720 83066s
 54644 20200 1.3258e+07  134 1228 1.3565e+07 1.3155e+07  3.03%  2714 83305s
 55140 20409 1.3178e+07  101 1377 1.3565e+07 1.3155e+07  3.03%  2708 83542s
 55577 20774 1.3172e+07  107 1273 1.3565e+07 1.3155e+07  3.03%  2704 83789s
 56190 20862 1.3176e+07   96 1396 1.3565e+07 1.3155e+07  3.02%  2693 84012s
 56531 21236 1.3208e+07  102 1408 1.3565e+07 1.3155e+07  3.02%  2693 84247s
 57123 21355 1.3288e+07  128 1283 1.3565e+07 1.3156e+07  3.02%  2683 84476s
 57515 21751 1.3172e+07   99 1359 1.3565e+07 1.3156e+07  3.02%  2681 84706s
 58062 22111 1.3358e+07  166 1114 1.3565e+07 1.3156e+07  3.02%  2673 84943s
 58502 22588 1.3186e+07  100 1331 1.3565e+07 1.3156e+07  3.02%  2668 85150s
 59056 22991 1.3256e+07  105 1201 1.3565e+07 1.3156e+07  3.02%  2660 85355s
 59517 23451 1.3283e+07  118 1178 1.3565e+07 1.3156e+07  3.02%  2654 85568s
 60091 23756 1.3170e+07  107 1406 1.3565e+07 1.3156e+07  3.02%  2647 85769s
 60440 24075 1.3485e+07  144  965 1.3565e+07 1.3156e+07  3.02%  2647 85972s
 60913 24243 1.3200e+07  105 1455 1.3565e+07 1.3156e+07  3.01%  2642 86248s
 61085 24337 1.3411e+07  131 1027 1.3565e+07 1.3156e+07  3.01%  2642 86296s

Cutting planes:
  Gomory: 16
  Cover: 15
  Implied bound: 2040
  Projected implied bound: 159
  Clique: 6
  MIR: 1340
  StrongCG: 1
  Flow cover: 5845
  Flow path: 1
  Inf proof: 5
  Zero half: 49
  RLT: 383
  Relax-and-lift: 1581

Explored 61242 nodes (161960116 simplex iterations) in 86296.60 seconds (142283.66 work units)
Thread count was 4 (of 128 available processors)

Solution count 10: 1.35653e+07 1.35662e+07 1.35713e+07 ... 1.36091e+07

Time limit reached
Best objective 1.356531499973e+07, best bound 1.315633586289e+07, gap 3.0149%

Solving took 	23:58:16.600
####################################################################################################
####################################################################################################
####################################################################################################
Reached timelimit, but could find a feasible solution
####################################################################################################
Description                          Value
----------------------------  ------------
Objective (min)               13,565,315.0
Cost sailing                   5,976,736.0
Cost port visits              10,120,556.0
Cost transshipment (demands)      96,232.0
Cost transshipment (empties)      17,805.0
Penalty delayed demands          270,249.0
Revenue Empties                2,916,263.0
Penalty rejected demands               0.0
Rejected demands (%)                   0.0
Omitted ports (%)                      0.0
Gap (%)                               3.01
####################################################################################################
Export solution
####################################################################################################
Overall time 	23:58:19.362

real	1438m20.715s
user	4887m45.486s
sys	1m2.008s
finished at Sat Mar 18 08:49:11 CET 2023
