cpu-bind=MASK - n2lcn0122, task  0  0 [3442848]: mask |--------|--------||--------|--------||--------|--------||--------|--------||||--------|--------||--------|--------||--------|--------||BBBB----|--------|  set
started at Thu Mar 16 14:57:41 CET 2023
Timecheck 9938801.580303555
Set parameter TokenServer to value "license3.uni-paderborn.de"
Warning: Gurobi version mismatch between Python 10.0.1 and C library 10.0.0
Timecheck 9938801.59551338
Timecheck 9938801.595725508
Timecheck 9938801.595757348
Timecheck 9938801.59577854


####################################################################################################
Solve scenario sce_3_26_2 with free vessel operation using the arc flow model
Vessels can omit ports, Demands can be rejected
####################################################################################################
Data preprocessing, load /upb/departments/pc2/groups/hpc-prf-winf4/dwetzel/SILSRP/inst_final/sce_3_26_2
and create additional sets and parameters
	|- Read vessel information, number of vessels:	5
	|- Read node information, number of nodes:		292
	|- Read arc information
		|- Number of sailing arcs:			895
		|- Number of transshipment arcs:	428
	|- Read container information
		|- Number of demands:		361
		|- Number of empties (+/-):	97/115
	|- Create additional sets and parameters

Data preprocessing took 	00:00:00.088
####################################################################################################
Create linear model
Set parameter Threads to value 4
	|- Create variables, took	00:00:00.075
	|- Create objective, took	00:00:00.081
	|- Create constraints, took	00:00:00.398
	|- Load CVO start

Creating model took	00:00:00.558
####################################################################################################
Fix start solution

Set parameter TimeLimit to value 8.6399431168096140e+04
Gurobi Optimizer version 10.0.0 build v10.0.0rc2 (linux64)

CPU model: AMD EPYC 7763 64-Core Processor, instruction set [SSE2|AVX|AVX2]
Thread count: 128 physical cores, 128 logical processors, using up to 4 threads

Optimize a model with 10035 rows, 24337 columns and 90679 nonzeros
Model fingerprint: 0x6cee7a21
Variable types: 19215 continuous, 5122 integer (5122 binary)
Coefficient statistics:
  Matrix range     [1e+00, 6e+05]
  Objective range  [1e+00, 1e+00]
  Bounds range     [1e+00, 7e+02]
  RHS range        [1e+00, 4e+07]
Found heuristic solution: objective 5.216982e+07
Presolve removed 9025 rows and 22477 columns
Presolve time: 0.05s
Presolved: 1010 rows, 1860 columns, 5999 nonzeros
Found heuristic solution: objective 1.584549e+07
Variable types: 1593 continuous, 267 integer (267 binary)

Root relaxation: objective 1.204950e+07, 456 iterations, 0.00 seconds (0.00 work units)

    Nodes    |    Current Node    |     Objective Bounds      |     Work
 Expl Unexpl |  Obj  Depth IntInf | Incumbent    BestBd   Gap | It/Node Time

*    0     0               0    1.204950e+07 1.2050e+07  0.00%     -    0s

Explored 1 nodes (456 simplex iterations) in 0.06 seconds (0.05 work units)
Thread count was 4 (of 128 available processors)

Solution count 3: 1.20495e+07 1.58455e+07 5.21698e+07 

Optimal solution found (tolerance 1.00e-04)
Best objective 1.204950333333e+07, best bound 1.204950333333e+07, gap 0.0000%

Fixing start solution took	00:00:00.636
####################################################################################################
####################################################################################################
Solve optimization model

Set parameter TimeLimit to value 8.6399364038584754e+04
Gurobi Optimizer version 10.0.0 build v10.0.0rc2 (linux64)

CPU model: AMD EPYC 7763 64-Core Processor, instruction set [SSE2|AVX|AVX2]
Thread count: 128 physical cores, 128 logical processors, using up to 4 threads

Optimize a model with 9744 rows, 24337 columns and 90388 nonzeros
Model fingerprint: 0xd0b29985
Variable types: 19215 continuous, 5122 integer (5122 binary)
Coefficient statistics:
  Matrix range     [1e+00, 6e+05]
  Objective range  [1e+00, 1e+00]
  Bounds range     [1e+00, 7e+02]
  RHS range        [1e+00, 4e+07]

MIP start from previous solve produced solution with objective 1.20495e+07 (0.04s)
Loaded MIP start from previous solve with objective 1.20495e+07

Presolve removed 2009 rows and 2059 columns
Presolve time: 0.17s
Presolved: 7735 rows, 22278 columns, 69611 nonzeros
Variable types: 17807 continuous, 4471 integer (4471 binary)

Root relaxation: objective 7.175159e+06, 22111 iterations, 3.16 seconds (2.94 work units)

    Nodes    |    Current Node    |     Objective Bounds      |     Work
 Expl Unexpl |  Obj  Depth IntInf | Incumbent    BestBd   Gap | It/Node Time

     0     0 7175159.36    0  984 1.2050e+07 7175159.36  40.5%     -    3s
H    0     0                    1.192800e+07 7175159.36  39.8%     -    3s
     0     0 7616015.75    0 1182 1.1928e+07 7616015.75  36.2%     -    9s
     0     0 7668896.86    0 1126 1.1928e+07 7668896.86  35.7%     -   12s
     0     0 7676024.61    0 1193 1.1928e+07 7676024.61  35.6%     -   14s
     0     0 7676339.21    0 1163 1.1928e+07 7676339.21  35.6%     -   14s
     0     0 7676339.65    0 1173 1.1928e+07 7676339.65  35.6%     -   14s
H    0     0                    1.169155e+07 7840595.51  32.9%     -   28s
     0     0 7840595.51    0 1222 1.1692e+07 7840595.51  32.9%     -   33s
H    0     0                    1.167104e+07 7875315.32  32.5%     -   41s
H    0     0                    1.165500e+07 7875315.32  32.4%     -   41s
H    0     0                    1.160495e+07 7875315.32  32.1%     -   41s
H    0     0                    1.158057e+07 7875315.32  32.0%     -   41s
H    0     0                    1.152019e+07 7875315.32  31.6%     -   41s
H    0     0                    1.148029e+07 7875315.32  31.4%     -   41s
     0     0 7875315.32    0 1234 1.1480e+07 7875315.32  31.4%     -   41s
     0     0 7890218.93    0 1274 1.1480e+07 7890218.93  31.3%     -   49s
H    0     0                    1.146652e+07 7895337.47  31.1%     -   53s
H    0     0                    1.140627e+07 7895337.47  30.8%     -   53s
     0     0 7895337.47    0 1287 1.1406e+07 7895337.47  30.8%     -   53s
H    0     0                    1.132703e+07 7896587.14  30.3%     -   56s
     0     0 7896587.14    0 1250 1.1327e+07 7896587.14  30.3%     -   56s
     0     0 7896751.61    0 1262 1.1327e+07 7896751.61  30.3%     -   56s
H    0     0                    1.128891e+07 7963923.98  29.5%     -   75s
H    0     0                    1.121661e+07 7963923.98  29.0%     -   75s
H    0     0                    1.108090e+07 7963923.98  28.1%     -   75s
H    0     0                    1.105658e+07 7963923.98  28.0%     -   75s
H    0     0                    1.101179e+07 7963923.98  27.7%     -   75s
H    0     0                    1.100328e+07 7963923.98  27.6%     -   75s
H    0     0                    1.096262e+07 7963923.98  27.4%     -   75s
H    0     0                    1.075823e+07 7963923.98  26.0%     -   75s
     0     0 7963923.98    0 1298 1.0758e+07 7963923.98  26.0%     -   75s
H    0     0                    1.075320e+07 7989960.09  25.7%     -   89s
H    0     0                    1.073108e+07 7989960.09  25.5%     -   89s
H    0     0                    1.064770e+07 7989960.09  25.0%     -   89s
H    0     0                    1.063876e+07 7989960.09  24.9%     -   89s
H    0     0                    9504870.0000 7989960.09  15.9%     -   89s
     0     0 7989960.09    0 1279 9504870.00 7989960.09  15.9%     -   89s
     0     0 8000360.10    0 1291 9504870.00 8000360.10  15.8%     -   95s
     0     0 8000360.10    0 1300 9504870.00 8000360.10  15.8%     -   95s
     0     0 8004762.96    0 1354 9504870.00 8004762.96  15.8%     -   99s
     0     0 8005585.57    0 1348 9504870.00 8005585.57  15.8%     -  101s
     0     0 8005585.57    0 1350 9504870.00 8005585.57  15.8%     -  101s
     0     0 8005875.87    0 1380 9504870.00 8005875.87  15.8%     -  103s
     0     0 8005875.87    0 1389 9504870.00 8005875.87  15.8%     -  104s
     0     0 8006000.57    0 1374 9504870.00 8006000.57  15.8%     -  105s
H    0     0                    9326556.0000 8054930.48  13.6%     -  120s
     0     0 8054930.48    0 1329 9326556.00 8054930.48  13.6%     -  120s
H    0     0                    9302463.0000 8054930.48  13.4%     -  120s
H    0     0                    9275804.0000 8073143.43  13.0%     -  132s
     0     0 8073143.43    0 1333 9275804.00 8073143.43  13.0%     -  132s
     0     0 8086503.93    0 1356 9275804.00 8086503.93  12.8%     -  142s
     0     0 8086503.93    0 1344 9275804.00 8086503.93  12.8%     -  142s
     0     0 8088230.02    0 1328 9275804.00 8088230.02  12.8%     -  147s
     0     0 8088230.02    0 1334 9275804.00 8088230.02  12.8%     -  150s
     0     0 8089127.00    0 1359 9275804.00 8089127.00  12.8%     -  152s
     0     0 8089127.00    0 1353 9275804.00 8089127.00  12.8%     -  155s
     0     0 8089387.51    0 1358 9275804.00 8089387.51  12.8%     -  157s
     0     0 8089387.51    0 1386 9275804.00 8089387.51  12.8%     -  163s
     0     0 8121570.28    0 1286 9275804.00 8121570.28  12.4%     -  181s
H    0     0                    9269892.0000 8148171.94  12.1%     -  193s
H    0     0                    9269004.0000 8148171.94  12.1%     -  193s
     0     0 8148171.94    0 1313 9269004.00 8148171.94  12.1%     -  195s
     0     0 8153437.90    0 1318 9269004.00 8153437.90  12.0%     -  200s
     0     0 8155992.43    0 1266 9269004.00 8155992.43  12.0%     -  206s
     0     0 8156645.67    0 1295 9269004.00 8156645.67  12.0%     -  210s
     0     0 8156645.67    0 1243 9269004.00 8156645.67  12.0%     -  216s
     0     0 8156769.09    0 1236 9269004.00 8156769.09  12.0%     -  217s
     0     0 8175982.02    0 1271 9269004.00 8175982.02  11.8%     -  233s
H    0     0                    9233633.0000 8183122.57  11.4%     -  243s
H    0     0                    9199732.0000 8183122.57  11.1%     -  243s
     0     0 8183122.57    0 1243 9199732.00 8183122.57  11.1%     -  243s
     0     0 8186078.12    0 1322 9199732.00 8186078.12  11.0%     -  248s
     0     0 8186078.12    0 1316 9199732.00 8186078.12  11.0%     -  249s
     0     0 8187717.68    0 1331 9199732.00 8187717.68  11.0%     -  253s
     0     0 8188441.09    0 1289 9199732.00 8188441.09  11.0%     -  256s
     0     0 8188722.93    0 1311 9199732.00 8188722.93  11.0%     -  257s
     0     0 8197083.02    0 1186 9199732.00 8197083.02  10.9%     -  267s
     0     0 8208705.05    0 1220 9199732.00 8208705.05  10.8%     -  283s
     0     0 8210156.40    0 1261 9199732.00 8210156.40  10.8%     -  287s
     0     0 8211042.22    0 1195 9199732.00 8211042.22  10.7%     -  291s
     0     0 8211407.91    0 1242 9199732.00 8211407.91  10.7%     -  294s
     0     0 8211407.91    0 1230 9199732.00 8211407.91  10.7%     -  295s
     0     0 8222583.67    0 1260 9199732.00 8222583.67  10.6%     -  304s
     0     0 8222583.67    0 1239 9199732.00 8222583.67  10.6%     -  310s
H    0     0                    9198269.3333 8222583.67  10.6%     -  319s
     0     0 8226036.30    0 1269 9198269.33 8226036.30  10.6%     -  326s
     0     0 8226036.30    0 1269 9198269.33 8226036.30  10.6%     -  326s
     0     0 8227713.42    0 1265 9198269.33 8227713.42  10.6%     -  332s
     0     0 8228398.90    0 1287 9198269.33 8228398.90  10.5%     -  335s
     0     0 8228584.23    0 1277 9198269.33 8228584.23  10.5%     -  336s
H    0     0                    9198134.0000 8239173.05  10.4%     -  349s
H    0     0                    9191000.0000 8239173.05  10.4%     -  349s
     0     0 8239173.05    0 1240 9191000.00 8239173.05  10.4%     -  349s
     0     0 8241325.02    0 1254 9191000.00 8241325.02  10.3%     -  355s
     0     0 8241325.02    0 1214 9191000.00 8241325.02  10.3%     -  362s
     0     0 8242237.75    0 1277 9191000.00 8242237.75  10.3%     -  366s
     0     0 8242237.75    0 1288 9191000.00 8242237.75  10.3%     -  373s
     0     0 8242585.72    0 1236 9191000.00 8242585.72  10.3%     -  375s
     0     0 8247167.69    0 1229 9191000.00 8247167.69  10.3%     -  387s
     0     0 8249310.77    0 1234 9191000.00 8249310.77  10.2%     -  396s
     0     0 8249310.77    0 1246 9191000.00 8249310.77  10.2%     -  396s
     0     0 8250068.69    0 1224 9191000.00 8250068.69  10.2%     -  399s
     0     0 8250394.81    0 1243 9191000.00 8250394.81  10.2%     -  402s
     0     0 8252437.27    0 1272 9191000.00 8252437.27  10.2%     -  409s
     0     0 8252437.27    0 1232 9191000.00 8252437.27  10.2%     -  418s
     0     0 8252437.27    0 1229 9191000.00 8252437.27  10.2%     -  418s
H    0     0                    9041248.0000 8252437.27  8.72%     -  444s
H    0     0                    9041078.0000 8252437.27  8.72%     -  447s
     0     2 8252437.27    0 1229 9041078.00 8252437.27  8.72%     -  448s
     1     4 8261685.13    1 1200 9041078.00 8252443.75  8.72% 11027  457s
     3     8 8263479.43    2 1270 9041078.00 8255054.36  8.69%  7130  478s
     7    12 8283922.23    3 1250 9041078.00 8259877.61  8.64% 11206  492s
    11    16 8279569.92    3 1218 9041078.00 8260047.56  8.64% 11008  508s
    15    20 8279569.92    4 1216 9041078.00 8266697.19  8.57% 10630  510s
    23    29 8291268.92    5 1192 9041078.00 8272083.08  8.51%  9345  518s
    28    36 8316794.94    6 1230 9041078.00 8272083.08  8.51%  8362  527s
    35    41 8293872.63    6 1194 9041078.00 8272083.08  8.51%  7455  531s
    40    46 8293981.79    7 1201 9041078.00 8272083.08  8.51%  6990  545s
    45    50 8295173.08    9 1135 9041078.00 8272083.08  8.51%  7063  561s
    49    58 8298466.26   10 1153 9041078.00 8272083.08  8.51%  6822  566s
    57    66 8308297.86   12 1152 9041078.00 8272083.08  8.51%  6505  579s
    65    78 8329086.79   12 1160 9041078.00 8272083.08  8.51%  5981  582s
H   74    78                    8977284.0000 8272083.08  7.86%  5427  582s
    77    89 8321597.01   15 1124 8977284.00 8272083.08  7.86%  5291  587s
    88   101 8330284.23   19 1108 8977284.00 8272083.08  7.86%  4852  592s
H  100   101                    8975864.0000 8272083.08  7.84%  4412  592s
   102   108 8377129.57   21 1062 8975864.00 8272083.08  7.84%  4443  601s
   109   118 8331549.62   21 1075 8975864.00 8272083.08  7.84%  4313  612s
   119   133 8331995.35   23 1088 8975864.00 8272083.08  7.84%  4118  617s
   134   146 8333259.04   25 1099 8975864.00 8272083.08  7.84%  3816  624s
   147   172 8333330.95   26 1136 8975864.00 8272083.08  7.84%  3619  629s
   173   184 8354503.62   33 1107 8975864.00 8272083.08  7.84%  3218  635s
   185   207 8573930.32   37 1080 8975864.00 8272083.08  7.84%  3144  641s
   238   269 8361715.19   39 1126 8975864.00 8272083.08  7.84%  2593  651s
   270   295 8367037.30   44 1115 8975864.00 8272083.08  7.84%  2364  658s
   296   317 8390486.78   52 1082 8975864.00 8272083.08  7.84%  2228  667s
   320   337 8381517.23   60 1082 8975864.00 8272083.08  7.84%  2116  675s
   340   364 8492867.25   68 1060 8975864.00 8272083.08  7.84%  2070  684s
   367   386 8382566.77   71 1083 8975864.00 8272083.08  7.84%  1975  691s
   389   417 8392354.21   72 1086 8975864.00 8272083.08  7.84%  1925  702s
   420   442 8395079.81   78 1031 8975864.00 8272083.08  7.84%  1845  711s
   445   467 8405096.05   80  991 8975864.00 8272083.08  7.84%  1805  723s
   474   499 8405373.99   94  995 8975864.00 8272083.08  7.84%  1756  734s
   508   529 8418435.12   98  980 8975864.00 8272083.08  7.84%  1700  747s
   538   549 8421722.21  102  986 8975864.00 8272083.08  7.84%  1672  758s
   558   579 8423594.23  105  955 8975864.00 8272083.08  7.84%  1665  771s
   588   634 8480814.39  109  964 8975864.00 8272083.08  7.84%  1635  783s
   643   687 8428507.75  113  959 8975864.00 8272083.08  7.84%  1542  994s
   696   723 8551506.38  126  959 8975864.00 8272083.08  7.84%  1469 1011s
   732   776 8562461.64  132  960 8975864.00 8272083.08  7.84%  1440 1026s
   785   812 8569840.91  145  939 8975864.00 8272083.08  7.84%  1388 1042s
   821   857 8573978.89  154  916 8975864.00 8272083.08  7.84%  1385 1059s
   866   902 8600860.56  164  944 8975864.00 8272083.08  7.84%  1371 1078s
   911   959 8627217.11  175  921 8975864.00 8272083.08  7.84%  1362 1095s
   969  1010 8628696.50  184  922 8975864.00 8272083.08  7.84%  1336 1114s
  1022  1078 8649194.39  196  903 8975864.00 8272083.08  7.84%  1323 1134s
  1094  1148 infeasible  201      8975864.00 8272083.08  7.84%  1287 1153s
  1170  1231 8820837.55  214  850 8975864.00 8272083.08  7.84%  1250 1173s
  1253  1311 8828347.15  230  837 8975864.00 8272083.08  7.84%  1209 1193s
  1335  1374 8844785.48  249  830 8975864.00 8272083.08  7.84%  1184 1217s
  1402  1466 8858593.21  256  785 8975864.00 8272083.08  7.84%  1175 1243s
H 1403  1465                    8914260.0000 8272083.08  7.20%  1174 1243s
  1496  1522 8898740.28  265  761 8914260.00 8272083.08  7.20%  1153 1263s
  1555  1614 8908766.02  277  743 8914260.00 8272083.08  7.20%  1196 1286s
  1656  1709     cutoff  279      8914260.00 8275888.41  7.16%  1202 1311s
  1754  1791 8337248.10   10 1133 8914260.00 8275888.41  7.16%  1192 1323s
  1836  1922 8348268.27   14 1112 8914260.00 8275888.41  7.16%  1208 1338s
  1967  2005 8371997.62   24 1118 8914260.00 8275888.41  7.16%  1189 1360s
H 1980  2005                    8908313.0000 8275888.41  7.10%  1203 1360s
  2054  2119 8361383.81   27 1150 8908313.00 8275888.41  7.10%  1186 1374s
  2168  2222 8368308.92   36 1154 8908313.00 8275888.41  7.10%  1176 1390s
  2285  2268 8391882.47   56 1086 8908313.00 8275888.41  7.10%  1170 1406s
  2333  2384 8387350.61   60 1069 8908313.00 8275888.41  7.10%  1214 1423s
  2453  2476 8414100.71   71 1034 8908313.00 8275888.41  7.10%  1207 1455s
  2553  2540 8455167.14   76  971 8908313.00 8275888.41  7.10%  1203 1492s
  2626  2616 8412333.12   85 1010 8908313.00 8275888.41  7.10%  1224 1512s
  2714  2668 8416335.28   98 1008 8908313.00 8275888.41  7.10%  1261 1534s
  2741  2668 8454181.20   19 1053 8908313.00 8275888.41  7.10%  1268 1535s
H 2782  2658                    8901306.0000 8275888.41  7.03%  1300 1542s
  2783  2659 8491443.01  517 1229 8901306.00 8275888.41  7.03%  1300 1607s
  2785  2660 8702256.54  241  967 8901306.00 8275888.41  7.03%  1299 1615s
  2786  2661 8534211.81  670 1185 8901306.00 8275888.41  7.03%  1298 1626s
  2787  2662 8538043.37  609 1211 8901306.00 8275888.41  7.03%  1298 1642s
  2788  2662 8484092.39   36 1206 8901306.00 8275888.41  7.03%  1297 1667s
  2789  2663 8838874.86  215 1208 8901306.00 8275888.41  7.03%  1297 1684s
  2790  2664 8454454.84   29 1213 8901306.00 8275888.41  7.03%  1296 1696s
  2791  2664 8462810.06  347 1275 8901306.00 8275888.41  7.03%  1296 1709s
  2792  2665 8539820.10  193 1237 8901306.00 8275888.41  7.03%  1295 1718s
  2793  2666 8646035.81  191 1181 8901306.00 8275888.41  7.03%  1295 1729s
  2794  2666 8422198.24  254 1208 8901306.00 8275888.41  7.03%  1295 1744s
  2795  2667 8819162.24  494 1196 8901306.00 8275888.41  7.03%  1294 1755s
  2796  2668 8751177.23  530 1253 8901306.00 8275888.41  7.03%  1294 1764s
  2797  2668 8654464.32  255 1207 8901306.00 8275888.41  7.03%  1293 1769s
  2798  2669 8349367.91   18 1242 8901306.00 8275888.41  7.03%  1293 1775s
  2799  2670 8700736.88  219 1167 8901306.00 8275888.41  7.03%  1292 1784s
  2800  2670 8664626.47  238 1200 8901306.00 8275888.41  7.03%  1292 1795s
  2803  2672 8707803.18  269 1210 8901306.00 8275888.41  7.03%  1290 1800s
  2806  2674 8331385.42   11 1148 8901306.00 8285598.69  6.92%  1289 1819s
  2807  2675 8563070.17  136 1162 8901306.00 8288448.90  6.89%  1289 1827s
  2808  2676 8776960.73  578 1181 8901306.00 8289268.51  6.88%  1288 1832s
  2809  2676 8437737.59   48 1164 8901306.00 8289989.40  6.87%  1288 1835s
  2812  2678 8302695.19   17 1227 8901306.00 8293155.70  6.83%  1286 1850s
  2813  2679 8699652.31  345 1120 8901306.00 8294998.23  6.81%  1286 1856s
  2814  2680 8473988.73  350 1142 8901306.00 8295471.67  6.81%  1285 1860s
  2817  2682 8471042.69  393 1138 8901306.00 8295999.23  6.80%  1284 1866s
  2818  2682 8720315.18  348 1140 8901306.00 8299632.85  6.76%  1284 1875s
  2820  2684 8744178.55  402 1107 8901306.00 8300957.62  6.74%  1283 1881s
  2822  2685 8477429.72  535 1099 8901306.00 8301132.89  6.74%  1282 1886s
  2824  2686 8728901.78  496 1101 8901306.00 8301345.33  6.74%  1281 1891s
  2827  2688 8417114.20  104 1069 8901306.00 8301697.85  6.74%  1279 1896s
  2829  2690 8309857.80   14 1094 8901306.00 8302032.97  6.73%  1279 1900s
  2831  2691 8382176.65   74 1049 8901306.00 8302107.17  6.73%  1278 1905s
  2833  2692 8399616.74   74 1075 8901306.00 8302207.02  6.73%  1277 1910s
  2834  2693 8418850.62  105 1075 8901306.00 8302207.02  6.73%  1276 1919s
  2835  2694 8630481.94  173 1075 8901306.00 8302207.02  6.73%  1276 1950s
  2836  2697 8303040.74   15 1090 8901306.00 8302207.02  6.73%  1411 1966s
  2838  2701 8303055.32   16 1102 8901306.00 8303055.32  6.72%  1411 2001s
  2842  2703 8315408.96   17 1099 8901306.00 8303174.62  6.72%  1431 2014s
  2846  2706 8319151.52   17 1100 8901306.00 8311022.54  6.63%  1449 2019s
  2850  2709 8323645.31   18 1157 8901306.00 8315470.34  6.58%  1462 2022s
  2854  2711 8330587.74   18 1124 8901306.00 8319151.52  6.54%  1469 2034s
  2858  2715 8330587.74   19 1129 8901306.00 8319151.52  6.54%  1479 2041s
  2863  2717 8337272.34   20 1058 8901306.00 8319151.52  6.54%  1486 2054s
  2867  2722 8356632.48   20 1083 8901306.00 8319151.52  6.54%  1498 2057s
  2873  2726 8337274.38   21 1083 8901306.00 8319151.52  6.54%  1500 2070s
  2885  2734 8345390.63   22 1075 8901306.00 8319151.52  6.54%  1521 2079s
  2891  2738 8345390.63   23 1061 8901306.00 8319151.52  6.54%  1524 2099s
  2897  2744 8347787.36   24 1108 8901306.00 8319151.52  6.54%  1544 2115s
  2905  2746 8369724.16   24 1053 8901306.00 8319151.52  6.54%  1555 2129s
  2910  2752 8356417.79   25 1151 8901306.00 8319151.52  6.54%  1563 2142s
  2917  2757 8408871.87   25 1095 8901306.00 8319151.52  6.54%  1572 2147s
  2925  2764 8370581.33   26 1079 8901306.00 8319151.52  6.54%  1580 2163s
  2934  2768 8370581.33   27 1091 8901306.00 8319151.52  6.54%  1584 2176s
H 2940  2630                    8868584.0000 8319151.52  6.20%  1594 2176s
  2941  2639 8370581.33   28 1094 8868584.00 8319151.52  6.20%  1598 2190s
  2951  2647 8370581.33   29 1083 8868584.00 8319151.52  6.20%  1608 2195s
  2962  2652 8370581.33   30 1088 8868584.00 8319151.52  6.20%  1613 2202s
  2971  2660 8370581.33   31 1094 8868584.00 8319151.52  6.20%  1620 2220s
  2982  2667 8379290.16   32 1035 8868584.00 8319151.52  6.20%  1637 2231s
  2992  2673 8370583.74   33 1092 8868584.00 8319151.52  6.20%  1642 2244s
  3002  2676 8383607.03   34 1052 8868584.00 8319151.52  6.20%  1650 2255s
  3008  2685 8370607.10   35 1120 8868584.00 8319151.52  6.20%  1659 2275s
  3019  2695 8370607.10   36 1110 8868584.00 8319151.52  6.20%  1676 2297s
  3033  2698 8379327.84   37 1036 8868584.00 8319151.52  6.20%  1692 2317s
  3040  2709 8416039.56   39 1045 8868584.00 8319151.52  6.20%  1707 2326s
  3054  2718 8385181.34   41 1074 8868584.00 8319151.52  6.20%  1715 2347s
  3067  2731 8385181.34   42 1081 8868584.00 8319151.52  6.20%  1730 2357s
  3085  2744 8451282.81   44 1093 8868584.00 8319151.52  6.20%  1738 2369s
  3104  2759 8405418.63   46 1086 8868584.00 8319151.52  6.20%  1747 2381s
  3125  2776 8428169.54   48 1061 8868584.00 8319151.52  6.20%  1755 2392s
  3151  2787 8434455.10   50 1076 8868584.00 8319151.52  6.20%  1759 2402s
  3171  2803 8460427.84   52 1048 8868584.00 8319151.52  6.20%  1767 2415s
  3193  2824 8400229.65   55 1098 8868584.00 8319151.52  6.20%  1775 2428s
  3222  2842 8400229.65   57 1083 8868584.00 8319151.52  6.20%  1781 2442s
  3251  2853 8400960.98   60 1084 8868584.00 8319151.52  6.20%  1787 2456s
H 3257  2722                    8868583.9964 8319151.52  6.20%  1789 2456s
  3274  2743 8401897.97   63 1114 8868584.00 8319151.52  6.20%  1796 2482s
  3303  2752 8404562.58   66 1101 8868584.00 8319151.52  6.20%  1803 2507s
  3325  2769 8404562.58   68 1083 8868584.00 8319151.52  6.20%  1817 2539s
  3331  2767 8392527.47   70  894 8868584.00 8319151.52  6.20%  1820 2540s
  3350  2785 8414312.69   71 1075 8868584.00 8319151.52  6.20%  1828 2570s
  3378  2794 8448133.15   74 1071 8868584.00 8319151.52  6.20%  1837 2607s
  3402  2818 8420103.99   78 1050 8868584.00 8319151.52  6.20%  1845 2637s
  3438  2818 8420103.99   81 1056 8868584.00 8319151.52  6.20%  1849 2737s
  3450  2819 8423039.60   84 1060 8868584.00 8319151.52  6.20%  1857 2863s
H 3454  2695                    8851127.0000 8319151.52  6.01%  1857 2863s
  3455  2720 8458440.43   84 1040 8851127.00 8319151.52  6.01%  1858 2900s
  3490  2721 8423885.11   88 1054 8851127.00 8319151.52  6.01%  1868 3127s
  3506  2766 8427440.90   92 1028 8851127.00 8319151.52  6.01%  1874 3167s
  3569  2780 8428535.44   96 1010 8851127.00 8319151.52  6.01%  1875 3208s
  3617  2789 8433733.67  101  974 8851127.00 8319151.52  6.01%  1891 3236s
  3642  2833 8433899.11  105  986 8851127.00 8319151.52  6.01%  1925 3259s
  3694  2878 8438457.25  111  975 8851127.00 8319151.52  6.01%  1945 3288s
  3761  2927 8466953.37  119 1052 8851127.00 8319151.52  6.01%  1948 3312s
  3836  2965 8471732.83  128 1039 8851127.00 8319151.52  6.01%  1946 3346s
  3917  3007 8821846.22  139  913 8851127.00 8319151.52  6.01%  1940 3396s
  4012  3031 8831776.63  148  920 8851127.00 8319151.52  6.01%  1930 3449s
  4096  3037 8347093.48   22 1066 8851127.00 8319151.52  6.01%  1931 3486s
  4136  3084 8381725.89   34  973 8851127.00 8319151.52  6.01%  1968 3555s
  4214  3089 8401688.32   51  950 8851127.00 8319151.52  6.01%  1976 3603s
  4246  3176 8429601.73   53 1027 8851127.00 8319151.52  6.01%  2023 3662s
  4345  3222 infeasible   58      8851127.00 8319151.52  6.01%  2016 3726s
  4450  3243 8490995.91   69  881 8851127.00 8319151.52  6.01%  2015 3775s
  4508  3291 8576375.74   76  840 8851127.00 8319151.52  6.01%  2049 3825s
  4575  3392 8646196.89   84  867 8851127.00 8319151.52  6.01%  2054 3895s
  4702  3450 8692742.48   97  832 8851127.00 8319151.52  6.01%  2043 3966s
  4834  3474 8800622.15  103  778 8851127.00 8319151.52  6.01%  2032 4039s
  4941  3473 8811275.09  113  761 8851127.00 8324027.23  5.96%  2038 4091s
  5014  3515 8349198.44   20 1100 8851127.00 8324027.23  5.96%  2092 4156s
  5104  3588 8381913.30   46  974 8851127.00 8324027.23  5.96%  2132 4203s
  5207  3687 8412548.58   70  990 8851127.00 8324027.23  5.96%  2164 4257s
  5352  3766 8480156.23  116  939 8851127.00 8330099.52  5.89%  2177 4310s
  5518  3828 8381538.32   20 1046 8851127.00 8334236.89  5.84%  2187 4380s
  5644  3933 8822525.37   59  823 8851127.00 8337269.44  5.81%  2223 4464s
  5844  4095 8405073.25   34 1063 8851127.00 8337269.44  5.81%  2211 4520s
  6074  4150 8557188.95   59  954 8851127.00 8337269.44  5.81%  2209 4579s
  6231  4180 8603494.67   81  934 8851127.00 8337269.44  5.81%  2240 4637s
  6335  4249 8713084.17  124  924 8851127.00 8337269.44  5.81%  2289 4713s
  6445  4353 infeasible  163      8851127.00 8343162.35  5.74%  2339 4830s
  6594  4413 8482485.96   34  967 8851127.00 8343162.35  5.74%  2347 4908s
  6751  4486 8529893.89   57  818 8851127.00 8343162.35  5.74%  2359 4981s
  6879  4542 8596573.11  109  866 8851127.00 8343162.35  5.74%  2413 5119s
  7010  4585 8601508.30  118  862 8851127.00 8343162.35  5.74%  2437 5196s
  7143  4735 8661671.11  147  792 8851127.00 8343162.35  5.74%  2462 5325s
  7366  5048     cutoff  186      8851127.00 8343162.35  5.74%  2477 5434s
  7831  5203 8462767.96   25 1136 8851127.00 8343162.35  5.74%  2396 5566s
  8160  5289 8713392.22   78  969 8851127.00 8343162.35  5.74%  2367 5701s
  8399  5402     cutoff  107      8851127.00 8350983.07  5.65%  2390 5818s
  8632  5527 8506585.78   56  963 8851127.00 8350983.07  5.65%  2402 5937s
  8871  5524 8811240.27  111  849 8851127.00 8351476.76  5.65%  2429 6050s
  9028  5641 8618079.78   44  965 8851127.00 8351952.33  5.64%  2491 6161s
  9239  5736 8712768.69   79  880 8851127.00 8352940.61  5.63%  2533 6258s
  9414  5906 8563522.61   41  888 8851127.00 8352940.61  5.63%  2564 6440s
  9661  6088     cutoff   81      8851127.00 8354483.98  5.61%  2589 6639s
  9988  6387     cutoff   77      8851127.00 8354904.22  5.61%  2576 6753s
 10332  6754 8590751.92  102  886 8851127.00 8354904.22  5.61%  2588 6963s
 10738  6814 8777646.18  185  732 8851127.00 8354904.22  5.61%  2606 7137s
 10816  7024 8795641.05  186  694 8851127.00 8354985.07  5.61%  2615 7335s
 11134  7351 8488700.48   65  901 8851127.00 8356633.51  5.59%  2656 7501s
 11505  7643 8624374.93   42  946 8851127.00 8358511.54  5.57%  2683 7735s
 11836  7944 8492164.00   66  976 8851127.00 8359038.71  5.56%  2708 7952s
 12173  8279 8402589.37   26  946 8851127.00 8359382.91  5.56%  2742 8184s
 12623  8515 8564380.91   55  921 8851127.00 8360416.02  5.54%  2760 8382s
 12912  8710 8621880.35   32 1056 8851127.00 8362815.84  5.52%  2810 8606s
 13155  8964 8374540.60   23  939 8851127.00 8364917.56  5.49%  2855 8830s
 13505  9279     cutoff   55      8851127.00 8366328.59  5.48%  2890 9093s
 13889  9553 8825119.12   56  763 8851127.00 8367287.47  5.47%  2918 9373s
 14208  9964 8567249.61   34  979 8851127.00 8368060.75  5.46%  2968 9635s
 14663 10254 8690893.87   53  868 8851127.00 8368434.05  5.45%  2994 9882s
 15027 10571 8578400.36   44  853 8851127.00 8369724.16  5.44%  3019 10129s
 15423 10872 8405717.41   34  967 8851127.00 8370759.33  5.43%  3051 10361s
 15803 11188 8459234.68   25 1086 8851127.00 8371768.59  5.42%  3064 10751s
 16141 11631 8561945.58   73  932 8851127.00 8371897.21  5.41%  3075 11141s
H16751 11393                    8830803.0000 8371897.21  5.20%  3042 11437s
 16801 11689 8561889.46   59  866 8830803.00 8371897.21  5.20%  3052 11628s
 17105 12001 8581896.80   66  822 8830803.00 8371897.21  5.20%  3058 11833s
 17541 12212     cutoff  176      8830803.00 8372596.75  5.19%  3053 12058s
 17858 12323 8519619.83   35 1008 8830803.00 8373921.87  5.17%  3102 12271s
 18061 12591 8726069.64   29  927 8830803.00 8374229.49  5.17%  3136 12558s
 18459 12959 8393342.89   26  998 8830803.00 8374474.04  5.17%  3150 12865s
 18866 13339 8584993.38   68  733 8830803.00 8374474.04  5.17%  3170 13100s
 19323 13763 8789034.70  197  605 8830803.00 8375225.63  5.16%  3193 13429s
 19855 14054 8528762.42   32 1079 8830803.00 8375512.06  5.16%  3181 13675s
 20245 14395 8393247.16   28  986 8830803.00 8375610.27  5.15%  3181 13975s
 20656 14396 8599751.61   64 1229 8830803.00 8375638.88  5.15%  3226 15533s
 20658 14397 8616857.06   72 1014 8830803.00 8375638.88  5.15%  3225 15538s
 20659 14398 8531482.50   71 1214 8830803.00 8375638.88  5.15%  3225 15555s
 20660 14399 8572449.34   72 1282 8830803.00 8375638.88  5.15%  3225 15573s
 20661 14399 8455153.76   52 1293 8830803.00 8375638.88  5.15%  3225 15610s
 20662 14400 8690959.57  164 1260 8830803.00 8375638.88  5.15%  3225 15638s
 20663 14401 8744279.49  127 1275 8830803.00 8375638.88  5.15%  3224 15661s
 20664 14401 8551083.86   46 1264 8830803.00 8375638.88  5.15%  3224 15675s
 20665 14402 8762575.84   38 1277 8830803.00 8375638.88  5.15%  3224 15691s
 20666 14403 8584143.57   69 1212 8830803.00 8375638.88  5.15%  3224 15703s
 20667 14403 8557633.62  188 1220 8830803.00 8375638.88  5.15%  3224 15711s
 20668 14404 8390585.20   18 1252 8830803.00 8375638.88  5.15%  3224 15718s
 20669 14405 8722936.62   87 1133 8830803.00 8375638.88  5.15%  3224 15725s
 20670 14405 8794693.50  109 1155 8830803.00 8375638.88  5.15%  3223 15731s
 20671 14406 8787305.91  135 1155 8830803.00 8375638.88  5.15%  3223 15737s
 20672 14407 8448907.88   63 1119 8830803.00 8375638.88  5.15%  3223 15743s
 20673 14407 8662576.80   84 1116 8830803.00 8375638.88  5.15%  3223 15745s
 20675 14409 8510445.37   37 1128 8830803.00 8375638.88  5.15%  3223 15750s
 20677 14410 8483616.05   42 1160 8830803.00 8375638.88  5.15%  3222 15755s
 20679 14411 8820707.54  149 1144 8830803.00 8375638.88  5.15%  3222 15762s
 20681 14413 8563926.38   68 1164 8830803.00 8375638.88  5.15%  3222 15791s
 20682 14413 8481481.93   36 1128 8830803.00 8375638.88  5.15%  3222 15802s
 20683 14414 8421441.81   49 1128 8830803.00 8375638.88  5.15%  3221 15828s
 20684 14415 8548377.39   40 1118 8830803.00 8375638.88  5.15%  3221 15841s
 20685 14415 8570854.93   71 1124 8830803.00 8375638.88  5.15%  3221 15868s
 20686 14416 8437651.92   30 1153 8830803.00 8375638.88  5.15%  3221 15870s
 20687 14417 8720751.83   77 1178 8830803.00 8375638.88  5.15%  3221 15884s
 20688 14417 8540316.66   33 1117 8830803.00 8375638.88  5.15%  3221 15909s
 20689 14418 8514796.83   42 1122 8830803.00 8375638.88  5.15%  3220 15922s
 20690 14419 8452130.55   46 1111 8830803.00 8375638.88  5.15%  3220 15947s
 20691 14419 8788485.51  168 1122 8830803.00 8375638.88  5.15%  3220 15959s
 20692 14420 8817741.57   99 1081 8830803.00 8375638.88  5.15%  3220 15984s
 20693 14421 8662424.47   72 1083 8830803.00 8375638.88  5.15%  3220 15996s
 20694 14421 8426750.88   32 1083 8830803.00 8375638.88  5.15%  3220 16019s
 20695 14422 8579659.37   89 1128 8830803.00 8375638.88  5.15%  3220 16021s
 20696 14423 8466765.88   33 1125 8830803.00 8375638.88  5.15%  3219 16032s
 20697 14423 8523493.27   53 1102 8830803.00 8375638.88  5.15%  3219 16058s
 20698 14424 8816247.57  118 1101 8830803.00 8375638.88  5.15%  3219 16069s
 20699 14425 8610407.56   71 1099 8830803.00 8375638.88  5.15%  3219 16096s
 20700 14425 8603727.69  112 1101 8830803.00 8375638.88  5.15%  3219 16107s
 20701 14426 8481064.02   49 1130 8830803.00 8375638.88  5.15%  3219 16132s
 20702 14427 8672690.90   32 1111 8830803.00 8375638.88  5.15%  3218 16143s
 20703 14427 8786627.31  234 1118 8830803.00 8375638.88  5.15%  3218 16167s
 20704 14428 8570839.86   65 1100 8830803.00 8375638.88  5.15%  3218 16179s
 20705 14429 8555004.78   88 1097 8830803.00 8375638.88  5.15%  3218 16204s
 20706 14429 8465257.83   48 1086 8830803.00 8375638.88  5.15%  3218 16215s
 20707 14430 8539524.87   90 1070 8830803.00 8375638.88  5.15%  3218 16238s
 20708 14431 8502600.94   71 1079 8830803.00 8375638.88  5.15%  3217 16250s
 20709 14431 8808670.62  114 1104 8830803.00 8375638.88  5.15%  3217 16261s
 20710 14432 8679481.63  110 1114 8830803.00 8375638.88  5.15%  3217 16273s
 20711 14433 8658392.53   54 1135 8830803.00 8375638.88  5.15%  3217 16285s
 20712 14433 8682130.83  136 1129 8830803.00 8375638.88  5.15%  3217 16296s
 20713 14434 8444738.67   35 1106 8830803.00 8375638.88  5.15%  3217 16308s
 20714 14435 8792703.93  295 1115 8830803.00 8375638.88  5.15%  3217 16318s
 20715 14435 8732966.01   98 1106 8830803.00 8375638.88  5.15%  3216 16330s
 20716 14436 8751993.99  118 1140 8830803.00 8375638.88  5.15%  3216 16340s
 20717 14437 8682493.31   61 1112 8830803.00 8375638.88  5.15%  3216 16352s
 20718 14437 8801201.83   37 1096 8830803.00 8375638.88  5.15%  3216 16362s
 20719 14438 8470010.27  120 1110 8830803.00 8375638.88  5.15%  3216 16373s
 20720 14439 8628271.50  148 1117 8830803.00 8375638.88  5.15%  3216 16383s
 20721 14439 8634140.84   76 1091 8830803.00 8375638.88  5.15%  3215 16393s
 20722 14440 8454463.11   88 1112 8830803.00 8375638.88  5.15%  3215 16404s
 20723 14441 8516445.07  190 1126 8830803.00 8375638.88  5.15%  3215 16420s
 20724 14441 8474168.64   51 1119 8830803.00 8375638.88  5.15%  3215 16431s
 20725 14442 8390585.21   27 1124 8830803.00 8375638.88  5.15%  3215 16442s
 20726 14443 8803139.30   70 1111 8830803.00 8375638.88  5.15%  3215 16452s
 20727 14443 8451628.60   27 1112 8830803.00 8375638.88  5.15%  3215 16463s
 20728 14444 8506475.04   57 1098 8830803.00 8375638.88  5.15%  3214 16477s
 20729 14445 8730676.12  115 1098 8830803.00 8375638.88  5.15%  3214 16506s
 20730 14448 8375638.88   29 1087 8830803.00 8375638.88  5.15%  3230 16519s
 20732 14452 8375638.88   30 1104 8830803.00 8375638.88  5.15%  3230 16543s
 20736 14454 8375638.88   31 1082 8830803.00 8375638.88  5.15%  3232 16550s
 20740 14457 8375638.88   31 1060 8830803.00 8375638.88  5.15%  3233 16564s
 20744 14460 8375638.88   32 1075 8830803.00 8375638.88  5.15%  3234 16570s
 20748 14462 8375638.88   32 1083 8830803.00 8375638.88  5.15%  3235 16591s
 20752 14468 8375638.88   33 1078 8830803.00 8375638.88  5.15%  3237 16606s
 20759 14474 8375638.88   34 1092 8830803.00 8375638.88  5.15%  3238 16617s
 20767 14478 8375638.88   35 1091 8830803.00 8375638.88  5.15%  3239 16629s
 20774 14483 8375638.88   36 1087 8830803.00 8375638.88  5.15%  3240 16636s
 20781 14488 8375638.88   37 1108 8830803.00 8375638.88  5.15%  3240 16646s
 20789 14495 8375638.88   38 1117 8830803.00 8375638.88  5.15%  3241 16665s
 20798 14498 8375638.88   39 1114 8830803.00 8375638.88  5.15%  3242 16681s
 20804 14506 8375638.88   40 1099 8830803.00 8375638.88  5.15%  3242 16704s
 20814 14510 8378246.33   42 1101 8830803.00 8375638.88  5.15%  3245 16717s
 20822 14516 8375638.88   44 1099 8830803.00 8375638.88  5.15%  3246 16734s
 20830 14519 8375638.88   45 1096 8830803.00 8375638.88  5.15%  3247 16749s
 20836 14527 8375638.88   46 1107 8830803.00 8375638.88  5.15%  3248 16762s
 20846 14537 8375638.88   47 1112 8830803.00 8375638.88  5.15%  3248 16776s
 20859 14545 8375638.88   48 1104 8830803.00 8375638.88  5.15%  3249 16795s
 20872 14551 8375638.88   49 1080 8830803.00 8375638.88  5.15%  3250 16818s
 20882 14556 8375638.88   51 1089 8830803.00 8375638.88  5.15%  3253 16835s
 20890 14564 8375638.88   52 1088 8830803.00 8375638.88  5.15%  3254 16851s
 20901 14567 8375638.88   53 1093 8830803.00 8375638.88  5.15%  3255 16866s
 20908 14581 8375638.88   54 1106 8830803.00 8375638.88  5.15%  3256 16879s
 20924 14588 8375638.88   55 1101 8830803.00 8375638.88  5.15%  3256 16897s
 20936 14594 8375638.88   56 1090 8830803.00 8375638.88  5.15%  3256 16915s
 20946 14599 8375638.88   58 1040 8830803.00 8375638.88  5.15%  3257 16933s
 20955 14614 8375638.88   59 1089 8830803.00 8375638.88  5.15%  3259 16949s
 20973 14621 8375638.88   62 1056 8830803.00 8375638.88  5.15%  3260 16967s
 20986 14633 8375638.88   64 1044 8830803.00 8375638.88  5.15%  3261 16991s
 21002 14644 8375638.88   66 1079 8830803.00 8375638.88  5.15%  3262 17014s
 21018 14651 8375638.88   68 1076 8830803.00 8375638.88  5.15%  3263 17036s
 21031 14664 8375638.88   70 1066 8830803.00 8375638.88  5.15%  3266 17056s
 21048 14674 8375638.88   72 1052 8830803.00 8375638.88  5.15%  3266 17080s
 21064 14681 8375638.88   74 1028 8830803.00 8375638.88  5.15%  3267 17101s
 21076 14693 8375638.88   75 1007 8830803.00 8375638.88  5.15%  3271 17120s
 21092 14706 8375638.88   77 1058 8830803.00 8375638.88  5.15%  3272 17146s
 21110 14720 8375638.88   78 1015 8830803.00 8375638.88  5.15%  3274 17172s
 21130 14736 8375638.88   81 1014 8830803.00 8375638.88  5.15%  3275 17203s
 21153 14750 8375638.88   83 1090 8830803.00 8375638.88  5.15%  3278 17232s
 21175 14765 8375638.88   85 1109 8830803.00 8375638.88  5.15%  3280 17264s
 21197 14779 8386263.54   87 1087 8830803.00 8375638.88  5.15%  3284 17292s
 21218 14799 8387744.16   89 1069 8830803.00 8375638.88  5.15%  3286 17325s
 21245 14803 8474327.18   91 1103 8830803.00 8375638.88  5.15%  3289 17364s
 21258 14826 8445999.84   93 1001 8830803.00 8375638.88  5.15%  3293 17399s
 21288 14846 8413007.52   93 1015 8830803.00 8375638.88  5.15%  3294 17433s
 21318 14877 8436167.88   95 1022 8830803.00 8375638.88  5.15%  3294 17469s
 21368 14879 8421170.14   98 1062 8830803.00 8375638.88  5.15%  3293 17517s
 21413 14896 8474698.16  100 1053 8830803.00 8375638.88  5.15%  3296 17560s
 21445 14922 8528148.28  103 1073 8830803.00 8375638.88  5.15%  3299 17631s
 21482 14941 8435013.11  106 1092 8830803.00 8375638.88  5.15%  3302 17706s
 21517 14973 8460540.65  109 1063 8830803.00 8375638.88  5.15%  3305 17785s
 21564 14995 8480463.74  113 1037 8830803.00 8375638.88  5.15%  3308 17866s
 21606 15025 8487878.07  118 1031 8830803.00 8375638.88  5.15%  3310 17935s
 21657 15015 8523669.54  124 1009 8830803.00 8375638.88  5.15%  3312 18094s
 21664 15055 8524747.54  126 1003 8830803.00 8375638.88  5.15%  3312 18183s
 21707 15082 8529084.87  131  997 8830803.00 8375638.88  5.15%  3317 18261s
 21754 15107 8537978.37  135 1024 8830803.00 8375638.88  5.15%  3322 18356s
 21807 15142 8544874.24  139 1026 8830803.00 8375638.88  5.15%  3327 18407s
 21860 15183 8587166.69  143 1016 8830803.00 8375638.88  5.15%  3331 18464s
 21921 15212 8605042.71  148 1036 8830803.00 8375638.88  5.15%  3334 18535s
 21982 15244 8609706.52  154 1013 8830803.00 8375638.88  5.15%  3338 18611s
 22049 15253 8646355.96  159 1000 8830803.00 8375638.88  5.15%  3343 18723s
 22119 15252 8755979.03  164  943 8830803.00 8375638.88  5.15%  3348 18837s
 22181 15280 8798460.81  170  913 8830803.00 8375638.88  5.15%  3356 18910s
 22248 15324 8423429.11   78 1133 8830803.00 8375638.88  5.15%  3360 18976s
 22322 15390 8504222.01   94 1010 8830803.00 8375638.88  5.15%  3363 19113s
 22422 15490 8618813.78  127  975 8830803.00 8375638.88  5.15%  3362 19183s
 22564 15551 8675887.49  176  915 8830803.00 8375638.88  5.15%  3355 19252s
 22685 15573 8748230.30  223  923 8830803.00 8375638.88  5.15%  3352 19329s
 22782 15603 8377303.15   77 1121 8830803.00 8375638.88  5.15%  3356 19406s
 22859 15638 8417183.94   85  941 8830803.00 8375638.88  5.15%  3362 19485s
 22936 15717 8453273.40  100  914 8830803.00 8375638.88  5.15%  3367 19571s
 23051 15811 8480384.63  112  918 8830803.00 8375638.88  5.15%  3367 19663s
 23203 15879 8547794.82  136  889 8830803.00 8375638.88  5.15%  3364 19755s
 23342 15929 8560820.07  148  839 8830803.00 8375638.88  5.15%  3364 19918s
 23467 15939 8753247.82  161  801 8830803.00 8375638.88  5.15%  3368 20073s
 23576 16004 8806379.77  179  783 8830803.00 8375638.88  5.15%  3376 20181s
 23705 16127 8473482.03   68  927 8830803.00 8375638.88  5.15%  3380 20282s
 23876 16182 8699877.35  131  657 8830803.00 8375638.88  5.15%  3378 20397s
 24029 16203 8595207.49   69 1082 8830803.00 8375638.88  5.15%  3383 20532s
 24123 16250     cutoff   91      8830803.00 8375638.88  5.15%  3384 20928s
 24213 16371 8534987.54   88 1003 8830803.00 8375638.88  5.15%  3388 21173s
 24402 16402 8407452.80   71 1029 8830803.00 8375638.88  5.15%  3391 21380s
 24569 16447 8455611.40   69 1103 8830803.00 8375638.88  5.15%  3399 21525s
 24753 16519 8508439.31   74 1011 8830803.00 8375638.88  5.15%  3402 21697s
 24910 16578 8754045.03  109  880 8830803.00 8375638.88  5.15%  3410 21881s
 25051 16675 8522918.62   92  813 8830803.00 8375638.88  5.15%  3414 22033s
 25236 16742 8401647.49   69  934 8830803.00 8375638.88  5.15%  3420 22285s
 25428 16815 8425819.28   73 1002 8830803.00 8375638.88  5.15%  3428 22450s
 25610 16936 8514900.51   50 1093 8830803.00 8375638.88  5.15%  3435 22650s
 25846 17053 8381598.81   73 1066 8830803.00 8375638.88  5.15%  3437 22844s
 26077 17177 8375638.88   52 1069 8830803.00 8375638.88  5.15%  3440 23041s
 26297 17295 8729150.53  101  966 8830803.00 8375638.88  5.15%  3445 23257s
 26525 17440 8551756.91   80  975 8830803.00 8375638.88  5.15%  3452 23554s
 26772 17614 8640667.48   66 1058 8830803.00 8375638.88  5.15%  3457 23830s
 27066 17704 8495255.47   45  947 8830803.00 8375638.88  5.15%  3460 24044s
 27330 17883 8624195.72   85 1060 8830803.00 8375638.88  5.15%  3469 24269s
 27642 18006 8588678.37  121  996 8830803.00 8375638.88  5.15%  3471 24499s
 27917 18142 8397290.26   79 1014 8830803.00 8375638.88  5.15%  3470 24737s
 28144 18345 8456063.13  104  941 8830803.00 8375638.88  5.15%  3486 24986s
 28469 18499 8551698.62  138  912 8830803.00 8375638.88  5.15%  3502 25244s
 28930 18525 8630738.21  174  865 8830803.00 8375638.88  5.15%  3505 25513s
 29183 18788     cutoff  221      8830803.00 8375638.88  5.15%  3514 25787s
 29634 18676 8809380.43   78  918 8830803.00 8375638.88  5.15%  3509 26207s
 29689 18938 8441963.71   81  936 8830803.00 8375638.88  5.15%  3512 26550s
 30060 19317 8412112.14   70 1042 8830803.00 8375638.88  5.15%  3519 26877s
 30631 19520 8375638.88   36 1055 8830803.00 8375638.88  5.15%  3500 27198s
 31098 19767 8763891.22  133  944 8830803.00 8375638.88  5.15%  3498 27611s
 31551 20016 8548605.32   65  912 8830803.00 8375638.88  5.15%  3504 27912s
 32049 20087 8410899.06   70 1050 8830803.00 8375638.88  5.15%  3505 28471s
 32311 20272 8541264.68  105  829 8830803.00 8375638.88  5.15%  3517 29049s
 32804 20500 8384380.26   60 1050 8830803.00 8375638.88  5.15%  3531 29390s
 33254 20675 8461204.76  102 1079 8830803.00 8375638.88  5.15%  3527 29806s
H33679 19524                    8780716.0000 8375638.88  4.61%  3533 30237s
 34077 19881 8405658.45   72 1061 8780716.00 8375638.88  4.61%  3536 30565s
 34701 19983 8537167.48  143 1023 8780716.00 8375638.88  4.61%  3524 30885s
 35091 20195     cutoff  194      8780716.00 8375638.88  4.61%  3531 31221s
 35490 20484 8496227.30   89  952 8780716.00 8375638.88  4.61%  3538 31689s
 36024 20603 8428808.70   50  956 8780716.00 8375638.88  4.61%  3537 32033s
 36361 20702 8462583.14   77  970 8780716.00 8375638.88  4.61%  3550 32462s
H36380 18283                    8711266.0000 8375638.88  3.85%  3551 32462s
 36594 18360 8656392.86  109  841 8711266.00 8375638.88  3.85%  3562 32784s
 36947 18638     cutoff  100      8711266.00 8375638.88  3.85%  3578 33121s
 37438 18752 8672997.24  121  899 8711266.00 8375638.88  3.85%  3580 33419s
 37815 19021 8454726.98   80  957 8711266.00 8375638.88  3.85%  3586 33844s
 38290 19063 8530726.75  106  933 8711266.00 8375638.88  3.85%  3582 34343s
 38597 19361 8387959.67   38 1007 8711266.00 8375638.88  3.85%  3594 34748s
 39091 19542 8423436.09   57 1008 8711266.00 8375638.88  3.85%  3594 35158s
 39522 19882 8458063.80   50  981 8711266.00 8375638.88  3.85%  3598 35494s
 40086 19999 8432360.22   34 1035 8711266.00 8375638.88  3.85%  3589 35824s
 40455 20266 8513721.15   55  955 8711266.00 8375638.88  3.85%  3598 36134s
 40933 20528 8663999.97  126  853 8711266.00 8375638.88  3.85%  3593 36503s
 41446 20713 8483831.64   63  992 8711266.00 8375638.88  3.85%  3589 36867s
 41917 20846 8471416.41   38 1010 8711266.00 8375638.88  3.85%  3594 37195s
 42277 21065 8563793.94   65  829 8711266.00 8375638.88  3.85%  3604 37515s
 42683 21248 8494002.00   97  855 8711266.00 8375638.88  3.85%  3600 37847s
 43053 21503 8494006.85   98  865 8711266.00 8375638.88  3.85%  3599 38192s
 43523 21944 8501594.05   90 1030 8711266.00 8375638.88  3.85%  3601 38595s
 44184 22026 8582285.22  118  906 8711266.00 8375638.88  3.85%  3590 38891s
 44603 22192 8527153.59   73 1004 8711266.00 8375638.88  3.85%  3581 39221s
 45016 22442 8578131.44   97  999 8711266.00 8375638.88  3.85%  3585 39546s
 45498 22673 8490615.98   99 1031 8711266.00 8375638.88  3.85%  3582 39903s
 45970 22863 8494698.15   76  987 8711266.00 8375638.88  3.85%  3580 40283s
 46401 23048 8675393.76   95  877 8711266.00 8375638.88  3.85%  3580 40568s
 46824 23126 8673914.41   69 1037 8711266.00 8375638.88  3.85%  3581 40936s
 47144 23275 8538494.93   60 1033 8711266.00 8375638.88  3.85%  3587 41224s
 47445 23417 8708876.82   72  983 8711266.00 8375638.88  3.85%  3583 41550s
 47714 23624     cutoff   73      8711266.00 8375638.88  3.85%  3580 41856s
 48080 23791 8693920.93  123  859 8711266.00 8375638.88  3.85%  3589 42220s
 48459 24062 8523622.98  107  998 8711266.00 8375638.88  3.85%  3594 42585s
 48930 24100 8623937.38   93 1016 8711266.00 8375638.88  3.85%  3594 42898s
 49157 24211     cutoff   51      8711266.00 8375638.88  3.85%  3594 43293s
 49403 24491 8394766.32   64 1125 8711266.00 8375638.88  3.85%  3600 43804s
 49823 24644 8607782.87  109  930 8711266.00 8375638.88  3.85%  3607 44119s
 50228 24840 8485463.06   80  943 8711266.00 8375638.88  3.85%  3612 44488s
 50677 24987 8606990.48  117  997 8711266.00 8375638.88  3.85%  3616 44874s
 51080 25007 8664927.07   65  957 8711266.00 8375638.88  3.85%  3624 45184s
 51270 25347 8530005.93   71  905 8711266.00 8375638.88  3.85%  3630 45538s
 51764 25505     cutoff  120      8711266.00 8375638.88  3.85%  3632 45986s
 52187 25769 8551980.38   83 1061 8711266.00 8375638.88  3.85%  3635 46328s
 52690 25898 8485206.60   92 1000 8711266.00 8375638.88  3.85%  3637 46627s
 53045 26016 8497583.50   59 1014 8711266.00 8375638.88  3.85%  3645 46914s
 53107 25995 8689515.05   95  816 8711266.00 8375638.88  3.85%  3646 46915s
 53327 26252 8529088.01  101  950 8711266.00 8375638.88  3.85%  3644 47257s
 53780 26276 8489911.11   70  969 8711266.00 8375638.88  3.85%  3650 47805s
 53961 26549 8490140.98   71  950 8711266.00 8375638.88  3.85%  3648 48305s
 54411 26864 8655010.61   86  917 8711266.00 8375638.88  3.85%  3651 48723s
 55017 26891 8675347.79  133  958 8711266.00 8375638.88  3.85%  3650 49109s
 55278 27175 8521909.53  105  740 8711266.00 8375638.88  3.85%  3654 49472s
 55837 27329 8475374.46   87 1009 8711266.00 8376192.36  3.85%  3656 49887s
 56301 27500 8611633.84  168  998 8711266.00 8376995.61  3.84%  3660 50426s
 56758 27782 8549609.39   85  830 8711266.00 8377305.27  3.83%  3667 50799s
 57314 27988 8443889.11   62 1047 8711266.00 8377526.68  3.83%  3669 51199s
 57798 28133 8507465.60   67  911 8711266.00 8377674.00  3.83%  3673 51547s
 58202 28405 8578725.11   65 1000 8711266.00 8377674.00  3.83%  3684 51999s
 58862 28699 8526511.09   94 1021 8711266.00 8377895.20  3.83%  3680 52384s
 59504 28908 8438579.78   70  976 8711266.00 8378290.95  3.82%  3672 52701s
 60046 29243     cutoff  105      8711266.00 8378433.70  3.82%  3670 53049s
 60560 29687 8673083.76   73  878 8711266.00 8378714.36  3.82%  3667 53371s
 61104 30141 8530657.55   51 1018 8711266.00 8379058.26  3.81%  3662 53680s
 61638 30565 8568014.55  135 1020 8711266.00 8379230.05  3.81%  3658 53982s
 62174 30890 8594035.12   82  940 8711266.00 8379397.03  3.81%  3654 54451s
 62626 31310 8529809.58   76 1052 8711266.00 8379767.53  3.81%  3657 55057s
 63141 31583 8453814.27   40  954 8711266.00 8380040.12  3.80%  3655 55435s
 63515 31991 8484721.48   85  985 8711266.00 8380302.88  3.80%  3659 55800s
 64026 32249 8683340.30  158  960 8711266.00 8380548.31  3.80%  3655 56092s
 64389 32542 8590680.12  120  922 8711266.00 8380983.73  3.79%  3659 56428s
 64796 32891 8686980.55   95  912 8711266.00 8381170.42  3.79%  3662 56810s
 65241 33264 8447006.06   53  940 8711266.00 8381422.69  3.79%  3663 57144s
 65701 33713 8705061.13   93  916 8711266.00 8381529.33  3.79%  3664 57465s
 66247 34013 8556807.38   98  853 8711266.00 8381687.27  3.78%  3659 57854s
 66620 34440 8407589.87   75  956 8711266.00 8381777.37  3.78%  3664 58244s
 67123 34780 8522401.85   82  970 8711266.00 8381938.15  3.78%  3661 58552s
 67563 35157 8674422.33  130  952 8711266.00 8382019.54  3.78%  3661 58956s
 68020 35500 8485135.26   63 1043 8711266.00 8382255.44  3.78%  3661 59272s
 68459 35774 8400408.02   66  974 8711266.00 8382380.14  3.78%  3661 59669s
 68843 36089 8405819.72   78 1037 8711266.00 8382569.42  3.77%  3665 59983s
 69290 36394 8492080.39   44  982 8711266.00 8382679.98  3.77%  3666 60281s
 69678 36701 infeasible   92      8711266.00 8382819.99  3.77%  3669 60593s
 70085 37039 8416077.76   74 1033 8711266.00 8382988.00  3.77%  3670 60914s
 70473 37298 8480309.97   50 1024 8711266.00 8383208.95  3.77%  3672 61226s
 70831 37761 8409551.54   42  987 8711266.00 8383450.36  3.76%  3677 61557s
 71350 38082 8548579.31   82  813 8711266.00 8383588.03  3.76%  3673 61933s
 71792 38323 8492987.54   65  915 8711266.00 8383649.20  3.76%  3676 62372s
 72156 38773 8433337.36   75  973 8711266.00 8383822.36  3.76%  3680 62887s
 72729 39164 8504998.51   90  949 8711266.00 8384036.95  3.76%  3677 63246s
 73206 39474 8672847.09  154  877 8711266.00 8384158.65  3.75%  3678 63652s
 73621 39812     cutoff   95      8711266.00 8384321.40  3.75%  3681 63968s
 74062 40218     cutoff   67      8711266.00 8384471.74  3.75%  3683 64433s
 74526 40609 8657511.26  192  895 8711266.00 8384492.77  3.75%  3684 64740s
 75047 40905 8501772.76   68  971 8711266.00 8384801.87  3.75%  3682 65161s
 75449 41275 8707876.24   91  903 8711266.00 8385046.21  3.74%  3684 65483s
 75885 41529 8652405.98  122  888 8711266.00 8385169.27  3.74%  3685 65772s
 76238 41889 8433684.63   84  934 8711266.00 8385321.87  3.74%  3689 66109s
 76713 42336 8605102.44  167 1004 8711266.00 8385382.81  3.74%  3689 66528s
 77227 42736 8663277.04  204  872 8711266.00 8385473.43  3.74%  3685 66985s
 77712 43106 8513813.32   91  912 8711266.00 8385545.24  3.74%  3683 67411s
 78146 43426 8598167.88  129  895 8711266.00 8385812.19  3.74%  3684 67737s
 78553 43785 8702196.16  108  879 8711266.00 8385950.62  3.73%  3685 68055s
 78999 44052 8667129.78   61 1089 8711266.00 8386112.72  3.73%  3685 68360s
 79352 44391 8463663.73   67  827 8711266.00 8386197.03  3.73%  3689 68673s
 79787 44671 8644428.42  162  779 8711266.00 8386238.33  3.73%  3690 68981s
 80175 44969 8487407.17   82 1016 8711266.00 8386553.53  3.73%  3692 69270s
 80569 45204 8488113.58   56 1018 8711266.00 8386779.57  3.72%  3695 69586s
 80892 45390 8488218.43   56  908 8711266.00 8386968.45  3.72%  3701 69967s
 81201 45747 8483892.06   44  977 8711266.00 8387075.09  3.72%  3708 70272s
 81675 46048 8441698.38   38  971 8711266.00 8387206.59  3.72%  3709 70615s
 82080 46296 8425971.23   60 1017 8711266.00 8387495.81  3.72%  3712 70950s
 82422 46688 8485934.55   90 1023 8711266.00 8387720.81  3.71%  3717 71293s
 82918 47081     cutoff  184      8711266.00 8387745.06  3.71%  3718 71628s
 83416 47414 8446174.17   84  911 8711266.00 8387868.08  3.71%  3719 71977s
 83841 47947 8473490.62   78  799 8711266.00 8387948.57  3.71%  3722 72444s
 84516 48232 8660673.44   91 1013 8711266.00 8387974.70  3.71%  3719 72713s
 84887 48558 8549981.98   69  905 8711266.00 8388110.12  3.71%  3721 73003s
 85300 48829 8537085.49   91 1094 8711266.00 8388168.01  3.71%  3723 73357s
 85712 49151 8491179.87   83  833 8711266.00 8388225.74  3.71%  3725 73674s
 86136 49465 8650011.76  110  814 8711266.00 8388330.35  3.71%  3726 73979s
 86556 49818 8537942.35   98 1041 8711266.00 8388447.67  3.71%  3728 74309s
 87001 50192 8614546.04  119  918 8711266.00 8388664.85  3.70%  3728 74653s
 87480 50548 8703372.81  137  991 8711266.00 8388865.84  3.70%  3727 74955s
 87915 50838 infeasible  154      8711266.00 8389039.95  3.70%  3728 75269s
 88310 51116 8419822.97   57 1099 8711266.00 8389199.50  3.70%  3730 75594s
 88685 51486 8636510.10  113  997 8711266.00 8389313.86  3.70%  3733 75951s
 89125 51807 8592564.87  102  844 8711266.00 8389536.22  3.69%  3734 76236s
 89548 52063     cutoff   98      8711266.00 8389747.02  3.69%  3735 76544s
 89912 52417 8425901.00   66 1070 8711266.00 8389939.94  3.69%  3739 77001s
 90320 52735 8555371.35   83  822 8711266.00 8390052.06  3.69%  3741 77477s
 90761 52960 8555629.90   65  941 8711266.00 8390252.92  3.69%  3743 77826s
 91152 53303 8425407.32   39 1003 8711266.00 8390486.69  3.68%  3747 78209s
 91569 53572     cutoff   65      8711266.00 8390605.24  3.68%  3749 78553s
 91961 53871 8411703.19   50  959 8711266.00 8390719.85  3.68%  3753 78891s
 92347 54113 8473056.45   65 1025 8711266.00 8390870.84  3.68%  3756 79351s
 92655 54359 8414630.64   63  978 8711266.00 8390907.86  3.68%  3764 79680s
 93099 54592 8448838.21   75  943 8711266.00 8390932.38  3.68%  3768 80029s
 93462 54926 8474695.18   42  963 8711266.00 8391089.06  3.68%  3773 80379s
 93864 55280 8604149.12   93  804 8711266.00 8391232.03  3.67%  3777 80875s
 94449 55484 8472846.04   65 1025 8711266.00 8391364.93  3.67%  3776 81115s
 94763 55790 8509526.11   48  949 8711266.00 8391449.85  3.67%  3779 81498s
 95142 56182 8581525.93   85  964 8711266.00 8391637.32  3.67%  3780 81818s
 95629 56589 8661771.70  112  967 8711266.00 8391713.35  3.67%  3779 82182s
 96126 56827 8459169.35   42  988 8711266.00 8391854.84  3.67%  3777 82512s
 96472 57174 8410190.65   76  989 8711266.00 8391918.53  3.67%  3780 82806s
 96952 57559 8422848.42   66 1057 8711266.00 8392067.57  3.66%  3780 83110s
 97425 57862 8479121.38   41  993 8711266.00 8392242.31  3.66%  3778 83387s
 97820 58132 8690739.62   99  936 8711266.00 8392354.13  3.66%  3780 83689s
 98228 58401 8641773.14  110  930 8711266.00 8392472.10  3.66%  3780 84024s
 98630 58667 infeasible  103      8711266.00 8392572.10  3.66%  3782 84311s
 98957 59002 8565194.98   61 1011 8711266.00 8392848.02  3.66%  3785 84615s
 99346 59249 8662908.81  113  961 8711266.00 8392854.11  3.66%  3789 84919s
 99715 59579 8682121.79  108  939 8711266.00 8393044.61  3.65%  3792 85227s
 100116 59780 8432923.43   65 1014 8711266.00 8393264.23  3.65%  3794 85569s
 100465 60123 8466574.02   52 1076 8711266.00 8393368.05  3.65%  3798 85907s
 100889 60474 infeasible   58      8711266.00 8393501.37  3.65%  3800 86221s
 101334 60687 8549256.08   96  913 8711266.00 8393627.61  3.65%  3801 86399s

Cutting planes:
  Gomory: 34
  Cover: 36
  Implied bound: 477
  Projected implied bound: 49
  Clique: 2
  MIR: 1150
  Flow cover: 3490
  GUB cover: 2
  Inf proof: 2
  Zero half: 75
  RLT: 319
  Relax-and-lift: 623

Explored 101602 nodes (386648840 simplex iterations) in 86399.41 seconds (134036.76 work units)
Thread count was 4 (of 128 available processors)

Solution count 10: 8.71127e+06 8.71127e+06 8.78072e+06 ... 8.97586e+06

Time limit reached
Best objective 8.711266000000e+06, best bound 8.393707400526e+06, gap 3.6454%

Solving took 	23:59:59.415
####################################################################################################
####################################################################################################
####################################################################################################
Reached timelimit, but could find a feasible solution
####################################################################################################
Description                         Value
----------------------------  -----------
Objective (min)               8,711,266.0
Cost sailing                  5,096,377.0
Cost port visits              4,998,695.0
Cost transshipment (demands)     63,702.0
Cost transshipment (empties)    124,340.0
Penalty delayed demands         183,939.0
Revenue Empties               1,926,487.0
Penalty rejected demands        170,700.0
Rejected demands (%)                 0.41
Omitted ports (%)                   22.38
Gap (%)                              3.65
####################################################################################################
Export solution
####################################################################################################
Overall time 	00:00:00.295

real	1440m1.013s
user	4939m56.927s
sys	1m3.567s
finished at Fri Mar 17 14:57:42 CET 2023
