cpu-bind=MASK - n2lcn0125, task  0  0 [3856129]: mask |--------|--------||BBBB----|--------||--------|--------||--------|--------||||--------|--------||--------|--------||--------|--------||--------|--------|  set
started at Thu Mar 16 14:57:41 CET 2023
Timecheck 9936618.826407636
Set parameter TokenServer to value "license3.uni-paderborn.de"
Warning: Gurobi version mismatch between Python 10.0.1 and C library 10.0.0
Timecheck 9936618.871472713
Timecheck 9936618.871702174
Timecheck 9936618.871739464
Timecheck 9936618.871764774


####################################################################################################
Solve scenario sce_5_26_1 with free vessel operation using the arc flow model
Vessels can omit ports, Demands can be rejected
####################################################################################################
Data preprocessing, load /upb/departments/pc2/groups/hpc-prf-winf4/dwetzel/SILSRP/inst_final/sce_5_26_1
and create additional sets and parameters
	|- Read vessel information, number of vessels:	10
	|- Read node information, number of nodes:		554
	|- Read arc information
		|- Number of sailing arcs:			3104
		|- Number of transshipment arcs:	977
	|- Read container information
		|- Number of demands:		1239
		|- Number of empties (+/-):	227/251
	|- Create additional sets and parameters

Data preprocessing took 	00:00:00.738
####################################################################################################
Create linear model
Set parameter Threads to value 4
	|- Create variables, took	00:00:01.149
	|- Create objective, took	00:00:00.893
	|- Create constraints, took	00:00:03.247
	|- Load CVO start

Creating model took	00:00:05.293
####################################################################################################
Fix start solution

Set parameter TimeLimit to value 8.6394618728291243e+04
Gurobi Optimizer version 10.0.0 build v10.0.0rc2 (linux64)

CPU model: AMD EPYC 7763 64-Core Processor, instruction set [SSE2|AVX|AVX2]
Thread count: 128 physical cores, 128 logical processors, using up to 4 threads

Optimize a model with 62416 rows, 290244 columns and 992265 nonzeros
Model fingerprint: 0xbd4a9fee
Variable types: 257422 continuous, 32822 integer (32822 binary)
Coefficient statistics:
  Matrix range     [1e+00, 3e+05]
  Objective range  [1e+00, 1e+00]
  Bounds range     [1e+00, 3e+02]
  RHS range        [1e+00, 9e+07]
Found heuristic solution: objective 1.241690e+08
Presolve removed 55914 rows and 274303 columns
Presolve time: 0.68s
Presolved: 6502 rows, 15941 columns, 51121 nonzeros
Found heuristic solution: objective 6.744420e+07
Variable types: 14842 continuous, 1099 integer (1098 binary)

Root relaxation: objective 4.268323e+07, 2723 iterations, 0.03 seconds (0.02 work units)

    Nodes    |    Current Node    |     Objective Bounds      |     Work
 Expl Unexpl |  Obj  Depth IntInf | Incumbent    BestBd   Gap | It/Node Time

*    0     0               0    4.268323e+07 4.2683e+07  0.00%     -    0s

Explored 1 nodes (2723 simplex iterations) in 0.80 seconds (0.68 work units)
Thread count was 4 (of 128 available processors)

Solution count 3: 4.26832e+07 6.74442e+07 1.24169e+08 

Optimal solution found (tolerance 1.00e-04)
Best objective 4.268323400000e+07, best bound 4.268323400000e+07, gap 0.0000%

Fixing start solution took	00:00:06.207
####################################################################################################
####################################################################################################
Solve optimization model

Set parameter TimeLimit to value 86393.793043416
Gurobi Optimizer version 10.0.0 build v10.0.0rc2 (linux64)

CPU model: AMD EPYC 7763 64-Core Processor, instruction set [SSE2|AVX|AVX2]
Thread count: 128 physical cores, 128 logical processors, using up to 4 threads

Optimize a model with 61863 rows, 290244 columns and 991712 nonzeros
Model fingerprint: 0x23815cc2
Variable types: 257422 continuous, 32822 integer (32822 binary)
Coefficient statistics:
  Matrix range     [1e+00, 3e+05]
  Objective range  [1e+00, 1e+00]
  Bounds range     [1e+00, 3e+02]
  RHS range        [1e+00, 9e+07]

MIP start from previous solve produced solution with objective 4.26832e+07 (0.59s)
Loaded MIP start from previous solve with objective 4.26832e+07

Presolve removed 5562 rows and 6400 columns
Presolve time: 1.95s
Presolved: 56301 rows, 283844 columns, 830481 nonzeros
Variable types: 253209 continuous, 30635 integer (30635 binary)
Deterministic concurrent LP optimizer: primal simplex, dual simplex, and barrier
Showing barrier log only...

Root barrier log...

Ordering time: 3.44s

Barrier statistics:
 AA' NZ     : 7.676e+05
 Factor NZ  : 1.350e+07 (roughly 250 MB of memory)
 Factor Ops : 1.081e+10 (less than 1 second per iteration)
 Threads    : 2

                  Objective                Residual
Iter       Primal          Dual         Primal    Dual     Compl     Time
   0   4.72516812e+16 -2.43612025e+15  2.98e+10 8.43e+03  1.96e+13     7s
   1   1.29807967e+16 -5.38258161e+14  8.10e+09 4.46e+03  5.41e+12     8s
   2   1.00063579e+15 -1.14941112e+14  6.23e+08 1.20e+02  4.17e+11     8s
   3   1.11600230e+14 -4.10863959e+13  6.93e+07 4.95e-10  4.69e+10     9s
   4   2.33939763e+13 -1.01887791e+13  1.45e+07 5.09e-10  9.85e+09     9s
   5   4.25833796e+12 -2.81362491e+12  2.63e+06 5.24e-10  1.81e+09     9s
   6   5.44392388e+11 -8.93256126e+11  3.35e+05 5.82e-10  2.34e+08    10s
   7   5.71513328e+10 -3.68962495e+11  3.50e+04 6.11e-10  2.52e+07    11s
   8   4.75360769e+09 -2.02408796e+11  2.85e+03 7.86e-10  2.35e+06    11s
   9   1.04504136e+09 -1.15680105e+11  5.63e+02 1.98e-09  5.55e+05    12s
  10   5.36057326e+08 -6.48677961e+10  2.50e+02 1.22e-09  2.42e+05    12s
  11   2.22374849e+08 -2.95366265e+10  7.25e+01 8.73e-10  8.26e+04    12s
  12   1.35806003e+08 -1.36161332e+10  2.75e+01 1.63e-09  3.37e+04    13s
  13   8.98467336e+07 -6.35215449e+09  6.34e+00 6.98e-09  1.30e+04    13s
  14   7.36823327e+07 -2.89343497e+09  1.89e+00 4.31e-09  5.51e+03    13s
  15   6.81715959e+07 -1.63468603e+09  1.08e+00 5.36e-09  3.09e+03    14s
  16   6.34050281e+07 -9.70393932e+08  6.55e-01 2.15e-09  1.85e+03    14s
  17   5.95475903e+07 -5.09094789e+08  4.32e-01 1.57e-09  1.01e+03    14s
  18   5.26168565e+07 -3.04662805e+08  2.08e-01 9.90e-10  6.30e+02    15s
  19   4.87606735e+07 -1.99955436e+08  1.48e-01 6.60e-10  4.38e+02    15s
  20   4.39829907e+07 -1.24728241e+08  9.62e-02 6.66e-10  2.96e+02    16s
  21   4.05117954e+07 -7.99992316e+07  7.02e-02 6.91e-10  2.11e+02    16s
  22   3.49795397e+07 -4.07281113e+07  3.86e-02 6.88e-10  1.33e+02    16s
  23   3.22842508e+07 -1.72983250e+07  2.80e-02 3.48e-09  8.68e+01    17s
  24   2.77695699e+07 -8.32457180e+06  1.35e-02 4.36e-09  6.32e+01    17s
  25   2.47565283e+07  4.10347932e+06  7.32e-03 3.63e-09  3.61e+01    18s
  26   2.32615458e+07  1.05112908e+07  5.09e-03 1.24e-09  2.23e+01    18s
  27   2.11524355e+07  1.37060861e+07  2.40e-03 1.18e-09  1.30e+01    18s
  28   2.04445624e+07  1.62258223e+07  1.61e-03 5.08e-10  7.38e+00    19s
  29   1.93584231e+07  1.74343148e+07  4.90e-04 7.24e-10  3.37e+00    19s
  30   1.89815505e+07  1.83685830e+07  1.38e-04 2.73e-09  1.07e+00    20s
  31   1.88788385e+07  1.86195883e+07  5.43e-05 2.72e-09  4.53e-01    20s
  32   1.88400489e+07  1.87526511e+07  2.62e-05 9.33e-09  1.53e-01    20s
  33   1.88256401e+07  1.87749343e+07  1.76e-05 6.04e-09  8.87e-02    21s
  34   1.88048218e+07  1.87901329e+07  4.69e-06 7.33e-09  2.57e-02    21s
  35   1.88012094e+07  1.87945597e+07  2.71e-06 5.34e-09  1.16e-02    22s
  36   1.87969444e+07  1.87952932e+07  4.51e-07 4.55e-09  2.89e-03    22s
  37   1.87962144e+07  1.87960573e+07  5.44e-08 1.07e-08  2.75e-04    23s
  38   1.87961067e+07  1.87961027e+07  7.63e-09 2.28e-07  7.09e-06    23s
  39   1.87961060e+07  1.87961060e+07  1.01e-08 1.23e-05  3.10e-08    23s
  40   4.72516669e+16 -2.45516092e+16  2.98e+10 2.78e+03  1.96e+14    24s
  41   5.71458919e+15 -2.42196907e+15  3.56e+09 4.65e-09  1.61e+13    24s
  42   5.87068421e+14 -4.94243415e+14  3.65e+08 5.17e-09  1.33e+12    25s
  43   1.18946088e+14 -1.57752484e+14  7.38e+07 3.24e-09  2.54e+11    25s
  44   1.39119175e+13 -3.03765861e+13  8.60e+06 4.00e-09  2.46e+10    26s
  45   2.48336423e+12 -9.37040271e+12  1.53e+06 3.95e-09  4.11e+09    27s
  46   3.85794614e+11 -2.80970060e+12  2.38e+05 2.67e-09  5.44e+08    27s
  47   6.87540092e+10 -1.02739450e+12  4.23e+04 1.83e-09  7.67e+07    27s
  48   1.76070816e+10 -3.19031823e+11  1.08e+04 8.26e-10  1.02e+07    28s
  49   6.33442161e+09 -1.13224765e+11  3.86e+03 5.15e-10  1.82e+06    28s
  50   1.81362901e+09 -3.63630871e+10  1.05e+03 5.01e-10  2.54e+05    29s
  51   6.95551182e+08 -1.71356631e+10  3.57e+02 3.85e-10  7.23e+04    29s
  52   3.62875709e+08 -7.12481105e+09  1.58e+02 6.31e-10  2.47e+04    29s
  53   1.91575035e+08 -4.35538710e+09  6.24e+01 3.53e-10  1.16e+04    30s
  54   9.25758347e+07 -1.54743963e+09  1.52e+01 1.70e-10  3.51e+03    30s
  55   6.01115058e+07 -4.92540327e+08  3.04e+00 6.20e-10  1.04e+03    31s
  56   5.01017062e+07 -2.02205397e+08  1.29e+00 7.63e-10  4.58e+02    31s
  57   4.30976855e+07 -1.20710455e+08  7.26e-01 6.32e-10  2.92e+02    32s
  58   3.78951678e+07 -5.17323338e+07  4.39e-01 6.15e-10  1.59e+02    32s
  59   3.25783938e+07 -2.72901379e+07  2.53e-01 9.80e-10  1.05e+02    32s
  60   2.94412976e+07 -1.03284037e+07  1.66e-01 5.57e-10  6.99e+01    33s
  61   2.46963746e+07  3.21996205e+06  6.90e-02 1.67e-09  3.76e+01    33s
  62   2.22434422e+07  9.29445471e+06  3.51e-02 1.82e-09  2.27e+01    34s
  63   2.08693113e+07  1.28820892e+07  1.97e-02 1.02e-08  1.40e+01    34s
  64   2.01960463e+07  1.49151982e+07  1.27e-02 5.81e-09  9.25e+00    35s
  65   1.96197034e+07  1.66035296e+07  7.17e-03 3.93e-09  5.28e+00    35s
  66   1.90528082e+07  1.77832717e+07  1.98e-03 1.89e-08  2.22e+00    35s
  67   1.88951274e+07  1.85203687e+07  6.80e-04 6.90e-08  6.56e-01    36s
  68   1.88366862e+07  1.87298251e+07  2.59e-04 5.23e-07  1.87e-01    36s
  69   1.88171229e+07  1.87719240e+07  1.33e-04 8.95e-07  7.92e-02    37s
  70   1.88045295e+07  1.87903230e+07  5.30e-05 6.35e-07  2.49e-02    37s
  71   1.87995420e+07  1.87945635e+07  2.17e-05 9.51e-07  8.73e-03    38s
  72   1.87968564e+07  1.87955768e+07  4.79e-06 3.22e-06  2.24e-03    38s
  73   1.87961126e+07  1.87960879e+07  6.81e-08 1.84e-05  4.33e-05    39s
  74   1.87961079e+07  1.87960922e+07  2.16e-08 3.62e-05  2.76e-05    40s
  75   1.87961061e+07  1.87960928e+07  5.86e-09 2.94e-05  2.32e-05    40s
  76   1.87961060e+07  1.87960929e+07  2.94e-09 3.25e-05  2.29e-05    41s
  77   1.87961060e+07  1.87960932e+07  2.23e-09 1.37e-04  2.24e-05    41s
  78   1.87961060e+07  1.87960934e+07  2.73e-09 8.75e-05  2.21e-05    42s
  79   1.87961060e+07  1.87960934e+07  3.26e-09 1.69e-04  2.21e-05    42s
  80   1.87961060e+07  1.87960934e+07  3.91e-09 1.99e-04  2.21e-05    43s
  81   1.87961060e+07  1.87960934e+07  3.93e-09 1.22e-04  2.20e-05    43s
  82   1.87961061e+07  1.87960934e+07  5.10e-09 4.07e-04  2.21e-05    44s
  83   1.87961061e+07  1.87960932e+07  8.19e-09 4.05e-04  2.20e-05    44s
  84   1.87961061e+07  1.87960961e+07  7.42e-09 3.42e-04  1.71e-05    45s
  85   1.87961060e+07  1.87960961e+07  2.04e-08 3.34e-04  1.70e-05    46s
  86   1.87961060e+07  1.87960964e+07  2.02e-08 4.95e-04  1.66e-05    46s
  87   1.87961060e+07  1.87960964e+07  2.08e-08 4.27e-04  1.63e-05    47s
  88   1.87961060e+07  1.87961059e+07  2.81e-08 6.86e-03  2.72e-07    47s
  89   1.87961060e+07  1.87961059e+07  1.06e-08 5.96e-03  2.18e-07    48s
  90   1.87961060e+07  1.87961059e+07  5.79e-09 4.82e-03  2.18e-07    48s
  91   1.87961060e+07  1.87961148e+07  3.16e-09 1.15e+01  1.09e-07    49s
  92   1.87961060e+07  1.87958766e+07  1.81e-09 1.18e+01  5.41e-08    50s
  93   1.87961060e+07  1.87959907e+07  1.16e-09 5.16e+01  2.71e-08    51s
  94   1.87961060e+07  1.87960321e+07  5.40e-09 1.46e+02  4.93e-09    51s
  95   1.87961060e+07  1.87960659e+07  3.70e-09 1.11e+02  2.47e-09    52s
  96   1.87961060e+07  1.87960265e+07  2.79e-09 2.25e+02  2.35e-09    52s
  97   1.87961060e+07  1.87960957e+07  2.07e-09 8.81e+01  6.84e-11    53s
  98   1.87961060e+07  1.87953746e+07  8.57e-10 2.95e+02  6.17e-12    54s
  99   1.87961060e+07  1.87949968e+07  3.75e-09 2.01e+02  4.10e-12    54s
 100   1.87961060e+07  1.87948150e+07  2.82e-09 2.33e+02  3.72e-12    54s
 101   1.87961060e+07  1.87955123e+07  1.73e-09 2.18e+02  1.80e-12    55s
 102   1.87961060e+07  1.87949340e+07  1.36e-09 1.60e+02  1.06e-12    55s
 103   1.87961060e+07  1.87949767e+07  1.24e-09 1.60e+02  9.39e-13    56s
 104   1.87961060e+07  1.87934536e+07  2.67e-09 1.38e+02  8.03e-13    56s
 105   1.87961060e+07  1.87918796e+07  2.43e-09 1.66e+02  7.72e-13    57s
 106   1.87961060e+07  1.87937930e+07  1.93e-09 4.92e+02  3.83e-13    57s
 107   1.87961060e+07  1.87934605e+07  1.61e-09 3.37e+02  2.93e-13    58s
 108   1.87961060e+07  1.87968398e+07  1.19e-09 2.13e+02  2.35e-13    58s
 109   1.87961060e+07  1.87967016e+07  1.03e-09 2.27e+02  2.08e-13    59s
 110   1.87961060e+07  1.87960790e+07  8.53e-10 2.35e+02  2.04e-13    59s
 111   1.87961060e+07  1.87953466e+07  7.86e-10 2.31e+02  1.95e-13    60s
 112   1.87961060e+07  1.87967448e+07  7.46e-10 2.71e+02  1.51e-13    60s
 113   1.87961060e+07  1.87784437e+07  5.86e-10 6.94e+02  1.15e-13    61s
 114   1.87961060e+07  1.87805051e+07  5.27e-10 5.33e+02  9.11e-14    61s
 115   1.87961060e+07  1.87996942e+07  4.35e-10 9.22e+02  7.66e-14    62s
 116   1.87961060e+07  1.88080310e+07  4.16e-10 1.23e+03  6.95e-14    62s
 117   1.87961060e+07  1.87441673e+07  5.61e-10 6.56e+03  6.04e-14    62s
 118   1.87961060e+07  1.86502325e+07  2.47e-09 7.45e+03  5.67e-14    63s
 119   1.87961060e+07  1.86612631e+07  2.11e-09 6.84e+03  5.17e-14    63s
 120   1.87961060e+07  1.86627831e+07  2.02e-09 6.77e+03  5.10e-14    64s
 121   1.87961060e+07  1.86745723e+07  1.79e-09 6.16e+03  4.67e-14    64s
 122   1.87961060e+07  1.87009262e+07  1.35e-09 4.87e+03  3.68e-14    65s
 123   1.87961060e+07  1.87068284e+07  1.25e-09 4.63e+03  3.48e-14    65s
 124   1.87961060e+07  1.87031407e+07  1.45e-08 4.59e+03  3.44e-14    66s
 125   1.87961060e+07  1.88013104e+07  1.40e-08 5.56e+03  4.07e-14    66s
 126   1.87961060e+07  1.88019318e+07  1.38e-08 5.51e+03  4.05e-14    67s
 127   1.87961060e+07  1.82267997e+07  7.85e-09 4.43e+03  3.33e-14    67s
 128   1.87961060e+07  1.82024186e+07  2.27e-08 1.22e+03  3.25e-14    68s
 129   1.87961060e+07  1.83364566e+07  2.67e-08 9.88e+02  2.85e-14    68s
 130   1.87961060e+07  1.84001914e+07  2.27e-08 8.63e+02  2.49e-14    69s
 131   1.87961060e+07  1.84389111e+07  2.20e-08 7.43e+02  2.40e-14    70s
 132   1.87961060e+07  1.85032820e+07  1.94e-08 6.18e+02  2.01e-14    71s
 133   1.87961060e+07  1.85450644e+07  1.78e-08 5.37e+02  1.68e-14    71s
 134   1.87961060e+07  1.85505856e+07  1.70e-08 5.26e+02  1.64e-14    72s
 135   1.87961060e+07  1.84687955e+07  2.40e-08 7.44e+02  2.89e-14    72s
 136   1.87961060e+07  1.84191877e+07  2.44e-08 1.00e+03  4.14e-14    73s
 137   1.87961060e+07  1.82025783e+07  2.76e-08 9.86e+02  5.01e-14    73s
 138   1.87961060e+07  1.81532869e+07  2.85e-08 1.27e+03  5.25e-14    74s
 139   1.87961060e+07  1.81749300e+07  1.77e-08 2.19e+03  6.57e-14    74s
 140   1.87961060e+07  1.65461411e+07  1.73e-08 4.69e+03  8.85e-14    75s
 141   1.87961060e+07  1.73821287e+07  3.32e-08 4.83e+03  9.79e-14    75s
 142   1.87961060e+07  1.73145646e+07  3.00e-08 7.43e+03  9.19e-14    76s
 143   1.87961060e+07  1.85767079e+07  2.87e-08 8.19e+03  9.04e-14    76s
 144   1.87961060e+07  1.85842600e+07  2.75e-08 7.89e+03  8.70e-14    77s
 145   1.87961060e+07  1.85974620e+07  2.55e-08 7.44e+03  8.14e-14    77s
 146   1.87961060e+07  1.86049315e+07  2.48e-08 7.19e+03  7.89e-14    78s
 147   1.87961060e+07  1.86082042e+07  2.62e-08 7.04e+03  7.73e-14    78s
 148   1.87961060e+07  1.86231309e+07  2.20e-08 6.22e+03  6.94e-14    79s
 149   1.87961060e+07  1.86256456e+07  2.04e-08 5.01e+03  6.04e-14    80s
 150   1.87961060e+07  1.86412866e+07  1.96e-08 4.59e+03  5.67e-14    80s
 151   1.87961060e+07  1.86470381e+07  1.87e-08 4.43e+03  5.43e-14    81s
 152   1.87961060e+07  1.86906598e+07  1.86e-08 3.72e+03  5.11e-14    81s
 153   1.87961060e+07  1.86999420e+07  1.81e-08 3.68e+03  5.00e-14    82s
 154   1.87961060e+07  1.87031920e+07  1.75e-08 2.79e+03  4.70e-14    82s
 155   1.87961060e+07  1.87042169e+07  1.72e-08 2.71e+03  4.58e-14    83s
 156   1.87961060e+07  1.86322429e+07  1.64e-08 2.67e+03  4.30e-14    83s
 157   1.87961060e+07  1.86444192e+07  1.51e-08 2.49e+03  3.95e-14    84s
 158   1.87961060e+07  1.86451884e+07  1.49e-08 2.48e+03  3.93e-14    84s
 159   1.87961060e+07  1.86590762e+07  1.38e-08 2.33e+03  3.63e-14    85s
 160   1.87961060e+07  2.25192979e+07  1.42e-08 6.17e+03  5.90e-14    85s
 161   1.87961060e+07  2.22249412e+07  1.33e-08 5.69e+03  5.47e-14    86s
 162   1.87961060e+07  1.97437755e+07  1.44e-08 3.69e+04  1.61e-13    86s
 163   1.87961060e+07  1.97447226e+07  1.43e-08 3.62e+04  1.60e-13    87s
 164   1.87961060e+07  1.94964246e+07  1.39e-08 4.07e+04  1.94e-13    87s
 165   1.87961060e+07  2.07459962e+07  1.36e-08 3.81e+04  2.19e-13    88s
 166   1.87961060e+07  1.97597699e+07  1.33e-08 3.67e+04  2.87e-13    88s
 167   1.87961060e+07  1.89811986e+07  1.32e-08 3.63e+04  3.15e-13    89s
 168   1.87961060e+07  1.85585401e+07  1.52e-08 3.63e+04  4.27e-13    89s
 169   1.87961060e+07  1.85701197e+07  1.45e-08 3.51e+04  4.66e-13    90s
 170   1.87961060e+07  1.83533186e+07  1.33e-08 3.57e+04  4.74e-13    90s
 171   1.87961060e+07  2.08447755e+07  1.29e-08 3.16e+04  4.67e-13    91s
 172   1.87961060e+07  1.84574798e+07  1.27e-08 3.15e+04  5.01e-13    92s
 173   1.87961060e+07  1.84711585e+07  1.25e-08 3.12e+04  4.94e-13    92s
 174   1.87961060e+07  1.81692558e+07  1.20e-08 3.24e+04  5.04e-13    93s
 175   1.87961060e+07  1.81888143e+07  1.17e-08 3.10e+04  4.90e-13    93s
 176   1.87961060e+07  1.81586253e+07  1.11e-08 2.81e+04  4.68e-13    94s
 177   1.87961060e+07  1.81776984e+07  1.06e-08 2.65e+04  4.46e-13    94s
 178   1.87961060e+07  1.82006789e+07  1.02e-08 2.55e+04  4.31e-13    95s
 179   1.87961060e+07  1.82383149e+07  9.70e-09 2.39e+04  4.08e-13    95s
 180   1.87961060e+07  1.82527010e+07  9.57e-09 2.31e+04  4.00e-13    96s
 181   1.87961060e+07  1.82645716e+07  9.31e-09 2.25e+04  3.90e-13    96s
 182   1.87961060e+07  1.82765466e+07  8.98e-09 2.17e+04  3.76e-13    97s
 183   1.87961060e+07  1.82819187e+07  8.65e-09 2.14e+04  3.66e-13    97s
 184   1.87961060e+07  1.82902366e+07  8.40e-09 2.03e+04  3.52e-13    98s
 185   1.87961060e+07  1.83104199e+07  7.93e-09 1.90e+04  3.30e-13    99s
 186   1.87961060e+07  1.83151236e+07  7.68e-09 1.88e+04  3.23e-13    99s
 187   1.87961060e+07  1.83397375e+07  7.00e-09 1.75e+04  2.96e-13   100s
 188   1.87961060e+07  1.83422089e+07  6.61e-09 1.72e+04  2.84e-13   100s
 189   1.87961060e+07  1.83474690e+07  6.46e-09 1.70e+04  2.79e-13   101s
 190   1.87961060e+07  1.83497477e+07  6.45e-09 1.69e+04  2.78e-13   101s
 191   1.87961060e+07  1.84017989e+07  6.02e-09 1.50e+04  2.54e-13   102s
 192   1.87961060e+07  1.84129004e+07  5.61e-09 1.13e+04  2.33e-13   102s
 193   1.87961060e+07  1.84187450e+07  5.53e-09 1.11e+04  2.29e-13   103s
 194   1.87961060e+07  1.84497102e+07  4.92e-09 1.02e+04  2.07e-13   103s
 195   1.87961060e+07  1.84243520e+07  4.63e-09 9.31e+03  1.93e-13   104s
 196   1.87961060e+07  1.84403388e+07  4.36e-09 8.92e+03  1.83e-13   104s
 197   1.87961060e+07  1.84466869e+07  4.18e-09 8.76e+03  1.77e-13   105s
 198   1.87961060e+07  1.84835083e+07  3.57e-09 7.84e+03  1.55e-13   106s
 199   1.87961060e+07  1.85078093e+07  3.42e-09 7.23e+03  1.46e-13   106s
 200   1.87961060e+07  1.85213807e+07  3.29e-09 6.92e+03  1.40e-13   107s
 201   1.87961060e+07  1.84369711e+07  3.14e-09 8.53e+03  1.28e-13   107s
 202   1.87961060e+07  1.84642772e+07  2.86e-09 7.89e+03  1.17e-13   108s
 203   1.87961060e+07  1.84798239e+07  2.74e-09 7.52e+03  1.12e-13   108s
 204   1.87961060e+07  1.84875844e+07  2.73e-09 7.41e+03  1.11e-13   109s
 205   1.87961060e+07  1.85278094e+07  2.58e-09 6.36e+03  1.04e-13   109s
 206   1.87961060e+07  1.90439167e+07  2.50e-09 9.95e+03  1.05e-13   110s
 207   1.87961060e+07  1.90422306e+07  2.44e-09 9.91e+03  1.03e-13   111s
 208   1.87961060e+07  2.22036928e+07  2.61e-09 3.25e+04  1.14e-13   111s
 209   1.87961060e+07  2.21066457e+07  2.56e-09 3.15e+04  1.11e-13   112s
 210   1.87961060e+07  1.87435620e+07  2.68e-09 5.17e+04  1.10e-13   112s
 211   1.87961060e+07  1.87452409e+07  2.55e-09 5.02e+04  1.06e-13   113s
 212   1.87961060e+07  1.88047573e+07  2.53e-09 4.97e+04  1.05e-13   113s
 213   1.87961060e+07  1.88034597e+07  2.51e-09 4.94e+04  1.04e-13   114s
 214   1.87961060e+07  1.88037444e+07  2.36e-09 4.45e+04  9.60e-14   114s
 215   1.87961060e+07  1.97892305e+07  2.17e-09 4.56e+04  9.50e-14   115s
 216   1.87961060e+07  1.95826856e+07  2.05e-09 3.83e+04  8.60e-14   116s
 217   1.87961060e+07  1.95108417e+07  1.98e-09 3.48e+04  8.11e-14   116s
 218   1.87961060e+07  1.95068826e+07  1.96e-09 3.44e+04  8.05e-14   117s
 219   1.87961060e+07  1.94980142e+07  1.93e-09 3.40e+04  7.93e-14   117s
 220   1.87961060e+07  1.92205302e+07  4.23e-09 3.32e+04  2.10e-13   118s
 221   1.87961060e+07  1.91621675e+07  3.82e-09 2.85e+04  1.89e-13   119s
 222   1.87961060e+07  2.02033959e+07  1.53e-08 2.68e+04  4.06e-13   119s
 223   1.87961060e+07  2.01409777e+07  1.49e-08 2.56e+04  3.93e-13   120s
 224   1.87961060e+07  1.91825811e+07  1.53e-08 2.51e+04  4.92e-13   120s
 225   1.87961060e+07  1.97033066e+07  1.48e-08 2.42e+04  4.73e-13   121s
 226   1.87961060e+07  1.89773177e+07  1.40e-08 2.31e+04  6.07e-13   121s
 227   1.87961060e+07  1.89635695e+07  1.34e-08 2.19e+04  5.83e-13   122s
 228   1.87961060e+07  1.84000450e+07  1.30e-08 2.31e+04  7.36e-13   123s
 229   1.87961060e+07  1.84000928e+07  1.30e-08 2.31e+04  7.35e-13   123s
 230   1.87961060e+07  1.88384165e+07  1.38e-08 2.25e+04  7.23e-13   124s
 231   1.87961060e+07  2.01431604e+07  1.96e-08 2.79e+03  7.45e-13   124s
 232   1.87961060e+07  2.01135135e+07  1.95e-08 2.77e+03  7.37e-13   125s
 233   1.87961060e+07  1.87757506e+07  1.58e-08 2.92e+03  8.62e-13   125s
 234   1.87961060e+07  1.87925322e+07  1.43e-08 2.84e+03  8.27e-13   126s
 235   1.87961060e+07  1.86233113e+07  1.37e-08 3.19e+03  8.22e-13   126s
 236   1.87961060e+07  1.86551637e+07  1.31e-08 3.26e+03  7.83e-13   127s
 237   1.87961060e+07  1.75203140e+07  1.32e-08 2.50e+03  8.08e-13   127s
 238   1.87961060e+07  1.75303436e+07  1.28e-08 2.44e+03  7.85e-13   128s
 239   1.87961060e+07  1.75154866e+07  1.25e-08 2.40e+03  7.81e-13   128s
 240   1.87961060e+07  1.75290472e+07  1.22e-08 2.38e+03  7.67e-13   129s
 241   1.87961060e+07  1.75105086e+07  1.94e-08 2.37e+03  7.71e-13   130s

Barrier performed 241 iterations in 129.59 seconds (121.14 work units)
Sub-optimal termination - objective 1.87961060e+07


Root crossover log...

   48526 DPushes remaining with DInf 9.6630074e-05               130s
   12209 DPushes remaining with DInf 9.6619829e-05               130s
       0 DPushes remaining with DInf 0.0000000e+00               131s

    2837 PPushes remaining with PInf 0.0000000e+00               131s
       0 PPushes remaining with PInf 0.0000000e+00               131s

  Push phase complete: Pinf 0.0000000e+00, Dinf 1.4224637e-08    131s


Root simplex log...

Iteration    Objective       Primal Inf.    Dual Inf.      Time
   50126    1.8796106e+07   0.000000e+00   0.000000e+00    131s
Concurrent spin time: 43.15s (can be avoided by choosing Method=3)

Solved with barrier
   50126    1.8796106e+07   0.000000e+00   0.000000e+00    174s

Root relaxation: objective 1.879611e+07, 50126 iterations, 171.57 seconds (121.05 work units)
Total elapsed time = 177.24s
Total elapsed time = 180.02s

    Nodes    |    Current Node    |     Objective Bounds      |     Work
 Expl Unexpl |  Obj  Depth IntInf | Incumbent    BestBd   Gap | It/Node Time

     0     0 1.8796e+07    0 3530 4.2683e+07 1.8796e+07  56.0%     -  186s
     0     0 1.9925e+07    0 3419 4.2683e+07 1.9925e+07  53.3%     - 1596s
     0     0 2.0035e+07    0 3584 4.2683e+07 2.0035e+07  53.1%     - 2663s
     0     0 2.0035e+07    0 3590 4.2683e+07 2.0035e+07  53.1%     - 2665s
     0     0 2.0052e+07    0 3426 4.2683e+07 2.0052e+07  53.0%     - 3196s
     0     0 2.0055e+07    0 3564 4.2683e+07 2.0055e+07  53.0%     - 3438s
     0     0 2.0056e+07    0 3606 4.2683e+07 2.0056e+07  53.0%     - 3511s
     0     0 2.0056e+07    0 3567 4.2683e+07 2.0056e+07  53.0%     - 3530s
     0     0 2.0594e+07    0 3622 4.2683e+07 2.0594e+07  51.8%     - 5255s
     0     0 2.0594e+07    0 3659 4.2683e+07 2.0594e+07  51.8%     - 5371s
     0     0 2.0870e+07    0 3793 4.2683e+07 2.0870e+07  51.1%     - 8349s
     0     0 2.0870e+07    0 3814 4.2683e+07 2.0870e+07  51.1%     - 8522s
     0     0 2.0942e+07    0 3754 4.2683e+07 2.0942e+07  50.9%     - 10278s
     0     0 2.0942e+07    0 3790 4.2683e+07 2.0942e+07  50.9%     - 10489s
     0     0 2.0954e+07    0 3848 4.2683e+07 2.0954e+07  50.9%     - 11518s
     0     0 2.0954e+07    0 3841 4.2683e+07 2.0954e+07  50.9%     - 11684s
     0     0 2.0956e+07    0 3810 4.2683e+07 2.0956e+07  50.9%     - 12291s
     0     0 2.0956e+07    0 3820 4.2683e+07 2.0956e+07  50.9%     - 12428s
     0     0 2.0957e+07    0 3867 4.2683e+07 2.0957e+07  50.9%     - 13074s
     0     0 2.0957e+07    0 3886 4.2683e+07 2.0957e+07  50.9%     - 13246s
     0     0 2.0957e+07    0 3851 4.2683e+07 2.0957e+07  50.9%     - 13895s
     0     0 2.0957e+07    0 3849 4.2683e+07 2.0957e+07  50.9%     - 14042s
     0     0 2.1419e+07    0 3795 4.2683e+07 2.1419e+07  49.8%     - 19810s
     0     0 2.1419e+07    0 3752 4.2683e+07 2.1419e+07  49.8%     - 20165s
     0     0 2.1644e+07    0 3912 4.2683e+07 2.1644e+07  49.3%     - 23462s
     0     0 2.1644e+07    0 3987 4.2683e+07 2.1644e+07  49.3%     - 23554s
     0     0 2.1735e+07    0 3962 4.2683e+07 2.1735e+07  49.1%     - 26427s
     0     0 2.1735e+07    0 3960 4.2683e+07 2.1735e+07  49.1%     - 26838s
     0     0 2.1761e+07    0 3949 4.2683e+07 2.1761e+07  49.0%     - 29324s
     0     0 2.1761e+07    0 3929 4.2683e+07 2.1761e+07  49.0%     - 29561s
     0     0 2.1770e+07    0 3994 4.2683e+07 2.1770e+07  49.0%     - 31147s
     0     0 2.1770e+07    0 3944 4.2683e+07 2.1770e+07  49.0%     - 31551s
     0     0 2.1774e+07    0 3984 4.2683e+07 2.1774e+07  49.0%     - 33041s
     0     0 2.1774e+07    0 3911 4.2683e+07 2.1774e+07  49.0%     - 33357s
     0     0 2.1776e+07    0 3979 4.2683e+07 2.1776e+07  49.0%     - 34581s
     0     0 2.1776e+07    0 3980 4.2683e+07 2.1776e+07  49.0%     - 34913s
     0     0 2.1776e+07    0 3969 4.2683e+07 2.1776e+07  49.0%     - 35510s
     0     0 2.1776e+07    0 3979 4.2683e+07 2.1776e+07  49.0%     - 35848s
     0     0 2.2251e+07    0 3959 4.2683e+07 2.2251e+07  47.9%     - 40447s
     0     0 2.2251e+07    0 4005 4.2683e+07 2.2251e+07  47.9%     - 40663s
     0     0 2.2510e+07    0 3994 4.2683e+07 2.2510e+07  47.3%     - 47044s
     0     0 2.2510e+07    0 4164 4.2683e+07 2.2510e+07  47.3%     - 47154s
     0     0 2.2581e+07    0 4147 4.2683e+07 2.2581e+07  47.1%     - 50685s
     0     0 2.2581e+07    0 4147 4.2683e+07 2.2581e+07  47.1%     - 50685s
     0     0 2.2606e+07    0 4147 4.2683e+07 2.2606e+07  47.0%     - 53041s
     0     0 2.2606e+07    0 4071 4.2683e+07 2.2606e+07  47.0%     - 53878s
     0     0 2.2616e+07    0 4232 4.2683e+07 2.2616e+07  47.0%     - 57613s
     0     0 2.2620e+07    0 4296 4.2683e+07 2.2620e+07  47.0%     - 59469s
     0     0 2.2620e+07    0 4242 4.2683e+07 2.2620e+07  47.0%     - 60469s
     0     0 2.2623e+07    0 4255 4.2683e+07 2.2623e+07  47.0%     - 61543s
     0     0 2.2623e+07    0 4248 4.2683e+07 2.2623e+07  47.0%     - 61829s
     0     0 2.2624e+07    0 4304 4.2683e+07 2.2624e+07  47.0%     - 63711s
     0     0 2.2625e+07    0 4288 4.2683e+07 2.2625e+07  47.0%     - 65388s
     0     0 2.2625e+07    0 4229 4.2683e+07 2.2625e+07  47.0%     - 66285s
     0     0 2.2782e+07    0 4195 4.2683e+07 2.2782e+07  46.6%     - 75864s
     0     0 2.2858e+07    0 4334 4.2683e+07 2.2858e+07  46.4%     - 82854s
     0     0 2.2858e+07    0 4334 4.2683e+07 2.2858e+07  46.4%     - 82855s
     0     0 2.2883e+07    0 4292 4.2683e+07 2.2883e+07  46.4%     - 85463s
     0     0 2.2883e+07    0 4292 4.2683e+07 2.2883e+07  46.4%     - 85465s
     0     0          -    0      4.2683e+07 2.2883e+07  46.4%     - 86393s

Cutting planes:
  Gomory: 5
  Lift-and-project: 2
  Cover: 8
  Implied bound: 644
  Clique: 7
  MIR: 849
  StrongCG: 2
  Flow cover: 4226
  RLT: 549
  Relax-and-lift: 336

Explored 1 nodes (7165272 simplex iterations) in 86393.87 seconds (80189.15 work units)
Thread count was 4 (of 128 available processors)

Solution count 1: 4.26832e+07 

Time limit reached
Best objective 4.268323400000e+07, best bound 2.288305912578e+07, gap 46.3886%

Solving took 	23:59:53.886
####################################################################################################
####################################################################################################
####################################################################################################
Reached timelimit, but could find a feasible solution
####################################################################################################
Description                          Value
----------------------------  ------------
Objective (min)               42,683,234.0
Cost sailing                  15,597,225.0
Cost port visits              22,304,267.0
Cost transshipment (demands)   4,446,395.0
Cost transshipment (empties)   1,400,820.0
Penalty delayed demands        2,980,066.0
Revenue Empties                4,045,539.0
Penalty rejected demands               0.0
Rejected demands (%)                   0.0
Omitted ports (%)                      0.0
Gap (%)                              46.39
####################################################################################################
Export solution
####################################################################################################
Overall time 	1-00:00:01.248

real	1440m3.027s
user	1443m48.781s
sys	0m46.344s
finished at Fri Mar 17 14:57:44 CET 2023
