cpu-bind=MASK - n2lcn0125, task  0  0 [3856163]: mask |--------|----BBBB||--------|--------||--------|--------||--------|--------||||--------|--------||--------|--------||--------|--------||--------|--------|  set
started at Thu Mar 16 14:57:41 CET 2023
Timecheck 9936618.825751513
Set parameter TokenServer to value "license3.uni-paderborn.de"
Warning: Gurobi version mismatch between Python 10.0.1 and C library 10.0.0
Timecheck 9936618.871462785
Timecheck 9936618.871693304
Timecheck 9936618.871732334
Timecheck 9936618.871759174


####################################################################################################
Solve scenario sce_4_26_3 with free vessel operation using the arc flow model
Vessels can omit ports, Demands can be rejected
####################################################################################################
Data preprocessing, load /upb/departments/pc2/groups/hpc-prf-winf4/dwetzel/SILSRP/inst_final/sce_4_26_3
and create additional sets and parameters
	|- Read vessel information, number of vessels:	6
	|- Read node information, number of nodes:		397
	|- Read arc information
		|- Number of sailing arcs:			1631
		|- Number of transshipment arcs:	578
	|- Read container information
		|- Number of demands:		657
		|- Number of empties (+/-):	158/165
	|- Create additional sets and parameters

Data preprocessing took 	00:00:00.294
####################################################################################################
Create linear model
Set parameter Threads to value 4
	|- Create variables, took	00:00:00.323
	|- Create objective, took	00:00:00.294
	|- Create constraints, took	00:00:01.203
	|- Load CVO start

Creating model took	00:00:01.825
####################################################################################################
Fix start solution

Set parameter TimeLimit to value 8.6398143780378625e+04
Gurobi Optimizer version 10.0.0 build v10.0.0rc2 (linux64)

CPU model: AMD EPYC 7763 64-Core Processor, instruction set [SSE2|AVX|AVX2]
Thread count: 128 physical cores, 128 logical processors, using up to 4 threads

Optimize a model with 25830 rows, 91436 columns and 315156 nonzeros
Model fingerprint: 0x91c98d48
Variable types: 80603 continuous, 10833 integer (10833 binary)
Coefficient statistics:
  Matrix range     [1e+00, 3e+05]
  Objective range  [1e+00, 1e+00]
  Bounds range     [1e+00, 4e+02]
  RHS range        [1e+00, 3e+07]
Found heuristic solution: objective 5.071753e+07
Presolve removed 23797 rows and 87314 columns
Presolve time: 0.17s
Presolved: 2033 rows, 4122 columns, 13463 nonzeros
Found heuristic solution: objective 1.915559e+07
Variable types: 3632 continuous, 490 integer (489 binary)

Root relaxation: objective 1.632001e+07, 865 iterations, 0.01 seconds (0.00 work units)

    Nodes    |    Current Node    |     Objective Bounds      |     Work
 Expl Unexpl |  Obj  Depth IntInf | Incumbent    BestBd   Gap | It/Node Time

*    0     0               0    1.632001e+07 1.6320e+07  0.00%     -    0s

Explored 1 nodes (865 simplex iterations) in 0.22 seconds (0.20 work units)
Thread count was 4 (of 128 available processors)

Solution count 3: 1.632e+07 1.91556e+07 5.07175e+07 

Optimal solution found (tolerance 1.00e-04)
Best objective 1.632001000000e+07, best bound 1.632001000000e+07, gap 0.0000%

Fixing start solution took	00:00:02.099
####################################################################################################
####################################################################################################
Solve optimization model

Set parameter TimeLimit to value 8.6397901067145169e+04
Gurobi Optimizer version 10.0.0 build v10.0.0rc2 (linux64)

CPU model: AMD EPYC 7763 64-Core Processor, instruction set [SSE2|AVX|AVX2]
Thread count: 128 physical cores, 128 logical processors, using up to 4 threads

Optimize a model with 25434 rows, 91436 columns and 314760 nonzeros
Model fingerprint: 0x3f3fd3a3
Variable types: 80603 continuous, 10833 integer (10833 binary)
Coefficient statistics:
  Matrix range     [1e+00, 3e+05]
  Objective range  [1e+00, 1e+00]
  Bounds range     [1e+00, 4e+02]
  RHS range        [1e+00, 3e+07]

MIP start from previous solve produced solution with objective 1.632e+07 (0.14s)
Loaded MIP start from previous solve with objective 1.632e+07

Presolve removed 2570 rows and 2392 columns
Presolve time: 0.45s
Presolved: 22864 rows, 89044 columns, 264243 nonzeros
Variable types: 78947 continuous, 10097 integer (10097 binary)
Deterministic concurrent LP optimizer: primal and dual simplex
Showing first log only...


Root simplex log...

Iteration    Objective       Primal Inf.    Dual Inf.      Time
   43755    1.1008193e+07   0.000000e+00   5.132346e+07      5s
   69303    9.1697791e+06   0.000000e+00   4.998450e+08     10s
   93254    8.5147867e+06   0.000000e+00   1.382116e+08     15s
  117164    8.1509265e+06   0.000000e+00   9.709914e+06     20s
  139614    7.8890025e+06   0.000000e+00   8.314927e+06     25s
  161334    7.7072650e+06   0.000000e+00   3.150081e+06     30s
  182678    7.6077555e+06   0.000000e+00   3.831431e+06     35s
  203838    7.5104015e+06   0.000000e+00   7.584208e+06     40s
  223528    7.4577884e+06   0.000000e+00   1.557026e+06     45s
  243772    7.4218512e+06   0.000000e+00   8.015016e+05     50s
  257586    7.4041851e+06   0.000000e+00   4.504570e+06     55s
Concurrent spin time: 0.00s

Solved with dual simplex

Root simplex log...

Iteration    Objective       Primal Inf.    Dual Inf.      Time
  127683    7.3987570e+06   0.000000e+00   0.000000e+00     59s

Root relaxation: objective 7.398757e+06, 127683 iterations, 58.34 seconds (49.72 work units)

    Nodes    |    Current Node    |     Objective Bounds      |     Work
 Expl Unexpl |  Obj  Depth IntInf | Incumbent    BestBd   Gap | It/Node Time

     0     0 7398757.01    0 1763 1.6320e+07 7398757.01  54.7%     -   60s
H    0     0                    1.612354e+07 7398757.01  54.1%     -   60s
     0     0 7698539.07    0 1930 1.6124e+07 7698539.07  52.3%     -  184s
H    0     0                    1.606499e+07 7698539.07  52.1%     -  185s
     0     0 7773203.97    0 1958 1.6065e+07 7773203.97  51.6%     -  276s
     0     0 7784737.12    0 1991 1.6065e+07 7784737.12  51.5%     -  315s
     0     0 7786739.76    0 1951 1.6065e+07 7786739.76  51.5%     -  331s
     0     0 7786739.76    0 1991 1.6065e+07 7786739.76  51.5%     -  336s
     0     0 7786739.76    0 1999 1.6065e+07 7786739.76  51.5%     -  339s
     0     0 7912485.92    0 2020 1.6065e+07 7912485.92  50.7%     -  494s
H    0     0                    1.595731e+07 7964419.34  50.1%     -  624s
H    0     0                    1.588823e+07 7964419.34  49.9%     -  624s
     0     0 7964419.34    0 2134 1.5888e+07 7964419.34  49.9%     -  643s
H    0     0                    1.581456e+07 7984511.06  49.5%     -  749s
H    0     0                    1.575799e+07 7984511.06  49.3%     -  749s
     0     0 7984511.06    0 2174 1.5758e+07 7984511.06  49.3%     -  768s
H    0     0                    1.567359e+07 7988703.02  49.0%     -  822s
     0     0 7988703.02    0 2195 1.5674e+07 7988703.02  49.0%     -  838s
     0     0 7988703.02    0 2173 1.5674e+07 7988703.02  49.0%     -  853s
H    0     0                    1.553096e+07 7989726.21  48.6%     -  872s
     0     0 7989726.21    0 2156 1.5531e+07 7989726.21  48.6%     -  886s
     0     0 7989726.21    0 2135 1.5531e+07 7989726.21  48.6%     -  903s
     0     0 7990141.39    0 2166 1.5531e+07 7990141.39  48.6%     -  946s
     0     0 7990141.39    0 2213 1.5531e+07 7990141.39  48.6%     -  965s
H    0     0                    1.547726e+07 7990182.30  48.4%     -  986s
     0     0 7990182.30    0 2197 1.5477e+07 7990182.30  48.4%     - 1008s
     0     0 7990182.30    0 2192 1.5477e+07 7990182.30  48.4%     - 1008s
H    0     0                    1.545534e+07 7990182.30  48.3%     - 1010s
H    0     0                    1.523839e+07 8055173.22  47.1%     - 1461s
H    0     0                    1.522622e+07 8055173.22  47.1%     - 1461s
     0     0 8055173.22    0 2185 1.5226e+07 8055173.22  47.1%     - 1462s
H    0     0                    1.516708e+07 8055173.22  46.9%     - 1540s
H    0     0                    1.490270e+07 8096108.04  45.7%     - 1757s
H    0     0                    1.489511e+07 8096108.04  45.6%     - 1757s
H    0     0                    1.486715e+07 8096108.04  45.5%     - 1757s
H    0     0                    1.477053e+07 8096108.04  45.2%     - 1757s
     0     0 8096108.04    0 2232 1.4771e+07 8096108.04  45.2%     - 2032s
     0     0 8096108.04    0 2183 1.4771e+07 8096108.04  45.2%     - 2060s
H    0     0                    1.469631e+07 8109257.18  44.8%     - 2241s
H    0     0                    1.467460e+07 8109257.18  44.7%     - 2242s
     0     0 8109257.18    0 2153 1.4675e+07 8109257.18  44.7%     - 2400s
     0     0 8109257.18    0 2200 1.4675e+07 8109257.18  44.7%     - 2416s
H    0     0                    1.444235e+07 8113205.50  43.8%     - 2504s
     0     0 8113205.50    0 2184 1.4442e+07 8113205.50  43.8%     - 2672s
     0     0 8113205.50    0 2202 1.4442e+07 8113205.50  43.8%     - 2700s
H    0     0                    1.427024e+07 8114625.84  43.1%     - 2771s
H    0     0                    1.415702e+07 8114625.84  42.7%     - 2771s
     0     0 8114625.84    0 2207 1.4157e+07 8114625.84  42.7%     - 2916s
     0     0 8114625.84    0 2198 1.4157e+07 8114625.84  42.7%     - 2934s
H    0     0                    1.409054e+07 8115207.03  42.4%     - 2966s
     0     0 8115207.03    0 2222 1.4091e+07 8115207.03  42.4%     - 3027s
     0     0 8115207.03    0 2238 1.4091e+07 8115207.03  42.4%     - 3028s
H    0     0                    1.404156e+07 8115452.13  42.2%     - 3042s
     0     0 8115452.13    0 2185 1.4042e+07 8115452.13  42.2%     - 3043s
     0     0 8115519.77    0 2234 1.4042e+07 8115519.77  42.2%     - 3055s
     0     0 8115519.77    0 2200 1.4042e+07 8115519.77  42.2%     - 3080s
H    0     0                    1.404099e+07 8160173.13  41.9%     - 3320s
H    0     0                    1.403504e+07 8160173.13  41.9%     - 3320s
H    0     0                    1.386858e+07 8160173.13  41.2%     - 3320s
     0     0 8160173.13    0 2165 1.3869e+07 8160173.13  41.2%     - 3370s
     0     0 8160173.13    0 2155 1.3869e+07 8160173.13  41.2%     - 3407s
H    0     0                    1.382100e+07 8160173.13  41.0%     - 3431s
H    0     0                    1.351974e+07 8174867.24  39.5%     - 3580s
     0     0 8174867.24    0 2222 1.3520e+07 8174867.24  39.5%     - 3690s
H    0     0                    1.346600e+07 8183062.80  39.2%     - 3835s
H    0     0                    1.326498e+07 8183062.80  38.3%     - 3835s
     0     0 8183062.80    0 2226 1.3265e+07 8183062.80  38.3%     - 4004s
     0     0 8183062.95    0 2222 1.3265e+07 8183062.95  38.3%     - 4005s
H    0     0                    1.323802e+07 8185645.17  38.2%     - 4090s
H    0     0                    1.303066e+07 8185645.17  37.2%     - 4091s
     0     0 8185645.17    0 2271 1.3031e+07 8185645.17  37.2%     - 4244s
     0     0 8185645.17    0 2273 1.3031e+07 8185645.17  37.2%     - 4298s
H    0     0                    1.302304e+07 8186944.50  37.1%     - 4367s
H    0     0                    1.292929e+07 8186944.50  36.7%     - 4367s
     0     0 8186944.50    0 2268 1.2929e+07 8186944.50  36.7%     - 4549s
     0     0 8186944.50    0 2253 1.2929e+07 8186944.50  36.7%     - 4599s
     0     0 8187342.82    0 2229 1.2929e+07 8187342.82  36.7%     - 4716s
H    0     0                    1.275618e+07 8187463.43  35.8%     - 4764s
     0     0 8187463.43    0 2213 1.2756e+07 8187463.43  35.8%     - 4832s
     0     0 8187463.43    0 2295 1.2756e+07 8187463.43  35.8%     - 4872s
H    0     0                    1.260199e+07 8226754.02  34.7%     - 5189s
     0     0 8226754.02    0 2287 1.2602e+07 8226754.02  34.7%     - 5432s
     0     0 8226754.02    0 2271 1.2602e+07 8226754.02  34.7%     - 5465s
H    0     0                    1.257343e+07 8243366.51  34.4%     - 5811s
     0     0 8243366.51    0 2244 1.2573e+07 8243366.51  34.4%     - 6066s
     0     0 8243366.51    0 2247 1.2573e+07 8243366.51  34.4%     - 6067s
H    0     0                    1.244625e+07 8248632.74  33.7%     - 6245s
H    0     0                    1.227767e+07 8248632.74  32.8%     - 6245s
     0     0 8248632.74    0 2258 1.2278e+07 8248632.74  32.8%     - 6512s
     0     0 8248632.74    0 2230 1.2278e+07 8248632.74  32.8%     - 6551s
H    0     0                    1.223358e+07 8251463.67  32.6%     - 6690s
H    0     0                    1.221855e+07 8251463.67  32.5%     - 6690s
     0     0 8251463.67    0 2283 1.2219e+07 8251463.67  32.5%     - 6927s
     0     0 8251463.67    0 2231 1.2219e+07 8251463.67  32.5%     - 6988s
H    0     0                    1.219196e+07 8252512.86  32.3%     - 7048s
     0     0 8252512.86    0 2327 1.2192e+07 8252512.86  32.3%     - 7149s
     0     0 8252512.86    0 2265 1.2192e+07 8252512.86  32.3%     - 7202s
H    0     0                    1.217786e+07 8252995.57  32.2%     - 7255s
     0     0 8252995.57    0 2257 1.2178e+07 8252995.57  32.2%     - 7307s
     0     0 8252995.57    0 2284 1.2178e+07 8252995.57  32.2%     - 7327s
     0     0 8253139.11    0 2294 1.2178e+07 8253139.11  32.2%     - 7383s
H    0     0                    1.216523e+07 8278025.82  32.0%     - 7743s
H    0     0                    1.204938e+07 8278025.82  31.3%     - 7743s
H    0     0                    1.201086e+07 8278025.82  31.1%     - 7743s
     0     0 8278025.82    0 2270 1.2011e+07 8278025.82  31.1%     - 7853s
     0     0 8278025.82    0 2265 1.2011e+07 8278025.82  31.1%     - 7853s
H    0     0                    1.199428e+07 8289345.19  30.9%     - 8154s
H    0     0                    1.198096e+07 8289345.19  30.8%     - 8154s
H    0     0                    1.188124e+07 8289345.19  30.2%     - 8154s
     0     0 8289345.19    0 2330 1.1881e+07 8289345.19  30.2%     - 8532s
     0     0 8289345.19    0 2292 1.1881e+07 8289345.19  30.2%     - 8579s
H    0     0                    1.188084e+07 8293605.14  30.2%     - 8772s
H    0     0                    1.168248e+07 8293605.14  29.0%     - 8773s
H    0     0                    1.163372e+07 8293605.14  28.7%     - 8773s
     0     0 8293605.14    0 2330 1.1634e+07 8293605.14  28.7%     - 9107s
     0     0 8293605.14    0 2306 1.1634e+07 8293605.14  28.7%     - 9147s
H    0     0                    1.163334e+07 8295842.21  28.7%     - 9356s
H    0     0                    1.163232e+07 8295842.21  28.7%     - 9356s
H    0     0                    1.156678e+07 8295842.21  28.3%     - 9356s
H    0     0                    1.154919e+07 8295842.21  28.2%     - 9356s
     0     0 8295842.21    0 2323 1.1549e+07 8295842.21  28.2%     - 9688s
     0     0 8295842.21    0 2334 1.1549e+07 8295842.21  28.2%     - 9696s
H    0     0                    1.144184e+07 8296656.95  27.5%     - 9855s
     0     0 8296656.95    0 2333 1.1442e+07 8296656.95  27.5%     - 10082s
     0     0 8297106.30    0 2435 1.1442e+07 8297106.30  27.5%     - 10186s
     0     0 8297106.30    0 2435 1.1442e+07 8297106.30  27.5%     - 10186s
H    0     0                    1.138739e+07 8297342.27  27.1%     - 10294s
     0     0 8297342.27    0 2329 1.1387e+07 8297342.27  27.1%     - 10458s
     0     0 8297342.27    0 2410 1.1387e+07 8297342.27  27.1%     - 10498s
H    0     0                    1.129428e+07 8297342.27  26.5%     - 10543s
H    0     0                    1.125180e+07 8323255.62  26.0%     - 11189s
H    0     0                    1.123450e+07 8323255.62  25.9%     - 11189s
H    0     0                    1.120080e+07 8323255.62  25.7%     - 11189s
H    0     0                    1.113370e+07 8323255.62  25.2%     - 11189s
     0     0 8323255.62    0 2264 1.1134e+07 8323255.62  25.2%     - 11690s
H    0     0                    1.112608e+07 8334503.88  25.1%     - 11994s
     0     0 8334503.88    0 2325 1.1126e+07 8334503.88  25.1%     - 12258s
     0     0 8334503.88    0 2310 1.1126e+07 8334503.88  25.1%     - 12299s
     0     0 8338203.15    0 2338 1.1126e+07 8338203.15  25.1%     - 12521s
     0     0 8338203.15    0 2313 1.1126e+07 8338203.15  25.1%     - 12545s
     0     0 8340416.36    0 2361 1.1126e+07 8340416.36  25.0%     - 12770s
     0     0 8340416.36    0 2355 1.1126e+07 8340416.36  25.0%     - 12817s
     0     0 8341254.48    0 2389 1.1126e+07 8341254.48  25.0%     - 13190s
     0     0 8341254.48    0 2359 1.1126e+07 8341254.48  25.0%     - 13248s
     0     0 8341619.17    0 2365 1.1126e+07 8341619.17  25.0%     - 13537s
H    0     0                    1.110651e+07 8360966.72  24.7%     - 13898s
H    0     0                    1.109264e+07 8360966.72  24.6%     - 13899s
H    0     0                    1.108713e+07 8360966.72  24.6%     - 13899s
     0     0 8360966.72    0 2197 1.1087e+07 8360966.72  24.6%     - 14276s
     0     0 8360966.72    0 2245 1.1087e+07 8360966.72  24.6%     - 14336s
     0     0 8368995.70    0 2277 1.1087e+07 8368995.70  24.5%     - 15014s
     0     0 8368995.70    0 2297 1.1087e+07 8368995.70  24.5%     - 15066s
     0     0 8376002.53    0 2297 1.1087e+07 8376002.53  24.5%     - 15661s
     0     0 8376002.53    0 2252 1.1087e+07 8376002.53  24.5%     - 15704s
     0     0 8378429.12    0 2253 1.1087e+07 8378429.12  24.4%     - 15849s
     0     0 8378989.83    0 2291 1.1087e+07 8378989.83  24.4%     - 15914s
     0     0 8379213.80    0 2301 1.1087e+07 8379213.80  24.4%     - 15950s
     0     0 8379213.80    0 2270 1.1087e+07 8379213.80  24.4%     - 15984s
H    0     0                    1.089539e+07 8399142.60  22.9%     - 16338s
     0     0 8399142.60    0 2231 1.0895e+07 8399142.60  22.9%     - 16614s
H    0     0                    1.088635e+07 8407736.35  22.8%     - 16942s
     0     0 8407736.35    0 2231 1.0886e+07 8407736.35  22.8%     - 17280s
     0     0 8407736.35    0 2284 1.0886e+07 8407736.35  22.8%     - 17363s
H    0     0                    1.087122e+07 8409813.47  22.6%     - 17508s
     0     0 8409813.47    0 2258 1.0871e+07 8409813.47  22.6%     - 17518s
     0     0 8409813.47    0 2220 1.0871e+07 8409813.47  22.6%     - 17584s
     0     0 8411174.89    0 2193 1.0871e+07 8411174.89  22.6%     - 17684s
     0     0 8411657.86    0 2255 1.0871e+07 8411657.86  22.6%     - 17749s
     0     0 8411657.86    0 2204 1.0871e+07 8411657.86  22.6%     - 17845s
     0     0 8420672.27    0 2245 1.0871e+07 8420672.27  22.5%     - 18475s
     0     0 8429853.63    0 2207 1.0871e+07 8429853.63  22.5%     - 18941s
     0     0 8429853.63    0 2230 1.0871e+07 8429853.63  22.5%     - 18942s
     0     0 8431815.67    0 2291 1.0871e+07 8431815.67  22.4%     - 19543s
     0     0 8431815.67    0 2245 1.0871e+07 8431815.67  22.4%     - 19587s
     0     0 8432553.39    0 2260 1.0871e+07 8432553.39  22.4%     - 19802s
     0     0 8432553.39    0 2191 1.0871e+07 8432553.39  22.4%     - 19859s
     0     0 8432998.08    0 2219 1.0871e+07 8432998.08  22.4%     - 20268s
     0     0 8438720.30    0 2250 1.0871e+07 8438720.30  22.4%     - 20794s
     0     0 8438720.30    0 2292 1.0871e+07 8438720.30  22.4%     - 20842s
     0     0 8440884.41    0 2220 1.0871e+07 8440884.41  22.4%     - 21102s
H    0     0                    1.086003e+07 8441868.75  22.3%     - 21228s
     0     0 8441868.75    0 2190 1.0860e+07 8441868.75  22.3%     - 21302s
     0     0 8441868.75    0 2200 1.0860e+07 8441868.75  22.3%     - 21358s
     0     0 8442249.69    0 2248 1.0860e+07 8442249.69  22.3%     - 21422s
     0     0 8442249.69    0 2228 1.0860e+07 8442249.69  22.3%     - 21510s
     0     0 8446621.81    0 2178 1.0860e+07 8446621.81  22.2%     - 21829s
     0     0 8446621.81    0 2173 1.0860e+07 8446621.81  22.2%     - 21831s
     0     0 8447697.00    0 2144 1.0860e+07 8447697.00  22.2%     - 21955s
     0     0 8448058.83    0 2133 1.0860e+07 8448058.83  22.2%     - 22039s
     0     0 8450368.12    0 2199 1.0860e+07 8450368.12  22.2%     - 22207s
     0     0 8450368.12    0 2220 1.0860e+07 8450368.12  22.2%     - 22208s
     0     0 8450368.12    0 2200 1.0860e+07 8450368.12  22.2%     - 22211s
     0     2 8450368.12    0 2200 1.0860e+07 8450368.12  22.2%     - 22540s
     1     4 8453285.66    1 2195 1.0860e+07 8450372.56  22.2% 53081 22765s
     3     8 8455229.11    2 2147 1.0860e+07 8453310.35  22.2% 46741 23364s
     7    12 8469320.85    3 2061 1.0860e+07 8455232.24  22.1% 64233 23916s
    11    16 8460210.31    3 2141 1.0860e+07 8460210.31  22.1% 67797 24227s
    15    20 8473326.57    4 2131 1.0860e+07 8460219.75  22.1% 64343 24747s
    19    24 8476304.66    5 2076 1.0860e+07 8460219.75  22.1% 59796 24864s
    20    24 8492224.66    4 2095 1.0860e+07 8460219.75  22.1% 58130 24865s
    23    28 8483471.12    5 2131 1.0860e+07 8460219.75  22.1% 54805 25275s
    27    33 8476412.88    6 2060 1.0860e+07 8460219.75  22.1% 50667 25614s
    32    40 8476412.88    7 2091 1.0860e+07 8460219.75  22.1% 46687 26307s
    39    46 8476412.88    8 2111 1.0860e+07 8460219.75  22.1% 44097 26821s
    45    51 8486128.35    8 2078 1.0860e+07 8460219.75  22.1% 42714 27578s
    50    57 8476412.88    9 2096 1.0860e+07 8460219.75  22.1% 41504 28038s
    56    63 8482860.71   10 2108 1.0860e+07 8460219.75  22.1% 41125 28391s
    62    68 8487872.67   10 2129 1.0860e+07 8460219.75  22.1% 39311 29076s
    67    74 8483526.10   11 2128 1.0860e+07 8460219.75  22.1% 38652 29517s
    73    83 8487483.32   13 2115 1.0860e+07 8460219.75  22.1% 37943 30409s
    82    88 8487591.08   14 2111 1.0860e+07 8460219.75  22.1% 36267 31023s
    87    96 8506449.12   15 2037 1.0860e+07 8460219.75  22.1% 37144 31602s
    95   104 8491155.06   16 2044 1.0860e+07 8460219.75  22.1% 36247 32974s
   103   112 8507358.34   17 2030 1.0860e+07 8460219.75  22.1% 36651 33382s
   111   124 8494990.98   17 2095 1.0860e+07 8460219.75  22.1% 35687 33772s
   123   131 8500222.95   20 2117 1.0860e+07 8460219.75  22.1% 34220 34562s
   130   140 8504163.39   22 2081 1.0860e+07 8460219.75  22.1% 34326 35256s
   139   152 8526338.89   24 2052 1.0860e+07 8460219.75  22.1% 33888 36234s
   151   161 8516292.87   26 2058 1.0860e+07 8460219.75  22.1% 32927 37067s
   160   169 8525590.80   28 2036 1.0860e+07 8460219.75  22.1% 32760 37926s
   168   177 8533784.18   29 2086 1.0860e+07 8460219.75  22.1% 33376 39110s
   176   197 8534774.75   30 2100 1.0860e+07 8460219.75  22.1% 33612 39589s
   196   221 8534938.73   31 2079 1.0860e+07 8460219.75  22.1% 31732 40158s
   220   243 8562040.37   34 2073 1.0860e+07 8460219.75  22.1% 29858 40675s
   242   257 8612000.82   35 2003 1.0860e+07 8460219.75  22.1% 28490 41209s
   256   283 8593386.16   38 2065 1.0860e+07 8460219.75  22.1% 28241 41692s
   282   315 8614481.40   42 2060 1.0860e+07 8460219.75  22.1% 26720 42302s
   314   335 8641827.34   47 1996 1.0860e+07 8460219.75  22.1% 25254 42884s
   334   349 8660597.60   53 1954 1.0860e+07 8460219.75  22.1% 24815 47753s
   348   372 8624322.14   55 2020 1.0860e+07 8460219.75  22.1% 26808 48321s
   371   391 8712215.95   61 1983 1.0860e+07 8460219.75  22.1% 26266 54791s
   390   418 8660742.80   63 2018 1.0860e+07 8460219.75  22.1% 28249 55635s
H  417   427                    1.085614e+07 8460219.75  22.1% 27639 56788s
   426   444 8673201.69   71 2011 1.0856e+07 8460219.75  22.1% 28374 57768s
   443   481 8685894.54   73 1989 1.0856e+07 8460219.75  22.1% 28155 58620s
   480   506 8717088.68   77 2001 1.0856e+07 8460219.75  22.1% 27097 59547s
   505   520 8760577.47   83 2011 1.0856e+07 8460219.75  22.1% 26933 66741s
   519   544 8747147.90   87 2038 1.0856e+07 8460219.75  22.1% 28681 68350s
   543   561 8797655.70   94 1994 1.0856e+07 8460219.75  22.1% 28734 69707s
H  545   561                    1.085458e+07 8460219.75  22.1% 28644 69707s
   560   609 8799528.88   96 1990 1.0855e+07 8460219.75  22.1% 28607 70708s
   608   642 8816971.24  103 2019 1.0855e+07 8460219.75  22.1% 27432 72329s
   641   682 8838441.60  109 2008 1.0855e+07 8460219.75  22.1% 27090 78899s
   681   722 8894561.13  118 1981 1.0855e+07 8460219.75  22.1% 27867 80166s
   721   769 8948151.47  130 2021 1.0855e+07 8460219.75  22.1% 27332 81267s
   768   818 8983662.99  138 1984 1.0855e+07 8460219.75  22.1% 26690 82781s
   817   852 9010004.68  142 1909 1.0855e+07 8460219.75  22.1% 26043 86397s

Cutting planes:
  Gomory: 6
  Cover: 2
  Implied bound: 780
  Clique: 4
  MIR: 574
  StrongCG: 15
  Flow cover: 4067
  Zero half: 3
  Network: 1
  RLT: 643
  Relax-and-lift: 801

Explored 851 nodes (25090016 simplex iterations) in 86398.24 seconds (50981.76 work units)
Thread count was 4 (of 128 available processors)

Solution count 10: 1.08546e+07 1.08561e+07 1.086e+07 ... 1.11337e+07

Time limit reached
Best objective 1.085457900000e+07, best bound 8.460219754531e+06, gap 22.0585%

Solving took 	23:59:58.240
####################################################################################################
####################################################################################################
####################################################################################################
Reached timelimit, but could find a feasible solution
####################################################################################################
Description                          Value
----------------------------  ------------
Objective (min)               10,854,579.0
Cost sailing                   6,067,713.0
Cost port visits               6,337,535.0
Cost transshipment (demands)     230,273.0
Cost transshipment (empties)      53,128.0
Penalty delayed demands          320,106.0
Revenue Empties                2,372,626.0
Penalty rejected demands         218,450.0
Rejected demands (%)                   0.6
Omitted ports (%)                    21.54
Gap (%)                              22.06
####################################################################################################
Export solution
####################################################################################################
Overall time 	00:00:00.810

real	1440m2.595s
user	3494m57.575s
sys	0m33.378s
finished at Fri Mar 17 14:57:44 CET 2023
