cpu-bind=MASK - n2lcn0125, task  0  0 [3856136]: mask |----BBBB|--------||--------|--------||--------|--------||--------|--------||||--------|--------||--------|--------||--------|--------||--------|--------|  set
started at Thu Mar 16 14:57:41 CET 2023
Timecheck 9936618.826052705
Set parameter TokenServer to value "license3.uni-paderborn.de"
Warning: Gurobi version mismatch between Python 10.0.1 and C library 10.0.0
Timecheck 9936618.871474572
Timecheck 9936618.871836495
Timecheck 9936618.871880664
Timecheck 9936618.871902915


####################################################################################################
Solve scenario sce_4_26_1 with free vessel operation using the arc flow model
Vessels can omit ports, Demands can be rejected
####################################################################################################
Data preprocessing, load /upb/departments/pc2/groups/hpc-prf-winf4/dwetzel/SILSRP/inst_final/sce_4_26_1
and create additional sets and parameters
	|- Read vessel information, number of vessels:	9
	|- Read node information, number of nodes:		475
	|- Read arc information
		|- Number of sailing arcs:			1976
		|- Number of transshipment arcs:	700
	|- Read container information
		|- Number of demands:		1726
		|- Number of empties (+/-):	244/203
	|- Create additional sets and parameters

Data preprocessing took 	00:00:00.844
####################################################################################################
Create linear model
Set parameter Threads to value 4
	|- Create variables, took	00:00:01.182
	|- Create objective, took	00:00:00.970
	|- Create constraints, took	00:00:03.746
	|- Load CVO start

Creating model took	00:00:05.903
####################################################################################################
Fix start solution

Set parameter TimeLimit to value 8.6394003380998969e+04
Gurobi Optimizer version 10.0.0 build v10.0.0rc2 (linux64)

CPU model: AMD EPYC 7763 64-Core Processor, instruction set [SSE2|AVX|AVX2]
Thread count: 128 physical cores, 128 logical processors, using up to 4 threads

Optimize a model with 75511 rows, 282978 columns and 927394 nonzeros
Model fingerprint: 0x57b1d5e8
Variable types: 263003 continuous, 19975 integer (19975 binary)
Coefficient statistics:
  Matrix range     [1e+00, 5e+05]
  Objective range  [1e+00, 1e+00]
  Bounds range     [1e+00, 3e+02]
  RHS range        [1e+00, 1e+08]
Found heuristic solution: objective 1.630096e+08
Presolve removed 69331 rows and 267958 columns
Presolve time: 0.67s
Presolved: 6180 rows, 15020 columns, 47475 nonzeros
Found heuristic solution: objective 6.431134e+07
Variable types: 13480 continuous, 1540 integer (1540 binary)

Root relaxation: objective 3.663754e+07, 2492 iterations, 0.02 seconds (0.01 work units)

    Nodes    |    Current Node    |     Objective Bounds      |     Work
 Expl Unexpl |  Obj  Depth IntInf | Incumbent    BestBd   Gap | It/Node Time

*    0     0               0    3.663754e+07 3.6638e+07  0.00%     -    0s

Explored 1 nodes (2492 simplex iterations) in 0.78 seconds (0.66 work units)
Thread count was 4 (of 128 available processors)

Solution count 3: 3.66375e+07 6.43113e+07 1.6301e+08 

Optimal solution found (tolerance 1.00e-04)
Best objective 3.663754450000e+07, best bound 3.663754450000e+07, gap 0.0000%

Fixing start solution took	00:00:06.802
####################################################################################################
####################################################################################################
Solve optimization model

Set parameter TimeLimit to value 86393.1979256589
Gurobi Optimizer version 10.0.0 build v10.0.0rc2 (linux64)

CPU model: AMD EPYC 7763 64-Core Processor, instruction set [SSE2|AVX|AVX2]
Thread count: 128 physical cores, 128 logical processors, using up to 4 threads

Optimize a model with 75037 rows, 282978 columns and 926920 nonzeros
Model fingerprint: 0x44f9e6fc
Variable types: 263003 continuous, 19975 integer (19975 binary)
Coefficient statistics:
  Matrix range     [1e+00, 5e+05]
  Objective range  [1e+00, 1e+00]
  Bounds range     [1e+00, 3e+02]
  RHS range        [1e+00, 1e+08]

Loaded MIP start from previous solve with objective 3.66375e+07

Presolve removed 8637 rows and 8486 columns
Presolve time: 2.02s
Presolved: 66400 rows, 274492 columns, 789995 nonzeros
Variable types: 256040 continuous, 18452 integer (18452 binary)
Deterministic concurrent LP optimizer: primal simplex, dual simplex, and barrier
Showing barrier log only...

Root barrier log...

Ordering time: 1.40s

Barrier statistics:
 AA' NZ     : 7.274e+05
 Factor NZ  : 8.554e+06 (roughly 200 MB of memory)
 Factor Ops : 2.995e+09 (less than 1 second per iteration)
 Threads    : 2

                  Objective                Residual
Iter       Primal          Dual         Primal    Dual     Compl     Time
   0   1.38248849e+15 -2.11181743e+14  1.29e+09 6.76e+03  1.88e+12     4s
   1   2.48988825e+14 -6.65386010e+13  2.19e+08 4.78e+03  3.32e+11     5s
   2   3.43991257e+13 -2.00712382e+13  3.01e+07 1.57e-09  4.62e+10     5s
   3   3.78023204e+12 -8.22005527e+12  3.29e+06 2.33e-09  5.13e+09     5s
   4   9.88369806e+11 -2.07802378e+12  8.59e+05 9.90e-10  1.35e+09     5s
   5   1.98828389e+11 -7.30448679e+11  1.72e+05 8.73e-10  2.71e+08     6s
   6   5.00221286e+10 -4.22547314e+11  4.31e+04 1.54e-09  6.88e+07     6s
   7   1.62035788e+10 -3.22335026e+11  1.39e+04 2.15e-09  2.26e+07     6s
   8   4.21129125e+09 -2.36253144e+11  3.58e+03 3.14e-09  6.02e+06     6s
   9   1.10492999e+09 -1.64557475e+11  8.82e+02 4.89e-09  1.61e+06     6s
  10   4.19196756e+08 -9.49520240e+10  2.77e+02 3.61e-09  5.34e+05     7s
  11   1.67468092e+08 -4.65423278e+10  6.53e+01 1.40e-09  1.57e+05     7s
  12   1.14937166e+08 -2.25099912e+10  2.57e+01 6.40e-09  6.64e+04     7s
  13   9.17890812e+07 -1.24066635e+10  1.25e+01 5.22e-08  3.32e+04     7s
  14   6.68924687e+07 -7.09463123e+09  2.65e+00 2.00e-08  1.48e+04     7s
  15   5.84684104e+07 -1.69076212e+09  6.68e-01 2.89e-08  3.36e+03     8s
  16   5.22070243e+07 -9.50764951e+08  2.55e-01 1.47e-08  1.86e+03     8s
  17   5.14402959e+07 -6.55085061e+08  2.20e-01 1.08e-08  1.31e+03     8s
  18   4.77196915e+07 -3.46816239e+08  1.19e-01 5.53e-09  7.24e+02     8s
  19   4.27744737e+07 -1.62890360e+08  5.35e-02 2.79e-09  3.75e+02     9s
  20   3.82116635e+07 -9.50699154e+07  3.26e-02 1.82e-09  2.42e+02     9s
  21   3.54205060e+07 -5.86520422e+07  2.39e-02 1.67e-09  1.71e+02     9s
  22   3.29820188e+07 -2.87125954e+07  1.83e-02 1.42e-09  1.12e+02     9s
  23   2.84920670e+07 -8.92061817e+06  1.05e-02 1.29e-09  6.80e+01     9s
  24   2.48994985e+07  6.89733205e+06  5.25e-03 1.50e-09  3.27e+01    10s
  25   2.36780801e+07  1.15677880e+07  4.06e-03 2.03e-09  2.20e+01    10s
  26   2.23016663e+07  1.40283665e+07  2.86e-03 1.25e-09  1.50e+01    10s
  27   2.13971288e+07  1.49292002e+07  2.15e-03 1.70e-09  1.17e+01    10s
  28   2.06751056e+07  1.60425892e+07  1.59e-03 1.52e-09  8.41e+00    10s
  29   1.98900416e+07  1.69774836e+07  1.02e-03 1.83e-09  5.29e+00    11s
  30   1.91423706e+07  1.73528010e+07  4.99e-04 1.67e-09  3.25e+00    11s
  31   1.87661183e+07  1.78756394e+07  2.47e-04 1.87e-09  1.62e+00    11s
  32   1.85647840e+07  1.80729117e+07  1.21e-04 1.70e-09  8.93e-01    11s
  33   1.84553100e+07  1.81344248e+07  5.55e-05 1.38e-09  5.82e-01    12s
  34   1.84106742e+07  1.82473511e+07  2.98e-05 1.60e-09  2.96e-01    12s
  35   1.83865442e+07  1.82924339e+07  1.66e-05 1.05e-09  1.71e-01    12s
  36   1.83658266e+07  1.83341848e+07  5.90e-06 1.36e-09  5.74e-02    12s
  37   1.83542535e+07  1.83485765e+07  4.67e-07 1.78e-09  1.03e-02    12s
  38   1.83537068e+07  1.83519333e+07  1.80e-07 1.96e-07  3.22e-03    13s
  39   1.83534349e+07  1.83523756e+07  1.28e-07 1.95e-07  1.92e-03    13s
  40   1.83533731e+07  1.83531254e+07  2.89e-08 1.46e-06  4.49e-04    13s
  41   1.83533368e+07  1.83533221e+07  1.38e-09 8.28e-07  2.66e-05    13s
  42   1.83533342e+07  1.83533341e+07  1.62e-09 3.34e-06  3.60e-08    13s
  43   1.38248850e+15 -2.12054490e+15  1.29e+09 1.60e+03  1.88e+13    14s
  44   1.39198358e+14 -2.80390612e+14  1.22e+08 4.07e-09  1.25e+12    14s
  45   2.08901482e+13 -7.76738410e+13  1.83e+07 7.32e-09  1.57e+11    14s
  46   2.58347135e+12 -1.33088476e+13  2.25e+06 8.72e-09  1.72e+10    15s
  47   5.30256540e+11 -3.76178323e+12  4.61e+05 5.65e-09  2.78e+09    15s
  48   1.25802457e+11 -1.34298396e+12  1.09e+05 2.92e-09  4.84e+08    15s
  49   4.87139190e+10 -7.73566354e+11  4.24e+04 2.08e-09  1.35e+08    15s
  50   1.19492830e+10 -2.92129712e+11  1.05e+04 1.13e-09  1.77e+07    15s
  51   4.65450882e+09 -9.06679116e+10  4.10e+03 5.28e-10  2.88e+06    16s
  52   9.50932733e+08 -1.43571156e+10  8.05e+02 4.15e-10  1.59e+05    16s
  53   2.56991975e+08 -3.79607519e+09  1.71e+02 3.18e-10  1.77e+04    16s
  54   1.49486764e+08 -2.21828615e+09  7.75e+01 6.99e-11  7.76e+03    16s
  55   1.31870669e+08 -2.12434846e+09  6.29e+01 8.16e-11  6.87e+03    17s
  56   8.64522745e+07 -7.55986187e+08  2.71e+01 1.56e-09  2.39e+03    17s
  57   5.32772160e+07 -4.00133880e+08  7.08e+00 7.11e-10  9.99e+02    17s
  58   4.18467357e+07 -2.39800276e+08  2.48e+00 5.79e-10  5.59e+02    17s
  59   3.53417869e+07 -9.48938911e+07  1.11e+00 1.27e-08  2.49e+02    18s
  60   3.05379892e+07 -4.63711912e+07  5.73e-01 7.49e-09  1.44e+02    18s
  61   2.75956148e+07 -2.04738152e+07  3.54e-01 1.09e-08  8.89e+01    18s
  62   2.46841293e+07 -4.52365881e+06  1.97e-01 1.68e-08  5.36e+01    18s
  63   2.22904526e+07  6.10459173e+06  1.02e-01 1.50e-08  2.96e+01    19s
  64   2.09754598e+07  1.14439370e+07  6.13e-02 2.85e-08  1.74e+01    19s
  65   2.04767315e+07  1.27808310e+07  4.84e-02 1.24e-08  1.41e+01    19s
  66   1.96058058e+07  1.50107539e+07  2.56e-02 1.44e-08  8.39e+00    19s
  67   1.88883862e+07  1.64571340e+07  9.77e-03 7.72e-08  4.43e+00    20s
  68   1.86200152e+07  1.74503021e+07  4.54e-03 3.79e-08  2.13e+00    20s
  69   1.84890185e+07  1.77924904e+07  2.18e-03 4.42e-08  1.27e+00    20s
  70   1.84093011e+07  1.80820733e+07  8.69e-04 1.46e-07  5.95e-01    20s
  71   1.83845436e+07  1.82099083e+07  4.58e-04 4.10e-07  3.17e-01    21s
  72   1.83666909e+07  1.82873077e+07  1.81e-04 9.50e-07  1.44e-01    21s
  73   1.83581835e+07  1.83388623e+07  6.35e-05 1.79e-06  3.52e-02    21s
  74   1.83550365e+07  1.83455827e+07  2.12e-05 3.82e-06  1.72e-02    22s
  75   1.83544375e+07  1.83478795e+07  1.30e-05 4.62e-06  1.19e-02    22s
  76   1.83538392e+07  1.83518499e+07  5.38e-06 2.81e-05  3.62e-03    22s
  77   1.83534030e+07  1.83526399e+07  6.70e-07 1.71e-05  1.38e-03    23s
  78   1.83533613e+07  1.83532488e+07  2.34e-07 5.19e-04  2.04e-04    23s
  79   1.83533343e+07  1.83533340e+07  2.30e-08 1.09e-03  5.27e-07    23s
  80   1.83533343e+07  1.83533340e+07  1.15e-08 1.04e-03  3.76e-07    24s

Barrier solved model in 80 iterations and 23.70 seconds (23.18 work units)
Optimal objective 1.83533343e+07


Root crossover log...

   59300 DPushes remaining with DInf 1.0698503e-04                24s
       0 DPushes remaining with DInf 6.5276545e-06                25s

    2843 PPushes remaining with PInf 0.0000000e+00                25s
    1421 PPushes remaining with PInf 0.0000000e+00                25s
       0 PPushes remaining with PInf 0.0000000e+00                25s

  Push phase complete: Pinf 0.0000000e+00, Dinf 3.8074587e-08     25s


Root simplex log...

Iteration    Objective       Primal Inf.    Dual Inf.      Time
   60466    1.8353334e+07   0.000000e+00   0.000000e+00     25s
Concurrent spin time: 9.51s (can be avoided by choosing Method=3)

Solved with barrier
   60466    1.8353334e+07   0.000000e+00   0.000000e+00     35s

Root relaxation: objective 1.835333e+07, 60466 iterations, 32.66 seconds (24.14 work units)
Total elapsed time = 36.27s

    Nodes    |    Current Node    |     Objective Bounds      |     Work
 Expl Unexpl |  Obj  Depth IntInf | Incumbent    BestBd   Gap | It/Node Time

     0     0 1.8353e+07    0 3256 3.6638e+07 1.8353e+07  49.9%     -   41s
     0     0 1.9337e+07    0 3040 3.6638e+07 1.9337e+07  47.2%     - 1520s
     0     0 1.9337e+07    0 3051 3.6638e+07 1.9337e+07  47.2%     - 1531s
     0     0 1.9444e+07    0 3067 3.6638e+07 1.9444e+07  46.9%     - 2333s
     0     0 1.9444e+07    0 3133 3.6638e+07 1.9444e+07  46.9%     - 2455s
     0     0 1.9457e+07    0 3142 3.6638e+07 1.9457e+07  46.9%     - 2934s
     0     0 1.9457e+07    0 3134 3.6638e+07 1.9457e+07  46.9%     - 2937s
     0     0 1.9458e+07    0 3135 3.6638e+07 1.9458e+07  46.9%     - 3024s
     0     0 1.9458e+07    0 3198 3.6638e+07 1.9458e+07  46.9%     - 3029s
     0     0 1.9458e+07    0 3138 3.6638e+07 1.9458e+07  46.9%     - 3232s
     0     0 1.9458e+07    0 3170 3.6638e+07 1.9458e+07  46.9%     - 3237s
     0     0 1.9458e+07    0 3149 3.6638e+07 1.9458e+07  46.9%     - 3400s
     0     0 1.9458e+07    0 3111 3.6638e+07 1.9458e+07  46.9%     - 3407s
     0     0 1.9852e+07    0 3261 3.6638e+07 1.9852e+07  45.8%     - 4880s
     0     0 1.9852e+07    0 3264 3.6638e+07 1.9852e+07  45.8%     - 5147s
     0     0 2.0099e+07    0 3304 3.6638e+07 2.0099e+07  45.1%     - 6748s
     0     0 2.0099e+07    0 3282 3.6638e+07 2.0099e+07  45.1%     - 6884s
     0     0 2.0149e+07    0 3309 3.6638e+07 2.0149e+07  45.0%     - 7854s
     0     0 2.0149e+07    0 3318 3.6638e+07 2.0149e+07  45.0%     - 7860s
     0     0 2.0170e+07    0 3322 3.6638e+07 2.0170e+07  44.9%     - 8777s
     0     0 2.0170e+07    0 3332 3.6638e+07 2.0170e+07  44.9%     - 8990s
     0     0 2.0178e+07    0 3309 3.6638e+07 2.0178e+07  44.9%     - 10258s
     0     0 2.0182e+07    0 3334 3.6638e+07 2.0182e+07  44.9%     - 24158s
     0     0 2.0182e+07    0 3325 3.6638e+07 2.0182e+07  44.9%     - 24320s
     0     0 2.0184e+07    0 3368 3.6638e+07 2.0184e+07  44.9%     - 24846s
     0     0 2.0184e+07    0 3378 3.6638e+07 2.0184e+07  44.9%     - 25036s
     0     0 2.0186e+07    0 3366 3.6638e+07 2.0186e+07  44.9%     - 25496s
     0     0 2.0186e+07    0 3323 3.6638e+07 2.0186e+07  44.9%     - 25732s
     0     0 2.0187e+07    0 3408 3.6638e+07 2.0187e+07  44.9%     - 26302s
     0     0 2.0187e+07    0 3401 3.6638e+07 2.0187e+07  44.9%     - 26319s
     0     0 2.0187e+07    0 3348 3.6638e+07 2.0187e+07  44.9%     - 27115s
     0     0 2.0187e+07    0 3373 3.6638e+07 2.0187e+07  44.9%     - 27292s
     0     0 2.0352e+07    0 3433 3.6638e+07 2.0352e+07  44.5%     - 30400s
     0     0 2.0352e+07    0 3426 3.6638e+07 2.0352e+07  44.5%     - 30604s
     0     0 2.0493e+07    0 3440 3.6638e+07 2.0493e+07  44.1%     - 36528s
     0     0 2.0493e+07    0 3440 3.6638e+07 2.0493e+07  44.1%     - 36531s
     0     0 2.0559e+07    0 3415 3.6638e+07 2.0559e+07  43.9%     - 40805s
     0     0 2.0559e+07    0 3552 3.6638e+07 2.0559e+07  43.9%     - 41796s
     0     0 2.0603e+07    0 3512 3.6638e+07 2.0603e+07  43.8%     - 45098s
     0     0 2.0603e+07    0 3534 3.6638e+07 2.0603e+07  43.8%     - 46247s
     0     0 2.0621e+07    0 3493 3.6638e+07 2.0621e+07  43.7%     - 48139s
     0     0 2.0621e+07    0 3477 3.6638e+07 2.0621e+07  43.7%     - 48900s
     0     0 2.0630e+07    0 3536 3.6638e+07 2.0630e+07  43.7%     - 50865s
     0     0 2.0630e+07    0 3579 3.6638e+07 2.0630e+07  43.7%     - 51915s
     0     0 2.0633e+07    0 3545 3.6638e+07 2.0633e+07  43.7%     - 53851s
     0     0 2.0633e+07    0 3561 3.6638e+07 2.0633e+07  43.7%     - 53856s
     0     0 2.0635e+07    0 3548 3.6638e+07 2.0635e+07  43.7%     - 55933s
     0     0 2.0635e+07    0 3554 3.6638e+07 2.0635e+07  43.7%     - 56662s
     0     0 2.0636e+07    0 3617 3.6638e+07 2.0636e+07  43.7%     - 58696s
     0     0 2.0636e+07    0 3629 3.6638e+07 2.0636e+07  43.7%     - 59799s
     0     0 2.0636e+07    0 3596 3.6638e+07 2.0636e+07  43.7%     - 59857s
     0     0 2.0637e+07    0 3644 3.6638e+07 2.0637e+07  43.7%     - 60821s
     0     0 2.0637e+07    0 3620 3.6638e+07 2.0637e+07  43.7%     - 61166s
     0     0 2.0637e+07    0 3616 3.6638e+07 2.0637e+07  43.7%     - 61939s
     0     0 2.0735e+07    0 3639 3.6638e+07 2.0735e+07  43.4%     - 65263s
     0     0 2.0735e+07    0 3625 3.6638e+07 2.0735e+07  43.4%     - 66152s
     0     0 2.0842e+07    0 3567 3.6638e+07 2.0842e+07  43.1%     - 75019s
     0     0 2.0842e+07    0 3622 3.6638e+07 2.0842e+07  43.1%     - 75230s
     0     0 2.0901e+07    0 3585 3.6638e+07 2.0901e+07  43.0%     - 80543s
     0     0 2.0901e+07    0 3585 3.6638e+07 2.0901e+07  43.0%     - 80545s
     0     0 2.0939e+07    0 3706 3.6638e+07 2.0939e+07  42.8%     - 85248s
     0     0 2.0939e+07    0 3748 3.6638e+07 2.0939e+07  42.8%     - 86375s

Cutting planes:
  Gomory: 1
  Lift-and-project: 3
  Cover: 4
  Implied bound: 1139
  Clique: 6
  MIR: 700
  Flow cover: 2866
  GUB cover: 1
  RLT: 514
  Relax-and-lift: 453

Explored 1 nodes (5906695 simplex iterations) in 86393.27 seconds (84292.85 work units)
Thread count was 4 (of 128 available processors)

Solution count 1: 3.66375e+07 

Time limit reached
Best objective 3.663754450000e+07, best bound 2.093913931524e+07, gap 42.8479%

Solving took 	23:59:53.278
####################################################################################################
####################################################################################################
####################################################################################################
Reached timelimit, but could find a feasible solution
####################################################################################################
Description                          Value
----------------------------  ------------
Objective (min)               36,637,544.5
Cost sailing                  11,443,143.0
Cost port visits              20,669,543.0
Cost transshipment (demands)   4,539,789.0
Cost transshipment (empties)     624,281.5
Penalty delayed demands        2,506,131.0
Revenue Empties                3,145,343.0
Penalty rejected demands               0.0
Rejected demands (%)                   0.0
Omitted ports (%)                      0.0
Gap (%)                              42.85
####################################################################################################
Export solution
####################################################################################################
Overall time 	1-00:00:01.381

real	1440m3.156s
user	1439m21.277s
sys	0m42.824s
finished at Fri Mar 17 14:57:44 CET 2023
