cpu-bind=MASK - n2lcn0122, task  0  0 [3442847]: mask |--------|--------||--------|--------||--------|--------||--------|--------||||--------|--------||--------|--------||--------|--------||----BBBB|--------|  set
started at Thu Mar 16 14:57:41 CET 2023
Timecheck 9938801.580287796
Set parameter TokenServer to value "license3.uni-paderborn.de"
Warning: Gurobi version mismatch between Python 10.0.1 and C library 10.0.0
Timecheck 9938801.59593661
Timecheck 9938801.59615796
Timecheck 9938801.59618903
Timecheck 9938801.59620994


####################################################################################################
Solve scenario sce_3_26_3 with free vessel operation using the arc flow model
Vessels can omit ports, Demands can be rejected
####################################################################################################
Data preprocessing, load /upb/departments/pc2/groups/hpc-prf-winf4/dwetzel/SILSRP/inst_final/sce_3_26_3
and create additional sets and parameters
	|- Read vessel information, number of vessels:	10
	|- Read node information, number of nodes:		373
	|- Read arc information
		|- Number of sailing arcs:			1531
		|- Number of transshipment arcs:	724
	|- Read container information
		|- Number of demands:		740
		|- Number of empties (+/-):	159/156
	|- Create additional sets and parameters

Data preprocessing took 	00:00:00.230
####################################################################################################
Create linear model
Set parameter Threads to value 4
	|- Create variables, took	00:00:00.300
	|- Create objective, took	00:00:00.265
	|- Create constraints, took	00:00:01.147
	|- Load CVO start

Creating model took	00:00:01.718
####################################################################################################
Fix start solution

Set parameter TimeLimit to value 8.6398252973899245e+04
Gurobi Optimizer version 10.0.0 build v10.0.0rc2 (linux64)

CPU model: AMD EPYC 7763 64-Core Processor, instruction set [SSE2|AVX|AVX2]
Thread count: 128 physical cores, 128 logical processors, using up to 4 threads

Optimize a model with 24140 rows, 83492 columns and 306210 nonzeros
Model fingerprint: 0x1a61d5a9
Variable types: 67080 continuous, 16412 integer (16412 binary)
Coefficient statistics:
  Matrix range     [1e+00, 1e+06]
  Objective range  [1e+00, 1e+00]
  Bounds range     [1e+00, 2e+03]
  RHS range        [1e+00, 2e+08]
Found heuristic solution: objective 2.168084e+08
Presolve removed 21719 rows and 77558 columns
Presolve time: 0.18s
Presolved: 2421 rows, 5934 columns, 18432 nonzeros
Found heuristic solution: objective 4.137827e+07
Variable types: 5304 continuous, 630 integer (630 binary)

Root relaxation: objective 2.424449e+07, 1008 iterations, 0.01 seconds (0.01 work units)

    Nodes    |    Current Node    |     Objective Bounds      |     Work
 Expl Unexpl |  Obj  Depth IntInf | Incumbent    BestBd   Gap | It/Node Time

*    0     0               0    2.424449e+07 2.4244e+07  0.00%     -    0s

Explored 1 nodes (1008 simplex iterations) in 0.22 seconds (0.21 work units)
Thread count was 4 (of 128 available processors)

Solution count 3: 2.42445e+07 4.13783e+07 2.16808e+08 

Optimal solution found (tolerance 1.00e-04)
Best objective 2.424448633333e+07, best bound 2.424448633333e+07, gap 0.0000%

Fixing start solution took	00:00:01.973
####################################################################################################
####################################################################################################
Solve optimization model

Set parameter TimeLimit to value 8.6398026651127264e+04
Gurobi Optimizer version 10.0.0 build v10.0.0rc2 (linux64)

CPU model: AMD EPYC 7763 64-Core Processor, instruction set [SSE2|AVX|AVX2]
Thread count: 128 physical cores, 128 logical processors, using up to 4 threads

Optimize a model with 23768 rows, 83492 columns and 305838 nonzeros
Model fingerprint: 0xb7591c2d
Variable types: 67080 continuous, 16412 integer (16412 binary)
Coefficient statistics:
  Matrix range     [1e+00, 1e+06]
  Objective range  [1e+00, 1e+00]
  Bounds range     [1e+00, 2e+03]
  RHS range        [1e+00, 2e+08]

MIP start from previous solve produced solution with objective 2.42445e+07 (0.16s)
MIP start from previous solve produced solution with objective 2.42445e+07 (0.16s)
Loaded MIP start from previous solve with objective 2.42445e+07

Presolve removed 4440 rows and 7362 columns
Presolve time: 0.51s
Presolved: 19328 rows, 76130 columns, 225583 nonzeros
Variable types: 61297 continuous, 14833 integer (14833 binary)
Deterministic concurrent LP optimizer: primal and dual simplex
Showing first log only...


Root simplex log...

Iteration    Objective       Primal Inf.    Dual Inf.      Time
   39698    2.7646184e+07   0.000000e+00   5.116159e+07      5s
   65024    1.8289839e+07   0.000000e+00   3.098381e+07     10s
   85940    1.6139439e+07   0.000000e+00   1.676388e+07     15s
  105725    1.4516167e+07   0.000000e+00   2.748398e+07     20s
  123949    1.3521453e+07   0.000000e+00   2.623643e+07     25s
  141138    1.3112770e+07   0.000000e+00   6.890896e+07     30s
  157812    1.2889753e+07   0.000000e+00   5.605973e+06     35s
  172949    1.2797198e+07   0.000000e+00   2.116297e+06     40s
  187569    1.2747525e+07   0.000000e+00   2.233132e+05     45s
  200830    1.2723185e+07   0.000000e+00   3.094652e+06     50s
  208480    1.2707326e+07   0.000000e+00   3.697200e+05     55s
  214563    1.2703898e+07   0.000000e+00   0.000000e+00     59s
Concurrent spin time: 22.54s

Solved with primal simplex
  214563    1.2703898e+07   0.000000e+00   0.000000e+00     82s

Root relaxation: objective 1.270390e+07, 214563 iterations, 81.23 seconds (77.39 work units)

    Nodes    |    Current Node    |     Objective Bounds      |     Work
 Expl Unexpl |  Obj  Depth IntInf | Incumbent    BestBd   Gap | It/Node Time

     0     0 1.2704e+07    0 2669 2.4244e+07 1.2704e+07  47.6%     -   83s
     0     0 1.3499e+07    0 2600 2.4244e+07 1.3499e+07  44.3%     -  226s
     0     0 1.3499e+07    0 2599 2.4244e+07 1.3499e+07  44.3%     -  226s
     0     0 1.3552e+07    0 2643 2.4244e+07 1.3552e+07  44.1%     -  318s
     0     0 1.3555e+07    0 2639 2.4244e+07 1.3555e+07  44.1%     -  337s
     0     0 1.3555e+07    0 2653 2.4244e+07 1.3555e+07  44.1%     -  341s
     0     0 1.3555e+07    0 2608 2.4244e+07 1.3555e+07  44.1%     -  343s
     0     0 1.3827e+07    0 2644 2.4244e+07 1.3827e+07  43.0%     -  507s
     0     0 1.3827e+07    0 2643 2.4244e+07 1.3827e+07  43.0%     -  530s
     0     0 1.3947e+07    0 2673 2.4244e+07 1.3947e+07  42.5%     -  721s
     0     0 1.3947e+07    0 2690 2.4244e+07 1.3947e+07  42.5%     -  721s
     0     0 1.3987e+07    0 2780 2.4244e+07 1.3987e+07  42.3%     -  842s
     0     0 1.3987e+07    0 2697 2.4244e+07 1.3987e+07  42.3%     -  867s
     0     0 1.3995e+07    0 2778 2.4244e+07 1.3995e+07  42.3%     -  953s
     0     0 1.3996e+07    0 2797 2.4244e+07 1.3996e+07  42.3%     -  968s
     0     0 1.3997e+07    0 2751 2.4244e+07 1.3997e+07  42.3%     -  982s
     0     0 1.3997e+07    0 2717 2.4244e+07 1.3997e+07  42.3%     - 1025s
     0     0 1.3998e+07    0 2765 2.4244e+07 1.3998e+07  42.3%     - 1078s
     0     0 1.3999e+07    0 2758 2.4244e+07 1.3999e+07  42.3%     - 1082s
     0     0 1.3999e+07    0 2763 2.4244e+07 1.3999e+07  42.3%     - 1083s
     0     0 1.4168e+07    0 2752 2.4244e+07 1.4168e+07  41.6%     - 1382s
     0     0 1.4168e+07    0 2786 2.4244e+07 1.4168e+07  41.6%     - 1413s
     0     0 1.4259e+07    0 2813 2.4244e+07 1.4259e+07  41.2%     - 1675s
     0     0 1.4259e+07    0 2787 2.4244e+07 1.4259e+07  41.2%     - 1676s
     0     0 1.4303e+07    0 2730 2.4244e+07 1.4303e+07  41.0%     - 1925s
     0     0 1.4303e+07    0 2709 2.4244e+07 1.4303e+07  41.0%     - 1925s
     0     0 1.4317e+07    0 2776 2.4244e+07 1.4317e+07  40.9%     - 2032s
     0     0 1.4317e+07    0 2783 2.4244e+07 1.4317e+07  40.9%     - 2077s
     0     0 1.4321e+07    0 2822 2.4244e+07 1.4321e+07  40.9%     - 2210s
     0     0 1.4321e+07    0 2775 2.4244e+07 1.4321e+07  40.9%     - 2264s
     0     0 1.4323e+07    0 2825 2.4244e+07 1.4323e+07  40.9%     - 2361s
     0     0 1.4323e+07    0 2809 2.4244e+07 1.4323e+07  40.9%     - 2361s
     0     0 1.4324e+07    0 2813 2.4244e+07 1.4324e+07  40.9%     - 2452s
     0     0 1.4324e+07    0 2777 2.4244e+07 1.4324e+07  40.9%     - 2452s
     0     0 1.4324e+07    0 2751 2.4244e+07 1.4324e+07  40.9%     - 2502s
     0     0 1.4324e+07    0 2747 2.4244e+07 1.4324e+07  40.9%     - 2502s
     0     0 1.4421e+07    0 2697 2.4244e+07 1.4421e+07  40.5%     - 2811s
     0     0 1.4421e+07    0 2723 2.4244e+07 1.4421e+07  40.5%     - 2813s
     0     0 1.4479e+07    0 2767 2.4244e+07 1.4479e+07  40.3%     - 3018s
     0     0 1.4479e+07    0 2797 2.4244e+07 1.4479e+07  40.3%     - 3060s
     0     0 1.4500e+07    0 2685 2.4244e+07 1.4500e+07  40.2%     - 3338s
     0     0 1.4500e+07    0 2709 2.4244e+07 1.4500e+07  40.2%     - 3386s
     0     0 1.4506e+07    0 2769 2.4244e+07 1.4506e+07  40.2%     - 3544s
     0     0 1.4506e+07    0 2695 2.4244e+07 1.4506e+07  40.2%     - 3581s
     0     0 1.4507e+07    0 2752 2.4244e+07 1.4507e+07  40.2%     - 3688s
     0     0 1.4507e+07    0 2741 2.4244e+07 1.4507e+07  40.2%     - 3688s
     0     0 1.4508e+07    0 2781 2.4244e+07 1.4508e+07  40.2%     - 3713s
     0     0 1.4508e+07    0 2731 2.4244e+07 1.4508e+07  40.2%     - 3791s
     0     0 1.4556e+07    0 2672 2.4244e+07 1.4556e+07  40.0%     - 4132s
     0     0 1.4573e+07    0 2708 2.4244e+07 1.4573e+07  39.9%     - 4299s
     0     0 1.4573e+07    0 2756 2.4244e+07 1.4573e+07  39.9%     - 4302s
     0     0 1.4585e+07    0 2742 2.4244e+07 1.4585e+07  39.8%     - 4454s
     0     0 1.4585e+07    0 2780 2.4244e+07 1.4585e+07  39.8%     - 4533s
     0     0 1.4588e+07    0 2822 2.4244e+07 1.4588e+07  39.8%     - 4671s
     0     0 1.4590e+07    0 2799 2.4244e+07 1.4590e+07  39.8%     - 4720s
     0     0 1.4590e+07    0 2766 2.4244e+07 1.4590e+07  39.8%     - 4793s
     0     0 1.4591e+07    0 2815 2.4244e+07 1.4591e+07  39.8%     - 4823s
     0     0 1.4591e+07    0 2771 2.4244e+07 1.4591e+07  39.8%     - 4824s
     0     0 1.4591e+07    0 2819 2.4244e+07 1.4591e+07  39.8%     - 4846s
     0     0 1.4617e+07    0 2753 2.4244e+07 1.4617e+07  39.7%     - 5020s
     0     0 1.4617e+07    0 2732 2.4244e+07 1.4617e+07  39.7%     - 5069s
     0     0 1.4627e+07    0 2784 2.4244e+07 1.4627e+07  39.7%     - 5219s
     0     0 1.4627e+07    0 2762 2.4244e+07 1.4627e+07  39.7%     - 5276s
     0     0 1.4631e+07    0 2772 2.4244e+07 1.4631e+07  39.7%     - 5598s
     0     0 1.4631e+07    0 2711 2.4244e+07 1.4631e+07  39.7%     - 5674s
     0     0 1.4633e+07    0 2680 2.4244e+07 1.4633e+07  39.6%     - 5908s
     0     0 1.4633e+07    0 2757 2.4244e+07 1.4633e+07  39.6%     - 5957s
     0     0 1.4634e+07    0 2724 2.4244e+07 1.4634e+07  39.6%     - 6066s
     0     0 1.4634e+07    0 2693 2.4244e+07 1.4634e+07  39.6%     - 6143s
     0     0 1.4658e+07    0 2739 2.4244e+07 1.4658e+07  39.5%     - 6452s
     0     0 1.4658e+07    0 2769 2.4244e+07 1.4658e+07  39.5%     - 6453s
     0     0 1.4667e+07    0 2704 2.4244e+07 1.4667e+07  39.5%     - 6591s
     0     0 1.4667e+07    0 2698 2.4244e+07 1.4667e+07  39.5%     - 6593s
     0     0 1.4671e+07    0 2747 2.4244e+07 1.4671e+07  39.5%     - 6710s
     0     0 1.4671e+07    0 2759 2.4244e+07 1.4671e+07  39.5%     - 6714s
     0     0 1.4673e+07    0 2703 2.4244e+07 1.4673e+07  39.5%     - 6774s
     0     0 1.4674e+07    0 2726 2.4244e+07 1.4674e+07  39.5%     - 6825s
     0     0 1.4674e+07    0 2703 2.4244e+07 1.4674e+07  39.5%     - 6891s
     0     0 1.4682e+07    0 2767 2.4244e+07 1.4682e+07  39.4%     - 7031s
     0     0 1.4682e+07    0 2728 2.4244e+07 1.4682e+07  39.4%     - 7074s
     0     0 1.4686e+07    0 2740 2.4244e+07 1.4686e+07  39.4%     - 7322s
     0     0 1.4686e+07    0 2761 2.4244e+07 1.4686e+07  39.4%     - 7325s
     0     0 1.4688e+07    0 2702 2.4244e+07 1.4688e+07  39.4%     - 7493s
     0     0 1.4689e+07    0 2711 2.4244e+07 1.4689e+07  39.4%     - 7529s
     0     0 1.4689e+07    0 2710 2.4244e+07 1.4689e+07  39.4%     - 7591s
     0     0 1.4697e+07    0 2694 2.4244e+07 1.4697e+07  39.4%     - 7761s
     0     0 1.4697e+07    0 2676 2.4244e+07 1.4697e+07  39.4%     - 7762s
     0     0 1.4702e+07    0 2696 2.4244e+07 1.4702e+07  39.4%     - 7864s
     0     0 1.4704e+07    0 2778 2.4244e+07 1.4704e+07  39.4%     - 7941s
     0     0 1.4705e+07    0 2733 2.4244e+07 1.4705e+07  39.3%     - 7984s
     0     0 1.4708e+07    0 2685 2.4244e+07 1.4708e+07  39.3%     - 8088s
     0     0 1.4708e+07    0 2685 2.4244e+07 1.4708e+07  39.3%     - 8089s
     0     2 1.4708e+07    0 2664 2.4244e+07 1.4708e+07  39.3%     - 8263s
     1     4 1.4711e+07    1 2612 2.4244e+07 1.4708e+07  39.3% 36766 8471s
     3     8 1.4723e+07    2 2614 2.4244e+07 1.4711e+07  39.3% 53454 8824s
     7    12 1.4740e+07    3 2596 2.4244e+07 1.4723e+07  39.3% 68819 9129s
    11    16 1.4752e+07    3 2643 2.4244e+07 1.4723e+07  39.3% 77020 9559s
    15    20 1.4744e+07    4 2509 2.4244e+07 1.4732e+07  39.2% 75704 9611s
    19    24 1.4747e+07    4 2538 2.4244e+07 1.4732e+07  39.2% 70413 9659s
    23    30 1.4752e+07    5 2539 2.4244e+07 1.4737e+07  39.2% 64208 9714s
    29    34 1.4763e+07    6 2610 2.4244e+07 1.4737e+07  39.2% 55478 9774s
    33    39 1.4774e+07    6 2575 2.4244e+07 1.4737e+07  39.2% 53002 9833s
    38    43 1.4773e+07    7 2564 2.4244e+07 1.4737e+07  39.2% 49603 10033s
    42    49 1.4771e+07    7 2474 2.4244e+07 1.4737e+07  39.2% 49172 10253s
    48    58 1.4783e+07    8 2448 2.4244e+07 1.4737e+07  39.2% 45013 10428s
    57    63 1.4789e+07    9 2515 2.4244e+07 1.4737e+07  39.2% 41336 10694s
    60    63 1.4814e+07    8 2530 2.4244e+07 1.4737e+07  39.2% 40039 10695s
    62    70 1.4797e+07   10 2440 2.4244e+07 1.4737e+07  39.2% 40284 10788s
    69    74 1.4822e+07   11 2334 2.4244e+07 1.4737e+07  39.2% 38946 11004s
    73    78 1.4803e+07   11 2430 2.4244e+07 1.4737e+07  39.2% 38380 11243s
    77    87 1.4809e+07   12 2484 2.4244e+07 1.4737e+07  39.2% 38772 11340s
    86    91 1.4818e+07   13 2470 2.4244e+07 1.4737e+07  39.2% 36800 11707s
    90   101 1.4857e+07   14 2315 2.4244e+07 1.4737e+07  39.2% 37703 11955s
H  100   110                    2.386788e+07 1.4737e+07  38.3% 35898 12072s
   109   114 1.4849e+07   16 2377 2.3868e+07 1.4737e+07  38.3% 35357 12403s
   113   120 1.4825e+07   16 2444 2.3868e+07 1.4737e+07  38.3% 35873 12845s
   119   130 1.4891e+07   17 2409 2.3868e+07 1.4737e+07  38.3% 36548 12958s
   129   140 1.4835e+07   18 2396 2.3868e+07 1.4737e+07  38.3% 35124 13086s
   139   153 1.4852e+07   20 2455 2.3868e+07 1.4737e+07  38.3% 33995 13210s
   152   167 1.4897e+07   22 2464 2.3868e+07 1.4737e+07  38.3% 32378 13370s
   166   175 1.4892e+07   25 2438 2.3868e+07 1.4737e+07  38.3% 31332 13778s
H  169   175                    2.324132e+07 1.4737e+07  36.6% 31145 13778s
   174   194 1.4901e+07   28 2317 2.3241e+07 1.4737e+07  36.6% 31783 13932s
   193   204 1.4932e+07   33 2336 2.3241e+07 1.4737e+07  36.6% 29985 14096s
   203   222 1.4943e+07   35 2368 2.3241e+07 1.4737e+07  36.6% 29186 14254s
H  209   222                    2.309010e+07 1.4737e+07  36.2% 28695 14254s
H  218   222                    2.306152e+07 1.4737e+07  36.1% 28099 14254s
   221   240 1.4985e+07   39 2271 2.3062e+07 1.4737e+07  36.1% 28119 14387s
   239   260 1.5015e+07   43 2289 2.3062e+07 1.4737e+07  36.1% 27030 14545s
H  257   260                    2.282246e+07 1.4737e+07  35.4% 26123 14545s
   259   282 1.5045e+07   46 2313 2.2822e+07 1.4737e+07  35.4% 26044 14727s
   281   290 1.5106e+07   48 2224 2.2822e+07 1.4737e+07  35.4% 25139 15090s
   289   313 1.5052e+07   50 2259 2.2822e+07 1.4737e+07  35.4% 24846 15277s
   312   333 1.5116e+07   56 2179 2.2822e+07 1.4737e+07  35.4% 24086 15459s
H  321   333                    2.268159e+07 1.4737e+07  35.0% 23920 15459s
   332   353 1.5190e+07   58 2164 2.2682e+07 1.4737e+07  35.0% 23624 15721s
H  334   353                    2.266928e+07 1.4737e+07  35.0% 23514 15721s
H  348   353                    2.266871e+07 1.4737e+07  35.0% 23422 15721s
   352   375 1.5236e+07   62 2249 2.2669e+07 1.4737e+07  35.0% 23354 15919s
   374   401 1.6508e+07   64 2251 2.2669e+07 1.4737e+07  35.0% 23073 16149s
   400   433 1.6508e+07   65 2251 2.2669e+07 1.4737e+07  35.0% 22468 16869s
H  417   433                    2.260953e+07 1.4737e+07  34.8% 22015 16869s
H  432   459                    2.220452e+07 1.4737e+07  33.6% 21940 17182s
H  457   459                    2.194537e+07 1.4737e+07  32.8% 21327 17182s
   458   486 1.6661e+07   74 2172 2.1945e+07 1.4737e+07  32.8% 21319 17398s
H  466   486                    2.193075e+07 1.4737e+07  32.8% 21154 17398s
H  472   486                    2.188309e+07 1.4737e+07  32.7% 21085 17398s
   485   518 1.6777e+07   79 2108 2.1883e+07 1.4737e+07  32.7% 21013 17634s
H  495   518                    2.179139e+07 1.4737e+07  32.4% 20778 17634s
   517   555 1.6852e+07   88 2127 2.1791e+07 1.4737e+07  32.4% 20586 17945s
   554   572 1.7156e+07   94 2114 2.1791e+07 1.4737e+07  32.4% 20181 18283s
H  560   572                    2.150125e+07 1.4737e+07  31.5% 20202 18284s
   571   613 1.7266e+07   96 2115 2.1501e+07 1.4737e+07  31.5% 20134 18533s
H  572   613                    2.134861e+07 1.4737e+07  31.0% 20098 18533s
H  612   643                    2.132717e+07 1.4737e+07  30.9% 19586 18921s
H  628   643                    2.123859e+07 1.4737e+07  30.6% 19454 18921s
H  641   643                    2.096375e+07 1.4737e+07  29.7% 19279 18921s
   642   681 1.7510e+07  109 2048 2.0964e+07 1.4737e+07  29.7% 19291 19446s
H  684   703                    2.062770e+07 1.4737e+07  28.6% 18960 20854s
   706   731 1.7628e+07  121 1981 2.0628e+07 1.4737e+07  28.6% 18678 21445s
H  723   731                    2.059071e+07 1.4737e+07  28.4% 18633 21445s
   740   793 1.7731e+07  132 2009 2.0591e+07 1.4737e+07  28.4% 18522 22055s
   804   836 1.8059e+07  144 1835 2.0591e+07 1.4737e+07  28.4% 17958 22710s
   853   889     cutoff  155      2.0591e+07 1.4737e+07  28.4% 17700 29119s
H  910   893                    2.057284e+07 1.4737e+07  28.4% 17820 30656s
H  911   893                    2.056792e+07 1.4737e+07  28.3% 17807 30656s
H  912   893                    2.049970e+07 1.4737e+07  28.1% 17790 30656s
   914   960 1.8241e+07  171 1826 2.0500e+07 1.4737e+07  28.1% 17796 31054s
   983  1021 1.9571e+07  182 1695 2.0500e+07 1.4737e+07  28.1% 17704 31545s
  1046  1050 1.9832e+07  193 1733 2.0500e+07 1.4737e+07  28.1% 17331 33413s
  1075  1135 1.9860e+07  194 1719 2.0500e+07 1.4737e+07  28.1% 17272 34071s
  1169  1211 2.0300e+07  218 1591 2.0500e+07 1.4737e+07  28.1% 16862 34553s
  1257  1304 1.4770e+07    7 2521 2.0500e+07 1.4737e+07  28.1% 16603 35421s
  1350  1425 1.4857e+07   15 2435 2.0500e+07 1.4737e+07  28.1% 16753 36383s
  1471  1610 1.4925e+07   24 2382 2.0500e+07 1.4737e+07  28.1% 16211 37344s
  1656  1820 1.4961e+07   38 2340 2.0500e+07 1.4737e+07  28.1% 15006 37938s
  1866  2045 1.5030e+07   45 2171 2.0500e+07 1.4737e+07  28.1% 13811 38445s
  2091  2078 1.5055e+07   70 2267 2.0500e+07 1.4737e+07  28.1% 12749 39390s
  2124  2339 1.5129e+07   68 2177 2.0500e+07 1.4737e+07  28.1% 12649 39959s
  2368  2339 1.5374e+07  141 2155 2.0500e+07 1.4737e+07  28.1% 11654 39960s
  2388  2532 1.5119e+07   95 2188 2.0500e+07 1.4737e+07  28.1% 11654 40667s
  2618  2598 1.5179e+07  122 2079 2.0500e+07 1.4737e+07  28.1% 11141 46805s
  2685  2599 1.6664e+07   69 2685 2.0500e+07 1.4737e+07  28.1% 11305 47938s
  2687  2600 1.8156e+07  215 2480 2.0500e+07 1.4737e+07  28.1% 11296 48047s
  2688  2601 1.7332e+07  455 2652 2.0500e+07 1.4737e+07  28.1% 11292 48219s
  2689  2602 1.6816e+07   86 2623 2.0500e+07 1.4737e+07  28.1% 11288 48422s
  2690  2602 1.4774e+07    7 2729 2.0500e+07 1.4737e+07  28.1% 11284 48722s
  2691  2603 1.7332e+07  155 2704 2.0500e+07 1.4737e+07  28.1% 11280 49024s
  2692  2604 1.5112e+07   54 2709 2.0500e+07 1.4737e+07  28.1% 11275 49267s
  2693  2604 1.8451e+07  315 2704 2.0500e+07 1.4737e+07  28.1% 11271 49501s
  2694  2605 1.7157e+07   95 2611 2.0500e+07 1.4737e+07  28.1% 11267 49702s
  2695  2606 1.8242e+07  173 2664 2.0500e+07 1.4737e+07  28.1% 11263 49933s
  2696  2606 1.8198e+07  652 2674 2.0500e+07 1.4737e+07  28.1% 11259 50100s
  2697  2607 1.7374e+07  502 2720 2.0500e+07 1.4737e+07  28.1% 11255 50249s
  2698  2608 1.8181e+07  621 2750 2.0500e+07 1.4737e+07  28.1% 11250 50418s
  2699  2608 1.8175e+07  243 2712 2.0500e+07 1.4737e+07  28.1% 11246 50550s
  2700  2609 1.6485e+07  268 2684 2.0500e+07 1.4737e+07  28.1% 11242 50658s
  2701  2610 1.8464e+07  335 2732 2.0500e+07 1.4737e+07  28.1% 11238 50731s
  2702  2610 1.8491e+07  384 2754 2.0500e+07 1.4737e+07  28.1% 11234 50777s
  2703  2611 1.8474e+07  351 2768 2.0500e+07 1.4737e+07  28.1% 11230 50798s
  2704  2612 1.4954e+07   32 2774 2.0500e+07 1.4737e+07  28.1% 11225 50829s
  2705  2612 1.5117e+07   33 2652 2.0500e+07 1.4737e+07  28.1% 11221 51031s
  2706  2613 1.8531e+07  450 2665 2.0500e+07 1.4740e+07  28.1% 11217 51174s
  2707  2614 1.8167e+07  163 2678 2.0500e+07 1.4743e+07  28.1% 11213 51262s
  2708  2614 1.9524e+07  583 2701 2.0500e+07 1.4745e+07  28.1% 11209 51321s
  2709  2615 2.0050e+07  205 2728 2.0500e+07 1.4745e+07  28.1% 11205 51353s
  2710  2616 1.5156e+07   68 2699 2.0500e+07 1.4745e+07  28.1% 11201 51381s
  2711  2616 1.5602e+07   94 2661 2.0500e+07 1.4749e+07  28.1% 11196 51484s
  2712  2617 1.4893e+07   16 2657 2.0500e+07 1.4752e+07  28.0% 11192 51573s
  2713  2618 1.5011e+07   37 2649 2.0500e+07 1.4753e+07  28.0% 11188 51630s
  2714  2618 1.6661e+07   71 2655 2.0500e+07 1.4754e+07  28.0% 11184 51661s
  2715  2619 1.5790e+07  134 2616 2.0500e+07 1.4754e+07  28.0% 11180 51678s
  2716  2620 1.6712e+07  382 2642 2.0500e+07 1.4754e+07  28.0% 11176 51706s
  2717  2620 1.5816e+07  135 2660 2.0500e+07 1.4757e+07  28.0% 11172 51817s
  2718  2621 1.4813e+07   11 2654 2.0500e+07 1.4758e+07  28.0% 11168 51870s
  2719  2622 1.5730e+07  109 2680 2.0500e+07 1.4759e+07  28.0% 11164 51909s
  2720  2622 1.5011e+07   37 2671 2.0500e+07 1.4760e+07  28.0% 11159 51930s
  2721  2623 1.6713e+07  384 2653 2.0500e+07 1.4760e+07  28.0% 11155 51950s
  2722  2624 1.8176e+07  619 2623 2.0500e+07 1.4762e+07  28.0% 11151 52029s
  2723  2624 1.8428e+07  289 2637 2.0500e+07 1.4763e+07  28.0% 11147 52068s
  2724  2625 1.8826e+07  683 2641 2.0500e+07 1.4763e+07  28.0% 11143 52088s
  2725  2626 1.4878e+07   17 2624 2.0500e+07 1.4763e+07  28.0% 11139 52110s
  2726  2626 1.5819e+07  100 2650 2.0500e+07 1.4764e+07  28.0% 11135 52181s
  2727  2627 2.0283e+07  215 2664 2.0500e+07 1.4764e+07  28.0% 11131 52198s
  2728  2628 1.5339e+07  143 2662 2.0500e+07 1.4765e+07  28.0% 11127 52222s
  2729  2628 1.5072e+07   40 2594 2.0500e+07 1.4766e+07  28.0% 11123 52288s
  2730  2629 1.9877e+07  198 2630 2.0500e+07 1.4766e+07  28.0% 11119 52307s
  2731  2630 1.6494e+07  277 2618 2.0500e+07 1.4766e+07  28.0% 11114 52326s
  2732  2630 1.8687e+07  472 2612 2.0500e+07 1.4767e+07  28.0% 11110 52373s
  2733  2631 1.8530e+07  445 2600 2.0500e+07 1.4767e+07  28.0% 11106 52391s
  2734  2632 1.6415e+07  114 2644 2.0500e+07 1.4767e+07  28.0% 11102 52411s
  2735  2632 1.5652e+07   90 2631 2.0500e+07 1.4767e+07  28.0% 11098 52447s
  2736  2633 1.5034e+07   63 2629 2.0500e+07 1.4768e+07  28.0% 11094 52468s
  2737  2634 1.5370e+07  187 2632 2.0500e+07 1.4768e+07  28.0% 11090 52500s
  2738  2634 1.5097e+07   45 2628 2.0500e+07 1.4768e+07  28.0% 11086 52576s
  2739  2635 1.5781e+07   95 2628 2.0500e+07 1.4768e+07  28.0% 11082 52880s
  2740  2639 1.4773e+07   12 2568 2.0500e+07 1.4768e+07  28.0% 11666 53187s
  2742  2642 1.4774e+07   13 2553 2.0500e+07 1.4773e+07  27.9% 11681 53838s
  2746  2645 1.4784e+07   14 2622 2.0500e+07 1.4774e+07  27.9% 11760 54062s
  2750  2647 1.4796e+07   14 2514 2.0500e+07 1.4784e+07  27.9% 11850 54126s
  2754  2650 1.4790e+07   15 2607 2.0500e+07 1.4784e+07  27.9% 11915 54173s
  2758  2653 1.4862e+07   15 2629 2.0500e+07 1.4790e+07  27.9% 11957 54491s
  2762  2656 1.4799e+07   16 2611 2.0500e+07 1.4796e+07  27.8% 12026 54559s
  2767  2660 1.4801e+07   17 2578 2.0500e+07 1.4796e+07  27.8% 12039 54634s
  2772  2664 1.4810e+07   18 2585 2.0500e+07 1.4796e+07  27.8% 12087 54900s
  2778  2668 1.4823e+07   18 2544 2.0500e+07 1.4796e+07  27.8% 12146 54960s
  2784  2673 1.4810e+07   19 2535 2.0500e+07 1.4796e+07  27.8% 12154 55062s
  2791  2679 1.4810e+07   20 2491 2.0500e+07 1.4796e+07  27.8% 12190 55282s
  2799  2683 1.4845e+07   21 2479 2.0500e+07 1.4796e+07  27.8% 12237 55379s
  2806  2687 1.4833e+07   21 2475 2.0500e+07 1.4796e+07  27.8% 12283 55789s
  2812  2692 1.4845e+07   22 2505 2.0500e+07 1.4796e+07  27.8% 12349 55889s
  2819  2699 1.4857e+07   23 2452 2.0500e+07 1.4796e+07  27.8% 12374 55996s
  2829  2700 1.4897e+07   24 2494 2.0500e+07 1.4796e+07  27.8% 12412 56277s
  2833  2706 1.4885e+07   24 2553 2.0500e+07 1.4796e+07  27.8% 12464 56371s
  2840  2713 1.4935e+07   25 2454 2.0500e+07 1.4796e+07  27.8% 12489 56490s
  2850  2722 1.4916e+07   26 2451 2.0500e+07 1.4796e+07  27.8% 12507 56614s
  2862  2729 1.4921e+07   28 2394 2.0500e+07 1.4796e+07  27.8% 12517 56725s
  2873  2737 1.4922e+07   29 2394 2.0500e+07 1.4796e+07  27.8% 12529 56828s
  2885  2743 1.4964e+07   30 2359 2.0500e+07 1.4796e+07  27.8% 12549 56976s
  2895  2750 1.4946e+07   31 2299 2.0500e+07 1.4796e+07  27.8% 12584 57135s
  2905  2760 1.4974e+07   31 2418 2.0500e+07 1.4796e+07  27.8% 12611 57270s
  2918  2769 1.4949e+07   33 2330 2.0500e+07 1.4796e+07  27.8% 12628 57395s
  2932  2777 1.4953e+07   34 2307 2.0500e+07 1.4796e+07  27.8% 12644 58106s
  2944  2784 1.4966e+07   35 2312 2.0500e+07 1.4796e+07  27.8% 12731 58222s
  2955  2791 1.4966e+07   36 2295 2.0500e+07 1.4796e+07  27.8% 12756 58393s
  2966  2805 1.4973e+07   38 2336 2.0500e+07 1.4796e+07  27.8% 12802 58654s
  2984  2814 1.4999e+07   40 2352 2.0500e+07 1.4796e+07  27.8% 12836 58884s
  2999  2828 1.5000e+07   41 2351 2.0500e+07 1.4796e+07  27.8% 12873 59330s
  3018  2845 1.5008e+07   43 2339 2.0500e+07 1.4796e+07  27.8% 12933 59559s
  3041  2858 1.5033e+07   46 2376 2.0500e+07 1.4796e+07  27.8% 12958 59740s
  3062  2870 1.5061e+07   48 2303 2.0500e+07 1.4796e+07  27.8% 12985 60221s
  3081  2886 1.5045e+07   51 2296 2.0500e+07 1.4796e+07  27.8% 13027 60444s
  3103  2898 1.5055e+07   53 2326 2.0500e+07 1.4796e+07  27.8% 13066 60693s
  3122  2921 1.5060e+07   55 2303 2.0500e+07 1.4796e+07  27.8% 13103 60937s
  3152  2933 1.5060e+07   57 2320 2.0500e+07 1.4796e+07  27.8% 13116 61195s
  3174  2947 1.5062e+07   59 2342 2.0500e+07 1.4796e+07  27.8% 13160 61730s
  3195  2964 1.5064e+07   61 2288 2.0500e+07 1.4796e+07  27.8% 13222 61983s
  3219  2988 1.5170e+07   63 2342 2.0500e+07 1.4796e+07  27.8% 13274 62267s
H 3251  2856                    2.036891e+07 1.4796e+07  27.4% 13294 62953s
  3263  2878 1.5083e+07   68 2298 2.0369e+07 1.4796e+07  27.4% 13331 63249s
  3289  2893 1.5084e+07   71 2287 2.0369e+07 1.4796e+07  27.4% 13379 63574s
H 3291  2766                    2.036889e+07 1.4796e+07  27.4% 13383 63574s
  3312  2795 1.5087e+07   72 2338 2.0369e+07 1.4796e+07  27.4% 13420 64348s
  3348  2802 1.5110e+07   75 2193 2.0369e+07 1.4796e+07  27.4% 13495 64730s
H 3350  2681                    2.030300e+07 1.4796e+07  27.1% 13490 64730s
  3367  2706 1.5093e+07   76 2220 2.0303e+07 1.4796e+07  27.1% 13519 65264s
H 3397  2603                    2.021626e+07 1.4796e+07  26.8% 13592 65743s
  3418  2636 1.5104e+07   82 2268 2.0216e+07 1.4796e+07  26.8% 13636 66114s
  3458  2653 1.5105e+07   86 2278 2.0216e+07 1.4796e+07  26.8% 13682 66579s
  3489  2686 1.5108e+07   91 2294 2.0216e+07 1.4796e+07  26.8% 13724 66968s
  3532  2686 1.5109e+07   95 2283 2.0216e+07 1.4796e+07  26.8% 13772 67922s
  3546  2725 1.5114e+07   96 2265 2.0216e+07 1.4796e+07  26.8% 13796 68386s
  3590  2739 1.5119e+07  101 2287 2.0216e+07 1.4796e+07  26.8% 13868 70117s
  3619  2782 1.5202e+07  106 2237 2.0216e+07 1.4796e+07  26.8% 13945 70629s
  3671  2802 1.5143e+07  113 2220 2.0216e+07 1.4796e+07  26.8% 13994 73828s
H 3682  2691                    2.019990e+07 1.4796e+07  26.8% 14010 73828s
H 3709  2632                    2.017421e+07 1.4796e+07  26.7% 14044 76719s
  3761  2677 1.5155e+07  124 2237 2.0174e+07 1.4796e+07  26.7% 14110 77830s
  3824  2708 1.5158e+07  130 2308 2.0174e+07 1.4796e+07  26.7% 14159 78551s
  3876  2747 1.5167e+07  137 2283 2.0174e+07 1.4796e+07  26.7% 14251 79533s
H 3890  2644                    1.992023e+07 1.4796e+07  25.7% 14270 79533s
  3932  2704 1.5170e+07  144 2255 1.9920e+07 1.4796e+07  25.7% 14311 80177s
H 3941  2609                    1.988193e+07 1.4796e+07  25.6% 14315 80177s
H 4006  2538                    1.987319e+07 1.4796e+07  25.5% 14352 81530s
H 4024  2448                    1.985875e+07 1.4796e+07  25.5% 14364 81531s
H 4044  2421                    1.985763e+07 1.4796e+07  25.5% 14372 86372s
  4103  2403 1.5213e+07  165 2215 1.9858e+07 1.4796e+07  25.5% 14327 86398s

Cutting planes:
  Gomory: 2
  Cover: 7
  Implied bound: 270
  Projected implied bound: 62
  Clique: 6
  MIR: 478
  StrongCG: 1
  Flow cover: 3112
  GUB cover: 1
  Zero half: 2
  Network: 1
  RLT: 177
  Relax-and-lift: 644

Explored 4105 nodes (61322473 simplex iterations) in 86398.09 seconds (123616.91 work units)
Thread count was 4 (of 128 available processors)

Solution count 10: 1.98576e+07 1.98732e+07 2.01742e+07 ... 2.05679e+07

Time limit reached
Best objective 1.985763100000e+07, best bound 1.479641403637e+07, gap 25.4875%

Solving took 	23:59:58.088
####################################################################################################
####################################################################################################
####################################################################################################
Reached timelimit, but could find a feasible solution
####################################################################################################
Description                          Value
----------------------------  ------------
Objective (min)               19,857,631.0
Cost sailing                  15,608,564.0
Cost port visits               7,222,012.0
Cost transshipment (demands)   1,320,466.0
Cost transshipment (empties)     464,856.0
Penalty delayed demands        2,136,868.0
Revenue Empties                6,970,535.0
Penalty rejected demands          75,400.0
Rejected demands (%)                  0.11
Omitted ports (%)                     8.01
Gap (%)                              25.49
####################################################################################################
Export solution
####################################################################################################
Overall time 	00:00:00.454

real	1440m1.170s
user	3591m45.345s
sys	0m52.921s
finished at Fri Mar 17 14:57:42 CET 2023
