cpu-bind=MASK - n2lcn0125, task  0  0 [3856164]: mask |--------|--------||--------|----BBBB||--------|--------||--------|--------||||--------|--------||--------|--------||--------|--------||--------|--------|  set
started at Thu Mar 16 14:57:41 CET 2023
Timecheck 9936618.826560548
Set parameter TokenServer to value "license3.uni-paderborn.de"
Warning: Gurobi version mismatch between Python 10.0.1 and C library 10.0.0
Timecheck 9936618.871466784
Timecheck 9936618.871690514
Timecheck 9936618.871727934
Timecheck 9936618.871756334


####################################################################################################
Solve scenario sce_6_26_1 with free vessel operation using the arc flow model
Vessels can omit ports, Demands can be rejected
####################################################################################################
Data preprocessing, load /upb/departments/pc2/groups/hpc-prf-winf4/dwetzel/SILSRP/inst_final/sce_6_26_1
and create additional sets and parameters
	|- Read vessel information, number of vessels:	17
	|- Read node information, number of nodes:		848
	|- Read arc information
		|- Number of sailing arcs:			9152
		|- Number of transshipment arcs:	1583
	|- Read container information
		|- Number of demands:		4505
		|- Number of empties (+/-):	437/371
	|- Create additional sets and parameters

Data preprocessing took 	00:00:07.285
####################################################################################################
Create linear model
Set parameter Threads to value 4
	|- Create variables, took	00:00:18.871
	|- Create objective, took	00:00:10.944
	|- Create constraints, took	00:00:36.660
	|- Load CVO start

Creating model took	00:01:06.504
####################################################################################################
Fix start solution

Set parameter TimeLimit to value 8.6332374917985871e+04
Gurobi Optimizer version 10.0.0 build v10.0.0rc2 (linux64)

CPU model: AMD EPYC 7763 64-Core Processor, instruction set [SSE2|AVX|AVX2]
Thread count: 128 physical cores, 128 logical processors, using up to 4 threads

Optimize a model with 423842 rows, 3734886 columns and 11882253 nonzeros
Model fingerprint: 0x3b342c47
Variable types: 3573967 continuous, 160919 integer (160919 binary)
Coefficient statistics:
  Matrix range     [1e+00, 4e+05]
  Objective range  [1e+00, 1e+00]
  Bounds range     [1e+00, 5e+02]
  RHS range        [1e+00, 2e+08]
Found heuristic solution: objective 2.488046e+08
Presolve removed 318888 rows and 3495494 columns (presolve time = 5s) ...
Presolve removed 378453 rows and 3615282 columns (presolve time = 10s) ...
Presolve removed 382397 rows and 3624978 columns (presolve time = 15s) ...
Presolve removed 382397 rows and 3624978 columns
Presolve time: 15.61s
Presolved: 41445 rows, 109908 columns, 315278 nonzeros
Found heuristic solution: objective 1.090601e+08
Variable types: 106010 continuous, 3898 integer (3895 binary)
Deterministic concurrent LP optimizer: primal and dual simplex
Showing first log only...


Root simplex log...

Iteration    Objective       Primal Inf.    Dual Inf.      Time
       0    2.3150584e+08   1.728750e+02   4.750769e+07     17s
   53981    1.5165212e+08   0.000000e+00   2.385775e+07     17s
Concurrent spin time: 0.05s

Solved with dual simplex

Root simplex log...

Iteration    Objective       Primal Inf.    Dual Inf.      Time
   14356    6.5373615e+07   0.000000e+00   0.000000e+00     17s

Root relaxation: objective 6.537362e+07, 14356 iterations, 0.73 seconds (0.63 work units)

    Nodes    |    Current Node    |     Objective Bounds      |     Work
 Expl Unexpl |  Obj  Depth IntInf | Incumbent    BestBd   Gap | It/Node Time

*    0     0               0    6.537362e+07 6.5374e+07  0.00%     -   17s

Explored 1 nodes (14356 simplex iterations) in 17.41 seconds (9.11 work units)
Thread count was 4 (of 128 available processors)

Solution count 3: 6.53736e+07 1.0906e+08 2.48805e+08 

Optimal solution found (tolerance 1.00e-04)
Best objective 6.537361500000e+07, best bound 6.537361500000e+07, gap 0.0000%

Fixing start solution took	00:01:25.198
####################################################################################################
####################################################################################################
Solve optimization model

Set parameter TimeLimit to value 8.6314801589546725e+04
Gurobi Optimizer version 10.0.0 build v10.0.0rc2 (linux64)

CPU model: AMD EPYC 7763 64-Core Processor, instruction set [SSE2|AVX|AVX2]
Thread count: 128 physical cores, 128 logical processors, using up to 4 threads

Optimize a model with 422995 rows, 3734886 columns and 11881406 nonzeros
Model fingerprint: 0x72093e50
Variable types: 3573967 continuous, 160919 integer (160919 binary)
Coefficient statistics:
  Matrix range     [1e+00, 4e+05]
  Objective range  [1e+00, 1e+00]
  Bounds range     [1e+00, 5e+02]
  RHS range        [1e+00, 2e+08]

Loaded MIP start from previous solve with objective 6.53736e+07

Presolve removed 12290 rows and 17161 columns (presolve time = 5s) ...
Presolve removed 16497 rows and 25003 columns (presolve time = 10s) ...
Presolve removed 17446 rows and 25895 columns (presolve time = 15s) ...
Presolve removed 17683 rows and 26948 columns (presolve time = 20s) ...
Presolve removed 17686 rows and 26948 columns (presolve time = 25s) ...
Presolve removed 17686 rows and 26948 columns (presolve time = 30s) ...
Presolve removed 17686 rows and 26948 columns (presolve time = 35s) ...
Presolve removed 17690 rows and 26948 columns
Presolve time: 37.87s
Presolved: 405305 rows, 3707938 columns, 10750604 nonzeros
Variable types: 3557032 continuous, 150906 integer (150906 binary)
Deterministic concurrent LP optimizer: primal simplex, dual simplex, and barrier
Showing barrier log only...

Root barrier log...

Elapsed ordering time = 5s
Elapsed ordering time = 10s
Elapsed ordering time = 15s
Elapsed ordering time = 20s
Elapsed ordering time = 25s
Elapsed ordering time = 30s
Elapsed ordering time = 35s
Elapsed ordering time = 40s
Elapsed ordering time = 45s
Elapsed ordering time = 50s
Elapsed ordering time = 55s
Elapsed ordering time = 60s
Elapsed ordering time = 65s
Elapsed ordering time = 70s
Elapsed ordering time = 75s
Elapsed ordering time = 80s
Elapsed ordering time = 85s
Elapsed ordering time = 90s
Elapsed ordering time = 95s
Elapsed ordering time = 100s
Elapsed ordering time = 105s
Elapsed ordering time = 110s
Elapsed ordering time = 115s
Elapsed ordering time = 120s
Elapsed ordering time = 125s
Elapsed ordering time = 130s
Elapsed ordering time = 135s
Elapsed ordering time = 140s
Elapsed ordering time = 145s
Elapsed ordering time = 150s
Elapsed ordering time = 155s
Elapsed ordering time = 160s
Elapsed ordering time = 165s
Elapsed ordering time = 170s
Elapsed ordering time = 175s
Elapsed ordering time = 180s
Elapsed ordering time = 185s
Elapsed ordering time = 190s
Elapsed ordering time = 195s
Elapsed ordering time = 200s
Elapsed ordering time = 205s
Elapsed ordering time = 210s
Elapsed ordering time = 215s
Ordering time: 219.26s

Barrier statistics:
 AA' NZ     : 1.010e+07
 Factor NZ  : 3.426e+08 (roughly 4.0 GB of memory)
 Factor Ops : 1.037e+12 (roughly 17 seconds per iteration)
 Threads    : 2

                  Objective                Residual
Iter       Primal          Dual         Primal    Dual     Compl     Time
   0   1.49883384e+17 -5.52999454e+15  5.26e+10 9.73e+03  2.50e+13   314s
   1   4.80027340e+16 -1.16872574e+15  1.68e+10 6.89e+02  8.27e+12   339s
   2   2.79294089e+15 -2.92345465e+14  9.76e+08 3.35e-09  4.86e+11   365s
   3   3.77365572e+14 -6.62522608e+13  1.32e+08 2.65e-09  6.59e+10   392s
   4   4.01596583e+13 -1.49188075e+13  1.40e+07 2.42e-09  7.08e+09   420s
   5   6.43939509e+12 -5.52452154e+12  2.24e+06 8.29e-09  1.14e+09   449s
   6   6.52094559e+11 -2.89846836e+12  2.26e+05 5.12e-09  1.17e+08   480s
   7   3.34260261e+10 -2.30577381e+12  1.15e+04 3.64e-09  6.31e+06   513s
   8   3.97711561e+09 -1.79863317e+12  1.21e+03 3.26e-09  8.56e+05   544s
   9   1.04620823e+09 -8.62754964e+11  2.31e+02 4.98e-09  2.15e+05   580s
  10   3.35163773e+08 -3.74930397e+11  4.00e+01 8.21e-09  6.78e+04   615s
  11   1.53084545e+08 -8.75383972e+10  2.28e+00 9.31e-09  1.30e+04   653s
  12   1.26890709e+08 -1.77038122e+10  2.38e-01 4.75e-08  2.47e+03   690s
  13   1.14424250e+08 -9.02145167e+09  8.78e-02 3.14e-08  1.24e+03   717s
  14   1.03425530e+08 -1.97174080e+09  2.47e-02 1.13e-07  2.81e+02   749s
  15   8.66298421e+07 -7.64914069e+08  6.77e-03 6.62e-08  1.15e+02   780s
  16   7.78178379e+07 -4.80479211e+08  4.64e-03 4.50e-08  7.53e+01   808s
  17   6.25829514e+07 -2.76071650e+08  1.84e-03 4.60e-08  4.56e+01   835s
  18   5.10851988e+07 -1.24865018e+08  6.20e-04 5.18e-08  2.37e+01   863s
  19   4.43548935e+07 -7.13140009e+07  3.22e-04 4.52e-08  1.56e+01   889s
  20   4.11811908e+07 -3.85108328e+07  2.24e-04 4.94e-08  1.07e+01   914s
  21   3.68684751e+07 -2.47454021e+07  1.05e-04 5.66e-08  8.30e+00   937s
  22   3.59155026e+07 -1.26310498e+07  8.61e-05 9.12e-08  6.54e+00   961s
  23   3.42805443e+07 -4.79858554e+06  5.66e-05 1.30e-07  5.26e+00   984s
  24   3.24561133e+07  5.00593414e+06  2.95e-05 1.45e-07  3.70e+00  1008s
  25   3.13933063e+07  1.22502448e+07  1.95e-05 1.57e-07  2.58e+00  1033s
  26   2.99321864e+07  1.79712986e+07  8.89e-06 4.87e-08  1.61e+00  1058s
  27   2.91269741e+07  2.26196202e+07  4.51e-06 5.22e-08  8.76e-01  1084s
  28   2.83936327e+07  2.43664908e+07  1.62e-06 5.53e-08  5.42e-01  1112s
  29   2.81044639e+07  2.56960261e+07  8.73e-07 4.77e-08  3.24e-01  1139s
  30   2.78418764e+07  2.69657469e+07  8.18e-07 3.83e-08  1.18e-01  1169s
  31   2.77404347e+07  2.72917856e+07  4.03e-07 4.21e-08  6.04e-02  1196s
  32   2.76451728e+07  2.75370321e+07  5.43e-08 3.77e-08  1.46e-02  1227s
  33   2.76209418e+07  2.76053076e+07  1.12e-08 2.00e-07  2.11e-03  1255s
  34   2.76179370e+07  2.76164134e+07  6.81e-10 5.92e-08  2.05e-04  1283s
  35   2.76175656e+07  2.76173843e+07  1.08e-09 4.68e-07  2.44e-05  1311s
  36   2.76175168e+07  2.76175038e+07  1.10e-08 2.92e-06  1.75e-06  1338s
  37   2.76175142e+07  2.76175128e+07  8.11e-09 1.90e-05  1.90e-07  1364s
  38   2.76175132e+07  2.76175131e+07  7.83e-07 1.16e-04  1.21e-08  1389s
  39   1.49883385e+17 -5.55256773e+16  5.26e+10 1.60e+03  2.50e+14  1435s
  40   3.36600100e+16 -6.40699059e+15  1.18e+10 4.12e+04  3.98e+13  1460s
  41   2.80677576e+15 -1.07959803e+15  9.81e+08 1.81e-08  2.25e+12  1485s
  42   3.11063092e+14 -2.07077268e+14  1.09e+08 2.97e-08  2.18e+11  1512s
  43   3.97024715e+13 -4.01887918e+13  1.38e+07 1.08e-08  2.48e+10  1537s
  44   5.84962127e+12 -1.19377161e+13  2.04e+06 7.36e-09  2.50e+09  1564s
  45   5.78518046e+11 -3.72407424e+12  2.02e+05 4.30e-09  1.19e+08  1593s
  46   7.58982581e+10 -1.11164742e+12  2.68e+04 1.37e-09  6.25e+06  1621s
  47   9.80843572e+09 -1.24579252e+11  3.37e+03 2.91e-10  1.44e+05  1653s
  48   4.62067855e+09 -4.66989742e+10  1.55e+03 2.63e-10  3.59e+04  1678s
  49   1.88385841e+09 -2.25583489e+10  6.02e+02 2.42e-10  1.01e+04  1707s
  50   7.54254703e+08 -1.19010537e+10  2.12e+02 8.91e-10  3.40e+03  1738s
  51   2.24616751e+08 -6.32786277e+09  4.41e+01 1.72e-09  1.19e+03  1771s
  52   1.25813411e+08 -2.99058470e+09  1.53e+01 2.82e-09  5.20e+02  1801s
  53   8.42957198e+07 -1.34974845e+09  4.80e+00 3.81e-09  2.21e+02  1832s
  54   7.06413051e+07 -6.70293100e+08  2.55e+00 6.12e-09  1.12e+02  1861s
  55   5.51177920e+07 -3.62316454e+08  9.41e-01 1.22e-08  5.97e+01  1890s
  56   4.50403873e+07 -1.80632266e+08  3.27e-01 4.10e-08  3.12e+01  1918s
  57   3.87886642e+07 -8.42105781e+07  1.34e-01 4.97e-08  1.68e+01  1946s
  58   3.41993620e+07 -3.35597703e+07  3.87e-02 3.42e-08  9.17e+00  1972s
  59   3.21321670e+07 -1.32497370e+07  1.71e-02 5.89e-08  6.13e+00  1997s
  60   3.10013860e+07  9.19949957e+05  9.70e-03 8.48e-08  4.06e+00  2021s
  61   3.01990426e+07  6.55690836e+06  6.06e-03 6.79e-08  3.19e+00  2045s
  62   2.97842115e+07  1.20787148e+07  4.53e-03 1.02e-07  2.39e+00  2068s
  63   2.92040181e+07  1.75468753e+07  2.75e-03 1.24e-07  1.57e+00  2092s
  64   2.86524912e+07  2.11951668e+07  1.44e-03 1.19e-07  1.00e+00  2117s
  65   2.82429131e+07  2.32811299e+07  6.92e-04 1.42e-07  6.68e-01  2144s
  66   2.79478939e+07  2.50022404e+07  2.92e-04 2.01e-07  3.97e-01  2171s
  67   2.77494822e+07  2.60265383e+07  8.98e-05 6.19e-07  2.32e-01  2200s
  68   2.76999243e+07  2.67969230e+07  4.72e-05 1.57e-06  1.22e-01  2228s
  69   2.76436064e+07  2.73939927e+07  1.27e-05 5.10e-06  3.36e-02  2264s
  70   2.76215917e+07  2.75803293e+07  1.87e-06 6.57e-05  5.56e-03  2313s
  71   2.76181912e+07  2.76158952e+07  1.56e-07 2.70e-04  3.09e-04  2346s
  72   2.76175660e+07  2.76173996e+07  1.18e-08 6.31e-04  2.24e-05  2379s
  73   2.76175571e+07  2.76173997e+07  9.82e-09 6.27e-04  2.12e-05  2408s
  74   2.76175563e+07  2.76173997e+07  9.63e-09 6.29e-04  2.11e-05  2435s
  75   2.76175549e+07  2.76173997e+07  9.29e-09 6.30e-04  2.09e-05  2464s
  76   2.76175530e+07  2.76173994e+07  8.86e-09 4.71e-04  2.07e-05  2493s
  77   2.76175460e+07  2.76173994e+07  7.23e-09 4.71e-04  1.97e-05  2523s
  78   2.76175427e+07  2.76173994e+07  7.39e-09 4.71e-04  1.93e-05  2552s
  79   2.76175422e+07  2.76173994e+07  8.33e-09 4.71e-04  1.92e-05  2581s
  80   2.76175393e+07  2.76173994e+07  1.05e-08 4.72e-04  1.88e-05  2612s
  81   2.76175370e+07  2.76173994e+07  6.49e-09 4.72e-04  1.85e-05  2641s
  82   2.76175370e+07  2.76173994e+07  1.10e-08 4.72e-04  1.85e-05  2671s

Barrier performed 82 iterations in 2670.66 seconds (2303.51 work units)
Sub-optimal termination - objective 2.76175168e+07


Root crossover log...

  386405 DPushes remaining with DInf 9.0704628e-04              2671s
   87388 DPushes remaining with DInf 3.1706357e-04              2678s
   27161 DPushes remaining with DInf 6.2239790e-05              2682s
    4365 DPushes remaining with DInf 0.0000000e+00              2685s
    4236 DPushes remaining with DInf 3.6409586e-05              2693s
       0 DPushes remaining with DInf 0.0000000e+00              2693s

   18312 PPushes remaining with PInf 1.0178252e-02              2693s
   13113 PPushes remaining with PInf 4.1560779e-03              2695s
    4062 PPushes remaining with PInf 1.0730213e-06              2700s
       0 PPushes remaining with PInf 0.0000000e+00              2703s

  Push phase complete: Pinf 0.0000000e+00, Dinf 1.5981265e+03   2703s


Root simplex log...

Iteration    Objective       Primal Inf.    Dual Inf.      Time
  400036    2.7617513e+07   0.000000e+00   1.598126e+03   2704s
  400177    2.7617513e+07   0.000000e+00   0.000000e+00   2708s
Waiting for other threads to finish...        2772s
Waiting for other threads to finish...        2836s
Waiting for other threads to finish...        2899s
Waiting for other threads to finish...        2963s
Waiting for other threads to finish...        3026s
Waiting for other threads to finish...        3090s
Waiting for other threads to finish...        3153s
Waiting for other threads to finish...        3217s
Waiting for other threads to finish...        3280s
Waiting for other threads to finish...        3344s
Waiting for other threads to finish...        3408s
Waiting for other threads to finish...        3472s
Waiting for other threads to finish...        3535s
Waiting for other threads to finish...        3598s
Waiting for other threads to finish...        3662s
Concurrent spin time: 978.23s (can be avoided by choosing Method=3)

Solved with barrier
  400177    2.7617513e+07   0.000000e+00   0.000000e+00   3688s

Root relaxation: objective 2.761751e+07, 400177 iterations, 3647.99 seconds (2330.54 work units)
Total elapsed time = 3707.61s
Total elapsed time = 3726.15s

    Nodes    |    Current Node    |     Objective Bounds      |     Work
 Expl Unexpl |  Obj  Depth IntInf | Incumbent    BestBd   Gap | It/Node Time

     0     0 2.7618e+07    0 9064 6.5374e+07 2.7618e+07  57.8%     - 3753s
     0     0          -    0      6.5374e+07 2.7618e+07  57.8%     - 86314s

Cutting planes:
  Gomory: 12
  Cover: 7
  Implied bound: 1761
  MIR: 137
  StrongCG: 1
  Flow cover: 2947
  GUB cover: 1
  RLT: 10
  Relax-and-lift: 87

Explored 1 nodes (1365373 simplex iterations) in 86315.05 seconds (71183.40 work units)
Thread count was 4 (of 128 available processors)

Solution count 1: 6.53736e+07 

Time limit reached
Best objective 6.537361500000e+07, best bound 2.761751318203e+07, gap 57.7543%

Solving took 	23:58:35.114
####################################################################################################
####################################################################################################
####################################################################################################
Reached timelimit, but could find a feasible solution
####################################################################################################
Description                          Value
----------------------------  ------------
Objective (min)               65,373,615.0
Cost sailing                  27,246,210.0
Cost port visits              28,842,976.0
Cost transshipment (demands)   7,236,048.0
Cost transshipment (empties)     558,841.0
Penalty delayed demands        6,394,230.0
Revenue Empties                4,904,690.0
Penalty rejected demands               0.0
Rejected demands (%)                   0.0
Omitted ports (%)                      0.0
Gap (%)                              57.75
####################################################################################################
Export solution
####################################################################################################
Overall time 	1-00:00:10.965

real	1440m12.958s
user	1576m10.665s
sys	1m7.907s
finished at Fri Mar 17 14:57:54 CET 2023
