cpu-bind=MASK - n2lcn0122, task  0  0 [3442849]: mask |--------|--------||--------|--------||--------|--------||--------|--------||||--------|--------||--------|--------||--------|----BBBB||--------|--------|  set
started at Thu Mar 16 14:57:41 CET 2023
Timecheck 9938801.580396049
Set parameter TokenServer to value "license3.uni-paderborn.de"
Warning: Gurobi version mismatch between Python 10.0.1 and C library 10.0.0
Timecheck 9938801.584804932
Timecheck 9938801.585032312
Timecheck 9938801.585066091
Timecheck 9938801.58508752


####################################################################################################
Solve scenario sce_3_26_1 with free vessel operation using the arc flow model
Vessels can omit ports, Demands can be rejected
####################################################################################################
Data preprocessing, load /upb/departments/pc2/groups/hpc-prf-winf4/dwetzel/SILSRP/inst_final/sce_3_26_1
and create additional sets and parameters
	|- Read vessel information, number of vessels:	5
	|- Read node information, number of nodes:		369
	|- Read arc information
		|- Number of sailing arcs:			1499
		|- Number of transshipment arcs:	497
	|- Read container information
		|- Number of demands:		605
		|- Number of empties (+/-):	152/140
	|- Create additional sets and parameters

Data preprocessing took 	00:00:00.230
####################################################################################################
Create linear model
Set parameter Threads to value 4
	|- Create variables, took	00:00:00.286
	|- Create objective, took	00:00:00.228
	|- Create constraints, took	00:00:01.074
	|- Load CVO start

Creating model took	00:00:01.592
####################################################################################################
Fix start solution

Set parameter TimeLimit to value 8.6398380004920065e+04
Gurobi Optimizer version 10.0.0 build v10.0.0rc2 (linux64)

CPU model: AMD EPYC 7763 64-Core Processor, instruction set [SSE2|AVX|AVX2]
Thread count: 128 physical cores, 128 logical processors, using up to 4 threads

Optimize a model with 23382 rows, 80428 columns and 273020 nonzeros
Model fingerprint: 0x6044520d
Variable types: 71965 continuous, 8463 integer (8463 binary)
Coefficient statistics:
  Matrix range     [1e+00, 3e+05]
  Objective range  [1e+00, 1e+00]
  Bounds range     [1e+00, 3e+02]
  RHS range        [1e+00, 3e+07]
Found heuristic solution: objective 4.737040e+07
Presolve removed 21453 rows and 76725 columns
Presolve time: 0.14s
Presolved: 1929 rows, 3703 columns, 12683 nonzeros
Found heuristic solution: objective 2.632272e+07
Variable types: 3284 continuous, 419 integer (418 binary)

Root relaxation: objective 2.274280e+07, 772 iterations, 0.01 seconds (0.00 work units)

    Nodes    |    Current Node    |     Objective Bounds      |     Work
 Expl Unexpl |  Obj  Depth IntInf | Incumbent    BestBd   Gap | It/Node Time

*    0     0               0    2.274280e+07 2.2743e+07  0.00%     -    0s

Explored 1 nodes (772 simplex iterations) in 0.18 seconds (0.17 work units)
Thread count was 4 (of 128 available processors)

Solution count 3: 2.27428e+07 2.63227e+07 4.73704e+07 

Optimal solution found (tolerance 1.00e-04)
Best objective 2.274280166667e+07, best bound 2.274280166667e+07, gap 0.0000%

Fixing start solution took	00:00:01.813
####################################################################################################
####################################################################################################
Solve optimization model

Set parameter TimeLimit to value 8.6398186480907723e+04
Gurobi Optimizer version 10.0.0 build v10.0.0rc2 (linux64)

CPU model: AMD EPYC 7763 64-Core Processor, instruction set [SSE2|AVX|AVX2]
Thread count: 128 physical cores, 128 logical processors, using up to 4 threads

Optimize a model with 23014 rows, 80428 columns and 272652 nonzeros
Model fingerprint: 0x7cca8112
Variable types: 71965 continuous, 8463 integer (8463 binary)
Coefficient statistics:
  Matrix range     [1e+00, 3e+05]
  Objective range  [1e+00, 1e+00]
  Bounds range     [1e+00, 3e+02]
  RHS range        [1e+00, 3e+07]

MIP start from previous solve produced solution with objective 2.27428e+07 (0.12s)
Loaded MIP start from previous solve with objective 2.27428e+07

Presolve removed 2900 rows and 2560 columns
Presolve time: 0.39s
Presolved: 20114 rows, 77868 columns, 230670 nonzeros
Variable types: 70024 continuous, 7844 integer (7844 binary)
Deterministic concurrent LP optimizer: primal and dual simplex
Showing first log only...


Root simplex log...

Iteration    Objective       Primal Inf.    Dual Inf.      Time
   50259    1.0972564e+07   0.000000e+00   1.434938e+08      5s
   81061    9.1506368e+06   0.000000e+00   4.581101e+07     10s
  106518    8.4980945e+06   0.000000e+00   2.517262e+07     15s
  128707    8.1791923e+06   0.000000e+00   9.160033e+06     20s
  149175    7.9527076e+06   0.000000e+00   2.843721e+07     25s
  168439    7.8096731e+06   0.000000e+00   1.008930e+07     30s
  188563    7.7069306e+06   0.000000e+00   9.394148e+06     35s
Concurrent spin time: 0.00s

Solved with dual simplex

Root simplex log...

Iteration    Objective       Primal Inf.    Dual Inf.      Time
  105677    7.5015521e+06   0.000000e+00   0.000000e+00     40s

Root relaxation: objective 7.501552e+06, 105677 iterations, 39.41 seconds (37.62 work units)
Total elapsed time = 40.12s

    Nodes    |    Current Node    |     Objective Bounds      |     Work
 Expl Unexpl |  Obj  Depth IntInf | Incumbent    BestBd   Gap | It/Node Time

     0     0 7501552.10    0 1441 2.2743e+07 7501552.10  67.0%     -   40s
H    0     0                    2.209583e+07 7501552.10  66.0%     -   41s
     0     0 8037009.39    0 1613 2.2096e+07 8037009.39  63.6%     -  184s
H    0     0                    2.202743e+07 8037009.39  63.5%     -  185s
H    0     0                    2.188129e+07 8207043.27  62.5%     -  303s
H    0     0                    2.179615e+07 8207043.27  62.3%     -  303s
     0     0 8208657.91    0 1665 2.1796e+07 8208657.91  62.3%     -  303s
     0     0 8234290.07    0 1698 2.1796e+07 8234290.07  62.2%     -  363s
H    0     0                    2.160154e+07 8240088.59  61.9%     -  401s
     0     0 8240088.59    0 1662 2.1602e+07 8240088.59  61.9%     -  401s
     0     0 8247075.30    0 1735 2.1602e+07 8247075.30  61.8%     -  431s
     0     0 8247075.30    0 1721 2.1602e+07 8247075.30  61.8%     -  444s
     0     0 8248302.77    0 1716 2.1602e+07 8248302.77  61.8%     -  447s
H    0     0                    2.112974e+07 8779002.88  58.5%     -  790s
H    0     0                    2.100760e+07 8779002.88  58.2%     -  790s
     0     0 8779002.88    0 1775 2.1008e+07 8779002.88  58.2%     -  791s
H    0     0                    2.082495e+07 8779002.88  57.8%     -  791s
H    0     0                    2.030602e+07 9112549.24  55.1%     - 1228s
H    0     0                    2.027577e+07 9112549.24  55.1%     - 1228s
H    0     0                    1.995654e+07 9112549.24  54.3%     - 1228s
     0     0 9112549.24    0 1756 1.9957e+07 9112549.24  54.3%     - 1228s
H    0     0                    1.954618e+07 9195719.57  53.0%     - 1459s
H    0     0                    1.921552e+07 9195719.57  52.1%     - 1460s
H    0     0                    1.883695e+07 9195719.57  51.2%     - 1460s
H    0     0                    1.882381e+07 9195719.57  51.1%     - 1460s
     0     0 9195719.57    0 1789 1.8824e+07 9195719.57  51.1%     - 1460s
H    0     0                    1.860905e+07 9238038.11  50.4%     - 1590s
     0     0 9238038.11    0 1822 1.8609e+07 9238038.11  50.4%     - 1590s
H    0     0                    1.859823e+07 9248159.30  50.3%     - 1653s
     0     0 9248159.30    0 1891 1.8598e+07 9248159.30  50.3%     - 1653s
H    0     0                    1.843034e+07 9250448.12  49.8%     - 1692s
     0     0 9250448.12    0 1842 1.8430e+07 9250448.12  49.8%     - 1693s
     0     0 9251294.53    0 1865 1.8430e+07 9251294.53  49.8%     - 1714s
     0     0 9251737.98    0 1868 1.8430e+07 9251737.98  49.8%     - 1729s
     0     0 9251737.98    0 1885 1.8430e+07 9251737.98  49.8%     - 1730s
H    0     0                    1.833560e+07 9251799.81  49.5%     - 1737s
     0     0 9251799.81    0 1880 1.8336e+07 9251799.81  49.5%     - 1739s
H    0     0                    1.819355e+07 9617594.12  47.1%     - 2150s
H    0     0                    1.782323e+07 9617594.12  46.0%     - 2150s
     0     0 9617594.12    0 1889 1.7823e+07 9617594.12  46.0%     - 2152s
H    0     0                    1.782156e+07 9743541.30  45.3%     - 2457s
H    0     0                    1.780054e+07 9743541.30  45.3%     - 2457s
H    0     0                    1.769695e+07 9743541.30  44.9%     - 2457s
     0     0 9743541.30    0 1890 1.7697e+07 9743541.30  44.9%     - 2479s
     0     0 9743541.30    0 1868 1.7697e+07 9743541.30  44.9%     - 2510s
H    0     0                    1.762068e+07 9789290.72  44.4%     - 2821s
     0     0 9789290.72    0 1904 1.7621e+07 9789290.72  44.4%     - 2823s
H    0     0                    1.717789e+07 9807852.93  42.9%     - 3007s
     0     0 9807852.93    0 1963 1.7178e+07 9807852.93  42.9%     - 3036s
     0     0 9807852.93    0 1980 1.7178e+07 9807852.93  42.9%     - 3062s
H    0     0                    1.716237e+07 9816970.97  42.8%     - 3168s
H    0     0                    1.703052e+07 9816970.97  42.4%     - 3168s
H    0     0                    1.701009e+07 9816970.97  42.3%     - 3168s
     0     0 9816970.97    0 2011 1.7010e+07 9816970.97  42.3%     - 3168s
     0     0 9820404.30    0 1959 1.7010e+07 9820404.30  42.3%     - 3234s
H    0     0                    1.689436e+07 9821677.89  41.9%     - 3282s
     0     0 9821677.89    0 2008 1.6894e+07 9821677.89  41.9%     - 3282s
H    0     0                    1.629182e+07 9822224.69  39.7%     - 3307s
     0     0 9822224.69    0 1971 1.6292e+07 9822224.69  39.7%     - 3343s
     0     0 9822224.69    0 1979 1.6292e+07 9822224.69  39.7%     - 3344s
H    0     0                    1.627128e+07 9947178.99  38.9%     - 3897s
H    0     0                    1.623317e+07 9947178.99  38.7%     - 3897s
H    0     0                    1.622194e+07 9947178.99  38.7%     - 3897s
     0     0 9947178.99    0 1912 1.6222e+07 9947178.99  38.7%     - 3931s
     0     0 9947178.99    0 1894 1.6222e+07 9947178.99  38.7%     - 3960s
H    0     0                    1.599062e+07 9947178.99  37.8%     - 3960s
     0     0 1.0008e+07    0 1895 1.5991e+07 1.0008e+07  37.4%     - 4348s
     0     0 1.0008e+07    0 1917 1.5991e+07 1.0008e+07  37.4%     - 4381s
     0     0 1.0028e+07    0 1922 1.5991e+07 1.0028e+07  37.3%     - 4583s
H    0     0                    1.585887e+07 1.0040e+07  36.7%     - 4739s
     0     0 1.0040e+07    0 1940 1.5859e+07 1.0040e+07  36.7%     - 4739s
H    0     0                    1.585078e+07 1.0044e+07  36.6%     - 4899s
     0     0 1.0044e+07    0 1963 1.5851e+07 1.0044e+07  36.6%     - 4954s
     0     0 1.0044e+07    0 1965 1.5851e+07 1.0044e+07  36.6%     - 5002s
     0     0 1.0046e+07    0 1976 1.5851e+07 1.0046e+07  36.6%     - 5086s
     0     0 1.0046e+07    0 1973 1.5851e+07 1.0046e+07  36.6%     - 5087s
     0     0 1.0047e+07    0 1966 1.5851e+07 1.0047e+07  36.6%     - 5125s
     0     0 1.0047e+07    0 1941 1.5851e+07 1.0047e+07  36.6%     - 5174s
     0     0 1.0047e+07    0 1969 1.5851e+07 1.0047e+07  36.6%     - 5188s
H    0     0                    1.577521e+07 1.0115e+07  35.9%     - 5623s
     0     0 1.0115e+07    0 1933 1.5775e+07 1.0115e+07  35.9%     - 5623s
H    0     0                    1.573707e+07 1.0141e+07  35.6%     - 5989s
     0     0 1.0141e+07    0 1917 1.5737e+07 1.0141e+07  35.6%     - 5989s
H    0     0                    1.557293e+07 1.0153e+07  34.8%     - 6170s
     0     0 1.0153e+07    0 1958 1.5573e+07 1.0153e+07  34.8%     - 6170s
     0     0 1.0158e+07    0 1998 1.5573e+07 1.0158e+07  34.8%     - 6272s
     0     0 1.0158e+07    0 1976 1.5573e+07 1.0158e+07  34.8%     - 6320s
     0     0 1.0160e+07    0 1960 1.5573e+07 1.0160e+07  34.8%     - 6375s
     0     0 1.0160e+07    0 1943 1.5573e+07 1.0160e+07  34.8%     - 6412s
     0     0 1.0161e+07    0 1966 1.5573e+07 1.0161e+07  34.8%     - 6452s
H    0     0                    1.527605e+07 1.0162e+07  33.5%     - 6475s
     0     0 1.0162e+07    0 1974 1.5276e+07 1.0162e+07  33.5%     - 6524s
     0     0 1.0162e+07    0 1967 1.5276e+07 1.0162e+07  33.5%     - 6589s
H    0     0                    1.527003e+07 1.0162e+07  33.5%     - 6627s
     0     0 1.0197e+07    0 1954 1.5270e+07 1.0197e+07  33.2%     - 6983s
H    0     0                    1.526545e+07 1.0197e+07  33.2%     - 6984s
     0     0 1.0212e+07    0 1952 1.5265e+07 1.0212e+07  33.1%     - 7213s
     0     0 1.0217e+07    0 1926 1.5265e+07 1.0217e+07  33.1%     - 7383s
     0     0 1.0217e+07    0 1920 1.5265e+07 1.0217e+07  33.1%     - 7424s
     0     0 1.0219e+07    0 1976 1.5265e+07 1.0219e+07  33.1%     - 7556s
     0     0 1.0220e+07    0 1963 1.5265e+07 1.0220e+07  33.1%     - 7709s
     0     0 1.0220e+07    0 1945 1.5265e+07 1.0220e+07  33.1%     - 7751s
     0     0 1.0234e+07    0 1948 1.5265e+07 1.0234e+07  33.0%     - 8003s
H    0     0                    1.511145e+07 1.0241e+07  32.2%     - 8137s
H    0     0                    1.507874e+07 1.0241e+07  32.1%     - 8137s
     0     0 1.0241e+07    0 1957 1.5079e+07 1.0241e+07  32.1%     - 8137s
     0     0 1.0245e+07    0 1978 1.5079e+07 1.0245e+07  32.1%     - 8254s
     0     0 1.0245e+07    0 1973 1.5079e+07 1.0245e+07  32.1%     - 8257s
     0     0 1.0246e+07    0 1971 1.5079e+07 1.0246e+07  32.0%     - 8357s
H    0     0                    1.506614e+07 1.0247e+07  32.0%     - 8404s
     0     0 1.0247e+07    0 2001 1.5066e+07 1.0247e+07  32.0%     - 8404s
     0     0 1.0255e+07    0 1924 1.5066e+07 1.0255e+07  31.9%     - 8591s
     0     0 1.0255e+07    0 1924 1.5066e+07 1.0255e+07  31.9%     - 8591s
H    0     0                    1.502672e+07 1.0258e+07  31.7%     - 8798s
     0     0 1.0258e+07    0 1931 1.5027e+07 1.0258e+07  31.7%     - 8798s
     0     0 1.0259e+07    0 1949 1.5027e+07 1.0259e+07  31.7%     - 8861s
     0     0 1.0265e+07    0 1946 1.5027e+07 1.0265e+07  31.7%     - 8997s
     0     0 1.0268e+07    0 1955 1.5027e+07 1.0268e+07  31.7%     - 9084s
     0     0 1.0269e+07    0 1940 1.5027e+07 1.0269e+07  31.7%     - 9154s
H    0     0                    1.498994e+07 1.0275e+07  31.5%     - 9284s
H    0     0                    1.496196e+07 1.0275e+07  31.3%     - 9284s
     0     0 1.0275e+07    0 1930 1.4962e+07 1.0275e+07  31.3%     - 9284s
     0     0 1.0275e+07    0 1929 1.4962e+07 1.0275e+07  31.3%     - 9285s
H    0     0                    1.492041e+07 1.0275e+07  31.1%     - 9563s
H    0     2                    1.491999e+07 1.0275e+07  31.1%     - 9564s
     0     2 1.0275e+07    0 1929 1.4920e+07 1.0275e+07  31.1%     - 9564s
     1     4 1.0289e+07    1 1925 1.4920e+07 1.0275e+07  31.1% 75483 9814s
     3     8 1.0326e+07    2 1863 1.4920e+07 1.0277e+07  31.1% 56676 10238s
     7    12 1.0347e+07    3 1929 1.4920e+07 1.0284e+07  31.1% 81511 10810s
    11    16 1.0365e+07    3 1915 1.4920e+07 1.0284e+07  31.1% 79488 11372s
    15    20 1.0361e+07    4 1917 1.4920e+07 1.0303e+07  30.9% 71744 11442s
    19    24 1.0364e+07    4 1941 1.4920e+07 1.0303e+07  30.9% 59470 11912s
    23    31 1.0363e+07    5 1914 1.4920e+07 1.0303e+07  30.9% 53450 12004s
H   30    36                    1.491741e+07 1.0303e+07  30.9% 46586 12143s
H   32    36                    1.489863e+07 1.0303e+07  30.8% 44535 12143s
H   34    36                    1.489834e+07 1.0303e+07  30.8% 43613 12143s
    35    44 1.0386e+07    7 1920 1.4898e+07 1.0303e+07  30.8% 44522 12207s
    43    53 1.0388e+07    9 1932 1.4898e+07 1.0303e+07  30.8% 38701 12282s
    52    57 1.0413e+07   11 1899 1.4898e+07 1.0303e+07  30.8% 35392 13076s
    56    64 1.0484e+07   11 1889 1.4898e+07 1.0303e+07  30.8% 34154 13188s
H   63    79                    1.489550e+07 1.0303e+07  30.8% 32059 13388s
H   63    79                    1.489498e+07 1.0303e+07  30.8% 32059 13388s
    78    88 1.0469e+07   16 1918 1.4895e+07 1.0303e+07  30.8% 27194 13474s
    87    97 1.0438e+07   17 1888 1.4895e+07 1.0303e+07  30.8% 25128 13584s
    96   105 1.0461e+07   18 1862 1.4895e+07 1.0303e+07  30.8% 23697 13669s
H  104   112                    1.472969e+07 1.0303e+07  30.1% 22539 13799s
   111   123 1.0493e+07   21 1876 1.4730e+07 1.0303e+07  30.1% 22030 13888s
   122   130 1.0481e+07   21 1883 1.4730e+07 1.0303e+07  30.1% 20645 13996s
   129   141 1.0505e+07   22 1860 1.4730e+07 1.0303e+07  30.1% 20296 14121s
H  140   152                    1.464903e+07 1.0303e+07  29.7% 19403 14313s
   151   166 1.0503e+07   26 1841 1.4649e+07 1.0303e+07  29.7% 18747 14454s
   165   180 1.0515e+07   30 1878 1.4649e+07 1.0303e+07  29.7% 17828 14628s
H  179   186                    1.463268e+07 1.0303e+07  29.6% 17117 15191s
H  179   186                    1.449613e+07 1.0303e+07  28.9% 17117 15191s
   185   198 1.0555e+07   33 1890 1.4496e+07 1.0303e+07  28.9% 17710 15332s
   197   214 1.0562e+07   39 1862 1.4496e+07 1.0303e+07  28.9% 17264 15483s
H  213   232                    1.448524e+07 1.0303e+07  28.9% 16493 15690s
H  213   232                    1.440891e+07 1.0303e+07  28.5% 16493 15690s
   231   250 1.0593e+07   41 1834 1.4409e+07 1.0303e+07  28.5% 15789 15832s
   249   272 1.0606e+07   45 1819 1.4409e+07 1.0303e+07  28.5% 15208 15984s
H  256   272                    1.438842e+07 1.0303e+07  28.4% 14964 15984s
H  262   272                    1.436540e+07 1.0303e+07  28.3% 14796 15984s
   271   287 1.0619e+07   47 1827 1.4365e+07 1.0303e+07  28.3% 14509 16174s
   286   309 1.0646e+07   50 1829 1.4365e+07 1.0303e+07  28.3% 14347 16411s
   308   324 1.0670e+07   51 1814 1.4365e+07 1.0303e+07  28.3% 13906 16584s
   323   337 1.0703e+07   51 1809 1.4365e+07 1.0303e+07  28.3% 13726 16797s
   336   359 1.0766e+07   52 1816 1.4365e+07 1.0303e+07  28.3% 13769 17001s
H  353   359                    1.436392e+07 1.0303e+07  28.3% 13342 17001s
H  358   375                    1.436087e+07 1.0303e+07  28.3% 13279 17220s
H  363   375                    1.436064e+07 1.0303e+07  28.3% 13219 17220s
   374   383 1.0719e+07   59 1813 1.4361e+07 1.0303e+07  28.3% 13382 17776s
   382   401 1.0781e+07   60 1769 1.4361e+07 1.0303e+07  28.3% 13713 17995s
   400   421 1.0785e+07   61 1765 1.4361e+07 1.0303e+07  28.3% 13510 18241s
   420   440 1.0806e+07   68 1779 1.4361e+07 1.0303e+07  28.3% 13401 18484s
H  431   440                    1.434333e+07 1.0303e+07  28.2% 13366 18484s
   439   460 1.0835e+07   74 1799 1.4343e+07 1.0303e+07  28.2% 13266 18745s
   459   482 1.0887e+07   78 1727 1.4343e+07 1.0303e+07  28.2% 13182 19014s
   481   510 1.0917e+07   80 1751 1.4343e+07 1.0303e+07  28.2% 13010 19275s
   509   531 1.0958e+07   92 1686 1.4343e+07 1.0303e+07  28.2% 12750 19540s
   530   557 1.1071e+07   98 1663 1.4343e+07 1.0303e+07  28.2% 12842 19882s
   556   598 1.0980e+07   99 1713 1.4343e+07 1.0303e+07  28.2% 12587 20194s
H  575   598                    1.426091e+07 1.0303e+07  27.8% 12392 20194s
H  597   632                    1.421653e+07 1.0303e+07  27.5% 12161 20533s
H  631   673                    1.419780e+07 1.0303e+07  27.4% 11951 20922s
   672   704 1.1053e+07  124 1633 1.4198e+07 1.0303e+07  27.4% 11672 21411s
   703   745 1.1072e+07  133 1614 1.4198e+07 1.0303e+07  27.4% 11630 21845s
   744   782 1.1079e+07  136 1651 1.4198e+07 1.0303e+07  27.4% 11420 22290s
   781   827 1.1092e+07  144 1637 1.4198e+07 1.0303e+07  27.4% 11307 22748s
   826   871 1.1111e+07  153 1642 1.4198e+07 1.0303e+07  27.4% 11144 23178s
   870   908 1.1133e+07  163 1611 1.4198e+07 1.0303e+07  27.4% 10986 23664s
   907   935 1.1164e+07  175 1631 1.4198e+07 1.0303e+07  27.4% 10966 24098s
   934  1007 1.1188e+07  181 1611 1.4198e+07 1.0303e+07  27.4% 10857 24582s
  1006  1065 1.1213e+07  208 1612 1.4198e+07 1.0303e+07  27.4% 10494 25105s
  1064  1141 1.1325e+07  215 1552 1.4198e+07 1.0303e+07  27.4% 10349 25597s
  1140  1214 1.1276e+07  222 1574 1.4198e+07 1.0303e+07  27.4% 10020 26154s
  1213  1285 1.1354e+07  226 1580 1.4198e+07 1.0303e+07  27.4%  9811 28112s
  1284  1338 1.1483e+07  228 1535 1.4198e+07 1.0303e+07  27.4%  9761 28706s
  1337  1429 1.1381e+07  237 1562 1.4198e+07 1.0303e+07  27.4%  9755 29282s
H 1385  1429                    1.408835e+07 1.0303e+07  26.9%  9614 29282s
  1428  1476 1.1419e+07  253 1572 1.4088e+07 1.0303e+07  26.9%  9489 29907s
  1475  1545 1.1449e+07  262 1514 1.4088e+07 1.0303e+07  26.9%  9549 30526s
H 1506  1545                    1.408409e+07 1.0303e+07  26.8%  9518 30526s
  1544  1656 1.1502e+07  274 1510 1.4084e+07 1.0303e+07  26.8%  9512 31166s
  1655  1755 1.1552e+07  290 1493 1.4084e+07 1.0303e+07  26.8%  9265 32347s
  1756  1854 1.1648e+07  326 1405 1.4084e+07 1.0303e+07  26.8%  9139 33307s
  1863  1901 1.1813e+07  371 1345 1.4084e+07 1.0303e+07  26.8%  8939 34414s
  1921  2005 1.2105e+07  380 1307 1.4084e+07 1.0303e+07  26.8%  9109 35288s
  2025  2072 1.2246e+07  388 1315 1.4084e+07 1.0303e+07  26.8%  9213 35986s
  2092  2172 1.2388e+07  400 1271 1.4084e+07 1.0303e+07  26.8%  9300 36839s
  2196  2361 1.2452e+07  436 1261 1.4084e+07 1.0303e+07  26.8%  9290 38378s
  2385  2549 1.2546e+07  532 1252 1.4084e+07 1.0303e+07  26.8%  8907 39605s
H 2390  2549                    1.398631e+07 1.0303e+07  26.3%  8891 39605s
H 2591  2688                    1.398622e+07 1.0303e+07  26.3%  8610 40484s
  2746  2727 1.0407e+07   10 1901 1.3986e+07 1.0303e+07  26.3%  8475 41021s
H 2782  2727                    1.395003e+07 1.0303e+07  26.1%  8667 41021s
  2785  2891 1.0360e+07   13 1902 1.3950e+07 1.0303e+07  26.1%  8685 42360s
H 2808  2891                    1.389439e+07 1.0303e+07  25.8%  8708 42360s
H 2834  2891                    1.382336e+07 1.0303e+07  25.5%  8653 42360s
  2953  3006 1.0499e+07   29 1776 1.3823e+07 1.0303e+07  25.5%  8577 43489s
  3068  3180 1.0512e+07   42 1779 1.3823e+07 1.0303e+07  25.5%  8517 44562s
H 3228  3180                    1.382001e+07 1.0303e+07  25.4%  8318 44562s
  3242  3403 1.0651e+07   48 1711 1.3820e+07 1.0303e+07  25.4%  8354 45756s
  3465  3645 1.0640e+07   63 1797 1.3820e+07 1.0303e+07  25.4%  8039 46935s
  3709  3783 1.0709e+07   83 1794 1.3820e+07 1.0303e+07  25.4%  7759 48309s
H 3836  3783                    1.381422e+07 1.0303e+07  25.4%  7694 48309s
  3847  4066 1.0747e+07  114 1775 1.3814e+07 1.0303e+07  25.4%  7706 49736s
H 3977  4066                    1.380783e+07 1.0303e+07  25.4%  7534 49736s
  4136  4194 1.0794e+07  146 1758 1.3808e+07 1.0303e+07  25.4%  7401 51136s
  4278  4343 1.0894e+07  168 1713 1.3808e+07 1.0303e+07  25.4%  7408 52599s
  4430  4344 1.3679e+07 1042 1929 1.3808e+07 1.0303e+07  25.4%  7455 54902s
  4432  4345 1.1565e+07  305 1418 1.3808e+07 1.0303e+07  25.4%  7451 55017s
  4433  4346 1.2741e+07  566 1686 1.3808e+07 1.0303e+07  25.4%  7450 55189s
  4434  4347 1.3736e+07 1257 1763 1.3808e+07 1.0303e+07  25.4%  7448 55491s
  4435  4347 1.2745e+07  586 1844 1.3808e+07 1.0303e+07  25.4%  7446 55811s
  4436  4348 1.2541e+07  488 1889 1.3808e+07 1.0303e+07  25.4%  7445 56161s
  4437  4349 1.0416e+07   24 1828 1.3808e+07 1.0303e+07  25.4%  7443 56451s
  4438  4349 1.3645e+07 1002 1853 1.3808e+07 1.0303e+07  25.4%  7441 56780s
  4439  4350 1.3598e+07  919 1853 1.3808e+07 1.0303e+07  25.4%  7440 57004s
  4440  4351 1.0684e+07   68 1839 1.3808e+07 1.0303e+07  25.4%  7438 57205s
  4441  4351 1.1159e+07  170 1925 1.3808e+07 1.0303e+07  25.4%  7436 57457s
  4442  4352 1.3345e+07  632 1893 1.3808e+07 1.0303e+07  25.4%  7435 57752s
  4443  4353 1.2755e+07  530 1910 1.3808e+07 1.0303e+07  25.4%  7433 57972s
  4444  4353 1.1033e+07  161 1923 1.3808e+07 1.0303e+07  25.4%  7431 58236s
  4445  4354 1.0607e+07  108 1960 1.3808e+07 1.0303e+07  25.4%  7430 58409s
  4446  4355 1.0463e+07   32 1954 1.3808e+07 1.0303e+07  25.4%  7428 58585s
  4447  4355 1.1500e+07  264 1961 1.3808e+07 1.0303e+07  25.4%  7426 58673s
  4448  4356 1.1053e+07  125 2026 1.3808e+07 1.0308e+07  25.3%  7425 58758s
  4449  4357 1.1048e+07  124 1994 1.3808e+07 1.0312e+07  25.3%  7423 58851s
  4450  4357 1.2218e+07  238 1982 1.3808e+07 1.0312e+07  25.3%  7421 58898s
  4451  4358 1.2742e+07  577 1965 1.3808e+07 1.0313e+07  25.3%  7420 58936s
  4452  4359 1.2488e+07  450 1969 1.3808e+07 1.0313e+07  25.3%  7418 58962s
  4453  4359 1.3558e+07  759 1945 1.3808e+07 1.0341e+07  25.1%  7416 59325s
  4454  4360 1.3568e+07  814 1933 1.3808e+07 1.0346e+07  25.1%  7415 59494s
  4455  4361 1.1794e+07  364 1878 1.3808e+07 1.0350e+07  25.0%  7413 59660s
  4456  4361 1.3632e+07  986 1897 1.3808e+07 1.0351e+07  25.0%  7411 59735s
  4457  4362 1.1064e+07  135 1911 1.3808e+07 1.0351e+07  25.0%  7410 59766s
  4458  4363 1.2535e+07  470 1955 1.3808e+07 1.0351e+07  25.0%  7408 59791s
  4459  4363 1.1199e+07  198 1885 1.3808e+07 1.0367e+07  24.9%  7406 60086s
  4460  4364 1.0469e+07   36 1900 1.3808e+07 1.0371e+07  24.9%  7405 60235s
  4461  4365 1.0710e+07   79 1872 1.3808e+07 1.0373e+07  24.9%  7403 60435s
  4462  4365 1.3571e+07  832 1836 1.3808e+07 1.0374e+07  24.9%  7401 60491s
  4463  4366 1.1627e+07  316 1829 1.3808e+07 1.0374e+07  24.9%  7400 60578s
  4464  4367 1.1564e+07  312 1825 1.3808e+07 1.0374e+07  24.9%  7398 60603s
  4465  4367 1.0758e+07   96 1821 1.3808e+07 1.0379e+07  24.8%  7396 60795s
  4466  4368 1.0382e+07   18 1812 1.3808e+07 1.0382e+07  24.8%  7395 60917s
  4467  4369 1.0515e+07   38 1815 1.3808e+07 1.0384e+07  24.8%  7393 61056s
  4468  4369 1.3671e+07 1049 1834 1.3808e+07 1.0385e+07  24.8%  7391 61116s
  4469  4370 1.3678e+07 1077 1891 1.3808e+07 1.0385e+07  24.8%  7390 61159s
  4470  4371 1.1512e+07  125 1890 1.3808e+07 1.0385e+07  24.8%  7388 61190s
  4471  4371 1.3526e+07  767 1944 1.3808e+07 1.0385e+07  24.8%  7386 61216s
  4472  4372 1.2741e+07  545 1819 1.3808e+07 1.0388e+07  24.8%  7385 61404s
  4473  4373 1.0389e+07   18 1859 1.3808e+07 1.0389e+07  24.8%  7383 61455s
  4474  4373 1.1576e+07  133 1863 1.3808e+07 1.0390e+07  24.8%  7382 61517s
  4475  4374 1.0773e+07  210 1892 1.3808e+07 1.0390e+07  24.8%  7380 61555s
  4476  4375 1.3516e+07  772 1855 1.3808e+07 1.0390e+07  24.8%  7378 61584s
  4477  4375 1.2069e+07  453 1854 1.3808e+07 1.0394e+07  24.7%  7377 61740s
  4478  4376 1.0747e+07  109 1825 1.3808e+07 1.0396e+07  24.7%  7375 61831s
  4479  4377 1.1693e+07  374 1820 1.3808e+07 1.0397e+07  24.7%  7373 61926s
  4480  4377 1.0835e+07   75 1835 1.3808e+07 1.0397e+07  24.7%  7372 61987s
  4481  4378 1.1792e+07  299 1845 1.3808e+07 1.0397e+07  24.7%  7370 62050s
  4482  4379 1.3713e+07 1145 1863 1.3808e+07 1.0397e+07  24.7%  7368 62073s
  4483  4379 1.1141e+07  183 1803 1.3808e+07 1.0401e+07  24.7%  7367 62230s
  4484  4380 1.2550e+07  500 1787 1.3808e+07 1.0402e+07  24.7%  7365 62333s
  4485  4381 1.0403e+07   28 1757 1.3808e+07 1.0403e+07  24.7%  7363 62391s
  4486  4381 1.0802e+07  151 1800 1.3808e+07 1.0403e+07  24.7%  7362 62521s
  4487  4382 1.2143e+07  429 1794 1.3808e+07 1.0403e+07  24.7%  7360 62602s
  4488  4383 1.2754e+07  621 1770 1.3808e+07 1.0408e+07  24.6%  7359 62791s
  4489  4383 1.1976e+07  434 1761 1.3808e+07 1.0409e+07  24.6%  7357 62877s
  4490  4384 1.3577e+07  817 1796 1.3808e+07 1.0410e+07  24.6%  7355 62941s
  4491  4385 1.1976e+07  417 1773 1.3808e+07 1.0411e+07  24.6%  7354 62974s
  4492  4385 1.0662e+07  101 1816 1.3808e+07 1.0411e+07  24.6%  7352 62995s
  4493  4386 1.0861e+07  217 1822 1.3808e+07 1.0411e+07  24.6%  7350 63058s
  4494  4387 1.3786e+07 1353 1789 1.3808e+07 1.0412e+07  24.6%  7349 63083s
  4495  4387 1.0504e+07   61 1835 1.3808e+07 1.0412e+07  24.6%  7347 63100s
  4496  4388 1.3423e+07  690 1780 1.3808e+07 1.0413e+07  24.6%  7345 63171s
  4497  4389 1.3676e+07 1078 1789 1.3808e+07 1.0413e+07  24.6%  7344 63208s
  4498  4389 1.1660e+07  337 1751 1.3808e+07 1.0413e+07  24.6%  7342 63226s
  4499  4390 1.2455e+07  446 1738 1.3808e+07 1.0414e+07  24.6%  7341 63266s
  4500  4391 1.1571e+07  302 1747 1.3808e+07 1.0414e+07  24.6%  7339 63305s
  4501  4391 1.0653e+07   30 1761 1.3808e+07 1.0415e+07  24.6%  7337 63370s
  4502  4392 1.1684e+07  357 1789 1.3808e+07 1.0415e+07  24.6%  7336 63389s
  4503  4393 1.1681e+07  376 1733 1.3808e+07 1.0416e+07  24.6%  7334 63444s
  4504  4393 1.1319e+07  293 1760 1.3808e+07 1.0416e+07  24.6%  7332 63477s
  4505  4394 1.0765e+07  200 1761 1.3808e+07 1.0416e+07  24.6%  7331 63499s
  4506  4395 1.0416e+07    6 1734 1.3808e+07 1.0416e+07  24.6%  7329 63556s
  4507  4395 1.3302e+07  587 1730 1.3808e+07 1.0416e+07  24.6%  7327 63634s
  4508  4396 1.3518e+07  775 1730 1.3808e+07 1.0416e+07  24.6%  7326 64062s
  4509  4400 1.0418e+07   11 1684 1.3808e+07 1.0416e+07  24.6%  7830 64637s
  4511  4403 1.0423e+07   12 1741 1.3808e+07 1.0418e+07  24.5%  7859 65481s
  4515  4406 1.0448e+07   13 1736 1.3808e+07 1.0423e+07  24.5%  7946 66004s
  4519  4408 1.0428e+07   13 1765 1.3808e+07 1.0428e+07  24.5%  7977 66151s
  4523  4411 1.0464e+07   14 1751 1.3808e+07 1.0428e+07  24.5%  8013 67980s
  4527  4414 1.0451e+07   14 1737 1.3808e+07 1.0428e+07  24.5%  8037 68259s
  4528  4413 1.0530e+07   14 1747 1.3808e+07 1.0428e+07  24.5%  8051 68260s
  4531  4418 1.0451e+07   15 1749 1.3808e+07 1.0428e+07  24.5%  8056 68583s
  4537  4422 1.0451e+07   16 1748 1.3808e+07 1.0428e+07  24.5%  8088 68771s
  4543  4426 1.0517e+07   16 1732 1.3808e+07 1.0428e+07  24.5%  8109 68953s
  4549  4429 1.0454e+07   17 1719 1.3808e+07 1.0428e+07  24.5%  8142 69316s
  4554  4434 1.0455e+07   18 1742 1.3808e+07 1.0428e+07  24.5%  8167 69881s
  4560  4437 1.0478e+07   18 1760 1.3808e+07 1.0428e+07  24.5%  8199 70497s
  4565  4440 1.0481e+07   19 1740 1.3808e+07 1.0428e+07  24.5%  8245 70836s
  4570  4445 1.0456e+07   19 1754 1.3808e+07 1.0428e+07  24.5%  8263 71364s
  4577  4450 1.0479e+07   20 1716 1.3808e+07 1.0428e+07  24.5%  8310 72515s
  4584  4456 1.0464e+07   21 1719 1.3808e+07 1.0428e+07  24.5%  8348 76106s
  4592  4461 1.0466e+07   22 1714 1.3808e+07 1.0428e+07  24.5%  8548 76851s
  4600  4465 1.0468e+07   23 1749 1.3808e+07 1.0428e+07  24.5%  8602 77633s
  4607  4470 1.0471e+07   24 1732 1.3808e+07 1.0428e+07  24.5%  8655 78892s
  4614  4478 1.0473e+07   25 1735 1.3808e+07 1.0428e+07  24.5%  8763 82737s
  4624  4485 1.0474e+07   26 1745 1.3808e+07 1.0428e+07  24.5%  8936 83686s
  4635  4496 1.0484e+07   27 1747 1.3808e+07 1.0428e+07  24.5%  8999 84808s
  4649  4509 1.0486e+07   28 1746 1.3808e+07 1.0428e+07  24.5%  9056 86093s
  4667  4506 1.0486e+07   29 1740 1.3808e+07 1.0428e+07  24.5%  9102 86398s

Cutting planes:
  Gomory: 3
  Cover: 3
  Implied bound: 513
  Projected implied bound: 33
  MIR: 544
  StrongCG: 5
  Flow cover: 3621
  GUB cover: 1
  Zero half: 2
  RLT: 559
  Relax-and-lift: 743

Explored 4670 nodes (44886619 simplex iterations) in 86398.45 seconds (71726.59 work units)
Thread count was 4 (of 128 available processors)

Solution count 10: 1.38078e+07 1.38142e+07 1.382e+07 ... 1.41978e+07

Time limit reached
Best objective 1.380782999967e+07, best bound 1.042756942302e+07, gap 24.4808%

Solving took 	23:59:58.452
####################################################################################################
####################################################################################################
####################################################################################################
Reached timelimit, but could find a feasible solution
####################################################################################################
Description                          Value
----------------------------  ------------
Objective (min)               13,807,830.0
Cost sailing                   5,247,431.0
Cost port visits               7,007,567.0
Cost transshipment (demands)   1,148,063.0
Cost transshipment (empties)      82,524.0
Penalty delayed demands          713,534.0
Revenue Empties                1,519,529.0
Penalty rejected demands       1,128,240.0
Rejected demands (%)                  3.61
Omitted ports (%)                    30.58
Gap (%)                              24.48
####################################################################################################
Export solution
####################################################################################################
Overall time 	00:00:00.639

real	1440m1.373s
user	3746m26.366s
sys	0m35.720s
finished at Fri Mar 17 14:57:42 CET 2023
