cpu-bind=MASK - n2lcn0125, task  0  0 [3856171]: mask |--------|--------||--------|--------||BBBB----|--------||--------|--------||||--------|--------||--------|--------||--------|--------||--------|--------|  set
started at Thu Mar 16 14:57:41 CET 2023
Timecheck 9936618.825973036
Set parameter TokenServer to value "license3.uni-paderborn.de"
Warning: Gurobi version mismatch between Python 10.0.1 and C library 10.0.0
Timecheck 9936618.871469412
Timecheck 9936618.871697234
Timecheck 9936618.871734304
Timecheck 9936618.871761154


####################################################################################################
Solve scenario sce_6_26_2 with free vessel operation using the arc flow model
Vessels can omit ports, Demands can be rejected
####################################################################################################
Data preprocessing, load /upb/departments/pc2/groups/hpc-prf-winf4/dwetzel/SILSRP/inst_final/sce_6_26_2
and create additional sets and parameters
	|- Read vessel information, number of vessels:	14
	|- Read node information, number of nodes:		794
	|- Read arc information
		|- Number of sailing arcs:			7833
		|- Number of transshipment arcs:	1151
	|- Read container information
		|- Number of demands:		4536
		|- Number of empties (+/-):	378/387
	|- Create additional sets and parameters

Data preprocessing took 	00:00:08.306
####################################################################################################
Create linear model
Set parameter Threads to value 4
	|- Create variables, took	00:00:19.419
	|- Create objective, took	00:00:09.205
	|- Create constraints, took	00:00:38.102
	|- Load CVO start

Creating model took	00:01:06.743
####################################################################################################
Fix start solution

Set parameter TimeLimit to value 8.6332072639236227e+04
Gurobi Optimizer version 10.0.0 build v10.0.0rc2 (linux64)

CPU model: AMD EPYC 7763 64-Core Processor, instruction set [SSE2|AVX|AVX2]
Thread count: 128 physical cores, 128 logical processors, using up to 4 threads

Optimize a model with 477821 rows, 4064318 columns and 12737904 nonzeros
Model fingerprint: 0x0d8f17bc
Variable types: 3949341 continuous, 114977 integer (114977 binary)
Coefficient statistics:
  Matrix range     [1e+00, 1e+06]
  Objective range  [1e+00, 1e+00]
  Bounds range     [1e+00, 2e+03]
  RHS range        [1e+00, 2e+08]
Found heuristic solution: objective 2.296181e+08
Presolve removed 368464 rows and 3853607 columns (presolve time = 5s) ...
Presolve removed 426132 rows and 3940555 columns (presolve time = 10s) ...
Presolve removed 428128 rows and 3943642 columns
Presolve time: 13.32s
Presolved: 49693 rows, 120676 columns, 351630 nonzeros
Found heuristic solution: objective 9.097497e+07
Variable types: 116798 continuous, 3878 integer (3874 binary)
Deterministic concurrent LP optimizer: primal and dual simplex
Showing first log only...


Root simplex log...

Iteration    Objective       Primal Inf.    Dual Inf.      Time
       0    1.9868532e+08   1.410306e+03   1.285883e+08     15s
   62403    1.9815042e+08   7.000000e+00   1.203954e+07     15s
   66259    1.2284596e+08   0.000000e+00   2.405051e+07     15s
Concurrent spin time: 0.10s

Solved with dual simplex

Root simplex log...

Iteration    Objective       Primal Inf.    Dual Inf.      Time
   21114    5.3718442e+07   0.000000e+00   0.000000e+00     15s
Extra simplex iterations after uncrush: 1

Root relaxation: objective 5.371844e+07, 21114 iterations, 1.23 seconds (1.16 work units)

    Nodes    |    Current Node    |     Objective Bounds      |     Work
 Expl Unexpl |  Obj  Depth IntInf | Incumbent    BestBd   Gap | It/Node Time

*    0     0               0    5.371844e+07 5.3718e+07  0.00%     -   15s

Explored 1 nodes (21114 simplex iterations) in 15.68 seconds (9.78 work units)
Thread count was 4 (of 128 available processors)

Solution count 3: 5.37184e+07 9.0975e+07 2.29618e+08 

Optimal solution found (tolerance 1.00e-04)
Best objective 5.371844233333e+07, best bound 5.371844233333e+07, gap 0.0000%

Fixing start solution took	00:01:23.778
####################################################################################################
####################################################################################################
Solve optimization model

Set parameter TimeLimit to value 8.6316221882088110e+04
Gurobi Optimizer version 10.0.0 build v10.0.0rc2 (linux64)

CPU model: AMD EPYC 7763 64-Core Processor, instruction set [SSE2|AVX|AVX2]
Thread count: 128 physical cores, 128 logical processors, using up to 4 threads

Optimize a model with 477028 rows, 4064318 columns and 12737111 nonzeros
Model fingerprint: 0x5f8e0253
Variable types: 3949341 continuous, 114977 integer (114977 binary)
Coefficient statistics:
  Matrix range     [1e+00, 1e+06]
  Objective range  [1e+00, 1e+00]
  Bounds range     [1e+00, 2e+03]
  RHS range        [1e+00, 2e+08]

Loaded MIP start from previous solve with objective 5.37184e+07

Presolve removed 15569 rows and 16714 columns (presolve time = 6s) ...
Presolve removed 15646 rows and 17854 columns (presolve time = 10s) ...
Presolve removed 16357 rows and 18536 columns (presolve time = 15s) ...
Presolve removed 16563 rows and 18742 columns (presolve time = 20s) ...
Presolve removed 16564 rows and 18742 columns (presolve time = 25s) ...
Presolve removed 16564 rows and 18742 columns (presolve time = 30s) ...
Presolve removed 16564 rows and 18742 columns (presolve time = 35s) ...
Presolve removed 16564 rows and 18742 columns
Presolve time: 35.44s
Presolved: 460464 rows, 4045576 columns, 11739857 nonzeros
Variable types: 3937129 continuous, 108447 integer (108447 binary)
Deterministic concurrent LP optimizer: primal simplex, dual simplex, and barrier
Showing barrier log only...

Root barrier log...

Elapsed ordering time = 5s
Elapsed ordering time = 10s
Elapsed ordering time = 15s
Elapsed ordering time = 20s
Elapsed ordering time = 25s
Elapsed ordering time = 30s
Elapsed ordering time = 35s
Elapsed ordering time = 40s
Elapsed ordering time = 45s
Elapsed ordering time = 50s
Elapsed ordering time = 55s
Elapsed ordering time = 60s
Elapsed ordering time = 65s
Elapsed ordering time = 70s
Elapsed ordering time = 75s
Elapsed ordering time = 80s
Elapsed ordering time = 85s
Elapsed ordering time = 90s
Elapsed ordering time = 95s
Elapsed ordering time = 100s
Elapsed ordering time = 105s
Elapsed ordering time = 110s
Elapsed ordering time = 115s
Elapsed ordering time = 120s
Elapsed ordering time = 125s
Elapsed ordering time = 130s
Elapsed ordering time = 135s
Elapsed ordering time = 140s
Elapsed ordering time = 145s
Elapsed ordering time = 150s
Elapsed ordering time = 155s
Elapsed ordering time = 160s
Elapsed ordering time = 165s
Elapsed ordering time = 170s
Elapsed ordering time = 175s
Elapsed ordering time = 180s
Elapsed ordering time = 185s
Elapsed ordering time = 190s
Elapsed ordering time = 195s
Elapsed ordering time = 200s
Elapsed ordering time = 205s
Elapsed ordering time = 210s
Elapsed ordering time = 215s
Elapsed ordering time = 220s
Elapsed ordering time = 225s
Elapsed ordering time = 230s
Elapsed ordering time = 235s
Elapsed ordering time = 240s
Elapsed ordering time = 245s
Elapsed ordering time = 250s
Elapsed ordering time = 255s
Elapsed ordering time = 260s
Elapsed ordering time = 265s
Elapsed ordering time = 270s
Elapsed ordering time = 275s
Elapsed ordering time = 280s
Elapsed ordering time = 285s
Elapsed ordering time = 290s
Elapsed ordering time = 295s
Elapsed ordering time = 300s
Elapsed ordering time = 305s
Elapsed ordering time = 310s
Elapsed ordering time = 315s
Elapsed ordering time = 320s
Elapsed ordering time = 325s
Elapsed ordering time = 330s
Elapsed ordering time = 335s
Elapsed ordering time = 340s
Elapsed ordering time = 345s
Ordering time: 348.94s

Barrier statistics:
 AA' NZ     : 1.118e+07
 Factor NZ  : 3.637e+08 (roughly 5.0 GB of memory)
 Factor Ops : 8.928e+11 (roughly 15 seconds per iteration)
 Threads    : 2

                  Objective                Residual
Iter       Primal          Dual         Primal    Dual     Compl     Time
   0   6.51163159e+15 -5.24433637e+14  1.90e+09 5.43e+03  1.02e+12   441s
   1   1.93627903e+15 -1.62731949e+14  5.61e+08 2.92e+04  3.10e+11   466s
   2   1.97415260e+14 -3.61654855e+13  5.69e+07 7.56e+02  3.24e+10   492s
   3   2.19997565e+13 -9.99666178e+12  6.32e+06 6.17e-09  3.63e+09   518s
   4   2.70631291e+12 -3.81556382e+12  7.76e+05 3.03e-09  4.55e+08   546s
   5   1.89837652e+11 -2.24102750e+12  5.43e+04 3.84e-09  3.27e+07   576s
   6   2.56342096e+10 -1.73649988e+12  7.25e+03 2.56e-09  4.54e+06   606s
   7   2.59167122e+09 -1.39205029e+12  6.17e+02 5.12e-09  5.32e+05   638s
   8   8.02703319e+08 -8.17814312e+11  1.17e+02 5.36e-09  1.60e+05   673s
   9   3.18901597e+08 -5.12218982e+11  2.24e+01 1.63e-08  7.49e+04   709s
  10   1.66309527e+08 -1.25885846e+11  1.76e+00 1.21e-08  1.65e+04   743s
  11   1.21229896e+08 -2.44702939e+10  1.56e-01 1.49e-08  3.09e+03   777s
  12   9.59938597e+07 -7.69384229e+09  2.97e-02 3.14e-08  9.66e+02   809s
  13   8.10209228e+07 -3.22709999e+09  8.56e-03 1.85e-08  4.09e+02   838s
  14   7.34916955e+07 -1.77797863e+09  4.96e-03 1.33e-08  2.29e+02   866s
  15   6.68788722e+07 -1.05378596e+09  3.14e-03 1.20e-08  1.38e+02   892s
  16   6.11253712e+07 -7.00126825e+08  2.15e-03 1.32e-08  9.40e+01   916s
  17   5.62531434e+07 -5.04461280e+08  1.64e-03 2.76e-08  6.92e+01   938s
  18   5.39220571e+07 -4.20341475e+08  1.38e-03 1.66e-08  5.86e+01   959s
  19   5.01396934e+07 -3.07654947e+08  1.07e-03 1.57e-08  4.42e+01   981s
  20   4.36551374e+07 -2.10427769e+08  6.42e-04 1.48e-08  3.14e+01  1003s
  21   3.70875959e+07 -1.35456651e+08  2.93e-04 1.52e-08  2.13e+01  1026s
  22   3.33242214e+07 -6.57619039e+07  1.60e-04 1.24e-08  1.22e+01  1050s
  23   2.95958728e+07 -3.53630989e+07  7.68e-05 8.15e-08  8.02e+00  1075s
  24   2.68487552e+07 -1.78985984e+07  4.36e-05 1.56e-07  5.52e+00  1101s
  25   2.45369908e+07 -6.61956944e+06  2.52e-05 1.40e-08  3.85e+00  1129s
  26   2.28618437e+07  9.36805519e+05  1.53e-05 1.91e-07  2.71e+00  1155s
  27   2.16085188e+07  7.70721338e+06  9.41e-06 1.31e-07  1.72e+00  1181s
  28   2.06571056e+07  1.08953932e+07  5.89e-06 1.02e-07  1.21e+00  1206s
  29   2.00201993e+07  1.35239397e+07  3.74e-06 3.71e-07  8.02e-01  1232s
  30   1.95533585e+07  1.50571917e+07  2.35e-06 3.21e-07  5.55e-01  1257s
  31   1.92913668e+07  1.58582576e+07  1.66e-06 1.70e-07  4.24e-01  1278s
  32   1.90546669e+07  1.67164146e+07  1.06e-06 3.09e-07  2.89e-01  1301s
  33   1.89035718e+07  1.72678184e+07  7.30e-07 2.77e-07  2.02e-01  1323s
  34   1.87531090e+07  1.75155504e+07  4.05e-07 2.46e-07  1.53e-01  1348s
  35   1.86502000e+07  1.79409703e+07  2.08e-07 4.07e-07  8.76e-02  1373s
  36   1.86096435e+07  1.81640617e+07  1.31e-07 2.21e-07  5.50e-02  1396s
  37   1.85785758e+07  1.83109910e+07  7.27e-08 1.13e-07  3.30e-02  1420s
  38   1.85519149e+07  1.84035818e+07  2.52e-08 3.02e-07  1.83e-02  1442s
  39   1.85447434e+07  1.84514665e+07  1.33e-08 7.67e-08  1.15e-02  1464s
  40   1.85396582e+07  1.85043299e+07  3.73e-08 3.71e-07  4.36e-03  1487s
  41   1.85364864e+07  1.85270952e+07  1.15e-08 9.95e-08  1.16e-03  1510s
  42   1.85352276e+07  1.85340620e+07  6.97e-09 1.11e-07  1.44e-04  1535s
  43   1.85347845e+07  1.85347046e+07  1.91e-08 4.98e-07  9.87e-06  1560s
  44   1.85347493e+07  1.85347469e+07  3.96e-07 2.71e-07  2.96e-07  1584s
  45   1.85347485e+07  1.85347484e+07  1.36e-06 2.14e-05  1.33e-08  1609s
  46   1.85347484e+07  1.85347484e+07  1.11e-07 5.13e-04  8.01e-10  1633s

Barrier solved model in 46 iterations and 1632.89 seconds (1516.75 work units)
Optimal objective 1.85347484e+07


Root crossover log...

  443629 DPushes remaining with DInf 0.0000000e+00              1634s
  104827 DPushes remaining with DInf 0.0000000e+00              1642s
   32990 DPushes remaining with DInf 3.4360304e-05              1646s
    4219 DPushes remaining with DInf 0.0000000e+00              1652s

    8989 PPushes remaining with PInf 0.0000000e+00              1652s
       0 PPushes remaining with PInf 0.0000000e+00              1655s

  Push phase complete: Pinf 0.0000000e+00, Dinf 2.6138415e-07   1655s


Root simplex log...

Iteration    Objective       Primal Inf.    Dual Inf.      Time
  447918    1.8534748e+07   0.000000e+00   0.000000e+00   1656s
Waiting for other threads to finish...        1719s
Waiting for other threads to finish...        1783s
Waiting for other threads to finish...        1846s
Waiting for other threads to finish...        1910s
Waiting for other threads to finish...        1973s
Waiting for other threads to finish...        2037s
Waiting for other threads to finish...        2100s
Waiting for other threads to finish...        2164s
Waiting for other threads to finish...        2227s
Waiting for other threads to finish...        2296s
Waiting for other threads to finish...        2359s
Concurrent spin time: 731.62s (can be avoided by choosing Method=3)

Solved with barrier
  447918    1.8534748e+07   0.000000e+00   0.000000e+00   2388s

Root relaxation: objective 1.853475e+07, 447918 iterations, 2351.11 seconds (1540.96 work units)
Total elapsed time = 2399.67s
Total elapsed time = 2414.42s
Total elapsed time = 2424.18s
Total elapsed time = 2433.84s

    Nodes    |    Current Node    |     Objective Bounds      |     Work
 Expl Unexpl |  Obj  Depth IntInf | Incumbent    BestBd   Gap | It/Node Time

     0     0 1.8535e+07    0 7413 5.3718e+07 1.8535e+07  65.5%     - 2441s
     0     0          -    0      5.3718e+07 1.8535e+07  65.5%     - 86316s

Cutting planes:
  Gomory: 7
  Cover: 6
  Implied bound: 1598
  Clique: 1
  MIR: 154
  Flow cover: 2851
  RLT: 9
  Relax-and-lift: 318

Explored 1 nodes (1340071 simplex iterations) in 86316.51 seconds (71045.27 work units)
Thread count was 4 (of 128 available processors)

Solution count 1: 5.37184e+07 

Time limit reached
Best objective 5.371844233333e+07, best bound 1.853474843907e+07, gap 65.4965%

Solving took 	23:58:36.592
####################################################################################################
####################################################################################################
####################################################################################################
Reached timelimit, but could find a feasible solution
####################################################################################################
Description                           Value
----------------------------  -------------
Objective (min)               53,718,442.33
Cost sailing                   18,830,792.0
Cost port visits               23,673,482.0
Cost transshipment (demands)    9,084,165.0
Cost transshipment (empties)      856,093.0
Penalty delayed demands         5,374,073.0
Revenue Empties                6,079,382.67
Penalty rejected demands        1,979,220.0
Rejected demands (%)                   2.51
Omitted ports (%)                       0.0
Gap (%)                                65.5
####################################################################################################
Export solution
####################################################################################################
Overall time 	1-00:00:12.099

real	1440m14.085s
user	1520m54.438s
sys	1m0.554s
finished at Fri Mar 17 14:57:55 CET 2023
