cpu-bind=MASK - n2lcn0129, task  0  0 [742375]: mask |--------|--------||--------|--------||---BBBB-|--------||--------|--------||||--------|--------||--------|--------||--------|--------||--------|--------|  set
started at Fri Mar 17 12:18:50 CET 2023
Timecheck 10015677.84550038
Set parameter TokenServer to value "license3.uni-paderborn.de"
Warning: Gurobi version mismatch between Python 10.0.1 and C library 10.0.0
Timecheck 10015677.849331047
Timecheck 10015677.849540548
Timecheck 10015677.849572098
Timecheck 10015677.849592868


####################################################################################################
Solve scenario sce_3_26_2 with free vessel operation using the arc flow model
Vessels can omit ports, Demands can be rejected
####################################################################################################
Data preprocessing, load /upb/departments/pc2/groups/hpc-prf-winf4/dwetzel/SILSRP/inst_final/sce_3_26_2
and create additional sets and parameters
	|- Read vessel information, number of vessels:	5
	|- Read node information, number of nodes:		292
	|- Read arc information
		|- Number of sailing arcs:			895
		|- Number of transshipment arcs:	428
	|- Read container information
		|- Number of demands:		361
		|- Number of empties (+/-):	97/115
	|- Create additional sets and parameters

Data preprocessing took 	00:00:00.134
####################################################################################################
Create linear model
Set parameter Threads to value 4
	|- Create variables, took	00:00:00.075
	|- Create objective, took	00:00:00.081
	|- Create constraints, took	00:00:00.392
	|- Load heuristic start

Creating model took	00:00:00.570
####################################################################################################
Fix start solution

Set parameter TimeLimit to value 8.6371182020664215e+04
Gurobi Optimizer version 10.0.0 build v10.0.0rc2 (linux64)

CPU model: AMD EPYC 7763 64-Core Processor, instruction set [SSE2|AVX|AVX2]
Thread count: 128 physical cores, 128 logical processors, using up to 4 threads

Optimize a model with 9970 rows, 24337 columns and 90614 nonzeros
Model fingerprint: 0xc4a31698
Variable types: 19215 continuous, 5122 integer (5122 binary)
Coefficient statistics:
  Matrix range     [1e+00, 6e+05]
  Objective range  [1e+00, 1e+00]
  Bounds range     [1e+00, 7e+02]
  RHS range        [1e+00, 4e+07]
Found heuristic solution: objective 4.931076e+07
Presolve removed 9244 rows and 23144 columns
Presolve time: 0.04s
Presolved: 726 rows, 1193 columns, 3673 nonzeros
Found heuristic solution: objective 1.364429e+07
Variable types: 971 continuous, 222 integer (222 binary)

Root relaxation: objective 8.900495e+06, 267 iterations, 0.00 seconds (0.00 work units)

    Nodes    |    Current Node    |     Objective Bounds      |     Work
 Expl Unexpl |  Obj  Depth IntInf | Incumbent    BestBd   Gap | It/Node Time

*    0     0               0    8900495.0000 8900495.00  0.00%     -    0s

Explored 1 nodes (267 simplex iterations) in 0.05 seconds (0.04 work units)
Thread count was 4 (of 128 available processors)

Solution count 3: 8.9005e+06 1.36443e+07 4.93108e+07 

Optimal solution found (tolerance 1.00e-04)
Best objective 8.900495000000e+06, best bound 8.900495000000e+06, gap 0.0000%

Fixing start solution took	00:00:00.650
####################################################################################################
####################################################################################################
Solve optimization model

Set parameter TimeLimit to value 8.6371113407514989e+04
Gurobi Optimizer version 10.0.0 build v10.0.0rc2 (linux64)

CPU model: AMD EPYC 7763 64-Core Processor, instruction set [SSE2|AVX|AVX2]
Thread count: 128 physical cores, 128 logical processors, using up to 4 threads

Optimize a model with 9744 rows, 24337 columns and 90388 nonzeros
Model fingerprint: 0xd0b29985
Variable types: 19215 continuous, 5122 integer (5122 binary)
Coefficient statistics:
  Matrix range     [1e+00, 6e+05]
  Objective range  [1e+00, 1e+00]
  Bounds range     [1e+00, 7e+02]
  RHS range        [1e+00, 4e+07]

MIP start from previous solve produced solution with objective 8.9005e+06 (0.03s)
Loaded MIP start from previous solve with objective 8.9005e+06

Presolve removed 2009 rows and 2059 columns
Presolve time: 0.17s
Presolved: 7735 rows, 22278 columns, 69611 nonzeros
Variable types: 17807 continuous, 4471 integer (4471 binary)

Root relaxation: objective 7.175159e+06, 22111 iterations, 3.20 seconds (2.94 work units)

    Nodes    |    Current Node    |     Objective Bounds      |     Work
 Expl Unexpl |  Obj  Depth IntInf | Incumbent    BestBd   Gap | It/Node Time

     0     0 7175159.36    0  984 8900495.00 7175159.36  19.4%     -    3s
     0     0 7602391.74    0 1156 8900495.00 7602391.74  14.6%     -    9s
     0     0 7669253.61    0 1197 8900495.00 7669253.61  13.8%     -   12s
     0     0 7674555.74    0 1182 8900495.00 7674555.74  13.8%     -   13s
     0     0 7676336.55    0 1216 8900495.00 7676336.55  13.8%     -   14s
     0     0 7676338.47    0 1168 8900495.00 7676338.47  13.8%     -   14s
     0     0 7852254.50    0 1228 8900495.00 7852254.50  11.8%     -   30s
H    0     0                    8886656.0000 7885868.29  11.3%     -   40s
     0     0 7885868.29    0 1235 8886656.00 7885868.29  11.3%     -   40s
     0     0 7898574.80    0 1261 8886656.00 7898574.80  11.1%     -   44s
     0     0 7903269.36    0 1243 8886656.00 7903269.36  11.1%     -   49s
     0     0 7903269.36    0 1259 8886656.00 7903269.36  11.1%     -   51s
H    0     0                    8843753.0000 7904709.15  10.6%     -   53s
     0     0 7904709.15    0 1263 8843753.00 7904709.15  10.6%     -   57s
     0     0 7904709.15    0 1255 8843753.00 7904709.15  10.6%     -   58s
H    0     0                    8800432.0000 7904819.43  10.2%     -   59s
     0     0 7904819.43    0 1239 8800432.00 7904819.43  10.2%     -   59s
     0     0 7952799.25    0 1244 8800432.00 7952799.25  9.63%     -   70s
     0     0 7984276.35    0 1320 8800432.00 7984276.35  9.27%     -   81s
H    0     0                    8798997.0000 7993643.66  9.15%     -   90s
     0     0 7993643.66    0 1291 8798997.00 7993643.66  9.15%     -   90s
     0     0 7997145.28    0 1328 8798997.00 7997145.28  9.11%     -   94s
     0     0 7998481.40    0 1317 8798997.00 7998481.40  9.10%     -   98s
     0     0 7998822.03    0 1332 8798997.00 7998822.03  9.09%     -   99s
     0     0 7998828.84    0 1319 8798997.00 7998828.84  9.09%     -   99s
H    0     0                    8793232.0000 8058804.38  8.35%     -  115s
     0     0 8058804.38    0 1289 8793232.00 8058804.38  8.35%     -  115s
     0     0 8090530.60    0 1278 8793232.00 8090530.60  7.99%     -  129s
     0     0 8103866.20    0 1270 8793232.00 8103866.20  7.84%     -  136s
     0     0 8105701.15    0 1236 8793232.00 8105701.15  7.82%     -  139s
     0     0 8106356.55    0 1272 8793232.00 8106356.55  7.81%     -  141s
     0     0 8106602.75    0 1266 8793232.00 8106602.75  7.81%     -  142s
     0     0 8106602.75    0 1245 8793232.00 8106602.75  7.81%     -  151s
     0     0 8137319.10    0 1246 8793232.00 8137319.10  7.46%     -  177s
     0     0 8137319.10    0 1279 8793232.00 8137319.10  7.46%     -  184s
     0     0 8148451.30    0 1307 8793232.00 8148451.30  7.33%     -  202s
     0     0 8153473.68    0 1291 8793232.00 8153473.68  7.28%     -  210s
     0     0 8155147.62    0 1300 8793232.00 8155147.62  7.26%     -  214s
     0     0 8155147.62    0 1251 8793232.00 8155147.62  7.26%     -  223s
     0     0 8155605.64    0 1291 8793232.00 8155605.64  7.25%     -  225s
     0     0 8155605.64    0 1293 8793232.00 8155605.64  7.25%     -  225s
     0     0 8175032.22    0 1284 8793232.00 8175032.22  7.03%     -  237s
     0     0 8175032.22    0 1274 8793232.00 8175032.22  7.03%     -  237s
     0     0 8183627.67    0 1294 8793232.00 8183627.67  6.93%     -  250s
     0     0 8185101.40    0 1284 8793232.00 8185101.40  6.92%     -  263s
     0     0 8185101.40    0 1266 8793232.00 8185101.40  6.92%     -  263s
     0     0 8186140.32    0 1286 8793232.00 8186140.32  6.90%     -  271s
     0     0 8186550.87    0 1311 8793232.00 8186550.87  6.90%     -  273s
     0     0 8200941.43    0 1224 8793232.00 8200941.43  6.74%     -  290s
     0     0 8206237.87    0 1299 8793232.00 8206237.87  6.68%     -  300s
     0     0 8207545.92    0 1282 8793232.00 8207545.92  6.66%     -  303s
     0     0 8207545.92    0 1322 8793232.00 8207545.92  6.66%     -  309s
     0     0 8208238.69    0 1325 8793232.00 8208238.69  6.65%     -  312s
     0     0 8208238.69    0 1296 8793232.00 8208238.69  6.65%     -  320s
     0     0 8209044.48    0 1314 8793232.00 8209044.48  6.64%     -  332s
     0     0 8209148.80    0 1324 8793232.00 8209148.80  6.64%     -  333s
     0     0 8209148.80    0 1325 8793232.00 8209148.80  6.64%     -  333s
     0     0 8217873.76    0 1244 8793232.00 8217873.76  6.54%     -  347s
     0     0 8220920.07    0 1215 8793232.00 8220920.07  6.51%     -  351s
     0     0 8220920.07    0 1249 8793232.00 8220920.07  6.51%     -  357s
     0     0 8221583.26    0 1226 8793232.00 8221583.26  6.50%     -  360s
     0     0 8221831.55    0 1229 8793232.00 8221831.55  6.50%     -  361s
     0     0 8226807.89    0 1241 8793232.00 8226807.89  6.44%     -  372s
     0     0 8227944.92    0 1229 8793232.00 8227944.92  6.43%     -  378s
     0     0 8228456.30    0 1252 8793232.00 8228456.30  6.42%     -  380s
     0     0 8234253.46    0 1200 8793232.00 8234253.46  6.36%     -  392s
     0     0 8236175.42    0 1246 8793232.00 8236175.42  6.34%     -  397s
     0     0 8236663.02    0 1185 8793232.00 8236663.02  6.33%     -  399s
     0     0 8241770.14    0 1235 8793232.00 8241770.14  6.27%     -  406s
     0     0 8241770.14    0 1194 8793232.00 8241770.14  6.27%     -  413s
     0     0 8242363.53    0 1163 8793232.00 8242363.53  6.26%     -  426s
     0     0 8243641.67    0 1138 8793232.00 8243641.67  6.25%     -  431s
     0     0 8243641.67    0 1127 8793232.00 8243641.67  6.25%     -  431s
     0     2 8243641.67    0 1109 8793232.00 8243641.67  6.25%     -  446s
     1     4 8251494.79    1 1186 8793232.00 8243641.73  6.25%  8434  453s
     3     8 8258937.56    2 1170 8793232.00 8246265.75  6.22%  6990  472s
     7    12 8281919.71    3 1123 8793232.00 8253247.96  6.14%  8922  482s
    11    16 8276049.03    3 1215 8793232.00 8253349.52  6.14% 10139  487s
    15    20 8281996.22    4 1182 8793232.00 8262234.72  6.04%  9564  490s
    19    24 8285042.36    4 1191 8793232.00 8262234.72  6.04%  8851  499s
    23    30 8306755.99    5 1186 8793232.00 8263166.24  6.03%  8228  510s
    29    36 8296275.35    5 1192 8793232.00 8263299.74  6.03%  7263  515s
    40    48 8296837.05    8 1202 8793232.00 8263299.74  6.03%  6131  527s
    47    56 8303018.67   10 1211 8793232.00 8263299.74  6.03%  5741  537s
    55    67 8306427.38   12 1196 8793232.00 8263299.74  6.03%  5336  541s
    66    72 8306436.86   15 1199 8793232.00 8263299.74  6.03%  4683  552s
    71    83 8317010.23   16 1179 8793232.00 8263299.74  6.03%  4829  555s
    94   109 8334081.78   18 1174 8793232.00 8263299.74  6.03%  4035  562s
   108   115 8352878.94   19 1181 8793232.00 8263299.74  6.03%  3716  566s
   114   125 8383529.84   20 1164 8793232.00 8263299.74  6.03%  3817  580s
   142   161 8384372.68   21 1143 8793232.00 8263299.74  6.03%  3375  588s
   160   186 8403450.83   22 1171 8793232.00 8263299.74  6.03%  3115  591s
   211   232 8414522.92   24 1171 8793232.00 8263299.74  6.03%  2529  598s
   231   250 8447945.31   26 1130 8793232.00 8263299.74  6.03%  2404  603s
   249   272 8439622.16   27 1146 8793232.00 8263299.74  6.03%  2319  609s
   271   284 8442804.91   29 1204 8793232.00 8263299.74  6.03%  2231  614s
   283   308 8482766.06   32 1197 8793232.00 8263299.74  6.03%  2234  617s
   307   330 8486624.67   35 1173 8793232.00 8263299.74  6.03%  2128  623s
   329   346 8489234.49   39 1176 8793232.00 8263299.74  6.03%  2085  631s
   345   363 8489234.49   41 1179 8793232.00 8263299.74  6.03%  2099  636s
   362   390 8500930.45   49 1141 8793232.00 8263299.74  6.03%  2077  643s
   391   427 8522562.87   58 1157 8793232.00 8263299.74  6.03%  2007  651s
   428   462 8533419.32   62 1123 8793232.00 8263299.74  6.03%  1911  659s
   465   498 8533764.34   70 1118 8793232.00 8263299.74  6.03%  1812  666s
   501   508 8536236.38   83 1107 8793232.00 8263299.74  6.03%  1736  750s
   513   534 8536260.41   88 1097 8793232.00 8263299.74  6.03%  1739  761s
   539   554 8536636.00   99 1096 8793232.00 8263299.74  6.03%  1710  783s
   559   590 8570361.49  111 1073 8793232.00 8263299.74  6.03%  1681  793s
   600   599 8577097.69  121 1064 8793232.00 8263299.74  6.03%  1640  803s
   609   633 8584905.88  124 1052 8793232.00 8263299.74  6.03%  1736  812s
   643   637 8629749.25  127 1061 8793232.00 8263299.74  6.03%  1737  999s
   644   637 8312809.67   14 1046 8793232.00 8263299.74  6.03%  1734 1000s
   647   659 8587230.67  128 1055 8793232.00 8263299.74  6.03%  1734 1011s
   669   673 8587230.67  129 1065 8793232.00 8263299.74  6.03%  1757 1035s
   683   729 8587233.94  131 1055 8793232.00 8263299.74  6.03%  1794 1046s
   739   752 8601616.69  142 1041 8793232.00 8263299.74  6.03%  1745 1064s
   762   803 8602676.46  144 1053 8793232.00 8263299.74  6.03%  1747 1078s
   813   807 8611568.22  154 1056 8793232.00 8263299.74  6.03%  1708 1192s
H  816   807                    8792126.0000 8263299.74  6.01%  1703 1192s
   817   849 8611333.87  155 1047 8792126.00 8263299.74  6.01%  1702 1212s
   859   897 8628616.89  170 1068 8792126.00 8263299.74  6.01%  1688 1230s
   909   914 8694743.40  180 1018 8792126.00 8263299.74  6.01%  1659 1245s
   926   974 8648192.75  183 1060 8792126.00 8263299.74  6.01%  1660 1280s
   986  1056 8660522.83  197 1028 8792126.00 8263299.74  6.01%  1621 1300s
  1074  1104 8451321.83   50 1052 8792126.00 8263299.74  6.01%  1585 1321s
  1122  1151 8465160.82   51 1076 8792126.00 8263299.74  6.01%  1575 1342s
  1171  1221 8476913.76   52 1015 8792126.00 8263299.74  6.01%  1575 1363s
  1245  1271 8538688.02   58  953 8792126.00 8263299.74  6.01%  1551 1397s
  1295  1361 8592052.33   61  958 8792126.00 8263299.74  6.01%  1556 1421s
  1385  1428 8570463.36   68  925 8792126.00 8263299.74  6.01%  1506 1449s
  1452  1503 8580285.37   71  962 8792126.00 8263299.74  6.01%  1489 1475s
  1529  1586 8609006.34   78  933 8792126.00 8263299.74  6.01%  1471 1505s
  1616  1660 8672172.87   80  885 8792126.00 8263299.74  6.01%  1447 1547s
  1694  1783     cutoff   82      8792126.00 8263299.74  6.01%  1429 1579s
H 1823  1907                    8791028.0000 8263299.74  6.00%  1378 1608s
  1949  2014 8749508.82  102  854 8791028.00 8263299.74  6.00%  1332 1645s
  2066  2147 8770714.63  111  827 8791028.00 8263299.74  6.00%  1305 1679s
  2210  2275 8784655.97  165  768 8791028.00 8268228.37  5.95%  1268 1722s
  2362  2335 8316440.34    7 1090 8791028.00 8268228.37  5.95%  1240 1743s
  2424  2420 8366728.07   21 1077 8791028.00 8268228.37  5.95%  1277 1786s
  2525  2547 8428722.84   50  967 8791028.00 8268228.37  5.95%  1277 1824s
  2657  2548 8564914.00  627 1127 8791028.00 8268228.37  5.95%  1265 1900s
  2659  2549 8356873.77   55  973 8791028.00 8268228.37  5.95%  1264 1908s
  2660  2550 8511525.59  230 1146 8791028.00 8268228.37  5.95%  1264 1919s
  2661  2551 8354219.25   44 1282 8791028.00 8268228.37  5.95%  1263 1936s
  2662  2551 8335939.08   22 1295 8791028.00 8268228.37  5.95%  1263 1953s
  2663  2552 8525287.65   72 1171 8791028.00 8268228.37  5.95%  1262 1969s
  2664  2553 8785783.40  193 1273 8791028.00 8268228.37  5.95%  1262 1983s
  2665  2553 8361258.06  318 1219 8791028.00 8268228.37  5.95%  1261 2003s
  2666  2554 8530163.16  234 1184 8791028.00 8268228.37  5.95%  1261 2022s
  2667  2555 8557723.09  584 1210 8791028.00 8268228.37  5.95%  1260 2038s
  2668  2555 8303754.66   11 1231 8791028.00 8268228.37  5.95%  1260 2045s
  2669  2556 8384362.59   28 1190 8791028.00 8268228.37  5.95%  1259 2056s
  2670  2557 8328744.66   45 1190 8791028.00 8268228.37  5.95%  1259 2061s
  2671  2557 8556481.48  600 1198 8791028.00 8268228.37  5.95%  1258 2066s
  2672  2558 8531914.15  236 1214 8791028.00 8268228.37  5.95%  1258 2073s
  2673  2559 8296708.41   11 1206 8791028.00 8268228.37  5.95%  1258 2076s
  2674  2559 8572129.40  543 1199 8791028.00 8268228.37  5.95%  1257 2080s
  2678  2562 8571938.72   69 1202 8791028.00 8268228.37  5.95%  1255 2087s
  2679  2563 8549981.91  467 1132 8791028.00 8268228.37  5.95%  1255 2101s
  2680  2563 8386488.54   82 1142 8791028.00 8268228.37  5.95%  1254 2110s
  2682  2565 8463503.36   82 1103 8791028.00 8269596.15  5.93%  1253 2121s
  2684  2566 8516704.61  169 1105 8791028.00 8270015.90  5.93%  1252 2125s
  2685  2567 8545344.70  345 1109 8791028.00 8273662.26  5.89%  1252 2133s
  2686  2567 8502556.85  206 1084 8791028.00 8276381.33  5.85%  1251 2139s
  2687  2568 8772213.34  126 1092 8791028.00 8276807.43  5.85%  1251 2141s
  2689  2569 8529499.38  216 1055 8791028.00 8277945.57  5.84%  1250 2145s
  2691  2571 8747261.82  131 1062 8791028.00 8279727.39  5.82%  1249 2154s
  2692  2571 8358470.33  250 1110 8791028.00 8281714.02  5.79%  1249 2158s
  2693  2572 8542063.11  180 1069 8791028.00 8283161.80  5.78%  1248 2161s
  2696  2574 8787893.34  209 1043 8791028.00 8285796.73  5.75%  1247 2170s
  2698  2575 8535350.10  333 1039 8791028.00 8286307.46  5.74%  1246 2177s
  2700  2577 8427082.37  352 1012 8791028.00 8286389.56  5.74%  1245 2182s
  2702  2578 8448287.69   27 1026 8791028.00 8286546.48  5.74%  1244 2191s
  2704  2579 8618553.33  161 1087 8791028.00 8286998.17  5.73%  1243 2197s
  2706  2581 8386488.54   82 1063 8791028.00 8287160.74  5.73%  1242 2203s
  2707  2581 8550343.05  500 1063 8791028.00 8287160.74  5.73%  1242 2208s
  2708  2582 8529881.93  267 1063 8791028.00 8287160.74  5.73%  1241 2219s
  2709  2586 8287565.93   14 1043 8791028.00 8287160.74  5.73%  1378 2246s
  2711  2589 8296853.14   15 1025 8791028.00 8287565.93  5.73%  1388 2263s
  2715  2592 8297520.98   16 1058 8791028.00 8296853.14  5.62%  1397 2267s
  2719  2594 8308327.54   16 1073 8791028.00 8297520.98  5.61%  1407 2272s
  2723  2597 8319365.33   17 1073 8791028.00 8297520.98  5.61%  1421 2284s
  2727  2600 8310125.51   17 1049 8791028.00 8297520.98  5.61%  1426 2300s
  2731  2602 8319771.76   18 1069 8791028.00 8297520.98  5.61%  1435 2309s
  2735  2605 8341280.82   18 1040 8791028.00 8297520.98  5.61%  1443 2329s
  2739  2609 8323119.09   19 1100 8791028.00 8297520.98  5.61%  1455 2340s
  2751  2617 8392047.22   20 1082 8791028.00 8297520.98  5.61%  1473 2361s
  2756  2619 8335835.06   21 1057 8791028.00 8297520.98  5.61%  1487 2375s
  2760  2623 8377124.47   21 1075 8791028.00 8297520.98  5.61%  1493 2389s
  2765  2628 8335835.06   22 1061 8791028.00 8297520.98  5.61%  1499 2401s
  2772  2634 8356012.28   23 1064 8791028.00 8297520.98  5.61%  1511 2430s
  2780  2640 8349200.88   23 1062 8791028.00 8297520.98  5.61%  1522 2446s
  2789  2644 8399564.06   24 1038 8791028.00 8297520.98  5.61%  1532 2464s
  2796  2652 8426317.69   25 1081 8791028.00 8297520.98  5.61%  1544 2497s
  2806  2657 8367766.01   25 1023 8791028.00 8297520.98  5.61%  1553 2510s
  2815  2659 8408946.31   27  986 8791028.00 8297520.98  5.61%  1562 2528s
  2820  2670 8392546.29   27 1037 8791028.00 8297520.98  5.61%  1575 2538s
  2832  2673 8393963.01   28 1048 8791028.00 8297520.98  5.61%  1580 2553s
  2839  2681 8393963.01   29 1061 8791028.00 8297520.98  5.61%  1594 2566s
  2850  2690 8394836.64   30 1047 8791028.00 8297520.98  5.61%  1601 2592s
  2862  2696 8403420.11   31 1012 8791028.00 8297520.98  5.61%  1616 2609s
  2872  2700 8518929.37   32 1057 8791028.00 8297520.98  5.61%  1631 2630s
  2880  2706 8401376.29   33 1002 8791028.00 8297520.98  5.61%  1641 2653s
  2889  2719 8401376.29   34 1000 8791028.00 8297520.98  5.61%  1656 2719s
  2905  2724 8423696.44   35  971 8791028.00 8297520.98  5.61%  1680 2740s
  2916  2737 8427022.32   37  978 8791028.00 8297520.98  5.61%  1695 2757s
  2932  2743 8427022.32   38  978 8791028.00 8297520.98  5.61%  1707 2775s
  2948  2755 8427022.32   39  979 8791028.00 8297520.98  5.61%  1721 2797s
  2965  2770 8427111.63   41 1003 8791028.00 8297520.98  5.61%  1738 2822s
  2986  2773 8427785.25   43  896 8791028.00 8297520.98  5.61%  1760 2851s
  2996  2782 8440708.55   45  901 8791028.00 8297520.98  5.61%  1787 2872s
  3008  2792 8518395.11   47  878 8791028.00 8297520.98  5.61%  1801 2899s
  3022  2804 8440917.69   49  896 8791028.00 8297520.98  5.61%  1819 2925s
  3039  2821 8441015.00   50  894 8791028.00 8297520.98  5.61%  1830 2951s
  3063  2826 8441332.11   52  899 8791028.00 8297520.98  5.61%  1846 2979s
  3076  2844 8461540.39   53  944 8791028.00 8297520.98  5.61%  1864 3013s
  3099  2866 8462632.30   55  893 8791028.00 8297520.98  5.61%  1889 3051s
  3128  2878 8467918.43   56  909 8791028.00 8297520.98  5.61%  1912 3081s
  3150  2898 8475502.31   59  924 8791028.00 8297520.98  5.61%  1933 3116s
  3177  2917 8531479.93   62  821 8791028.00 8297520.98  5.61%  1958 3159s
  3207  2947 8509361.28   65  829 8791028.00 8297520.98  5.61%  1985 3199s
  3247  2957 8514759.73   69  805 8791028.00 8297520.98  5.61%  2002 3258s
  3271  2985 8515305.72   72  855 8791028.00 8297520.98  5.61%  2022 3296s
  3307  2987 8516417.83   75  866 8791028.00 8297520.98  5.61%  2042 3382s
  3321  3017 8523807.24   77  877 8791028.00 8297520.98  5.61%  2063 3433s
  3355  3014 8518256.92   81  882 8791028.00 8297520.98  5.61%  2097 3609s
  3364  3041 8574927.13   81  873 8791028.00 8297520.98  5.61%  2109 3655s
  3394  3061 8518488.86   84  871 8791028.00 8297520.98  5.61%  2138 3708s
  3430  3080 8578244.47   87  867 8791028.00 8297520.98  5.61%  2176 3760s
  3465  3103 8518566.95   91  861 8791028.00 8297520.98  5.61%  2209 3808s
  3499  3133 8519436.48   94  859 8791028.00 8297520.98  5.61%  2231 3861s
  3541  3180 8524267.44   98  875 8791028.00 8297520.98  5.61%  2262 3917s
  3605  3200 8541950.08  106  923 8791028.00 8297520.98  5.61%  2281 3964s
  3653  3256 8612385.37  113  830 8791028.00 8297520.98  5.61%  2288 4018s
  3727  3324 8556364.66  116  834 8791028.00 8297520.98  5.61%  2283 4092s
  3822  3380 8558344.40  123  852 8791028.00 8297520.98  5.61%  2276 4153s
  3911  3440 8558746.82  129  893 8791028.00 8297520.98  5.61%  2272 4221s
  4008  3497 8558866.61  134  903 8791028.00 8297520.98  5.61%  2273 4287s
  4120  3560 8559222.06  139  887 8791028.00 8297520.98  5.61%  2264 4328s
  4227  3611 8560566.49  146  882 8791028.00 8297520.98  5.61%  2271 4370s
  4331  3591 8560569.62  152  890 8791028.00 8297520.98  5.61%  2283 4484s
  4382  3630 8560569.87  155  864 8791028.00 8297520.98  5.61%  2290 4526s
  4440  3679 8560634.63  162  904 8791028.00 8297520.98  5.61%  2321 4572s
  4510  3713 8560680.92  168  888 8791028.00 8297520.98  5.61%  2346 4620s
  4578  3761 8560684.61  174  850 8791028.00 8297520.98  5.61%  2377 4676s
  4656  3819 8560688.44  180  884 8791028.00 8297520.98  5.61%  2405 4745s
  4752  3879 8560701.99  188  845 8791028.00 8297520.98  5.61%  2425 4846s
  4854  3907 8560710.68  196  862 8791028.00 8297520.98  5.61%  2451 4943s
  4922  3949 8562456.53  204  839 8791028.00 8297520.98  5.61%  2494 5046s
  4997  3981 8563419.20  213  846 8791028.00 8297520.98  5.61%  2537 5145s
  5061  3990 8563419.20  220  863 8791028.00 8297520.98  5.61%  2583 5388s
  5099  4006 8598046.29  220  860 8791028.00 8297520.98  5.61%  2604 5502s
  5172  4052 8568038.29  229  864 8791028.00 8297520.98  5.61%  2652 5568s
  5272  4075 8568055.53  237  860 8791028.00 8297520.98  5.61%  2686 5646s
  5372  4126 8568236.71  246  856 8791028.00 8297520.98  5.61%  2721 5719s
  5489  4150 8568666.38  260  819 8791028.00 8297520.98  5.61%  2745 5796s
  5599  4248 8598862.59  272  806 8791028.00 8297520.98  5.61%  2782 5875s
  5768  4302 8598966.15  282  808 8791028.00 8297520.98  5.61%  2790 5968s
  5935  4320 8599158.56  293  799 8791028.00 8297520.98  5.61%  2800 6050s
  6066  4403 8599171.29  304  805 8791028.00 8297520.98  5.61%  2828 6169s
  6224  4629 8599189.78  317  795 8791028.00 8297520.98  5.61%  2844 6264s
  6519  4762 8599345.21  328  777 8791028.00 8297520.98  5.61%  2802 6426s
  6766  4849 8599365.69  340  806 8791028.00 8297520.98  5.61%  2746 6529s
  6974  4887 8599365.69  353  780 8791028.00 8297520.98  5.61%  2746 6636s
  7101  4943 8599365.69  368  778 8791028.00 8297520.98  5.61%  2762 6753s
  7250  5026 8612791.82  387  799 8791028.00 8297520.98  5.61%  2796 6862s
  7387  5149 8613220.79  402  792 8791028.00 8297520.98  5.61%  2829 7055s
  7563  5150 8613489.56  419  765 8791028.00 8297520.98  5.61%  2858 7558s
  7622  5335 8655019.24  419  739 8791028.00 8297520.98  5.61%  2855 7782s
  7845  5421 8684588.31  437  756 8791028.00 8297520.98  5.61%  2874 8005s
  8075  5589 8685985.70  461  716 8791028.00 8297520.98  5.61%  2905 8146s
  8404  5589 8686554.36  479  709 8791028.00 8297520.98  5.61%  2901 8291s
  8595  5700 8698599.01  503  709 8791028.00 8320635.76  5.35%  2939 8431s
  8846  5927 8370094.83   19 1016 8791028.00 8320646.41  5.35%  2958 8579s
  9191  6241 8675761.43   91  904 8791028.00 8330660.33  5.24%  2939 8788s
  9673  6253 8411550.81   34  944 8791028.00 8332361.35  5.22%  2889 8950s
  9846  6390 8431057.11   59  976 8791028.00 8332361.35  5.22%  2935 9115s
 10042  6563 8460914.71   89  951 8791028.00 8332361.35  5.22%  2976 9287s
 10306  6705 8475125.82  117  926 8791028.00 8332361.35  5.22%  3006 9488s
 10562  6918 8483483.72  146  927 8791028.00 8332361.35  5.22%  3056 9794s
 10878  7248 8744206.75  185  867 8791028.00 8332417.16  5.22%  3121 10214s
 11308  7638 8575923.80   87  905 8791028.00 8335814.32  5.18%  3149 10462s
 11803  7919     cutoff   86      8791028.00 8337237.19  5.16%  3152 10795s
 12191  8423 8507115.57   99  941 8791028.00 8338969.30  5.14%  3168 11220s
 12706  8708 8679791.15  188  888 8791028.00 8339254.15  5.14%  3160 11557s
 13114  8959 8615048.87   32  878 8791028.00 8340383.32  5.13%  3173 11802s
 13465  9277 8542413.99   30  979 8791028.00 8341995.82  5.11%  3195 12087s
 13890  9606 8420911.94   35 1044 8791028.00 8344595.16  5.08%  3204 12325s
 14314  9898 8679056.44   25 1009 8791028.00 8345095.94  5.07%  3199 12569s
 14730  9908 8462445.24   78  871 8791028.00 8345453.38  5.07%  3206 12860s
 14749 10173 8467565.95   80  882 8791028.00 8346729.20  5.05%  3208 13114s
 15058 10511 8489101.12   28  922 8791028.00 8347294.84  5.05%  3221 13382s
 15457 10915 8718382.54  110  751 8791028.00 8347506.52  5.05%  3242 13692s
 15985 11183 infeasible   77      8791028.00 8348940.77  5.03%  3230 13977s
 16327 11466 8691998.85  118  780 8791028.00 8349216.98  5.03%  3248 14292s
 16680 11728 8551008.12   36  906 8791028.00 8350253.00  5.01%  3269 14536s
 17007 11920 8570153.43   34  952 8791028.00 8351045.05  5.00%  3275 14782s
 17289 12143 8746556.67   39  851 8791028.00 8351872.78  5.00%  3308 15094s
 17626 12361 8381003.88   32  923 8791028.00 8352510.65  4.99%  3334 15461s
 17924 12549 8730486.74   67  839 8791028.00 8353479.03  4.98%  3351 15730s
 18249 12768 8713383.83   43  870 8791028.00 8354310.02  4.97%  3382 16007s
 18615 13274 8523190.27   45  865 8791028.00 8357046.56  4.94%  3404 16269s
 19207 13744 8586718.39  161  906 8791028.00 8357637.78  4.93%  3374 16534s
 19728 14795 8511564.48   88  885 8791028.00 8357860.15  4.93%  3363 16808s
 20868 14796 8479605.89   73 1127 8791028.00 8357860.15  4.93%  3262 18082s
 20870 14797 8592447.95  191 1026 8791028.00 8357860.15  4.93%  3262 18087s
 20871 14798 8469241.45   30 1216 8791028.00 8357860.15  4.93%  3262 18106s
 20872 14799 8673939.76  348 1274 8791028.00 8357860.15  4.93%  3261 18132s
 20873 14799 8498711.59   41 1259 8791028.00 8357860.15  4.93%  3261 18156s
 20874 14800 8722568.32   47 1249 8791028.00 8357860.15  4.93%  3261 18179s
 20875 14801 8541684.33   32 1218 8791028.00 8357860.15  4.93%  3261 18197s
 20876 14801 8747797.03   35 1182 8791028.00 8357860.15  4.93%  3261 18208s
 20877 14802 8605768.66   71 1132 8791028.00 8357860.15  4.93%  3261 18221s
 20878 14803 8709882.32  143 1178 8791028.00 8357860.15  4.93%  3260 18232s
 20879 14803 8644421.73   80 1154 8791028.00 8357860.15  4.93%  3260 18241s
 20880 14804 8401837.81   49 1116 8791028.00 8357860.15  4.93%  3260 18250s
 20881 14805 8702752.25  104 1099 8791028.00 8357860.15  4.93%  3260 18257s
 20882 14805 8780408.30  301 1111 8791028.00 8357860.15  4.93%  3260 18263s
 20883 14806 8526094.06   31 1133 8791028.00 8357860.15  4.93%  3260 18269s
 20884 14807 8702267.14  187 1111 8791028.00 8357860.15  4.93%  3259 18273s
 20886 14808 8622274.99  166 1065 8791028.00 8357860.15  4.93%  3259 18276s
 20888 14809 8497826.10   52 1072 8791028.00 8357860.15  4.93%  3259 18305s
 20891 14811 8567677.37  425 1101 8791028.00 8357860.15  4.93%  3258 18321s
 20892 14812 8726268.53  260 1080 8791028.00 8357860.15  4.93%  3258 18347s
 20893 14813 8637632.29   47 1093 8791028.00 8357860.15  4.93%  3258 18359s
 20894 14813 8440054.62  164 1123 8791028.00 8357860.15  4.93%  3258 18385s
 20897 14815 8401552.60   28 1111 8791028.00 8357860.15  4.93%  3257 18400s
 20898 14816 8544243.85   75 1068 8791028.00 8357860.15  4.93%  3257 18426s
 20900 14817 8586284.75   36 1081 8791028.00 8357860.15  4.93%  3257 18442s
 20901 14818 8608527.84   82 1100 8791028.00 8357860.15  4.93%  3257 18467s
 20902 14819 8453405.41   32 1097 8791028.00 8357860.15  4.93%  3257 18480s
 20903 14819 8420399.01   24 1077 8791028.00 8357860.15  4.93%  3257 18504s
 20904 14820 8580511.30   32 1092 8791028.00 8357860.15  4.93%  3256 18517s
 20905 14821 8413109.84   28 1092 8791028.00 8357860.15  4.93%  3256 18530s
 20906 14821 8619023.50   36 1092 8791028.00 8357860.15  4.93%  3256 18542s
 20907 14822 8377731.04   31 1076 8791028.00 8357860.15  4.93%  3256 18567s
 20909 14823 8582342.22  513 1061 8791028.00 8357860.15  4.93%  3256 18580s
 20910 14824 8476638.84   73 1108 8791028.00 8357860.15  4.93%  3255 18606s
 20912 14825 8593534.79  147 1086 8791028.00 8357860.15  4.93%  3255 18620s
 20913 14826 8505849.74   95 1057 8791028.00 8357860.15  4.93%  3255 18647s
 20914 14827 8663978.64   66 1076 8791028.00 8357860.15  4.93%  3255 18659s
 20915 14827 8660372.62  167 1048 8791028.00 8357860.15  4.93%  3255 18683s
 20916 14828 8390497.39   24 1063 8791028.00 8357860.15  4.93%  3254 18696s
 20917 14829 8564788.39   57 1066 8791028.00 8357860.15  4.93%  3254 18722s
 20919 14830 8761868.72  142 1084 8791028.00 8357860.15  4.93%  3254 18736s
 20920 14831 8443094.47   61 1090 8791028.00 8357860.15  4.93%  3254 18763s
 20921 14831 8460038.85  123 1059 8791028.00 8357860.15  4.93%  3254 18776s
 20922 14832 8410496.54   38 1058 8791028.00 8357860.15  4.93%  3254 18800s
 20923 14833 8736031.52   36 1041 8791028.00 8357860.15  4.93%  3253 18811s
 20924 14833 8763514.75   87 1055 8791028.00 8357860.15  4.93%  3253 18834s
 20925 14834 8559289.19  116 1059 8791028.00 8357860.15  4.93%  3253 18845s
 20926 14835 8514318.66   38 1059 8791028.00 8357860.15  4.93%  3253 18857s
 20927 14835 8588148.93   64 1090 8791028.00 8357860.15  4.93%  3253 18868s
 20928 14836 8773354.07   63 1069 8791028.00 8357860.15  4.93%  3253 18879s
 20929 14837 8484284.02  102 1108 8791028.00 8357860.15  4.93%  3252 18890s
 20930 14837 8567020.56   40 1080 8791028.00 8357860.15  4.93%  3252 18903s
 20931 14838 8462302.17   80 1085 8791028.00 8357860.15  4.93%  3252 18915s
 20932 14839 8739392.22  118 1082 8791028.00 8357860.15  4.93%  3252 18927s
 20933 14839 8651581.89  277 1081 8791028.00 8357860.15  4.93%  3252 18937s
 20934 14840 8754160.51  297 1109 8791028.00 8357860.15  4.93%  3252 18948s
 20935 14841 8425047.88   32 1116 8791028.00 8357860.15  4.93%  3252 18959s
 20936 14841 8504784.37   87 1045 8791028.00 8357860.15  4.93%  3251 18971s
 20937 14842 8666382.85   90 1074 8791028.00 8357860.15  4.93%  3251 18982s
 20938 14843 8478127.02   65 1073 8791028.00 8357860.15  4.93%  3251 18993s
 20939 14843 8703391.76  136 1079 8791028.00 8357860.15  4.93%  3251 19004s
 20940 14844 8426342.46   26 1096 8791028.00 8357860.15  4.93%  3251 19017s
 20941 14845 8663743.54   68 1099 8791028.00 8357860.15  4.93%  3251 19028s
 20942 14845 8429456.25   45 1071 8791028.00 8357860.15  4.93%  3250 19040s
 20943 14846 8673258.53  419 1081 8791028.00 8357860.15  4.93%  3250 19050s
 20944 14847 8761701.05   48 1086 8791028.00 8357860.15  4.93%  3250 19060s
 20945 14847 8738438.69  106 1098 8791028.00 8357860.15  4.93%  3250 19071s
 20946 14848 8398996.01   55 1071 8791028.00 8357860.15  4.93%  3250 19082s
 20947 14849 8550929.20   45 1076 8791028.00 8357860.15  4.93%  3250 19092s
 20948 14849 8417861.36   48 1079 8791028.00 8357860.15  4.93%  3250 19103s
 20949 14850 8584493.33   95 1104 8791028.00 8357860.15  4.93%  3249 19115s
 20950 14851 8623078.51   64 1067 8791028.00 8357860.15  4.93%  3249 19127s
 20951 14851 8484156.83   70 1074 8791028.00 8357860.15  4.93%  3249 19137s
 20952 14852 8722240.53   40 1078 8791028.00 8357860.15  4.93%  3249 19149s
 20953 14853 8599379.07   89 1067 8791028.00 8357860.15  4.93%  3249 19161s
 20954 14853 8519042.09  156 1059 8791028.00 8357860.15  4.93%  3249 19172s
 20955 14854 8595890.49   84 1080 8791028.00 8357860.15  4.93%  3248 19183s
 20956 14855 8547157.09   52 1045 8791028.00 8357860.15  4.93%  3248 19194s
 20957 14855 8641668.79   52 1043 8791028.00 8357860.15  4.93%  3248 19210s
 20958 14856 8671225.49  198 1043 8791028.00 8357860.15  4.93%  3248 19252s
 20959 14860 8357860.15   26 1051 8791028.00 8357860.15  4.93%  3264 19274s
 20961 14863 8357860.15   27 1056 8791028.00 8357860.15  4.93%  3265 19308s
 20965 14866 8357860.15   28 1063 8791028.00 8357860.15  4.93%  3266 19320s
 20969 14866 8357860.15   28 1082 8791028.00 8357860.15  4.93%  3268 19342s
 20973 14869 8357860.15   29 1066 8791028.00 8357860.15  4.93%  3270 19353s
 20977 14872 8359500.74   29 1024 8791028.00 8357860.15  4.93%  3271 19364s
 20981 14878 8357860.15   30 1080 8791028.00 8357860.15  4.93%  3271 19372s
 20989 14882 8364731.03   31 1083 8791028.00 8357860.15  4.93%  3272 19387s
 20995 14887 8357860.15   31 1080 8791028.00 8357860.15  4.93%  3273 19396s
 21002 14889 8369406.39   32 1018 8791028.00 8357860.15  4.93%  3274 19406s
 21007 14892 8357860.15   33 1073 8791028.00 8357860.15  4.93%  3275 19627s
 21011 14894 8357860.15   33 1031 8791028.00 8357860.15  4.93%  3275 19645s
 21015 14901 8357860.15   34 1048 8791028.00 8357860.15  4.93%  3276 19666s
 21023 14906 8357860.15   35 1063 8791028.00 8357860.15  4.93%  3278 19696s
 21031 14913 8357860.15   35 1061 8791028.00 8357860.15  4.93%  3278 19707s
 21040 14917 8367359.72   36 1034 8791028.00 8357860.15  4.93%  3279 19722s
 21047 14924 8357860.15   36 1069 8791028.00 8357860.15  4.93%  3280 19733s
 21057 14926 8357860.15   38 1077 8791028.00 8357860.15  4.93%  3280 19929s
 21061 14925 8544638.88   38 1011 8791028.00 8357860.15  4.93%  3281 19930s
 21062 14933 8364582.84   38 1112 8791028.00 8357860.15  4.93%  3282 19956s
 21071 14943 8357860.15   39 1069 8791028.00 8357860.15  4.93%  3283 19971s
 21084 14950 8357860.15   41 1030 8791028.00 8357860.15  4.93%  3284 20003s
 21095 14957 8357860.15   42 1028 8791028.00 8357860.15  4.93%  3286 20018s
 21106 14966 8357860.15   43 1040 8791028.00 8357860.15  4.93%  3288 20037s
 21118 14970 8357860.15   45 1043 8791028.00 8357860.15  4.93%  3290 20062s
 21126 14985 8357860.15   46 1043 8791028.00 8357860.15  4.93%  3293 20084s
 21144 14994 8357860.15   48 1046 8791028.00 8357860.15  4.93%  3294 20103s
 21159 15011 8372422.51   49 1075 8791028.00 8357860.15  4.93%  3296 20134s
 21181 15019 8357860.15   51 1008 8791028.00 8357860.15  4.93%  3297 20217s
 21196 15031 8357860.15   52 1055 8791028.00 8357860.15  4.93%  3304 20248s
 21213 15041 8357860.15   55 1058 8791028.00 8357860.15  4.93%  3308 20271s
 21229 15056 8357860.15   57 1057 8791028.00 8357860.15  4.93%  3309 20298s
 21249 15075 8357860.15   59 1077 8791028.00 8357860.15  4.93%  3311 20323s
 21275 15083 8357860.15   61  991 8791028.00 8357860.15  4.93%  3310 20348s
 21292 15098 8357860.15   63 1078 8791028.00 8357860.15  4.93%  3312 20371s
 21312 15114 8357860.15   65 1051 8791028.00 8357860.15  4.93%  3314 20400s
 21335 15137 8357860.15   67 1038 8791028.00 8357860.15  4.93%  3316 20424s
 21366 15155 8357860.15   70 1052 8791028.00 8357860.15  4.93%  3316 20452s
 21394 15174 8357860.15   72 1048 8791028.00 8357860.15  4.93%  3317 20481s
 21422 15183 8357860.15   75 1057 8791028.00 8357860.15  4.93%  3320 20543s
 21441 15205 8377697.57   75 1073 8791028.00 8357860.15  4.93%  3322 20573s
 21469 15226 8363422.89   78 1060 8791028.00 8357860.15  4.93%  3324 20609s
 21499 15247 8365142.83   81 1081 8791028.00 8357860.15  4.93%  3326 20646s
 21530 15260 8383791.22   84 1055 8791028.00 8357860.15  4.93%  3329 20682s
 21554 15283 8398281.16   87 1036 8791028.00 8357860.15  4.93%  3332 20717s
 21588 15290 8417428.81   90 1058 8791028.00 8357860.15  4.93%  3335 20748s
 21606 15322 8418851.67   92 1018 8791028.00 8357860.15  4.93%  3337 20790s
 21652 15320 8452402.79   96 1002 8791028.00 8357860.15  4.93%  3339 20842s
 21680 15331 8597428.03   96  993 8791028.00 8357860.15  4.93%  3341 20882s
 21713 15326 8488127.37   99  941 8791028.00 8357860.15  4.93%  3345 21243s
 21719 15351 8519866.82  100  937 8791028.00 8357860.15  4.93%  3345 21292s
 21773 15374 8543306.17  104  930 8791028.00 8357860.15  4.93%  3347 21336s
 21818 15402 8564073.46  110  941 8791028.00 8357860.15  4.93%  3350 21379s
 21863 15415 8693262.24  114  923 8791028.00 8357860.15  4.93%  3354 21424s
 21894 15436 8596617.25  119  941 8791028.00 8357860.15  4.93%  3357 21472s
 21939 15461 8611418.70  124  967 8791028.00 8357860.15  4.93%  3361 21525s
 21991 15494 8625200.85  130  915 8791028.00 8357860.15  4.93%  3365 21578s
 22054 15517 8639697.81  139  901 8791028.00 8357860.15  4.93%  3367 21628s
 22108 15564     cutoff  145      8791028.00 8357860.15  4.93%  3372 21713s
 22199 15572 8392651.19   74 1062 8791028.00 8357860.15  4.93%  3371 21780s
 22262 15590 8451550.85   89 1068 8791028.00 8357860.15  4.93%  3375 21868s
 22319 15651 8480876.61  112 1019 8791028.00 8357860.15  4.93%  3374 21930s
 22399 15702 8505054.24  145  930 8791028.00 8357860.15  4.93%  3375 22032s
 22487 15756 8632157.93  183  875 8791028.00 8357860.15  4.93%  3375 22100s
 22580 15799 8670419.03  236  798 8791028.00 8357860.15  4.93%  3375 22180s
 22665 15852 8382990.60   76 1099 8791028.00 8357860.15  4.93%  3378 22286s
 22756 15906 8560768.50   92  982 8791028.00 8357860.15  4.93%  3380 22421s
 22852 15943 8653161.12  120  896 8791028.00 8357860.15  4.93%  3382 22539s
 22941 16006 8773078.12  142  781 8791028.00 8357860.15  4.93%  3382 22621s
 23042 16065 8471607.73   79  931 8791028.00 8357860.15  4.93%  3384 22716s
 23148 16190 8564146.86  112  852 8791028.00 8357860.15  4.93%  3385 22840s
 23327 16223 8745703.15  190  706 8791028.00 8357860.15  4.93%  3379 22952s
 23446 16278 8478127.38   72 1075 8791028.00 8357860.15  4.93%  3382 23075s
 23567 16306 8737090.48   98  994 8791028.00 8357860.15  4.93%  3386 23179s
 23640 16386 8761429.34  121  934 8791028.00 8357860.15  4.93%  3388 23284s
 23759 16493 8453741.38   50 1041 8791028.00 8357860.15  4.93%  3394 23388s
 23926 16535 8634929.18   96  965 8791028.00 8357860.15  4.93%  3393 23505s
 24082 16617 8720347.49  134  960 8791028.00 8357860.15  4.93%  3390 23620s
 24252 16678 8498822.78   72 1044 8791028.00 8357860.15  4.93%  3391 23751s
 24398 16748 8753971.61  111  852 8791028.00 8357860.15  4.93%  3397 23918s
 24553 16838 8438034.74   72  969 8791028.00 8357860.15  4.93%  3402 24042s
 24723 16904 8575818.10  142  800 8791028.00 8357860.15  4.93%  3405 24215s
 24899 16970 8459226.29   63 1116 8791028.00 8357860.15  4.93%  3410 24380s
 25045 17088 8772543.16  108  932 8791028.00 8357860.15  4.93%  3411 24533s
 25245 17158     cutoff   79      8791028.00 8357860.15  4.93%  3411 24717s
 25423 17287 8467056.83   51 1108 8791028.00 8357860.15  4.93%  3414 24877s
 25647 17356 8370372.65   49 1076 8791028.00 8357860.15  4.93%  3414 25088s
 25793 17533 8461719.73   80  889 8791028.00 8357860.15  4.93%  3425 25251s
 26028 17686 8592794.28  135  806 8791028.00 8357860.15  4.93%  3426 25474s
 26289 17619 8714474.15  174  689 8791028.00 8357860.15  4.93%  3426 25924s
 26318 17975 8729347.89  191  626 8791028.00 8357860.15  4.93%  3425 26116s
 26791 17996 8559067.41   77  892 8791028.00 8357860.15  4.93%  3402 26419s
 27019 18097 8550294.01   85 1048 8791028.00 8357860.15  4.93%  3408 26625s
 27218 18213 8402744.32   69 1016 8791028.00 8357860.15  4.93%  3418 26880s
 27443 18391 8486924.43   89  866 8791028.00 8357860.15  4.93%  3430 27106s
 27716 18521 8584976.36  112  886 8791028.00 8357860.15  4.93%  3438 27470s
 28038 18603 8779832.33  165  715 8791028.00 8357860.15  4.93%  3444 27706s
 28274 18869 8445857.33   85 1077 8791028.00 8357860.15  4.93%  3458 27947s
 28691 19004 8553882.71  147 1035 8791028.00 8357860.15  4.93%  3454 28230s
 29028 19182 8556291.30  145  997 8791028.00 8357860.15  4.93%  3445 28481s
 29372 19285 8652802.45  198  974 8791028.00 8357860.15  4.93%  3449 28748s
 29671 19509 8374661.65   50 1101 8791028.00 8357860.15  4.93%  3461 29179s
 30028 19678 8615455.53  105 1004 8791028.00 8357860.15  4.93%  3471 29673s
 30400 19950 8408910.65   77 1081 8791028.00 8357860.15  4.93%  3477 30034s
 30866 20154 8393780.12   42 1113 8791028.00 8357860.15  4.93%  3468 30393s
 31279 20442 8484892.48   92  956 8791028.00 8357860.15  4.93%  3465 30752s
 31768 20531     cutoff  122      8791028.00 8357860.15  4.93%  3466 31110s
 32114 20726 8493435.96   96 1007 8791028.00 8359254.95  4.91%  3475 31462s
 32524 20951 8397346.00   34 1045 8791028.00 8360064.01  4.90%  3482 31799s
 32938 21116 8421879.53   45 1070 8791028.00 8360710.44  4.89%  3487 32116s
 33259 21297 8515233.87   80  949 8791028.00 8360710.44  4.89%  3508 32605s
 33638 21487 8659629.86  129  896 8791028.00 8361012.28  4.89%  3528 33092s
 34116 21804 8382608.11   63 1011 8791028.00 8361547.26  4.89%  3535 33431s
 34663 21995 8767895.31  105  888 8791028.00 8361779.62  4.88%  3525 33916s
 35110 22232 8412768.66   56  961 8791028.00 8362844.22  4.87%  3526 34218s
 35597 22631 8382702.09   55 1066 8791028.00 8364028.76  4.86%  3527 34576s
 36234 22967 8616065.06   95  808 8791028.00 8364064.69  4.86%  3516 34909s
 36897 23106 8743448.25  216  738 8791028.00 8364582.84  4.85%  3497 35222s
 37307 23260 8567308.67   87  912 8791028.00 8364596.57  4.85%  3502 35516s
 37616 23479 8607744.88  117  918 8791028.00 8364731.03  4.85%  3514 35983s
 38028 23741 8687647.02   63  973 8791028.00 8364796.31  4.85%  3525 36330s
 38576 24108 8730955.67  166  926 8791028.00 8364857.62  4.85%  3519 36612s
 39263 24152 8685125.67  124  941 8791028.00 8365925.25  4.84%  3499 36914s
 39607 24578 8497969.62   68  899 8791028.00 8366352.50  4.83%  3498 37185s
 40208 24727 8532785.69  116  742 8791028.00 8366352.50  4.83%  3487 37519s
 40629 25100 8784827.44  168  578 8791028.00 8366352.50  4.83%  3487 37790s
 41240 25202 8613150.22  256  522 8791028.00 8366352.50  4.83%  3477 38073s
 41599 25534 8637342.79  309  463 8791028.00 8367481.98  4.82%  3474 38374s
 42157 25610 8770504.94   89  825 8791028.00 8367743.90  4.81%  3478 38644s
 42533 25749 8403227.15   44  910 8791028.00 8367772.92  4.81%  3481 38891s
 42981 26129 8385518.65   43 1015 8791028.00 8368271.83  4.81%  3482 39123s
 43621 26222 8639705.98   57 1078 8791028.00 8368645.50  4.80%  3463 39425s
 43996 26340 8397365.75   50 1091 8791028.00 8368852.51  4.80%  3460 39746s
 44297 26522 8436750.76   35 1008 8791028.00 8369211.42  4.80%  3462 39968s
 44639 26698 8542329.32   95  880 8791028.00 8369610.05  4.79%  3463 40192s
 45006 26744 8530644.73   42 1015 8791028.00 8369725.88  4.79%  3463 40441s
 45304 26863 8699152.67   84  951 8791028.00 8369897.97  4.79%  3470 40674s
 45609 27065 8458025.20   41 1033 8791028.00 8370372.65  4.79%  3475 40943s
 45967 27251 8497496.10   70 1024 8791028.00 8370647.74  4.78%  3478 41223s
 46349 27497 8433552.41   35 1103 8791028.00 8370927.67  4.78%  3479 41470s
 46786 27640 8785707.40  114  847 8791028.00 8371286.61  4.77%  3475 41731s
 47149 27751 8414222.50   50 1062 8791028.00 8371671.28  4.77%  3475 41998s
 47404 28039 8739814.29  169  520 8791028.00 8371811.55  4.77%  3472 42258s
 47879 28046 8611020.59   52 1047 8791028.00 8372422.51  4.76%  3468 42700s
 48088 28182 8672215.60   62  959 8791028.00 8372461.50  4.76%  3474 43075s
 48368 28323 8527123.62   53 1129 8791028.00 8372468.79  4.76%  3482 43519s
 48740 28539     cutoff  110      8791028.00 8372686.24  4.76%  3484 43798s
 49174 28697 8546858.67  139  932 8791028.00 8372943.57  4.76%  3481 44062s
 49548 28728 8442016.02   46 1018 8791028.00 8373077.15  4.75%  3485 44687s
 49738 29014 8451525.44   47 1030 8791028.00 8373115.99  4.75%  3486 44968s
 50170 29191 8475236.83   74 1067 8791028.00 8373644.55  4.75%  3485 45227s
 50539 29437 8473706.82  104  917 8791028.00 8373841.11  4.75%  3489 45481s
 50985 29645 8547851.38   69  870 8791028.00 8374267.84  4.74%  3490 45789s
 51414 29789 8553353.06   49  941 8791028.00 8374388.49  4.74%  3488 46064s
 51515 29755 8538031.29   82  889 8791028.00 8374388.49  4.74%  3490 46065s
 51739 30051 8559992.03  100  714 8791028.00 8374388.49  4.74%  3499 46327s
 52206 30252 8652182.02  182  627 8791028.00 8374586.67  4.74%  3501 46612s
 52767 30276 8446599.42   67 1083 8791028.00 8375353.95  4.73%  3499 46837s
 53070 30301 8735864.81   73  834 8791028.00 8375656.01  4.72%  3499 47078s
 53244 30470 8546936.59   85 1030 8791028.00 8376267.05  4.72%  3499 47390s
 53577 30775 8416882.01   86 1027 8791028.00 8376440.78  4.72%  3509 47740s
 54077 31206 8657846.31  122  835 8791028.00 8376687.56  4.71%  3509 48051s
 54789 31272 8639091.82  120  854 8791028.00 8376795.45  4.71%  3494 48306s
 55160 31545 8458482.20   61  902 8791028.00 8376904.61  4.71%  3493 48563s
 55671 31640 8738091.56   95  896 8791028.00 8377624.02  4.70%  3487 48796s
 55985 31765 8524221.58   91 1011 8791028.00 8377697.57  4.70%  3487 49162s
 56239 32084 8595651.22  128  952 8791028.00 8377876.24  4.70%  3491 49425s
 56727 32362 8421492.61   78  975 8791028.00 8378068.84  4.70%  3489 49698s
 57241 32686 8438445.61   77  972 8791028.00 8378283.61  4.70%  3480 49956s
 57817 32852 8642359.26   93  813 8791028.00 8378483.35  4.69%  3470 50269s
 58241 32992 8646965.77   95  950 8791028.00 8378918.52  4.69%  3465 50579s
 58604 33127 8474359.67   61 1024 8791028.00 8379189.33  4.68%  3467 50816s
 58955 33131 8745648.19   77  979 8791028.00 8379283.78  4.68%  3470 51065s
 59095 33491 8626861.95   86 1000 8791028.00 8379586.86  4.68%  3472 51331s
 59548 33629     cutoff  119      8791028.00 8379691.17  4.68%  3471 51628s
 59914 33823 8433007.25   62 1073 8791028.00 8379919.67  4.68%  3476 51903s
 60350 33936 8443230.01   58  987 8791028.00 8380211.10  4.67%  3476 52151s
 60691 34294 8751406.82   95  848 8791028.00 8380524.08  4.67%  3478 52490s
 61246 34403 8526483.84   38  969 8791028.00 8380524.08  4.67%  3471 52850s
 61611 34363 8756906.37   91  810 8791028.00 8380921.41  4.67%  3475 53148s
 61749 34555 8447689.94   75 1048 8791028.00 8380921.41  4.67%  3479 53405s
 62052 34716 8718146.81   95  929 8791028.00 8381127.34  4.66%  3485 53771s
 62450 34921     cutoff   87      8791028.00 8381463.42  4.66%  3486 54074s
 62889 35214 8538231.97   83 1046 8791028.00 8381712.40  4.66%  3488 54374s
 63420 35301 8411251.99   78  994 8791028.00 8382068.62  4.65%  3485 54634s
 63769 35473 8714351.62   88 1018 8791028.00 8382146.42  4.65%  3488 55019s
 64131 35605 8464585.03   64 1004 8791028.00 8382869.69  4.64%  3491 55294s
 64480 35910 infeasible  104      8791028.00 8383171.49  4.64%  3496 55628s
 64986 36076 8735576.36   83  911 8791028.00 8383766.56  4.63%  3493 55979s
 65380 36538 8546298.37   50 1011 8791028.00 8384342.02  4.63%  3495 56246s
 66076 36672 8421154.43   66 1011 8791028.00 8384440.62  4.63%  3484 56503s
 66374 37123     cutoff   62      8791028.00 8384658.60  4.62%  3490 56776s
 66897 37309 8554973.07   42 1017 8791028.00 8384866.26  4.62%  3485 57053s
 67194 37683 8692064.55   83  954 8791028.00 8385039.15  4.62%  3492 57333s
 67633 38119 8542448.17   87 1038 8791028.00 8385085.53  4.62%  3492 57626s
 68141 38801 8513453.36   71  885 8791028.00 8385162.38  4.62%  3489 57958s
 68928 39048     cutoff  243      8791028.00 8385258.00  4.62%  3474 58209s
 69233 39276 8585561.97   72 1028 8791028.00 8385356.68  4.61%  3480 58454s
 69519 39568 8696368.64  101  894 8791028.00 8385356.68  4.61%  3488 58696s
 69878 39978 8671543.08  141  934 8791028.00 8385360.91  4.61%  3491 58950s
 70438 40287 8433920.39   80 1041 8791028.00 8385518.65  4.61%  3487 59208s
 70830 40662 8434690.96   84 1058 8791028.00 8385562.69  4.61%  3489 59451s
 71286 41041 8403525.43   46  978 8791028.00 8385751.04  4.61%  3486 59832s
 71743 41087 8660832.06   60 1021 8791028.00 8385757.42  4.61%  3485 60212s
 71819 41432 8724412.33   59 1019 8791028.00 8385777.16  4.61%  3488 60466s
 72220 41892 8550692.26  105  884 8791028.00 8385927.01  4.61%  3488 60740s
 72795 42218 8443130.69   59  988 8791028.00 8386130.28  4.61%  3483 61093s
 73237 42751 infeasible  129      8791028.00 8386303.67  4.60%  3485 61454s
 73827 42972 8600704.64   99  895 8791028.00 8386452.87  4.60%  3479 61700s
 74116 43248 8530045.97   79 1032 8791028.00 8386574.99  4.60%  3485 62104s
 74526 43603 8768239.46   88  997 8791028.00 8386574.99  4.60%  3487 62589s
 74963 43914 8772200.40  100  787 8791028.00 8386637.65  4.60%  3487 62852s
 75365 44488 8632954.68   74  906 8791028.00 8386916.43  4.60%  3489 63129s
 75999 44836 8456614.01   43 1104 8791028.00 8386919.55  4.60%  3482 63412s
 76455 45219 8492925.03   90  900 8791028.00 8387049.05  4.60%  3479 63667s
 76924 45496 8717089.32  116  796 8791028.00 8387358.48  4.59%  3476 63968s
 77287 45838 8732373.82   92  937 8791028.00 8387393.90  4.59%  3479 64221s
 77775 46124 8492198.68   56  970 8791028.00 8387623.98  4.59%  3478 64468s
 78134 46431 8740190.73  112  978 8791028.00 8387859.87  4.59%  3480 64768s
 78488 46702 8539089.51   80  954 8791028.00 8387984.29  4.58%  3484 65056s
 78827 47057 8600122.58  118  858 8791028.00 8387984.29  4.58%  3490 65321s
 79312 47304 8661212.73  175  585 8791028.00 8388031.42  4.58%  3491 65587s
 79671 47532 8512361.92   89 1031 8791028.00 8388192.89  4.58%  3494 65850s
 80003 47850 8564183.42   77 1007 8791028.00 8388254.91  4.58%  3499 66100s
 80438 48146 8431313.43   37 1031 8791028.00 8388454.36  4.58%  3498 66356s
 80772 48519 8553024.02   97 1001 8791028.00 8388490.36  4.58%  3502 66649s
 81135 48519 8689613.80  122  864 8791028.00 8388490.36  4.58%  3500 66650s
 81235 48759 8740474.31  200  868 8791028.00 8388524.16  4.58%  3501 66903s
 81533 49000 8618509.69  105  895 8791028.00 8388683.49  4.58%  3505 67157s
 81862 49194 8461798.09   34 1089 8791028.00 8388683.49  4.58%  3512 67411s
 82116 49495     cutoff   51      8791028.00 8388683.49  4.58%  3520 67693s
 82549 49833 8435972.15   50  977 8791028.00 8388775.74  4.58%  3521 68003s
 83010 50212 8440952.52   67 1017 8791028.00 8388901.73  4.57%  3520 68287s
 83480 50407 8740930.90  107  964 8791028.00 8389271.31  4.57%  3520 68553s
 83768 50750 8629063.64   76  884 8791028.00 8389553.40  4.57%  3526 68959s
 84241 51142 8536117.99   79  982 8791028.00 8389728.02  4.56%  3527 69437s
 84722 51557 8579835.16  140  782 8791028.00 8389910.81  4.56%  3528 69802s
 85274 51972 8455795.11   46  998 8791028.00 8390034.59  4.56%  3526 70074s
 85729 52275 8654767.50   67  889 8791028.00 8390165.69  4.56%  3526 70347s
 86177 52549 8458703.03   86  924 8791028.00 8390233.79  4.56%  3526 70676s
 86539 52865 8589558.38   43  951 8791028.00 8390392.45  4.56%  3530 70953s
 86937 53339 8519204.11   95  979 8791028.00 8390412.20  4.56%  3533 71286s
 87489 53668 8770914.31  130  628 8791028.00 8390445.88  4.56%  3530 71564s
 88012 54339 8531068.48   94  788 8791028.00 8390645.06  4.55%  3529 71823s
 88843 54638 8632715.58   89  977 8791028.00 8390802.09  4.55%  3514 72064s
 89214 54981 8491829.00   56  954 8791028.00 8390863.40  4.55%  3515 72303s
 89628 55373 8582073.47   54 1047 8791028.00 8391084.04  4.55%  3514 72600s
 90076 55692 8617880.53   94 1077 8791028.00 8391152.65  4.55%  3511 72876s
 90479 55839 8451671.52   62  889 8791028.00 8391371.37  4.55%  3511 73129s
 90726 56113 8419640.04   49  956 8791028.00 8391533.44  4.54%  3516 73452s
 91044 56397     cutoff   86      8791028.00 8391929.09  4.54%  3519 73803s
 91424 56776 8731692.11  163  881 8791028.00 8392012.61  4.54%  3520 74071s
 91879 57042 8408224.83   34 1010 8791028.00 8392247.17  4.54%  3518 74387s
 92241 57400 8499781.22   90  952 8791028.00 8392432.99  4.53%  3521 74646s
 92671 57626     cutoff  122      8791028.00 8392499.94  4.53%  3521 74915s
 92933 57843 8677019.63  103  880 8791028.00 8392590.03  4.53%  3527 75187s
 93235 58127 8655959.79  131  861 8791028.00 8392591.05  4.53%  3534 75484s
 93617 58478 8500382.52   65  992 8791028.00 8392627.11  4.53%  3540 75814s
 94142 58833     cutoff  114      8791028.00 8392767.44  4.53%  3542 76127s
 94584 59181 8438267.43   49  998 8791028.00 8392911.67  4.53%  3543 76432s
 94999 59684 8457310.52   74  957 8791028.00 8393006.63  4.53%  3544 76725s
 95600 60095 8631155.21   61  892 8791028.00 8393124.83  4.53%  3540 77021s
 96051 60525 8644364.82  140  678 8791028.00 8393198.09  4.53%  3540 77310s
 96586 60883 8457947.71   76 1025 8791028.00 8393532.18  4.52%  3537 77658s
 97004 61189 8713438.49   71  814 8791028.00 8393590.27  4.52%  3538 77961s
 97386 61413 8457567.32   60  989 8791028.00 8393790.36  4.52%  3539 78237s
 97701 61800 8458798.07   35 1122 8791028.00 8393941.20  4.52%  3543 78508s
 98142 62066 8498862.56   91 1039 8791028.00 8394013.35  4.52%  3544 78803s
 98487 62319     cutoff   93      8791028.00 8394093.93  4.52%  3548 79101s
 98863 62570 infeasible  116      8791028.00 8394144.34  4.51%  3550 79393s
 99176 62767 8568679.20   93  947 8791028.00 8394222.27  4.51%  3555 79692s
 99414 62985 8608007.88  126  844 8791028.00 8394222.27  4.51%  3563 80002s
 99734 63385 8653515.22  155  870 8791028.00 8394222.27  4.51%  3570 80377s
 100200 63738     cutoff  194      8791028.00 8394479.03  4.51%  3570 80677s
 100619 64173 8668541.46   79  884 8791028.00 8394724.26  4.51%  3571 81104s
 101158 64390 8785049.86  103  838 8791028.00 8394796.03  4.51%  3570 81389s
 101433 64688 8512278.43   83 1050 8791028.00 8394796.03  4.51%  3576 81681s
 101784 64975 8675027.64  162  930 8791028.00 8394968.64  4.51%  3581 81967s
 102153 65390 8557674.77   75  953 8791028.00 8395221.31  4.50%  3585 82376s
 102658 65928 8428759.95   66  969 8791028.00 8395318.77  4.50%  3585 82778s
 103260 66327 8634275.61   72  881 8791028.00 8395326.91  4.50%  3580 83186s
 103777 66726 8557039.59   64  935 8791028.00 8395540.42  4.50%  3579 83481s
 104254 67033 8541643.36  108  963 8791028.00 8395864.61  4.50%  3578 83763s
 104619 67563 8578918.69  102  979 8791028.00 8395906.77  4.49%  3580 84054s
 105248 67822 8622020.63   78  799 8791028.00 8396002.01  4.49%  3575 84311s
 105605 68126 8757196.81  103  930 8791028.00 8396081.02  4.49%  3576 84668s
 105984 68294 infeasible   65      8791028.00 8396400.30  4.49%  3576 84917s
 106316 68614 8523522.90   95 1083 8791028.00 8396582.20  4.49%  3579 85188s
 106712 69018 8776792.92   53  933 8791028.00 8396640.47  4.49%  3580 85455s
 107156 69320 8725944.94  157  800 8791028.00 8396751.47  4.48%  3580 85724s
 107528 69596 8605295.17   91  911 8791028.00 8396799.99  4.48%  3583 86098s
 107925 69899 8678969.12  130  830 8791028.00 8396830.98  4.48%  3586 86371s

Cutting planes:
  Gomory: 31
  Cover: 44
  Implied bound: 465
  Projected implied bound: 32
  Clique: 4
  MIR: 1124
  StrongCG: 1
  Flow cover: 3508
  GUB cover: 4
  Inf proof: 1
  Zero half: 58
  RLT: 253
  Relax-and-lift: 596

Explored 108424 nodes (389202109 simplex iterations) in 86371.31 seconds (135047.58 work units)
Thread count was 4 (of 128 available processors)

Solution count 7: 8.79103e+06 8.79323e+06 8.799e+06 ... 8.9005e+06

Time limit reached
Best objective 8.791028000000e+06, best bound 8.396903657430e+06, gap 4.4833%

Solving took 	23:59:31.309
####################################################################################################
####################################################################################################
####################################################################################################
Reached timelimit, but could find a feasible solution
####################################################################################################
Description                         Value
----------------------------  -----------
Objective (min)               8,791,028.0
Cost sailing                  5,129,613.0
Cost port visits              4,998,357.0
Cost transshipment (demands)     65,410.0
Cost transshipment (empties)    148,389.0
Penalty delayed demands         186,762.0
Revenue Empties               1,972,083.0
Penalty rejected demands        234,580.0
Rejected demands (%)                 0.57
Omitted ports (%)                   22.73
Gap (%)                              4.48
####################################################################################################
Export solution
####################################################################################################
Overall time 	23:59:32.211

real	1439m34.117s
user	4955m37.936s
sys	1m0.742s
finished at Sat Mar 18 12:18:24 CET 2023
