cpu-bind=MASK - n2lcn0129, task  0  0 [743057]: mask |--------|--------||--------|--------||--------|--------||---BBBB-|--------||||--------|--------||--------|--------||--------|--------||--------|--------|  set
started at Fri Mar 17 12:18:52 CET 2023
Timecheck 10015678.618062297
Set parameter TokenServer to value "license3.uni-paderborn.de"
Warning: Gurobi version mismatch between Python 10.0.1 and C library 10.0.0
Timecheck 10015678.633609932
Timecheck 10015678.633821432
Timecheck 10015678.633851532
Timecheck 10015678.633872231


####################################################################################################
Solve scenario sce_4_26_3 with free vessel operation using the arc flow model
Vessels can omit ports, Demands can be rejected
####################################################################################################
Data preprocessing, load /upb/departments/pc2/groups/hpc-prf-winf4/dwetzel/SILSRP/inst_final/sce_4_26_3
and create additional sets and parameters
	|- Read vessel information, number of vessels:	6
	|- Read node information, number of nodes:		397
	|- Read arc information
		|- Number of sailing arcs:			1631
		|- Number of transshipment arcs:	578
	|- Read container information
		|- Number of demands:		657
		|- Number of empties (+/-):	158/165
	|- Create additional sets and parameters

Data preprocessing took 	00:00:00.269
####################################################################################################
Create linear model
Set parameter Threads to value 4
	|- Create variables, took	00:00:00.313
	|- Create objective, took	00:00:00.286
	|- Create constraints, took	00:00:01.183
	|- Load heuristic start

Creating model took	00:00:01.909
####################################################################################################
Fix start solution

Set parameter TimeLimit to value 8.5052138174848631e+04
Gurobi Optimizer version 10.0.0 build v10.0.0rc2 (linux64)

CPU model: AMD EPYC 7763 64-Core Processor, instruction set [SSE2|AVX|AVX2]
Thread count: 128 physical cores, 128 logical processors, using up to 4 threads

Optimize a model with 25722 rows, 91436 columns and 315048 nonzeros
Model fingerprint: 0xa8841539
Variable types: 80603 continuous, 10833 integer (10833 binary)
Coefficient statistics:
  Matrix range     [1e+00, 3e+05]
  Objective range  [1e+00, 1e+00]
  Bounds range     [1e+00, 4e+02]
  RHS range        [1e+00, 3e+07]
Found heuristic solution: objective 4.559066e+07
Presolve removed 24088 rows and 88098 columns
Presolve time: 0.17s
Presolved: 1634 rows, 3338 columns, 10849 nonzeros
Found heuristic solution: objective 1.344446e+07
Variable types: 2912 continuous, 426 integer (425 binary)

Root relaxation: objective 9.717323e+06, 468 iterations, 0.00 seconds (0.00 work units)

    Nodes    |    Current Node    |     Objective Bounds      |     Work
 Expl Unexpl |  Obj  Depth IntInf | Incumbent    BestBd   Gap | It/Node Time

*    0     0               0    9717323.0000 9717323.00  0.00%     -    0s

Explored 1 nodes (468 simplex iterations) in 0.20 seconds (0.19 work units)
Thread count was 4 (of 128 available processors)

Solution count 3: 9.71732e+06 1.34445e+07 4.55907e+07 

Optimal solution found (tolerance 1.00e-04)
Best objective 9.717323000000e+06, best bound 9.717323000000e+06, gap 0.0000%

Fixing start solution took	00:00:02.157
####################################################################################################
####################################################################################################
Solve optimization model

Set parameter TimeLimit to value 8.5051921465732157e+04
Gurobi Optimizer version 10.0.0 build v10.0.0rc2 (linux64)

CPU model: AMD EPYC 7763 64-Core Processor, instruction set [SSE2|AVX|AVX2]
Thread count: 128 physical cores, 128 logical processors, using up to 4 threads

Optimize a model with 25434 rows, 91436 columns and 314760 nonzeros
Model fingerprint: 0x3f3fd3a3
Variable types: 80603 continuous, 10833 integer (10833 binary)
Coefficient statistics:
  Matrix range     [1e+00, 3e+05]
  Objective range  [1e+00, 1e+00]
  Bounds range     [1e+00, 4e+02]
  RHS range        [1e+00, 3e+07]

MIP start from previous solve produced solution with objective 9.71732e+06 (0.15s)
Loaded MIP start from previous solve with objective 9.71732e+06

Presolve removed 2570 rows and 2392 columns
Presolve time: 0.45s
Presolved: 22864 rows, 89044 columns, 264243 nonzeros
Variable types: 78947 continuous, 10097 integer (10097 binary)
Deterministic concurrent LP optimizer: primal and dual simplex
Showing first log only...


Root simplex log...

Iteration    Objective       Primal Inf.    Dual Inf.      Time
   43387    1.1051821e+07   0.000000e+00   3.075873e+07      5s
   68381    9.2059385e+06   0.000000e+00   1.658668e+09     10s
   90494    8.6015599e+06   0.000000e+00   2.262896e+07     15s
  112748    8.2049729e+06   0.000000e+00   3.868623e+08     20s
  132989    7.9697051e+06   0.000000e+00   1.422652e+07     25s
  153236    7.7595303e+06   0.000000e+00   3.445580e+07     30s
  174214    7.6427034e+06   0.000000e+00   3.170546e+06     35s
  193350    7.5574235e+06   0.000000e+00   4.108552e+06     40s
  212120    7.4845537e+06   0.000000e+00   4.377176e+06     45s
  230704    7.4418209e+06   0.000000e+00   7.187471e+05     50s
  247829    7.4150376e+06   0.000000e+00   2.118881e+07     55s
  259058    7.4023066e+06   0.000000e+00   2.444564e+05     60s
  267791    7.3987570e+06   0.000000e+00   0.000000e+00     65s
Concurrent spin time: 0.63s

Solved with dual simplex

Root simplex log...

Iteration    Objective       Primal Inf.    Dual Inf.      Time
  127683    7.3987570e+06   0.000000e+00   0.000000e+00     65s

Root relaxation: objective 7.398757e+06, 127683 iterations, 64.80 seconds (49.72 work units)

    Nodes    |    Current Node    |     Objective Bounds      |     Work
 Expl Unexpl |  Obj  Depth IntInf | Incumbent    BestBd   Gap | It/Node Time

     0     0 7398757.01    0 1763 9717323.00 7398757.01  23.9%     -   67s
H    0     0                    9696134.0000 7398757.01  23.7%     -   67s
     0     0 7712016.52    0 1908 9696134.00 7712016.52  20.5%     -  201s
     0     0 7762871.02    0 1977 9696134.00 7762871.02  19.9%     -  298s
     0     0 7783301.98    0 1996 9696134.00 7783301.98  19.7%     -  348s
     0     0 7787153.97    0 1952 9696134.00 7787153.97  19.7%     -  364s
     0     0 7787153.97    0 1981 9696134.00 7787153.97  19.7%     -  370s
     0     0 7788078.18    0 1998 9696134.00 7788078.18  19.7%     -  379s
     0     0 7788372.50    0 2015 9696134.00 7788372.50  19.7%     -  382s
     0     0 7916580.92    0 2084 9696134.00 7916580.92  18.4%     -  556s
     0     0 7967364.76    0 2139 9696134.00 7967364.76  17.8%     -  717s
     0     0 7967364.76    0 2134 9696134.00 7967364.76  17.8%     -  737s
     0     0 7983554.90    0 2162 9696134.00 7983554.90  17.7%     -  854s
     0     0 7988450.87    0 2152 9696134.00 7988450.87  17.6%     -  897s
     0     0 7988450.87    0 2170 9696134.00 7988450.87  17.6%     -  898s
     0     0 7989105.76    0 2180 9696134.00 7989105.76  17.6%     -  918s
     0     0 7989105.76    0 2182 9696134.00 7989105.76  17.6%     -  918s
     0     0 7989230.85    0 2170 9696134.00 7989230.85  17.6%     -  928s
     0     0 7989230.85    0 2215 9696134.00 7989230.85  17.6%     -  931s
     0     0 7989257.59    0 2192 9696134.00 7989257.59  17.6%     -  954s
     0     0 7989257.59    0 2160 9696134.00 7989257.59  17.6%     -  971s
     0     0 8062075.46    0 2119 9696134.00 8062075.46  16.9%     - 1209s
     0     0 8062075.49    0 2178 9696134.00 8062075.49  16.9%     - 1214s
     0     0 8062075.49    0 2131 9696134.00 8062075.49  16.9%     - 1219s
     0     0 8101611.92    0 2218 9696134.00 8101611.92  16.4%     - 1378s
     0     0 8101611.92    0 2210 9696134.00 8101611.92  16.4%     - 1378s
     0     0 8112605.41    0 2241 9696134.00 8112605.41  16.3%     - 1500s
     0     0 8112605.41    0 2230 9696134.00 8112605.41  16.3%     - 1521s
     0     0 8117412.29    0 2184 9696134.00 8117412.29  16.3%     - 1605s
     0     0 8117412.29    0 2214 9696134.00 8117412.29  16.3%     - 1609s
     0     0 8119420.85    0 2211 9696134.00 8119420.85  16.3%     - 1707s
     0     0 8119420.85    0 2177 9696134.00 8119420.85  16.3%     - 1729s
     0     0 8119923.86    0 2196 9696134.00 8119923.86  16.3%     - 1786s
     0     0 8119923.86    0 2200 9696134.00 8119923.86  16.3%     - 1787s
     0     0 8120625.65    0 2184 9696134.00 8120625.65  16.2%     - 1841s
     0     0 8120692.46    0 2195 9696134.00 8120692.46  16.2%     - 1845s
     0     0 8120692.46    0 2206 9696134.00 8120692.46  16.2%     - 1858s
     0     0 8157482.98    0 2183 9696134.00 8157482.98  15.9%     - 2115s
     0     0 8157482.98    0 2175 9696134.00 8157482.98  15.9%     - 2151s
     0     0 8176839.28    0 2229 9696134.00 8176839.28  15.7%     - 2425s
     0     0 8176839.28    0 2258 9696134.00 8176839.28  15.7%     - 2460s
     0     0 8184452.06    0 2245 9696134.00 8184452.06  15.6%     - 2752s
     0     0 8188472.28    0 2267 9696134.00 8188472.28  15.5%     - 2963s
     0     0 8188472.28    0 2242 9696134.00 8188472.28  15.5%     - 3001s
     0     0 8189599.83    0 2277 9696134.00 8189599.83  15.5%     - 3148s
     0     0 8189599.83    0 2256 9696134.00 8189599.83  15.5%     - 3170s
     0     0 8189880.95    0 2246 9696134.00 8189880.95  15.5%     - 3242s
     0     0 8189880.95    0 2301 9696134.00 8189880.95  15.5%     - 3245s
     0     0 8190022.17    0 2292 9696134.00 8190022.17  15.5%     - 3269s
     0     0 8190022.17    0 2254 9696134.00 8190022.17  15.5%     - 3272s
H    0     0                    9653157.0000 8224778.00  14.8%     - 3519s
     0     0 8224778.00    0 2284 9653157.00 8224778.00  14.8%     - 3556s
     0     0 8224778.00    0 2262 9653157.00 8224778.00  14.8%     - 3589s
     0     0 8241424.58    0 2348 9653157.00 8241424.58  14.6%     - 4269s
H    0     0                    9641097.0000 8246650.68  14.5%     - 4436s
     0     0 8246650.68    0 2306 9641097.00 8246650.68  14.5%     - 4485s
     0     0 8246650.68    0 2279 9641097.00 8246650.68  14.5%     - 4533s
     0     0 8248972.73    0 2279 9641097.00 8248972.73  14.4%     - 4696s
     0     0 8248972.73    0 2295 9641097.00 8248972.73  14.4%     - 4698s
     0     0 8250040.74    0 2296 9641097.00 8250040.74  14.4%     - 4772s
     0     0 8250040.74    0 2284 9641097.00 8250040.74  14.4%     - 4774s
     0     0 8250642.48    0 2296 9641097.00 8250642.48  14.4%     - 4816s
     0     0 8250642.48    0 2286 9641097.00 8250642.48  14.4%     - 4880s
H    0     0                    9631720.0000 8250932.51  14.3%     - 4941s
     0     0 8250932.51    0 2311 9631720.00 8250932.51  14.3%     - 4988s
     0     0 8250932.51    0 2350 9631720.00 8250932.51  14.3%     - 5040s
     0     0 8279928.34    0 2239 9631720.00 8279928.34  14.0%     - 5628s
     0     0 8279928.34    0 2292 9631720.00 8279928.34  14.0%     - 5674s
     0     0 8288106.04    0 2282 9631720.00 8288106.04  13.9%     - 6106s
     0     0 8288106.04    0 2241 9631720.00 8288106.04  13.9%     - 6157s
     0     0 8290987.47    0 2301 9631720.00 8290987.47  13.9%     - 6534s
     0     0 8290987.47    0 2210 9631720.00 8290987.47  13.9%     - 6567s
     0     0 8292890.52    0 2284 9631720.00 8292890.52  13.9%     - 6873s
     0     0 8293638.69    0 2266 9631720.00 8293638.69  13.9%     - 7092s
     0     0 8293638.69    0 2292 9631720.00 8293638.69  13.9%     - 7095s
     0     0 8293952.49    0 2371 9631720.00 8293952.49  13.9%     - 7160s
     0     0 8293952.49    0 2349 9631720.00 8293952.49  13.9%     - 7163s
     0     0 8321032.38    0 2248 9631720.00 8321032.38  13.6%     - 7840s
     0     0 8321032.38    0 2246 9631720.00 8321032.38  13.6%     - 7842s
     0     0 8332517.53    0 2257 9631720.00 8332517.53  13.5%     - 8391s
     0     0 8332517.53    0 2269 9631720.00 8332517.53  13.5%     - 8398s
     0     0 8336597.50    0 2260 9631720.00 8336597.50  13.4%     - 8848s
     0     0 8336597.50    0 2248 9631720.00 8336597.50  13.4%     - 8906s
     0     0 8337887.05    0 2305 9631720.00 8337887.05  13.4%     - 9167s
     0     0 8337887.05    0 2300 9631720.00 8337887.05  13.4%     - 9242s
     0     0 8338491.04    0 2319 9631720.00 8338491.04  13.4%     - 9630s
     0     0 8338491.04    0 2335 9631720.00 8338491.04  13.4%     - 9664s
H    0     0                    9628438.0000 8338872.60  13.4%     - 9796s
     0     0 8338872.60    0 2327 9628438.00 8338872.60  13.4%     - 9962s
     0     0 8359785.40    0 2292 9628438.00 8359785.40  13.2%     - 10694s
     0     0 8359785.40    0 2278 9628438.00 8359785.40  13.2%     - 10753s
     0     0 8371084.63    0 2360 9628438.00 8371084.63  13.1%     - 11185s
     0     0 8376493.83    0 2324 9628438.00 8376493.83  13.0%     - 11619s
     0     0 8382486.69    0 2376 9628438.00 8382486.69  12.9%     - 11776s
     0     0 8382486.69    0 2378 9628438.00 8382486.69  12.9%     - 11820s
     0     0 8383152.71    0 2328 9628438.00 8383152.71  12.9%     - 11884s
     0     0 8383152.71    0 2360 9628438.00 8383152.71  12.9%     - 11931s
     0     0 8383577.82    0 2362 9628438.00 8383577.82  12.9%     - 12072s
     0     0 8383577.82    0 2345 9628438.00 8383577.82  12.9%     - 12106s
     0     0 8397898.93    0 2274 9628438.00 8397898.93  12.8%     - 12745s
     0     0 8397898.93    0 2293 9628438.00 8397898.93  12.8%     - 12804s
     0     0 8405554.21    0 2286 9628438.00 8405554.21  12.7%     - 13451s
     0     0 8405554.21    0 2260 9628438.00 8405554.21  12.7%     - 13500s
     0     0 8408819.54    0 2225 9628438.00 8408819.54  12.7%     - 14116s
     0     0 8409821.52    0 2322 9628438.00 8409821.52  12.7%     - 14270s
     0     0 8410281.05    0 2345 9628438.00 8410281.05  12.7%     - 14409s
     0     0 8410281.05    0 2291 9628438.00 8410281.05  12.7%     - 14428s
     0     0 8424807.43    0 2337 9628438.00 8424807.43  12.5%     - 15086s
     0     0 8424807.43    0 2324 9628438.00 8424807.43  12.5%     - 15123s
     0     0 8429066.66    0 2264 9628438.00 8429066.66  12.5%     - 15439s
     0     0 8429066.66    0 2265 9628438.00 8429066.66  12.5%     - 15440s
     0     0 8430255.96    0 2241 9628438.00 8430255.96  12.4%     - 15658s
     0     0 8430825.27    0 2274 9628438.00 8430825.27  12.4%     - 15740s
     0     0 8430825.27    0 2207 9628438.00 8430825.27  12.4%     - 15779s
     0     0 8431143.57    0 2254 9628438.00 8431143.57  12.4%     - 15831s
     0     0 8436506.22    0 2280 9628438.00 8436506.22  12.4%     - 16112s
     0     0 8436506.22    0 2239 9628438.00 8436506.22  12.4%     - 16162s
     0     0 8438954.75    0 2262 9628438.00 8438954.75  12.4%     - 16319s
     0     0 8438954.75    0 2281 9628438.00 8438954.75  12.4%     - 16322s
     0     0 8439853.26    0 2260 9628438.00 8439853.26  12.3%     - 16491s
     0     0 8439853.26    0 2294 9628438.00 8439853.26  12.3%     - 16494s
     0     0 8440311.59    0 2216 9628438.00 8440311.59  12.3%     - 16644s
     0     0 8440311.59    0 2212 9628438.00 8440311.59  12.3%     - 16698s
     0     0 8443781.24    0 2142 9628438.00 8443781.24  12.3%     - 16894s
     0     0 8446065.32    0 2212 9628438.00 8446065.32  12.3%     - 17080s
     0     0 8446065.32    0 2180 9628438.00 8446065.32  12.3%     - 17154s
     0     0 8446998.56    0 2169 9628438.00 8446998.56  12.3%     - 17392s
     0     0 8447456.72    0 2225 9628438.00 8447456.72  12.3%     - 17477s
     0     0 8447456.72    0 2285 9628438.00 8447456.72  12.3%     - 17482s
     0     0 8453041.85    0 2203 9628438.00 8453041.85  12.2%     - 17755s
     0     0 8453041.85    0 2234 9628438.00 8453041.85  12.2%     - 17841s
     0     0 8454181.14    0 2168 9628438.00 8454181.14  12.2%     - 17952s
     0     0 8454181.14    0 2159 9628438.00 8454181.14  12.2%     - 18018s
     0     0 8454786.62    0 2173 9628438.00 8454786.62  12.2%     - 18108s
     0     0 8455108.03    0 2177 9628438.00 8455108.03  12.2%     - 18174s
     0     0 8458075.12    0 2197 9628438.00 8458075.12  12.2%     - 18336s
     0     0 8458075.12    0 2153 9628438.00 8458075.12  12.2%     - 18381s
     0     0 8458075.12    0 2146 9628438.00 8458075.12  12.2%     - 18485s
     0     2 8458075.12    0 2120 9628438.00 8458075.12  12.2%     - 19114s
     1     4 8459933.35    1 2114 9628438.00 8458094.54  12.2% 42899 19300s
     3     8 8461286.80    2 2054 9628438.00 8459935.35  12.1% 40298 19780s
     7    12 8463820.36    3 2136 9628438.00 8461303.14  12.1% 67134 20337s
    11    16 8466774.94    3 2147 9628438.00 8463820.38  12.1% 71126 21016s
    15    20 8469959.34    4 2085 9628438.00 8463821.59  12.1% 65592 21086s
    19    24 8474238.41    4 2124 9628438.00 8466807.21  12.1% 64633 21147s
    23    28 8485697.93    5 2073 9628438.00 8466807.21  12.1% 63458 21624s
    27    32 8493355.13    5 2070 9628438.00 8466807.21  12.1% 63204 22038s
    31    38 8487917.38    6 2102 9628438.00 8466807.21  12.1% 59063 22238s
    37    42 8491238.14    7 2097 9628438.00 8466807.21  12.1% 54251 22445s
    41    48 8492563.38    8 2099 9628438.00 8466807.21  12.1% 52165 22555s
    47    55 8497486.87    8 2079 9628438.00 8466807.21  12.1% 48862 22857s
    54    60 8498803.47    9 2091 9628438.00 8466807.21  12.1% 45093 22979s
    59    65 8505342.35    9 2053 9628438.00 8466807.21  12.1% 45712 23436s
    64    70 8510784.73   10 2068 9628438.00 8466807.21  12.1% 44974 23896s
    69    77 8500662.10   10 2146 9628438.00 8466807.21  12.1% 44436 24043s
    76    82 8518066.79   11 2077 9628438.00 8466807.21  12.1% 43711 24579s
    81    90 8542865.89   12 2076 9628438.00 8466807.21  12.1% 42573 24755s
    89    95 8503022.09   13 2083 9628438.00 8466807.21  12.1% 41828 25124s
    94   107 8503683.64   15 2104 9628438.00 8466807.21  12.1% 42127 25472s
   106   112 8532829.27   19 2029 9628438.00 8466807.21  12.1% 40530 26492s
   111   126 8508084.46   20 2045 9628438.00 8466807.21  12.1% 41170 26714s
   125   136 8514062.94   25 2010 9628438.00 8466807.21  12.1% 38546 27258s
   135   145 8545400.27   27 2054 9628438.00 8466807.21  12.1% 39203 28012s
   144   154 8529688.20   28 2023 9628438.00 8466807.21  12.1% 38687 28371s
   153   160 8537705.49   29 2015 9628438.00 8466807.21  12.1% 39128 28929s
   159   175 8547065.51   29 2010 9628438.00 8466807.21  12.1% 39321 29291s
   174   195 8541824.61   31 1996 9628438.00 8466807.21  12.1% 38135 31805s
   194   202 8581653.21   35 2042 9628438.00 8466807.21  12.1% 41530 32482s
   201   229 8559175.30   36 2055 9628438.00 8466807.21  12.1% 41260 33090s
   228   243 8564507.61   46 2042 9628438.00 8466807.21  12.1% 38402 33744s
   242   258 8565556.09   47 2002 9628438.00 8466807.21  12.1% 38032 34892s
   257   270 8567422.24   50 2084 9628438.00 8466807.21  12.1% 37813 39007s
   269   299 8568681.08   52 2043 9628438.00 8466807.21  12.1% 38940 39520s
   298   318 8636377.33   63 2055 9628438.00 8466807.21  12.1% 37215 40422s
   317   346 8648631.65   64 2105 9628438.00 8466807.21  12.1% 36486 42710s
   345   376 8595588.68   69 2065 9628438.00 8466807.21  12.1% 36717 44265s
   375   397 8610015.59   81 2083 9628438.00 8466807.21  12.1% 35143 45023s
   396   437 8615778.14   85 2086 9628438.00 8466807.21  12.1% 34103 46004s
   436   472 8629790.13   94 2067 9628438.00 8466807.21  12.1% 32392 53015s
   471   508 8635774.80   98 2053 9628438.00 8466807.21  12.1% 33417 54100s
   507   562 8646475.76  104 2099 9628438.00 8466807.21  12.1% 32518 55131s
   561   589 8665469.78  121 2050 9628438.00 8466807.21  12.1% 30635 56368s
   588   629 8746011.14  127 1965 9628438.00 8466807.21  12.1% 30385 57387s
   628   671 8838277.30  133 1927 9628438.00 8466807.21  12.1% 29689 58332s
   670   701 8838845.57  144 1886 9628438.00 8466807.21  12.1% 28890 59406s
   700   733 8824602.65  150 1888 9628438.00 8466807.21  12.1% 28572 61744s
   732   787 8851283.87  156 1898 9628438.00 8466807.21  12.1% 28267 62948s
   786   798 8892434.21  168 1824 9628438.00 8466807.21  12.1% 27589 64591s
   797   846 8886897.54  169 1866 9628438.00 8466807.21  12.1% 27569 65666s
   845   881 8894947.20  181 1892 9628438.00 8466807.21  12.1% 27004 66718s
   880   928 8905289.83  196 1906 9628438.00 8466807.21  12.1% 26591 67877s
   927   950 8954928.37  208 1846 9628438.00 8466807.21  12.1% 26321 71657s
   949   981 9040363.74  216 1767 9628438.00 8466807.21  12.1% 26713 73043s
   980  1009 9003975.23  223 1845 9628438.00 8466807.21  12.1% 26997 74408s
  1008  1052 9007789.85  225 1835 9628438.00 8466807.21  12.1% 26800 77082s
  1051  1104 9063975.40  244 1796 9628438.00 8466807.21  12.1% 26969 78587s
  1103  1138 9157926.60  256 1703 9628438.00 8466807.21  12.1% 26850 79759s
  1137  1190 9166236.69  261 1727 9628438.00 8466807.21  12.1% 26748 82572s
  1189  1239 9167614.26  263 1793 9628438.00 8466807.21  12.1% 27076 84023s
  1238  1300 9182966.43  277 1788 9628438.00 8466807.21  12.1% 26851 85051s

Cutting planes:
  Gomory: 6
  Cover: 2
  Implied bound: 714
  Clique: 4
  MIR: 603
  StrongCG: 13
  Flow cover: 4087
  Zero half: 4
  Network: 1
  RLT: 677
  Relax-and-lift: 893

Explored 1299 nodes (37537097 simplex iterations) in 85051.98 seconds (76185.98 work units)
Thread count was 4 (of 128 available processors)

Solution count 6: 9.62844e+06 9.63172e+06 9.6411e+06 ... 9.71732e+06

Time limit reached
Best objective 9.628438000000e+06, best bound 8.466807214797e+06, gap 12.0646%

Solving took 	23:37:31.978
####################################################################################################
####################################################################################################
####################################################################################################
Reached timelimit, but could find a feasible solution
####################################################################################################
Description                         Value
----------------------------  -----------
Objective (min)               9,628,438.0
Cost sailing                  5,641,425.0
Cost port visits              5,630,102.0
Cost transshipment (demands)    189,398.0
Cost transshipment (empties)     70,185.0
Penalty delayed demands         362,372.0
Revenue Empties               2,553,274.0
Penalty rejected demands        288,230.0
Rejected demands (%)                  0.8
Omitted ports (%)                   27.69
Gap (%)                             12.06
####################################################################################################
Export solution
####################################################################################################
Overall time 	23:37:34.561

real	1417m35.267s
user	3422m17.328s
sys	0m32.143s
finished at Sat Mar 18 11:56:27 CET 2023
