cpu-bind=MASK - n2lcn0125, task  0  0 [3857145]: mask |--------|--------||--------|--------||--------|--------||BBBB----|--------||||--------|--------||--------|--------||--------|--------||--------|--------|  set
started at Thu Mar 16 14:58:12 CET 2023
Timecheck 9936649.777266173
Set parameter TokenServer to value "license3.uni-paderborn.de"
Warning: Gurobi version mismatch between Python 10.0.1 and C library 10.0.0
Timecheck 9936649.784522496
Timecheck 9936649.784739116
Timecheck 9936649.784771807
Timecheck 9936649.784792367


####################################################################################################
Solve scenario sce_3_26_3 with free vessel operation using the arc flow model
Vessels cannot omit ports, Demands can be rejected
####################################################################################################
Data preprocessing, load /upb/departments/pc2/groups/hpc-prf-winf4/dwetzel/SILSRP/inst_final/sce_3_26_3
and create additional sets and parameters
	|- Read vessel information, number of vessels:	10
	|- Read node information, number of nodes:		373
	|- Read arc information
		|- Number of sailing arcs:			1531
		|- Number of transshipment arcs:	724
	|- Read container information
		|- Number of demands:		740
		|- Number of empties (+/-):	159/156
	|- Create additional sets and parameters

Data preprocessing took 	00:00:00.258
####################################################################################################
Create linear model
Set parameter Threads to value 4
	|- Create variables, took	00:00:00.290
	|- Create objective, took	00:00:00.260
	|- Create constraints, took	00:00:01.160
	|- Load CVO start

Creating model took	00:00:01.717
####################################################################################################
Fix start solution

Set parameter TimeLimit to value 8.6398254556788132e+04
Gurobi Optimizer version 10.0.0 build v10.0.0rc2 (linux64)

CPU model: AMD EPYC 7763 64-Core Processor, instruction set [SSE2|AVX|AVX2]
Thread count: 128 physical cores, 128 logical processors, using up to 4 threads

Optimize a model with 24502 rows, 83492 columns and 306572 nonzeros
Model fingerprint: 0x85318e36
Variable types: 67080 continuous, 16412 integer (16412 binary)
Coefficient statistics:
  Matrix range     [1e+00, 1e+06]
  Objective range  [1e+00, 1e+00]
  Bounds range     [1e+00, 2e+03]
  RHS range        [1e+00, 2e+08]
Presolve removed 22081 rows and 77558 columns
Presolve time: 0.17s
Presolved: 2421 rows, 5934 columns, 18432 nonzeros
Variable types: 5304 continuous, 630 integer (630 binary)
Found heuristic solution: objective 3.739243e+07

Root relaxation: objective 2.424449e+07, 1008 iterations, 0.01 seconds (0.01 work units)

    Nodes    |    Current Node    |     Objective Bounds      |     Work
 Expl Unexpl |  Obj  Depth IntInf | Incumbent    BestBd   Gap | It/Node Time

*    0     0               0    2.424449e+07 2.4244e+07  0.00%     -    0s

Explored 1 nodes (1008 simplex iterations) in 0.27 seconds (0.25 work units)
Thread count was 4 (of 128 available processors)

Solution count 2: 2.42445e+07 3.73924e+07 

Optimal solution found (tolerance 1.00e-04)
Best objective 2.424448633333e+07, best bound 2.424448633333e+07, gap 0.0000%

Fixing start solution took	00:00:02.019
####################################################################################################
####################################################################################################
Solve optimization model

Set parameter TimeLimit to value 8.6397980750352144e+04
Gurobi Optimizer version 10.0.0 build v10.0.0rc2 (linux64)

CPU model: AMD EPYC 7763 64-Core Processor, instruction set [SSE2|AVX|AVX2]
Thread count: 128 physical cores, 128 logical processors, using up to 4 threads

Optimize a model with 24130 rows, 83492 columns and 306200 nonzeros
Model fingerprint: 0x95bd8229
Variable types: 67080 continuous, 16412 integer (16412 binary)
Coefficient statistics:
  Matrix range     [1e+00, 1e+06]
  Objective range  [1e+00, 1e+00]
  Bounds range     [1e+00, 2e+03]
  RHS range        [1e+00, 2e+08]

MIP start from previous solve produced solution with objective 2.42445e+07 (0.16s)
MIP start from previous solve produced solution with objective 2.42445e+07 (0.16s)
Loaded MIP start from previous solve with objective 2.42445e+07

Presolve removed 5308 rows and 9315 columns
Presolve time: 0.78s
Presolved: 18822 rows, 74177 columns, 219684 nonzeros
Variable types: 59836 continuous, 14341 integer (14341 binary)
Deterministic concurrent LP optimizer: primal and dual simplex
Showing first log only...


Root simplex log...

Iteration    Objective       Primal Inf.    Dual Inf.      Time
   36372    1.8555695e+08   2.607680e+02   8.071445e+09      5s
   62181    1.8548531e+08   4.202652e+01   4.246050e+09     10s
   78369    1.8546718e+08   8.989917e+00   3.222912e+08     15s
   88065    5.1966846e+07   0.000000e+00   5.658830e+07     18s
   95620    1.8644599e+07   0.000000e+00   2.635042e+08     20s
  111097    1.7050426e+07   0.000000e+00   1.833428e+07     25s
  125731    1.6051887e+07   0.000000e+00   3.353929e+07     30s
  140199    1.5265019e+07   0.000000e+00   1.841291e+07     35s
  154485    1.4783680e+07   0.000000e+00   2.349948e+07     40s
  168270    1.4483281e+07   0.000000e+00   1.153657e+07     45s
  182391    1.4303078e+07   0.000000e+00   4.275844e+06     50s
  196339    1.4140459e+07   0.000000e+00   6.177034e+06     55s
  210453    1.4016404e+07   0.000000e+00   2.356511e+08     60s
  224065    1.3921214e+07   0.000000e+00   9.821248e+06     65s
  238180    1.3858233e+07   0.000000e+00   3.426787e+06     70s
  249940    1.3819741e+07   0.000000e+00   1.476814e+06     75s
Concurrent spin time: 0.00s

Solved with dual simplex

Root simplex log...

Iteration    Objective       Primal Inf.    Dual Inf.      Time
   94723    1.3767572e+07   0.000000e+00   0.000000e+00     75s

Root relaxation: objective 1.376757e+07, 94723 iterations, 74.16 seconds (49.51 work units)

    Nodes    |    Current Node    |     Objective Bounds      |     Work
 Expl Unexpl |  Obj  Depth IntInf | Incumbent    BestBd   Gap | It/Node Time

     0     0 1.3768e+07    0 2622 2.4244e+07 1.3768e+07  43.2%     -   76s
     0     0 1.4480e+07    0 2642 2.4244e+07 1.4480e+07  40.3%     -  164s
     0     0 1.4582e+07    0 2695 2.4244e+07 1.4582e+07  39.9%     -  235s
     0     0 1.4598e+07    0 2741 2.4244e+07 1.4598e+07  39.8%     -  255s
     0     0 1.4601e+07    0 2673 2.4244e+07 1.4601e+07  39.8%     -  266s
     0     0 1.4601e+07    0 2672 2.4244e+07 1.4601e+07  39.8%     -  268s
     0     0 1.4818e+07    0 2805 2.4244e+07 1.4818e+07  38.9%     -  400s
     0     0 1.4928e+07    0 2843 2.4244e+07 1.4928e+07  38.4%     -  532s
     0     0 1.4966e+07    0 2813 2.4244e+07 1.4966e+07  38.3%     -  618s
     0     0 1.4975e+07    0 2821 2.4244e+07 1.4975e+07  38.2%     -  653s
     0     0 1.4978e+07    0 2814 2.4244e+07 1.4978e+07  38.2%     -  680s
     0     0 1.4979e+07    0 2819 2.4244e+07 1.4979e+07  38.2%     -  693s
     0     0 1.4979e+07    0 2868 2.4244e+07 1.4979e+07  38.2%     -  697s
     0     0 1.5119e+07    0 2710 2.4244e+07 1.5119e+07  37.6%     -  851s
     0     0 1.5227e+07    0 2754 2.4244e+07 1.5227e+07  37.2%     -  997s
     0     0 1.5293e+07    0 2741 2.4244e+07 1.5293e+07  36.9%     - 1106s
     0     0 1.5313e+07    0 2828 2.4244e+07 1.5313e+07  36.8%     - 1163s
     0     0 1.5319e+07    0 2751 2.4244e+07 1.5319e+07  36.8%     - 1194s
     0     0 1.5323e+07    0 2769 2.4244e+07 1.5323e+07  36.8%     - 1223s
     0     0 1.5323e+07    0 2754 2.4244e+07 1.5323e+07  36.8%     - 1223s
     0     0 1.5324e+07    0 2775 2.4244e+07 1.5324e+07  36.8%     - 1234s
     0     0 1.5324e+07    0 2791 2.4244e+07 1.5324e+07  36.8%     - 1245s
     0     0 1.5324e+07    0 2788 2.4244e+07 1.5324e+07  36.8%     - 1280s
     0     0 1.5325e+07    0 2821 2.4244e+07 1.5325e+07  36.8%     - 1288s
     0     0 1.5413e+07    0 2747 2.4244e+07 1.5413e+07  36.4%     - 1410s
     0     0 1.5470e+07    0 2660 2.4244e+07 1.5470e+07  36.2%     - 1532s
     0     0 1.5483e+07    0 2689 2.4244e+07 1.5483e+07  36.1%     - 1605s
     0     0 1.5488e+07    0 2660 2.4244e+07 1.5488e+07  36.1%     - 1656s
     0     0 1.5488e+07    0 2660 2.4244e+07 1.5488e+07  36.1%     - 1656s
     0     0 1.5490e+07    0 2671 2.4244e+07 1.5490e+07  36.1%     - 1679s
     0     0 1.5491e+07    0 2674 2.4244e+07 1.5491e+07  36.1%     - 1691s
     0     0 1.5491e+07    0 2685 2.4244e+07 1.5491e+07  36.1%     - 1698s
     0     0 1.5491e+07    0 2733 2.4244e+07 1.5491e+07  36.1%     - 1741s
     0     0 1.5525e+07    0 2663 2.4244e+07 1.5525e+07  36.0%     - 1874s
     0     0 1.5525e+07    0 2701 2.4244e+07 1.5525e+07  36.0%     - 1934s
     0     0 1.5541e+07    0 2689 2.4244e+07 1.5541e+07  35.9%     - 2016s
     0     0 1.5541e+07    0 2690 2.4244e+07 1.5541e+07  35.9%     - 2020s
     0     0 1.5547e+07    0 2679 2.4244e+07 1.5547e+07  35.9%     - 2090s
     0     0 1.5549e+07    0 2702 2.4244e+07 1.5549e+07  35.9%     - 2119s
     0     0 1.5549e+07    0 2649 2.4244e+07 1.5549e+07  35.9%     - 2163s
     0     0 1.5550e+07    0 2720 2.4244e+07 1.5550e+07  35.9%     - 2181s
     0     0 1.5551e+07    0 2760 2.4244e+07 1.5551e+07  35.9%     - 2201s
     0     0 1.5551e+07    0 2770 2.4244e+07 1.5551e+07  35.9%     - 2201s
     0     0 1.5551e+07    0 2766 2.4244e+07 1.5551e+07  35.9%     - 2212s
H    0     0                    2.379278e+07 1.5580e+07  34.5%     - 2327s
     0     0 1.5580e+07    0 2677 2.3793e+07 1.5580e+07  34.5%     - 2327s
     0     0 1.5587e+07    0 2654 2.3793e+07 1.5587e+07  34.5%     - 2410s
     0     0 1.5587e+07    0 2650 2.3793e+07 1.5587e+07  34.5%     - 2410s
     0     0 1.5588e+07    0 2615 2.3793e+07 1.5588e+07  34.5%     - 2449s
     0     0 1.5588e+07    0 2637 2.3793e+07 1.5588e+07  34.5%     - 2456s
     0     0 1.5589e+07    0 2673 2.3793e+07 1.5589e+07  34.5%     - 2481s
     0     0 1.5590e+07    0 2653 2.3793e+07 1.5590e+07  34.5%     - 2502s
     0     0 1.5605e+07    0 2604 2.3793e+07 1.5605e+07  34.4%     - 2602s
     0     0 1.5612e+07    0 2642 2.3793e+07 1.5612e+07  34.4%     - 2671s
     0     0 1.5612e+07    0 2608 2.3793e+07 1.5612e+07  34.4%     - 2729s
     0     0 1.5614e+07    0 2641 2.3793e+07 1.5614e+07  34.4%     - 2794s
     0     0 1.5615e+07    0 2687 2.3793e+07 1.5615e+07  34.4%     - 2834s
     0     0 1.5615e+07    0 2704 2.3793e+07 1.5615e+07  34.4%     - 2839s
     0     0 1.5621e+07    0 2654 2.3793e+07 1.5621e+07  34.3%     - 2988s
     0     0 1.5625e+07    0 2648 2.3793e+07 1.5625e+07  34.3%     - 3112s
     0     0 1.5626e+07    0 2626 2.3793e+07 1.5626e+07  34.3%     - 3157s
     0     0 1.5626e+07    0 2661 2.3793e+07 1.5626e+07  34.3%     - 3159s
     0     0 1.5631e+07    0 2664 2.3793e+07 1.5631e+07  34.3%     - 3287s
     0     0 1.5631e+07    0 2660 2.3793e+07 1.5631e+07  34.3%     - 3287s
     0     2 1.5631e+07    0 2659 2.3793e+07 1.5631e+07  34.3%     - 3355s
     1     4 1.5670e+07    1 2568 2.3793e+07 1.5631e+07  34.3% 35957 3454s
     3     8 1.5673e+07    2 2583 2.3793e+07 1.5641e+07  34.3% 27648 3908s
     7    12 1.5823e+07    3 2534 2.3793e+07 1.5659e+07  34.2% 59648 4141s
    11    16 1.5683e+07    3 2590 2.3793e+07 1.5659e+07  34.2% 51650 4454s
    15    20 1.5696e+07    4 2513 2.3793e+07 1.5671e+07  34.1% 50366 4511s
    19    24 1.5832e+07    4 2559 2.3793e+07 1.5671e+07  34.1% 54510 4576s
    23    28 1.5719e+07    5 2534 2.3793e+07 1.5678e+07  34.1% 54890 4798s
    27    32 1.5785e+07    5 2529 2.3793e+07 1.5678e+07  34.1% 51154 4857s
    31    36 1.5732e+07    6 2504 2.3793e+07 1.5678e+07  34.1% 49820 5046s
    35    40 1.5755e+07    6 2491 2.3793e+07 1.5678e+07  34.1% 49046 5270s
    39    46 1.5741e+07    7 2491 2.3793e+07 1.5678e+07  34.1% 47907 5378s
    45    51 1.5772e+07    8 2405 2.3793e+07 1.5678e+07  34.1% 45762 5606s
    50    57 1.5785e+07    9 2336 2.3793e+07 1.5678e+07  34.1% 44429 5818s
    56    63 1.5807e+07    9 2318 2.3793e+07 1.5678e+07  34.1% 41677 5957s
    62    70 1.5794e+07   10 2306 2.3793e+07 1.5678e+07  34.1% 39708 6200s
    69    77 1.5799e+07   11 2342 2.3793e+07 1.5678e+07  34.1% 38586 6605s
    76    85 1.5816e+07   12 2316 2.3793e+07 1.5678e+07  34.1% 38440 6869s
    84    90 1.5830e+07   12 2334 2.3793e+07 1.5678e+07  34.1% 37322 7228s
H   89    96                    2.371083e+07 1.5678e+07  33.9% 37665 7570s
H   94    96                    2.315250e+07 1.5678e+07  32.3% 37580 7570s
    95   100 1.5914e+07   13 2338 2.3153e+07 1.5678e+07  32.3% 38210 7884s
    99   109 1.5921e+07   14 2279 2.3153e+07 1.5678e+07  32.3% 38068 8226s
   108   117 1.5922e+07   15 2324 2.3153e+07 1.5678e+07  32.3% 37107 8623s
   116   123 1.6029e+07   18 2228 2.3153e+07 1.5678e+07  32.3% 37217 9554s
H  122   136                    2.315196e+07 1.5678e+07  32.3% 37709 10033s
H  131   136                    2.315073e+07 1.5678e+07  32.3% 36541 10033s
   135   150 1.6223e+07   20 2218 2.3151e+07 1.5678e+07  32.3% 36526 10479s
   149   158 1.5981e+07   21 2180 2.3151e+07 1.5678e+07  32.3% 34782 10820s
   157   169 1.5983e+07   22 2235 2.3151e+07 1.5678e+07  32.3% 34508 11440s
   170   180 1.6060e+07   24 2150 2.3151e+07 1.5678e+07  32.3% 33991 11868s
   181   191 1.6219e+07   25 2035 2.3151e+07 1.5678e+07  32.3% 34042 12518s
   192   200 1.6116e+07   25 2130 2.3151e+07 1.5678e+07  32.3% 33418 13006s
   201   210 1.6157e+07   26 2096 2.3151e+07 1.5678e+07  32.3% 33133 13991s
   211   222 1.6157e+07   28 2051 2.3151e+07 1.5678e+07  32.3% 33157 14572s
   223   235 1.6157e+07   29 2063 2.3151e+07 1.5678e+07  32.3% 33116 15311s
H  232   235                    2.228923e+07 1.5678e+07  29.7% 33080 15311s
   236   254 1.6174e+07   31 2056 2.2289e+07 1.5678e+07  29.7% 33281 15917s
   255   272 1.6202e+07   35 1994 2.2289e+07 1.5678e+07  29.7% 32528 16585s
H  271   272                    2.214261e+07 1.5678e+07  29.2% 31916 16586s
   273   285 1.6307e+07   37 2060 2.2143e+07 1.5678e+07  29.2% 32010 17129s
   286   299 1.6441e+07   38 1880 2.2143e+07 1.5678e+07  29.2% 31823 17858s
   300   315 1.6276e+07   40 1979 2.2143e+07 1.5678e+07  29.2% 31638 18564s
H  305   315                    2.213412e+07 1.5678e+07  29.2% 31393 18564s
H  309   315                    2.212588e+07 1.5678e+07  29.1% 31371 18564s
H  313   315                    2.189173e+07 1.5678e+07  28.4% 31322 18564s
   316   338 1.6305e+07   42 1980 2.1892e+07 1.5678e+07  28.4% 31522 19478s
   339   364 1.6317e+07   46 1946 2.1892e+07 1.5678e+07  28.4% 31051 20221s
H  344   364                    2.183993e+07 1.5678e+07  28.2% 30901 20221s
H  365   382                    2.183503e+07 1.5678e+07  28.2% 30230 21167s
   383   406 1.6462e+07   51 1958 2.1835e+07 1.5678e+07  28.2% 30433 22374s
H  386   406                    2.142427e+07 1.5678e+07  26.8% 30415 22374s
H  392   406                    2.132520e+07 1.5678e+07  26.5% 30124 22374s
H  399   406                    2.126072e+07 1.5678e+07  26.3% 30204 22374s
   407   435 1.6533e+07   55 1884 2.1261e+07 1.5678e+07  26.3% 30326 23513s
   436   460 1.6581e+07   61 1925 2.1261e+07 1.5678e+07  26.3% 29921 24868s
H  443   460                    2.125538e+07 1.5678e+07  26.2% 29926 24868s
H  450   460                    2.114213e+07 1.5678e+07  25.8% 29840 24868s
H  457   460                    2.099064e+07 1.5678e+07  25.3% 29733 24868s
   461   490 1.6728e+07   66 1912 2.0991e+07 1.5678e+07  25.3% 29932 25933s
   491   521 1.6743e+07   71 1858 2.0991e+07 1.5678e+07  25.3% 29529 26978s
H  513   521                    2.078714e+07 1.5678e+07  24.6% 28973 26978s
H  526   565                    2.073405e+07 1.5678e+07  24.4% 28970 28339s
   570   607 1.7038e+07   86 1749 2.0734e+07 1.5678e+07  24.4% 28191 29303s
H  581   607                    2.070887e+07 1.5678e+07  24.3% 27986 29303s
H  612   657                    2.063799e+07 1.5678e+07  24.0% 27615 30454s
H  662   711                    2.053791e+07 1.5678e+07  23.7% 26915 31660s
   718   781 1.7225e+07  110 1712 2.0538e+07 1.5678e+07  23.7% 26093 32799s
H  732   781                    2.051334e+07 1.5678e+07  23.6% 25703 32799s
   790   869 1.7459e+07  127 1660 2.0513e+07 1.5678e+07  23.6% 25044 33812s
H  799   869                    2.050237e+07 1.5678e+07  23.5% 24847 33812s
H  831   869                    2.049157e+07 1.5678e+07  23.5% 24154 33812s
H  878   992                    2.046201e+07 1.5678e+07  23.4% 23618 34713s
H  924   992                    2.046083e+07 1.5678e+07  23.4% 22823 34713s
H  981   992                    2.045331e+07 1.5678e+07  23.3% 21809 34713s
H 1001  1105                    2.044848e+07 1.5678e+07  23.3% 21637 35580s
H 1007  1103                    2.033621e+07 1.5678e+07  22.9% 21547 35580s
  1130  1147 1.7673e+07  177 1430 2.0336e+07 1.5678e+07  22.9% 19958 36476s
H 1132  1136                    2.019609e+07 1.5678e+07  22.4% 19948 36476s
H 1137  1129                    2.010458e+07 1.5678e+07  22.0% 19903 36476s
H 1179  1127                    2.002004e+07 1.5678e+07  21.7% 19633 36476s
  1180  1227 1.7659e+07  184 1377 2.0020e+07 1.5678e+07  21.7% 19620 37487s
H 1201  1225                    2.001478e+07 1.5678e+07  21.7% 19372 37487s
H 1255  1221                    1.997054e+07 1.5678e+07  21.5% 18908 37487s
  1282  1376 1.7843e+07  221 1359 1.9971e+07 1.5678e+07  21.5% 18686 37971s
H 1304  1335                    1.957146e+07 1.5678e+07  19.9% 18469 37971s
  1445  1499 1.8145e+07  271 1113 1.9571e+07 1.5678e+07  19.9% 17383 38590s
  1621  1591 1.8382e+07  332  969 1.9571e+07 1.5678e+07  19.9% 16083 39157s
  1727  1644 1.8679e+07  397  845 1.9571e+07 1.5682e+07  19.9% 15557 40495s
  1801  1697 1.5849e+07    7 2331 1.9571e+07 1.5682e+07  19.9% 15495 41217s
  1855  1698 1.6560e+07   52 2660 1.9571e+07 1.5682e+07  19.9% 15425 41765s
  1857  1699 1.7928e+07  227 2654 1.9571e+07 1.5682e+07  19.9% 15409 41863s
  1858  1700 1.5773e+07   13 2544 1.9571e+07 1.5682e+07  19.9% 15400 41975s
  1859  1701 1.7200e+07  100 2765 1.9571e+07 1.5682e+07  19.9% 15392 42207s
  1860  1701 1.7188e+07   62 2658 1.9571e+07 1.5682e+07  19.9% 15384 42488s
  1861  1702 1.8766e+07  222 2610 1.9571e+07 1.5682e+07  19.9% 15376 42727s
  1862  1703 1.8944e+07  267 2601 1.9571e+07 1.5682e+07  19.9% 15367 42880s
  1863  1703 1.7199e+07   67 2711 1.9571e+07 1.5682e+07  19.9% 15359 43011s
  1864  1704 1.7361e+07   84 2574 1.9571e+07 1.5682e+07  19.9% 15351 43119s
  1865  1705 1.6187e+07   45 2627 1.9571e+07 1.5682e+07  19.9% 15343 43231s
  1866  1705 1.7031e+07   83 2608 1.9571e+07 1.5682e+07  19.9% 15334 43339s
  1867  1706 1.6359e+07   15 2641 1.9571e+07 1.5682e+07  19.9% 15326 43404s
  1868  1707 1.6138e+07   16 2644 1.9571e+07 1.5682e+07  19.9% 15318 43470s
  1869  1707 1.9527e+07  173 2735 1.9571e+07 1.5682e+07  19.9% 15310 43560s
  1870  1708 1.8406e+07  342 2695 1.9571e+07 1.5682e+07  19.9% 15302 43626s
  1871  1709 1.7134e+07   96 2666 1.9571e+07 1.5682e+07  19.9% 15293 43665s
  1872  1709 1.8104e+07  151 2690 1.9571e+07 1.5682e+07  19.9% 15285 43689s
  1873  1710 1.6350e+07   49 2705 1.9571e+07 1.5682e+07  19.9% 15277 43708s
  1874  1711 1.6985e+07   62 2668 1.9571e+07 1.5682e+07  19.9% 15269 43730s
  1875  1711 1.6056e+07   27 2564 1.9571e+07 1.5682e+07  19.9% 15261 43854s
  1876  1712 1.8135e+07  116 2556 1.9571e+07 1.5682e+07  19.9% 15253 43964s
  1877  1713 1.6659e+07   74 2636 1.9571e+07 1.5682e+07  19.9% 15245 44008s
  1878  1713 1.8031e+07  131 2602 1.9571e+07 1.5682e+07  19.9% 15236 44027s
  1879  1714 1.7388e+07   74 2535 1.9571e+07 1.5682e+07  19.9% 15228 44047s
  1880  1715 1.6912e+07   60 2543 1.9571e+07 1.5685e+07  19.9% 15220 44139s
  1881  1715 1.8421e+07  331 2460 1.9571e+07 1.5687e+07  19.8% 15212 44180s
  1882  1716 1.6307e+07   38 2477 1.9571e+07 1.5688e+07  19.8% 15204 44208s
  1883  1717 1.7953e+07  194 2509 1.9571e+07 1.5689e+07  19.8% 15196 44226s
  1884  1717 1.8470e+07  355 2476 1.9571e+07 1.5689e+07  19.8% 15188 44243s
  1885  1718 1.6366e+07   55 2574 1.9571e+07 1.5689e+07  19.8% 15180 44259s
  1886  1719 1.8516e+07  364 2528 1.9571e+07 1.5691e+07  19.8% 15172 44315s
  1887  1719 1.8036e+07  105 2550 1.9571e+07 1.5692e+07  19.8% 15164 44344s
  1888  1720 1.6659e+07   74 2535 1.9571e+07 1.5693e+07  19.8% 15156 44366s
  1889  1721 1.5926e+07    9 2546 1.9571e+07 1.5693e+07  19.8% 15148 44384s
  1890  1721 1.6316e+07   43 2514 1.9571e+07 1.5696e+07  19.8% 15140 44452s
  1891  1722 1.7772e+07   95 2488 1.9571e+07 1.5698e+07  19.8% 15132 44506s
  1892  1723 1.6728e+07   67 2513 1.9571e+07 1.5698e+07  19.8% 15124 44528s
  1893  1723 1.6728e+07   67 2528 1.9571e+07 1.5698e+07  19.8% 15116 44555s
  1894  1724 1.5761e+07    5 2446 1.9571e+07 1.5700e+07  19.8% 15108 44605s
  1895  1725 1.8553e+07  373 2464 1.9571e+07 1.5701e+07  19.8% 15100 44631s
  1896  1725 1.7578e+07  126 2500 1.9571e+07 1.5701e+07  19.8% 15092 44649s
  1897  1726 1.8837e+07  172 2515 1.9571e+07 1.5701e+07  19.8% 15084 44677s
  1898  1727 1.7718e+07  196 2520 1.9571e+07 1.5702e+07  19.8% 15076 44726s
  1899  1727 1.6212e+07   28 2450 1.9571e+07 1.5702e+07  19.8% 15068 44750s
  1900  1728 1.7674e+07  101 2478 1.9571e+07 1.5702e+07  19.8% 15060 44811s
  1901  1729 1.8549e+07  174 2516 1.9571e+07 1.5703e+07  19.8% 15052 44830s
  1902  1729 1.6212e+07   28 2568 1.9571e+07 1.5703e+07  19.8% 15044 44851s
  1903  1730 1.7876e+07  192 2532 1.9571e+07 1.5703e+07  19.8% 15036 44877s
  1904  1731 1.8731e+07  387 2520 1.9571e+07 1.5703e+07  19.8% 15028 44897s
  1905  1731 1.7493e+07  140 2491 1.9571e+07 1.5703e+07  19.8% 15020 44923s
  1906  1732 1.7121e+07   90 2485 1.9571e+07 1.5703e+07  19.8% 15013 45007s
  1907  1733 1.5782e+07   10 2485 1.9571e+07 1.5703e+07  19.8% 15005 45078s
  1908  1736 1.5708e+07   13 2443 1.9571e+07 1.5703e+07  19.8% 15531 45452s
  1910  1740 1.5775e+07   14 2456 1.9571e+07 1.5708e+07  19.7% 15558 45901s
  1914  1742 1.5786e+07   15 2463 1.9571e+07 1.5736e+07  19.6% 15628 46044s
  1918  1745 1.5865e+07   15 2394 1.9571e+07 1.5736e+07  19.6% 15700 46141s
  1922  1748 1.5788e+07   16 2492 1.9571e+07 1.5745e+07  19.6% 15761 46382s
  1926  1750 1.5815e+07   16 2361 1.9571e+07 1.5745e+07  19.6% 15792 46465s
  1930  1754 1.5793e+07   17 2428 1.9571e+07 1.5749e+07  19.5% 15837 46685s
  1935  1757 1.5970e+07   17 2451 1.9571e+07 1.5749e+07  19.5% 15917 46910s
  1940  1762 1.5814e+07   18 2451 1.9571e+07 1.5749e+07  19.5% 15982 47186s
  1946  1765 1.5819e+07   18 2400 1.9571e+07 1.5760e+07  19.5% 16061 47675s
  1951  1768 1.5826e+07   19 2450 1.9571e+07 1.5760e+07  19.5% 16113 47884s
  1956  1770 1.5828e+07   19 2409 1.9571e+07 1.5760e+07  19.5% 16137 48104s
  1960  1775 1.5830e+07   20 2431 1.9571e+07 1.5760e+07  19.5% 16163 48495s
  1966  1780 1.5864e+07   21 2460 1.9571e+07 1.5760e+07  19.5% 16254 48627s
  1973  1783 1.5868e+07   22 2380 1.9571e+07 1.5760e+07  19.5% 16284 48775s
  1978  1788 1.5928e+07   22 2408 1.9571e+07 1.5760e+07  19.5% 16333 48912s
  1985  1792 1.5985e+07   23 2335 1.9571e+07 1.5760e+07  19.5% 16377 49185s
  1991  1797 1.5875e+07   23 2282 1.9571e+07 1.5760e+07  19.5% 16411 49725s
  1998  1801 1.5984e+07   24 2292 1.9571e+07 1.5760e+07  19.5% 16506 50095s
  2005  1808 1.5898e+07   25 2330 1.9571e+07 1.5760e+07  19.5% 16552 50844s
  2007  1807 1.6024e+07   25 2199 1.9571e+07 1.5760e+07  19.5% 16579 50845s
  2014  1812 1.5898e+07   26 2349 1.9571e+07 1.5760e+07  19.5% 16674 51164s
  2021  1821 1.5898e+07   27 2358 1.9571e+07 1.5760e+07  19.5% 16780 51456s
  2032  1829 1.5909e+07   28 2240 1.9571e+07 1.5760e+07  19.5% 16813 51822s
  2044  1837 1.5912e+07   29 2180 1.9571e+07 1.5760e+07  19.5% 16849 52110s
  2056  1846 1.6013e+07   31 2237 1.9571e+07 1.5760e+07  19.5% 16882 52423s
  2069  1854 1.6307e+07   32 2249 1.9571e+07 1.5760e+07  19.5% 16919 52700s
  2081  1864 1.6066e+07   33 2099 1.9571e+07 1.5760e+07  19.5% 16941 52971s
  2095  1873 1.6091e+07   35 2145 1.9571e+07 1.5760e+07  19.5% 16949 53391s
  2109  1884 1.6143e+07   36 2104 1.9571e+07 1.5760e+07  19.5% 16980 53785s
  2125  1894 1.6110e+07   38 2113 1.9571e+07 1.5760e+07  19.5% 17017 54090s
  2140  1908 1.6110e+07   39 2105 1.9571e+07 1.5760e+07  19.5% 17041 54508s
  2159  1914 1.6131e+07   41 2079 1.9571e+07 1.5760e+07  19.5% 17049 54878s
  2171  1931 1.6170e+07   43 2058 1.9571e+07 1.5760e+07  19.5% 17122 55346s
H 2180  1840                    1.952757e+07 1.5760e+07  19.3% 17111 55347s
H 2192  1776                    1.951916e+07 1.5760e+07  19.3% 17123 55766s
H 2215  1710                    1.951758e+07 1.5760e+07  19.3% 17111 56169s
  2236  1721 1.6227e+07   49 1950 1.9518e+07 1.5760e+07  19.3% 17160 56599s
  2256  1738 1.6240e+07   51 1927 1.9518e+07 1.5760e+07  19.3% 17219 56971s
  2280  1753 1.6276e+07   53 1900 1.9518e+07 1.5760e+07  19.3% 17217 57428s
  2303  1771 1.6489e+07   55 1884 1.9518e+07 1.5760e+07  19.3% 17273 57899s
  2328  1789 1.6412e+07   58 1834 1.9518e+07 1.5760e+07  19.3% 17295 58337s
  2355  1806 1.6447e+07   61 1825 1.9518e+07 1.5760e+07  19.3% 17320 58758s
H 2366  1728                    1.946980e+07 1.5760e+07  19.1% 17312 58758s
  2381  1750 1.6505e+07   64 1784 1.9470e+07 1.5760e+07  19.1% 17312 59210s
  2408  1776 1.6809e+07   66 1793 1.9470e+07 1.5760e+07  19.1% 17359 59707s
  2443  1797 1.6840e+07   70 1688 1.9470e+07 1.5760e+07  19.1% 17328 60304s
  2476  1828 1.6886e+07   74 1670 1.9470e+07 1.5760e+07  19.1% 17345 60881s
  2518  1854 1.6916e+07   78 1657 1.9470e+07 1.5760e+07  19.1% 17298 61555s
  2558  1883 1.6920e+07   83 1662 1.9470e+07 1.5760e+07  19.1% 17298 62181s
  2600  1917 1.6976e+07   86 1689 1.9470e+07 1.5760e+07  19.1% 17283 62931s
  2648  1958 1.7020e+07   91 1580 1.9470e+07 1.5760e+07  19.1% 17223 63568s
  2705  1992 1.7235e+07   97 1538 1.9470e+07 1.5760e+07  19.1% 17146 64267s
  2758  2028 1.7163e+07  103 1589 1.9470e+07 1.5760e+07  19.1% 17105 65022s
  2812  2078 1.7211e+07  108 1488 1.9470e+07 1.5760e+07  19.1% 17083 65776s
  2880  2120 1.7180e+07  115 1448 1.9470e+07 1.5760e+07  19.1% 16957 66503s
  2949  2143 1.8091e+07  121 1421 1.9470e+07 1.5760e+07  19.1% 16841 67461s
H 2997  2122                    1.944301e+07 1.5760e+07  18.9% 16761 70057s
H 3064  2032                    1.936627e+07 1.5760e+07  18.6% 16645 70057s
  3065  2094 1.7841e+07  136 1346 1.9366e+07 1.5760e+07  18.6% 16648 71189s
H 3107  2016                    1.931130e+07 1.5760e+07  18.4% 16548 71189s
  3131  2123 1.7335e+07  139 1389 1.9311e+07 1.5760e+07  18.4% 16508 72299s
  3250  2183 1.7352e+07  147 1427 1.9311e+07 1.5760e+07  18.4% 16251 73197s
  3372  2268 1.7362e+07  159 1365 1.9311e+07 1.5760e+07  18.4% 16047 74122s
  3534  2319 1.7399e+07  174 1395 1.9311e+07 1.5760e+07  18.4% 15690 75093s
  3687  2344 1.7637e+07  182 1272 1.9311e+07 1.5760e+07  18.4% 15378 75896s
H 3780  2287                    1.930155e+07 1.5760e+07  18.3% 15577 78392s
  3820  2375 1.7733e+07  196 1316 1.9302e+07 1.5760e+07  18.3% 15713 79558s
  3923  2454 1.7766e+07  215 1229 1.9302e+07 1.5760e+07  18.3% 15624 80592s
  4036  2548 1.7850e+07  237 1185 1.9302e+07 1.5760e+07  18.3% 15506 81990s
  4176  2537 1.7962e+07  255 1193 1.9302e+07 1.5760e+07  18.3% 15354 84464s
  4212  2681 1.8079e+07  255 1124 1.9302e+07 1.5760e+07  18.3% 15289 85830s
  4370  2729 1.8013e+07  274 1171 1.9302e+07 1.5760e+07  18.3% 15090 86398s

Cutting planes:
  Gomory: 2
  Cover: 4
  Implied bound: 562
  Projected implied bound: 101
  Clique: 1
  MIR: 420
  StrongCG: 1
  Flow cover: 2822
  GUB cover: 1
  Zero half: 2
  RLT: 298
  Relax-and-lift: 1254

Explored 4472 nodes (68051472 simplex iterations) in 86398.05 seconds (90905.96 work units)
Thread count was 4 (of 128 available processors)

Solution count 10: 1.93016e+07 1.93016e+07 1.93113e+07 ... 1.95715e+07

Time limit reached
Best objective 1.930155100000e+07, best bound 1.575996098786e+07, gap 18.3487%

Solving took 	23:59:58.050
####################################################################################################
####################################################################################################
####################################################################################################
Reached timelimit, but could find a feasible solution
####################################################################################################
Description                          Value
----------------------------  ------------
Objective (min)               19,301,551.0
Cost sailing                  15,460,317.0
Cost port visits               8,154,091.0
Cost transshipment (demands)   1,193,960.0
Cost transshipment (empties)     556,188.0
Penalty delayed demands        2,158,895.0
Revenue Empties                8,241,220.0
Penalty rejected demands          19,320.0
Rejected demands (%)                  0.03
Omitted ports (%)                      0.0
Gap (%)                              18.35
####################################################################################################
Export solution
####################################################################################################
Overall time 	00:00:00.494

real	1440m2.086s
user	4084m17.310s
sys	0m39.082s
finished at Fri Mar 17 14:58:14 CET 2023
