cpu-bind=MASK - n2lcn0125, task  0  0 [3857138]: mask |--------|--------||--------|--------||--------|--------||--------|----BBBB||||--------|--------||--------|--------||--------|--------||--------|--------|  set
started at Thu Mar 16 14:58:12 CET 2023
Timecheck 9936649.777320115
Set parameter TokenServer to value "license3.uni-paderborn.de"
Warning: Gurobi version mismatch between Python 10.0.1 and C library 10.0.0
Timecheck 9936649.78521352
Timecheck 9936649.78542877
Timecheck 9936649.78545969
Timecheck 9936649.785480212


####################################################################################################
Solve scenario sce_4_26_3 with free vessel operation using the arc flow model
Vessels cannot omit ports, Demands can be rejected
####################################################################################################
Data preprocessing, load /upb/departments/pc2/groups/hpc-prf-winf4/dwetzel/SILSRP/inst_final/sce_4_26_3
and create additional sets and parameters
	|- Read vessel information, number of vessels:	6
	|- Read node information, number of nodes:		397
	|- Read arc information
		|- Number of sailing arcs:			1631
		|- Number of transshipment arcs:	578
	|- Read container information
		|- Number of demands:		657
		|- Number of empties (+/-):	158/165
	|- Create additional sets and parameters

Data preprocessing took 	00:00:00.289
####################################################################################################
Create linear model
Set parameter Threads to value 4
	|- Create variables, took	00:00:00.325
	|- Create objective, took	00:00:00.290
	|- Create constraints, took	00:00:01.223
	|- Load CVO start

Creating model took	00:00:01.845
####################################################################################################
Fix start solution

Set parameter TimeLimit to value 8.6398123630538583e+04
Gurobi Optimizer version 10.0.0 build v10.0.0rc2 (linux64)

CPU model: AMD EPYC 7763 64-Core Processor, instruction set [SSE2|AVX|AVX2]
Thread count: 128 physical cores, 128 logical processors, using up to 4 threads

Optimize a model with 26220 rows, 91436 columns and 315546 nonzeros
Model fingerprint: 0x5461387a
Variable types: 80603 continuous, 10833 integer (10833 binary)
Coefficient statistics:
  Matrix range     [1e+00, 3e+05]
  Objective range  [1e+00, 1e+00]
  Bounds range     [1e+00, 4e+02]
  RHS range        [1e+00, 3e+07]
Found heuristic solution: objective 5.071753e+07
Presolve removed 24187 rows and 87314 columns
Presolve time: 0.16s
Presolved: 2033 rows, 4122 columns, 13463 nonzeros
Found heuristic solution: objective 1.915559e+07
Variable types: 3632 continuous, 490 integer (489 binary)

Root relaxation: objective 1.632001e+07, 865 iterations, 0.01 seconds (0.00 work units)

    Nodes    |    Current Node    |     Objective Bounds      |     Work
 Expl Unexpl |  Obj  Depth IntInf | Incumbent    BestBd   Gap | It/Node Time

*    0     0               0    1.632001e+07 1.6320e+07  0.00%     -    0s

Explored 1 nodes (865 simplex iterations) in 0.20 seconds (0.21 work units)
Thread count was 4 (of 128 available processors)

Solution count 3: 1.632e+07 1.91556e+07 5.07175e+07 

Optimal solution found (tolerance 1.00e-04)
Best objective 1.632001000000e+07, best bound 1.632001000000e+07, gap 0.0000%

Fixing start solution took	00:00:02.084
####################################################################################################
####################################################################################################
Solve optimization model

Set parameter TimeLimit to value 8.6397915471535176e+04
Gurobi Optimizer version 10.0.0 build v10.0.0rc2 (linux64)

CPU model: AMD EPYC 7763 64-Core Processor, instruction set [SSE2|AVX|AVX2]
Thread count: 128 physical cores, 128 logical processors, using up to 4 threads

Optimize a model with 25824 rows, 91436 columns and 315150 nonzeros
Model fingerprint: 0xabc015b3
Variable types: 80603 continuous, 10833 integer (10833 binary)
Coefficient statistics:
  Matrix range     [1e+00, 3e+05]
  Objective range  [1e+00, 1e+00]
  Bounds range     [1e+00, 4e+02]
  RHS range        [1e+00, 3e+07]

MIP start from previous solve produced solution with objective 1.632e+07 (0.14s)
Loaded MIP start from previous solve with objective 1.632e+07

Presolve removed 3294 rows and 3834 columns
Presolve time: 0.55s
Presolved: 22530 rows, 87602 columns, 259981 nonzeros
Variable types: 77674 continuous, 9928 integer (9928 binary)
Deterministic concurrent LP optimizer: primal and dual simplex
Showing first log only...


Root simplex log...

Iteration    Objective       Primal Inf.    Dual Inf.      Time
   37263    3.3205012e+07   4.510212e+01   8.725482e+08      5s
Concurrent spin time: 0.01s

Solved with dual simplex

Root simplex log...

Iteration    Objective       Primal Inf.    Dual Inf.      Time
   45149    1.2885763e+07   0.000000e+00   0.000000e+00      7s

Root relaxation: objective 1.288576e+07, 45149 iterations, 6.76 seconds (6.55 work units)

    Nodes    |    Current Node    |     Objective Bounds      |     Work
 Expl Unexpl |  Obj  Depth IntInf | Incumbent    BestBd   Gap | It/Node Time

     0     0 1.2886e+07    0 1819 1.6320e+07 1.2886e+07  21.0%     -    9s
     0     0 1.2950e+07    0 2119 1.6320e+07 1.2950e+07  20.7%     -   29s
     0     0 1.2950e+07    0 2119 1.6320e+07 1.2950e+07  20.7%     -   29s
     0     0 1.2954e+07    0 2145 1.6320e+07 1.2954e+07  20.6%     -   41s
     0     0 1.2957e+07    0 2076 1.6320e+07 1.2957e+07  20.6%     -   51s
     0     0 1.2958e+07    0 2133 1.6320e+07 1.2958e+07  20.6%     -   52s
     0     0 1.2958e+07    0 2097 1.6320e+07 1.2958e+07  20.6%     -   53s
     0     0 1.2958e+07    0 2097 1.6320e+07 1.2958e+07  20.6%     -   53s
     0     0 1.3012e+07    0 2034 1.6320e+07 1.3012e+07  20.3%     -   96s
     0     0 1.3030e+07    0 1967 1.6320e+07 1.3030e+07  20.2%     -  128s
     0     0 1.3033e+07    0 2057 1.6320e+07 1.3033e+07  20.1%     -  141s
     0     0 1.3033e+07    0 2079 1.6320e+07 1.3033e+07  20.1%     -  146s
     0     0 1.3034e+07    0 2013 1.6320e+07 1.3034e+07  20.1%     -  150s
     0     0 1.3034e+07    0 2047 1.6320e+07 1.3034e+07  20.1%     -  151s
H    0     0                    1.624554e+07 1.3050e+07  19.7%     -  196s
     0     0 1.3050e+07    0 2112 1.6246e+07 1.3050e+07  19.7%     -  196s
     0     0 1.3056e+07    0 2174 1.6246e+07 1.3056e+07  19.6%     -  216s
     0     0 1.3056e+07    0 2146 1.6246e+07 1.3056e+07  19.6%     -  217s
H    0     0                    1.616403e+07 1.3059e+07  19.2%     -  241s
     0     0 1.3059e+07    0 2169 1.6164e+07 1.3059e+07  19.2%     -  241s
     0     0 1.3061e+07    0 2167 1.6164e+07 1.3061e+07  19.2%     -  253s
     0     0 1.3061e+07    0 2175 1.6164e+07 1.3061e+07  19.2%     -  258s
     0     0 1.3061e+07    0 2159 1.6164e+07 1.3061e+07  19.2%     -  262s
H    0     0                    1.597576e+07 1.3061e+07  18.2%     -  279s
H    0     0                    1.568468e+07 1.3061e+07  16.7%     -  279s
H    0     0                    1.545981e+07 1.3074e+07  15.4%     -  308s
     0     0 1.3074e+07    0 2076 1.5460e+07 1.3074e+07  15.4%     -  308s
H    0     0                    1.540294e+07 1.3077e+07  15.1%     -  329s
     0     0 1.3077e+07    0 2100 1.5403e+07 1.3077e+07  15.1%     -  339s
     0     0 1.3078e+07    0 2159 1.5403e+07 1.3078e+07  15.1%     -  349s
     0     0 1.3079e+07    0 2133 1.5403e+07 1.3079e+07  15.1%     -  356s
     0     0 1.3079e+07    0 2107 1.5403e+07 1.3079e+07  15.1%     -  359s
     0     0 1.3083e+07    0 2018 1.5403e+07 1.3083e+07  15.1%     -  389s
H    0     0                    1.460520e+07 1.3086e+07  10.4%     -  404s
H    0     0                    1.459672e+07 1.3086e+07  10.3%     -  404s
     0     0 1.3086e+07    0 1991 1.4597e+07 1.3086e+07  10.3%     -  404s
     0     0 1.3087e+07    0 2016 1.4597e+07 1.3087e+07  10.3%     -  419s
     0     0 1.3087e+07    0 2063 1.4597e+07 1.3087e+07  10.3%     -  424s
     0     0 1.3087e+07    0 2073 1.4597e+07 1.3087e+07  10.3%     -  426s
     0     0 1.3089e+07    0 1967 1.4597e+07 1.3089e+07  10.3%     -  444s
H    0     0                    1.458784e+07 1.3089e+07  10.3%     -  445s
     0     0 1.3091e+07    0 1935 1.4588e+07 1.3091e+07  10.3%     -  456s
     0     0 1.3091e+07    0 1926 1.4588e+07 1.3091e+07  10.3%     -  466s
     0     0 1.3091e+07    0 1936 1.4588e+07 1.3091e+07  10.3%     -  471s
     0     0 1.3091e+07    0 1932 1.4588e+07 1.3091e+07  10.3%     -  474s
     0     0 1.3093e+07    0 1927 1.4588e+07 1.3093e+07  10.3%     -  494s
H    0     0                    1.458489e+07 1.3093e+07  10.2%     -  494s
     0     0 1.3093e+07    0 1862 1.4585e+07 1.3093e+07  10.2%     -  501s
     0     0 1.3093e+07    0 1893 1.4585e+07 1.3093e+07  10.2%     -  508s
     0     0 1.3093e+07    0 1910 1.4585e+07 1.3093e+07  10.2%     -  511s
     0     0 1.3094e+07    0 1980 1.4585e+07 1.3094e+07  10.2%     -  523s
     0     0 1.3094e+07    0 1852 1.4585e+07 1.3094e+07  10.2%     -  533s
     0     0 1.3095e+07    0 1851 1.4585e+07 1.3095e+07  10.2%     -  542s
     0     0 1.3095e+07    0 1890 1.4585e+07 1.3095e+07  10.2%     -  547s
     0     0 1.3095e+07    0 1900 1.4585e+07 1.3095e+07  10.2%     -  549s
     0     0 1.3095e+07    0 1768 1.4585e+07 1.3095e+07  10.2%     -  556s
     0     0 1.3095e+07    0 1804 1.4585e+07 1.3095e+07  10.2%     -  563s
     0     0 1.3095e+07    0 1831 1.4585e+07 1.3095e+07  10.2%     -  570s
     0     0 1.3095e+07    0 1837 1.4585e+07 1.3095e+07  10.2%     -  575s
     0     0 1.3096e+07    0 1913 1.4585e+07 1.3096e+07  10.2%     -  579s
     0     0 1.3096e+07    0 1913 1.4585e+07 1.3096e+07  10.2%     -  584s
     0     0 1.3096e+07    0 1905 1.4585e+07 1.3096e+07  10.2%     -  584s
H    0     0                    1.453130e+07 1.3096e+07  9.88%     -  598s
     0     2 1.3096e+07    0 1899 1.4531e+07 1.3096e+07  9.88%     -  599s
     3     8 1.3096e+07    2 1869 1.4531e+07 1.3096e+07  9.88%   725  608s
     7    12 1.3096e+07    3 1817 1.4531e+07 1.3096e+07  9.88%  1589  624s
    11    16 1.3096e+07    4 1828 1.4531e+07 1.3096e+07  9.88%  2439  638s
    15    20 1.3096e+07    5 1832 1.4531e+07 1.3096e+07  9.88%  2468  648s
    19    24 1.3096e+07    6 1791 1.4531e+07 1.3096e+07  9.88%  2340  660s
    23    29 1.3096e+07    7 1838 1.4531e+07 1.3096e+07  9.88%  2291  685s
    28    38 1.3099e+07    9 1764 1.4531e+07 1.3096e+07  9.88%  3036  712s
    37    46 1.3097e+07    9 1766 1.4531e+07 1.3096e+07  9.88%  3226  755s
    45    50 1.3099e+07   10 1771 1.4531e+07 1.3096e+07  9.88%  4032 1003s
    49    59 1.3102e+07   11 1787 1.4531e+07 1.3096e+07  9.88%  8799 1113s
    58    76 1.3103e+07   12 1802 1.4531e+07 1.3096e+07  9.88%  8781 1200s
H   60    76                    1.452116e+07 1.3096e+07  9.81%  8490 1200s
    75    93 1.3106e+07   15 1661 1.4521e+07 1.3096e+07  9.81%  7737 1299s
    92   124 1.3107e+07   17 1708 1.4521e+07 1.3096e+07  9.81%  7342 1532s
H  112   124                    1.451944e+07 1.3096e+07  9.80%  8208 1532s
   123   189 1.3111e+07   20 1758 1.4519e+07 1.3096e+07  9.80%  7615 1638s
H  138   189                    1.450574e+07 1.3096e+07  9.72%  6906 1638s
   188   193 1.3118e+07   34 1709 1.4506e+07 1.3096e+07  9.72%  5636 1734s
   192   209 1.3114e+07   35 1697 1.4506e+07 1.3096e+07  9.72%  5663 1833s
   208   227 1.3144e+07   36 1603 1.4506e+07 1.3096e+07  9.72%  5792 1927s
   226   255 1.3118e+07   39 1629 1.4506e+07 1.3096e+07  9.72%  5695 2067s
   254   283 1.3119e+07   40 1675 1.4506e+07 1.3096e+07  9.72%  5476 2167s
   282   326 1.3122e+07   44 1582 1.4506e+07 1.3096e+07  9.72%  5244 2275s
H  299   326                    1.448114e+07 1.3096e+07  9.56%  4998 2276s
   325   358 1.3125e+07   59 1523 1.4481e+07 1.3096e+07  9.56%  4878 2381s
H  347   358                    1.446500e+07 1.3096e+07  9.46%  4759 2381s
   357   397 1.3136e+07   65 1566 1.4465e+07 1.3096e+07  9.46%  4711 2491s
   396   417 1.3147e+07   77 1482 1.4465e+07 1.3096e+07  9.46%  4526 2601s
H  397   417                    1.432181e+07 1.3096e+07  8.56%  4515 2601s
   416   449 1.3141e+07   79 1472 1.4322e+07 1.3096e+07  8.56%  4567 2711s
H  448   480                    1.431886e+07 1.3096e+07  8.54%  4496 2833s
H  465   480                    1.421270e+07 1.3096e+07  7.86%  4469 2833s
   479   542 1.3167e+07   93 1442 1.4213e+07 1.3096e+07  7.86%  4473 2949s
H  494   542                    1.411974e+07 1.3096e+07  7.25%  4393 2949s
H  532   542                    1.409884e+07 1.3096e+07  7.11%  4255 2949s
   541   578 1.3206e+07  105 1333 1.4099e+07 1.3096e+07  7.11%  4188 3103s
   579   605 infeasible  111      1.4099e+07 1.3096e+07  7.11%  4233 3237s
H  580   605                    1.407686e+07 1.3096e+07  6.97%  4226 3237s
H  580   605                    1.403350e+07 1.3096e+07  6.68%  4226 3237s
   610   632 1.3340e+07  117 1102 1.4033e+07 1.3096e+07  6.68%  4260 3310s
   637   658 1.3391e+07  120 1003 1.4033e+07 1.3096e+07  6.68%  4310 3394s
H  642   658                    1.397121e+07 1.3096e+07  6.26%  4327 3394s
H  653   658                    1.391877e+07 1.3096e+07  5.91%  4316 3394s
   663   693 1.3446e+07  123  939 1.3919e+07 1.3096e+07  5.91%  4375 3505s
H  698   743                    1.385658e+07 1.3096e+07  5.49%  4387 3706s
   748   848 1.3555e+07  147  906 1.3857e+07 1.3096e+07  5.49%  4264 3987s
H  844   848                    1.384245e+07 1.3096e+07  5.39%  3843 3987s
   853   984 1.3603e+07  171  815 1.3842e+07 1.3096e+07  5.39%  3841 4241s
   989  1119 1.3669e+07  209  626 1.3842e+07 1.3096e+07  5.39%  3451 4513s
H 1045  1119                    1.383403e+07 1.3096e+07  5.33%  3314 4513s
H 1120  1119                    1.383012e+07 1.3096e+07  5.31%  3155 4513s
  1124  1304 1.3713e+07  252  541 1.3830e+07 1.3096e+07  5.31%  3146 4602s
H 1146  1304                    1.379867e+07 1.3096e+07  5.09%  3091 4602s
H 1327  1386                    1.379085e+07 1.3096e+07  5.04%  2758 4718s
H 1420  1384                    1.376610e+07 1.3096e+07  4.87%  2616 4718s
  1432  1440 1.3134e+07   59 1534 1.3766e+07 1.3096e+07  4.87%  2627 5039s
  1499  1507 1.3165e+07   67 1362 1.3766e+07 1.3096e+07  4.87%  2617 5151s
  1581  1625 1.3197e+07   77 1354 1.3766e+07 1.3096e+07  4.87%  2608 5258s
H 1699  1623                    1.376334e+07 1.3096e+07  4.85%  2550 5269s
  1700  1624 1.3136e+07   66 1905 1.3763e+07 1.3096e+07  4.85%  2549 5503s
  1702  1625 1.3571e+07  163 1857 1.3763e+07 1.3096e+07  4.85%  2546 5521s
  1703  1626 1.3115e+07   29 2054 1.3763e+07 1.3096e+07  4.85%  2544 5553s
  1704  1627 1.3550e+07  136 1964 1.3763e+07 1.3096e+07  4.85%  2543 5581s
  1705  1627 1.3254e+07   83 2012 1.3763e+07 1.3096e+07  4.85%  2541 5605s
  1706  1628 1.3173e+07   91 1996 1.3763e+07 1.3096e+07  4.85%  2540 5641s
  1707  1629 1.3097e+07    6 2031 1.3763e+07 1.3096e+07  4.85%  2538 5671s
  1708  1629 1.3188e+07   56 1988 1.3763e+07 1.3096e+07  4.85%  2537 5699s
  1709  1630 1.3714e+07  259 1888 1.3763e+07 1.3096e+07  4.85%  2535 5716s
  1710  1631 1.3121e+07   50 1982 1.3763e+07 1.3096e+07  4.85%  2534 5733s
  1711  1631 1.3659e+07  227 1935 1.3763e+07 1.3096e+07  4.85%  2532 5755s
  1712  1632 1.3516e+07  124 1915 1.3763e+07 1.3096e+07  4.85%  2531 5767s
  1713  1633 1.3199e+07   59 1910 1.3763e+07 1.3096e+07  4.85%  2530 5774s
  1714  1633 1.3519e+07  137 1909 1.3763e+07 1.3096e+07  4.85%  2528 5781s
  1715  1634 1.3531e+07  136 1792 1.3763e+07 1.3097e+07  4.84%  2527 5785s
  1719  1637 1.3111e+07   18 1934 1.3763e+07 1.3097e+07  4.84%  2521 5793s
  1720  1637 1.3202e+07   94 1799 1.3763e+07 1.3099e+07  4.83%  2519 5819s
  1721  1638 1.3209e+07   98 1853 1.3763e+07 1.3099e+07  4.82%  2518 5830s
  1722  1639 1.3130e+07   31 1819 1.3763e+07 1.3100e+07  4.82%  2516 5836s
  1725  1641 1.3525e+07  130 1818 1.3763e+07 1.3100e+07  4.82%  2512 5841s
  1727  1642 1.3123e+07   49 1796 1.3763e+07 1.3100e+07  4.82%  2509 5846s
  1728  1643 1.3713e+07  253 1743 1.3763e+07 1.3101e+07  4.81%  2508 5873s
  1729  1643 1.3575e+07  233 1770 1.3763e+07 1.3102e+07  4.81%  2506 5882s
  1730  1644 1.3604e+07  172 1776 1.3763e+07 1.3102e+07  4.81%  2505 5885s
  1732  1645 1.3703e+07  324 1800 1.3763e+07 1.3102e+07  4.81%  2502 5890s
  1734  1647 1.3587e+07  215 1831 1.3763e+07 1.3102e+07  4.81%  2499 5895s
  1735  1647 1.3198e+07   87 1798 1.3763e+07 1.3102e+07  4.80%  2497 5909s
  1736  1648 1.3114e+07   41 1765 1.3763e+07 1.3102e+07  4.80%  2496 5912s
  1739  1650 1.3503e+07  147 1796 1.3763e+07 1.3102e+07  4.80%  2492 5918s
  1740  1651 1.3556e+07  207 1684 1.3763e+07 1.3103e+07  4.80%  2490 5928s
  1741  1651 1.3103e+07    7 1740 1.3763e+07 1.3103e+07  4.80%  2489 5933s
  1742  1652 1.3127e+07   49 1731 1.3763e+07 1.3103e+07  4.80%  2487 5937s
  1744  1653 1.3238e+07   68 1716 1.3763e+07 1.3103e+07  4.80%  2485 5940s
  1746  1655 1.3111e+07   22 1744 1.3763e+07 1.3103e+07  4.80%  2482 5955s
  1747  1655 1.3354e+07  113 1756 1.3763e+07 1.3103e+07  4.80%  2480 5960s
  1750  1657 1.3208e+07   63 1769 1.3763e+07 1.3103e+07  4.80%  2476 5965s
  1751  1658 1.3528e+07  169 1823 1.3763e+07 1.3104e+07  4.79%  2475 5984s
  1752  1659 1.3556e+07  179 1743 1.3763e+07 1.3104e+07  4.79%  2473 5987s
  1753  1659 1.3286e+07  103 1786 1.3763e+07 1.3104e+07  4.79%  2472 5992s
  1754  1660 1.3673e+07  286 1783 1.3763e+07 1.3104e+07  4.79%  2470 5995s
  1757  1662 1.3736e+07  293 1776 1.3763e+07 1.3104e+07  4.79%  2466 6001s
  1758  1663 1.3671e+07  234 1811 1.3763e+07 1.3105e+07  4.79%  2465 6011s
  1759  1663 1.3528e+07  168 1833 1.3763e+07 1.3105e+07  4.78%  2463 6015s
  1762  1665 1.3201e+07   97 1803 1.3763e+07 1.3105e+07  4.78%  2459 6022s
  1763  1666 1.3556e+07  179 1762 1.3763e+07 1.3105e+07  4.78%  2458 6029s
  1764  1667 1.3583e+07  241 1757 1.3763e+07 1.3105e+07  4.78%  2456 6032s
  1766  1668 1.3738e+07  291 1790 1.3763e+07 1.3105e+07  4.78%  2454 6035s
  1768  1669 1.3757e+07  332 1798 1.3763e+07 1.3105e+07  4.78%  2451 6048s
  1770  1671 1.3587e+07  215 1880 1.3763e+07 1.3105e+07  4.78%  2448 6050s
  1772  1672 1.3203e+07   76 1872 1.3763e+07 1.3105e+07  4.78%  2445 6055s
  1773  1673 1.3492e+07  188 1824 1.3763e+07 1.3105e+07  4.78%  2444 6064s
  1774  1673 1.3482e+07  176 1800 1.3763e+07 1.3105e+07  4.78%  2443 6068s
  1775  1674 1.3683e+07  248 1870 1.3763e+07 1.3106e+07  4.77%  2441 6074s
  1776  1675 1.3564e+07  224 1878 1.3763e+07 1.3107e+07  4.77%  2440 6079s
  1777  1675 1.3472e+07  175 1897 1.3763e+07 1.3107e+07  4.77%  2438 6083s
  1778  1676 1.3187e+07   88 1844 1.3763e+07 1.3107e+07  4.77%  2437 6085s
  1780  1677 1.3201e+07   54 1881 1.3763e+07 1.3107e+07  4.77%  2434 6091s
  1781  1678 1.3130e+07   32 1850 1.3763e+07 1.3107e+07  4.77%  2433 6105s
  1784  1680 1.3202e+07   94 1849 1.3763e+07 1.3107e+07  4.77%  2429 6111s
  1785  1681 1.3713e+07  257 1809 1.3763e+07 1.3107e+07  4.77%  2428 6120s
  1788  1683 1.3482e+07  176 1799 1.3763e+07 1.3108e+07  4.76%  2423 6126s
  1789  1683 1.3342e+07  106 1770 1.3763e+07 1.3108e+07  4.76%  2422 6134s
  1790  1684 1.3254e+07   84 1807 1.3763e+07 1.3108e+07  4.76%  2421 6135s
  1794  1687 1.3152e+07   66 1825 1.3763e+07 1.3108e+07  4.76%  2415 6145s
  1795  1687 1.3108e+07   11 1874 1.3763e+07 1.3108e+07  4.76%  2414 6156s
  1798  1689 1.3110e+07   38 1838 1.3763e+07 1.3108e+07  4.76%  2410 6162s
  1799  1690 1.3237e+07   77 1825 1.3763e+07 1.3108e+07  4.76%  2409 6165s
  1803  1693 1.3115e+07   29 1796 1.3763e+07 1.3108e+07  4.76%  2403 6171s
  1805  1694 1.3254e+07   83 1818 1.3763e+07 1.3108e+07  4.76%  2401 6175s
  1807  1695 1.3108e+07    6 1855 1.3763e+07 1.3108e+07  4.76%  2398 6180s
  1813  1700 1.3199e+07   59 1648 1.3763e+07 1.3108e+07  4.76%  2554 6200s
  1814  1701 1.3519e+07  137 2002 1.3763e+07 1.3108e+07  4.76%  2553 6229s
  1815  1702 1.3531e+07  136 2035 1.3763e+07 1.3108e+07  4.76%  2551 6265s
  1816  1702 1.3472e+07  175 2060 1.3763e+07 1.3108e+07  4.76%  2550 6303s
  1817  1703 1.3266e+07   80 2062 1.3763e+07 1.3108e+07  4.76%  2549 6326s
  1818  1704 1.3305e+07   78 2036 1.3763e+07 1.3108e+07  4.76%  2547 6365s
  1819  1704 1.3111e+07   18 1969 1.3763e+07 1.3108e+07  4.76%  2546 6389s
  1820  1705 1.3202e+07   94 1937 1.3763e+07 1.3108e+07  4.76%  2544 6413s
  1821  1706 1.3209e+07   98 1953 1.3763e+07 1.3108e+07  4.76%  2543 6440s
  1822  1706 1.3130e+07   31 1919 1.3763e+07 1.3108e+07  4.76%  2542 6454s
  1823  1707 1.3127e+07   27 1901 1.3763e+07 1.3108e+07  4.76%  2540 6467s
  1824  1708 1.3111e+07   17 1826 1.3763e+07 1.3108e+07  4.76%  2539 6476s
  1825  1708 1.3525e+07  130 1899 1.3763e+07 1.3108e+07  4.76%  2538 6493s
  1826  1709 1.3274e+07  100 1853 1.3763e+07 1.3108e+07  4.76%  2536 6504s
  1827  1710 1.3123e+07   49 1888 1.3763e+07 1.3108e+07  4.76%  2535 6515s
  1829  1711 1.3575e+07  233 1883 1.3763e+07 1.3108e+07  4.76%  2532 6523s
  1830  1712 1.3604e+07  172 1871 1.3763e+07 1.3108e+07  4.76%  2531 6527s
  1833  1714 1.3739e+07  350 1861 1.3763e+07 1.3108e+07  4.76%  2526 6530s
  1837  1716 1.3226e+07  107 1817 1.3763e+07 1.3108e+07  4.76%  2521 6535s
  1839  1718 1.3503e+07  147 1785 1.3763e+07 1.3109e+07  4.76%  2518 6554s
  1840  1718 1.3556e+07  207 1803 1.3763e+07 1.3109e+07  4.76%  2517 6559s
  1841  1719 1.3109e+07    7 1781 1.3763e+07 1.3109e+07  4.75%  2515 6563s
  1843  1720 1.3134e+07   60 1801 1.3763e+07 1.3109e+07  4.75%  2513 6565s
  1846  1722 1.3111e+07   22 1812 1.3763e+07 1.3109e+07  4.75%  2509 6570s
  1847  1723 1.3354e+07  113 1842 1.3763e+07 1.3109e+07  4.75%  2507 6577s
  1848  1724 1.3184e+07   84 1808 1.3763e+07 1.3109e+07  4.75%  2506 6580s
  1852  1726 1.3556e+07  179 1816 1.3763e+07 1.3110e+07  4.75%  2501 6587s
  1853  1727 1.3286e+07  103 1805 1.3763e+07 1.3110e+07  4.75%  2499 6593s
  1855  1728 1.3117e+07   37 1807 1.3763e+07 1.3110e+07  4.75%  2496 6597s
  1856  1729 1.3112e+07   17 1829 1.3763e+07 1.3110e+07  4.75%  2495 6602s
  1858  1730 1.3671e+07  234 1800 1.3763e+07 1.3110e+07  4.75%  2492 6606s
  1859  1731 1.3528e+07  168 1797 1.3763e+07 1.3110e+07  4.75%  2491 6611s
  1862  1733 1.3201e+07   97 1826 1.3763e+07 1.3110e+07  4.75%  2487 6615s
  1864  1734 1.3583e+07  241 1830 1.3763e+07 1.3110e+07  4.75%  2484 6625s
  1867  1736 1.3706e+07  326 1886 1.3763e+07 1.3110e+07  4.75%  2480 6633s
  1868  1737 1.3757e+07  332 1825 1.3763e+07 1.3110e+07  4.75%  2479 6635s
  1871  1739 1.3640e+07  187 1841 1.3763e+07 1.3110e+07  4.75%  2475 6644s
  1873  1740 1.3492e+07  188 1824 1.3763e+07 1.3110e+07  4.75%  2472 6648s
  1874  1741 1.3482e+07  176 1816 1.3763e+07 1.3110e+07  4.75%  2471 6656s
  1877  1743 1.3472e+07  175 1833 1.3763e+07 1.3110e+07  4.75%  2467 6661s
  1878  1744 1.3187e+07   88 1846 1.3763e+07 1.3110e+07  4.75%  2466 6666s
  1879  1744 1.3113e+07   15 1797 1.3763e+07 1.3110e+07  4.74%  2465 6671s
  1881  1746 1.3130e+07   32 1861 1.3763e+07 1.3110e+07  4.74%  2462 6676s
  1882  1746 1.3110e+07    4 1878 1.3763e+07 1.3110e+07  4.74%  2461 6686s
  1883  1747 1.3424e+07  113 1831 1.3763e+07 1.3110e+07  4.74%  2459 6690s
  1885  1748 1.3713e+07  257 1831 1.3763e+07 1.3111e+07  4.74%  2457 6702s
  1887  1750 1.3761e+07  193 1877 1.3763e+07 1.3111e+07  4.74%  2454 6705s
  1891  1752 1.3201e+07   97 1841 1.3763e+07 1.3111e+07  4.74%  2449 6719s
  1892  1753 1.3156e+07   75 1866 1.3763e+07 1.3111e+07  4.74%  2448 6720s
  1894  1754 1.3152e+07   66 1884 1.3763e+07 1.3111e+07  4.74%  2445 6736s
  1895  1755 1.3111e+07   11 1891 1.3763e+07 1.3111e+07  4.74%  2444 6741s
  1896  1756 1.3435e+07  156 1878 1.3763e+07 1.3111e+07  4.74%  2442 6754s
  1897  1756 1.3735e+07  352 1861 1.3763e+07 1.3111e+07  4.74%  2441 6755s
  1899  1758 1.3237e+07   77 1816 1.3763e+07 1.3111e+07  4.74%  2439 6763s
  1900  1758 1.3136e+07   66 1826 1.3763e+07 1.3111e+07  4.74%  2437 6767s
  1902  1760 1.3571e+07  163 1874 1.3763e+07 1.3111e+07  4.74%  2435 6771s
  1903  1760 1.3115e+07   29 1891 1.3763e+07 1.3111e+07  4.74%  2434 6777s
  1905  1762 1.3254e+07   83 1854 1.3763e+07 1.3111e+07  4.74%  2431 6780s
  1907  1763 1.3111e+07    6 1825 1.3763e+07 1.3111e+07  4.74%  2428 6785s
  1910  1765 1.3121e+07   50 1835 1.3763e+07 1.3111e+07  4.74%  2425 6792s
  1912  1766 1.3516e+07  124 1841 1.3763e+07 1.3111e+07  4.74%  2422 6795s
  1913  1767 1.3199e+07   59 1841 1.3763e+07 1.3111e+07  4.74%  2421 6806s
  1914  1768 1.3519e+07  137 1841 1.3763e+07 1.3111e+07  4.74%  2420 6827s
  1915  1771 1.3111e+07   25 1863 1.3763e+07 1.3111e+07  4.74%  2566 6845s
  1917  1775 1.3112e+07   26 1800 1.3763e+07 1.3111e+07  4.74%  2567 6882s
  1921  1777 1.3112e+07   27 1856 1.3763e+07 1.3112e+07  4.73%  2573 6893s
  1925  1780 1.3113e+07   27 1842 1.3763e+07 1.3112e+07  4.73%  2577 6917s
  1929  1783 1.3112e+07   28 1863 1.3763e+07 1.3112e+07  4.73%  2588 6922s
  1933  1785 1.3114e+07   28 1793 1.3763e+07 1.3112e+07  4.73%  2588 6938s
  1937  1789 1.3113e+07   29 1820 1.3763e+07 1.3112e+07  4.73%  2594 6950s
  1942  1791 1.3114e+07   29 1787 1.3763e+07 1.3112e+07  4.73%  2596 6963s
  1946  1795 1.3113e+07   30 1823 1.3763e+07 1.3112e+07  4.73%  2596 6982s
  1951  1797 1.3113e+07   31 1787 1.3763e+07 1.3113e+07  4.73%  2607 6996s
  1955  1801 1.3121e+07   31 1788 1.3763e+07 1.3113e+07  4.73%  2613 7019s
  1960  1803 1.3116e+07   32 1778 1.3763e+07 1.3113e+07  4.73%  2620 7035s
  1964  1807 1.3125e+07   32 1761 1.3763e+07 1.3113e+07  4.73%  2624 7066s
  1969  1810 1.3116e+07   33 1791 1.3763e+07 1.3113e+07  4.73%  2631 7083s
  1974  1813 1.3119e+07   34 1816 1.3763e+07 1.3113e+07  4.73%  2639 7109s
  1975  1812 1.3119e+07   34 1790 1.3763e+07 1.3113e+07  4.73%  2640 7110s
  1978  1816 1.3129e+07   34 1725 1.3763e+07 1.3113e+07  4.73%  2655 7128s
  1983  1821 1.3119e+07   35 1792 1.3763e+07 1.3113e+07  4.73%  2658 7153s
  1989  1824 1.3120e+07   36 1858 1.3763e+07 1.3113e+07  4.73%  2665 7181s
  1994  1827 1.3121e+07   37 1841 1.3763e+07 1.3113e+07  4.73%  2675 7211s
  1999  1829 1.3131e+07   37 1791 1.3763e+07 1.3113e+07  4.73%  2692 7235s
  2003  1832 1.3121e+07   38 1819 1.3763e+07 1.3113e+07  4.73%  2701 7263s
  2007  1835 1.3125e+07   38 1860 1.3763e+07 1.3113e+07  4.73%  2709 7285s
  2011  1839 1.3123e+07   39 1808 1.3763e+07 1.3113e+07  4.73%  2714 7314s
  2017  1844 1.3126e+07   40 1781 1.3763e+07 1.3113e+07  4.73%  2729 7350s
  2024  1849 1.3128e+07   41 1815 1.3763e+07 1.3113e+07  4.73%  2744 7387s
  2031  1851 1.3130e+07   42 1768 1.3763e+07 1.3113e+07  4.73%  2770 7436s
  2035  1857 1.3149e+07   42 1750 1.3763e+07 1.3113e+07  4.73%  2787 7500s
  2043  1866 1.3131e+07   43 1805 1.3763e+07 1.3113e+07  4.73%  2801 7543s
  2054  1874 1.3145e+07   44 1748 1.3763e+07 1.3113e+07  4.73%  2812 7570s
  2066  1879 1.3133e+07   45 1790 1.3763e+07 1.3113e+07  4.73%  2815 7665s
  2075  1882 1.3144e+07   46 1656 1.3763e+07 1.3113e+07  4.73%  2847 7725s
  2081  1890 1.3140e+07   47 1731 1.3763e+07 1.3113e+07  4.73%  2876 7826s
  2091  1894 1.3141e+07   49 1779 1.3763e+07 1.3113e+07  4.73%  2905 7877s
  2098  1900 1.3143e+07   50 1757 1.3763e+07 1.3113e+07  4.73%  2924 7945s
H 2104  1807                    1.375840e+07 1.3113e+07  4.69%  2931 7945s
  2107  1814 1.3144e+07   51 1723 1.3758e+07 1.3113e+07  4.69%  2939 8018s
  2115  1821 1.3144e+07   52 1701 1.3758e+07 1.3113e+07  4.69%  2961 8074s
  2124  1840 1.3145e+07   54 1669 1.3758e+07 1.3113e+07  4.69%  2987 8134s
  2146  1858 1.3153e+07   57 1700 1.3758e+07 1.3113e+07  4.69%  3000 8175s
  2172  1880 1.3173e+07   61 1692 1.3758e+07 1.3113e+07  4.69%  3004 8211s
  2202  1883 1.3169e+07   63 1661 1.3758e+07 1.3113e+07  4.69%  3006 8293s
  2215  1891 1.3161e+07   64 1745 1.3758e+07 1.3113e+07  4.69%  3029 8376s
  2228  1898 1.3170e+07   65 1697 1.3758e+07 1.3113e+07  4.69%  3072 8455s
  2239  1920 1.3167e+07   66 1770 1.3758e+07 1.3113e+07  4.69%  3094 8529s
  2265  1926 1.3168e+07   68 1723 1.3758e+07 1.3113e+07  4.69%  3108 8590s
  2279  1936 1.3169e+07   69 1690 1.3758e+07 1.3113e+07  4.69%  3142 8665s
  2294  1949 1.3172e+07   70 1675 1.3758e+07 1.3113e+07  4.69%  3176 8760s
  2312  1960 1.3173e+07   72 1629 1.3758e+07 1.3113e+07  4.69%  3224 8861s
H 2316  1874                    1.375592e+07 1.3113e+07  4.67%  3243 8861s
  2329  1893 1.3173e+07   73 1648 1.3756e+07 1.3113e+07  4.67%  3263 8945s
  2353  1907 1.3174e+07   76 1630 1.3756e+07 1.3113e+07  4.67%  3303 9043s
  2375  1935 1.3176e+07   77 1683 1.3756e+07 1.3113e+07  4.67%  3341 9120s
H 2383  1850                    1.375577e+07 1.3113e+07  4.67%  3367 9120s
  2410  1873 1.3208e+07   79 1662 1.3756e+07 1.3113e+07  4.67%  3361 9221s
  2442  1891 1.3204e+07   81 1603 1.3756e+07 1.3113e+07  4.67%  3382 9327s
H 2449  1811                    1.375402e+07 1.3113e+07  4.66%  3400 9327s
  2470  1849 1.3211e+07   83 1607 1.3754e+07 1.3113e+07  4.66%  3407 9385s
  2515  1878 1.3219e+07   85 1519 1.3754e+07 1.3113e+07  4.66%  3410 9453s
  2559  1921 1.3241e+07   89 1633 1.3754e+07 1.3113e+07  4.66%  3431 9517s
H 2616  1882                    1.375168e+07 1.3113e+07  4.65%  3430 9589s
  2669  1917 1.3295e+07   94 1368 1.3752e+07 1.3113e+07  4.65%  3407 9691s
  2722  1915 1.3304e+07   97 1385 1.3752e+07 1.3113e+07  4.65%  3371 9931s
  2738  1987 1.3308e+07  101 1437 1.3752e+07 1.3113e+07  4.65%  3386 10287s
  2817  2035 1.3318e+07  106 1434 1.3752e+07 1.3113e+07  4.65%  3358 10439s
  2841  2027 1.3557e+07  138 1121 1.3752e+07 1.3113e+07  4.65%  3363 10440s
  2895  2118 1.3325e+07  114 1432 1.3752e+07 1.3113e+07  4.65%  3324 10598s
  3006  2175 1.3340e+07  124 1433 1.3752e+07 1.3113e+07  4.65%  3256 10708s
  3100  2217 1.3375e+07  132 1242 1.3752e+07 1.3113e+07  4.65%  3212 10947s
  3178  2352 1.3352e+07  132 1328 1.3752e+07 1.3113e+07  4.65%  3170 11040s
  3351  2403 1.3381e+07  145 1229 1.3752e+07 1.3113e+07  4.65%  3084 11209s
  3499  2423 1.3394e+07  152 1230 1.3752e+07 1.3113e+07  4.65%  3028 11316s
  3587  2448 1.3429e+07  163 1295 1.3752e+07 1.3113e+07  4.65%  3028 11417s
  3643  2456 1.3442e+07  176 1292 1.3752e+07 1.3113e+07  4.65%  3043 11651s
  3670  2512 1.3443e+07  177 1263 1.3752e+07 1.3113e+07  4.65%  3058 11770s
  3735  2555 1.3481e+07  189 1181 1.3752e+07 1.3113e+07  4.65%  3071 11966s
  3801  2628 1.3562e+07  201 1182 1.3752e+07 1.3113e+07  4.65%  3092 12098s
  3902  2712 1.3629e+07  230 1075 1.3752e+07 1.3113e+07  4.65%  3099 12499s
  4020  2775 1.3633e+07  258  901 1.3752e+07 1.3113e+07  4.65%  3097 12639s
  4070  2758 1.3348e+07  191 1322 1.3752e+07 1.3113e+07  4.65%  3089 12640s
  4122  2952 1.3647e+07  283  856 1.3752e+07 1.3113e+07  4.65%  3105 12791s
  4339  3176 1.3666e+07  326  751 1.3752e+07 1.3113e+07  4.64%  3046 12935s
H 4586  3018                    1.372684e+07 1.3113e+07  4.47%  2960 12935s
  4692  3288 1.3128e+07   29 1687 1.3727e+07 1.3113e+07  4.47%  2915 13085s
H 5022  3229                    1.369450e+07 1.3113e+07  4.25%  2806 13217s
H 5242  3193                    1.369204e+07 1.3113e+07  4.23%  2759 13448s
  5354  3293 1.3340e+07   92 1224 1.3692e+07 1.3113e+07  4.23%  2738 13687s
  5629  3480 1.3341e+07   93 1166 1.3692e+07 1.3114e+07  4.22%  2692 13865s
  5844  3544 1.3126e+07   29 1767 1.3692e+07 1.3114e+07  4.22%  2660 14038s
  5908  3664 1.3166e+07   39 1632 1.3692e+07 1.3114e+07  4.22%  2698 14284s
  6039  3876 1.3185e+07   47 1566 1.3692e+07 1.3114e+07  4.22%  2695 14476s
  6274  3974 1.3245e+07   58 1378 1.3692e+07 1.3114e+07  4.22%  2670 14659s
H 6281  3962                    1.369045e+07 1.3114e+07  4.21%  2672 14659s
H 6341  3947                    1.368814e+07 1.3114e+07  4.19%  2664 14659s
  6383  4076 1.3251e+07   62 1350 1.3688e+07 1.3114e+07  4.19%  2682 15213s
  6512  4180 1.3444e+07   98 1181 1.3688e+07 1.3114e+07  4.19%  2677 15425s
H 6513  4111                    1.367638e+07 1.3114e+07  4.11%  2676 15425s
  6623  4314 1.3348e+07  102 1132 1.3676e+07 1.3114e+07  4.11%  2658 15666s
  6863  4553 1.3427e+07  164 1029 1.3676e+07 1.3114e+07  4.11%  2651 15892s
  7144  4679 1.3505e+07  250  855 1.3676e+07 1.3116e+07  4.10%  2628 16134s
  7295  4802 1.3169e+07   35 1647 1.3676e+07 1.3116e+07  4.10%  2654 16370s
  7429  4964 1.3256e+07   63 1418 1.3676e+07 1.3117e+07  4.09%  2681 16631s
  7639  5055 1.3159e+07   35 1602 1.3676e+07 1.3117e+07  4.09%  2686 16892s
  7730  5268 1.3321e+07   55 1499 1.3676e+07 1.3117e+07  4.09%  2734 17189s
  7969  5504 1.3427e+07  101 1243 1.3676e+07 1.3118e+07  4.08%  2734 17500s
  8233  5848 1.3159e+07   34 1625 1.3676e+07 1.3118e+07  4.08%  2713 17791s
  8591  6123 1.3308e+07   46 1358 1.3676e+07 1.3118e+07  4.08%  2685 18093s
  8890  6342 1.3649e+07   79 1069 1.3676e+07 1.3119e+07  4.08%  2687 18422s
  9205  6568 1.3287e+07   50 1508 1.3676e+07 1.3120e+07  4.07%  2685 18765s
  9466  6804 1.3132e+07   37 1709 1.3676e+07 1.3120e+07  4.07%  2699 19116s
  9727  7127 1.3212e+07   54 1535 1.3676e+07 1.3120e+07  4.07%  2712 19534s
 10067  7627 infeasible  111      1.3676e+07 1.3120e+07  4.07%  2706 19931s
 10611  7906 1.3633e+07  176  899 1.3676e+07 1.3120e+07  4.07%  2675 20412s
 10983  8148 1.3457e+07   55 1383 1.3676e+07 1.3120e+07  4.07%  2694 20919s
 11284  8598 1.3210e+07   49 1692 1.3676e+07 1.3121e+07  4.06%  2724 21489s
 11827  8964 1.3225e+07   52 1695 1.3676e+07 1.3121e+07  4.06%  2716 22085s
 12265  9425 1.3162e+07   46 1768 1.3676e+07 1.3122e+07  4.06%  2721 22609s
 12794  9844 1.3169e+07   32 1636 1.3676e+07 1.3122e+07  4.05%  2703 23141s
 13253  9991 1.3141e+07   37 1768 1.3676e+07 1.3122e+07  4.05%  2697 23632s
 13411 10505 1.3244e+07   54 1533 1.3676e+07 1.3122e+07  4.05%  2742 24162s
 13944 10914 1.3397e+07  107 1067 1.3676e+07 1.3123e+07  4.05%  2732 24655s
 14476 11296 1.3144e+07   37 1750 1.3676e+07 1.3123e+07  4.04%  2720 25170s
 14918 11456 1.3133e+07   36 1764 1.3676e+07 1.3123e+07  4.04%  2716 25667s
 15100 11870 1.3213e+07   44 1550 1.3676e+07 1.3123e+07  4.04%  2749 26141s
 15550 12373 1.3351e+07  108 1143 1.3676e+07 1.3124e+07  4.04%  2755 26685s
 16107 12706 1.3140e+07   36 1751 1.3676e+07 1.3124e+07  4.04%  2727 27177s
 16503 13056 1.3376e+07  104 1415 1.3676e+07 1.3125e+07  4.03%  2729 27675s
 16885 13213 1.3170e+07   44 1551 1.3676e+07 1.3125e+07  4.03%  2735 28151s
 17055 13609 1.3258e+07   75 1294 1.3676e+07 1.3125e+07  4.03%  2759 28624s
 17492 14100 1.3146e+07   35 1635 1.3676e+07 1.3125e+07  4.03%  2758 29142s
 18081 14387 1.3144e+07   33 1530 1.3676e+07 1.3125e+07  4.03%  2735 29612s
 18426 14628 1.3163e+07   37 1608 1.3676e+07 1.3126e+07  4.03%  2751 30084s
 18724 14877 1.3149e+07   36 1694 1.3676e+07 1.3126e+07  4.02%  2764 30587s
H18930 14839                    1.367254e+07 1.3127e+07  3.99%  2766 30587s
H19019 14954                    1.366631e+07 1.3127e+07  3.95%  2772 31082s
H19039 14933                    1.366510e+07 1.3127e+07  3.94%  2775 31083s
H19238 15539                    1.366401e+07 1.3127e+07  3.93%  2786 31596s
 19946 15819 1.3177e+07   42 1586 1.3664e+07 1.3127e+07  3.93%  2764 32080s
 20281 16131 1.3311e+07   80 1271 1.3664e+07 1.3127e+07  3.93%  2769 32541s
 20630 16217     cutoff  134      1.3664e+07 1.3127e+07  3.93%  2777 33037s
 20722 16365 1.3568e+07  146  911 1.3664e+07 1.3127e+07  3.93%  2778 33506s
 20898 16366 1.3582e+07  414 1905 1.3664e+07 1.3127e+07  3.93%  2786 37666s
 20900 16367 1.3540e+07   59 1797 1.3664e+07 1.3127e+07  3.93%  2786 37679s
 20901 16368 1.3242e+07   71 2018 1.3664e+07 1.3127e+07  3.93%  2786 37709s
 20902 16369 1.3493e+07  138 1998 1.3664e+07 1.3127e+07  3.93%  2786 37775s
 20903 16369 1.3441e+07  146 2070 1.3664e+07 1.3127e+07  3.93%  2786 37820s
 20904 16370 1.3260e+07   62 2029 1.3664e+07 1.3127e+07  3.93%  2786 37863s
 20905 16371 1.3378e+07   91 2003 1.3664e+07 1.3127e+07  3.93%  2785 37899s
 20906 16371 1.3199e+07   48 2014 1.3664e+07 1.3127e+07  3.93%  2785 37933s
 20907 16372 1.3284e+07  105 1971 1.3664e+07 1.3127e+07  3.93%  2785 37951s
 20908 16373 1.3210e+07   81 1973 1.3664e+07 1.3127e+07  3.93%  2785 37975s
 20909 16373 1.3138e+07   39 1975 1.3664e+07 1.3127e+07  3.93%  2785 37996s
 20910 16374 1.3603e+07  219 1953 1.3664e+07 1.3127e+07  3.93%  2785 38006s
 20911 16375 1.3540e+07   66 1921 1.3664e+07 1.3127e+07  3.93%  2785 38022s
 20912 16375 1.3305e+07   70 1899 1.3664e+07 1.3127e+07  3.93%  2785 38034s
 20913 16376 1.3265e+07   65 1895 1.3664e+07 1.3127e+07  3.93%  2784 38038s
 20914 16377 1.3409e+07  111 1931 1.3664e+07 1.3127e+07  3.93%  2784 38043s
 20915 16377 1.3182e+07   41 1919 1.3664e+07 1.3127e+07  3.93%  2784 38048s
 20916 16378 1.3271e+07   52 1937 1.3664e+07 1.3127e+07  3.93%  2784 38051s
 20917 16379 1.3316e+07   96 1860 1.3664e+07 1.3127e+07  3.93%  2784 38056s
 20920 16381 1.3347e+07   81 1876 1.3664e+07 1.3127e+07  3.93%  2783 38061s
 20923 16383 1.3535e+07  206 1877 1.3664e+07 1.3127e+07  3.93%  2783 38066s
 20924 16383 1.3264e+07   57 1883 1.3664e+07 1.3127e+07  3.93%  2783 38177s
 20925 16384 1.3148e+07   37 1873 1.3664e+07 1.3127e+07  3.93%  2783 38228s
 20926 16385 1.3189e+07   54 1782 1.3664e+07 1.3127e+07  3.93%  2783 38338s
 20927 16385 1.3229e+07   68 1800 1.3664e+07 1.3127e+07  3.93%  2783 38342s
 20928 16386 1.3562e+07  416 1801 1.3664e+07 1.3127e+07  3.93%  2782 38345s
 20930 16387 1.3499e+07  314 1767 1.3664e+07 1.3127e+07  3.93%  2782 38396s
 20931 16388 1.3347e+07  123 1837 1.3664e+07 1.3127e+07  3.93%  2782 38450s
 20934 16390 1.3463e+07   77 1850 1.3664e+07 1.3127e+07  3.93%  2782 38455s
 20936 16391 1.3443e+07  128 1866 1.3664e+07 1.3127e+07  3.93%  2781 38505s
 20937 16392 1.3347e+07  120 1815 1.3664e+07 1.3127e+07  3.93%  2781 38610s
 20939 16393 1.3309e+07   46 1800 1.3664e+07 1.3127e+07  3.93%  2781 38615s
 20940 16394 1.3328e+07   65 1798 1.3664e+07 1.3127e+07  3.93%  2781 38670s
 20941 16395 1.3496e+07  380 1819 1.3664e+07 1.3127e+07  3.93%  2781 38783s
 20942 16395 1.3367e+07   87 1837 1.3664e+07 1.3127e+07  3.93%  2781 38786s
 20945 16397 1.3242e+07   53 1801 1.3664e+07 1.3127e+07  3.93%  2780 38839s
 20946 16398 1.3592e+07  118 1788 1.3664e+07 1.3127e+07  3.93%  2780 38900s
 20949 16400 1.3602e+07  118 1773 1.3664e+07 1.3127e+07  3.93%  2780 38952s
 20950 16401 1.3430e+07   98 1763 1.3664e+07 1.3127e+07  3.93%  2779 39004s
 20951 16401 1.3321e+07  108 1772 1.3664e+07 1.3127e+07  3.93%  2779 39058s
 20952 16402 1.3271e+07   70 1799 1.3664e+07 1.3127e+07  3.93%  2779 39112s
 20953 16403 1.3160e+07   40 1805 1.3664e+07 1.3127e+07  3.93%  2779 39163s
 20954 16403 1.3317e+07   69 1840 1.3664e+07 1.3127e+07  3.93%  2779 39213s
 20956 16405 1.3492e+07   96 1814 1.3664e+07 1.3127e+07  3.93%  2779 39264s
 20957 16405 1.3292e+07   80 1817 1.3664e+07 1.3127e+07  3.93%  2779 39318s
 20958 16406 1.3519e+07  292 1830 1.3664e+07 1.3127e+07  3.93%  2778 39375s
 20959 16407 1.3536e+07  191 1818 1.3664e+07 1.3127e+07  3.93%  2778 39428s
 20960 16407 1.3207e+07   47 1816 1.3664e+07 1.3127e+07  3.93%  2778 39482s
 20961 16408 1.3478e+07   94 1841 1.3664e+07 1.3127e+07  3.93%  2778 39533s
 20962 16409 1.3372e+07   96 1844 1.3664e+07 1.3127e+07  3.93%  2778 39588s
 20963 16409 1.3257e+07   61 1837 1.3664e+07 1.3127e+07  3.93%  2778 39641s
 20964 16410 1.3220e+07   63 1837 1.3664e+07 1.3127e+07  3.93%  2778 39692s
 20965 16411 1.3268e+07   46 1819 1.3664e+07 1.3127e+07  3.93%  2778 39748s
 20966 16411 1.3244e+07   68 1819 1.3664e+07 1.3127e+07  3.93%  2777 39806s
 20967 16412 1.3325e+07   89 1815 1.3664e+07 1.3127e+07  3.93%  2777 39864s
 20968 16413 1.3486e+07   91 1841 1.3664e+07 1.3127e+07  3.93%  2777 39866s
 20969 16413 1.3643e+07  119 1818 1.3664e+07 1.3127e+07  3.93%  2777 39920s
 20970 16414 1.3324e+07  118 1823 1.3664e+07 1.3127e+07  3.93%  2777 39969s
 20971 16415 1.3206e+07   40 1821 1.3664e+07 1.3127e+07  3.93%  2777 40024s
 20972 16415 1.3281e+07   48 1827 1.3664e+07 1.3127e+07  3.93%  2777 40103s
 20973 16416 1.3479e+07  249 1810 1.3664e+07 1.3127e+07  3.93%  2776 40151s
 20974 16417 1.3157e+07   45 1848 1.3664e+07 1.3127e+07  3.93%  2776 40201s
 20976 16418 1.3170e+07   48 1841 1.3664e+07 1.3127e+07  3.93%  2776 40206s
 20978 16419 1.3142e+07   39 1837 1.3664e+07 1.3127e+07  3.93%  2776 40211s
 20981 16421 1.3132e+07   32 1836 1.3664e+07 1.3127e+07  3.93%  2775 40265s
 20982 16422 1.3404e+07  117 1837 1.3664e+07 1.3127e+07  3.93%  2775 40312s
 20983 16423 1.3151e+07   40 1810 1.3664e+07 1.3127e+07  3.93%  2775 40361s
 20984 16423 1.3298e+07   60 1810 1.3664e+07 1.3127e+07  3.93%  2775 40412s
 20986 16425 1.3389e+07   60 1829 1.3664e+07 1.3127e+07  3.93%  2775 40415s
 20987 16425 1.3656e+07  174 1792 1.3664e+07 1.3127e+07  3.93%  2775 40466s
 20988 16426 1.3379e+07  100 1781 1.3664e+07 1.3127e+07  3.93%  2774 40514s
 20989 16427 1.3185e+07   56 1801 1.3664e+07 1.3127e+07  3.93%  2774 40567s
 20990 16427 1.3611e+07  217 1812 1.3664e+07 1.3127e+07  3.93%  2774 40619s
 20991 16428 1.3618e+07  168 1820 1.3664e+07 1.3127e+07  3.93%  2774 40667s
 20992 16429 1.3349e+07   79 1827 1.3664e+07 1.3127e+07  3.93%  2774 40722s
 20993 16429 1.3253e+07   69 1812 1.3664e+07 1.3127e+07  3.93%  2774 40773s
 20994 16430 1.3504e+07  108 1830 1.3664e+07 1.3127e+07  3.93%  2774 40821s
 20995 16431 1.3602e+07  240 1805 1.3664e+07 1.3127e+07  3.93%  2774 40876s
 20996 16431 1.3465e+07   93 1832 1.3664e+07 1.3127e+07  3.93%  2773 40931s
 20998 16433 1.3582e+07  414 1848 1.3664e+07 1.3127e+07  3.93%  2773 40984s
 20999 16433 1.3218e+07   47 1919 1.3664e+07 1.3127e+07  3.93%  2773 41039s
 21000 16434 1.3540e+07   59 1908 1.3664e+07 1.3127e+07  3.93%  2773 41040s
 21002 16435 1.3493e+07  138 1891 1.3664e+07 1.3127e+07  3.93%  2773 41093s
 21003 16436 1.3441e+07  146 1891 1.3664e+07 1.3127e+07  3.93%  2772 41143s
 21004 16437 1.3260e+07   62 1896 1.3664e+07 1.3127e+07  3.93%  2772 41145s
 21005 16437 1.3378e+07   91 1879 1.3664e+07 1.3127e+07  3.93%  2772 41201s
 21006 16438 1.3199e+07   48 1875 1.3664e+07 1.3127e+07  3.93%  2772 41254s
 21007 16439 1.3284e+07  105 1885 1.3664e+07 1.3127e+07  3.93%  2772 41255s
 21008 16439 1.3210e+07   81 1879 1.3664e+07 1.3127e+07  3.93%  2772 41300s
 21009 16440 1.3138e+07   39 1850 1.3664e+07 1.3127e+07  3.93%  2772 41343s
 21010 16441 1.3603e+07  219 1879 1.3664e+07 1.3127e+07  3.93%  2772 41393s
 21011 16441 1.3540e+07   66 1904 1.3664e+07 1.3127e+07  3.93%  2771 41441s
 21012 16442 1.3305e+07   70 1903 1.3664e+07 1.3127e+07  3.93%  2771 41492s
 21013 16443 1.3265e+07   65 1913 1.3664e+07 1.3127e+07  3.93%  2771 41545s
 21014 16443 1.3409e+07  111 1917 1.3664e+07 1.3127e+07  3.93%  2771 41595s
 21015 16444 1.3182e+07   41 1910 1.3664e+07 1.3127e+07  3.93%  2771 41647s
 21017 16445 1.3316e+07   96 1945 1.3664e+07 1.3127e+07  3.93%  2771 41702s
 21018 16446 1.3645e+07  320 1885 1.3664e+07 1.3127e+07  3.93%  2770 41752s
 21019 16447 1.3300e+07  110 1907 1.3664e+07 1.3128e+07  3.92%  2770 41801s
 21020 16447 1.3347e+07   81 1896 1.3664e+07 1.3128e+07  3.92%  2770 41848s
 21021 16448 1.3454e+07   74 1898 1.3664e+07 1.3128e+07  3.92%  2770 41895s
 21022 16449 1.3173e+07   44 1893 1.3664e+07 1.3128e+07  3.92%  2770 41947s
 21024 16450 1.3264e+07   57 1894 1.3664e+07 1.3128e+07  3.92%  2770 41998s
 21025 16451 1.3148e+07   37 1886 1.3664e+07 1.3129e+07  3.92%  2770 42047s
 21026 16451 1.3189e+07   54 1894 1.3664e+07 1.3129e+07  3.92%  2769 42101s
 21027 16452 1.3229e+07   68 1892 1.3664e+07 1.3129e+07  3.92%  2769 42151s
 21028 16453 1.3562e+07  416 1887 1.3664e+07 1.3129e+07  3.92%  2769 42202s
 21029 16453 1.3399e+07  313 1883 1.3664e+07 1.3129e+07  3.92%  2769 42256s
 21030 16454 1.3499e+07  314 1876 1.3664e+07 1.3129e+07  3.92%  2769 42305s
 21031 16455 1.3347e+07  123 1892 1.3664e+07 1.3129e+07  3.91%  2769 42364s
 21032 16455 1.3540e+07  111 1891 1.3664e+07 1.3129e+07  3.91%  2769 42419s
 21033 16456 1.3362e+07   73 1883 1.3664e+07 1.3129e+07  3.91%  2769 42468s
 21034 16457 1.3463e+07   77 1889 1.3664e+07 1.3129e+07  3.91%  2768 42520s
 21035 16457 1.3347e+07  101 1873 1.3664e+07 1.3129e+07  3.91%  2768 42574s
 21036 16458 1.3443e+07  128 1887 1.3664e+07 1.3129e+07  3.91%  2768 42625s
 21037 16459 1.3347e+07  120 1884 1.3664e+07 1.3129e+07  3.91%  2768 42677s
 21038 16459 1.3224e+07   70 1887 1.3664e+07 1.3129e+07  3.91%  2768 42729s
 21039 16460 1.3309e+07   46 1880 1.3664e+07 1.3130e+07  3.91%  2768 42782s
 21040 16461 1.3328e+07   65 1881 1.3664e+07 1.3130e+07  3.91%  2768 42831s
 21041 16461 1.3496e+07  380 1864 1.3664e+07 1.3130e+07  3.91%  2767 42885s
 21042 16462 1.3367e+07   87 1864 1.3664e+07 1.3130e+07  3.91%  2767 42934s
 21043 16463 1.3259e+07   56 1867 1.3664e+07 1.3130e+07  3.91%  2767 42989s
 21044 16463 1.3656e+07  151 1867 1.3664e+07 1.3130e+07  3.91%  2767 43043s
 21045 16464 1.3242e+07   53 1867 1.3664e+07 1.3130e+07  3.91%  2767 43053s
 21046 16468 1.3130e+07   35 1876 1.3664e+07 1.3130e+07  3.91%  2781 43066s
 21048 16471 1.3130e+07   36 1845 1.3664e+07 1.3130e+07  3.91%  2781 43097s
 21052 16474 1.3130e+07   37 1747 1.3664e+07 1.3130e+07  3.91%  2782 43113s
 21056 16476 1.3130e+07   37 1730 1.3664e+07 1.3130e+07  3.91%  2783 43136s
 21060 16479 1.3130e+07   38 1748 1.3664e+07 1.3130e+07  3.91%  2786 43212s
 21064 16482 1.3130e+07   38 1742 1.3664e+07 1.3130e+07  3.91%  2790 43230s
 21068 16486 1.3134e+07   39 1786 1.3664e+07 1.3130e+07  3.91%  2791 43256s
 21074 16488 1.3133e+07   39 1690 1.3664e+07 1.3130e+07  3.91%  2791 43271s
 21078 16493 1.3140e+07   40 1659 1.3664e+07 1.3130e+07  3.91%  2792 43290s
 21084 16496 1.3139e+07   40 1747 1.3664e+07 1.3130e+07  3.91%  2792 43310s
 21089 16499 1.3141e+07   41 1675 1.3664e+07 1.3130e+07  3.91%  2792 43335s
 21094 16503 1.3143e+07   41 1748 1.3664e+07 1.3130e+07  3.91%  2793 43351s
 21099 16510 1.3141e+07   42 1689 1.3664e+07 1.3130e+07  3.91%  2794 43424s
 21108 16511 1.3154e+07   43 1710 1.3664e+07 1.3130e+07  3.91%  2795 43443s
 21112 16517 1.3142e+07   44 1686 1.3664e+07 1.3130e+07  3.91%  2796 43469s
 21119 16523 1.3142e+07   45 1658 1.3664e+07 1.3130e+07  3.91%  2796 43484s
 21128 16528 1.3150e+07   47 1587 1.3664e+07 1.3130e+07  3.91%  2796 43504s
 21130 16528 1.3164e+07   44 1613 1.3664e+07 1.3130e+07  3.91%  2796 43505s
 21136 16535 1.3144e+07   48 1631 1.3664e+07 1.3130e+07  3.91%  2796 43532s
 21145 16542 1.3144e+07   49 1660 1.3664e+07 1.3130e+07  3.91%  2797 43557s
 21155 16546 1.3147e+07   51 1592 1.3664e+07 1.3130e+07  3.91%  2798 43581s
 21163 16552 1.3152e+07   51 1632 1.3664e+07 1.3130e+07  3.91%  2799 43602s
 21171 16558 1.3148e+07   52 1578 1.3664e+07 1.3130e+07  3.91%  2799 43633s
 21180 16565 1.3148e+07   53 1570 1.3664e+07 1.3130e+07  3.91%  2799 43656s
 21190 16573 1.3153e+07   54 1584 1.3664e+07 1.3130e+07  3.91%  2801 43690s
 21201 16575 1.3155e+07   55 1558 1.3664e+07 1.3130e+07  3.91%  2802 43724s
 21207 16584 1.3156e+07   56 1604 1.3664e+07 1.3130e+07  3.91%  2804 43791s
 21218 16589 1.3174e+07   57 1562 1.3664e+07 1.3130e+07  3.91%  2807 43844s
 21227 16602 1.3169e+07   58 1523 1.3664e+07 1.3130e+07  3.91%  2809 43875s
 21243 16612 1.3174e+07   61 1453 1.3664e+07 1.3130e+07  3.91%  2809 43928s
 21258 16621 1.3179e+07   64 1439 1.3664e+07 1.3130e+07  3.91%  2811 43967s
 21272 16628 1.3215e+07   67 1425 1.3664e+07 1.3130e+07  3.91%  2812 44009s
 21286 16642 1.3207e+07   69 1420 1.3664e+07 1.3130e+07  3.91%  2813 44049s
 21304 16652 1.3188e+07   72 1456 1.3664e+07 1.3130e+07  3.91%  2814 44085s
 21320 16668 1.3206e+07   76 1348 1.3664e+07 1.3130e+07  3.91%  2815 44120s
 21342 16679 1.3201e+07   78 1359 1.3664e+07 1.3130e+07  3.91%  2815 44160s
 21360 16693 1.3247e+07   80 1253 1.3664e+07 1.3130e+07  3.91%  2816 44201s
 21380 16699 1.3264e+07   82 1267 1.3664e+07 1.3130e+07  3.91%  2817 44254s
 21393 16706 1.3282e+07   83 1316 1.3664e+07 1.3130e+07  3.91%  2818 44306s
 21404 16727 1.3272e+07   84 1252 1.3664e+07 1.3130e+07  3.91%  2821 44352s
H21431 15900                    1.360971e+07 1.3130e+07  3.53%  2821 44437s
 21441 15923 1.3296e+07   90 1250 1.3610e+07 1.3130e+07  3.53%  2822 44482s
H21467 15136                    1.359990e+07 1.3130e+07  3.46%  2822 44598s
H21472 14390                    1.359958e+07 1.3130e+07  3.46%  2822 44598s
 21474 14415 1.3310e+07   94 1185 1.3600e+07 1.3130e+07  3.46%  2823 44652s
 21500 14413 1.3312e+07   96 1170 1.3600e+07 1.3130e+07  3.46%  2824 44766s
 21507 14454 1.3310e+07   96 1231 1.3600e+07 1.3130e+07  3.46%  2824 44822s
 21553 14455 1.3333e+07  107 1064 1.3600e+07 1.3130e+07  3.46%  2823 45020s
 21569 14481 1.3341e+07  112 1044 1.3600e+07 1.3130e+07  3.46%  2823 45076s
 21601 14484 1.3346e+07  117 1032 1.3600e+07 1.3130e+07  3.46%  2825 45265s
 21614 14506 1.3412e+07  121 1050 1.3600e+07 1.3130e+07  3.46%  2829 45352s
 21655 14539 1.3352e+07  125 1024 1.3600e+07 1.3130e+07  3.46%  2829 45431s
 21701 14564 1.3363e+07  133  964 1.3600e+07 1.3130e+07  3.46%  2830 45499s
 21746 14590 1.3375e+07  140  894 1.3600e+07 1.3130e+07  3.46%  2830 45578s
 21807 14603 1.3383e+07  148  911 1.3600e+07 1.3130e+07  3.46%  2829 45673s
 21852 14637 1.3388e+07  156  872 1.3600e+07 1.3130e+07  3.46%  2830 45753s
 21902 14712 1.3397e+07  164  897 1.3600e+07 1.3130e+07  3.46%  2831 45852s
 21994 14761 1.3431e+07  178  777 1.3600e+07 1.3130e+07  3.46%  2827 45928s
 22074 14846 1.3487e+07  194  634 1.3600e+07 1.3130e+07  3.46%  2825 46009s
 22187 14866 1.3510e+07  216  676 1.3600e+07 1.3130e+07  3.46%  2820 46094s
 22306 14849 1.3580e+07  248  532 1.3600e+07 1.3130e+07  3.46%  2813 46294s
 22345 14882 1.3149e+07   41 1686 1.3600e+07 1.3130e+07  3.46%  2814 46386s
 22391 14949 1.3176e+07   47 1613 1.3600e+07 1.3130e+07  3.46%  2815 46486s
 22474 15022 1.3216e+07   55 1746 1.3600e+07 1.3130e+07  3.46%  2812 46616s
 22591 15084 1.3246e+07   63 1695 1.3600e+07 1.3130e+07  3.46%  2807 46727s
 22700 15129 1.3273e+07   72 1582 1.3600e+07 1.3130e+07  3.46%  2802 46847s
 22822 15138 1.3351e+07   87 1421 1.3600e+07 1.3130e+07  3.46%  2796 46976s
 22871 15165 1.3415e+07  116 1346 1.3600e+07 1.3130e+07  3.46%  2798 47097s
 22926 15183 1.3510e+07  141 1103 1.3600e+07 1.3131e+07  3.44%  2801 47227s
 22978 15245 1.3162e+07   40 1666 1.3600e+07 1.3131e+07  3.44%  2802 47410s
 23057 15331 1.3184e+07   43 1640 1.3600e+07 1.3131e+07  3.44%  2801 47546s
 23173 15358 infeasible   48      1.3600e+07 1.3131e+07  3.44%  2795 47688s
 23249 15416 1.3369e+07   58 1566 1.3600e+07 1.3131e+07  3.44%  2794 47837s
 23342 15421 1.3474e+07   71 1307 1.3600e+07 1.3133e+07  3.43%  2794 48005s
 23395 15466 1.3171e+07   44 1608 1.3600e+07 1.3133e+07  3.43%  2796 48184s
 23457 15506 1.3182e+07   45 1576 1.3600e+07 1.3133e+07  3.43%  2798 48380s
 23542 15542 1.3243e+07   61 1433 1.3600e+07 1.3133e+07  3.43%  2801 48602s
 23606 15632 1.3359e+07   81 1259 1.3600e+07 1.3133e+07  3.43%  2804 48770s
 23718 15690 1.3517e+07  118 1121 1.3600e+07 1.3133e+07  3.43%  2803 48962s
 23836 15737 1.3168e+07   47 1670 1.3600e+07 1.3135e+07  3.42%  2802 49261s
 23946 15813 1.3267e+07   73 1473 1.3600e+07 1.3137e+07  3.40%  2801 49466s
 24073 15834 1.3146e+07   41 1656 1.3600e+07 1.3137e+07  3.40%  2799 49687s
 24164 15868 1.3251e+07   62 1549 1.3600e+07 1.3137e+07  3.40%  2804 50128s
H24213 15135                    1.359584e+07 1.3137e+07  3.37%  2807 50128s
 24229 15209 1.3527e+07   96 1231 1.3596e+07 1.3139e+07  3.36%  2808 50357s
 24319 15297 1.3198e+07   48 1586 1.3596e+07 1.3139e+07  3.36%  2815 50573s
H24322 14617                    1.359086e+07 1.3139e+07  3.33%  2815 50573s
 24457 14657 1.3357e+07   71 1459 1.3591e+07 1.3139e+07  3.32%  2815 50801s
 24592 14769 1.3155e+07   39 1608 1.3591e+07 1.3140e+07  3.31%  2816 51040s
 24768 14813 1.3198e+07   50 1666 1.3591e+07 1.3140e+07  3.31%  2810 51294s
 24894 14907 1.3324e+07   81 1485 1.3591e+07 1.3141e+07  3.31%  2814 51588s
 25055 14909 1.3175e+07   44 1715 1.3591e+07 1.3141e+07  3.31%  2812 51994s
 25122 14992 1.3186e+07   45 1698 1.3591e+07 1.3141e+07  3.31%  2811 52318s
 25254 15128 1.3337e+07   81 1312 1.3591e+07 1.3141e+07  3.31%  2815 52649s
 25459 15231 1.3200e+07   50 1708 1.3591e+07 1.3142e+07  3.30%  2813 52961s
 25649 15308 1.3566e+07  118 1155 1.3591e+07 1.3142e+07  3.30%  2813 53326s
 25839 15474 1.3243e+07   65 1597 1.3591e+07 1.3143e+07  3.30%  2814 53690s
 26106 15478 1.3163e+07   44 1708 1.3591e+07 1.3143e+07  3.29%  2808 54052s
 26217 15625 1.3315e+07   58 1477 1.3591e+07 1.3143e+07  3.29%  2816 54453s
 26459 15767 1.3180e+07   45 1614 1.3591e+07 1.3145e+07  3.28%  2816 54875s
 26713 15912 1.3186e+07   45 1666 1.3591e+07 1.3145e+07  3.28%  2814 55319s
 26973 16029 1.3551e+07  123 1048 1.3591e+07 1.3145e+07  3.28%  2814 55774s
 27230 16270 1.3226e+07   59 1483 1.3591e+07 1.3146e+07  3.28%  2815 56224s
 27573 16650 1.3522e+07  143  998 1.3591e+07 1.3146e+07  3.28%  2809 56691s
 28153 16754 1.3381e+07   96 1249 1.3591e+07 1.3146e+07  3.27%  2783 57174s
 28508 16736 1.3199e+07   57 1494 1.3591e+07 1.3146e+07  3.27%  2778 57552s
 28611 17278 1.3224e+07   76 1431 1.3591e+07 1.3146e+07  3.27%  2783 58056s
 29236 17385 1.3419e+07  111 1171 1.3591e+07 1.3147e+07  3.27%  2762 58565s
 29614 17506 1.3289e+07   72 1406 1.3591e+07 1.3147e+07  3.27%  2756 59113s
 29953 17707 1.3409e+07   71 1329 1.3591e+07 1.3147e+07  3.27%  2759 59693s
 30331 17937 1.3311e+07   67 1522 1.3591e+07 1.3148e+07  3.26%  2757 60313s
 30736 18138 1.3391e+07   88 1390 1.3591e+07 1.3148e+07  3.26%  2754 60944s
 31104 18546 1.3193e+07   52 1572 1.3591e+07 1.3149e+07  3.25%  2757 61634s
 31688 18678 1.3463e+07  197  638 1.3591e+07 1.3149e+07  3.25%  2751 62136s
 32156 18764 1.3392e+07   69 1382 1.3591e+07 1.3150e+07  3.25%  2742 62631s
 32433 18792 1.3538e+07  104 1120 1.3591e+07 1.3150e+07  3.24%  2745 62995s
 32570 19059 1.3165e+07   49 1578 1.3591e+07 1.3150e+07  3.24%  2740 63563s
 32944 19194 1.3165e+07   45 1689 1.3591e+07 1.3150e+07  3.24%  2740 64156s
 33249 19385 1.3226e+07   52 1454 1.3591e+07 1.3151e+07  3.24%  2747 64764s
 33347 19352 1.3363e+07   60 1422 1.3591e+07 1.3151e+07  3.24%  2748 64765s
 33614 19829 1.3191e+07   44 1654 1.3591e+07 1.3151e+07  3.24%  2751 65447s
 34245 19947 1.3289e+07   84 1391 1.3591e+07 1.3151e+07  3.23%  2736 66014s
 34653 20154 1.3295e+07   57 1513 1.3591e+07 1.3152e+07  3.23%  2732 66590s
 35062 20247 1.3172e+07   43 1621 1.3591e+07 1.3152e+07  3.23%  2730 67188s
 35422 20475 1.3294e+07   49 1379 1.3591e+07 1.3153e+07  3.23%  2734 67797s
 35846 20709 1.3223e+07   57 1416 1.3591e+07 1.3153e+07  3.22%  2732 68357s
 36302 20815 1.3342e+07   82 1325 1.3591e+07 1.3153e+07  3.22%  2727 69084s
 36618 21001 1.3571e+07  122  978 1.3591e+07 1.3153e+07  3.22%  2728 69629s
 36998 21191 1.3173e+07   47 1626 1.3591e+07 1.3154e+07  3.22%  2723 70207s
 37392 21090 1.3193e+07   48 1526 1.3591e+07 1.3154e+07  3.22%  2724 70758s
 37446 21432 1.3219e+07   55 1446 1.3591e+07 1.3154e+07  3.21%  2725 71436s
 37906 21613 1.3174e+07   44 1610 1.3591e+07 1.3154e+07  3.21%  2724 72074s
 38098 21549 1.3359e+07   85 1349 1.3591e+07 1.3154e+07  3.21%  2726 72075s
 38335 21607 1.3353e+07   50 1478 1.3591e+07 1.3155e+07  3.21%  2725 72527s
 38489 21853 1.3181e+07   45 1511 1.3591e+07 1.3155e+07  3.21%  2721 73168s
 38889 22052 1.3566e+07   59 1260 1.3591e+07 1.3155e+07  3.21%  2726 73815s
 39287 22283 1.3170e+07   49 1651 1.3591e+07 1.3155e+07  3.21%  2724 74472s
 39727 22644 1.3299e+07   48 1459 1.3591e+07 1.3155e+07  3.20%  2721 75128s
 40299 22778 1.3589e+07  140  933 1.3591e+07 1.3156e+07  3.20%  2711 75900s
 40709 23085 1.3260e+07   61 1579 1.3591e+07 1.3156e+07  3.20%  2713 76526s
 41265 23021 1.3191e+07   60 1551 1.3591e+07 1.3156e+07  3.20%  2709 77041s
 41394 22979 1.3172e+07   42 1905 1.3591e+07 1.3156e+07  3.20%  2708 77687s
 41396 22980 1.3165e+07   46 1716 1.3591e+07 1.3156e+07  3.20%  2708 77699s
 41397 22981 1.3175e+07   53 1985 1.3591e+07 1.3156e+07  3.20%  2708 77731s
 41398 22982 1.3212e+07   56 2050 1.3591e+07 1.3156e+07  3.20%  2708 77776s
 41399 22982 1.3200e+07   63 2061 1.3591e+07 1.3156e+07  3.20%  2708 77830s
 41400 22983 1.3308e+07  100 2107 1.3591e+07 1.3156e+07  3.20%  2708 77877s
 41401 22984 1.3335e+07   94 2051 1.3591e+07 1.3156e+07  3.20%  2707 77919s
 41402 22984 1.3186e+07   51 2062 1.3591e+07 1.3156e+07  3.20%  2707 77955s
 41403 22985 1.3272e+07   78 2075 1.3591e+07 1.3156e+07  3.20%  2707 77975s
 41404 22986 1.3375e+07  107 2036 1.3591e+07 1.3156e+07  3.20%  2707 77999s
 41405 22986 1.3282e+07   56 2017 1.3591e+07 1.3156e+07  3.20%  2707 78021s
 41406 22987 1.3168e+07   46 1979 1.3591e+07 1.3156e+07  3.20%  2707 78037s
 41407 22988 1.3451e+07   97 2006 1.3591e+07 1.3156e+07  3.20%  2707 78051s
 41408 22988 1.3314e+07   83 1938 1.3591e+07 1.3156e+07  3.20%  2707 78065s
 41409 22989 1.3354e+07   79 1931 1.3591e+07 1.3156e+07  3.20%  2707 78077s
 41410 22990 1.3540e+07   82 1938 1.3591e+07 1.3156e+07  3.20%  2707 78087s
 41411 22990 1.3510e+07  113 1955 1.3591e+07 1.3156e+07  3.20%  2707 78096s
 41412 22991 1.3397e+07  113 1967 1.3591e+07 1.3156e+07  3.20%  2707 78102s
 41413 22992 1.3390e+07   73 1919 1.3591e+07 1.3156e+07  3.20%  2707 78109s
 41414 22992 1.3403e+07  134 1864 1.3591e+07 1.3156e+07  3.20%  2707 78113s
 41415 22993 1.3335e+07   69 1855 1.3591e+07 1.3156e+07  3.20%  2707 78115s
 41417 22994 1.3425e+07  101 1803 1.3591e+07 1.3156e+07  3.20%  2706 78121s
 41421 22997 1.3220e+07   54 1780 1.3591e+07 1.3156e+07  3.20%  2706 78125s
 41422 22998 1.3500e+07  119 1793 1.3591e+07 1.3156e+07  3.20%  2706 78226s
 41425 23000 1.3319e+07   68 1851 1.3591e+07 1.3156e+07  3.20%  2706 78233s
 41426 23000 1.3237e+07   54 1880 1.3591e+07 1.3156e+07  3.20%  2706 78235s
 41429 23002 1.3182e+07   47 1902 1.3591e+07 1.3156e+07  3.20%  2706 78290s
 41430 23003 1.3271e+07   76 1877 1.3591e+07 1.3156e+07  3.20%  2706 78408s
 41431 23004 1.3210e+07   74 1904 1.3591e+07 1.3156e+07  3.20%  2706 78412s
 41433 23005 1.3549e+07  141 1862 1.3591e+07 1.3156e+07  3.20%  2705 78416s
 41434 23006 1.3373e+07   99 1851 1.3591e+07 1.3156e+07  3.20%  2705 78422s
 41437 23008 1.3295e+07   72 1855 1.3591e+07 1.3156e+07  3.20%  2705 78477s
 41438 23008 1.3275e+07   82 1838 1.3591e+07 1.3156e+07  3.20%  2705 78586s
 41439 23009 1.3247e+07   55 1813 1.3591e+07 1.3156e+07  3.20%  2705 78590s
 41441 23010 1.3407e+07   99 1863 1.3591e+07 1.3156e+07  3.20%  2705 78595s
 41444 23012 1.3170e+07   48 1844 1.3591e+07 1.3156e+07  3.20%  2705 78648s
 41445 23013 1.3382e+07   92 1892 1.3591e+07 1.3156e+07  3.20%  2705 78750s
 41446 23014 1.3533e+07  150 1950 1.3591e+07 1.3156e+07  3.20%  2705 78755s
 41447 23014 1.3569e+07  113 1948 1.3591e+07 1.3156e+07  3.20%  2704 78760s
 41450 23016 1.3418e+07   91 1958 1.3591e+07 1.3156e+07  3.20%  2704 78767s
 41451 23017 1.3342e+07   69 1942 1.3591e+07 1.3156e+07  3.20%  2704 78816s
 41452 23018 1.3563e+07  219 1928 1.3591e+07 1.3156e+07  3.20%  2704 78873s
 41453 23018 1.3414e+07  103 1965 1.3591e+07 1.3156e+07  3.20%  2704 78876s
 41455 23020 1.3429e+07  100 1948 1.3591e+07 1.3156e+07  3.20%  2704 78930s
 41456 23020 1.3231e+07   65 1950 1.3591e+07 1.3156e+07  3.20%  2704 78982s
 41457 23021 1.3271e+07   72 1933 1.3591e+07 1.3156e+07  3.20%  2704 78985s
 41458 23022 1.3542e+07  141 1901 1.3591e+07 1.3156e+07  3.20%  2704 79038s
 41459 23022 1.3243e+07   65 1897 1.3591e+07 1.3156e+07  3.20%  2704 79084s
 41460 23023 1.3214e+07   63 1913 1.3591e+07 1.3156e+07  3.20%  2704 79131s
 41461 23024 1.3206e+07   50 1907 1.3591e+07 1.3156e+07  3.20%  2704 79178s
 41462 23024 1.3227e+07   54 1867 1.3591e+07 1.3156e+07  3.20%  2704 79180s
 41463 23025 1.3169e+07   46 1865 1.3591e+07 1.3156e+07  3.20%  2703 79228s
 41464 23026 1.3463e+07  194 1851 1.3591e+07 1.3156e+07  3.20%  2703 79278s
 41465 23026 1.3541e+07  137 1839 1.3591e+07 1.3156e+07  3.20%  2703 79326s
 41466 23027 1.3168e+07   44 1829 1.3591e+07 1.3156e+07  3.20%  2703 79376s
 41467 23028 1.3217e+07   50 1856 1.3591e+07 1.3156e+07  3.20%  2703 79436s
 41468 23028 1.3178e+07   51 1866 1.3591e+07 1.3156e+07  3.20%  2703 79486s
 41469 23029 1.3251e+07   62 1864 1.3591e+07 1.3156e+07  3.20%  2703 79531s
 41470 23030 1.3259e+07   85 1864 1.3591e+07 1.3156e+07  3.20%  2703 79580s
 41472 23031 1.3281e+07   57 1858 1.3591e+07 1.3156e+07  3.20%  2703 79628s
 41473 23032 1.3500e+07  102 1852 1.3591e+07 1.3156e+07  3.20%  2703 79677s
 41474 23032 1.3178e+07   54 1852 1.3591e+07 1.3156e+07  3.20%  2703 79722s
 41475 23033 1.3489e+07  113 1849 1.3591e+07 1.3156e+07  3.20%  2703 79769s
 41476 23034 1.3349e+07   94 1851 1.3591e+07 1.3156e+07  3.20%  2703 79819s
 41477 23034 1.3313e+07   78 1854 1.3591e+07 1.3156e+07  3.20%  2703 79865s
 41478 23035 1.3302e+07   54 1863 1.3591e+07 1.3156e+07  3.20%  2702 79913s
 41479 23036 1.3474e+07  113 1895 1.3591e+07 1.3156e+07  3.20%  2702 79958s
 41480 23036 1.3483e+07  102 1899 1.3591e+07 1.3156e+07  3.20%  2702 80002s
 41481 23037 1.3528e+07  132 1905 1.3591e+07 1.3156e+07  3.20%  2702 80049s
 41482 23038 1.3347e+07   90 1899 1.3591e+07 1.3156e+07  3.20%  2702 80093s
 41483 23038 1.3258e+07   72 1878 1.3591e+07 1.3156e+07  3.20%  2702 80136s
 41484 23039 1.3225e+07   72 1884 1.3591e+07 1.3156e+07  3.20%  2702 80182s
 41485 23040 1.3458e+07   88 1862 1.3591e+07 1.3156e+07  3.20%  2702 80227s
 41486 23040 1.3570e+07   98 1875 1.3591e+07 1.3156e+07  3.20%  2702 80271s
 41487 23041 1.3472e+07  134 1903 1.3591e+07 1.3156e+07  3.20%  2702 80317s
 41488 23042 1.3464e+07  168 1918 1.3591e+07 1.3156e+07  3.20%  2702 80361s
 41489 23042 1.3165e+07   50 1915 1.3591e+07 1.3156e+07  3.20%  2702 80407s
 41490 23043 1.3258e+07   59 1915 1.3591e+07 1.3156e+07  3.20%  2702 80455s
 41491 23044 1.3520e+07  106 1915 1.3591e+07 1.3156e+07  3.20%  2702 80461s
 41492 23047 1.3156e+07   44 1833 1.3591e+07 1.3156e+07  3.20%  2709 80509s
 41493 23047 1.3156e+07   44 1643 1.3591e+07 1.3156e+07  3.20%  2709 80510s
 41494 23051 1.3156e+07   45 1861 1.3591e+07 1.3156e+07  3.20%  2709 80556s
 41498 23053 1.3156e+07   46 1864 1.3591e+07 1.3156e+07  3.20%  2710 80581s
 41502 23056 1.3156e+07   46 1833 1.3591e+07 1.3156e+07  3.20%  2710 80617s
 41506 23059 1.3156e+07   47 1839 1.3591e+07 1.3156e+07  3.20%  2711 80646s
 41510 23061 1.3156e+07   47 1845 1.3591e+07 1.3156e+07  3.20%  2712 80682s
 41514 23066 1.3156e+07   48 1881 1.3591e+07 1.3156e+07  3.20%  2712 80710s
 41520 23070 1.3156e+07   48 1868 1.3591e+07 1.3156e+07  3.20%  2713 80737s
 41526 23073 1.3156e+07   49 1921 1.3591e+07 1.3156e+07  3.20%  2713 80769s
 41531 23075 1.3156e+07   49 1837 1.3591e+07 1.3156e+07  3.20%  2713 80806s
 41535 23079 1.3156e+07   50 1900 1.3591e+07 1.3156e+07  3.20%  2715 80828s
 41540 23084 1.3156e+07   50 1857 1.3591e+07 1.3156e+07  3.20%  2715 80864s
 41547 23090 1.3156e+07   51 1892 1.3591e+07 1.3156e+07  3.20%  2715 80897s
 41555 23094 1.3156e+07   52 1879 1.3591e+07 1.3156e+07  3.20%  2716 80935s
 41562 23098 1.3156e+07   52 1818 1.3591e+07 1.3156e+07  3.20%  2716 80965s
 41568 23106 1.3156e+07   53 1829 1.3591e+07 1.3156e+07  3.20%  2716 81002s
 41578 23111 1.3156e+07   54 1832 1.3591e+07 1.3156e+07  3.20%  2717 81039s
 41586 23113 1.3156e+07   55 1768 1.3591e+07 1.3156e+07  3.20%  2718 81088s
 41591 23118 1.3175e+07   55 1716 1.3591e+07 1.3156e+07  3.20%  2719 81141s
 41598 23121 1.3156e+07   56 1748 1.3591e+07 1.3156e+07  3.20%  2719 81435s
 41603 23125 1.3156e+07   57 1807 1.3591e+07 1.3156e+07  3.20%  2721 81487s
 41609 23129 1.3156e+07   58 1807 1.3591e+07 1.3156e+07  3.20%  2722 81553s
 41615 23135 1.3156e+07   59 1830 1.3591e+07 1.3156e+07  3.20%  2724 81780s
 41623 23151 1.3156e+07   60 1785 1.3591e+07 1.3156e+07  3.20%  2725 81809s
 41641 23162 1.3156e+07   61 1812 1.3591e+07 1.3156e+07  3.20%  2725 81858s
 41658 23165 1.3156e+07   63 1857 1.3591e+07 1.3156e+07  3.20%  2725 81907s
 41667 23176 1.3156e+07   64 1792 1.3591e+07 1.3156e+07  3.20%  2727 81951s
 41681 23180 1.3156e+07   65 1811 1.3591e+07 1.3156e+07  3.20%  2727 81996s
 41690 23185 1.3156e+07   66 1770 1.3591e+07 1.3156e+07  3.20%  2729 82038s
 41698 23191 1.3171e+07   67 1711 1.3591e+07 1.3156e+07  3.20%  2731 82090s
 41706 23198 1.3160e+07   67 1783 1.3591e+07 1.3156e+07  3.20%  2733 82144s
 41716 23212 1.3180e+07   68 1701 1.3591e+07 1.3156e+07  3.20%  2734 82198s
 41733 23219 1.3162e+07   69 1802 1.3591e+07 1.3156e+07  3.20%  2734 82259s
 41746 23237 1.3162e+07   70 1824 1.3591e+07 1.3156e+07  3.20%  2735 82307s
 41768 23242 1.3167e+07   71 1780 1.3591e+07 1.3156e+07  3.20%  2736 82368s
 41781 23257 1.3167e+07   72 1793 1.3591e+07 1.3156e+07  3.20%  2737 82445s
 41800 23280 1.3167e+07   74 1753 1.3591e+07 1.3156e+07  3.20%  2738 82506s
 41831 23299 1.3171e+07   78 1742 1.3591e+07 1.3156e+07  3.20%  2738 82565s
 41861 23325 1.3172e+07   80 1693 1.3591e+07 1.3156e+07  3.20%  2739 82642s
 41899 23360 1.3172e+07   81 1698 1.3591e+07 1.3156e+07  3.20%  2738 82698s
 41946 23384 1.3177e+07   83 1610 1.3591e+07 1.3156e+07  3.20%  2737 82779s
 41986 23397 1.3181e+07   86 1568 1.3591e+07 1.3156e+07  3.20%  2737 82867s
 42012 23411 1.3183e+07   89 1582 1.3591e+07 1.3156e+07  3.20%  2739 82936s
 42035 23433 1.3195e+07   91 1542 1.3591e+07 1.3156e+07  3.20%  2740 83001s
 42065 23465 1.3203e+07   96 1454 1.3591e+07 1.3156e+07  3.20%  2741 83086s
 42107 23491 1.3208e+07  101 1407 1.3591e+07 1.3156e+07  3.20%  2741 83168s
 42147 23535 1.3210e+07  103 1366 1.3591e+07 1.3156e+07  3.20%  2741 83241s
 42204 23550 1.3227e+07  106 1465 1.3591e+07 1.3156e+07  3.20%  2740 83314s
 42238 23543 1.3222e+07  110 1412 1.3591e+07 1.3156e+07  3.20%  2741 83846s
 42242 23584 1.3224e+07  110 1370 1.3591e+07 1.3156e+07  3.20%  2741 83919s
 42247 23583 1.3388e+07  148 1119 1.3591e+07 1.3156e+07  3.20%  2741 83920s
 42285 23608 1.3228e+07  113 1355 1.3591e+07 1.3156e+07  3.20%  2742 83995s
 42325 23631 1.3228e+07  114 1354 1.3591e+07 1.3156e+07  3.20%  2742 84076s
 42361 23685 1.3231e+07  117 1350 1.3591e+07 1.3156e+07  3.20%  2744 84158s
 42428 23722 1.3232e+07  123 1353 1.3591e+07 1.3156e+07  3.20%  2743 84278s
 42492 23806 1.3244e+07  128 1334 1.3591e+07 1.3156e+07  3.20%  2744 84364s
 42603 23921 1.3245e+07  133 1294 1.3591e+07 1.3156e+07  3.20%  2741 84462s
 42757 24028 1.3267e+07  142 1183 1.3591e+07 1.3156e+07  3.20%  2736 84558s
 42926 24126 1.3282e+07  147 1220 1.3591e+07 1.3156e+07  3.20%  2729 84651s
 43105 24203 1.3282e+07  153 1188 1.3591e+07 1.3156e+07  3.20%  2722 84761s
 43287 24258 1.3291e+07  160 1138 1.3591e+07 1.3156e+07  3.20%  2715 84855s
 43439 24253 1.3292e+07  169 1117 1.3591e+07 1.3156e+07  3.20%  2709 84984s
 43550 24257 1.3295e+07  179 1115 1.3591e+07 1.3156e+07  3.20%  2707 85107s
 43605 24308 1.3298e+07  190 1140 1.3591e+07 1.3156e+07  3.20%  2707 85225s
 43676 24353 1.3302e+07  206 1069 1.3591e+07 1.3156e+07  3.20%  2707 85336s
 43745 24376 1.3302e+07  223 1067 1.3591e+07 1.3156e+07  3.20%  2707 85442s
 43793 24438 1.3302e+07  235 1074 1.3591e+07 1.3156e+07  3.20%  2708 85571s
 43872 24485 1.3308e+07  249 1064 1.3591e+07 1.3156e+07  3.20%  2708 85688s
 43947 24612 1.3327e+07  268 1015 1.3591e+07 1.3156e+07  3.20%  2708 85803s
 44100 24739 1.3351e+07  280  999 1.3591e+07 1.3156e+07  3.20%  2704 85948s
 44290 24893 1.3374e+07  296  941 1.3591e+07 1.3156e+07  3.20%  2697 86085s
 44509 25075 1.3419e+07  324  806 1.3591e+07 1.3156e+07  3.20%  2690 86234s
 44781 25175     cutoff  362      1.3591e+07 1.3156e+07  3.20%  2680 86382s
 45051 25086 1.3565e+07  395  532 1.3591e+07 1.3156e+07  3.20%  2671 86397s

Cutting planes:
  Gomory: 13
  Cover: 6
  Implied bound: 841
  Projected implied bound: 80
  Clique: 2
  MIR: 440
  Flow cover: 2474
  Inf proof: 4
  Zero half: 17
  RLT: 200
  Relax-and-lift: 833

Explored 45062 nodes (120653733 simplex iterations) in 86397.97 seconds (123247.17 work units)
Thread count was 4 (of 128 available processors)

Solution count 10: 1.35909e+07 1.35996e+07 1.35999e+07 ... 1.36945e+07

Time limit reached
Best objective 1.359085600000e+07, best bound 1.315617637145e+07, gap 3.1983%

Solving took 	23:59:57.973
####################################################################################################
####################################################################################################
####################################################################################################
Reached timelimit, but could find a feasible solution
####################################################################################################
Description                          Value
----------------------------  ------------
Objective (min)               13,590,856.0
Cost sailing                   5,996,326.0
Cost port visits              10,113,556.0
Cost transshipment (demands)      61,131.0
Cost transshipment (empties)      38,579.0
Penalty delayed demands          234,916.0
Revenue Empties                2,946,872.0
Penalty rejected demands          93,220.0
Rejected demands (%)                  0.29
Omitted ports (%)                      0.0
Gap (%)                                3.2
####################################################################################################
Export solution
####################################################################################################
Overall time 	00:00:00.569

real	1440m2.205s
user	4831m56.756s
sys	0m58.645s
finished at Fri Mar 17 14:58:14 CET 2023
