cpu-bind=MASK - n2lcn0125, task  0  0 [3857147]: mask |--------|--------||--------|--------||--------|--------||--------|BBBB----||||--------|--------||--------|--------||--------|--------||--------|--------|  set
started at Thu Mar 16 14:58:12 CET 2023
Timecheck 9936649.777311264
Set parameter TokenServer to value "license3.uni-paderborn.de"
Warning: Gurobi version mismatch between Python 10.0.1 and C library 10.0.0
Timecheck 9936649.784237564
Timecheck 9936649.784448305
Timecheck 9936649.784479886
Timecheck 9936649.784500455


####################################################################################################
Solve scenario sce_4_26_2 with free vessel operation using the arc flow model
Vessels cannot omit ports, Demands can be rejected
####################################################################################################
Data preprocessing, load /upb/departments/pc2/groups/hpc-prf-winf4/dwetzel/SILSRP/inst_final/sce_4_26_2
and create additional sets and parameters
	|- Read vessel information, number of vessels:	11
	|- Read node information, number of nodes:		610
	|- Read arc information
		|- Number of sailing arcs:			4126
		|- Number of transshipment arcs:	803
	|- Read container information
		|- Number of demands:		2847
		|- Number of empties (+/-):	309/278
	|- Create additional sets and parameters

Data preprocessing took 	00:00:02.644
####################################################################################################
Create linear model
Set parameter Threads to value 4
	|- Create variables, took	00:00:05.269
	|- Create objective, took	00:00:03.439
	|- Create constraints, took	00:00:12.672
	|- Load CVO start

Creating model took	00:00:21.393
####################################################################################################
Fix start solution

Set parameter TimeLimit to value 8.6378238253040239e+04
Gurobi Optimizer version 10.0.0 build v10.0.0rc2 (linux64)

CPU model: AMD EPYC 7763 64-Core Processor, instruction set [SSE2|AVX|AVX2]
Thread count: 128 physical cores, 128 logical processors, using up to 4 threads

Optimize a model with 195340 rows, 1148917 columns and 3659865 nonzeros
Model fingerprint: 0xd614bf51
Variable types: 1100086 continuous, 48831 integer (48831 binary)
Coefficient statistics:
  Matrix range     [1e+00, 3e+05]
  Objective range  [1e+00, 1e+00]
  Bounds range     [1e+00, 5e+02]
  RHS range        [1e+00, 8e+07]
Presolve removed 171727 rows and 1093251 columns
Presolve time: 4.62s
Presolved: 23613 rows, 55666 columns, 171823 nonzeros
Variable types: 53077 continuous, 2589 integer (2588 binary)
Deterministic concurrent LP optimizer: primal and dual simplex
Showing first log only...


Root simplex log...

Iteration    Objective       Primal Inf.    Dual Inf.      Time
       0    1.0257248e+08   8.775000e+01   4.703825e+07      5s
   20592    6.5238442e+07   0.000000e+00   1.109791e+07      5s
Concurrent spin time: 0.07s

Solved with dual simplex

Root simplex log...

Iteration    Objective       Primal Inf.    Dual Inf.      Time
    8049    3.9532234e+07   0.000000e+00   0.000000e+00      6s
Extra simplex iterations after uncrush: 1

Root relaxation: objective 3.953223e+07, 8049 iterations, 0.44 seconds (0.39 work units)

    Nodes    |    Current Node    |     Objective Bounds      |     Work
 Expl Unexpl |  Obj  Depth IntInf | Incumbent    BestBd   Gap | It/Node Time

*    0     0               0    3.953223e+07 3.9532e+07  0.00%     -    5s

Explored 1 nodes (8049 simplex iterations) in 5.65 seconds (3.30 work units)
Thread count was 4 (of 128 available processors)

Solution count 1: 3.95322e+07 

Optimal solution found (tolerance 1.00e-04)
Best objective 3.953223400000e+07, best bound 3.953223400000e+07, gap 0.0000%

Fixing start solution took	00:00:27.485
####################################################################################################
####################################################################################################
Solve optimization model

Set parameter TimeLimit to value 8.6372514795843512e+04
Gurobi Optimizer version 10.0.0 build v10.0.0rc2 (linux64)

CPU model: AMD EPYC 7763 64-Core Processor, instruction set [SSE2|AVX|AVX2]
Thread count: 128 physical cores, 128 logical processors, using up to 4 threads

Optimize a model with 194731 rows, 1148917 columns and 3659256 nonzeros
Model fingerprint: 0x2624bfde
Variable types: 1100086 continuous, 48831 integer (48831 binary)
Coefficient statistics:
  Matrix range     [1e+00, 3e+05]
  Objective range  [1e+00, 1e+00]
  Bounds range     [1e+00, 5e+02]
  RHS range        [1e+00, 8e+07]

Loaded MIP start from previous solve with objective 3.95322e+07

Presolve removed 12360 rows and 19024 columns (presolve time = 5s) ...
Presolve removed 12360 rows and 19024 columns (presolve time = 10s) ...
Presolve removed 13097 rows and 23631 columns (presolve time = 15s) ...
Presolve removed 13097 rows and 23631 columns (presolve time = 20s) ...
Presolve removed 13461 rows and 23974 columns
Presolve time: 21.14s
Presolved: 181270 rows, 1124943 columns, 3261573 nonzeros
Variable types: 1079804 continuous, 45139 integer (45138 binary)
Deterministic concurrent LP optimizer: primal simplex, dual simplex, and barrier
Showing barrier log only...

Root barrier log...

Elapsed ordering time = 5s
Elapsed ordering time = 10s
Elapsed ordering time = 15s
Elapsed ordering time = 20s
Elapsed ordering time = 25s
Elapsed ordering time = 30s
Ordering time: 30.21s

Barrier statistics:
 AA' NZ     : 3.071e+06
 Factor NZ  : 7.099e+07 (roughly 1.0 GB of memory)
 Factor Ops : 1.074e+11 (roughly 2 seconds per iteration)
 Threads    : 2

                  Objective                Residual
Iter       Primal          Dual         Primal    Dual     Compl     Time
   0   5.45454276e+14 -5.29454613e+13  3.34e+08 3.99e+03  2.38e+11    61s
   1   9.48444961e+13 -1.81614815e+13  5.76e+07 1.07e+04  4.13e+10    64s
   2   1.50367647e+13 -5.00170703e+12  9.10e+06 1.92e-09  6.57e+09    67s
   3   1.99770381e+12 -2.01146533e+12  1.20e+06 1.82e-09  8.77e+08    70s
   4   4.20960839e+11 -1.12912845e+12  2.52e+05 1.50e-09  1.88e+08    73s
   5   3.90328883e+10 -7.54770289e+11  2.32e+04 1.60e-09  1.80e+07    77s
   6   2.77862787e+09 -5.58925792e+11  1.54e+03 1.83e-09  1.41e+06    81s
   7   6.40950966e+08 -2.99344540e+11  2.75e+02 5.70e-09  3.14e+05    84s
   8   2.65253725e+08 -1.42041141e+11  7.72e+01 2.21e-09  1.06e+05    89s
   9   1.46484104e+08 -7.07333691e+10  2.72e+01 2.33e-09  4.55e+04    93s
  10   1.09083084e+08 -3.56382837e+10  1.24e+01 2.79e-09  2.21e+04    97s
  11   8.55915216e+07 -1.59694745e+10  3.83e+00 6.00e-09  9.01e+03   101s
  12   7.38931365e+07 -5.62306846e+09  1.09e+00 5.82e-09  3.06e+03   104s
  13   6.44367892e+07 -2.12290657e+09  2.65e-01 1.51e-08  1.12e+03   107s
  14   5.68041303e+07 -1.13908853e+09  8.89e-02 1.48e-08  5.86e+02   110s
  15   5.21011159e+07 -5.89314483e+08  4.67e-02 3.73e-09  3.17e+02   113s
  16   4.82129371e+07 -3.60426712e+08  2.92e-02 7.10e-09  2.03e+02   116s
  17   4.65119778e+07 -2.94526089e+08  2.41e-02 3.63e-09  1.69e+02   119s
  18   4.31289668e+07 -1.83466292e+08  1.70e-02 5.41e-09  1.14e+02   122s
  19   3.95597300e+07 -1.15952489e+08  1.08e-02 6.88e-09  7.80e+01   124s
  20   3.57678667e+07 -6.32403051e+07  5.95e-03 7.74e-09  4.91e+01   127s
  21   3.34676969e+07 -2.42489526e+07  3.94e-03 4.65e-09  2.93e+01   131s
  22   3.10837374e+07 -6.18933105e+06  2.03e-03 3.60e-08  1.86e+01   134s
  23   3.00254099e+07  2.48399893e+06  1.31e-03 5.53e-09  1.36e+01   138s
  24   2.87560465e+07  1.37368577e+07  6.32e-04 3.19e-09  7.35e+00   142s
  25   2.78106733e+07  2.10463736e+07  2.66e-04 2.03e-08  3.31e+00   145s
  26   2.74324465e+07  2.35346645e+07  1.64e-04 2.82e-08  1.93e+00   149s
  27   2.70738454e+07  2.47350407e+07  7.14e-05 8.11e-08  1.13e+00   152s
  28   2.69215789e+07  2.54795869e+07  3.77e-05 6.17e-08  6.90e-01   155s
  29   2.68695854e+07  2.57776545e+07  2.73e-05 5.50e-08  5.24e-01   158s
  30   2.68231352e+07  2.61031918e+07  1.81e-05 6.33e-08  3.48e-01   161s
  31   2.67894195e+07  2.64031692e+07  1.20e-05 8.47e-08  1.91e-01   165s
  32   2.67462788e+07  2.65097768e+07  4.42e-06 9.21e-08  1.13e-01   168s
  33   2.67382553e+07  2.66201201e+07  3.11e-06 1.18e-07  5.81e-02   172s
  34   2.67294510e+07  2.66781771e+07  2.62e-06 1.06e-07  2.61e-02   176s
  35   2.67217464e+07  2.67041346e+07  2.17e-06 1.04e-07  8.85e-03   180s
  36   2.67207438e+07  2.67119375e+07  1.51e-06 9.45e-08  4.64e-03   184s
  37   2.67192978e+07  2.67164041e+07  2.01e-06 1.13e-07  1.59e-03   189s
  38   2.67185486e+07  2.67183196e+07  3.81e-07 1.18e-07  1.60e-04   192s
  39   2.67183907e+07  2.67183619e+07  7.59e-08 2.53e-07  1.84e-05   196s
  40   2.67183810e+07  2.67183770e+07  7.11e-07 5.99e-06  3.21e-06   199s
  41   2.67183776e+07  2.67183775e+07  1.09e-07 1.04e-05  4.92e-08   202s
  42   2.67183776e+07  2.67183775e+07  1.10e-07 2.93e-04  2.56e-08   205s

Barrier solved model in 42 iterations and 205.10 seconds (191.34 work units)
Optimal objective 2.67183776e+07


Root crossover log...

  166228 DPushes remaining with DInf 0.0000000e+00               205s
    2597 DPushes remaining with DInf 4.9583614e-06               210s

    4844 PPushes remaining with PInf 0.0000000e+00               210s
       0 PPushes remaining with PInf 0.0000000e+00               211s

  Push phase complete: Pinf 0.0000000e+00, Dinf 1.0667328e-04    211s


Root simplex log...

Iteration    Objective       Primal Inf.    Dual Inf.      Time
  168462    2.6718378e+07   0.000000e+00   4.237067e-04    211s
  170078    2.6718378e+07   2.705321e+04   0.000000e+00    215s
  170092    2.6718378e+07   0.000000e+00   0.000000e+00    216s
Waiting for other threads to finish...         280s
Concurrent spin time: 85.82s (can be avoided by choosing Method=3)

Solved with barrier
  171083    2.6718378e+07   0.000000e+00   4.016408e-05    305s
  171852    2.6718378e+07   4.256290e+02   0.000000e+00    313s
  171992    2.6718378e+07   4.366656e+01   0.000000e+00    318s
  172102    2.6718378e+07   8.411964e+00   0.000000e+00    322s
  172149    2.6718378e+07   0.000000e+00   0.000000e+00    324s
Extra simplex iterations after uncrush: 2057

Root relaxation: objective 2.671838e+07, 172149 iterations, 302.04 seconds (208.70 work units)
Total elapsed time = 442.46s
Total elapsed time = 576.11s

    Nodes    |    Current Node    |     Objective Bounds      |     Work
 Expl Unexpl |  Obj  Depth IntInf | Incumbent    BestBd   Gap | It/Node Time

     0     0 2.6718e+07    0 4449 3.9532e+07 2.6718e+07  32.4%     -  637s
     0     0 2.6718e+07    0 4380 3.9532e+07 2.6718e+07  32.4%     -  802s
     0     0 2.7593e+07    0 4329 3.9532e+07 2.7593e+07  30.2%     - 29483s
     0     0 2.7593e+07    0 4339 3.9532e+07 2.7593e+07  30.2%     - 29509s
H    0     0                    3.946818e+07 2.7593e+07  30.1%     - 29517s
     0     0 2.7625e+07    0 4473 3.9468e+07 2.7625e+07  30.0%     - 32230s
     0     0 2.7625e+07    0 4494 3.9468e+07 2.7625e+07  30.0%     - 33006s
     0     0 2.7631e+07    0 4469 3.9468e+07 2.7631e+07  30.0%     - 34086s
     0     0 2.7631e+07    0 4468 3.9468e+07 2.7631e+07  30.0%     - 34508s
     0     0 2.7632e+07    0 4498 3.9468e+07 2.7632e+07  30.0%     - 34906s
     0     0 2.7632e+07    0 4564 3.9468e+07 2.7632e+07  30.0%     - 34926s
     0     0 2.7632e+07    0 4523 3.9468e+07 2.7632e+07  30.0%     - 35157s
     0     0 2.7632e+07    0 4310 3.9468e+07 2.7632e+07  30.0%     - 35186s
     0     0 2.7632e+07    0 4352 3.9468e+07 2.7632e+07  30.0%     - 35242s
     0     0 2.7632e+07    0 4462 3.9468e+07 2.7632e+07  30.0%     - 35244s
     0     0 2.7888e+07    0 4820 3.9468e+07 2.7888e+07  29.3%     - 52991s
     0     0 2.7888e+07    0 4736 3.9468e+07 2.7888e+07  29.3%     - 53601s
     0     0 2.7970e+07    0 4743 3.9468e+07 2.7970e+07  29.1%     - 63141s
     0     0 2.7970e+07    0 4797 3.9468e+07 2.7970e+07  29.1%     - 63161s
     0     0 2.7988e+07    0 4848 3.9468e+07 2.7988e+07  29.1%     - 65688s
     0     0 2.7988e+07    0 4760 3.9468e+07 2.7988e+07  29.1%     - 65712s
     0     0 2.7993e+07    0 4845 3.9468e+07 2.7993e+07  29.1%     - 66976s
     0     0 2.7993e+07    0 4794 3.9468e+07 2.7993e+07  29.1%     - 67317s
     0     0 2.7999e+07    0 4862 3.9468e+07 2.7999e+07  29.1%     - 68892s
     0     0 2.7999e+07    0 4882 3.9468e+07 2.7999e+07  29.1%     - 68918s
     0     0 2.8001e+07    0 4827 3.9468e+07 2.8001e+07  29.1%     - 69997s
     0     0 2.8001e+07    0 4866 3.9468e+07 2.8001e+07  29.1%     - 70002s
     0     0 2.8001e+07    0 4888 3.9468e+07 2.8001e+07  29.1%     - 70757s
     0     0 2.8001e+07    0 4852 3.9468e+07 2.8001e+07  29.1%     - 70772s
     0     0 2.8002e+07    0 4865 3.9468e+07 2.8002e+07  29.1%     - 71254s
     0     0 2.8002e+07    0 4862 3.9468e+07 2.8002e+07  29.1%     - 71394s
     0     0 2.8002e+07    0 4937 3.9468e+07 2.8002e+07  29.1%     - 71962s
     0     0 2.8002e+07    0 4893 3.9468e+07 2.8002e+07  29.1%     - 72320s
     0     0          -    0      3.9468e+07 2.8002e+07  29.1%     - 86372s

Cutting planes:
  Lift-and-project: 5
  Cover: 6
  Implied bound: 5161
  Clique: 4
  MIR: 331
  Flow cover: 1821
  RLT: 134
  Relax-and-lift: 2703

Explored 1 nodes (4252093 simplex iterations) in 86372.68 seconds (68833.52 work units)
Thread count was 4 (of 128 available processors)

Solution count 3: 3.94682e+07 3.94682e+07 3.95322e+07 

Time limit reached
Best objective 3.946817999986e+07, best bound 2.800197677488e+07, gap 29.0518%

Solving took 	23:59:32.718
####################################################################################################
####################################################################################################
####################################################################################################
Reached timelimit, but could find a feasible solution
####################################################################################################
Description                          Value
----------------------------  ------------
Objective (min)               39,468,180.0
Cost sailing                  18,797,382.0
Cost port visits              12,144,068.0
Cost transshipment (demands)   5,823,046.0
Cost transshipment (empties)     390,828.0
Penalty delayed demands        5,649,909.0
Revenue Empties                3,358,373.0
Penalty rejected demands          21,320.0
Rejected demands (%)                  0.05
Omitted ports (%)                      0.0
Gap (%)                              29.05
####################################################################################################
Export solution
####################################################################################################
Overall time 	1-00:00:04.025

real	1440m5.644s
user	1446m4.713s
sys	0m45.148s
finished at Fri Mar 17 14:58:18 CET 2023
