cpu-bind=MASK - n2lcn0125, task  0  0 [3857146]: mask |--------|--------||--------|--------||--------|--------||----BBBB|--------||||--------|--------||--------|--------||--------|--------||--------|--------|  set
started at Thu Mar 16 14:58:12 CET 2023
Timecheck 9936649.777281243
Set parameter TokenServer to value "license3.uni-paderborn.de"
Warning: Gurobi version mismatch between Python 10.0.1 and C library 10.0.0
Timecheck 9936649.784546226
Timecheck 9936649.784760935
Timecheck 9936649.784791876
Timecheck 9936649.784812575


####################################################################################################
Solve scenario sce_4_26_1 with free vessel operation using the arc flow model
Vessels cannot omit ports, Demands can be rejected
####################################################################################################
Data preprocessing, load /upb/departments/pc2/groups/hpc-prf-winf4/dwetzel/SILSRP/inst_final/sce_4_26_1
and create additional sets and parameters
	|- Read vessel information, number of vessels:	9
	|- Read node information, number of nodes:		475
	|- Read arc information
		|- Number of sailing arcs:			1976
		|- Number of transshipment arcs:	700
	|- Read container information
		|- Number of demands:		1726
		|- Number of empties (+/-):	244/203
	|- Create additional sets and parameters

Data preprocessing took 	00:00:00.833
####################################################################################################
Create linear model
Set parameter Threads to value 4
	|- Create variables, took	00:00:01.168
	|- Create objective, took	00:00:00.958
	|- Create constraints, took	00:00:03.769
	|- Load CVO start

Creating model took	00:00:05.906
####################################################################################################
Fix start solution

Set parameter TimeLimit to value 8.6394001684555784e+04
Gurobi Optimizer version 10.0.0 build v10.0.0rc2 (linux64)

CPU model: AMD EPYC 7763 64-Core Processor, instruction set [SSE2|AVX|AVX2]
Thread count: 128 physical cores, 128 logical processors, using up to 4 threads

Optimize a model with 75976 rows, 282978 columns and 927859 nonzeros
Model fingerprint: 0x0792b0b0
Variable types: 263003 continuous, 19975 integer (19975 binary)
Coefficient statistics:
  Matrix range     [1e+00, 5e+05]
  Objective range  [1e+00, 1e+00]
  Bounds range     [1e+00, 3e+02]
  RHS range        [1e+00, 1e+08]
Found heuristic solution: objective 1.630096e+08
Presolve removed 69796 rows and 267958 columns
Presolve time: 0.74s
Presolved: 6180 rows, 15020 columns, 47475 nonzeros
Found heuristic solution: objective 6.431134e+07
Variable types: 13480 continuous, 1540 integer (1540 binary)

Root relaxation: objective 3.663754e+07, 2492 iterations, 0.02 seconds (0.01 work units)

    Nodes    |    Current Node    |     Objective Bounds      |     Work
 Expl Unexpl |  Obj  Depth IntInf | Incumbent    BestBd   Gap | It/Node Time

*    0     0               0    3.663754e+07 3.6638e+07  0.00%     -    0s

Explored 1 nodes (2492 simplex iterations) in 0.89 seconds (0.72 work units)
Thread count was 4 (of 128 available processors)

Solution count 3: 3.66375e+07 6.43113e+07 1.6301e+08 

Optimal solution found (tolerance 1.00e-04)
Best objective 3.663754450000e+07, best bound 3.663754450000e+07, gap 0.0000%

Fixing start solution took	00:00:06.906
####################################################################################################
####################################################################################################
Solve optimization model

Set parameter TimeLimit to value 8.6393093889843673e+04
Gurobi Optimizer version 10.0.0 build v10.0.0rc2 (linux64)

CPU model: AMD EPYC 7763 64-Core Processor, instruction set [SSE2|AVX|AVX2]
Thread count: 128 physical cores, 128 logical processors, using up to 4 threads

Optimize a model with 75502 rows, 282978 columns and 927385 nonzeros
Model fingerprint: 0x81e30533
Variable types: 263003 continuous, 19975 integer (19975 binary)
Coefficient statistics:
  Matrix range     [1e+00, 5e+05]
  Objective range  [1e+00, 1e+00]
  Bounds range     [1e+00, 3e+02]
  RHS range        [1e+00, 1e+08]

Loaded MIP start from previous solve with objective 3.66375e+07

Presolve removed 11734 rows and 21063 columns (presolve time = 5s) ...
Presolve removed 11822 rows and 21068 columns
Presolve time: 5.23s
Presolved: 63680 rows, 261910 columns, 754323 nonzeros
Variable types: 244388 continuous, 17522 integer (17522 binary)
Deterministic concurrent LP optimizer: primal simplex, dual simplex, and barrier
Showing barrier log only...

Root barrier log...

Ordering time: 1.34s

Barrier statistics:
 AA' NZ     : 6.941e+05
 Factor NZ  : 8.093e+06 (roughly 200 MB of memory)
 Factor Ops : 2.853e+09 (less than 1 second per iteration)
 Threads    : 2

                  Objective                Residual
Iter       Primal          Dual         Primal    Dual     Compl     Time
   0   1.33717888e+15 -1.39820570e+14  1.72e+09 1.03e+04  1.25e+12     8s
   1   2.14742798e+14 -4.04094709e+13  2.57e+08 8.25e+03  1.97e+11     8s
   2   3.51607630e+13 -1.17412821e+13  4.15e+07 5.18e+02  3.24e+10     8s
   3   4.25381619e+12 -3.26008208e+12  4.99e+06 9.17e-10  3.92e+09     8s
   4   8.34498405e+11 -9.24696172e+11  9.76e+05 6.84e-10  7.77e+08     9s
   5   1.48839897e+11 -3.41991916e+11  1.73e+05 5.09e-10  1.38e+08     9s
   6   3.91482529e+10 -2.23478024e+11  4.52e+04 4.66e-10  3.66e+07     9s
   7   9.12057953e+09 -1.71455433e+11  1.05e+04 2.44e-09  8.78e+06     9s
   8   2.55300553e+09 -1.27875234e+11  2.85e+03 3.09e-09  2.51e+06     9s
   9   8.26810402e+08 -8.97824158e+10  8.22e+02 2.97e-09  8.00e+05    10s
  10   3.03332381e+08 -5.54621481e+10  1.89e+02 2.58e-09  2.60e+05    10s
  11   1.57215552e+08 -2.80136239e+10  5.36e+01 5.11e-08  9.60e+04    10s
  12   1.10382686e+08 -1.58222984e+10  2.38e+01 4.68e-08  4.71e+04    10s
  13   9.25689183e+07 -1.09510585e+10  1.39e+01 4.10e-08  3.02e+04    10s
  14   7.94203674e+07 -7.36363781e+09  7.68e+00 1.23e-07  1.89e+04    11s
  15   6.91413123e+07 -3.39076758e+09  3.83e+00 1.59e-07  8.76e+03    11s
  16   5.77704812e+07 -1.84778684e+09  1.36e+00 2.71e-07  4.36e+03    11s
  17   5.24722028e+07 -9.38458872e+08  6.45e-01 2.21e-07  2.22e+03    11s
  18   4.72921065e+07 -4.26325321e+08  2.03e-01 5.99e-08  1.01e+03    11s
  19   4.19288996e+07 -1.28025771e+08  6.36e-02 8.02e-09  3.61e+02    12s
  20   3.84444187e+07 -4.11451111e+07  3.06e-02 1.92e-07  1.71e+02    12s
  21   3.66203751e+07 -1.45633123e+07  2.05e-02 2.81e-07  1.11e+02    12s
  22   3.46614196e+07  4.53935559e+06  1.22e-02 1.10e-08  6.57e+01    12s
  23   3.29217674e+07  1.63167541e+07  6.90e-03 5.35e-07  3.66e+01    12s
  24   3.18125701e+07  2.41480428e+07  4.44e-03 3.34e-07  1.80e+01    13s
  25   3.09455422e+07  2.64570617e+07  2.57e-03 8.67e-07  1.05e+01    13s
  26   3.03303101e+07  2.75188484e+07  1.40e-03 9.44e-07  6.44e+00    13s
  27   3.00743334e+07  2.80134351e+07  9.63e-04 1.06e-06  4.69e+00    13s
  28   2.98467657e+07  2.85599871e+07  5.90e-04 8.53e-07  2.94e+00    14s
  29   2.97429229e+07  2.88947901e+07  4.25e-04 5.18e-07  1.97e+00    14s
  30   2.96322002e+07  2.90832355e+07  2.56e-04 1.07e-07  1.26e+00    14s
  31   2.95529843e+07  2.91668779e+07  1.36e-04 2.82e-07  8.53e-01    14s
  32   2.95019829e+07  2.93132791e+07  6.43e-05 5.13e-08  4.15e-01    14s
  33   2.94749751e+07  2.93734787e+07  2.69e-05 3.00e-07  2.16e-01    15s
  34   2.94639824e+07  2.93995967e+07  1.26e-05 1.70e-07  1.34e-01    15s
  35   2.94605729e+07  2.94145651e+07  1.00e-05 2.14e-07  9.54e-02    15s
  36   2.94555178e+07  2.94413399e+07  2.43e-06 1.06e-07  2.91e-02    15s
  37   2.94553071e+07  2.94430594e+07  4.50e-06 9.38e-08  2.52e-02    15s
  38   2.94543460e+07  2.94502944e+07  1.79e-06 1.65e-07  8.53e-03    16s
  39   2.94541247e+07  2.94510250e+07  1.23e-06 3.33e-07  6.46e-03    16s
  40   2.94539979e+07  2.94511834e+07  1.12e-06 4.38e-07  5.77e-03    16s
  41   2.94538048e+07  2.94522413e+07  7.26e-07 5.21e-07  3.17e-03    16s
  42   2.94536694e+07  2.94535767e+07  2.30e-07 5.26e-06  2.16e-04    17s
  43   2.94536370e+07  2.94536368e+07  5.86e-09 1.66e-05  5.44e-07    17s
  44   1.33717888e+15 -1.40693542e+15  1.72e+09 1.73e+03  1.25e+13    17s
  45   7.34885818e+13 -1.46693154e+14  8.60e+07 3.42e-09  4.02e+11    18s
  46   9.81273772e+12 -4.43076727e+13  1.15e+07 2.91e-09  4.91e+10    18s
  47   2.26317272e+12 -1.33935728e+13  2.63e+06 5.44e-09  1.08e+10    18s
  48   7.24481954e+11 -7.67086301e+12  8.41e+05 3.18e-09  3.36e+09    18s
  49   3.00624476e+11 -4.61289761e+12  3.48e+05 3.06e-09  1.31e+09    18s
  50   9.27969835e+10 -2.83710518e+12  1.07e+05 3.18e-09  3.79e+08    19s
  51   1.14950166e+10 -9.94926371e+11  1.32e+04 1.68e-09  3.48e+07    19s
  52   3.04716541e+09 -3.69620719e+11  3.44e+03 2.29e-09  6.72e+06    19s
  53   9.81431453e+08 -1.19912642e+11  1.02e+03 5.60e-09  1.12e+06    19s
  54   3.42968454e+08 -2.53676778e+10  2.43e+02 2.78e-09  1.38e+05    20s
  55   1.46810506e+08 -8.43417144e+09  5.37e+01 2.27e-08  3.00e+04    20s
  56   1.00255072e+08 -4.38446817e+09  2.49e+01 1.37e-08  1.36e+04    20s
  57   8.14543916e+07 -2.86999029e+09  1.50e+01 1.66e-08  8.38e+03    20s
  58   6.66647623e+07 -1.42983368e+09  8.17e+00 1.07e-09  4.17e+03    21s
  59   5.62275987e+07 -5.59190458e+08  4.22e+00 5.44e-08  1.72e+03    21s
  60   4.60326108e+07 -2.10270624e+08  1.33e+00 2.83e-08  6.36e+02    21s
  61   4.05456041e+07 -7.92429696e+07  5.05e-01 1.15e-07  2.83e+02    21s
  62   3.72913136e+07 -2.66631748e+07  2.45e-01 3.40e-08  1.48e+02    22s
  63   3.58692881e+07 -2.32824932e+06  1.72e-01 9.36e-08  9.16e+01    22s
  64   3.43363384e+07  7.15036112e+06  1.18e-01 3.61e-08  6.49e+01    22s
  65   3.32925083e+07  1.57618275e+07  8.29e-02 8.81e-08  4.26e+01    22s
  66   3.22230810e+07  2.08008731e+07  5.02e-02 9.80e-08  2.74e+01    23s
  67   3.10028134e+07  2.51827292e+07  2.35e-02 5.98e-09  1.37e+01    23s
  68   3.04184918e+07  2.67825580e+07  1.37e-02 5.53e-09  8.48e+00    23s
  69   3.02369002e+07  2.75690996e+07  1.09e-02 5.42e-09  6.33e+00    23s
  70   2.98824712e+07  2.83199015e+07  5.76e-03 1.48e-08  3.64e+00    24s
  71   2.96755632e+07  2.88467109e+07  2.83e-03 3.08e-08  1.91e+00    24s
  72   2.95880932e+07  2.91437967e+07  1.70e-03 6.59e-08  1.05e+00    24s
  73   2.95323606e+07  2.92014621e+07  9.82e-04 8.40e-08  7.46e-01    24s
  74   2.95089712e+07  2.93420905e+07  6.83e-04 1.06e-07  4.00e-01    25s
  75   2.94714584e+07  2.93898646e+07  2.17e-04 8.37e-08  1.81e-01    25s
  76   2.94612281e+07  2.94365644e+07  9.20e-05 3.95e-07  5.81e-02    25s
  77   2.94548880e+07  2.94522924e+07  1.50e-05 1.96e-06  6.79e-03    25s
  78   2.94542307e+07  2.94530516e+07  7.22e-06 3.84e-06  3.12e-03    26s
  79   2.94537759e+07  2.94535514e+07  1.75e-06 1.57e-05  6.30e-04    26s
  80   2.94536710e+07  2.94536351e+07  1.61e-06 2.37e-05  1.18e-04    26s
  81   2.94536369e+07  2.94536369e+07  7.42e-09 4.98e-05  6.86e-08    27s
  82   2.94536369e+07  2.94536369e+07  2.43e-08 6.63e-03  1.27e-09    27s
  83   2.94536369e+07  2.94536302e+07  7.20e-09 1.19e+02  3.53e-10    27s
  84   2.94536369e+07  2.94535121e+07  9.58e-09 3.65e+02  1.28e-10    27s
  85   2.94536369e+07  2.94539301e+07  5.24e-08 8.37e+02  5.20e-11    28s
  86   2.94536369e+07  2.94545709e+07  3.55e-08 8.66e+02  4.04e-11    28s
  87   2.94536369e+07  2.94564893e+07  2.88e-08 8.20e+02  3.35e-11    28s
  88   2.94536369e+07  2.94556027e+07  2.49e-08 1.63e+03  2.71e-11    29s
  89   2.94536369e+07  2.94571298e+07  1.73e-08 1.39e+03  2.22e-11    29s
  90   2.94536369e+07  2.94566708e+07  1.25e-08 1.29e+03  1.89e-11    29s
  91   2.94536369e+07  2.94572526e+07  1.14e-08 1.39e+03  1.84e-11    30s
  92   2.94536369e+07  2.94584320e+07  8.74e-09 2.16e+03  1.54e-11    30s
  93   2.94536369e+07  2.94548335e+07  7.50e-09 2.36e+03  1.22e-11    30s
  94   2.94536369e+07  2.94571135e+07  6.80e-09 2.35e+03  1.02e-11    30s
  95   2.94536369e+07  2.94567182e+07  5.99e-09 2.39e+03  9.29e-12    31s
  96   2.94536369e+07  2.94554527e+07  4.75e-09 1.85e+03  7.68e-12    31s
  97   2.94536369e+07  2.94554878e+07  4.20e-09 1.98e+03  6.74e-12    31s
  98   2.94536369e+07  2.94578088e+07  4.08e-09 2.24e+03  6.24e-12    32s
  99   2.94536369e+07  2.94583369e+07  3.48e-09 2.53e+03  5.48e-12    32s
 100   2.94536369e+07  2.94580862e+07  3.21e-09 2.54e+03  5.21e-12    32s
 101   2.94536369e+07  2.94577879e+07  3.09e-09 2.56e+03  4.86e-12    33s
 102   2.94536369e+07  2.94575304e+07  3.07e-09 2.56e+03  4.59e-12    33s
 103   2.94536369e+07  2.94591337e+07  2.81e-09 1.78e+03  4.13e-12    33s
 104   2.94536369e+07  2.94589371e+07  2.74e-09 3.14e+03  3.97e-12    34s
 105   2.94536369e+07  2.94588030e+07  2.54e-09 1.62e+03  3.65e-12    34s
 106   2.94536369e+07  2.94584968e+07  2.37e-09 1.48e+03  3.23e-12    34s
 107   2.94536369e+07  2.94590991e+07  2.23e-09 2.03e+03  3.01e-12    35s
 108   2.94536369e+07  2.94593364e+07  2.08e-09 1.89e+03  2.79e-12    35s
 109   2.94536369e+07  2.94588777e+07  2.02e-09 1.81e+03  2.54e-12    35s
 110   2.94536369e+07  2.94598091e+07  1.95e-09 1.36e+03  2.48e-12    36s
 111   2.94536369e+07  2.94589483e+07  1.61e-09 2.10e+03  2.24e-12    36s
 112   2.94536369e+07  2.94572826e+07  1.32e-09 1.96e+03  1.91e-12    36s
 113   2.94536369e+07  2.94591781e+07  1.22e-09 2.13e+03  1.75e-12    37s
 114   2.94536369e+07  2.94591244e+07  1.14e-09 2.11e+03  1.60e-12    37s
 115   2.94536369e+07  2.94594237e+07  1.12e-09 2.10e+03  1.51e-12    37s
 116   2.94536369e+07  2.94590881e+07  1.06e-09 2.11e+03  1.43e-12    38s
 117   2.94536369e+07  2.94572885e+07  9.84e-10 2.15e+03  1.39e-12    38s
 118   2.94536369e+07  2.94681606e+07  9.44e-10 2.15e+03  1.27e-12    38s
 119   2.94536369e+07  2.94675531e+07  8.67e-10 2.09e+03  1.23e-12    39s
 120   2.94536369e+07  2.94687917e+07  7.83e-10 2.11e+03  1.16e-12    39s
 121   2.94536369e+07  2.94671331e+07  7.46e-10 1.19e+03  1.10e-12    39s
 122   2.94536369e+07  2.94665264e+07  7.12e-10 1.15e+03  1.04e-12    40s
 123   2.94536369e+07  2.94658342e+07  6.51e-10 1.24e+03  1.00e-12    40s
 124   2.94536369e+07  2.94651382e+07  5.95e-10 1.39e+03  9.47e-13    40s
 125   2.94536369e+07  2.94630600e+07  5.61e-10 1.03e+03  8.73e-13    41s
 126   2.94536369e+07  2.94674726e+07  4.95e-10 1.38e+03  7.92e-13    41s
 127   2.94536369e+07  2.94713422e+07  4.65e-10 1.27e+03  7.41e-13    41s
 128   2.94536369e+07  2.94767169e+07  4.49e-10 1.21e+03  7.08e-13    42s
 129   2.94536369e+07  2.94754513e+07  3.62e-10 1.95e+03  6.69e-13    42s
 130   2.94536369e+07  2.94736234e+07  3.48e-10 1.93e+03  6.09e-13    42s
 131   2.94536369e+07  2.94725160e+07  3.35e-10 1.93e+03  5.93e-13    43s
 132   2.94536369e+07  2.94786972e+07  3.22e-10 2.06e+03  5.63e-13    43s
 133   2.94536369e+07  2.94889025e+07  3.04e-10 2.04e+03  5.44e-13    43s
 134   2.94536369e+07  2.94913516e+07  2.78e-10 1.98e+03  5.11e-13    44s
 135   2.94536369e+07  2.94887896e+07  2.70e-10 1.95e+03  4.88e-13    44s
 136   2.94536369e+07  2.94887793e+07  2.70e-10 1.94e+03  4.87e-13    44s
 137   2.94536369e+07  2.94880452e+07  2.58e-10 1.96e+03  4.82e-13    44s
 138   2.94536369e+07  2.99886636e+07  2.55e-10 1.10e+03  4.18e-13    45s
 139   2.94536369e+07  2.99931701e+07  2.51e-10 1.06e+03  4.07e-13    45s
 140   2.94536369e+07  2.99744888e+07  2.47e-10 1.02e+03  3.95e-13    45s
 141   2.94536369e+07  2.99658610e+07  2.42e-10 1.07e+03  3.90e-13    46s
 142   2.94536369e+07  2.99516852e+07  2.36e-10 1.33e+03  3.81e-13    46s
 143   2.94536369e+07  2.99270686e+07  2.32e-10 1.26e+03  3.64e-13    46s
 144   2.94536369e+07  2.99065614e+07  2.23e-10 1.34e+03  3.48e-13    47s
 145   2.94536369e+07  2.98760436e+07  2.19e-10 2.02e+03  3.33e-13    47s
 146   2.94536369e+07  2.98487447e+07  2.16e-10 1.87e+03  3.21e-13    47s
 147   2.94536369e+07  2.98269763e+07  2.11e-10 1.92e+03  3.09e-13    48s
 148   2.94536369e+07  2.98313961e+07  2.04e-10 1.94e+03  2.98e-13    48s
 149   2.94536369e+07  2.98155061e+07  2.00e-10 2.05e+03  2.84e-13    49s
 150   2.94536369e+07  2.98157114e+07  1.98e-10 2.13e+03  2.80e-13    49s
 151   2.94536369e+07  2.98010818e+07  1.91e-10 2.16e+03  2.69e-13    49s
 152   2.94536369e+07  2.97910242e+07  1.84e-10 2.16e+03  2.64e-13    50s
 153   2.94536369e+07  2.97850716e+07  1.78e-10 2.20e+03  2.56e-13    50s
 154   2.94536369e+07  2.97841811e+07  1.72e-10 2.42e+03  2.55e-13    50s
 155   2.94536369e+07  3.02614586e+07  1.68e-10 2.32e+03  2.45e-13    51s
 156   2.94536369e+07  2.82138413e+07  1.65e-10 1.15e+03  2.20e-13    51s
 157   2.94536369e+07  2.82177623e+07  1.63e-10 1.12e+03  2.18e-13    51s
 158   2.94536369e+07  2.82731796e+07  1.61e-10 1.80e+03  2.11e-13    52s
 159   2.94536369e+07  2.82779725e+07  1.59e-10 1.79e+03  2.07e-13    52s
 160   2.94536369e+07  2.82842201e+07  1.56e-10 1.76e+03  2.03e-13    53s
 161   2.94536369e+07  2.83447516e+07  1.53e-10 2.06e+03  1.97e-13    53s
 162   2.94536369e+07  2.83911233e+07  1.49e-10 2.10e+03  1.90e-13    53s
 163   2.94536369e+07  2.86170826e+07  1.46e-10 2.06e+03  1.82e-13    54s
 164   2.94536369e+07  2.86449923e+07  1.44e-10 1.76e+03  1.77e-13    54s
 165   2.94536369e+07  2.86451899e+07  1.41e-10 1.73e+03  1.73e-13    54s
 166   2.94536369e+07  2.86566765e+07  1.39e-10 1.71e+03  1.71e-13    55s
 167   2.94536369e+07  2.86835136e+07  1.36e-10 1.68e+03  1.69e-13    55s
 168   2.94536369e+07  2.86942160e+07  1.32e-10 1.66e+03  1.68e-13    55s
 169   2.94536369e+07  2.87009003e+07  1.29e-10 1.64e+03  1.66e-13    56s
 170   2.94536369e+07  2.84956644e+07  1.29e-10 1.55e+03  1.54e-13    56s
 171   2.94536369e+07  2.83594588e+07  1.28e-10 1.71e+03  1.51e-13    56s
 172   2.94536369e+07  2.83862114e+07  1.27e-10 1.67e+03  1.48e-13    57s
 173   2.94536369e+07  2.84081679e+07  1.24e-10 1.66e+03  1.47e-13    57s
 174   2.94536369e+07  2.94298269e+07  1.23e-10 1.60e+03  1.46e-13    58s
 175   2.94536369e+07  2.94366653e+07  1.20e-10 1.57e+03  1.43e-13    58s
 176   2.94536369e+07  2.96584537e+07  1.20e-10 1.58e+03  1.36e-13    58s
 177   2.94536369e+07  2.96544321e+07  1.19e-10 1.57e+03  1.35e-13    59s
 178   2.94536369e+07  2.96479935e+07  1.18e-10 1.59e+03  1.33e-13    59s
 179   2.94536369e+07  2.93976560e+07  1.17e-10 1.59e+03  1.30e-13    59s
 180   2.94536369e+07  2.94092388e+07  1.17e-10 1.59e+03  1.30e-13    60s
 181   2.94536369e+07  2.94101702e+07  1.14e-10 1.57e+03  1.32e-13    60s
 182   2.94536369e+07  3.00216640e+07  1.13e-10 1.57e+03  1.27e-13    61s
 183   2.94536369e+07  2.90776706e+07  1.13e-10 1.56e+03  1.26e-13    61s
 184   2.94536369e+07  2.90840440e+07  1.12e-10 1.59e+03  1.24e-13    61s
 185   2.94536369e+07  2.90838035e+07  1.11e-10 1.60e+03  1.23e-13    62s
 186   2.94536369e+07  2.90882393e+07  1.11e-10 1.60e+03  1.22e-13    62s
 187   2.94536369e+07  2.89017309e+07  1.10e-10 1.60e+03  1.20e-13    63s
 188   2.94536369e+07  2.89017299e+07  1.09e-10 1.60e+03  1.19e-13    63s
 189   2.94536369e+07  2.89111687e+07  1.08e-10 1.57e+03  1.18e-13    64s
 190   2.94536369e+07  2.86982053e+07  1.06e-10 1.59e+03  1.21e-13    64s
 191   2.94536369e+07  2.86420187e+07  1.06e-10 1.56e+03  1.18e-13    64s
 192   2.94536369e+07  2.86516007e+07  1.05e-10 1.56e+03  1.17e-13    65s
 193   2.94536369e+07  2.86557864e+07  1.05e-10 1.53e+03  1.16e-13    65s
 194   2.94536369e+07  2.86549230e+07  1.04e-10 1.53e+03  1.16e-13    66s
 195   2.94536369e+07  2.86563144e+07  1.04e-10 1.53e+03  1.14e-13    66s
 196   2.94536369e+07  2.86599302e+07  1.04e-10 1.43e+03  1.13e-13    66s
 197   2.94536369e+07  2.86694926e+07  1.04e-10 1.43e+03  1.12e-13    67s

Barrier performed 197 iterations in 66.79 seconds (58.96 work units)
Sub-optimal termination - objective 2.94536370e+07


Root crossover log...

   54013 DPushes remaining with DInf 2.2655213e-04                67s
       0 DPushes remaining with DInf 0.0000000e+00                68s

    2900 PPushes remaining with PInf 7.8579150e-04                68s
       0 PPushes remaining with PInf 0.0000000e+00                68s

  Push phase complete: Pinf 0.0000000e+00, Dinf 3.8815076e-06     68s


Root simplex log...

Iteration    Objective       Primal Inf.    Dual Inf.      Time
   55322    2.9453637e+07   0.000000e+00   0.000000e+00     68s
Concurrent spin time: 17.48s (can be avoided by choosing Method=3)

Solved with barrier
   55322    2.9453637e+07   0.000000e+00   0.000000e+00     86s

Root relaxation: objective 2.945364e+07, 55322 iterations, 80.20 seconds (56.13 work units)
Total elapsed time = 90.08s
Total elapsed time = 110.01s

    Nodes    |    Current Node    |     Objective Bounds      |     Work
 Expl Unexpl |  Obj  Depth IntInf | Incumbent    BestBd   Gap | It/Node Time

     0     0 2.9454e+07    0 2639 3.6638e+07 2.9454e+07  19.6%     -  119s
     0     0 2.9454e+07    0 2631 3.6638e+07 2.9454e+07  19.6%     -  125s
     0     0 2.9835e+07    0 2508 3.6638e+07 2.9835e+07  18.6%     -  568s
     0     0 2.9839e+07    0 2488 3.6638e+07 2.9839e+07  18.6%     -  651s
     0     0 2.9839e+07    0 2460 3.6638e+07 2.9839e+07  18.6%     -  841s
     0     0 2.9879e+07    0 2455 3.6638e+07 2.9879e+07  18.4%     - 1263s
     0     0 2.9881e+07    0 2559 3.6638e+07 2.9881e+07  18.4%     - 1313s
     0     0 2.9881e+07    0 2570 3.6638e+07 2.9881e+07  18.4%     - 1316s
     0     0 2.9881e+07    0 2534 3.6638e+07 2.9881e+07  18.4%     - 1338s
     0     0 2.9881e+07    0 2513 3.6638e+07 2.9881e+07  18.4%     - 1341s
     0     0 3.0048e+07    0 2580 3.6638e+07 3.0048e+07  18.0%     - 2250s
     0     0 3.0048e+07    0 2567 3.6638e+07 3.0048e+07  18.0%     - 2250s
     0     0 3.0113e+07    0 2673 3.6638e+07 3.0113e+07  17.8%     - 2513s
     0     0 3.0113e+07    0 2678 3.6638e+07 3.0113e+07  17.8%     - 2513s
     0     0 3.0130e+07    0 2615 3.6638e+07 3.0130e+07  17.8%     - 2769s
     0     0 3.0130e+07    0 2609 3.6638e+07 3.0130e+07  17.8%     - 2770s
     0     0 3.0134e+07    0 2651 3.6638e+07 3.0134e+07  17.8%     - 2858s
     0     0 3.0134e+07    0 2647 3.6638e+07 3.0134e+07  17.8%     - 2859s
     0     0 3.0135e+07    0 2644 3.6638e+07 3.0135e+07  17.7%     - 3139s
     0     0 3.0135e+07    0 2644 3.6638e+07 3.0135e+07  17.7%     - 3140s
     0     0 3.0136e+07    0 2649 3.6638e+07 3.0136e+07  17.7%     - 3184s
     0     0 3.0136e+07    0 2655 3.6638e+07 3.0136e+07  17.7%     - 3184s
     0     0 3.0136e+07    0 2646 3.6638e+07 3.0136e+07  17.7%     - 3201s
     0     0 3.0136e+07    0 2637 3.6638e+07 3.0136e+07  17.7%     - 3204s
     0     0 3.0137e+07    0 2674 3.6638e+07 3.0137e+07  17.7%     - 3220s
     0     0 3.0137e+07    0 2685 3.6638e+07 3.0137e+07  17.7%     - 3269s
     0     0 3.0137e+07    0 2690 3.6638e+07 3.0137e+07  17.7%     - 3288s
     0     0 3.0137e+07    0 2694 3.6638e+07 3.0137e+07  17.7%     - 3288s
     0     0 3.0219e+07    0 2566 3.6638e+07 3.0219e+07  17.5%     - 3762s
     0     0 3.0219e+07    0 2308 3.6638e+07 3.0219e+07  17.5%     - 3994s
     0     0 3.0219e+07    0 2193 3.6638e+07 3.0219e+07  17.5%     - 4376s
     0     0 3.0219e+07    0 2177 3.6638e+07 3.0219e+07  17.5%     - 4566s
     0     0 3.0219e+07    0 2241 3.6638e+07 3.0219e+07  17.5%     - 4875s
     0     0 3.0219e+07    0 2202 3.6638e+07 3.0219e+07  17.5%     - 5114s
     0     0 3.0219e+07    0 2234 3.6638e+07 3.0219e+07  17.5%     - 5179s
     0     0 3.0219e+07    0 2282 3.6638e+07 3.0219e+07  17.5%     - 5379s
     0     0 3.0219e+07    0 2199 3.6638e+07 3.0219e+07  17.5%     - 5508s
     0     0 3.0224e+07    0 2215 3.6638e+07 3.0224e+07  17.5%     - 5702s
     0     0 3.0224e+07    0 2197 3.6638e+07 3.0224e+07  17.5%     - 5704s
     0     0 3.0227e+07    0 2270 3.6638e+07 3.0227e+07  17.5%     - 5749s
     0     0 3.0227e+07    0 2234 3.6638e+07 3.0227e+07  17.5%     - 5992s
     0     0 3.0228e+07    0 2233 3.6638e+07 3.0228e+07  17.5%     - 6105s
     0     0 3.0228e+07    0 2250 3.6638e+07 3.0228e+07  17.5%     - 6202s
     0     0 3.0228e+07    0 2261 3.6638e+07 3.0228e+07  17.5%     - 6266s
     0     0 3.0228e+07    0 2276 3.6638e+07 3.0228e+07  17.5%     - 6314s
     0     0 3.0228e+07    0 2306 3.6638e+07 3.0228e+07  17.5%     - 6337s
     0     0 3.0228e+07    0 2312 3.6638e+07 3.0228e+07  17.5%     - 6337s
     0     0 3.0290e+07    0 2319 3.6638e+07 3.0290e+07  17.3%     - 7174s
     0     0 3.0290e+07    0 2287 3.6638e+07 3.0290e+07  17.3%     - 7220s
     0     0 3.0316e+07    0 2353 3.6638e+07 3.0316e+07  17.3%     - 7675s
     0     0 3.0316e+07    0 2313 3.6638e+07 3.0316e+07  17.3%     - 7760s
     0     0 3.0335e+07    0 2381 3.6638e+07 3.0335e+07  17.2%     - 8104s
     0     0 3.0335e+07    0 2368 3.6638e+07 3.0335e+07  17.2%     - 8120s
     0     0 3.0340e+07    0 2326 3.6638e+07 3.0340e+07  17.2%     - 8302s
     0     0 3.0340e+07    0 2319 3.6638e+07 3.0340e+07  17.2%     - 8341s
     0     0 3.0343e+07    0 2369 3.6638e+07 3.0343e+07  17.2%     - 8546s
     0     0 3.0343e+07    0 2380 3.6638e+07 3.0343e+07  17.2%     - 8557s
     0     0 3.0344e+07    0 2341 3.6638e+07 3.0344e+07  17.2%     - 8685s
     0     0 3.0344e+07    0 2362 3.6638e+07 3.0344e+07  17.2%     - 8766s
     0     0 3.0344e+07    0 2342 3.6638e+07 3.0344e+07  17.2%     - 8954s
     0     0 3.0344e+07    0 2360 3.6638e+07 3.0344e+07  17.2%     - 9009s
     0     0 3.0344e+07    0 2397 3.6638e+07 3.0344e+07  17.2%     - 9074s
     0     0 3.0344e+07    0 2346 3.6638e+07 3.0344e+07  17.2%     - 9123s
     0     0 3.0389e+07    0 2309 3.6638e+07 3.0389e+07  17.1%     - 9541s
     0     0 3.0389e+07    0 2319 3.6638e+07 3.0389e+07  17.1%     - 9620s
     0     0 3.0412e+07    0 2362 3.6638e+07 3.0412e+07  17.0%     - 10040s
     0     0 3.0412e+07    0 2341 3.6638e+07 3.0412e+07  17.0%     - 10182s
     0     0 3.0420e+07    0 2355 3.6638e+07 3.0420e+07  17.0%     - 10343s
     0     0 3.0420e+07    0 2311 3.6638e+07 3.0420e+07  17.0%     - 10410s
     0     0 3.0425e+07    0 2361 3.6638e+07 3.0425e+07  17.0%     - 10749s
     0     0 3.0427e+07    0 2330 3.6638e+07 3.0427e+07  17.0%     - 10885s
     0     0 3.0427e+07    0 2352 3.6638e+07 3.0427e+07  17.0%     - 10989s
     0     0 3.0429e+07    0 2363 3.6638e+07 3.0429e+07  16.9%     - 11208s
     0     0 3.0429e+07    0 2338 3.6638e+07 3.0429e+07  16.9%     - 11291s
     0     0 3.0432e+07    0 2407 3.6638e+07 3.0432e+07  16.9%     - 11422s
     0     0 3.0432e+07    0 2370 3.6638e+07 3.0432e+07  16.9%     - 11484s
     0     0 3.0433e+07    0 2363 3.6638e+07 3.0433e+07  16.9%     - 11542s
     0     0 3.0433e+07    0 2325 3.6638e+07 3.0433e+07  16.9%     - 11568s
     0     0 3.0433e+07    0 2354 3.6638e+07 3.0433e+07  16.9%     - 11734s
     0     0 3.0433e+07    0 2363 3.6638e+07 3.0433e+07  16.9%     - 11796s
     0     0 3.0433e+07    0 2360 3.6638e+07 3.0433e+07  16.9%     - 12376s
     0     0 3.0433e+07    0 2250 3.6638e+07 3.0433e+07  16.9%     - 12552s
     0     0 3.0452e+07    0 2217 3.6638e+07 3.0452e+07  16.9%     - 12968s
     0     0 3.0452e+07    0 2248 3.6638e+07 3.0452e+07  16.9%     - 13076s
     0     0 3.0466e+07    0 2317 3.6638e+07 3.0466e+07  16.8%     - 13270s
     0     0 3.0466e+07    0 2334 3.6638e+07 3.0466e+07  16.8%     - 13316s
     0     0 3.0471e+07    0 2288 3.6638e+07 3.0471e+07  16.8%     - 13470s
     0     0 3.0474e+07    0 2323 3.6638e+07 3.0474e+07  16.8%     - 13552s
     0     0 3.0474e+07    0 2318 3.6638e+07 3.0474e+07  16.8%     - 13555s
     0     0 3.0476e+07    0 2217 3.6638e+07 3.0476e+07  16.8%     - 13748s
     0     0 3.0476e+07    0 2290 3.6638e+07 3.0476e+07  16.8%     - 13825s
     0     0 3.0477e+07    0 2307 3.6638e+07 3.0477e+07  16.8%     - 13886s
     0     0 3.0477e+07    0 2309 3.6638e+07 3.0477e+07  16.8%     - 13886s
     0     0 3.0477e+07    0 2283 3.6638e+07 3.0477e+07  16.8%     - 13921s
     0     0 3.0478e+07    0 2319 3.6638e+07 3.0478e+07  16.8%     - 13953s
     0     0 3.0478e+07    0 2330 3.6638e+07 3.0478e+07  16.8%     - 13972s
     0     0 3.0478e+07    0 2352 3.6638e+07 3.0478e+07  16.8%     - 13991s
     0     0 3.0478e+07    0 2334 3.6638e+07 3.0478e+07  16.8%     - 14047s
     0     0 3.0485e+07    0 2292 3.6638e+07 3.0485e+07  16.8%     - 14276s
     0     0 3.0485e+07    0 2291 3.6638e+07 3.0485e+07  16.8%     - 14281s
     0     0 3.0491e+07    0 2190 3.6638e+07 3.0491e+07  16.8%     - 14497s
     0     0 3.0491e+07    0 2261 3.6638e+07 3.0491e+07  16.8%     - 14702s
     0     0 3.0495e+07    0 2274 3.6638e+07 3.0495e+07  16.8%     - 14918s
     0     0 3.0495e+07    0 2244 3.6638e+07 3.0495e+07  16.8%     - 15020s
     0     0 3.0497e+07    0 2319 3.6638e+07 3.0497e+07  16.8%     - 15171s
     0     0 3.0497e+07    0 2299 3.6638e+07 3.0497e+07  16.8%     - 15252s
     0     0 3.0499e+07    0 2328 3.6638e+07 3.0499e+07  16.8%     - 15363s
     0     0 3.0499e+07    0 2311 3.6638e+07 3.0499e+07  16.8%     - 15435s
     0     0 3.0502e+07    0 2309 3.6638e+07 3.0502e+07  16.7%     - 15541s
     0     0 3.0503e+07    0 2335 3.6638e+07 3.0503e+07  16.7%     - 15626s
     0     0 3.0504e+07    0 2322 3.6638e+07 3.0504e+07  16.7%     - 15694s
     0     0 3.0504e+07    0 2238 3.6638e+07 3.0504e+07  16.7%     - 15810s
     0     0 3.0504e+07    0 2292 3.6638e+07 3.0504e+07  16.7%     - 15858s
     0     0 3.0504e+07    0 2233 3.6638e+07 3.0504e+07  16.7%     - 15884s
     0     0 3.0504e+07    0 2317 3.6638e+07 3.0504e+07  16.7%     - 15967s
     0     0 3.0511e+07    0 2245 3.6638e+07 3.0511e+07  16.7%     - 16219s
     0     0 3.0511e+07    0 2291 3.6638e+07 3.0511e+07  16.7%     - 16284s
     0     0 3.0514e+07    0 2339 3.6638e+07 3.0514e+07  16.7%     - 16407s
     0     0 3.0514e+07    0 2251 3.6638e+07 3.0514e+07  16.7%     - 16485s
     0     0 3.0516e+07    0 2316 3.6638e+07 3.0516e+07  16.7%     - 16639s
     0     0 3.0516e+07    0 2299 3.6638e+07 3.0516e+07  16.7%     - 16753s
     0     0 3.0517e+07    0 2325 3.6638e+07 3.0517e+07  16.7%     - 17099s
     0     0 3.0517e+07    0 2330 3.6638e+07 3.0517e+07  16.7%     - 17174s
     0     0 3.0517e+07    0 2328 3.6638e+07 3.0517e+07  16.7%     - 17175s
     0     0 3.0517e+07    0 2333 3.6638e+07 3.0517e+07  16.7%     - 17220s
     0     0 3.0521e+07    0 2409 3.6638e+07 3.0521e+07  16.7%     - 17454s
     0     0 3.0521e+07    0 2384 3.6638e+07 3.0521e+07  16.7%     - 17462s
     0     0 3.0523e+07    0 2320 3.6638e+07 3.0523e+07  16.7%     - 17725s
     0     0 3.0523e+07    0 2310 3.6638e+07 3.0523e+07  16.7%     - 17758s
     0     0 3.0525e+07    0 2392 3.6638e+07 3.0525e+07  16.7%     - 17874s
     0     0 3.0525e+07    0 2347 3.6638e+07 3.0525e+07  16.7%     - 17896s
     0     0 3.0526e+07    0 2342 3.6638e+07 3.0526e+07  16.7%     - 18102s
     0     0 3.0526e+07    0 2342 3.6638e+07 3.0526e+07  16.7%     - 18200s
     0     0 3.0526e+07    0 2326 3.6638e+07 3.0526e+07  16.7%     - 18261s
     0     0 3.0526e+07    0 2286 3.6638e+07 3.0526e+07  16.7%     - 18321s
     0     0 3.0526e+07    0 2224 3.6638e+07 3.0526e+07  16.7%     - 18453s
     0     0 3.0528e+07    0 2319 3.6638e+07 3.0528e+07  16.7%     - 18628s
     0     0 3.0528e+07    0 2325 3.6638e+07 3.0528e+07  16.7%     - 18629s
     0     0 3.0529e+07    0 2266 3.6638e+07 3.0529e+07  16.7%     - 18885s
     0     0 3.0530e+07    0 2275 3.6638e+07 3.0530e+07  16.7%     - 18961s
     0     0 3.0530e+07    0 2293 3.6638e+07 3.0530e+07  16.7%     - 18967s
     0     0 3.0530e+07    0 2339 3.6638e+07 3.0530e+07  16.7%     - 19197s
     0     0 3.0530e+07    0 2251 3.6638e+07 3.0530e+07  16.7%     - 19250s
     0     0 3.0532e+07    0 2332 3.6638e+07 3.0532e+07  16.7%     - 19516s
     0     0 3.0532e+07    0 2321 3.6638e+07 3.0532e+07  16.7%     - 19623s
     0     0 3.0532e+07    0 2279 3.6638e+07 3.0532e+07  16.7%     - 19759s
     0     0 3.0532e+07    0 2275 3.6638e+07 3.0532e+07  16.7%     - 19857s
     0     0 3.0533e+07    0 2334 3.6638e+07 3.0533e+07  16.7%     - 19931s
     0     0 3.0533e+07    0 2305 3.6638e+07 3.0533e+07  16.7%     - 19939s
     0     0 3.0533e+07    0 2298 3.6638e+07 3.0533e+07  16.7%     - 20023s
     0     0 3.0534e+07    0 2245 3.6638e+07 3.0534e+07  16.7%     - 20285s
     0     0 3.0534e+07    0 2206 3.6638e+07 3.0534e+07  16.7%     - 20297s
     0     0 3.0535e+07    0 2268 3.6638e+07 3.0535e+07  16.7%     - 20395s
     0     0 3.0535e+07    0 2250 3.6638e+07 3.0535e+07  16.7%     - 20456s
     0     0 3.0536e+07    0 2246 3.6638e+07 3.0536e+07  16.7%     - 20711s
     0     0 3.0536e+07    0 2186 3.6638e+07 3.0536e+07  16.7%     - 20786s
     0     0 3.0536e+07    0 2214 3.6638e+07 3.0536e+07  16.7%     - 20801s
     0     2 3.0536e+07    0 2202 3.6638e+07 3.0536e+07  16.7%     - 20950s
     1     5 3.0544e+07    1 2162 3.6638e+07 3.0536e+07  16.7% 36311 21373s
     3     8 3.0556e+07    2 2124 3.6638e+07 3.0544e+07  16.6% 36734 22400s
     7    12 3.0602e+07    3 2028 3.6638e+07 3.0556e+07  16.6% 61228 23767s
    11    16 3.0570e+07    3 2138 3.6638e+07 3.0563e+07  16.6% 53937 24999s
    15    20 3.0570e+07    4 2102 3.6638e+07 3.0565e+07  16.6% 51667 25374s
    19    24 3.0570e+07    5 2118 3.6638e+07 3.0568e+07  16.6% 53158 26353s
    23    29 3.0574e+07    6 2190 3.6638e+07 3.0569e+07  16.6% 53103 27259s
    28    33 3.0576e+07    7 2129 3.6638e+07 3.0569e+07  16.6% 47667 27734s
    32    37 3.0602e+07    8 2154 3.6638e+07 3.0569e+07  16.6% 49968 30030s
    36    41 3.0603e+07    9 2142 3.6638e+07 3.0569e+07  16.6% 48665 30911s
    40    45 3.0609e+07   10 2127 3.6638e+07 3.0569e+07  16.6% 47408 31466s
    44    51 3.0635e+07   10 2020 3.6638e+07 3.0569e+07  16.6% 45418 39296s
    50    55 3.0637e+07   11 2127 3.6638e+07 3.0569e+07  16.6% 58262 40161s
    54    64 3.0617e+07   11 2017 3.6638e+07 3.0569e+07  16.6% 57061 42095s
H   63    70                    3.654208e+07 3.0569e+07  16.3% 53104 44467s
    69    77 3.0649e+07   13 1980 3.6542e+07 3.0569e+07  16.3% 53850 45070s
    76    84 3.0635e+07   14 2102 3.6542e+07 3.0569e+07  16.3% 50647 47387s
    83    88 3.0675e+07   14 2069 3.6542e+07 3.0569e+07  16.3% 48892 49048s
    87   100 3.0640e+07   15 2037 3.6542e+07 3.0569e+07  16.3% 49032 51293s
H   99   110                    3.649912e+07 3.0569e+07  16.2% 46698 52944s
   109   122 3.0671e+07   19 2111 3.6499e+07 3.0569e+07  16.2% 45281 54062s
   121   128 3.0729e+07   20 2044 3.6499e+07 3.0569e+07  16.2% 43158 54833s
   127   133 3.0729e+07   21 2032 3.6499e+07 3.0569e+07  16.2% 42814 59933s
   132   140 3.0759e+07   23 1990 3.6499e+07 3.0569e+07  16.2% 47709 76597s
H  133   140                    3.644322e+07 3.0569e+07  16.1% 47350 76597s
   139   149 3.0820e+07   24 1949 3.6443e+07 3.0569e+07  16.1% 58203 77621s
   150   161 3.0779e+07   27 2019 3.6443e+07 3.0569e+07  16.1% 59676 80340s
   162   172 3.0814e+07   31 1966 3.6443e+07 3.0569e+07  16.1% 59153 82082s
H  171   172                    3.642529e+07 3.0569e+07  16.1% 58113 82083s
   173   185 3.0900e+07   32 1887 3.6425e+07 3.0569e+07  16.1% 58434 84083s
   186   196 3.1067e+07   34 1845 3.6425e+07 3.0569e+07  16.1% 57865 85992s
H  197   197                    3.641354e+07 3.0569e+07  16.0% 56790 86393s

Cutting planes:
  Lift-and-project: 2
  Cover: 1
  Implied bound: 2013
  Clique: 14
  MIR: 604
  Flow cover: 2245
  Zero half: 53
  RLT: 452
  Relax-and-lift: 1980

Explored 198 nodes (14005337 simplex iterations) in 86393.19 seconds (61892.04 work units)
Thread count was 4 (of 128 available processors)

Solution count 6: 3.64135e+07 3.64135e+07 3.64253e+07 ... 3.66375e+07

Time limit reached
Best objective 3.641353649999e+07, best bound 3.056938798927e+07, gap 16.0494%

Solving took 	23:59:53.199
####################################################################################################
####################################################################################################
####################################################################################################
Reached timelimit, but could find a feasible solution
####################################################################################################
Description                          Value
----------------------------  ------------
Objective (min)               36,413,536.5
Cost sailing                  11,582,288.0
Cost port visits              20,691,293.0
Cost transshipment (demands)   4,175,469.0
Cost transshipment (empties)     628,840.5
Penalty delayed demands        2,470,440.0
Revenue Empties                3,167,774.0
Penalty rejected demands          32,980.0
Rejected demands (%)                  0.05
Omitted ports (%)                      0.0
Gap (%)                              16.05
####################################################################################################
Export solution
####################################################################################################
Overall time 	1-00:00:01.405

real	1440m2.970s
user	2578m13.879s
sys	0m35.231s
finished at Fri Mar 17 14:58:15 CET 2023
