cpu-bind=MASK - n2lcn0125, task  0  0 [3857154]: mask |--------|--------||--------|--------||--------|--------||--------|--------||||--------|BBBB----||--------|--------||--------|--------||--------|--------|  set
started at Thu Mar 16 14:58:12 CET 2023
Timecheck 9936649.777209943
Set parameter TokenServer to value "license3.uni-paderborn.de"
Warning: Gurobi version mismatch between Python 10.0.1 and C library 10.0.0
Timecheck 9936649.79192188
Timecheck 9936649.79214398
Timecheck 9936649.79217636
Timecheck 9936649.7921984


####################################################################################################
Solve scenario sce_5_26_3 with free vessel operation using the arc flow model
Vessels cannot omit ports, Demands can be rejected
####################################################################################################
Data preprocessing, load /upb/departments/pc2/groups/hpc-prf-winf4/dwetzel/SILSRP/inst_final/sce_5_26_3
and create additional sets and parameters
	|- Read vessel information, number of vessels:	12
	|- Read node information, number of nodes:		557
	|- Read arc information
		|- Number of sailing arcs:			3267
		|- Number of transshipment arcs:	1079
	|- Read container information
		|- Number of demands:		1704
		|- Number of empties (+/-):	260/226
	|- Create additional sets and parameters

Data preprocessing took 	00:00:01.047
####################################################################################################
Create linear model
Set parameter Threads to value 4
	|- Create variables, took	00:00:01.873
	|- Create objective, took	00:00:01.223
	|- Create constraints, took	00:00:04.922
	|- Load CVO start

Creating model took	00:00:08.031
####################################################################################################
Fix start solution

Set parameter TimeLimit to value 86391.833508173
Gurobi Optimizer version 10.0.0 build v10.0.0rc2 (linux64)

CPU model: AMD EPYC 7763 64-Core Processor, instruction set [SSE2|AVX|AVX2]
Thread count: 128 physical cores, 128 logical processors, using up to 4 threads

Optimize a model with 92538 rows, 477524 columns and 1589830 nonzeros
Model fingerprint: 0x5c9a54ed
Variable types: 436072 continuous, 41452 integer (41452 binary)
Coefficient statistics:
  Matrix range     [1e+00, 3e+05]
  Objective range  [1e+00, 1e+00]
  Bounds range     [1e+00, 3e+02]
  RHS range        [1e+00, 8e+07]
Presolve removed 85691 rows and 460071 columns
Presolve time: 1.25s
Presolved: 6847 rows, 17453 columns, 53666 nonzeros
Variable types: 16024 continuous, 1429 integer (1428 binary)
Found heuristic solution: objective 4.563997e+07

Root relaxation: objective 3.822810e+07, 2969 iterations, 0.03 seconds (0.02 work units)

    Nodes    |    Current Node    |     Objective Bounds      |     Work
 Expl Unexpl |  Obj  Depth IntInf | Incumbent    BestBd   Gap | It/Node Time

*    0     0               0    3.822810e+07 3.8228e+07  0.00%     -    1s

Explored 1 nodes (2969 simplex iterations) in 1.59 seconds (1.38 work units)
Thread count was 4 (of 128 available processors)

Solution count 2: 3.82281e+07 4.564e+07 

Optimal solution found (tolerance 1.00e-04)
Best objective 3.822809500000e+07, best bound 3.822809500000e+07, gap 0.0000%

Fixing start solution took	00:00:09.793
####################################################################################################
####################################################################################################
Solve optimization model

Set parameter TimeLimit to value 86390.2064847555
Gurobi Optimizer version 10.0.0 build v10.0.0rc2 (linux64)

CPU model: AMD EPYC 7763 64-Core Processor, instruction set [SSE2|AVX|AVX2]
Thread count: 128 physical cores, 128 logical processors, using up to 4 threads

Optimize a model with 91982 rows, 477524 columns and 1589274 nonzeros
Model fingerprint: 0x5e38a729
Variable types: 436072 continuous, 41452 integer (41452 binary)
Coefficient statistics:
  Matrix range     [1e+00, 3e+05]
  Objective range  [1e+00, 1e+00]
  Bounds range     [1e+00, 3e+02]
  RHS range        [1e+00, 8e+07]

Loaded MIP start from previous solve with objective 3.82281e+07

Presolve removed 8769 rows and 16648 columns (presolve time = 5s) ...
Presolve removed 8890 rows and 16654 columns
Presolve time: 6.07s
Presolved: 83092 rows, 460870 columns, 1323758 nonzeros
Variable types: 422756 continuous, 38114 integer (38113 binary)
Deterministic concurrent LP optimizer: primal simplex, dual simplex, and barrier
Showing barrier log only...

Root barrier log...

Elapsed ordering time = 5s
Ordering time: 7.93s

Barrier statistics:
 AA' NZ     : 1.215e+06
 Factor NZ  : 2.276e+07 (roughly 400 MB of memory)
 Factor Ops : 2.496e+10 (less than 1 second per iteration)
 Threads    : 2

                  Objective                Residual
Iter       Primal          Dual         Primal    Dual     Compl     Time
   0   3.09802379e+16 -1.65447342e+15  1.99e+10 6.77e+03  1.11e+13    17s
   1   7.58678710e+15 -3.66007985e+14  4.80e+09 3.42e+02  2.70e+12    17s
   2   6.53063116e+14 -8.93557734e+13  4.12e+08 7.42e-10  2.33e+11    18s
   3   7.51532373e+13 -1.74618835e+13  4.74e+07 2.12e-09  2.70e+10    19s
   4   1.09362405e+13 -3.63601264e+12  6.88e+06 2.01e-09  3.96e+09    20s
   5   1.87312489e+12 -1.01404075e+12  1.18e+06 6.11e-10  6.86e+08    21s
   6   2.28172682e+11 -4.20183919e+11  1.43e+05 7.28e-10  8.45e+07    22s
   7   3.91667278e+10 -2.88440501e+11  2.44e+04 1.11e-09  1.47e+07    23s
   8   4.49182844e+09 -2.24691204e+11  2.73e+03 9.90e-10  1.85e+06    23s
   9   8.84049099e+08 -1.30382141e+11  4.62e+02 2.50e-09  3.80e+05    24s
  10   3.53119997e+08 -6.02170354e+10  1.46e+02 1.05e-09  1.26e+05    25s
  11   2.07483042e+08 -3.47848954e+10  6.66e+01 2.02e-09  6.17e+04    26s
  12   1.23647624e+08 -2.06908521e+10  2.61e+01 8.73e-09  3.11e+04    26s
  13   8.47578977e+07 -8.94322466e+09  9.29e+00 8.85e-09  1.24e+04    27s
  14   6.39704173e+07 -2.57518550e+09  2.39e+00 5.36e-09  3.31e+03    28s
  15   5.39015711e+07 -7.57797070e+08  5.88e-01 3.30e-09  9.33e+02    29s
  16   4.74436633e+07 -2.56132474e+08  1.47e-01 2.55e-09  3.35e+02    30s
  17   4.36631291e+07 -1.23540499e+08  7.66e-02 1.69e-09  1.83e+02    31s
  18   4.04245943e+07 -7.99308609e+07  4.65e-02 2.66e-09  1.31e+02    31s
  19   3.80692332e+07 -4.39447708e+07  3.04e-02 1.37e-09  8.94e+01    32s
  20   3.62474787e+07 -2.33983290e+07  2.16e-02 1.33e-09  6.50e+01    33s
  21   3.35051694e+07 -2.67953205e+06  9.78e-03 3.39e-09  3.93e+01    34s
  22   3.15229255e+07  7.64571321e+06  5.25e-03 3.73e-09  2.59e+01    34s
  23   3.01336612e+07  1.31318600e+07  3.35e-03 4.49e-09  1.84e+01    35s
  24   2.87786122e+07  1.75432934e+07  1.93e-03 2.37e-09  1.22e+01    36s
  25   2.76331963e+07  2.02147679e+07  1.03e-03 6.50e-09  8.04e+00    37s
  26   2.69784922e+07  2.19817172e+07  6.58e-04 9.54e-09  5.41e+00    38s
  27   2.62657921e+07  2.33562931e+07  3.33e-04 1.49e-08  3.15e+00    39s
  28   2.58546631e+07  2.39577980e+07  1.74e-04 9.74e-09  2.05e+00    39s
  29   2.55952846e+07  2.42573857e+07  9.08e-05 2.49e-08  1.45e+00    40s
  30   2.54867967e+07  2.45902128e+07  6.02e-05 1.08e-08  9.71e-01    41s
  31   2.54197674e+07  2.47385702e+07  4.31e-05 1.25e-08  7.37e-01    42s
  32   2.53629981e+07  2.48984585e+07  2.90e-05 1.23e-08  5.03e-01    42s
  33   2.53150819e+07  2.50495285e+07  1.80e-05 2.61e-08  2.88e-01    43s
  34   2.52617883e+07  2.51457416e+07  6.46e-06 1.82e-08  1.26e-01    44s
  35   2.52569149e+07  2.51830895e+07  5.64e-06 1.37e-08  8.00e-02    45s
  36   2.52398846e+07  2.52184922e+07  2.19e-06 1.09e-07  2.32e-02    46s
  37   2.52306840e+07  2.52251956e+07  5.54e-07 2.15e-08  5.96e-03    47s
  38   2.52295163e+07  2.52262818e+07  3.14e-07 7.81e-08  3.51e-03    48s
  39   2.52283296e+07  2.52276360e+07  4.26e-08 7.60e-08  7.52e-04    48s
  40   2.52281851e+07  2.52280909e+07  8.42e-08 1.03e-07  1.02e-04    49s
  41   2.52281660e+07  2.52281478e+07  1.84e-08 2.99e-05  1.98e-05    50s
  42   2.52281605e+07  2.52281600e+07  2.39e-08 1.09e-04  5.02e-07    51s
  43   2.52281602e+07  2.52281602e+07  8.35e-09 1.36e-04  1.69e-09    52s

Barrier solved model in 43 iterations and 51.52 seconds (56.33 work units)
Optimal objective 2.52281602e+07


Root crossover log...

   70462 DPushes remaining with DInf 0.0000000e+00                52s
       0 DPushes remaining with DInf 0.0000000e+00                53s

    6138 PPushes remaining with PInf 0.0000000e+00                53s
       0 PPushes remaining with PInf 0.0000000e+00                54s

  Push phase complete: Pinf 0.0000000e+00, Dinf 1.9841161e-07     54s


Root simplex log...

Iteration    Objective       Primal Inf.    Dual Inf.      Time
   75050    2.5228160e+07   0.000000e+00   0.000000e+00     54s
Concurrent spin time: 20.43s (can be avoided by choosing Method=3)

Solved with barrier
   75050    2.5228160e+07   0.000000e+00   0.000000e+00     75s

Root relaxation: objective 2.522816e+07, 75050 iterations, 68.33 seconds (55.43 work units)
Total elapsed time = 76.59s
Total elapsed time = 81.43s

    Nodes    |    Current Node    |     Objective Bounds      |     Work
 Expl Unexpl |  Obj  Depth IntInf | Incumbent    BestBd   Gap | It/Node Time

     0     0 2.5228e+07    0 5223 3.8228e+07 2.5228e+07  34.0%     -   83s
H    0     0                    3.745916e+07 2.5228e+07  32.7%     -   85s
     0     0 2.5813e+07    0 4848 3.7459e+07 2.5813e+07  31.1%     - 1886s
     0     0 2.5813e+07    0 4693 3.7459e+07 2.5813e+07  31.1%     - 2207s
H    0     0                    3.719958e+07 2.5813e+07  30.6%     - 2209s
     0     0 2.5863e+07    0 4791 3.7200e+07 2.5863e+07  30.5%     - 3283s
     0     0 2.5863e+07    0 4653 3.7200e+07 2.5863e+07  30.5%     - 3719s
     0     0 2.5879e+07    0 4744 3.7200e+07 2.5879e+07  30.4%     - 4600s
     0     0 2.5879e+07    0 4682 3.7200e+07 2.5879e+07  30.4%     - 4918s
     0     0 2.5880e+07    0 4726 3.7200e+07 2.5880e+07  30.4%     - 5224s
     0     0 2.5880e+07    0 4657 3.7200e+07 2.5880e+07  30.4%     - 5584s
     0     0 2.5880e+07    0 4755 3.7200e+07 2.5880e+07  30.4%     - 6314s
     0     0 2.5880e+07    0 4698 3.7200e+07 2.5880e+07  30.4%     - 6338s
     0     0 2.6108e+07    0 4832 3.7200e+07 2.6108e+07  29.8%     - 9508s
     0     0 2.6108e+07    0 4796 3.7200e+07 2.6108e+07  29.8%     - 9646s
     0     0 2.6258e+07    0 4942 3.7200e+07 2.6258e+07  29.4%     - 14451s
     0     0 2.6258e+07    0 4942 3.7200e+07 2.6258e+07  29.4%     - 14792s
     0     0 2.6291e+07    0 4985 3.7200e+07 2.6291e+07  29.3%     - 17272s
     0     0 2.6291e+07    0 4958 3.7200e+07 2.6291e+07  29.3%     - 17568s
     0     0 2.6303e+07    0 4960 3.7200e+07 2.6303e+07  29.3%     - 19278s
     0     0 2.6303e+07    0 4887 3.7200e+07 2.6303e+07  29.3%     - 19525s
     0     0 2.6305e+07    0 4924 3.7200e+07 2.6305e+07  29.3%     - 20946s
     0     0 2.6305e+07    0 4967 3.7200e+07 2.6305e+07  29.3%     - 21682s
     0     0 2.6306e+07    0 4973 3.7200e+07 2.6306e+07  29.3%     - 22566s
     0     0 2.6306e+07    0 5070 3.7200e+07 2.6306e+07  29.3%     - 22911s
     0     0 2.6306e+07    0 4998 3.7200e+07 2.6306e+07  29.3%     - 23519s
     0     0 2.6306e+07    0 5067 3.7200e+07 2.6306e+07  29.3%     - 23971s
     0     0 2.6398e+07    0 4922 3.7200e+07 2.6398e+07  29.0%     - 29954s
     0     0 2.6398e+07    0 4973 3.7200e+07 2.6398e+07  29.0%     - 30554s
     0     0 2.6464e+07    0 5091 3.7200e+07 2.6464e+07  28.9%     - 37198s
     0     0 2.6464e+07    0 5178 3.7200e+07 2.6464e+07  28.9%     - 37385s
     0     0 2.6485e+07    0 5150 3.7200e+07 2.6485e+07  28.8%     - 41752s
     0     0 2.6485e+07    0 5128 3.7200e+07 2.6485e+07  28.8%     - 42977s
     0     0 2.6493e+07    0 5230 3.7200e+07 2.6493e+07  28.8%     - 50589s
     0     0 2.6497e+07    0 5179 3.7200e+07 2.6497e+07  28.8%     - 53822s
     0     0 2.6497e+07    0 5237 3.7200e+07 2.6497e+07  28.8%     - 54235s
     0     0 2.6498e+07    0 5187 3.7200e+07 2.6498e+07  28.8%     - 57873s
     0     0 2.6498e+07    0 5239 3.7200e+07 2.6498e+07  28.8%     - 58153s
     0     0 2.6498e+07    0 5272 3.7200e+07 2.6498e+07  28.8%     - 59998s
     0     0 2.6498e+07    0 5233 3.7200e+07 2.6498e+07  28.8%     - 61168s
     0     0 2.6499e+07    0 5195 3.7200e+07 2.6499e+07  28.8%     - 62452s
     0     0 2.6499e+07    0 5247 3.7200e+07 2.6499e+07  28.8%     - 62860s
     0     0 2.6499e+07    0 5241 3.7200e+07 2.6499e+07  28.8%     - 63889s
     0     0 2.6499e+07    0 5237 3.7200e+07 2.6499e+07  28.8%     - 66828s
     0     0 2.6567e+07    0 5042 3.7200e+07 2.6567e+07  28.6%     - 74240s
     0     0 2.6567e+07    0 5079 3.7200e+07 2.6567e+07  28.6%     - 75257s

Cutting planes:
  Cover: 3
  Implied bound: 827
  Clique: 2
  MIR: 522
  Flow cover: 2997
  Zero half: 1
  RLT: 367
  Relax-and-lift: 375

Explored 1 nodes (4831707 simplex iterations) in 86390.33 seconds (74428.77 work units)
Thread count was 4 (of 128 available processors)

Solution count 3: 3.71996e+07 3.74592e+07 3.82281e+07 

Time limit reached
Best objective 3.719958300000e+07, best bound 2.656735166647e+07, gap 28.5816%

Solving took 	23:59:50.351
####################################################################################################
####################################################################################################
####################################################################################################
Reached timelimit, but could find a feasible solution
####################################################################################################
Description                          Value
----------------------------  ------------
Objective (min)               37,199,583.0
Cost sailing                  18,669,049.0
Cost port visits              15,953,337.0
Cost transshipment (demands)   2,864,611.0
Cost transshipment (empties)     650,375.0
Penalty delayed demands        3,080,570.0
Revenue Empties                4,093,959.0
Penalty rejected demands          75,600.0
Rejected demands (%)                  0.09
Omitted ports (%)                      0.0
Gap (%)                              28.58
####################################################################################################
Export solution
####################################################################################################
Overall time 	1-00:00:01.806

real	1440m3.372s
user	1438m46.029s
sys	0m55.291s
finished at Fri Mar 17 14:58:16 CET 2023
