cpu-bind=MASK - n2lcn0125, task  0  0 [3857162]: mask |--------|--------||--------|--------||--------|BBBB----||--------|--------||||--------|--------||--------|--------||--------|--------||--------|--------|  set
started at Thu Mar 16 14:58:12 CET 2023
Timecheck 9936649.777233183
Set parameter TokenServer to value "license3.uni-paderborn.de"
Warning: Gurobi version mismatch between Python 10.0.1 and C library 10.0.0
Timecheck 9936649.792326491
Timecheck 9936649.792546231
Timecheck 9936649.792577652
Timecheck 9936649.792599032


####################################################################################################
Solve scenario sce_3_26_1 with free vessel operation using the arc flow model
Vessels cannot omit ports, Demands can be rejected
####################################################################################################
Data preprocessing, load /upb/departments/pc2/groups/hpc-prf-winf4/dwetzel/SILSRP/inst_final/sce_3_26_1
and create additional sets and parameters
	|- Read vessel information, number of vessels:	5
	|- Read node information, number of nodes:		369
	|- Read arc information
		|- Number of sailing arcs:			1499
		|- Number of transshipment arcs:	497
	|- Read container information
		|- Number of demands:		605
		|- Number of empties (+/-):	152/140
	|- Create additional sets and parameters

Data preprocessing took 	00:00:00.257
####################################################################################################
Create linear model
Set parameter Threads to value 4
	|- Create variables, took	00:00:00.293
	|- Create objective, took	00:00:00.234
	|- Create constraints, took	00:00:01.099
	|- Load CVO start

Creating model took	00:00:01.634
####################################################################################################
Fix start solution

Set parameter TimeLimit to value 8.6398338069174439e+04
Gurobi Optimizer version 10.0.0 build v10.0.0rc2 (linux64)

CPU model: AMD EPYC 7763 64-Core Processor, instruction set [SSE2|AVX|AVX2]
Thread count: 128 physical cores, 128 logical processors, using up to 4 threads

Optimize a model with 23745 rows, 80428 columns and 273383 nonzeros
Model fingerprint: 0xf7686ed5
Variable types: 71965 continuous, 8463 integer (8463 binary)
Coefficient statistics:
  Matrix range     [1e+00, 3e+05]
  Objective range  [1e+00, 1e+00]
  Bounds range     [1e+00, 3e+02]
  RHS range        [1e+00, 3e+07]
Found heuristic solution: objective 4.737040e+07
Presolve removed 21816 rows and 76725 columns
Presolve time: 0.15s
Presolved: 1929 rows, 3703 columns, 12683 nonzeros
Found heuristic solution: objective 2.632272e+07
Variable types: 3284 continuous, 419 integer (418 binary)

Root relaxation: objective 2.274280e+07, 772 iterations, 0.01 seconds (0.00 work units)

    Nodes    |    Current Node    |     Objective Bounds      |     Work
 Expl Unexpl |  Obj  Depth IntInf | Incumbent    BestBd   Gap | It/Node Time

*    0     0               0    2.274280e+07 2.2743e+07  0.00%     -    0s

Explored 1 nodes (772 simplex iterations) in 0.19 seconds (0.19 work units)
Thread count was 4 (of 128 available processors)

Solution count 3: 2.27428e+07 2.63227e+07 4.73704e+07 

Optimal solution found (tolerance 1.00e-04)
Best objective 2.274280166667e+07, best bound 2.274280166667e+07, gap 0.0000%

Fixing start solution took	00:00:01.866
####################################################################################################
####################################################################################################
Solve optimization model

Set parameter TimeLimit to value 86398.1340829283
Gurobi Optimizer version 10.0.0 build v10.0.0rc2 (linux64)

CPU model: AMD EPYC 7763 64-Core Processor, instruction set [SSE2|AVX|AVX2]
Thread count: 128 physical cores, 128 logical processors, using up to 4 threads

Optimize a model with 23377 rows, 80428 columns and 273015 nonzeros
Model fingerprint: 0x4f21cb24
Variable types: 71965 continuous, 8463 integer (8463 binary)
Coefficient statistics:
  Matrix range     [1e+00, 3e+05]
  Objective range  [1e+00, 1e+00]
  Bounds range     [1e+00, 3e+02]
  RHS range        [1e+00, 3e+07]

MIP start from previous solve produced solution with objective 2.27428e+07 (0.13s)
Loaded MIP start from previous solve with objective 2.27428e+07

Presolve removed 3648 rows and 4036 columns
Presolve time: 0.64s
Presolved: 19729 rows, 76392 columns, 226388 nonzeros
Variable types: 68769 continuous, 7623 integer (7623 binary)
Deterministic concurrent LP optimizer: primal and dual simplex
Showing first log only...


Root simplex log...

Iteration    Objective       Primal Inf.    Dual Inf.      Time
   42049    2.7152385e+07   2.934966e+01   6.932937e+08      5s
Concurrent spin time: 0.00s

Solved with dual simplex

Root simplex log...

Iteration    Objective       Primal Inf.    Dual Inf.      Time
   47314    1.7206454e+07   0.000000e+00   0.000000e+00      7s

Root relaxation: objective 1.720645e+07, 47314 iterations, 5.83 seconds (5.50 work units)

    Nodes    |    Current Node    |     Objective Bounds      |     Work
 Expl Unexpl |  Obj  Depth IntInf | Incumbent    BestBd   Gap | It/Node Time

     0     0 1.7206e+07    0 1398 2.2743e+07 1.7206e+07  24.3%     -    7s
H    0     0                    2.217120e+07 1.7447e+07  21.3%     -   23s
H    0     0                    2.212603e+07 1.7447e+07  21.1%     -   23s
     0     0 1.7447e+07    0 1480 2.2126e+07 1.7447e+07  21.1%     -   23s
     0     0 1.7457e+07    0 1465 2.2126e+07 1.7457e+07  21.1%     -   31s
     0     0 1.7459e+07    0 1465 2.2126e+07 1.7459e+07  21.1%     -   34s
     0     0 1.7459e+07    0 1469 2.2126e+07 1.7459e+07  21.1%     -   35s
     0     0 1.7459e+07    0 1465 2.2126e+07 1.7459e+07  21.1%     -   36s
     0     0 1.7459e+07    0 1468 2.2126e+07 1.7459e+07  21.1%     -   36s
     0     0 1.7459e+07    0 1473 2.2126e+07 1.7459e+07  21.1%     -   36s
H    0     0                    2.212406e+07 1.7527e+07  20.8%     -   67s
H    0     0                    2.211756e+07 1.7527e+07  20.8%     -   67s
H    0     0                    2.211736e+07 1.7527e+07  20.8%     -   67s
H    0     0                    2.209203e+07 1.7527e+07  20.7%     -   67s
H    0     0                    2.207502e+07 1.7527e+07  20.6%     -   67s
     0     0 1.7527e+07    0 1562 2.2075e+07 1.7527e+07  20.6%     -   67s
H    0     0                    2.206443e+07 1.7543e+07  20.5%     -   92s
H    0     0                    2.205878e+07 1.7543e+07  20.5%     -   92s
     0     0 1.7555e+07    0 1528 2.2059e+07 1.7555e+07  20.4%     -   92s
     0     0 1.7555e+07    0 1576 2.2059e+07 1.7555e+07  20.4%     -  104s
     0     0 1.7555e+07    0 1570 2.2059e+07 1.7555e+07  20.4%     -  112s
     0     0 1.7555e+07    0 1553 2.2059e+07 1.7555e+07  20.4%     -  116s
     0     0 1.7555e+07    0 1552 2.2059e+07 1.7555e+07  20.4%     -  116s
H    0     0                    2.197432e+07 1.7604e+07  19.9%     -  151s
H    0     0                    2.176795e+07 1.7604e+07  19.1%     -  151s
     0     0 1.7604e+07    0 1543 2.1768e+07 1.7604e+07  19.1%     -  151s
     0     0 1.7612e+07    0 1510 2.1768e+07 1.7612e+07  19.1%     -  168s
H    0     0                    2.173502e+07 1.7615e+07  19.0%     -  177s
H    0     0                    2.169514e+07 1.7615e+07  18.8%     -  177s
     0     0 1.7615e+07    0 1571 2.1695e+07 1.7615e+07  18.8%     -  177s
     0     0 1.7616e+07    0 1565 2.1695e+07 1.7616e+07  18.8%     -  183s
     0     0 1.7616e+07    0 1588 2.1695e+07 1.7616e+07  18.8%     -  186s
     0     0 1.7616e+07    0 1586 2.1695e+07 1.7616e+07  18.8%     -  188s
     0     0 1.7616e+07    0 1586 2.1695e+07 1.7616e+07  18.8%     -  190s
H    0     0                    2.168866e+07 1.7625e+07  18.7%     -  204s
H    0     0                    2.168530e+07 1.7625e+07  18.7%     -  204s
     0     0 1.7625e+07    0 1541 2.1685e+07 1.7625e+07  18.7%     -  204s
     0     0 1.7628e+07    0 1529 2.1685e+07 1.7628e+07  18.7%     -  214s
     0     0 1.7629e+07    0 1507 2.1685e+07 1.7629e+07  18.7%     -  221s
     0     0 1.7629e+07    0 1510 2.1685e+07 1.7629e+07  18.7%     -  224s
     0     0 1.7629e+07    0 1518 2.1685e+07 1.7629e+07  18.7%     -  229s
     0     0 1.7629e+07    0 1516 2.1685e+07 1.7629e+07  18.7%     -  230s
H    0     0                    2.155601e+07 1.7633e+07  18.2%     -  250s
     0     0 1.7633e+07    0 1529 2.1556e+07 1.7633e+07  18.2%     -  250s
     0     0 1.7635e+07    0 1496 2.1556e+07 1.7635e+07  18.2%     -  260s
     0     0 1.7635e+07    0 1554 2.1556e+07 1.7635e+07  18.2%     -  269s
     0     0 1.7636e+07    0 1563 2.1556e+07 1.7636e+07  18.2%     -  274s
     0     0 1.7636e+07    0 1566 2.1556e+07 1.7636e+07  18.2%     -  276s
     0     0 1.7638e+07    0 1555 2.1556e+07 1.7638e+07  18.2%     -  289s
     0     0 1.7639e+07    0 1508 2.1556e+07 1.7639e+07  18.2%     -  301s
     0     0 1.7639e+07    0 1519 2.1556e+07 1.7639e+07  18.2%     -  307s
     0     0 1.7639e+07    0 1553 2.1556e+07 1.7639e+07  18.2%     -  309s
     0     0 1.7639e+07    0 1553 2.1556e+07 1.7639e+07  18.2%     -  310s
     0     0 1.7640e+07    0 1500 2.1556e+07 1.7640e+07  18.2%     -  317s
     0     0 1.7641e+07    0 1517 2.1556e+07 1.7641e+07  18.2%     -  320s
     0     0 1.7641e+07    0 1510 2.1556e+07 1.7641e+07  18.2%     -  324s
     0     0 1.7641e+07    0 1556 2.1556e+07 1.7641e+07  18.2%     -  325s
     0     0 1.7642e+07    0 1522 2.1556e+07 1.7642e+07  18.2%     -  332s
     0     0 1.7643e+07    0 1526 2.1556e+07 1.7643e+07  18.2%     -  335s
     0     0 1.7643e+07    0 1550 2.1556e+07 1.7643e+07  18.2%     -  337s
     0     0 1.7643e+07    0 1553 2.1556e+07 1.7643e+07  18.2%     -  339s
     0     0 1.7643e+07    0 1537 2.1556e+07 1.7643e+07  18.2%     -  340s
H    0     0                    2.133158e+07 1.7652e+07  17.2%     -  356s
     0     0 1.7652e+07    0 1555 2.1332e+07 1.7652e+07  17.2%     -  356s
H    0     0                    2.129228e+07 1.7654e+07  17.1%     -  364s
     0     0 1.7654e+07    0 1558 2.1292e+07 1.7654e+07  17.1%     -  364s
     0     0 1.7654e+07    0 1575 2.1292e+07 1.7654e+07  17.1%     -  370s
     0     0 1.7654e+07    0 1563 2.1292e+07 1.7654e+07  17.1%     -  373s
     0     0 1.7654e+07    0 1552 2.1292e+07 1.7654e+07  17.1%     -  374s
     0     0 1.7655e+07    0 1530 2.1292e+07 1.7655e+07  17.1%     -  377s
     0     0 1.7655e+07    0 1549 2.1292e+07 1.7655e+07  17.1%     -  378s
H    0     0                    2.117460e+07 1.7655e+07  16.6%     -  382s
     0     0 1.7655e+07    0 1542 2.1175e+07 1.7655e+07  16.6%     -  382s
     0     0 1.7655e+07    0 1552 2.1175e+07 1.7655e+07  16.6%     -  383s
H    0     0                    2.091000e+07 1.7655e+07  15.6%     -  385s
     0     0 1.7655e+07    0 1545 2.0910e+07 1.7655e+07  15.6%     -  385s
     0     0 1.7655e+07    0 1543 2.0910e+07 1.7655e+07  15.6%     -  385s
     0     2 1.7655e+07    0 1532 2.0910e+07 1.7655e+07  15.6%     -  392s
     3     8 1.7655e+07    2 1558 2.0910e+07 1.7655e+07  15.6%   236  400s
     7    12 1.7655e+07    3 1504 2.0910e+07 1.7655e+07  15.6%  1412  414s
    11    16 1.7655e+07    3 1508 2.0910e+07 1.7655e+07  15.6%  2045  421s
    15    20 1.7656e+07    4 1440 2.0910e+07 1.7655e+07  15.6%  2185  433s
    19    24 1.7655e+07    4 1467 2.0910e+07 1.7655e+07  15.6%  2236  443s
    23    29 1.7660e+07    5 1395 2.0910e+07 1.7656e+07  15.6%  2218  454s
    28    34 1.7662e+07    5 1431 2.0910e+07 1.7656e+07  15.6%  2372  468s
    33    40 1.7668e+07    6 1474 2.0910e+07 1.7656e+07  15.6%  2410  500s
    39    45 1.7683e+07    6 1448 2.0910e+07 1.7656e+07  15.6%  2789  518s
    44    51 1.7676e+07    7 1440 2.0910e+07 1.7656e+07  15.6%  2923  537s
    50    56 1.7702e+07    7 1466 2.0910e+07 1.7656e+07  15.6%  2907  560s
    55    63 1.7676e+07    8 1444 2.0910e+07 1.7656e+07  15.6%  3088  568s
    62    69 1.7676e+07    9 1448 2.0910e+07 1.7656e+07  15.6%  2968  581s
H   66    69                    2.081974e+07 1.7656e+07  15.2%  3048  581s
    68    78 1.7708e+07   10 1427 2.0820e+07 1.7656e+07  15.2%  3079  605s
    77    88 1.7708e+07   11 1447 2.0820e+07 1.7656e+07  15.2%  3027  623s
    87    92 1.7746e+07   15 1436 2.0820e+07 1.7656e+07  15.2%  3008  635s
    91    97 1.7741e+07   15 1364 2.0820e+07 1.7656e+07  15.2%  3245  682s
    96   107 1.7743e+07   16 1323 2.0820e+07 1.7656e+07  15.2%  3246  707s
   106   111 1.7779e+07   19 1280 2.0820e+07 1.7656e+07  15.2%  3358  738s
   110   116 1.8077e+07   20 1313 2.0820e+07 1.7656e+07  15.2%  3560  764s
   115   121 1.7759e+07   20 1311 2.0820e+07 1.7656e+07  15.2%  3730  796s
   120   125 1.7775e+07   21 1314 2.0820e+07 1.7656e+07  15.2%  3805  825s
   124   134 1.8192e+07   21 1279 2.0820e+07 1.7656e+07  15.2%  3986  863s
   133   141 1.7784e+07   22 1264 2.0820e+07 1.7656e+07  15.2%  4149  905s
   140   146 1.7789e+07   23 1268 2.0820e+07 1.7656e+07  15.2%  4177  943s
   145   151 1.7790e+07   24 1225 2.0820e+07 1.7656e+07  15.2%  4304  984s
H  150   164                    2.081331e+07 1.7656e+07  15.2%  4430 1022s
H  160   164                    2.073603e+07 1.7656e+07  14.9%  4316 1022s
   163   174 1.7821e+07   27 1243 2.0736e+07 1.7656e+07  14.9%  4332 1075s
   173   189 1.7902e+07   29 1144 2.0736e+07 1.7656e+07  14.9%  4412 1122s
   188   197 1.7902e+07   30 1147 2.0736e+07 1.7656e+07  14.9%  4270 1177s
   198   207 1.7917e+07   32 1176 2.0736e+07 1.7656e+07  14.9%  4327 1275s
H  209   207                    2.073221e+07 1.7656e+07  14.8%  4381 1275s
   210   222 1.7945e+07   34 1136 2.0732e+07 1.7656e+07  14.8%  4454 1329s
H  225   234                    2.072577e+07 1.7656e+07  14.8%  4387 1385s
H  236   234                    2.071876e+07 1.7656e+07  14.8%  4367 1385s
   237   247 1.7984e+07   36 1154 2.0719e+07 1.7656e+07  14.8%  4418 1466s
   250   266 1.7984e+07   37 1161 2.0719e+07 1.7656e+07  14.8%  4404 1516s
   269   275 1.8056e+07   41 1136 2.0719e+07 1.7656e+07  14.8%  4389 1569s
   278   285 1.8068e+07   42 1048 2.0719e+07 1.7656e+07  14.8%  4487 1629s
   288   306 1.8077e+07   44 1047 2.0719e+07 1.7656e+07  14.8%  4654 1713s
   309   319 1.8085e+07   47 1046 2.0719e+07 1.7656e+07  14.8%  4698 1771s
   322   330 1.8276e+07   49  978 2.0719e+07 1.7656e+07  14.8%  4792 1840s
   333   341 1.8122e+07   50 1014 2.0719e+07 1.7656e+07  14.8%  4955 2008s
H  344   355                    2.042573e+07 1.7656e+07  13.6%  5548 2076s
   358   367 1.8153e+07   57  978 2.0426e+07 1.7656e+07  13.6%  5659 2109s
   370   388 1.8163e+07   59  864 2.0426e+07 1.7656e+07  13.6%  5676 2144s
H  391   412                    2.037935e+07 1.7656e+07  13.4%  5586 2185s
   415   438 1.8178e+07   67  836 2.0379e+07 1.7656e+07  13.4%  5509 2227s
   441   467 1.8217e+07   71  805 2.0379e+07 1.7656e+07  13.4%  5486 2268s
   474   490 1.8384e+07   76  697 2.0379e+07 1.7656e+07  13.4%  5371 2311s
   499   521 1.8365e+07   81  698 2.0379e+07 1.7656e+07  13.4%  5361 2359s
H  512   521                    2.035285e+07 1.7656e+07  13.3%  5383 2359s
   532   550 1.8467e+07   86  701 2.0353e+07 1.7656e+07  13.3%  5326 2399s
H  561   579                    2.031818e+07 1.7656e+07  13.1%  5288 2444s
H  561   579                    2.031486e+07 1.7656e+07  13.1%  5288 2444s
H  569   579                    1.984356e+07 1.7656e+07  11.0%  5289 2444s
   590   639 1.8575e+07   94  636 1.9844e+07 1.7656e+07  11.0%  5243 2493s
H  609   639                    1.984005e+07 1.7656e+07  11.0%  5092 2493s
H  610   639                    1.983158e+07 1.7656e+07  11.0%  5084 2493s
H  650   689                    1.980731e+07 1.7656e+07  10.9%  4983 2550s
H  684   689                    1.976410e+07 1.7656e+07  10.7%  4835 2550s
   708   774 1.7667e+07    6 1459 1.9764e+07 1.7656e+07  10.7%  4772 2614s
H  731   774                    1.963778e+07 1.7656e+07  10.1%  4694 2614s
H  756   774                    1.958098e+07 1.7656e+07  9.83%  4591 2614s
   793   864 1.7724e+07   13 1279 1.9581e+07 1.7656e+07  9.83%  4440 2666s
H  798   863                    1.951075e+07 1.7656e+07  9.51%  4439 2666s
H  846   861                    1.931835e+07 1.7656e+07  8.61%  4254 2666s
   887   913 1.7737e+07   16 1311 1.9318e+07 1.7656e+07  8.61%  4116 2724s
H  895   913                    1.931267e+07 1.7656e+07  8.58%  4110 2725s
H  936   906                    1.926377e+07 1.7656e+07  8.35%  3980 2725s
   963   933 1.7767e+07   20 1260 1.9264e+07 1.7656e+07  8.35%  3937 2925s
H  987   905                    1.919754e+07 1.7656e+07  8.03%  3908 2925s
H  987   900                    1.918085e+07 1.7656e+07  7.95%  3908 2925s
H  992   926                    1.912305e+07 1.7656e+07  7.67%  3920 2986s
H 1026   944                    1.910846e+07 1.7656e+07  7.60%  3919 3053s
H 1039   934                    1.904703e+07 1.7656e+07  7.31%  3942 3053s
H 1044   904                    1.900786e+07 1.7656e+07  7.11%  3954 3055s
  1045   905 1.8752e+07  115 1543 1.9008e+07 1.7656e+07  7.11%  3950 3230s
  1047   906 1.8981e+07  157 1417 1.9008e+07 1.7656e+07  7.11%  3943 3243s
  1048   907 1.7701e+07   13 1401 1.9008e+07 1.7656e+07  7.11%  3939 3284s
  1049   908 1.7713e+07   11 1479 1.9008e+07 1.7656e+07  7.11%  3935 3307s
  1050   908 1.7664e+07    4 1492 1.9008e+07 1.7656e+07  7.11%  3932 3328s
  1051   909 1.7708e+07   11 1474 1.9008e+07 1.7656e+07  7.11%  3928 3341s
  1052   910 1.7680e+07    5 1493 1.9008e+07 1.7656e+07  7.11%  3924 3352s
  1053   910 1.8691e+07  103 1481 1.9008e+07 1.7656e+07  7.11%  3920 3363s
  1054   911 1.8449e+07   98 1492 1.9008e+07 1.7656e+07  7.11%  3917 3369s
  1055   912 1.8884e+07  114 1495 1.9008e+07 1.7656e+07  7.11%  3913 3374s
  1056   912 1.7706e+07   18 1519 1.9008e+07 1.7656e+07  7.11%  3909 3376s
  1058   914 1.8507e+07   96 1491 1.9008e+07 1.7656e+07  7.11%  3902 3381s
  1063   917 1.8079e+07   56 1501 1.9008e+07 1.7656e+07  7.11%  3884 3385s
  1065   918 1.9005e+07  153 1521 1.9008e+07 1.7662e+07  7.08%  3876 3407s
  1066   919 1.8018e+07   58 1549 1.9008e+07 1.7666e+07  7.06%  3873 3414s
  1067   920 1.8609e+07   90 1536 1.9008e+07 1.7667e+07  7.05%  3869 3419s
  1068   920 1.8488e+07   62 1521 1.9008e+07 1.7668e+07  7.05%  3865 3422s
  1070   922 1.8923e+07  159 1560 1.9008e+07 1.7668e+07  7.05%  3858 3426s
  1074   924 1.9005e+07  171 1564 1.9008e+07 1.7668e+07  7.05%  3844 3432s
  1075   925 1.8381e+07   91 1475 1.9008e+07 1.7671e+07  7.03%  3840 3446s
  1076   926 1.8183e+07   64 1466 1.9008e+07 1.7671e+07  7.03%  3837 3450s
  1082   930 1.8945e+07  107 1507 1.9008e+07 1.7672e+07  7.03%  3815 3457s
  1083   930 1.7678e+07   11 1504 1.9008e+07 1.7674e+07  7.02%  3812 3468s
  1085   932 1.8507e+07   96 1478 1.9008e+07 1.7674e+07  7.02%  3805 3470s
  1088   934 1.7801e+07   24 1447 1.9008e+07 1.7674e+07  7.02%  3794 3482s
  1092   936 1.8414e+07   98 1517 1.9008e+07 1.7674e+07  7.02%  3780 3485s
  1094   938 1.7784e+07   14 1496 1.9008e+07 1.7679e+07  6.99%  3774 3503s
  1095   938 1.7760e+07   19 1490 1.9008e+07 1.7680e+07  6.99%  3770 3506s
  1097   940 1.8969e+07  129 1535 1.9008e+07 1.7680e+07  6.98%  3763 3512s
  1100   942 1.8809e+07  123 1557 1.9008e+07 1.7680e+07  6.98%  3753 3515s
  1102   943 1.8314e+07   86 1509 1.9008e+07 1.7682e+07  6.97%  3746 3530s
  1107   946 1.8038e+07   48 1556 1.9008e+07 1.7683e+07  6.97%  3729 3535s
  1109   948 1.7718e+07   12 1499 1.9008e+07 1.7683e+07  6.97%  3723 3548s
  1110   948 1.8598e+07  111 1539 1.9008e+07 1.7684e+07  6.97%  3719 3550s
  1114   951 1.8606e+07   97 1523 1.9008e+07 1.7684e+07  6.97%  3706 3559s
  1115   952 1.8438e+07   72 1542 1.9008e+07 1.7684e+07  6.97%  3702 3560s
  1118   954 1.8334e+07   83 1520 1.9008e+07 1.7684e+07  6.96%  3693 3566s
  1119   954 1.7947e+07   31 1484 1.9008e+07 1.7684e+07  6.96%  3689 3573s
  1121   956 1.7751e+07   19 1509 1.9008e+07 1.7684e+07  6.96%  3683 3577s
  1124   958 1.8706e+07  130 1529 1.9008e+07 1.7684e+07  6.96%  3673 3581s
  1125   958 1.8431e+07   44 1522 1.9008e+07 1.7684e+07  6.96%  3670 3585s
  1128   960 1.8217e+07   79 1517 1.9008e+07 1.7689e+07  6.94%  3660 3601s
  1130   962 1.8598e+07  109 1512 1.9008e+07 1.7691e+07  6.93%  3653 3605s
  1136   966 1.8557e+07   89 1488 1.9008e+07 1.7703e+07  6.86%  3634 3623s
  1137   966 1.7925e+07   49 1488 1.9008e+07 1.7704e+07  6.86%  3631 3626s
  1139   968 1.8260e+07   48 1516 1.9008e+07 1.7705e+07  6.86%  3624 3630s
  1144   971 1.7727e+07   21 1503 1.9008e+07 1.7705e+07  6.86%  3609 3636s
  1145   972 1.8752e+07  115 1494 1.9008e+07 1.7705e+07  6.86%  3605 3640s
  1148   974 1.7705e+07   13 1507 1.9008e+07 1.7705e+07  6.85%  3596 3645s
  1150   975 1.7705e+07    4 1496 1.9008e+07 1.7705e+07  6.85%  3590 3650s
  1154   978 1.8449e+07   98 1478 1.9008e+07 1.7705e+07  6.85%  3577 3655s
  1160   982 1.8977e+07  157 1513 1.9008e+07 1.7705e+07  6.85%  3559 3660s
  1165   985 1.9005e+07  153 1483 1.9008e+07 1.7705e+07  6.85%  3544 3665s
  1172   991 1.7777e+07   27 1426 1.9008e+07 1.7705e+07  6.85%  3753 3678s
  1173   992 1.8441e+07   80 1462 1.9008e+07 1.7705e+07  6.85%  3750 3712s
  1174   993 1.9005e+07  171 1546 1.9008e+07 1.7705e+07  6.85%  3747 3741s
  1175   993 1.8381e+07   91 1485 1.9008e+07 1.7705e+07  6.85%  3744 3761s
  1176   994 1.8183e+07   64 1507 1.9008e+07 1.7705e+07  6.85%  3741 3779s
  1177   995 1.8235e+07   75 1467 1.9008e+07 1.7705e+07  6.85%  3737 3796s
  1178   995 1.8360e+07   85 1455 1.9008e+07 1.7705e+07  6.85%  3734 3803s
  1179   996 1.8771e+07  121 1506 1.9008e+07 1.7705e+07  6.85%  3731 3814s
  1180   997 1.8970e+07  152 1501 1.9008e+07 1.7705e+07  6.85%  3728 3822s
  1181   997 1.8487e+07   99 1535 1.9008e+07 1.7705e+07  6.85%  3725 3825s
  1184   999 1.8319e+07   85 1529 1.9008e+07 1.7705e+07  6.85%  3715 3830s
  1187  1001 1.8781e+07  120 1530 1.9008e+07 1.7705e+07  6.85%  3706 3835s
  1188  1002 1.7801e+07   24 1504 1.9008e+07 1.7706e+07  6.85%  3703 3842s
  1189  1003 1.7749e+07   18 1503 1.9008e+07 1.7706e+07  6.85%  3700 3845s
  1194  1006 1.7784e+07   14 1539 1.9008e+07 1.7706e+07  6.85%  3684 3851s
  1195  1007 1.7760e+07   19 1509 1.9008e+07 1.7706e+07  6.85%  3681 3859s
  1196  1007 1.7706e+07    6 1488 1.9008e+07 1.7706e+07  6.85%  3678 3861s
  1199  1009 1.7706e+07    6 1491 1.9008e+07 1.7706e+07  6.85%  3669 3868s
  1201  1011 1.7791e+07   19 1486 1.9008e+07 1.7706e+07  6.85%  3663 3870s
  1204  1013 1.8208e+07   67 1502 1.9008e+07 1.7707e+07  6.85%  3654 3879s
  1205  1013 1.8596e+07  107 1519 1.9008e+07 1.7707e+07  6.85%  3651 3880s
  1208  1015 1.8036e+07   53 1502 1.9008e+07 1.7707e+07  6.85%  3641 3885s
  1210  1017 1.8598e+07  111 1540 1.9008e+07 1.7707e+07  6.85%  3635 3890s
  1213  1019 1.8182e+07   73 1483 1.9008e+07 1.7707e+07  6.85%  3626 3900s
  1215  1020 1.8438e+07   72 1521 1.9008e+07 1.7707e+07  6.84%  3620 3906s
  1217  1021 1.8731e+07  135 1514 1.9008e+07 1.7707e+07  6.84%  3615 3910s
  1220  1023 1.7708e+07    8 1526 1.9008e+07 1.7708e+07  6.84%  3606 3921s
  1225  1027 1.8431e+07   44 1526 1.9008e+07 1.7708e+07  6.84%  3591 3925s
  1227  1028 1.8422e+07   85 1477 1.9008e+07 1.7710e+07  6.83%  3585 3934s
  1228  1029 1.8217e+07   79 1516 1.9008e+07 1.7711e+07  6.82%  3582 3940s
  1232  1031 1.8291e+07   10 1522 1.9008e+07 1.7711e+07  6.82%  3571 3946s
  1233  1032 1.8553e+07  104 1525 1.9008e+07 1.7711e+07  6.82%  3568 3955s
  1238  1035 1.8192e+07   22 1510 1.9008e+07 1.7711e+07  6.82%  3553 3960s
  1241  1037 1.8159e+07   56 1503 1.9008e+07 1.7711e+07  6.82%  3545 3965s
  1243  1039 1.7804e+07   29 1519 1.9008e+07 1.7711e+07  6.82%  3539 3974s
  1244  1039 1.7727e+07   21 1516 1.9008e+07 1.7711e+07  6.82%  3536 3977s
  1245  1040 1.8752e+07  115 1481 1.9008e+07 1.7711e+07  6.82%  3533 3983s
  1250  1043 1.7711e+07    4 1485 1.9008e+07 1.7711e+07  6.82%  3519 3986s
  1251  1044 1.7711e+07   11 1498 1.9008e+07 1.7711e+07  6.82%  3516 3990s
  1255  1047 1.8884e+07  114 1513 1.9008e+07 1.7711e+07  6.82%  3505 3996s
  1258  1049 1.8507e+07   96 1486 1.9008e+07 1.7714e+07  6.81%  3497 4012s
  1259  1049 1.8795e+07  142 1498 1.9008e+07 1.7714e+07  6.80%  3494 4016s
  1262  1051 1.8320e+07   91 1520 1.9008e+07 1.7715e+07  6.80%  3486 4021s
  1265  1053 1.9005e+07  153 1495 1.9008e+07 1.7715e+07  6.80%  3477 4026s
  1268  1055 1.8488e+07   62 1495 1.9008e+07 1.7715e+07  6.80%  3469 4030s
  1272  1058 1.7777e+07   27 1516 1.9008e+07 1.7715e+07  6.80%  3458 4035s
  1277  1061 1.8235e+07   75 1500 1.9008e+07 1.7715e+07  6.80%  3445 4040s
  1283  1065 1.7715e+07   11 1511 1.9008e+07 1.7715e+07  6.80%  3429 4045s
  1287  1068 1.8781e+07  120 1509 1.9008e+07 1.7715e+07  6.80%  3418 4050s
  1291  1071 1.8635e+07  128 1520 1.9008e+07 1.7715e+07  6.80%  3407 4055s
  1298  1076 1.7850e+07   34 1418 1.9008e+07 1.7715e+07  6.80%  3567 4067s
  1299  1077 1.7715e+07    6 1479 1.9008e+07 1.7715e+07  6.80%  3564 4100s
  1300  1078 1.8809e+07  123 1461 1.9008e+07 1.7715e+07  6.80%  3562 4135s
  1301  1078 1.7791e+07   19 1486 1.9008e+07 1.7715e+07  6.80%  3559 4158s
  1302  1079 1.8314e+07   86 1462 1.9008e+07 1.7715e+07  6.80%  3556 4179s
  1303  1080 1.8422e+07   85 1425 1.9008e+07 1.7715e+07  6.80%  3553 4195s
  1304  1080 1.8208e+07   67 1443 1.9008e+07 1.7715e+07  6.80%  3551 4209s
  1305  1081 1.8596e+07  107 1478 1.9008e+07 1.7715e+07  6.80%  3548 4219s
  1306  1082 1.7715e+07    4 1463 1.9008e+07 1.7715e+07  6.80%  3545 4228s
  1307  1082 1.8038e+07   48 1494 1.9008e+07 1.7715e+07  6.80%  3542 4235s
  1309  1084 1.7718e+07   12 1537 1.9008e+07 1.7715e+07  6.80%  3537 4242s
  1312  1086 1.8038e+07   48 1507 1.9008e+07 1.7715e+07  6.80%  3529 4246s
  1313  1086 1.8182e+07   73 1464 1.9008e+07 1.7716e+07  6.80%  3526 4257s
  1314  1087 1.8606e+07   97 1496 1.9008e+07 1.7717e+07  6.79%  3524 4262s
  1315  1088 1.8438e+07   72 1494 1.9008e+07 1.7717e+07  6.79%  3521 4269s
  1316  1088 1.8535e+07   91 1492 1.9008e+07 1.7717e+07  6.79%  3518 4270s
  1322  1092 1.7798e+07    8 1540 1.9008e+07 1.7717e+07  6.79%  3502 4276s
  1323  1093 1.7717e+07    8 1486 1.9008e+07 1.7717e+07  6.79%  3500 4284s
  1324  1094 1.8706e+07  130 1474 1.9008e+07 1.7717e+07  6.79%  3497 4286s
  1327  1096 1.8422e+07   85 1519 1.9008e+07 1.7717e+07  6.79%  3489 4291s
  1328  1096 1.8217e+07   79 1472 1.9008e+07 1.7718e+07  6.79%  3486 4299s
  1329  1097 1.8809e+07  124 1506 1.9008e+07 1.7718e+07  6.79%  3484 4300s
  1332  1099 1.8291e+07   10 1537 1.9008e+07 1.7718e+07  6.79%  3476 4305s
  1333  1100 1.8553e+07  104 1520 1.9008e+07 1.7718e+07  6.79%  3473 4310s
  1335  1101 1.7749e+07   18 1540 1.9008e+07 1.7718e+07  6.79%  3468 4318s
  1336  1102 1.8557e+07   89 1538 1.9008e+07 1.7718e+07  6.79%  3466 4321s
  1337  1102 1.7925e+07   49 1512 1.9008e+07 1.7718e+07  6.79%  3463 4325s
  1341  1105 1.8159e+07   56 1528 1.9008e+07 1.7718e+07  6.79%  3453 4334s
  1343  1106 1.7804e+07   29 1539 1.9008e+07 1.7718e+07  6.79%  3447 4337s
  1344  1107 1.7727e+07   21 1466 1.9008e+07 1.7718e+07  6.79%  3445 4344s
  1345  1108 1.8752e+07  115 1507 1.9008e+07 1.7718e+07  6.79%  3442 4346s
  1347  1109 1.8981e+07  157 1523 1.9008e+07 1.7718e+07  6.79%  3437 4352s
  1348  1110 1.7718e+07   13 1508 1.9008e+07 1.7718e+07  6.79%  3435 4355s
  1350  1111 1.7718e+07    4 1500 1.9008e+07 1.7718e+07  6.79%  3430 4361s
  1355  1115 1.8884e+07  114 1418 1.9008e+07 1.7718e+07  6.79%  3572 4371s
  1356  1116 1.7718e+07   18 1484 1.9008e+07 1.7718e+07  6.79%  3570 4420s
  1357  1117 1.8075e+07   57 1510 1.9008e+07 1.7718e+07  6.79%  3567 4458s
  1358  1117 1.8507e+07   96 1508 1.9008e+07 1.7718e+07  6.79%  3564 4488s
  1359  1118 1.8795e+07  142 1514 1.9008e+07 1.7718e+07  6.79%  3562 4506s
  1360  1119 1.8977e+07  157 1543 1.9008e+07 1.7718e+07  6.79%  3559 4526s
  1361  1119 1.7719e+07   12 1493 1.9008e+07 1.7718e+07  6.79%  3556 4537s
  1362  1120 1.8320e+07   91 1496 1.9008e+07 1.7718e+07  6.79%  3554 4544s
  1363  1121 1.8079e+07   56 1518 1.9008e+07 1.7718e+07  6.79%  3551 4550s
  1364  1121 1.7861e+07   40 1544 1.9008e+07 1.7718e+07  6.79%  3549 4556s
  1366  1123 1.8018e+07   58 1530 1.9008e+07 1.7718e+07  6.79%  3543 4560s
  1371  1126 1.8901e+07  119 1518 1.9008e+07 1.7718e+07  6.79%  3531 4567s
  1372  1127 1.7777e+07   27 1524 1.9008e+07 1.7718e+07  6.78%  3528 4572s
  1376  1129 1.8183e+07   64 1528 1.9008e+07 1.7718e+07  6.78%  3518 4576s
  1377  1130 1.8235e+07   75 1502 1.9008e+07 1.7718e+07  6.78%  3515 4583s
  1379  1131 1.8771e+07  121 1491 1.9008e+07 1.7718e+07  6.78%  3510 4587s
  1380  1132 1.8970e+07  152 1504 1.9008e+07 1.7718e+07  6.78%  3507 4593s
  1381  1133 1.8487e+07   99 1511 1.9008e+07 1.7718e+07  6.78%  3505 4596s
  1382  1133 1.8945e+07  107 1497 1.9008e+07 1.7718e+07  6.78%  3502 4600s
  1385  1135 1.8507e+07   96 1517 1.9008e+07 1.7718e+07  6.78%  3495 4605s
  1388  1137 1.7801e+07   24 1507 1.9008e+07 1.7718e+07  6.78%  3487 4612s
  1389  1138 1.7749e+07   18 1525 1.9008e+07 1.7718e+07  6.78%  3485 4615s
  1391  1139 1.8635e+07  128 1500 1.9008e+07 1.7718e+07  6.78%  3480 4621s
  1393  1141 1.8038e+07   54 1498 1.9008e+07 1.7718e+07  6.78%  3475 4627s
  1395  1142 1.7760e+07   19 1505 1.9008e+07 1.7718e+07  6.78%  3470 4630s
  1397  1143 1.8969e+07  129 1487 1.9008e+07 1.7718e+07  6.78%  3465 4643s
  1398  1144 1.7850e+07   34 1487 1.9008e+07 1.7718e+07  6.78%  3462 4659s
  1399  1148 1.7719e+07   42 1499 1.9008e+07 1.7719e+07  6.78%  3605 4674s
  1401  1151 1.7719e+07   43 1515 1.9008e+07 1.7719e+07  6.78%  3604 4706s
  1405  1154 1.7723e+07   44 1514 1.9008e+07 1.7720e+07  6.78%  3620 4716s
  1409  1156 1.7726e+07   44 1488 1.9008e+07 1.7723e+07  6.76%  3625 4744s
  1413  1159 1.7723e+07   45 1509 1.9008e+07 1.7723e+07  6.76%  3628 4745s
  1417  1162 1.7734e+07   45 1481 1.9008e+07 1.7723e+07  6.76%  3622 4754s
  1421  1167 1.7723e+07   46 1511 1.9008e+07 1.7723e+07  6.76%  3618 4764s
  1428  1171 1.7723e+07   47 1507 1.9008e+07 1.7723e+07  6.76%  3606 4781s
  1434  1175 1.7723e+07   48 1497 1.9008e+07 1.7723e+07  6.76%  3608 4790s
  1440  1177 1.7725e+07   49 1495 1.9008e+07 1.7723e+07  6.76%  3605 4802s
  1444  1180 1.7727e+07   49 1448 1.9008e+07 1.7723e+07  6.76%  3619 4839s
  1448  1185 1.7734e+07   50 1468 1.9008e+07 1.7723e+07  6.76%  3631 4862s
  1455  1187 1.7727e+07   50 1505 1.9008e+07 1.7723e+07  6.76%  3632 4872s
  1459  1195 1.7727e+07   51 1511 1.9008e+07 1.7723e+07  6.76%  3633 4913s
  1468  1197 1.7740e+07   52 1436 1.9008e+07 1.7723e+07  6.76%  3653 4934s
  1473  1199 1.7737e+07   52 1475 1.9008e+07 1.7723e+07  6.76%  3663 4959s
  1477  1206 1.7737e+07   53 1497 1.9008e+07 1.7723e+07  6.76%  3667 4982s
  1485  1215 1.7737e+07   54 1507 1.9008e+07 1.7723e+07  6.76%  3671 4997s
  1497  1219 1.7737e+07   55 1507 1.9008e+07 1.7723e+07  6.76%  3657 5036s
  1505  1220 1.7740e+07   56 1444 1.9008e+07 1.7723e+07  6.76%  3688 5065s
  1509  1230 1.7746e+07   56 1454 1.9008e+07 1.7723e+07  6.76%  3706 5097s
  1520  1233 1.7741e+07   59 1456 1.9008e+07 1.7723e+07  6.76%  3720 5140s
  1527  1237 1.7770e+07   59 1384 1.9008e+07 1.7723e+07  6.76%  3761 5174s
  1533  1243 1.7741e+07   60 1451 1.9008e+07 1.7723e+07  6.76%  3768 5197s
  1541  1248 1.7744e+07   61 1393 1.9008e+07 1.7723e+07  6.76%  3777 5215s
  1549  1252 1.7765e+07   62 1386 1.9008e+07 1.7723e+07  6.76%  3789 5240s
  1555  1259 1.7745e+07   63 1415 1.9008e+07 1.7723e+07  6.76%  3800 5287s
  1564  1264 1.7788e+07   65 1361 1.9008e+07 1.7723e+07  6.76%  3844 5331s
  1572  1267 1.7751e+07   65 1409 1.9008e+07 1.7723e+07  6.76%  3871 5352s
  1578  1271 1.7752e+07   66 1422 1.9008e+07 1.7723e+07  6.76%  3881 5403s
  1584  1274 1.7774e+07   67 1423 1.9008e+07 1.7723e+07  6.76%  3927 5450s
  1589  1278 1.7752e+07   67 1438 1.9008e+07 1.7723e+07  6.76%  3947 5492s
  1595  1280 1.7784e+07   68 1397 1.9008e+07 1.7723e+07  6.76%  4008 5526s
  1599  1289 1.7785e+07   69 1363 1.9008e+07 1.7723e+07  6.76%  4028 5608s
  1609  1300 1.7797e+07   70 1320 1.9008e+07 1.7723e+07  6.76%  4100 5658s
  1623  1305 1.7805e+07   71 1367 1.9008e+07 1.7723e+07  6.76%  4122 5706s
  1633  1320 1.7846e+07   73 1334 1.9008e+07 1.7723e+07  6.76%  4171 5759s
  1651  1328 1.7861e+07   74 1372 1.9008e+07 1.7723e+07  6.76%  4188 5796s
  1665  1343 1.7889e+07   75 1318 1.9008e+07 1.7723e+07  6.76%  4224 5828s
  1685  1348 1.7875e+07   76 1342 1.9008e+07 1.7723e+07  6.76%  4207 5874s
  1697  1367 1.7890e+07   77 1333 1.9008e+07 1.7723e+07  6.76%  4248 5920s
  1720  1384 1.7974e+07   80 1215 1.9008e+07 1.7723e+07  6.76%  4259 5975s
  1744  1408 1.7902e+07   82 1317 1.9008e+07 1.7723e+07  6.76%  4270 6034s
H 1767  1342                    1.899035e+07 1.7723e+07  6.67%  4272 6034s
  1776  1354 1.7897e+07   85 1260 1.8990e+07 1.7723e+07  6.67%  4264 6092s
  1791  1379 1.7910e+07   87 1239 1.8990e+07 1.7723e+07  6.67%  4314 6150s
  1821  1385 1.7927e+07   92 1197 1.8990e+07 1.7723e+07  6.67%  4317 6205s
  1837  1407 1.7938e+07   93 1157 1.8990e+07 1.7723e+07  6.67%  4351 6256s
  1864  1443 1.7953e+07   96 1217 1.8990e+07 1.7723e+07  6.67%  4355 6306s
  1909  1473 1.7953e+07  101 1170 1.8990e+07 1.7723e+07  6.67%  4323 6358s
  1956  1493 1.7993e+07  106 1067 1.8990e+07 1.7723e+07  6.67%  4294 6408s
  1992  1510 1.8035e+07  109 1063 1.8990e+07 1.7723e+07  6.67%  4289 6465s
  2021  1533 1.8082e+07  113  997 1.8990e+07 1.7723e+07  6.67%  4290 6516s
  2054  1559 1.8188e+07  116  992 1.8990e+07 1.7723e+07  6.67%  4303 6572s
  2091  1586 1.8163e+07  120  958 1.8990e+07 1.7723e+07  6.67%  4310 6629s
  2130  1646 1.8210e+07  123  969 1.8990e+07 1.7723e+07  6.67%  4319 6722s
  2207  1736 1.8327e+07  132  821 1.8990e+07 1.7723e+07  6.67%  4255 6778s
H 2332  1774                    1.898760e+07 1.7723e+07  6.66%  4110 6844s
H 2499  1734                    1.898581e+07 1.7723e+07  6.65%  3923 6921s
  2621  1705 1.8935e+07  200  359 1.8986e+07 1.7723e+07  6.65%  3792 7164s
H 2647  1636                    1.897209e+07 1.7723e+07  6.58%  3761 7164s
  2671  1646 1.7730e+07   51 1435 1.8972e+07 1.7723e+07  6.58%  3755 7237s
  2692  1654 1.7766e+07   55 1359 1.8972e+07 1.7723e+07  6.58%  3787 7354s
H 2699  1590                    1.893758e+07 1.7723e+07  6.41%  3794 7354s
  2707  1623 1.7778e+07   58 1407 1.8938e+07 1.7723e+07  6.41%  3800 7426s
  2742  1623 1.7853e+07   67 1301 1.8938e+07 1.7723e+07  6.41%  3811 7574s
H 2753  1574                    1.893573e+07 1.7723e+07  6.40%  3811 7574s
  2754  1645 1.7871e+07   68 1320 1.8936e+07 1.7723e+07  6.40%  3813 7650s
H 2824  1580                    1.893565e+07 1.7723e+07  6.40%  3775 7650s
  2825  1667 1.7961e+07   80 1216 1.8936e+07 1.7723e+07  6.40%  3774 7748s
  2926  1709 1.8257e+07  107  822 1.8936e+07 1.7724e+07  6.40%  3718 7850s
  3029  1714 1.7742e+07   51 1403 1.8936e+07 1.7724e+07  6.40%  3677 7926s
  3071  1789 1.7796e+07   59 1363 1.8936e+07 1.7724e+07  6.40%  3699 8022s
  3178  1855 1.7946e+07   70 1202 1.8936e+07 1.7724e+07  6.40%  3659 8106s
  3284  2032 1.8150e+07   92 1029 1.8936e+07 1.7726e+07  6.39%  3617 8234s
  3544  1984 1.7762e+07   51 1389 1.8936e+07 1.7726e+07  6.39%  3433 8335s
  3637  1984 1.7816e+07   58 1293 1.8936e+07 1.7726e+07  6.39%  3410 8423s
  3668  2017 1.7887e+07   69 1192 1.8936e+07 1.7726e+07  6.39%  3442 8522s
  3712  2072 1.8075e+07   90  839 1.8936e+07 1.7727e+07  6.38%  3476 8634s
H 3800  2098                    1.892856e+07 1.7727e+07  6.35%  3465 8731s
  3854  2172 1.7776e+07   55 1392 1.8929e+07 1.7727e+07  6.35%  3488 8839s
  3945  2225 1.7890e+07   70 1283 1.8929e+07 1.7727e+07  6.35%  3481 8987s
H 3972  2224                    1.892638e+07 1.7727e+07  6.34%  3499 8987s
  3998  2342 1.8093e+07   78 1134 1.8926e+07 1.7730e+07  6.32%  3485 9119s
H 4024  2333                    1.890999e+07 1.7730e+07  6.24%  3472 9119s
  4128  2423 1.7750e+07   47 1465 1.8910e+07 1.7730e+07  6.24%  3449 9252s
  4261  2441 1.7828e+07   56 1325 1.8910e+07 1.7730e+07  6.24%  3422 9727s
  4309  2496 1.7870e+07   60 1281 1.8910e+07 1.7730e+07  6.24%  3411 9858s
  4378  2563 1.8148e+07   87 1007 1.8910e+07 1.7731e+07  6.24%  3423 10016s
  4459  2659 1.7778e+07   54 1355 1.8910e+07 1.7731e+07  6.24%  3441 10243s
  4575  2684 1.7954e+07   67 1288 1.8910e+07 1.7731e+07  6.24%  3438 10486s
  4615  2804 1.7955e+07   68 1295 1.8910e+07 1.7733e+07  6.22%  3448 10650s
  4743  2867 1.7738e+07   50 1408 1.8910e+07 1.7734e+07  6.22%  3435 10810s
  4806  2925 1.7831e+07   63 1307 1.8910e+07 1.7734e+07  6.22%  3476 10956s
  4864  3082 1.7865e+07   68 1323 1.8910e+07 1.7734e+07  6.22%  3490 11114s
  5029  3360 1.8245e+07  117  876 1.8910e+07 1.7734e+07  6.22%  3469 11283s
  5336  3474 1.7866e+07   58 1309 1.8910e+07 1.7735e+07  6.21%  3372 11485s
  5525  3559 1.8077e+07   73 1148 1.8910e+07 1.7735e+07  6.21%  3352 11684s
  5620  3658 1.7828e+07   54 1416 1.8910e+07 1.7735e+07  6.21%  3379 11892s
  5751  3721 1.8205e+07   76 1131 1.8910e+07 1.7737e+07  6.20%  3379 12103s
  5832  3849 1.7827e+07   63 1386 1.8910e+07 1.7737e+07  6.20%  3424 12468s
H 5924  3842                    1.890249e+07 1.7737e+07  6.17%  3419 12469s
  5982  3932 1.7847e+07   67 1361 1.8902e+07 1.7737e+07  6.17%  3413 12685s
  6143  4125 1.7888e+07   72 1310 1.8902e+07 1.7737e+07  6.17%  3402 12942s
  6376  4403 1.8108e+07  100  969 1.8902e+07 1.7739e+07  6.16%  3373 13207s
  6710  4502 1.7757e+07   51 1442 1.8902e+07 1.7739e+07  6.16%  3313 13462s
  6831  4637 1.7782e+07   54 1384 1.8902e+07 1.7739e+07  6.16%  3355 13714s
  6973  4737 1.7961e+07   62 1275 1.8902e+07 1.7739e+07  6.16%  3387 13970s
  7113  4872 1.8805e+07   78 1012 1.8902e+07 1.7740e+07  6.15%  3396 14246s
  7279  5038 1.8010e+07   76 1252 1.8902e+07 1.7740e+07  6.15%  3412 14526s
  7504  5259 1.7860e+07   58 1323 1.8902e+07 1.7741e+07  6.14%  3401 14835s
  7767  5401 1.7822e+07   55 1372 1.8902e+07 1.7742e+07  6.14%  3378 15145s
  7945  5544 1.7776e+07   51 1383 1.8902e+07 1.7742e+07  6.14%  3407 15465s
  8125  5754 1.7984e+07   71 1236 1.8902e+07 1.7743e+07  6.13%  3422 15822s
  8357  5991 1.7873e+07   63 1266 1.8902e+07 1.7743e+07  6.13%  3381 16184s
  8638  6240 1.7993e+07   60 1281 1.8902e+07 1.7744e+07  6.13%  3381 16577s
  8948  6472 1.7893e+07   59 1300 1.8902e+07 1.7744e+07  6.13%  3379 17004s
  9206  6689 1.7767e+07   60 1370 1.8902e+07 1.7744e+07  6.13%  3381 17415s
  9500  7000 1.7805e+07   50 1291 1.8902e+07 1.7744e+07  6.13%  3399 17859s
  9857  7305 1.7803e+07   51 1361 1.8902e+07 1.7745e+07  6.12%  3393 18331s
 10219  7306 1.8002e+07   77 1543 1.8902e+07 1.7745e+07  6.12%  3401 18728s
 10221  7307 1.8894e+07  188 1346 1.8902e+07 1.7745e+07  6.12%  3401 18742s
 10222  7308 1.8094e+07   78 1433 1.8902e+07 1.7745e+07  6.12%  3400 18776s
 10223  7309 1.8178e+07   88 1427 1.8902e+07 1.7745e+07  6.12%  3400 18809s
 10224  7309 1.8389e+07  137 1449 1.8902e+07 1.7745e+07  6.12%  3400 18831s
 10225  7310 1.7927e+07   49 1434 1.8902e+07 1.7745e+07  6.12%  3399 18853s
 10226  7311 1.8316e+07  151 1463 1.8902e+07 1.7745e+07  6.12%  3399 18866s
 10227  7311 1.8409e+07  111 1430 1.8902e+07 1.7745e+07  6.12%  3399 18882s
 10228  7312 1.7840e+07   63 1439 1.8902e+07 1.7745e+07  6.12%  3398 18893s
 10229  7313 1.8092e+07  105 1495 1.8902e+07 1.7745e+07  6.12%  3398 18903s
 10230  7313 1.8262e+07  110 1442 1.8902e+07 1.7745e+07  6.12%  3398 18911s
 10231  7314 1.8006e+07   78 1468 1.8902e+07 1.7745e+07  6.12%  3397 18917s
 10233  7315 1.7870e+07   55 1451 1.8902e+07 1.7745e+07  6.12%  3397 18920s
 10237  7318 1.7973e+07   66 1390 1.8902e+07 1.7745e+07  6.12%  3395 18938s
 10238  7319 1.7793e+07   63 1456 1.8902e+07 1.7745e+07  6.12%  3395 18941s
 10239  7319 1.8312e+07  111 1426 1.8902e+07 1.7745e+07  6.12%  3395 18945s
 10242  7321 1.8819e+07  144 1477 1.8902e+07 1.7745e+07  6.12%  3394 18950s
 10244  7323 1.8678e+07  167 1425 1.8902e+07 1.7745e+07  6.12%  3393 18961s
 10247  7325 1.8293e+07  106 1485 1.8902e+07 1.7745e+07  6.12%  3392 18965s
 10249  7326 1.8859e+07  107 1459 1.8902e+07 1.7745e+07  6.12%  3392 18972s
 10252  7328 1.8397e+07  103 1496 1.8902e+07 1.7745e+07  6.12%  3391 18975s
 10254  7329 1.7917e+07   90 1436 1.8902e+07 1.7745e+07  6.12%  3390 18986s
 10256  7331 1.7821e+07   60 1459 1.8902e+07 1.7745e+07  6.12%  3389 18990s
 10260  7333 1.8418e+07  123 1446 1.8902e+07 1.7745e+07  6.12%  3388 18998s
 10261  7334 1.7928e+07   64 1452 1.8902e+07 1.7745e+07  6.12%  3388 19000s
 10265  7337 1.7761e+07   48 1462 1.8902e+07 1.7745e+07  6.12%  3386 19006s
 10266  7337 1.7824e+07   55 1429 1.8902e+07 1.7745e+07  6.12%  3386 19014s
 10267  7338 1.7851e+07   67 1441 1.8902e+07 1.7745e+07  6.12%  3386 19016s
 10270  7340 1.8464e+07  132 1434 1.8902e+07 1.7745e+07  6.12%  3385 19020s
 10271  7341 1.8537e+07  116 1456 1.8902e+07 1.7745e+07  6.12%  3384 19027s
 10272  7341 1.8447e+07  139 1461 1.8902e+07 1.7745e+07  6.12%  3384 19030s
 10273  7342 1.7781e+07   55 1464 1.8902e+07 1.7745e+07  6.12%  3384 19035s
 10277  7345 1.7924e+07   68 1441 1.8902e+07 1.7745e+07  6.12%  3382 19045s
 10279  7346 1.8158e+07  129 1479 1.8902e+07 1.7745e+07  6.12%  3382 19052s
 10282  7348 1.8138e+07  120 1476 1.8902e+07 1.7745e+07  6.12%  3381 19055s
 10283  7349 1.7982e+07   83 1461 1.8902e+07 1.7745e+07  6.12%  3380 19062s
 10286  7351 1.8035e+07   92 1459 1.8902e+07 1.7745e+07  6.12%  3379 19069s
 10287  7351 1.8310e+07  145 1436 1.8902e+07 1.7745e+07  6.12%  3379 19084s
 10288  7352 1.8466e+07  128 1436 1.8902e+07 1.7745e+07  6.12%  3379 19088s
 10289  7356 1.7745e+07   55 1449 1.8902e+07 1.7745e+07  6.12%  3402 19129s
 10291  7359 1.7745e+07   56 1445 1.8902e+07 1.7745e+07  6.12%  3403 19165s
 10295  7362 1.7745e+07   57 1487 1.8902e+07 1.7745e+07  6.12%  3404 19187s
 10299  7364 1.7745e+07   57 1453 1.8902e+07 1.7745e+07  6.12%  3406 19218s
 10303  7367 1.7745e+07   58 1481 1.8902e+07 1.7745e+07  6.12%  3409 19236s
 10307  7370 1.7745e+07   58 1461 1.8902e+07 1.7745e+07  6.12%  3409 19251s
 10311  7373 1.7745e+07   59 1411 1.8902e+07 1.7745e+07  6.12%  3410 19267s
 10316  7377 1.7745e+07   59 1395 1.8902e+07 1.7745e+07  6.12%  3411 19289s
 10317  7376 1.7758e+07   59 1403 1.8902e+07 1.7745e+07  6.12%  3412 19290s
 10321  7381 1.7745e+07   60 1443 1.8902e+07 1.7745e+07  6.12%  3412 19342s
 10327  7386 1.7745e+07   60 1414 1.8902e+07 1.7745e+07  6.12%  3416 19360s
 10334  7392 1.7785e+07   61 1445 1.8902e+07 1.7745e+07  6.12%  3416 19385s
 10342  7395 1.7745e+07   61 1430 1.8902e+07 1.7745e+07  6.12%  3415 19400s
 10348  7399 1.7745e+07   62 1384 1.8902e+07 1.7745e+07  6.12%  3416 19420s
 10354  7404 1.7745e+07   63 1383 1.8902e+07 1.7745e+07  6.12%  3418 19438s
 10361  7409 1.7770e+07   64 1390 1.8902e+07 1.7745e+07  6.12%  3419 19495s
 10368  7412 1.7854e+07   65 1377 1.8902e+07 1.7745e+07  6.12%  3428 19544s
 10374  7416 1.7751e+07   66 1369 1.8902e+07 1.7745e+07  6.12%  3429 19562s
 10380  7422 1.7751e+07   67 1364 1.8902e+07 1.7745e+07  6.12%  3431 19589s
 10388  7428 1.7756e+07   69 1370 1.8902e+07 1.7745e+07  6.12%  3433 19611s
 10396  7430 1.7790e+07   69 1320 1.8902e+07 1.7745e+07  6.12%  3435 19637s
 10401  7434 1.7787e+07   70 1346 1.8902e+07 1.7745e+07  6.12%  3438 19667s
 10407  7441 1.7771e+07   70 1298 1.8902e+07 1.7745e+07  6.12%  3441 19688s
 10416  7447 1.7771e+07   71 1265 1.8902e+07 1.7745e+07  6.12%  3441 19721s
 10425  7451 1.7772e+07   72 1292 1.8902e+07 1.7745e+07  6.12%  3445 19816s
 10432  7459 1.7774e+07   73 1300 1.8902e+07 1.7745e+07  6.12%  3458 19842s
 10442  7469 1.7775e+07   74 1299 1.8902e+07 1.7745e+07  6.12%  3459 19882s
 10455  7471 1.7810e+07   75 1262 1.8902e+07 1.7745e+07  6.12%  3460 19928s
 10462  7477 1.7827e+07   76 1268 1.8902e+07 1.7745e+07  6.12%  3466 19972s
 10470  7486 1.7826e+07   77 1293 1.8902e+07 1.7745e+07  6.12%  3472 20015s
 10482  7490 1.7797e+07   79 1277 1.8902e+07 1.7745e+07  6.12%  3476 20057s
 10490  7499 1.7879e+07   80 1237 1.8902e+07 1.7745e+07  6.12%  3481 20126s
 10501  7503 1.7812e+07   81 1278 1.8902e+07 1.7745e+07  6.12%  3486 20177s
 10509  7511 1.7814e+07   82 1265 1.8902e+07 1.7745e+07  6.12%  3492 20215s
 10520  7514 1.7871e+07   83 1249 1.8902e+07 1.7745e+07  6.12%  3496 20249s
 10526  7524 1.7847e+07   84 1231 1.8902e+07 1.7745e+07  6.12%  3500 20298s
 10538  7532 1.7850e+07   85 1195 1.8902e+07 1.7745e+07  6.12%  3506 20349s
 10543  7530 1.7878e+07   90 1234 1.8902e+07 1.7745e+07  6.12%  3507 20350s
 10550  7541 1.7880e+07   88 1152 1.8902e+07 1.7745e+07  6.12%  3512 20408s
 10563  7549 1.7869e+07   89 1104 1.8902e+07 1.7745e+07  6.12%  3517 20456s
 10576  7558 1.7918e+07   91 1090 1.8902e+07 1.7745e+07  6.12%  3523 20498s
 10589  7577 1.8002e+07   94 1119 1.8902e+07 1.7745e+07  6.12%  3528 20546s
 10612  7592 1.8138e+07   96 1082 1.8902e+07 1.7745e+07  6.12%  3529 20596s
 10635  7606 1.8082e+07   98 1002 1.8902e+07 1.7745e+07  6.12%  3531 20639s
 10657  7629 1.8117e+07  100 1046 1.8902e+07 1.7745e+07  6.12%  3531 20701s
 10687  7645 1.8210e+07  103 1038 1.8902e+07 1.7745e+07  6.12%  3532 20757s
 10713  7667 1.8237e+07  106 1001 1.8902e+07 1.7745e+07  6.12%  3533 20807s
 10744  7695 1.8250e+07  110  999 1.8902e+07 1.7745e+07  6.12%  3534 20859s
 10782  7717 1.8314e+07  114  934 1.8902e+07 1.7745e+07  6.12%  3532 20912s
 10817  7744 1.8346e+07  118  889 1.8902e+07 1.7745e+07  6.12%  3531 20966s
 10858  7766 1.8392e+07  121  807 1.8902e+07 1.7745e+07  6.12%  3530 21022s
 10896  7790 1.8690e+07  124  789 1.8902e+07 1.7745e+07  6.12%  3530 21076s
 10948  7801 1.8477e+07  127  765 1.8902e+07 1.7745e+07  6.12%  3527 21158s
 10994  7834 1.8592e+07  133  745 1.8902e+07 1.7745e+07  6.12%  3524 21217s
 11061  7871 1.8812e+07  148  594 1.8902e+07 1.7745e+07  6.12%  3514 21291s
 11143  7872 1.7745e+07   62 1440 1.8902e+07 1.7745e+07  6.12%  3501 21368s
 11203  7868 1.7762e+07   68 1400 1.8902e+07 1.7745e+07  6.12%  3496 21596s
 11219  7893 1.7774e+07   72 1352 1.8902e+07 1.7745e+07  6.12%  3500 21688s
 11249  7902 1.7803e+07   74 1327 1.8902e+07 1.7745e+07  6.12%  3505 21777s
 11268  7930 1.7837e+07   76 1244 1.8902e+07 1.7745e+07  6.12%  3514 21862s
 11303  7972 1.7877e+07   78 1243 1.8902e+07 1.7745e+07  6.12%  3518 21991s
 11356  8016 1.7966e+07   79 1217 1.8902e+07 1.7745e+07  6.12%  3516 22152s
 11426  8054 1.8070e+07   81 1184 1.8902e+07 1.7745e+07  6.12%  3508 22267s
 11522  8071 1.8001e+07   89 1091 1.8902e+07 1.7745e+07  6.12%  3494 22354s
 11571  8103 1.8220e+07  100  966 1.8902e+07 1.7745e+07  6.12%  3495 22455s
 11628  8150 1.8250e+07  107  887 1.8902e+07 1.7745e+07  6.12%  3497 22569s
 11735  8169 1.8526e+07  120  636 1.8902e+07 1.7745e+07  6.12%  3486 22743s
 11804  8210 1.8692e+07  129  604 1.8902e+07 1.7745e+07  6.12%  3485 22873s
 11900  8226 1.7745e+07   61 1425 1.8902e+07 1.7745e+07  6.12%  3478 22988s
 11948  8278 1.7745e+07   64 1416 1.8902e+07 1.7745e+07  6.12%  3482 23116s
 12016  8319 1.7906e+07   72 1299 1.8902e+07 1.7745e+07  6.12%  3483 23241s
 12088  8369 1.8099e+07   75 1186 1.8902e+07 1.7745e+07  6.12%  3482 23380s
 12179  8404 1.8316e+07   84  987 1.8902e+07 1.7745e+07  6.12%  3480 23927s
 12260  8431 1.8516e+07   95  914 1.8902e+07 1.7745e+07  6.12%  3473 24084s
 12330  8495 1.7769e+07   64 1332 1.8902e+07 1.7745e+07  6.12%  3479 24293s
 12418  8552 1.7990e+07   75 1164 1.8902e+07 1.7745e+07  6.12%  3481 24462s
 12555  8545 1.7771e+07   65 1343 1.8902e+07 1.7745e+07  6.12%  3475 24632s
 12594  8676 1.7922e+07   76 1129 1.8902e+07 1.7745e+07  6.12%  3491 24803s
 12754  8699 1.8631e+07  112  802 1.8902e+07 1.7745e+07  6.12%  3474 25002s
 12858  8771 1.7886e+07   73 1268 1.8902e+07 1.7745e+07  6.12%  3475 25191s
 12968  8809 1.8665e+07  107 1105 1.8902e+07 1.7745e+07  6.12%  3475 25406s
 13071  8823 1.7776e+07   70 1351 1.8902e+07 1.7745e+07  6.12%  3473 26072s
 13120  8911 1.7887e+07   77 1195 1.8902e+07 1.7745e+07  6.12%  3490 26314s
 13169  8895 1.8086e+07   69 1336 1.8902e+07 1.7745e+07  6.12%  3495 26315s
 13242  9001 1.8874e+07   91  974 1.8902e+07 1.7745e+07  6.12%  3494 26539s
 13313  8978 1.7755e+07   65 1415 1.8902e+07 1.7745e+07  6.12%  3493 26540s
 13417  9082 1.7818e+07   85 1280 1.8902e+07 1.7745e+07  6.12%  3486 26769s
 13579  9085 1.8231e+07  134  852 1.8902e+07 1.7745e+07  6.12%  3478 27053s
 13662  9222 1.7822e+07   73 1322 1.8902e+07 1.7745e+07  6.12%  3475 27303s
 13847  9330 1.8353e+07  123  840 1.8902e+07 1.7745e+07  6.12%  3466 27555s
 14052  9436 1.7913e+07   84 1263 1.8902e+07 1.7745e+07  6.12%  3454 27833s
 14251  9523 1.7834e+07   68 1227 1.8902e+07 1.7745e+07  6.12%  3446 28126s
 14434  9642 1.8601e+07  100 1064 1.8902e+07 1.7745e+07  6.12%  3440 28420s
 14641  9729 1.7993e+07   88 1238 1.8902e+07 1.7745e+07  6.12%  3433 28731s
 14845  9792 1.7832e+07   69 1273 1.8902e+07 1.7745e+07  6.12%  3429 29077s
 14989  9921 1.7832e+07   70 1297 1.8902e+07 1.7745e+07  6.12%  3418 29435s
 15198 10008 1.8870e+07  140  479 1.8902e+07 1.7745e+07  6.12%  3416 29787s
 15405 10161 1.7933e+07   77 1194 1.8902e+07 1.7745e+07  6.12%  3422 30160s
 15684 10323 1.7766e+07   60 1389 1.8902e+07 1.7745e+07  6.12%  3415 30530s
 15988 10435 1.8061e+07  113 1152 1.8902e+07 1.7745e+07  6.12%  3397 30946s
 16248 10579 1.8030e+07   99 1130 1.8902e+07 1.7745e+07  6.12%  3393 31348s
 16544 10685 1.8643e+07   94 1052 1.8902e+07 1.7746e+07  6.12%  3388 31765s
 16806 10692     cutoff  101      1.8902e+07 1.7746e+07  6.12%  3391 32199s
 16937 10820 1.7932e+07   67 1281 1.8902e+07 1.7747e+07  6.11%  3398 32663s
 17144 10972 1.7878e+07   72 1321 1.8902e+07 1.7748e+07  6.11%  3405 33151s
 17415 11089 1.8347e+07   70 1357 1.8902e+07 1.7748e+07  6.11%  3412 33664s
 17486 11066 1.8167e+07  100  968 1.8902e+07 1.7749e+07  6.10%  3415 33665s
 17695 11211 1.8829e+07  103  940 1.8902e+07 1.7749e+07  6.10%  3420 34155s
 17955 11354 1.7807e+07   68 1247 1.8902e+07 1.7749e+07  6.10%  3425 34704s
 18240 11533 1.7805e+07   68 1289 1.8902e+07 1.7750e+07  6.10%  3427 35245s
 18614 11626     cutoff   75      1.8902e+07 1.7750e+07  6.10%  3415 35832s
 18871 11653 1.8040e+07   99 1146 1.8902e+07 1.7750e+07  6.10%  3419 36402s
 19009 11823 1.8607e+07  133  758 1.8902e+07 1.7751e+07  6.09%  3421 37024s
 19275 12003 1.7841e+07   63 1353 1.8902e+07 1.7751e+07  6.09%  3431 37634s
 19594 12206 1.7833e+07   63 1406 1.8902e+07 1.7751e+07  6.09%  3418 38323s
 19987 12560 1.8517e+07  101  779 1.8902e+07 1.7753e+07  6.08%  3418 38993s
 20573 12366 1.7901e+07   77 1543 1.8902e+07 1.7754e+07  6.08%  3395 39600s
 20576 12368 1.8393e+07   92 1044 1.8902e+07 1.7754e+07  6.08%  3395 39614s
 20577 12369 1.7757e+07   65 1045 1.8902e+07 1.7754e+07  6.08%  3395 39627s
 20578 12369 1.7840e+07   71 1047 1.8902e+07 1.7754e+07  6.08%  3395 39640s
 20579 12370 1.8188e+07  119 1037 1.8902e+07 1.7754e+07  6.08%  3394 39650s
 20580 12371 1.7869e+07   76 1019 1.8902e+07 1.7754e+07  6.08%  3394 39657s
 20581 12371 1.7988e+07   82 1055 1.8902e+07 1.7754e+07  6.08%  3394 39662s
 20582 12372 1.8300e+07  141 1058 1.8902e+07 1.7754e+07  6.08%  3394 39667s
 20583 12373 1.8568e+07   96 1032 1.8902e+07 1.7754e+07  6.08%  3394 39671s
 20585 12374 1.7774e+07   71 1027 1.8902e+07 1.7754e+07  6.08%  3393 39678s
 20586 12375 1.7860e+07   80 1038 1.8902e+07 1.7754e+07  6.08%  3393 39680s
 20591 12378 1.7777e+07   72 1041 1.8902e+07 1.7754e+07  6.08%  3392 39685s
 20601 12385 1.8504e+07   84  990 1.8902e+07 1.7754e+07  6.08%  3391 39698s
 20602 12385 1.7909e+07   80 1031 1.8902e+07 1.7754e+07  6.08%  3391 39702s
 20604 12387 1.8267e+07   92 1055 1.8902e+07 1.7754e+07  6.08%  3390 39705s
 20608 12389 1.7757e+07   62  961 1.8902e+07 1.7754e+07  6.08%  3390 39715s
 20614 12393 1.8205e+07   84 1020 1.8902e+07 1.7754e+07  6.08%  3389 39720s
 20615 12394 1.7873e+07   81  977 1.8902e+07 1.7754e+07  6.08%  3388 39725s
 20618 12396 1.8351e+07  112 1024 1.8902e+07 1.7754e+07  6.08%  3388 39730s
 20622 12399 1.7806e+07   74  994 1.8902e+07 1.7754e+07  6.08%  3387 39736s
 20628 12403 1.7979e+07  100 1030 1.8902e+07 1.7754e+07  6.08%  3386 39740s
 20631 12405 1.8148e+07  109 1029 1.8902e+07 1.7754e+07  6.08%  3386 39745s
 20635 12407 1.8258e+07  112 1010 1.8902e+07 1.7754e+07  6.08%  3385 39750s
 20637 12409 1.8574e+07  127 1034 1.8902e+07 1.7754e+07  6.08%  3385 39755s
 20641 12411 1.8128e+07  100 1040 1.8902e+07 1.7754e+07  6.08%  3384 39762s
 20644 12413 1.8258e+07  123 1024 1.8902e+07 1.7754e+07  6.08%  3384 39765s
 20647 12415 1.8201e+07   88 1030 1.8902e+07 1.7754e+07  6.08%  3383 39770s
 20651 12418 1.8447e+07  100  988 1.8902e+07 1.7754e+07  6.08%  3383 39775s
 20655 12421 1.8671e+07  136 1064 1.8902e+07 1.7754e+07  6.08%  3382 39780s
 20658 12423 1.8510e+07  113  981 1.8902e+07 1.7754e+07  6.08%  3381 39785s
 20661 12425 1.8164e+07  117  993 1.8902e+07 1.7754e+07  6.08%  3381 39790s
 20664 12427 1.8609e+07  116  999 1.8902e+07 1.7754e+07  6.08%  3380 39797s
 20665 12427 1.7789e+07   69  964 1.8902e+07 1.7754e+07  6.08%  3380 39801s
 20666 12428 1.7828e+07   77  964 1.8902e+07 1.7754e+07  6.08%  3380 39807s
 20667 12432 1.7754e+07   67  997 1.8902e+07 1.7754e+07  6.08%  3191 39816s
 20669 12435 1.7754e+07   68 1020 1.8902e+07 1.7754e+07  6.08%  3191 39835s
 20673 12438 1.7755e+07   69 1029 1.8902e+07 1.7754e+07  6.08%  3193 39843s
 20677 12440 1.7762e+07   69 1034 1.8902e+07 1.7755e+07  6.07%  3193 39863s
 20681 12443 1.7761e+07   70  990 1.8902e+07 1.7755e+07  6.07%  3195 39876s
 20685 12446 1.7761e+07   70 1018 1.8902e+07 1.7761e+07  6.04%  3196 39883s
 20689 12448 1.7885e+07   71  962 1.8902e+07 1.7761e+07  6.04%  3198 39914s
 20693 12451 1.7771e+07   71 1004 1.8902e+07 1.7761e+07  6.04%  3200 39924s
 20697 12457 1.7772e+07   72  999 1.8902e+07 1.7761e+07  6.04%  3200 39930s
 20704 12461 1.7775e+07   73  993 1.8902e+07 1.7761e+07  6.04%  3201 39943s
 20711 12464 1.7784e+07   74  961 1.8902e+07 1.7761e+07  6.04%  3201 39949s
 20716 12466 1.7806e+07   74  923 1.8902e+07 1.7761e+07  6.04%  3202 39972s
 20720 12471 1.7788e+07   75  929 1.8902e+07 1.7761e+07  6.04%  3203 39979s
 20726 12473 1.7818e+07   76  952 1.8902e+07 1.7761e+07  6.04%  3204 39986s
 20730 12477 1.7797e+07   76  912 1.8902e+07 1.7761e+07  6.04%  3205 39996s
 20735 12481 1.7826e+07   77  903 1.8902e+07 1.7761e+07  6.04%  3206 40009s
 20741 12484 1.7833e+07   78  902 1.8902e+07 1.7761e+07  6.04%  3207 40022s
 20746 12487 1.7828e+07   78  902 1.8902e+07 1.7761e+07  6.04%  3209 40034s
 20751 12494 1.7829e+07   79  894 1.8902e+07 1.7761e+07  6.04%  3210 40045s
 20759 12499 1.7839e+07   80  892 1.8902e+07 1.7761e+07  6.04%  3210 40053s
 20767 12509 1.7839e+07   81  887 1.8902e+07 1.7761e+07  6.04%  3211 40065s
 20780 12510 1.7867e+07   82  830 1.8902e+07 1.7761e+07  6.04%  3211 40074s
 20785 12516 1.7853e+07   83  904 1.8902e+07 1.7761e+07  6.04%  3213 40090s
 20793 12522 1.7874e+07   83  840 1.8902e+07 1.7761e+07  6.04%  3214 40102s
 20801 12528 1.7855e+07   84  897 1.8902e+07 1.7761e+07  6.04%  3215 40115s
 20810 12533 1.7870e+07   85  895 1.8902e+07 1.7761e+07  6.04%  3216 40140s
 20818 12540 1.7889e+07   86  800 1.8902e+07 1.7761e+07  6.04%  3219 40152s
 20828 12548 1.7877e+07   86  830 1.8902e+07 1.7761e+07  6.04%  3219 40167s
 20839 12557 1.7911e+07   88  779 1.8902e+07 1.7761e+07  6.04%  3221 40192s
 20852 12569 1.7930e+07   90  755 1.8902e+07 1.7761e+07  6.04%  3223 40209s
 20868 12576 1.7958e+07   93  746 1.8902e+07 1.7761e+07  6.04%  3224 40224s
 20880 12597 1.7977e+07   95  747 1.8902e+07 1.7761e+07  6.04%  3225 40238s
 20905 12617 1.8002e+07  100  687 1.8902e+07 1.7761e+07  6.04%  3224 40251s
 20934 12625 1.8055e+07  104  698 1.8902e+07 1.7761e+07  6.04%  3223 40271s
 20951 12639 1.8236e+07  106  682 1.8902e+07 1.7761e+07  6.04%  3223 40286s
 20971 12657 1.8150e+07  109  695 1.8902e+07 1.7761e+07  6.04%  3224 40302s
 20996 12669 1.8208e+07  114  650 1.8902e+07 1.7761e+07  6.04%  3224 40318s
 21016 12698 1.8219e+07  117  589 1.8902e+07 1.7761e+07  6.04%  3224 40334s
 21052 12731 1.8277e+07  125  570 1.8902e+07 1.7761e+07  6.04%  3223 40351s
 21097 12783 1.8357e+07  132  501 1.8902e+07 1.7761e+07  6.04%  3220 40369s
 21164 12812 1.8421e+07  143  456 1.8902e+07 1.7761e+07  6.04%  3212 40386s
 21215 12850 1.8382e+07  155  427 1.8902e+07 1.7761e+07  6.04%  3209 40410s
 21272 12902 1.8385e+07  164  433 1.8902e+07 1.7761e+07  6.04%  3204 40428s
 21347 12960 1.8385e+07  176  437 1.8902e+07 1.7761e+07  6.04%  3196 40446s
 21450 12992 1.8403e+07  189  433 1.8902e+07 1.7761e+07  6.04%  3185 40464s
 21539 13036 1.8415e+07  196  428 1.8902e+07 1.7761e+07  6.04%  3175 40481s
 21656 13048 1.8431e+07  205  412 1.8902e+07 1.7761e+07  6.04%  3161 40508s
 21727 13069 1.8597e+07  213  407 1.8902e+07 1.7761e+07  6.04%  3153 40530s
 21773 13131 1.8494e+07  226  391 1.8902e+07 1.7761e+07  6.04%  3151 40550s
 21862 13106 1.8575e+07  239  348 1.8902e+07 1.7761e+07  6.04%  3142 40585s
 21881 13123 1.8679e+07  239  311 1.8902e+07 1.7761e+07  6.04%  3142 40630s
 21906 13151 1.8591e+07  247  333 1.8902e+07 1.7761e+07  6.04%  3142 40654s
 21946 13154 1.8604e+07  260  334 1.8902e+07 1.7761e+07  6.04%  3140 40686s
 21965 13161 1.8788e+07  266  227 1.8902e+07 1.7762e+07  6.03%  3140 40714s
 21990 13177 1.7924e+07   73  944 1.8902e+07 1.7762e+07  6.03%  3142 40735s
 22014 13190 1.8218e+07   75  875 1.8902e+07 1.7762e+07  6.03%  3143 40759s
 22035 13209 1.8064e+07   78  889 1.8902e+07 1.7762e+07  6.03%  3145 40785s
 22061 13228 1.8063e+07   81  870 1.8902e+07 1.7762e+07  6.03%  3146 40808s
 22089 13261 1.8099e+07   86  880 1.8902e+07 1.7762e+07  6.03%  3147 40833s
 22131 13270 1.8156e+07   93  838 1.8902e+07 1.7762e+07  6.03%  3146 40888s
 22154 13307 1.8156e+07   94  831 1.8902e+07 1.7762e+07  6.03%  3146 40916s
 22200 13372 1.8216e+07   99  810 1.8902e+07 1.7762e+07  6.03%  3145 40941s
 22282 13423 1.8264e+07  116  773 1.8902e+07 1.7762e+07  6.03%  3138 40970s
 22363 13464 1.8644e+07  136  584 1.8902e+07 1.7762e+07  6.03%  3133 40998s
 22433 13498 1.8681e+07  148  566 1.8902e+07 1.7762e+07  6.03%  3129 41028s
 22492 13557 1.8781e+07  157  541 1.8902e+07 1.7762e+07  6.03%  3128 41064s
 22606 13581 1.8876e+07  208  378 1.8902e+07 1.7768e+07  6.00%  3119 41104s
 22674 13662 1.7784e+07   72 1019 1.8902e+07 1.7768e+07  6.00%  3118 41140s
 22786 13702 1.7793e+07   77  974 1.8902e+07 1.7768e+07  6.00%  3109 41182s
 22901 13729 1.7841e+07   81  905 1.8902e+07 1.7768e+07  6.00%  3103 41220s
 22976 13772 1.7861e+07   87  956 1.8902e+07 1.7768e+07  6.00%  3101 41263s
 23059 13802 1.7959e+07   91  890 1.8902e+07 1.7768e+07  6.00%  3099 41317s
 23141 13832 1.7951e+07   95  887 1.8902e+07 1.7768e+07  6.00%  3098 41364s
 23198 13878 1.7975e+07  101  844 1.8902e+07 1.7768e+07  6.00%  3100 41410s
 23263 13950 1.8101e+07  109  838 1.8902e+07 1.7768e+07  6.00%  3101 41456s
 23357 14002 1.8287e+07  120  785 1.8902e+07 1.7768e+07  6.00%  3098 41501s
 23440 14080 1.8267e+07  132  775 1.8902e+07 1.7768e+07  6.00%  3098 41548s
 23546 14186 1.8501e+07  147  627 1.8902e+07 1.7768e+07  6.00%  3095 41602s
 23721 14254 1.8656e+07  150  621 1.8902e+07 1.7768e+07  6.00%  3085 41661s
 23892 14295 1.8742e+07  163  576 1.8902e+07 1.7772e+07  5.98%  3074 41744s
 24047 14293 1.7846e+07   72  924 1.8902e+07 1.7772e+07  5.98%  3065 41802s
 24097 14342 1.7933e+07   84  790 1.8902e+07 1.7772e+07  5.98%  3069 41860s
 24163 14415 1.7924e+07   87  816 1.8902e+07 1.7772e+07  5.98%  3072 41920s
 24258 14538 1.8069e+07   95  742 1.8902e+07 1.7772e+07  5.98%  3074 41986s
 24424 14535 1.8127e+07  103  685 1.8902e+07 1.7772e+07  5.98%  3065 42062s
 24496 14600 1.8307e+07  110  641 1.8902e+07 1.7772e+07  5.98%  3064 42233s
 24586 14599 1.8227e+07  115  628 1.8902e+07 1.7772e+07  5.98%  3063 42469s
 24615 14849 1.8241e+07  116  614 1.8902e+07 1.7772e+07  5.98%  3063 42553s
 24892 14872 1.8561e+07  187  417 1.8902e+07 1.7772e+07  5.98%  3045 42678s
 25048 14916 1.7839e+07   76  987 1.8902e+07 1.7775e+07  5.96%  3037 42779s
 25168 14976 1.8048e+07   83  883 1.8902e+07 1.7775e+07  5.96%  3038 42857s
 25268 15103 1.8062e+07   96  781 1.8902e+07 1.7775e+07  5.96%  3042 42940s
 25430 15369 1.8336e+07  107  687 1.8902e+07 1.7775e+07  5.96%  3042 43044s
 25847 15368 1.7832e+07   76  950 1.8902e+07 1.7776e+07  5.96%  3011 43138s
 26013 15432 1.8000e+07   89  899 1.8902e+07 1.7776e+07  5.96%  3008 43229s
 26134 15617 1.8200e+07  104  826 1.8902e+07 1.7776e+07  5.96%  3012 43591s
 26382 15782     cutoff  166      1.8902e+07 1.7776e+07  5.96%  2997 43699s
 26684 15836 1.8055e+07   83  944 1.8902e+07 1.7777e+07  5.96%  2981 43812s
 26870 15964     cutoff  119      1.8902e+07 1.7780e+07  5.94%  2981 43920s
 27082 16125 1.7817e+07   84  956 1.8902e+07 1.7780e+07  5.94%  2976 44048s
 27369 16177 1.8113e+07  102  748 1.8902e+07 1.7780e+07  5.94%  2962 44168s
 27532 16360 1.8349e+07  114  620 1.8902e+07 1.7780e+07  5.94%  2966 44292s
 27775 16574 1.8542e+07  136  551 1.8902e+07 1.7780e+07  5.94%  2965 44433s
 28201 16583 1.7887e+07   78  895 1.8902e+07 1.7784e+07  5.92%  2944 44559s
 28352 17005 1.8174e+07  100  713 1.8902e+07 1.7784e+07  5.92%  2952 44719s
 28951 16964 1.7842e+07   79  979 1.8902e+07 1.7784e+07  5.92%  2917 44858s
 29110 17009 1.8123e+07   98  778 1.8902e+07 1.7784e+07  5.92%  2924 45066s
 29208 17415 1.8588e+07  110  685 1.8902e+07 1.7785e+07  5.91%  2927 45230s
 29743 17506 1.8207e+07  110  731 1.8902e+07 1.7786e+07  5.90%  2907 45410s
 30035 17775 1.8650e+07  132  583 1.8902e+07 1.7787e+07  5.90%  2906 45579s
 30488 18101 1.8096e+07  106  703 1.8902e+07 1.7788e+07  5.90%  2895 45764s
 31046 18450 1.7977e+07   90  800 1.8902e+07 1.7789e+07  5.89%  2881 45977s
 31700 18354 1.7839e+07   77 1002 1.8902e+07 1.7789e+07  5.89%  2861 46379s
 31822 18687 1.8121e+07   92  791 1.8902e+07 1.7790e+07  5.89%  2868 46559s
 32270 18874 1.7984e+07   93  877 1.8902e+07 1.7791e+07  5.88%  2861 46738s
 32669 19161 1.7909e+07   83  925 1.8902e+07 1.7792e+07  5.87%  2859 46927s
 33201 19375 1.7879e+07   85  938 1.8902e+07 1.7793e+07  5.87%  2846 47092s
 33644 19560 1.8513e+07  115  699 1.8902e+07 1.7793e+07  5.87%  2839 47260s
 34014 19759 1.8128e+07  108  784 1.8902e+07 1.7794e+07  5.86%  2838 47432s
 34436 19965 1.7941e+07   96  915 1.8902e+07 1.7795e+07  5.86%  2834 47599s
 34825 20102 1.8344e+07  123  736 1.8902e+07 1.7795e+07  5.86%  2833 47764s
 35116 20581 1.8262e+07   94  760 1.8902e+07 1.7796e+07  5.85%  2839 47944s
 35809 20746 1.7900e+07   80  883 1.8902e+07 1.7796e+07  5.85%  2816 48107s
 36268 20597 1.8553e+07  123  584 1.8902e+07 1.7796e+07  5.85%  2809 49015s
 36272 20858 1.8694e+07  122  586 1.8902e+07 1.7797e+07  5.85%  2809 49183s
 36585 21022 1.8176e+07  100  721 1.8902e+07 1.7797e+07  5.85%  2810 49353s
 36946 21182 1.8072e+07   88  860 1.8902e+07 1.7797e+07  5.85%  2804 49522s
 37246 21395 1.8445e+07  121  673 1.8902e+07 1.7797e+07  5.85%  2809 49693s
 37616 21600 1.8114e+07   92  830 1.8902e+07 1.7798e+07  5.84%  2809 49873s
 38037 21750 1.7899e+07   81  852 1.8902e+07 1.7798e+07  5.84%  2804 50038s
 38364 21900 1.8169e+07   99  740 1.8902e+07 1.7798e+07  5.84%  2804 50217s
 38686 22195 1.8745e+07  118  691 1.8902e+07 1.7801e+07  5.83%  2804 50390s
 39120 22415 1.8412e+07   95  757 1.8902e+07 1.7801e+07  5.83%  2799 50565s
 39563 22727 1.7927e+07   79  817 1.8902e+07 1.7801e+07  5.83%  2796 50738s
 40112 22844 1.7869e+07   89  953 1.8902e+07 1.7801e+07  5.83%  2786 50927s
 40467 23049 1.8302e+07  101  761 1.8902e+07 1.7802e+07  5.82%  2785 51098s
 40856 23116 1.7932e+07   85  916 1.8902e+07 1.7802e+07  5.82%  2785 51258s
 41067 23287 1.8236e+07  119  682 1.8902e+07 1.7803e+07  5.82%  2788 51431s
 41365 23189 1.8634e+07  159 1543 1.8902e+07 1.7803e+07  5.82%  2791 52224s
 41367 23190 1.8877e+07  164  954 1.8902e+07 1.7803e+07  5.82%  2790 52226s
 41368 23191 1.7946e+07   95 1018 1.8902e+07 1.7803e+07  5.82%  2790 52238s
 41369 23192 1.8755e+07  122 1080 1.8902e+07 1.7803e+07  5.82%  2790 52252s
 41370 23192 1.8183e+07   89 1076 1.8902e+07 1.7803e+07  5.82%  2790 52262s
 41371 23193 1.8071e+07   86 1050 1.8902e+07 1.7803e+07  5.82%  2790 52278s
 41372 23194 1.8758e+07  170 1054 1.8902e+07 1.7803e+07  5.82%  2790 52293s
 41373 23194 1.8295e+07  119 1072 1.8902e+07 1.7803e+07  5.82%  2790 52299s
 41374 23195 1.7901e+07   82 1026 1.8902e+07 1.7803e+07  5.82%  2790 52307s
 41375 23196 1.8030e+07   97 1076 1.8902e+07 1.7803e+07  5.82%  2790 52313s
 41376 23196 1.8448e+07  187 1061 1.8902e+07 1.7803e+07  5.82%  2790 52317s
 41377 23197 1.8304e+07  107 1077 1.8902e+07 1.7803e+07  5.82%  2790 52320s
 41380 23199 1.8769e+07  162 1078 1.8902e+07 1.7803e+07  5.82%  2790 52325s
 41384 23202 1.8140e+07   98 1099 1.8902e+07 1.7803e+07  5.82%  2789 52330s
 41390 23206 1.8775e+07  154 1002 1.8902e+07 1.7803e+07  5.82%  2789 52355s
 41392 23207 1.8132e+07  103 1051 1.8902e+07 1.7803e+07  5.82%  2789 52361s
 41395 23209 1.8650e+07  131 1084 1.8902e+07 1.7803e+07  5.82%  2789 52384s
 41396 23210 1.8728e+07  157 1021 1.8902e+07 1.7803e+07  5.82%  2789 52428s
 41399 23212 1.8373e+07  105 1045 1.8902e+07 1.7803e+07  5.82%  2788 52446s
 41400 23212 1.7944e+07   85 1000 1.8902e+07 1.7803e+07  5.82%  2788 52488s
 41401 23213 1.8850e+07  152 1078 1.8902e+07 1.7803e+07  5.82%  2788 52493s
 41402 23214 1.8581e+07  164 1058 1.8902e+07 1.7803e+07  5.82%  2788 52495s
 41404 23215 1.8122e+07   99 1079 1.8902e+07 1.7803e+07  5.82%  2788 52500s
 41410 23219 1.7902e+07   83 1031 1.8902e+07 1.7803e+07  5.82%  2788 52522s
 41411 23220 1.8893e+07  162 1022 1.8902e+07 1.7803e+07  5.82%  2787 52543s
 41413 23221 1.8683e+07  111 1047 1.8902e+07 1.7803e+07  5.82%  2787 52561s
 41414 23222 1.8047e+07  110 1031 1.8902e+07 1.7803e+07  5.82%  2787 52580s
 41417 23224 1.8150e+07  104 1048 1.8902e+07 1.7803e+07  5.82%  2787 52599s
 41418 23224 1.7966e+07   84 1033 1.8902e+07 1.7803e+07  5.82%  2787 52618s
 41419 23225 1.8284e+07  133 1049 1.8902e+07 1.7803e+07  5.82%  2787 52635s
 41420 23226 1.8853e+07  144 1031 1.8902e+07 1.7803e+07  5.82%  2787 52654s
 41421 23226 1.7953e+07  110 1032 1.8902e+07 1.7803e+07  5.82%  2787 52655s
 41422 23227 1.8878e+07  164 1055 1.8902e+07 1.7803e+07  5.82%  2787 52672s
 41423 23228 1.8714e+07  212 1025 1.8902e+07 1.7803e+07  5.82%  2787 52690s
 41424 23228 1.7954e+07   90 1043 1.8902e+07 1.7803e+07  5.82%  2787 52706s
 41425 23229 1.8619e+07  180 1011 1.8902e+07 1.7803e+07  5.82%  2787 52724s
 41426 23230 1.8561e+07  146 1081 1.8902e+07 1.7803e+07  5.82%  2786 52741s
 41427 23230 1.8595e+07  122 1038 1.8902e+07 1.7803e+07  5.82%  2786 52759s
 41428 23231 1.8388e+07  111 1029 1.8902e+07 1.7803e+07  5.82%  2786 52776s
 41429 23232 1.8079e+07  107 1043 1.8902e+07 1.7803e+07  5.82%  2786 52794s
 41430 23232 1.7900e+07   86 1072 1.8902e+07 1.7803e+07  5.82%  2786 52812s
 41431 23233 1.8349e+07  120 1050 1.8902e+07 1.7803e+07  5.82%  2786 52829s
 41432 23234 1.8866e+07  174 1063 1.8902e+07 1.7803e+07  5.82%  2786 52845s
 41433 23234 1.7957e+07  111 1044 1.8902e+07 1.7803e+07  5.82%  2786 52863s
 41434 23235 1.7888e+07   85 1040 1.8902e+07 1.7803e+07  5.82%  2786 52880s
 41435 23236 1.8803e+07  158 1039 1.8902e+07 1.7803e+07  5.82%  2786 52899s
 41436 23236 1.8539e+07  141 1073 1.8902e+07 1.7803e+07  5.82%  2786 52918s
 41437 23237 1.8794e+07  135 1044 1.8902e+07 1.7803e+07  5.82%  2786 52938s
 41439 23238 1.8510e+07  110 1072 1.8902e+07 1.7803e+07  5.82%  2786 52940s
 41441 23240 1.8064e+07   96 1034 1.8902e+07 1.7803e+07  5.82%  2785 52957s
 41442 23240 1.8514e+07   95 1007 1.8902e+07 1.7803e+07  5.82%  2785 52975s
 41443 23241 1.8269e+07  105 1069 1.8902e+07 1.7803e+07  5.82%  2785 52991s
 41444 23242 1.8897e+07  138 1046 1.8902e+07 1.7803e+07  5.82%  2785 53008s
 41446 23243 1.8390e+07  149 1050 1.8902e+07 1.7803e+07  5.82%  2785 53025s
 41447 23244 1.8186e+07   90 1043 1.8902e+07 1.7803e+07  5.82%  2785 53044s
 41448 23244 1.8712e+07  151 1056 1.8902e+07 1.7803e+07  5.82%  2785 53060s
 41449 23245 1.8408e+07  151 1031 1.8902e+07 1.7803e+07  5.82%  2785 53077s
 41450 23246 1.8023e+07   92 1039 1.8902e+07 1.7803e+07  5.82%  2785 53093s
 41451 23246 1.7984e+07   94 1056 1.8902e+07 1.7803e+07  5.82%  2785 53111s
 41452 23247 1.8859e+07  144 1059 1.8902e+07 1.7803e+07  5.82%  2785 53127s
 41453 23248 1.8380e+07  107 1057 1.8902e+07 1.7803e+07  5.82%  2785 53146s
 41454 23248 1.8687e+07  154 1062 1.8902e+07 1.7803e+07  5.82%  2785 53162s
 41455 23249 1.8798e+07  223 1038 1.8902e+07 1.7803e+07  5.82%  2785 53180s
 41456 23250 1.7869e+07   82 1047 1.8902e+07 1.7803e+07  5.82%  2784 53198s
 41457 23250 1.8597e+07  148 1032 1.8902e+07 1.7803e+07  5.82%  2784 53214s
 41458 23251 1.8079e+07  114 1061 1.8902e+07 1.7803e+07  5.82%  2784 53230s
 41459 23252 1.8758e+07  190 1065 1.8902e+07 1.7803e+07  5.82%  2784 53247s
 41460 23252 1.8760e+07  129 1058 1.8902e+07 1.7803e+07  5.82%  2784 53263s
 41461 23253 1.8249e+07  121 1046 1.8902e+07 1.7803e+07  5.82%  2784 53280s
 41462 23254 1.8736e+07  142 1061 1.8902e+07 1.7803e+07  5.82%  2784 53297s
 41463 23254 1.8686e+07  141 1065 1.8902e+07 1.7803e+07  5.82%  2784 53315s
 41464 23255 1.7804e+07   72 1051 1.8902e+07 1.7803e+07  5.82%  2784 53331s
 41465 23256 1.8634e+07  159 1038 1.8902e+07 1.7803e+07  5.82%  2784 53349s
 41466 23256 1.7821e+07   74 1046 1.8902e+07 1.7803e+07  5.82%  2784 53366s
 41467 23257 1.8877e+07  164 1010 1.8902e+07 1.7803e+07  5.82%  2784 53384s
 41468 23258 1.7946e+07   95 1070 1.8902e+07 1.7803e+07  5.82%  2784 53401s
 41469 23258 1.8755e+07  122 1059 1.8902e+07 1.7803e+07  5.82%  2784 53418s
 41470 23259 1.8183e+07   89 1095 1.8902e+07 1.7803e+07  5.82%  2784 53435s
 41471 23260 1.8071e+07   86 1023 1.8902e+07 1.7803e+07  5.82%  2783 53453s
 41472 23260 1.8758e+07  170 1067 1.8902e+07 1.7803e+07  5.82%  2783 53470s
 41473 23261 1.8295e+07  119 1054 1.8902e+07 1.7803e+07  5.82%  2783 53489s
 41474 23262 1.7901e+07   82 1064 1.8902e+07 1.7803e+07  5.82%  2783 53505s
 41475 23262 1.8030e+07   97 1044 1.8902e+07 1.7803e+07  5.82%  2783 53522s
 41476 23263 1.8448e+07  187 1059 1.8902e+07 1.7803e+07  5.82%  2783 53539s
 41477 23264 1.8304e+07  107 1052 1.8902e+07 1.7803e+07  5.82%  2783 53555s
 41478 23264 1.8737e+07  153 1048 1.8902e+07 1.7803e+07  5.82%  2783 53572s
 41479 23265 1.8001e+07   90 1047 1.8902e+07 1.7803e+07  5.82%  2783 53589s
 41480 23266 1.8769e+07  162 1080 1.8902e+07 1.7803e+07  5.82%  2783 53606s
 41481 23266 1.8596e+07  150 1041 1.8902e+07 1.7803e+07  5.82%  2783 53622s
 41482 23267 1.8111e+07   92 1069 1.8902e+07 1.7803e+07  5.82%  2783 53639s
 41483 23268 1.8646e+07  146 1065 1.8902e+07 1.7803e+07  5.82%  2783 53656s
 41484 23268 1.8140e+07   98 1072 1.8902e+07 1.7803e+07  5.82%  2783 53673s
 41485 23269 1.8204e+07  105 1016 1.8902e+07 1.7803e+07  5.82%  2783 53691s
 41486 23270 1.8857e+07  173 1028 1.8902e+07 1.7803e+07  5.82%  2782 53707s
 41487 23270 1.8453e+07  126 1047 1.8902e+07 1.7803e+07  5.82%  2782 53726s
 41488 23271 1.8097e+07   98 1076 1.8902e+07 1.7803e+07  5.82%  2782 53742s
 41489 23272 1.8545e+07  129 1059 1.8902e+07 1.7803e+07  5.82%  2782 53760s
 41490 23272 1.8775e+07  154 1074 1.8902e+07 1.7803e+07  5.82%  2782 53777s
 41491 23273 1.8307e+07  137 1029 1.8902e+07 1.7803e+07  5.82%  2782 53794s
 41492 23274 1.8132e+07  103 1046 1.8902e+07 1.7803e+07  5.82%  2782 53795s
 41493 23274 1.8128e+07   89 1053 1.8902e+07 1.7803e+07  5.82%  2782 53811s
 41494 23275 1.8090e+07  112 1023 1.8902e+07 1.7803e+07  5.82%  2782 53831s
 41496 23276 1.8728e+07  157 1062 1.8902e+07 1.7803e+07  5.82%  2782 53847s
 41497 23277 1.8144e+07  107 1046 1.8902e+07 1.7803e+07  5.82%  2782 53866s
 41498 23278 1.8121e+07   96 1079 1.8902e+07 1.7803e+07  5.82%  2782 53883s
 41499 23278 1.8373e+07  105 1038 1.8902e+07 1.7803e+07  5.82%  2782 53902s
 41500 23279 1.7944e+07   85 1054 1.8902e+07 1.7803e+07  5.82%  2782 53919s
 41501 23280 1.8850e+07  152 1047 1.8902e+07 1.7803e+07  5.82%  2781 53937s
 41502 23280 1.8581e+07  164 1068 1.8902e+07 1.7803e+07  5.82%  2781 53954s
 41503 23281 1.8192e+07  123 1042 1.8902e+07 1.7803e+07  5.82%  2781 53972s
 41504 23282 1.8122e+07   99 1065 1.8902e+07 1.7803e+07  5.82%  2781 53989s
 41505 23282 1.8748e+07  157 1015 1.8902e+07 1.7803e+07  5.82%  2781 54006s
 41506 23283 1.8711e+07  151 1066 1.8902e+07 1.7803e+07  5.82%  2781 54022s
 41507 23284 1.7932e+07   89 1074 1.8902e+07 1.7803e+07  5.82%  2781 54040s
 41508 23284 1.8517e+07  209 1072 1.8902e+07 1.7803e+07  5.82%  2781 54058s
 41509 23285 1.8315e+07  122 1045 1.8902e+07 1.7803e+07  5.82%  2781 54076s
 41510 23286 1.7902e+07   83 1053 1.8902e+07 1.7803e+07  5.82%  2781 54093s
 41511 23286 1.8893e+07  162 1049 1.8902e+07 1.7803e+07  5.82%  2781 54109s
 41512 23287 1.8496e+07  128 1080 1.8902e+07 1.7803e+07  5.82%  2781 54125s
 41513 23288 1.8683e+07  111 1075 1.8902e+07 1.7803e+07  5.82%  2781 54142s
 41514 23288 1.8047e+07  110 1087 1.8902e+07 1.7803e+07  5.82%  2781 54158s
 41515 23289 1.8371e+07  124 1081 1.8902e+07 1.7803e+07  5.82%  2781 54177s
 41516 23290 1.8532e+07  102 1091 1.8902e+07 1.7803e+07  5.82%  2780 54194s
 41517 23290 1.8150e+07  104 1061 1.8902e+07 1.7803e+07  5.82%  2780 54211s
 41518 23291 1.7966e+07   84 1068 1.8902e+07 1.7803e+07  5.82%  2780 54226s
 41519 23292 1.8284e+07  133 1105 1.8902e+07 1.7803e+07  5.82%  2780 54244s
 41520 23292 1.8853e+07  144 1097 1.8902e+07 1.7803e+07  5.82%  2780 54261s
 41521 23293 1.7953e+07  110 1060 1.8902e+07 1.7803e+07  5.82%  2780 54279s
 41522 23294 1.8878e+07  164 1024 1.8902e+07 1.7803e+07  5.82%  2780 54298s
 41523 23294 1.8714e+07  212 1024 1.8902e+07 1.7803e+07  5.82%  2780 54332s
 41524 23298 1.7803e+07   79  951 1.8902e+07 1.7803e+07  5.82%  2787 54344s
 41526 23301 1.7803e+07   80 1016 1.8902e+07 1.7803e+07  5.82%  2787 54373s
 41530 23304 1.7803e+07   81 1047 1.8902e+07 1.7803e+07  5.82%  2788 54384s
 41534 23307 1.7803e+07   81 1009 1.8902e+07 1.7803e+07  5.82%  2789 54393s
 41538 23309 1.7803e+07   82 1040 1.8902e+07 1.7803e+07  5.82%  2789 54406s
 41542 23312 1.7803e+07   82 1023 1.8902e+07 1.7803e+07  5.82%  2790 54415s
 41546 23315 1.7818e+07   83 1051 1.8902e+07 1.7803e+07  5.82%  2791 54430s
 41550 23317 1.7803e+07   83 1057 1.8902e+07 1.7803e+07  5.82%  2791 54447s
 41554 23323 1.7803e+07   84 1040 1.8902e+07 1.7803e+07  5.82%  2792 54464s
 41561 23327 1.7803e+07   85 1036 1.8902e+07 1.7803e+07  5.82%  2792 54476s
 41567 23330 1.7803e+07   86 1044 1.8902e+07 1.7803e+07  5.82%  2793 54483s
 41572 23332 1.7878e+07   86 1011 1.8902e+07 1.7803e+07  5.82%  2794 54515s
 41576 23336 1.7803e+07   87 1032 1.8902e+07 1.7803e+07  5.82%  2794 54526s
 41581 23341 1.7803e+07   87  997 1.8902e+07 1.7803e+07  5.82%  2795 54540s
 41588 23344 1.7805e+07   88  941 1.8902e+07 1.7803e+07  5.82%  2796 54557s
 41593 23349 1.7806e+07   89  994 1.8902e+07 1.7803e+07  5.82%  2797 54572s
 41600 23353 1.7811e+07   90  987 1.8902e+07 1.7803e+07  5.82%  2798 54586s
 41606 23356 1.7813e+07   91  954 1.8902e+07 1.7803e+07  5.82%  2799 54598s
 41611 23358 1.7818e+07   92  985 1.8902e+07 1.7803e+07  5.82%  2800 54607s
 41615 23363 1.7897e+07   92  943 1.8902e+07 1.7803e+07  5.82%  2801 54622s
 41621 23369 1.7835e+07   93  934 1.8902e+07 1.7803e+07  5.82%  2801 54635s
 41629 23373 1.7907e+07   93  951 1.8902e+07 1.7803e+07  5.82%  2802 54649s
 41636 23382 1.7853e+07   94  947 1.8902e+07 1.7803e+07  5.82%  2803 54666s
 41647 23386 1.7855e+07   95  906 1.8902e+07 1.7803e+07  5.82%  2804 54682s
 41655 23390 1.7918e+07   96  909 1.8902e+07 1.7803e+07  5.82%  2805 54695s
 41662 23406 1.7922e+07   97  892 1.8902e+07 1.7803e+07  5.82%  2805 54710s
 41680 23410 1.7926e+07   99  868 1.8902e+07 1.7803e+07  5.82%  2806 54881s
 41690 23427 1.8048e+07  101  874 1.8902e+07 1.7803e+07  5.82%  2806 54895s
 41710 23439 1.8231e+07  103  871 1.8902e+07 1.7803e+07  5.82%  2806 54911s
 41729 23450 1.8428e+07  107  855 1.8902e+07 1.7803e+07  5.82%  2807 54929s
 41752 23460 1.8693e+07  110  795 1.8902e+07 1.7803e+07  5.82%  2808 54947s
 41770 23478 1.8725e+07  112  838 1.8902e+07 1.7803e+07  5.82%  2808 54963s
 41796 23478 1.8704e+07  114  830 1.8902e+07 1.7803e+07  5.82%  2808 55042s
 41805 23505 1.8720e+07  117  793 1.8902e+07 1.7803e+07  5.82%  2808 55062s
 41839 23510 1.8729e+07  120  793 1.8902e+07 1.7803e+07  5.82%  2808 55108s
 41855 23537 1.8773e+07  121  740 1.8902e+07 1.7803e+07  5.82%  2808 55126s
 41902 23537     cutoff  125      1.8902e+07 1.7803e+07  5.82%  2808 55161s
 41951 23536 1.8847e+07  127  701 1.8902e+07 1.7803e+07  5.82%  2806 55197s
 41995 23529 1.7803e+07   84 1039 1.8902e+07 1.7803e+07  5.82%  2805 55237s
 42015 23533 1.7810e+07   86  987 1.8902e+07 1.7803e+07  5.82%  2807 55257s
 42026 23546 1.7818e+07   88  965 1.8902e+07 1.7803e+07  5.82%  2808 55280s
 42042 23557 1.7821e+07   90 1013 1.8902e+07 1.7803e+07  5.82%  2809 55306s
 42059 23562 1.7836e+07   96  947 1.8902e+07 1.7803e+07  5.82%  2811 55332s
 42069 23577 1.7911e+07   95  868 1.8902e+07 1.7803e+07  5.82%  2812 55356s
 42088 23589 1.7898e+07   98  900 1.8902e+07 1.7803e+07  5.82%  2813 55396s
 42106 23618 1.7859e+07   99  937 1.8902e+07 1.7803e+07  5.82%  2814 55425s
 42141 23644 1.7966e+07  103  855 1.8902e+07 1.7803e+07  5.82%  2814 55452s
 42179 23654 1.8144e+07  109  749 1.8902e+07 1.7803e+07  5.82%  2815 55497s
 42213 23685 1.8209e+07  113  751 1.8902e+07 1.7803e+07  5.82%  2817 55522s
 42258 23735 1.8318e+07  119  657 1.8902e+07 1.7803e+07  5.82%  2817 55554s
 42275 23730 1.8574e+07  120  731 1.8902e+07 1.7803e+07  5.82%  2817 55555s
 42328 23723 1.8393e+07  126  574 1.8902e+07 1.7803e+07  5.82%  2816 55722s
 42339 23726 1.8394e+07  127  572 1.8902e+07 1.7803e+07  5.82%  2817 55783s
 42358 23766 1.8409e+07  127  559 1.8902e+07 1.7803e+07  5.82%  2816 55837s
 42432 23770 1.8795e+07  145  366 1.8902e+07 1.7803e+07  5.82%  2816 55889s
 42475 23784 1.7856e+07   85  947 1.8902e+07 1.7803e+07  5.82%  2817 55929s
 42481 23782 1.7853e+07   94  956 1.8902e+07 1.7803e+07  5.82%  2818 55930s
 42503 23787 1.7905e+07   88  956 1.8902e+07 1.7803e+07  5.82%  2820 55979s
 42515 23819 1.7878e+07   88  956 1.8902e+07 1.7803e+07  5.82%  2821 56019s
 42551 23860 1.8058e+07   90  932 1.8902e+07 1.7803e+07  5.82%  2823 56056s
 42604 23931 1.8217e+07   96  834 1.8902e+07 1.7803e+07  5.82%  2824 56096s
 42706 23956 1.8285e+07   99  725 1.8902e+07 1.7803e+07  5.82%  2822 56148s
 42779 23979 1.8740e+07  105  718 1.8902e+07 1.7803e+07  5.82%  2823 56215s
 42876 23972 1.7822e+07   91 1015 1.8902e+07 1.7803e+07  5.82%  2821 56263s
 42902 24008 1.7887e+07   96  968 1.8902e+07 1.7803e+07  5.82%  2823 56341s
 42957 24040 1.7980e+07  106  916 1.8902e+07 1.7803e+07  5.82%  2825 56392s
 43008 24083 1.8049e+07  119  934 1.8902e+07 1.7803e+07  5.82%  2827 56441s
 43078 24119 1.8144e+07  135  841 1.8902e+07 1.7803e+07  5.82%  2828 56494s
 43138 24139     cutoff  153      1.8902e+07 1.7803e+07  5.82%  2828 56554s
 43206 24138 1.7887e+07   97  981 1.8902e+07 1.7805e+07  5.81%  2831 56805s
 43243 24192 1.7939e+07  105  933 1.8902e+07 1.7805e+07  5.81%  2834 56863s
 43309 24234 1.8056e+07  117  907 1.8902e+07 1.7805e+07  5.81%  2836 56953s
 43401 24258     cutoff  137      1.8902e+07 1.7808e+07  5.79%  2838 57017s
 43462 24319 1.7919e+07   91  928 1.8902e+07 1.7808e+07  5.79%  2841 57121s
 43558 24375 1.8062e+07  103  954 1.8902e+07 1.7810e+07  5.78%  2839 57197s
 43669 24406 1.7864e+07   91 1028 1.8902e+07 1.7810e+07  5.78%  2841 57302s
 43755 24470 1.8572e+07  107  887 1.8902e+07 1.7810e+07  5.78%  2844 57405s
 43881 24497 1.7932e+07  100 1029 1.8902e+07 1.7810e+07  5.78%  2846 57497s
 43950 24588 1.8098e+07  120  788 1.8902e+07 1.7811e+07  5.77%  2848 57586s
 44080 24616 1.7895e+07   85  986 1.8902e+07 1.7811e+07  5.77%  2849 57695s
 44196 24678 1.8082e+07  103  848 1.8902e+07 1.7811e+07  5.77%  2851 57781s
 44306 24721 1.8640e+07  160  620 1.8902e+07 1.7812e+07  5.77%  2854 57973s
 44411 24769 1.8008e+07   94  792 1.8902e+07 1.7812e+07  5.77%  2855 58077s
 44524 24778 1.8250e+07  107  709 1.8902e+07 1.7812e+07  5.77%  2860 58310s
 44580 24886 1.8547e+07  107  696 1.8902e+07 1.7812e+07  5.77%  2861 58419s
 44742 24927 1.8859e+07  153  431 1.8902e+07 1.7815e+07  5.75%  2863 58544s
 44870 24988 1.8116e+07   98  898 1.8902e+07 1.7816e+07  5.75%  2867 58667s
 45033 25092 1.7870e+07   85  987 1.8902e+07 1.7816e+07  5.75%  2869 58793s
 45193 25134 1.8362e+07  131  809 1.8902e+07 1.7816e+07  5.75%  2870 59322s
 45305 25188 1.8849e+07  156  608 1.8902e+07 1.7817e+07  5.74%  2868 59455s
 45423 25328 1.8008e+07  100  887 1.8902e+07 1.7818e+07  5.74%  2874 59614s
 45656 25404 1.7945e+07   93  886 1.8902e+07 1.7819e+07  5.73%  2876 59772s
 45839 25460 1.7850e+07   88  960 1.8902e+07 1.7819e+07  5.73%  2881 59914s
 45968 25582 1.8059e+07  113  832 1.8902e+07 1.7821e+07  5.72%  2884 60067s
 46173 25666 1.8225e+07  106  787 1.8902e+07 1.7822e+07  5.72%  2888 60337s
 46355 25752 1.8109e+07   94  855 1.8902e+07 1.7822e+07  5.71%  2892 60517s
 46583 25819     cutoff  123      1.8902e+07 1.7824e+07  5.71%  2899 60694s
 46782 25961 1.8153e+07  112  822 1.8902e+07 1.7824e+07  5.70%  2906 60895s
 47030 26045 1.8577e+07  129  637 1.8902e+07 1.7826e+07  5.70%  2909 61107s
 47266 26183 1.7917e+07   93  940 1.8902e+07 1.7827e+07  5.69%  2915 61314s
 47544 26300 1.7904e+07   90  957 1.8902e+07 1.7828e+07  5.68%  2920 61528s
 47810 26463 1.8117e+07  100  821 1.8902e+07 1.7830e+07  5.67%  2927 61771s
 48091 26667 1.7975e+07  109  764 1.8902e+07 1.7830e+07  5.67%  2929 62166s
 48421 26828 1.8766e+07  152  425 1.8902e+07 1.7831e+07  5.67%  2932 62425s
 48785 26949 1.8801e+07  150  566 1.8902e+07 1.7832e+07  5.67%  2933 62688s
 49130 27102     cutoff  127      1.8902e+07 1.7833e+07  5.66%  2940 62955s
 49463 27303 1.8149e+07   94  881 1.8902e+07 1.7836e+07  5.64%  2946 63260s
 49859 27669 1.7873e+07   99  943 1.8902e+07 1.7837e+07  5.64%  2952 63567s
 50498 27893 1.8641e+07  158  473 1.8902e+07 1.7838e+07  5.63%  2950 63869s
 51046 28003 1.7963e+07   94  986 1.8902e+07 1.7839e+07  5.63%  2955 64431s
 51366 28424 1.8739e+07  103  714 1.8902e+07 1.7839e+07  5.63%  2959 64768s
 52051 28648 1.8407e+07  112  831 1.8902e+07 1.7841e+07  5.61%  2960 65123s
 52602 28765 1.8549e+07  154  670 1.8902e+07 1.7844e+07  5.60%  2969 65409s
 52686 28737 1.8747e+07  104  815 1.8902e+07 1.7844e+07  5.60%  2972 65410s
 53002 29054 1.8336e+07  104  735 1.8902e+07 1.7845e+07  5.59%  2978 65702s
 53547 29161     cutoff  122      1.8902e+07 1.7847e+07  5.59%  2980 65978s
 53919 29485 1.8190e+07  103  849 1.8902e+07 1.7849e+07  5.57%  2987 66239s
 54467 29632 1.8127e+07  112  775 1.8902e+07 1.7850e+07  5.57%  2988 66501s
 54872 29841 1.7918e+07   87  928 1.8902e+07 1.7852e+07  5.56%  2993 66752s
 55308 29986 1.8155e+07   95  930 1.8902e+07 1.7853e+07  5.55%  2996 67021s
 55677 30235 1.8521e+07   97  728 1.8902e+07 1.7854e+07  5.55%  3003 67299s
 56129 30350 1.7899e+07   89  993 1.8902e+07 1.7854e+07  5.54%  3006 67558s
 56466 30574 1.8088e+07   86  859 1.8902e+07 1.7855e+07  5.54%  3015 67815s
 56891 30929 1.8323e+07  114  807 1.8902e+07 1.7856e+07  5.54%  3020 68100s
 57512 31040 1.8531e+07  131  860 1.8902e+07 1.7857e+07  5.53%  3017 68349s
 57873 31514 1.8123e+07  126  686 1.8902e+07 1.7857e+07  5.53%  3024 68604s
 58600 31539 1.8804e+07  116  723 1.8902e+07 1.7858e+07  5.52%  3015 68839s
 58907 31930 1.8462e+07  130  574 1.8902e+07 1.7858e+07  5.52%  3024 69093s
 59504 32033     cutoff  153      1.8902e+07 1.7859e+07  5.52%  3021 69325s
 59867 32168 1.8155e+07   94  932 1.8902e+07 1.7860e+07  5.52%  3025 69558s
 60200 32275 1.8607e+07  137  542 1.8902e+07 1.7860e+07  5.51%  3032 69791s
 60506 32572 1.8335e+07   99  803 1.8902e+07 1.7861e+07  5.51%  3040 70032s
 60987 32682 1.8064e+07   99  941 1.8902e+07 1.7861e+07  5.51%  3041 70267s
 61317 32923 1.8087e+07   92  938 1.8902e+07 1.7862e+07  5.50%  3047 70505s
 61736 33019 1.8465e+07  100  761 1.8902e+07 1.7863e+07  5.50%  3051 70741s
 62018 33234 1.8155e+07  108  780 1.8902e+07 1.7863e+07  5.50%  3060 70984s
 62409 33498 1.8734e+07  141  433 1.8902e+07 1.7863e+07  5.50%  3060 71302s
 62932 33639 1.7913e+07   89  921 1.8902e+07 1.7865e+07  5.49%  3064 71548s
 63306 33852 1.8654e+07  145  680 1.8902e+07 1.7865e+07  5.49%  3068 71809s
 63720 33983 1.8664e+07  148  646 1.8902e+07 1.7865e+07  5.49%  3067 72065s
 64117 34188 1.7953e+07   94  937 1.8902e+07 1.7866e+07  5.48%  3073 72364s
 64513 34418 1.8636e+07  106  776 1.8902e+07 1.7867e+07  5.48%  3080 72639s
 64968 34527 1.8162e+07   89  912 1.8902e+07 1.7867e+07  5.48%  3084 72905s
 65303 34812 1.8468e+07  105  745 1.8902e+07 1.7867e+07  5.48%  3093 73173s
 65797 34854 1.8489e+07  115  650 1.8902e+07 1.7868e+07  5.47%  3096 74043s
 66055 34885 1.8459e+07  110  658 1.8902e+07 1.7869e+07  5.47%  3102 74333s
 66212 35243     cutoff  138      1.8902e+07 1.7869e+07  5.47%  3102 74636s
 66716 35453 1.8604e+07  128  804 1.8902e+07 1.7869e+07  5.47%  3106 74937s
 67190 35633 1.8058e+07   90  920 1.8902e+07 1.7871e+07  5.46%  3111 75234s
 67625 35859 1.8507e+07   98  748 1.8902e+07 1.7871e+07  5.45%  3118 75531s
 68078 35976 1.8378e+07  125  801 1.8902e+07 1.7873e+07  5.45%  3123 75831s
 68422 36318 1.7913e+07   97  872 1.8902e+07 1.7873e+07  5.45%  3131 76137s
 69012 36513 1.8704e+07  126  673 1.8902e+07 1.7873e+07  5.44%  3134 76434s
 69491 36712 1.8101e+07   98  836 1.8902e+07 1.7874e+07  5.44%  3138 76726s
 69948 36909 1.8088e+07   98  895 1.8902e+07 1.7874e+07  5.44%  3143 77045s
 70385 37038 1.7943e+07   93  913 1.8902e+07 1.7875e+07  5.44%  3149 77400s
 70769 37168 1.8638e+07  102  829 1.8902e+07 1.7875e+07  5.43%  3157 77743s
 71147 37294     cutoff  122      1.8902e+07 1.7876e+07  5.43%  3163 78061s
 71520 37541 1.8717e+07  128  664 1.8902e+07 1.7877e+07  5.43%  3171 78365s
 71997 37864 1.7958e+07   93  896 1.8902e+07 1.7878e+07  5.42%  3175 78705s
 72627 38011 1.8676e+07  127  629 1.8902e+07 1.7878e+07  5.42%  3174 79020s
 73073 38091 1.8816e+07  164  650 1.8902e+07 1.7878e+07  5.42%  3179 79444s
 73355 38417 1.8824e+07  165  675 1.8902e+07 1.7879e+07  5.42%  3182 79822s
 73894 38781 1.8662e+07   97  857 1.8902e+07 1.7880e+07  5.41%  3187 80164s
 74525 38973 1.8131e+07  102  843 1.8902e+07 1.7880e+07  5.41%  3189 80481s
 75043 39162 1.8030e+07  100  950 1.8902e+07 1.7881e+07  5.41%  3191 80783s
 75491 39265 1.7955e+07   92  868 1.8902e+07 1.7881e+07  5.40%  3193 81069s
 75770 39662 1.8134e+07  108  783 1.8902e+07 1.7881e+07  5.40%  3197 81371s
 76380 39758 1.8032e+07   97 1020 1.8902e+07 1.7882e+07  5.40%  3196 81655s
 76720 40162 1.8239e+07  100  831 1.8902e+07 1.7883e+07  5.40%  3202 81965s
 77356 40266 1.8746e+07  103  858 1.8902e+07 1.7883e+07  5.39%  3199 82242s
 77741 40483 1.8740e+07  143  389 1.8902e+07 1.7883e+07  5.39%  3204 82532s
 78182 40659     cutoff  129      1.8902e+07 1.7884e+07  5.39%  3207 82830s
 78581 40754 1.8023e+07  110  863 1.8902e+07 1.7884e+07  5.39%  3212 83930s
 78857 40724     cutoff  165      1.8902e+07 1.7884e+07  5.39%  3214 84304s
 78948 41096 1.7927e+07   92  921 1.8902e+07 1.7885e+07  5.39%  3216 84629s
 79455 41346 1.8230e+07  130  818 1.8902e+07 1.7885e+07  5.38%  3218 84959s
 79981 41563 1.7923e+07  106  946 1.8902e+07 1.7885e+07  5.38%  3221 85280s
 80452 41723 1.8754e+07  132  718 1.8902e+07 1.7886e+07  5.38%  3224 85587s
 80825 41791 1.8696e+07  127  561 1.8902e+07 1.7886e+07  5.38%  3231 85894s
 81206 42064 1.8310e+07  119  892 1.8902e+07 1.7887e+07  5.37%  3238 86208s
 81763 42144 1.8026e+07   98  827 1.8902e+07 1.7887e+07  5.37%  3237 86398s

Cutting planes:
  Gomory: 71
  Cover: 95
  Implied bound: 1559
  Projected implied bound: 93
  Clique: 3
  MIR: 1575
  Flow cover: 4745
  Inf proof: 8
  Zero half: 98
  RLT: 414
  Relax-and-lift: 1157

Explored 82109 nodes (270156138 simplex iterations) in 86398.68 seconds (159713.54 work units)
Thread count was 4 (of 128 available processors)

Solution count 10: 1.89025e+07 1.891e+07 1.89286e+07 ... 1.9047e+07

Time limit reached
Best objective 1.890248600000e+07, best bound 1.788724947477e+07, gap 5.3709%

Solving took 	23:59:58.685
####################################################################################################
####################################################################################################
####################################################################################################
Reached timelimit, but could find a feasible solution
####################################################################################################
Description                          Value
----------------------------  ------------
Objective (min)               18,902,486.0
Cost sailing                   5,959,246.0
Cost port visits              13,623,426.0
Cost transshipment (demands)     328,966.0
Cost transshipment (empties)      96,646.0
Penalty delayed demands          563,173.0
Revenue Empties                1,767,951.0
Penalty rejected demands          98,980.0
Rejected demands (%)                  0.33
Omitted ports (%)                      0.0
Gap (%)                               5.37
####################################################################################################
Export solution
####################################################################################################
Overall time 	1-00:00:01.027

real	1440m2.594s
user	4955m9.822s
sys	1m18.935s
finished at Fri Mar 17 14:58:15 CET 2023
