cpu-bind=MASK - n2lcn0125, task  0  0 [3857149]: mask |--------|--------||--------|--------||--------|--------||--------|--------||||----BBBB|--------||--------|--------||--------|--------||--------|--------|  set
started at Thu Mar 16 14:58:12 CET 2023
Timecheck 9936649.777306704
Set parameter TokenServer to value "license3.uni-paderborn.de"
Warning: Gurobi version mismatch between Python 10.0.1 and C library 10.0.0
Timecheck 9936649.783389792
Timecheck 9936649.783603283
Timecheck 9936649.783635901
Timecheck 9936649.783656161


####################################################################################################
Solve scenario sce_5_26_2 with free vessel operation using the arc flow model
Vessels cannot omit ports, Demands can be rejected
####################################################################################################
Data preprocessing, load /upb/departments/pc2/groups/hpc-prf-winf4/dwetzel/SILSRP/inst_final/sce_5_26_2
and create additional sets and parameters
	|- Read vessel information, number of vessels:	13
	|- Read node information, number of nodes:		739
	|- Read arc information
		|- Number of sailing arcs:			6502
		|- Number of transshipment arcs:	1076
	|- Read container information
		|- Number of demands:		3814
		|- Number of empties (+/-):	373/339
	|- Create additional sets and parameters

Data preprocessing took 	00:00:04.799
####################################################################################################
Create linear model
Set parameter Threads to value 4
	|- Create variables, took	00:00:11.818
	|- Create objective, took	00:00:07.470
	|- Create constraints, took	00:00:26.435
	|- Load CVO start

Creating model took	00:00:45.735
####################################################################################################
Fix start solution

Set parameter TimeLimit to value 8.6353494121676311e+04
Gurobi Optimizer version 10.0.0 build v10.0.0rc2 (linux64)

CPU model: AMD EPYC 7763 64-Core Processor, instruction set [SSE2|AVX|AVX2]
Thread count: 128 physical cores, 128 logical processors, using up to 4 threads

Optimize a model with 336508 rows, 2544171 columns and 8055675 nonzeros
Model fingerprint: 0x17658fbf
Variable types: 2455106 continuous, 89065 integer (89065 binary)
Coefficient statistics:
  Matrix range     [1e+00, 5e+05]
  Objective range  [1e+00, 1e+00]
  Bounds range     [1e+00, 7e+02]
  RHS range        [1e+00, 9e+07]
Presolve removed 286998 rows and 2431770 columns (presolve time = 5s) ...
Presolve removed 303138 rows and 2464365 columns
Presolve time: 9.45s
Presolved: 33370 rows, 79806 columns, 242028 nonzeros
Variable types: 76297 continuous, 3509 integer (3505 binary)
Deterministic concurrent LP optimizer: primal and dual simplex
Showing first log only...


Root simplex log...

Iteration    Objective       Primal Inf.    Dual Inf.      Time
       0    1.2851424e+08   2.661250e+02   2.275689e+07     11s
   43505    8.2789612e+07   0.000000e+00   1.180793e+07     11s
Concurrent spin time: 0.10s

Solved with dual simplex

Root simplex log...

Iteration    Objective       Primal Inf.    Dual Inf.      Time
   11411    5.0944399e+07   0.000000e+00   0.000000e+00     11s

Root relaxation: objective 5.094440e+07, 11411 iterations, 0.61 seconds (0.44 work units)

    Nodes    |    Current Node    |     Objective Bounds      |     Work
 Expl Unexpl |  Obj  Depth IntInf | Incumbent    BestBd   Gap | It/Node Time

*    0     0               0    5.094440e+07 5.0944e+07  0.00%     -   11s

Explored 1 nodes (11411 simplex iterations) in 11.36 seconds (6.39 work units)
Thread count was 4 (of 128 available processors)

Solution count 1: 5.09444e+07 

Optimal solution found (tolerance 1.00e-04)
Best objective 5.094439900000e+07, best bound 5.094439900000e+07, gap 0.0000%

Fixing start solution took	00:00:57.991
####################################################################################################
####################################################################################################
Solve optimization model

Set parameter TimeLimit to value 8.6342008928745985e+04
Gurobi Optimizer version 10.0.0 build v10.0.0rc2 (linux64)

CPU model: AMD EPYC 7763 64-Core Processor, instruction set [SSE2|AVX|AVX2]
Thread count: 128 physical cores, 128 logical processors, using up to 4 threads

Optimize a model with 335770 rows, 2544171 columns and 8054937 nonzeros
Model fingerprint: 0x49986a94
Variable types: 2455106 continuous, 89065 integer (89065 binary)
Coefficient statistics:
  Matrix range     [1e+00, 5e+05]
  Objective range  [1e+00, 1e+00]
  Bounds range     [1e+00, 7e+02]
  RHS range        [1e+00, 9e+07]

Loaded MIP start from previous solve with objective 5.09444e+07

Presolve removed 15682 rows and 26012 columns (presolve time = 5s) ...
Presolve removed 17807 rows and 36618 columns (presolve time = 10s) ...
Presolve removed 17989 rows and 38012 columns (presolve time = 15s) ...
Presolve removed 17989 rows and 38029 columns (presolve time = 20s) ...
Presolve removed 18860 rows and 48069 columns (presolve time = 25s) ...
Presolve removed 19347 rows and 55838 columns (presolve time = 30s) ...
Presolve removed 19347 rows and 55838 columns (presolve time = 35s) ...
Presolve removed 20313 rows and 65153 columns (presolve time = 40s) ...
Presolve removed 20313 rows and 65153 columns (presolve time = 45s) ...
Presolve removed 20313 rows and 65153 columns (presolve time = 51s) ...
Presolve removed 20815 rows and 65268 columns
Presolve time: 52.71s
Presolved: 314955 rows, 2478903 columns, 7203125 nonzeros
Variable types: 2396810 continuous, 82093 integer (82092 binary)
Deterministic concurrent LP optimizer: primal simplex, dual simplex, and barrier
Showing barrier log only...

Root barrier log...

Elapsed ordering time = 5s
Elapsed ordering time = 10s
Elapsed ordering time = 15s
Elapsed ordering time = 20s
Elapsed ordering time = 25s
Elapsed ordering time = 30s
Elapsed ordering time = 35s
Elapsed ordering time = 40s
Elapsed ordering time = 45s
Elapsed ordering time = 50s
Elapsed ordering time = 55s
Elapsed ordering time = 60s
Elapsed ordering time = 65s
Elapsed ordering time = 70s
Elapsed ordering time = 75s
Elapsed ordering time = 80s
Elapsed ordering time = 85s
Elapsed ordering time = 90s
Elapsed ordering time = 95s
Elapsed ordering time = 100s
Elapsed ordering time = 105s
Elapsed ordering time = 110s
Elapsed ordering time = 115s
Elapsed ordering time = 120s
Ordering time: 124.10s

Barrier statistics:
 AA' NZ     : 6.821e+06
 Factor NZ  : 2.004e+08 (roughly 3.0 GB of memory)
 Factor Ops : 4.875e+11 (roughly 8 seconds per iteration)
 Threads    : 2

                  Objective                Residual
Iter       Primal          Dual         Primal    Dual     Compl     Time
   0   1.36742629e+16 -5.50276895e+14  6.43e+09 5.36e+03  2.62e+12   205s
   1   1.88265165e+15 -1.29490078e+14  8.56e+08 5.35e+03  3.64e+11   216s
   2   2.09992460e+14 -3.92735908e+13  9.29e+07 2.12e-09  4.08e+10   228s
   3   2.46570759e+13 -1.27979001e+13  1.09e+07 1.85e-09  4.82e+09   240s
   4   3.24998530e+12 -4.69191583e+12  1.43e+06 1.70e-09  6.42e+08   253s
   5   4.12804223e+11 -2.01005580e+12  1.81e+05 2.85e-09  8.25e+07   266s
   6   4.59604472e+10 -1.34198992e+12  2.01e+04 2.39e-09  9.42e+06   280s
   7   4.24742479e+09 -9.66957744e+11  1.71e+03 2.85e-09  9.52e+05   295s
   8   6.73460101e+08 -5.20509965e+11  1.78e+02 2.68e-09  1.73e+05   310s
   9   4.01904047e+08 -2.48713650e+11  7.85e+01 1.12e-08  7.65e+04   325s
  10   1.95623385e+08 -1.07235252e+11  2.22e+01 2.14e-08  2.89e+04   341s
  11   1.28439786e+08 -3.68170352e+10  6.53e+00 3.49e-08  9.45e+03   357s
  12   9.77169031e+07 -1.13894444e+10  1.21e+00 4.45e-08  2.61e+03   372s
  13   8.70568109e+07 -4.10368805e+09  4.24e-01 1.89e-08  8.96e+02   386s
  14   7.66855551e+07 -2.24038479e+09  1.10e-01 1.19e-08  4.75e+02   400s
  15   7.20241922e+07 -1.00106961e+09  7.10e-02 2.48e-08  2.19e+02   413s
  16   6.15272974e+07 -5.01351840e+08  2.36e-02 1.42e-08  1.14e+02   426s
  17   5.67312797e+07 -2.79260122e+08  1.62e-02 1.01e-08  6.81e+01   437s
  18   5.42472606e+07 -2.08853382e+08  1.29e-02 9.18e-09  5.33e+01   449s
  19   5.19196280e+07 -1.43792634e+08  1.02e-02 8.15e-09  3.96e+01   460s
  20   4.99653527e+07 -1.05414285e+08  8.27e-03 7.13e-09  3.15e+01   471s
  21   4.74301680e+07 -7.05600463e+07  6.11e-03 1.14e-08  2.39e+01   484s
  22   4.46831359e+07 -5.10633594e+07  3.92e-03 1.22e-08  1.94e+01   496s
  23   4.27055383e+07 -3.55950287e+07  2.72e-03 1.56e-08  1.58e+01   509s
  24   4.15483657e+07 -2.33704538e+07  2.21e-03 1.73e-08  1.31e+01   523s
  25   4.05604672e+07 -1.23588417e+07  1.81e-03 1.58e-08  1.07e+01   537s
  26   3.92614058e+07 -1.42717963e+05  1.42e-03 1.46e-08  7.96e+00   552s
  27   3.77916207e+07  8.20834849e+06  1.02e-03 1.32e-08  5.98e+00   569s
  28   3.68648253e+07  1.40313694e+07  8.11e-04 1.31e-08  4.61e+00   586s
  29   3.62300489e+07  1.77919423e+07  6.82e-04 1.47e-08  3.73e+00   603s
  30   3.53375058e+07  2.07301098e+07  5.19e-04 1.64e-08  2.95e+00   618s
  31   3.46589054e+07  2.39035946e+07  4.11e-04 1.45e-08  2.17e+00   633s
  32   3.39922309e+07  2.53905907e+07  3.16e-04 1.62e-08  1.74e+00   647s
  33   3.36587409e+07  2.66002755e+07  2.71e-04 1.76e-08  1.43e+00   661s
  34   3.31875854e+07  2.74166531e+07  2.11e-04 4.82e-08  1.17e+00   675s
  35   3.28026012e+07  2.83667074e+07  1.65e-04 1.71e-08  8.97e-01   688s
  36   3.24960270e+07  2.89287365e+07  1.30e-04 4.51e-08  7.21e-01   702s
  37   3.23709347e+07  2.93642625e+07  1.16e-04 1.42e-08  6.08e-01   714s
  38   3.21199042e+07  2.96476730e+07  8.98e-05 6.52e-08  5.00e-01   728s
  39   3.19650596e+07  2.99358697e+07  7.40e-05 8.61e-08  4.10e-01   741s
  40   3.18473262e+07  3.02077947e+07  6.22e-05 8.31e-08  3.31e-01   754s
  41   3.17119320e+07  3.04592866e+07  4.87e-05 9.75e-08  2.53e-01   768s
  42   3.16641387e+07  3.05884909e+07  4.41e-05 1.14e-07  2.18e-01   782s
  43   3.15147398e+07  3.08139011e+07  3.00e-05 5.41e-08  1.42e-01   796s
  44   3.14391264e+07  3.09086487e+07  2.26e-05 2.98e-08  1.07e-01   809s
  45   3.13794492e+07  3.10402203e+07  1.69e-05 4.11e-08  6.87e-02   823s
  46   3.13180774e+07  3.10835135e+07  1.13e-05 5.95e-08  4.75e-02   838s
  47   3.12762755e+07  3.11162451e+07  7.50e-06 5.72e-08  3.24e-02   850s
  48   3.12355002e+07  3.11423365e+07  3.80e-06 3.39e-08  1.89e-02   864s
  49   3.12108545e+07  3.11550114e+07  1.60e-06 5.47e-08  1.13e-02   878s
  50   3.11995457e+07  3.11790397e+07  1.17e-06 3.31e-08  4.15e-03   895s
  51   3.11942737e+07  3.11878673e+07  4.03e-07 7.05e-08  1.30e-03   908s
  52   3.11923033e+07  3.11906451e+07  1.19e-07 2.15e-08  3.36e-04   923s
  53   3.11915621e+07  3.11911484e+07  2.59e-08 5.85e-08  8.39e-05   935s
  54   3.11913598e+07  3.11913057e+07  6.39e-08 3.18e-07  1.10e-05   951s
  55   3.11913384e+07  3.11913349e+07  6.04e-07 5.15e-06  7.05e-07   967s
  56   3.11913374e+07  3.11913365e+07  5.05e-07 5.77e-04  1.70e-07   980s
  57   3.11913365e+07  3.11913365e+07  4.56e-06 2.53e-04  2.29e-10   994s

Barrier solved model in 57 iterations and 993.80 seconds (887.93 work units)
Optimal objective 3.11913365e+07


Root crossover log...

  293881 DPushes remaining with DInf 0.0000000e+00               994s
   70191 DPushes remaining with DInf 0.0000000e+00               998s
    9326 DPushes remaining with DInf 0.0000000e+00              1000s
       0 DPushes remaining with DInf 3.8011829e-05              1004s

   10470 PPushes remaining with PInf 0.0000000e+00              1004s
    8853 PPushes remaining with PInf 0.0000000e+00              1006s
       0 PPushes remaining with PInf 0.0000000e+00              1007s

  Push phase complete: Pinf 0.0000000e+00, Dinf 1.0138639e-07   1007s


Root simplex log...

Iteration    Objective       Primal Inf.    Dual Inf.      Time
  300817    3.1191337e+07   0.000000e+00   0.000000e+00   1007s
Waiting for other threads to finish...        1071s
Waiting for other threads to finish...        1135s
Waiting for other threads to finish...        1198s
Waiting for other threads to finish...        1262s
Concurrent spin time: 302.79s (can be avoided by choosing Method=3)

Solved with barrier
  300817    3.1191337e+07   0.000000e+00   0.000000e+00   1311s

Root relaxation: objective 3.119134e+07, 300817 iterations, 1256.99 seconds (872.15 work units)
Total elapsed time = 1356.42s
Total elapsed time = 1375.03s
Total elapsed time = 1391.05s
Total elapsed time = 1406.96s

    Nodes    |    Current Node    |     Objective Bounds      |     Work
 Expl Unexpl |  Obj  Depth IntInf | Incumbent    BestBd   Gap | It/Node Time

     0     0 3.1191e+07    0 6474 5.0944e+07 3.1191e+07  38.8%     - 1421s
H    0     0                    5.089469e+07 3.1191e+07  38.7%     - 1433s
     0     0 3.1723e+07    0 6132 5.0895e+07 3.1723e+07  37.7%     - 27412s
     0     0 3.1723e+07    0 6173 5.0895e+07 3.1723e+07  37.7%     - 29888s
H    0     0                    5.087511e+07 3.1723e+07  37.6%     - 30439s
     0     0 3.1791e+07    0 6211 5.0875e+07 3.1791e+07  37.5%     - 43181s
     0     0 3.1804e+07    0 6064 5.0875e+07 3.1804e+07  37.5%     - 53074s
     0     0 3.1805e+07    0 6038 5.0875e+07 3.1805e+07  37.5%     - 57068s
     0     0 3.1805e+07    0 5966 5.0875e+07 3.1805e+07  37.5%     - 59431s
     0     0 3.1805e+07    0 6237 5.0875e+07 3.1805e+07  37.5%     - 62867s
     0     0          -    0      5.0875e+07 3.1805e+07  37.5%     - 86342s

Cutting planes:
  Gomory: 2
  Cover: 4
  Implied bound: 6797
  Clique: 1
  MIR: 280
  StrongCG: 1
  Flow cover: 3117
  Zero half: 1
  RLT: 98
  Relax-and-lift: 3461

Explored 1 nodes (1806762 simplex iterations) in 86342.19 seconds (74828.34 work units)
Thread count was 4 (of 128 available processors)

Solution count 2: 5.08751e+07 5.09444e+07 

Time limit reached
Best objective 5.087511400000e+07, best bound 3.180507602155e+07, gap 37.4840%

Solving took 	23:59:02.229
####################################################################################################
####################################################################################################
####################################################################################################
Reached timelimit, but could find a feasible solution
####################################################################################################
Description                          Value
----------------------------  ------------
Objective (min)               50,875,114.0
Cost sailing                  19,640,699.0
Cost port visits              20,363,096.0
Cost transshipment (demands)   7,215,625.0
Cost transshipment (empties)     742,342.0
Penalty delayed demands        6,408,457.0
Revenue Empties                3,590,025.0
Penalty rejected demands          94,920.0
Rejected demands (%)                  0.09
Omitted ports (%)                      0.0
Gap (%)                              37.48
####################################################################################################
Export solution
####################################################################################################
Overall time 	1-00:00:07.390

real	1440m9.089s
user	1484m40.109s
sys	0m55.602s
finished at Fri Mar 17 14:58:21 CET 2023
